

================================================================
== Synthesis Summary Report of 'bfs'
================================================================
+ General Information: 
    * Date:           Fri Apr  4 02:04:14 2025
    * Version:        2022.2.2 (Build 3779808 on Feb 17 2023)
    * Project:        hls_prj
    * Solution:       solution (Vivado IP Flow Target)
    * Product family: virtexuplus
    * Target device:  xcu55c-fsvh2892-2L-e
    

+ Performance & Resource Estimates: 
    
    PS: '+' for module; 'o' for loop; '*' for dataflow
    +---------------------------------+------+------+---------+-----------+----------+---------+------+----------+------+----+-----------+-----------+-----+
    |             Modules             | Issue|      | Latency |  Latency  | Iteration|         | Trip |          |      |    |           |           |     |
    |             & Loops             | Type | Slack| (cycles)|    (ns)   |  Latency | Interval| Count| Pipelined| BRAM | DSP|     FF    |    LUT    | URAM|
    +---------------------------------+------+------+---------+-----------+----------+---------+------+----------+------+----+-----------+-----------+-----+
    |+ bfs                            |     -|  1.07|   123137|  6.157e+05|         -|   123138|     -|        no|     -|   -|  349 (~0%)|  823 (~0%)|    -|
    | o loop_queue                    |     -|  3.65|   123136|  6.157e+05|       481|        -|   256|        no|     -|   -|          -|          -|    -|
    |  + bfs_Pipeline_loop_neighbors  |     -|  1.07|      477|  2.385e+03|         -|      477|     -|        no|     -|   -|  118 (~0%)|  400 (~0%)|    -|
    |   o loop_neighbors              |    II|  3.65|      475|  2.375e+03|         5|        3|   158|       yes|     -|   -|          -|          -|    -|
    +---------------------------------+------+------+---------+-----------+----------+---------+------+----------+------+----+-----------+-----------+-----+


================================================================
== HW Interfaces
================================================================
* AP_MEMORY
+-----------------------+----------+
| Interface             | Bitwidth |
+-----------------------+----------+
| edges_address0        | 12       |
| edges_q0              | 64       |
| level_address0        | 8        |
| level_counts_address0 | 4        |
| level_counts_d0       | 64       |
| level_counts_q0       | 64       |
| level_d0              | 8        |
| level_q0              | 8        |
| nodes_address0        | 8        |
| nodes_q0              | 128      |
+-----------------------+----------+

* Other Ports
+---------------+---------+----------+
| Interface     | Mode    | Bitwidth |
+---------------+---------+----------+
| starting_node | ap_none | 64       |
+---------------+---------+----------+

* TOP LEVEL CONTROL
+-----------+------------+-----------------------------------+
| Interface | Type       | Ports                             |
+-----------+------------+-----------------------------------+
| ap_clk    | clock      | ap_clk                            |
| ap_rst    | reset      | ap_rst                            |
| ap_ctrl   | ap_ctrl_hs | ap_done ap_idle ap_ready ap_start |
+-----------+------------+-----------------------------------+


================================================================
== SW I/O Information
================================================================
* Top Function Arguments
+---------------+-----------+--------------------+
| Argument      | Direction | Datatype           |
+---------------+-----------+--------------------+
| nodes         | in        | node_t_struct*     |
| edges         | in        | edge_t_struct*     |
| starting_node | in        | long unsigned int  |
| level         | inout     | signed char*       |
| level_counts  | inout     | long unsigned int* |
+---------------+-----------+--------------------+

* SW-to-HW Mapping
+---------------+-----------------------+---------+----------+
| Argument      | HW Interface          | HW Type | HW Usage |
+---------------+-----------------------+---------+----------+
| nodes         | nodes_address0        | port    | offset   |
| nodes         | nodes_ce0             | port    |          |
| nodes         | nodes_q0              | port    |          |
| edges         | edges_address0        | port    | offset   |
| edges         | edges_ce0             | port    |          |
| edges         | edges_q0              | port    |          |
| starting_node | starting_node         | port    |          |
| level         | level_address0        | port    | offset   |
| level         | level_ce0             | port    |          |
| level         | level_we0             | port    |          |
| level         | level_d0              | port    |          |
| level         | level_q0              | port    |          |
| level_counts  | level_counts_address0 | port    | offset   |
| level_counts  | level_counts_ce0      | port    |          |
| level_counts  | level_counts_we0      | port    |          |
| level_counts  | level_counts_d0       | port    |          |
| level_counts  | level_counts_q0       | port    |          |
+---------------+-----------------------+---------+----------+


================================================================
== Bind Op Report
================================================================
+--------------------------------+-----+--------+-------------+-----+--------+---------+
| Name                           | DSP | Pragma | Variable    | Op  | Impl   | Latency |
+--------------------------------+-----+--------+-------------+-----+--------+---------+
| + bfs                          | 0   |        |             |     |        |         |
|   dummy_2_fu_198_p2            | -   |        | dummy_2     | add | fabric | 0       |
|   add_ln33_fu_225_p2           | -   |        | add_ln33    | add | fabric | 0       |
|   q_out_1_fu_235_p2            | -   |        | q_out_1     | add | fabric | 0       |
|  + bfs_Pipeline_loop_neighbors | 0   |        |             |     |        |         |
|    i_2_fu_170_p2               | -   |        | i_2         | add | fabric | 0       |
|    tmp_level_1_fu_269_p2       | -   |        | tmp_level_1 | add | fabric | 0       |
|    level_counts_d0             | -   |        | add_ln47    | add | fabric | 0       |
|    add_ln48_fu_234_p2          | -   |        | add_ln48    | add | fabric | 0       |
|    q_in_fu_253_p2              | -   |        | q_in        | add | fabric | 0       |
|    e_4_fu_190_p2               | -   |        | e_4         | add | fabric | 0       |
+--------------------------------+-----+--------+-------------+-----+--------+---------+


================================================================
== Bind Storage Report
================================================================
+-----------+------+------+--------+----------+---------+------+---------+
| Name      | BRAM | URAM | Pragma | Variable | Storage | Impl | Latency |
+-----------+------+------+--------+----------+---------+------+---------+
| + bfs     | 0    | 0    |        |          |         |      |         |
|   queue_U | -    | -    |        | queue    | ram_1p  | auto | 1       |
+-----------+------+------+--------+----------+---------+------+---------+


================================================================
== Pragma Report
================================================================
  No pragmas found

