

================================================================
== Vitis HLS Report for 'aes256_encrypt_ecb_Pipeline_ecb1'
================================================================
* Date:           Fri Apr  4 01:45:04 2025

* Version:        2022.2.2 (Build 3779808 on Feb 17 2023)
* Project:        hls_prj
* Solution:       solution (Vivado IP Flow Target)
* Product family: virtexuplus
* Target device:  xcu55c-fsvh2892-2L-e


================================================================
== Performance Estimates
================================================================
+ Timing: 
    * Summary: 
    +--------+---------+----------+------------+
    |  Clock |  Target | Estimated| Uncertainty|
    +--------+---------+----------+------------+
    |ap_clk  |  5.00 ns|  2.518 ns|     1.35 ns|
    +--------+---------+----------+------------+

+ Latency: 
    * Summary: 
    +---------+---------+----------+----------+-----+-----+---------+
    |  Latency (cycles) |  Latency (absolute) |  Interval | Pipeline|
    |   min   |   max   |    min   |    max   | min | max |   Type  |
    +---------+---------+----------+----------+-----+-----+---------+
    |       34|       34|  0.170 us|  0.170 us|   34|   34|       no|
    +---------+---------+----------+----------+-----+-----+---------+

    + Detail: 
        * Instance: 
        N/A

        * Loop: 
        +----------+---------+---------+----------+-----------+-----------+------+----------+
        |          |  Latency (cycles) | Iteration|  Initiation Interval  | Trip |          |
        | Loop Name|   min   |   max   |  Latency |  achieved |   target  | Count| Pipelined|
        +----------+---------+---------+----------+-----------+-----------+------+----------+
        |- ecb1    |       32|       32|         2|          1|          1|    32|       yes|
        +----------+---------+---------+----------+-----------+-----------+------+----------+



================================================================
== Utilization Estimates
================================================================
* Summary: 
+---------------------+---------+------+---------+---------+-----+
|         Name        | BRAM_18K|  DSP |    FF   |   LUT   | URAM|
+---------------------+---------+------+---------+---------+-----+
|DSP                  |        -|     -|        -|        -|    -|
|Expression           |        -|     -|        0|    14848|    -|
|FIFO                 |        -|     -|        -|        -|    -|
|Instance             |        -|     -|        -|        -|    -|
|Memory               |        -|     -|        -|        -|    -|
|Multiplexer          |        -|     -|        -|       50|    -|
|Register             |        -|     -|       14|        -|    -|
+---------------------+---------+------+---------+---------+-----+
|Total                |        0|     0|       14|    14898|    0|
+---------------------+---------+------+---------+---------+-----+
|Available SLR        |     1344|  3008|   869120|   434560|  320|
+---------------------+---------+------+---------+---------+-----+
|Utilization SLR (%)  |        0|     0|       ~0|        3|    0|
+---------------------+---------+------+---------+---------+-----+
|Available            |     4032|  9024|  2607360|  1303680|  960|
+---------------------+---------+------+---------+---------+-----+
|Utilization (%)      |        0|     0|       ~0|        1|    0|
+---------------------+---------+------+---------+---------+-----+

+ Detail: 
    * Instance: 
    N/A

    * DSP: 
    N/A

    * Memory: 
    N/A

    * FIFO: 
    N/A

    * Expression: 
    +-----------------------+----------+----+---+------+------------+------------+
    |     Variable Name     | Operation| DSP| FF|  LUT | Bitwidth P0| Bitwidth P1|
    +-----------------------+----------+----+---+------+------------+------------+
    |add_ln139_fu_111_p2    |         +|   0|  0|    13|           6|           1|
    |and_ln140_1_fu_259_p2  |       and|   0|  0|   768|         768|         768|
    |and_ln140_2_fu_194_p2  |       and|   0|  0|   511|         512|         512|
    |and_ln140_3_fu_265_p2  |       and|   0|  0|   511|         512|         512|
    |and_ln140_fu_188_p2    |       and|   0|  0|   768|         768|         768|
    |icmp_ln139_fu_105_p2   |      icmp|   0|  0|    10|           6|           7|
    |or_ln140_2_fu_253_p2   |        or|   0|  0|   511|         512|         512|
    |or_ln140_3_fu_271_p2   |        or|   0|  0|   511|         512|         512|
    |or_ln140_fu_204_p2     |        or|   0|  0|   768|         768|         768|
    |shl_ln140_1_fu_162_p2  |       shl|   0|  0|  2171|         768|         768|
    |shl_ln140_2_fu_223_p2  |       shl|   0|  0|  2171|           8|         512|
    |shl_ln140_3_fu_233_p2  |       shl|   0|  0|  2171|         512|         512|
    |shl_ln140_fu_148_p2    |       shl|   0|  0|  2171|           8|         768|
    |ap_enable_pp0          |       xor|   0|  0|     2|           1|           2|
    |xor_ln140_1_fu_239_p2  |       xor|   0|  0|   512|         513|           2|
    |xor_ln140_2_fu_178_p2  |       xor|   0|  0|   511|         512|           2|
    |xor_ln140_fu_172_p2    |       xor|   0|  0|   768|         768|           2|
    +-----------------------+----------+----+---+------+------------+------------+
    |Total                  |          |   0|  0| 14848|        7454|        6928|
    +-----------------------+----------+----+---+------+------------+------------+

    * Multiplexer: 
    +-------------------------+----+-----------+-----+-----------+
    |           Name          | LUT| Input Size| Bits| Total Bits|
    +-------------------------+----+-----------+-----+-----------+
    |ap_done_int              |   9|          2|    1|          2|
    |ap_enable_reg_pp0_iter1  |   9|          2|    1|          2|
    |ap_sig_allocacmp_i_9     |   9|          2|    6|         12|
    |i_fu_68                  |   9|          2|    6|         12|
    |p_partset613_out_o       |  14|          3|  768|       2304|
    +-------------------------+----+-----------+-----+-----------+
    |Total                    |  50|         11|  782|       2332|
    +-------------------------+----+-----------+-----+-----------+

    * Register: 
    +-------------------------+---+----+-----+-----------+
    |           Name          | FF| LUT| Bits| Const Bits|
    +-------------------------+---+----+-----+-----------+
    |ap_CS_fsm                |  1|   0|    1|          0|
    |ap_done_reg              |  1|   0|    1|          0|
    |ap_enable_reg_pp0_iter1  |  1|   0|    1|          0|
    |i_fu_68                  |  6|   0|    6|          0|
    |trunc_ln140_reg_316      |  5|   0|    5|          0|
    +-------------------------+---+----+-----+-----------+
    |Total                    | 14|   0|   14|          0|
    +-------------------------+---+----+-----+-----------+



================================================================
== Interface
================================================================
* Summary: 
+---------------------------+-----+-----+------------+----------------------------------+--------------+
|         RTL Ports         | Dir | Bits|  Protocol  |           Source Object          |    C Type    |
+---------------------------+-----+-----+------------+----------------------------------+--------------+
|ap_clk                     |   in|    1|  ap_ctrl_hs|  aes256_encrypt_ecb_Pipeline_ecb1|  return value|
|ap_rst                     |   in|    1|  ap_ctrl_hs|  aes256_encrypt_ecb_Pipeline_ecb1|  return value|
|ap_start                   |   in|    1|  ap_ctrl_hs|  aes256_encrypt_ecb_Pipeline_ecb1|  return value|
|ap_done                    |  out|    1|  ap_ctrl_hs|  aes256_encrypt_ecb_Pipeline_ecb1|  return value|
|ap_idle                    |  out|    1|  ap_ctrl_hs|  aes256_encrypt_ecb_Pipeline_ecb1|  return value|
|ap_ready                   |  out|    1|  ap_ctrl_hs|  aes256_encrypt_ecb_Pipeline_ecb1|  return value|
|ctx_load                   |   in|  768|     ap_none|                          ctx_load|        scalar|
|k_address0                 |  out|    5|   ap_memory|                                 k|         array|
|k_ce0                      |  out|    1|   ap_memory|                                 k|         array|
|k_q0                       |   in|    8|   ap_memory|                                 k|         array|
|p_partset613_out_i         |   in|  768|     ap_ovld|                  p_partset613_out|       pointer|
|p_partset613_out_o         |  out|  768|     ap_ovld|                  p_partset613_out|       pointer|
|p_partset613_out_o_ap_vld  |  out|    1|     ap_ovld|                  p_partset613_out|       pointer|
+---------------------------+-----+-----+------------+----------------------------------+--------------+

