

================================================================
== Vitis HLS Report for 'aes256_encrypt_ecb'
================================================================
* Date:           Fri Apr  4 01:45:07 2025

* Version:        2022.2.2 (Build 3779808 on Feb 17 2023)
* Project:        hls_prj
* Solution:       solution (Vivado IP Flow Target)
* Product family: virtexuplus
* Target device:  xcu55c-fsvh2892-2L-e


================================================================
== Performance Estimates
================================================================
+ Timing: 
    * Summary: 
    +--------+---------+----------+------------+
    |  Clock |  Target | Estimated| Uncertainty|
    +--------+---------+----------+------------+
    |ap_clk  |  5.00 ns|  3.649 ns|     1.35 ns|
    +--------+---------+----------+------------+

+ Latency: 
    * Summary: 
    +---------+---------+----------+----------+-----+-----+---------+
    |  Latency (cycles) |  Latency (absolute) |  Interval | Pipeline|
    |   min   |   max   |    min   |    max   | min | max |   Type  |
    +---------+---------+----------+----------+-----+-----+---------+
    |        ?|        ?|         ?|         ?|    ?|    ?|       no|
    +---------+---------+----------+----------+-----+-----+---------+

    + Detail: 
        * Instance: 
        +-----------------------------------------------+------------------------------------+---------+---------+-----------+-----------+-----+-----+---------+
        |                                               |                                    |  Latency (cycles) |   Latency (absolute)  |  Interval | Pipeline|
        |                    Instance                   |               Module               |   min   |   max   |    min    |    max    | min | max |   Type  |
        +-----------------------------------------------+------------------------------------+---------+---------+-----------+-----------+-----+-----+---------+
        |grp_aes256_encrypt_ecb_Pipeline_ecb1_fu_353    |aes256_encrypt_ecb_Pipeline_ecb1    |       34|       34|   0.170 us|   0.170 us|   34|   34|       no|
        |grp_aes_expandEncKey_fu_362                    |aes_expandEncKey                    |        ?|        ?|          ?|          ?|    ?|    ?|       no|
        |grp_aes256_encrypt_ecb_Pipeline_cpkey_fu_372   |aes256_encrypt_ecb_Pipeline_cpkey   |       19|       19|  95.000 ns|  95.000 ns|   19|   19|       no|
        |grp_aes_subBytes_1_fu_380                      |aes_subBytes_1                      |        ?|        ?|          ?|          ?|    ?|    ?|       no|
        |grp_aes256_encrypt_ecb_Pipeline_addkey_fu_386  |aes256_encrypt_ecb_Pipeline_addkey  |       19|       19|  95.000 ns|  95.000 ns|   19|   19|       no|
        +-----------------------------------------------+------------------------------------+---------+---------+-----------+-----------+-----+-----+---------+

        * Loop: 
        +-----------+---------+---------+----------+-----------+-----------+------+----------+
        |           |  Latency (cycles) | Iteration|  Initiation Interval  | Trip |          |
        | Loop Name |   min   |   max   |  Latency |  achieved |   target  | Count| Pipelined|
        +-----------+---------+---------+----------+-----------+-----------+------+----------+
        |- ecb2     |        ?|        ?|         ?|          -|          -|     7|        no|
        |- ecb3     |        ?|        ?|         ?|          -|          -|    13|        no|
        | + mix     |       16|       16|         4|          -|          -|     4|        no|
        | + addkey  |       31|       31|         2|          -|          -|    16|        no|
        | + addkey  |       31|       31|         2|          -|          -|    16|        no|
        +-----------+---------+---------+----------+-----------+-----------+------+----------+



================================================================
== Utilization Estimates
================================================================
* Summary: 
+---------------------+---------+------+---------+---------+-----+
|         Name        | BRAM_18K|  DSP |    FF   |   LUT   | URAM|
+---------------------+---------+------+---------+---------+-----+
|DSP                  |        -|     -|        -|        -|    -|
|Expression           |        -|     -|        0|     4633|    -|
|FIFO                 |        -|     -|        -|        -|    -|
|Instance             |        -|     -|    21976|   208181|    -|
|Memory               |        -|     -|        -|        -|    -|
|Multiplexer          |        -|     -|        -|      678|    -|
|Register             |        -|     -|     4843|        -|    -|
+---------------------+---------+------+---------+---------+-----+
|Total                |        0|     0|    26819|   213492|    0|
+---------------------+---------+------+---------+---------+-----+
|Available SLR        |     1344|  3008|   869120|   434560|  320|
+---------------------+---------+------+---------+---------+-----+
|Utilization SLR (%)  |        0|     0|        3|       49|    0|
+---------------------+---------+------+---------+---------+-----+
|Available            |     4032|  9024|  2607360|  1303680|  960|
+---------------------+---------+------+---------+---------+-----+
|Utilization (%)      |        0|     0|        1|       16|    0|
+---------------------+---------+------+---------+---------+-----+

+ Detail: 
    * Instance: 
    +-----------------------------------------------+------------------------------------+---------+----+-------+--------+-----+
    |                    Instance                   |               Module               | BRAM_18K| DSP|   FF  |   LUT  | URAM|
    +-----------------------------------------------+------------------------------------+---------+----+-------+--------+-----+
    |grp_aes256_encrypt_ecb_Pipeline_addkey_fu_386  |aes256_encrypt_ecb_Pipeline_addkey  |        0|   0|     16|    2238|    0|
    |grp_aes256_encrypt_ecb_Pipeline_cpkey_fu_372   |aes256_encrypt_ecb_Pipeline_cpkey   |        0|   0|   1558|    9863|    0|
    |grp_aes256_encrypt_ecb_Pipeline_ecb1_fu_353    |aes256_encrypt_ecb_Pipeline_ecb1    |        0|   0|     14|   14898|    0|
    |grp_aes_expandEncKey_fu_362                    |aes_expandEncKey                    |        0|   0|  20291|  180749|    0|
    |grp_aes_subBytes_1_fu_380                      |aes_subBytes_1                      |        0|   0|     97|     433|    0|
    +-----------------------------------------------+------------------------------------+---------+----+-------+--------+-----+
    |Total                                          |                                    |        0|   0|  21976|  208181|    0|
    +-----------------------------------------------+------------------------------------+---------+----+-------+--------+-----+

    * DSP: 
    N/A

    * Memory: 
    N/A

    * FIFO: 
    N/A

    * Expression: 
    +----------------------------------+----------+----+---+------+------------+------------+
    |           Variable Name          | Operation| DSP| FF|  LUT | Bitwidth P0| Bitwidth P1|
    +----------------------------------+----------+----+---+------+------------+------------+
    |add_ln100_fu_587_p2               |         +|   0|  0|    12|           5|           3|
    |add_ln142_fu_510_p2               |         +|   0|  0|    10|           3|           2|
    |add_ln71_1_fu_813_p2              |         +|   0|  0|    12|           4|           2|
    |add_ln71_fu_878_p2                |         +|   0|  0|    12|           4|           2|
    |i_23_fu_863_p2                    |         +|   0|  0|    12|           4|           1|
    |icmp_ln142_fu_500_p2              |      icmp|   0|  0|     8|           3|           1|
    |icmp_ln148_fu_553_p2              |      icmp|   0|  0|     9|           4|           3|
    |icmp_ln71_1_fu_848_p2             |      icmp|   0|  0|     9|           4|           1|
    |icmp_ln71_fu_918_p2               |      icmp|   0|  0|     9|           4|           1|
    |lshr_ln71_1_fu_831_p2             |      lshr|   0|  0|  2171|         768|         768|
    |lshr_ln71_fu_901_p2               |      lshr|   0|  0|  2171|         768|         768|
    |ap_block_state30_on_subcall_done  |        or|   0|  0|     2|           1|           1|
    |or_ln102_1_fu_596_p2              |        or|   0|  0|     4|           4|           2|
    |or_ln102_2_fu_606_p2              |        or|   0|  0|     4|           4|           2|
    |or_ln102_fu_576_p2                |        or|   0|  0|     4|           4|           1|
    |select_ln55_1_fu_701_p3           |    select|   0|  0|     8|           1|           8|
    |select_ln55_2_fu_748_p3           |    select|   0|  0|     8|           1|           8|
    |select_ln55_3_fu_794_p3           |    select|   0|  0|     8|           1|           8|
    |select_ln55_fu_654_p3             |    select|   0|  0|     8|           1|           8|
    |e_fu_628_p2                       |       xor|   0|  0|     8|           8|           8|
    |xor_ln103_1_fu_622_p2             |       xor|   0|  0|     8|           8|           8|
    |xor_ln103_fu_616_p2               |       xor|   0|  0|     8|           8|           8|
    |xor_ln104_1_fu_668_p2             |       xor|   0|  0|     8|           8|           8|
    |xor_ln104_2_fu_675_p2             |       xor|   0|  0|     8|           8|           8|
    |xor_ln104_3_fu_709_p2             |       xor|   0|  0|     8|           8|           8|
    |xor_ln104_4_fu_715_p2             |       xor|   0|  0|     8|           8|           8|
    |xor_ln104_fu_662_p2               |       xor|   0|  0|     8|           8|           8|
    |xor_ln105_1_fu_762_p2             |       xor|   0|  0|     8|           8|           8|
    |xor_ln105_2_fu_722_p2             |       xor|   0|  0|     8|           8|           8|
    |xor_ln105_3_fu_802_p2             |       xor|   0|  0|     8|           8|           8|
    |xor_ln105_4_fu_768_p2             |       xor|   0|  0|     8|           8|           8|
    |xor_ln105_fu_756_p2               |       xor|   0|  0|     8|           8|           8|
    |xor_ln55_1_fu_695_p2              |       xor|   0|  0|     8|           8|           5|
    |xor_ln55_2_fu_742_p2              |       xor|   0|  0|     8|           8|           5|
    |xor_ln55_3_fu_788_p2              |       xor|   0|  0|     8|           8|           5|
    |xor_ln55_fu_648_p2                |       xor|   0|  0|     8|           8|           5|
    |xor_ln71_1_fu_841_p2              |       xor|   0|  0|     8|           8|           8|
    |xor_ln71_fu_911_p2                |       xor|   0|  0|     8|           8|           8|
    +----------------------------------+----------+----+---+------+------------+------------+
    |Total                             |          |   0|  0|  4633|        1740|        1730|
    +----------------------------------+----------+----+---+------+------------+------------+

    * Multiplexer: 
    +-------------------------------------+-----+-----------+-----+-----------+
    |                 Name                | LUT | Input Size| Bits| Total Bits|
    +-------------------------------------+-----+-----------+-----+-----------+
    |ap_NS_fsm                            |  197|         45|    1|         45|
    |buf_r_address0                       |   65|         16|    4|         64|
    |buf_r_address1                       |   65|         15|    4|         60|
    |buf_r_ce0                            |   26|          5|    1|          5|
    |buf_r_ce1                            |   20|          4|    1|          4|
    |buf_r_d0                             |   65|         12|    8|         96|
    |buf_r_d1                             |   59|         11|    8|         88|
    |buf_r_we0                            |   26|          5|    1|          5|
    |ctx7_fu_132                          |    9|          2|  768|       1536|
    |ctx_o                                |   14|          3|  768|       2304|
    |empty_24_fu_144                      |    9|          2|  768|       1536|
    |grp_aes_expandEncKey_fu_362_k_idx    |   14|          3|   10|         30|
    |grp_aes_expandEncKey_fu_362_p_read   |   14|          3|  768|       2304|
    |grp_aes_expandEncKey_fu_362_rc_read  |   14|          3|    8|         24|
    |i_11_fu_140                          |    9|          2|    4|          8|
    |i_15_reg_318                         |    9|          2|    5|         10|
    |i_16_reg_329                         |    9|          2|    4|          8|
    |i_17_reg_341                         |    9|          2|    4|          8|
    |i_7_fu_124                           |    9|          2|    3|          6|
    |rcon_1_fu_148                        |    9|          2|    8|         16|
    |rcon_2_fu_128                        |    9|          2|    8|         16|
    |reg_433                              |    9|          2|    8|         16|
    |reg_440                              |    9|          2|    8|         16|
    +-------------------------------------+-----+-----------+-----+-----------+
    |Total                                |  678|        147| 3170|       8205|
    +-------------------------------------+-----+-----------+-----+-----------+

    * Register: 
    +------------------------------------------------------------+-----+----+-----+-----------+
    |                            Name                            |  FF | LUT| Bits| Const Bits|
    +------------------------------------------------------------+-----+----+-----+-----------+
    |add_ln100_reg_1063                                          |    5|   0|    5|          0|
    |add_ln71_1_reg_1103                                         |    4|   0|    4|          0|
    |add_ln71_reg_1117                                           |    4|   0|    4|          0|
    |ap_CS_fsm                                                   |   44|   0|   44|          0|
    |buf_r_addr_12_reg_1047                                      |    4|   0|    4|          0|
    |buf_r_addr_13_reg_1058                                      |    3|   0|    4|          1|
    |buf_r_addr_14_reg_1072                                      |    3|   0|    4|          1|
    |buf_r_addr_15_reg_1077                                      |    2|   0|    4|          2|
    |buf_r_addr_16_reg_1111                                      |    4|   0|    4|          0|
    |buf_r_addr_17_reg_1097                                      |    4|   0|    4|          0|
    |ctx7_fu_132                                                 |  768|   0|  768|          0|
    |empty_24_fu_144                                             |  768|   0|  768|          0|
    |grp_aes256_encrypt_ecb_Pipeline_addkey_fu_386_ap_start_reg  |    1|   0|    1|          0|
    |grp_aes256_encrypt_ecb_Pipeline_cpkey_fu_372_ap_start_reg   |    1|   0|    1|          0|
    |grp_aes256_encrypt_ecb_Pipeline_ecb1_fu_353_ap_start_reg    |    1|   0|    1|          0|
    |grp_aes_expandEncKey_fu_362_ap_start_reg                    |    1|   0|    1|          0|
    |grp_aes_subBytes_1_fu_380_ap_start_reg                      |    1|   0|    1|          0|
    |i_11_fu_140                                                 |    4|   0|    4|          0|
    |i_15_reg_318                                                |    5|   0|    5|          0|
    |i_16_reg_329                                                |    4|   0|    4|          0|
    |i_17_reg_341                                                |    4|   0|    4|          0|
    |i_7_fu_124                                                  |    3|   0|    3|          0|
    |or_ln79_1_loc_fu_136                                        |  768|   0|  768|          0|
    |rcon_1_fu_148                                               |    8|   0|    8|          0|
    |rcon_2_fu_128                                               |    8|   0|    8|          0|
    |rcon_3_reg_1092                                             |    8|   0|    8|          0|
    |reg_411                                                     |  768|   0|  768|          0|
    |reg_417                                                     |  768|   0|  768|          0|
    |reg_423                                                     |    8|   0|    8|          0|
    |reg_428                                                     |    8|   0|    8|          0|
    |reg_433                                                     |    8|   0|    8|          0|
    |reg_440                                                     |    8|   0|    8|          0|
    |reg_447                                                     |    8|   0|    8|          0|
    |reg_452                                                     |    8|   0|    8|          0|
    |reg_457                                                     |    8|   0|    8|          0|
    |reg_462                                                     |    8|   0|    8|          0|
    |reg_467                                                     |    8|   0|    8|          0|
    |reg_472                                                     |    8|   0|    8|          0|
    |reg_477                                                     |    8|   0|    8|          0|
    |reg_482                                                     |  768|   0|  768|          0|
    |trunc_ln102_reg_1052                                        |    4|   0|    4|          0|
    |trunc_ln148_reg_1068                                        |    1|   0|    1|          0|
    |xor_ln105_1_reg_1082                                        |    8|   0|    8|          0|
    |xor_ln105_3_reg_1087                                        |    8|   0|    8|          0|
    +------------------------------------------------------------+-----+----+-----+-----------+
    |Total                                                       | 4843|   0| 4847|          4|
    +------------------------------------------------------------+-----+----+-----+-----------+



================================================================
== Interface
================================================================
* Summary: 
+----------------+-----+-----+------------+--------------------+--------------+
|    RTL Ports   | Dir | Bits|  Protocol  |    Source Object   |    C Type    |
+----------------+-----+-----+------------+--------------------+--------------+
|ap_clk          |   in|    1|  ap_ctrl_hs|  aes256_encrypt_ecb|  return value|
|ap_rst          |   in|    1|  ap_ctrl_hs|  aes256_encrypt_ecb|  return value|
|ap_start        |   in|    1|  ap_ctrl_hs|  aes256_encrypt_ecb|  return value|
|ap_done         |  out|    1|  ap_ctrl_hs|  aes256_encrypt_ecb|  return value|
|ap_idle         |  out|    1|  ap_ctrl_hs|  aes256_encrypt_ecb|  return value|
|ap_ready        |  out|    1|  ap_ctrl_hs|  aes256_encrypt_ecb|  return value|
|ctx_i           |   in|  768|     ap_ovld|                 ctx|       pointer|
|ctx_o           |  out|  768|     ap_ovld|                 ctx|       pointer|
|ctx_o_ap_vld    |  out|    1|     ap_ovld|                 ctx|       pointer|
|k_address0      |  out|    5|   ap_memory|                   k|         array|
|k_ce0           |  out|    1|   ap_memory|                   k|         array|
|k_q0            |   in|    8|   ap_memory|                   k|         array|
|buf_r_address0  |  out|    4|   ap_memory|               buf_r|         array|
|buf_r_ce0       |  out|    1|   ap_memory|               buf_r|         array|
|buf_r_we0       |  out|    1|   ap_memory|               buf_r|         array|
|buf_r_d0        |  out|    8|   ap_memory|               buf_r|         array|
|buf_r_q0        |   in|    8|   ap_memory|               buf_r|         array|
|buf_r_address1  |  out|    4|   ap_memory|               buf_r|         array|
|buf_r_ce1       |  out|    1|   ap_memory|               buf_r|         array|
|buf_r_we1       |  out|    1|   ap_memory|               buf_r|         array|
|buf_r_d1        |  out|    8|   ap_memory|               buf_r|         array|
|buf_r_q1        |   in|    8|   ap_memory|               buf_r|         array|
+----------------+-----+-----+------------+--------------------+--------------+

