

================================================================
== Vitis HLS Report for 'aes_expandEncKey'
================================================================
* Date:           Fri Apr  4 01:45:05 2025

* Version:        2022.2.2 (Build 3779808 on Feb 17 2023)
* Project:        hls_prj
* Solution:       solution (Vivado IP Flow Target)
* Product family: virtexuplus
* Target device:  xcu55c-fsvh2892-2L-e


================================================================
== Performance Estimates
================================================================
+ Timing: 
    * Summary: 
    +--------+---------+----------+------------+
    |  Clock |  Target | Estimated| Uncertainty|
    +--------+---------+----------+------------+
    |ap_clk  |  5.00 ns|  3.649 ns|     1.35 ns|
    +--------+---------+----------+------------+

+ Latency: 
    * Summary: 
    +---------+---------+----------+----------+-----+-----+---------+
    |  Latency (cycles) |  Latency (absolute) |  Interval | Pipeline|
    |   min   |   max   |    min   |    max   | min | max |   Type  |
    +---------+---------+----------+----------+-----+-----+---------+
    |        ?|        ?|         ?|         ?|    ?|    ?|       no|
    +---------+---------+----------+----------+-----+-----+---------+

    + Detail: 
        * Instance: 
        +--------------------+---------+---------+---------+----------+----------+-----+-----+---------+
        |                    |         |  Latency (cycles) |  Latency (absolute) |  Interval | Pipeline|
        |      Instance      |  Module |   min   |   max   |    min   |    max   | min | max |   Type  |
        +--------------------+---------+---------+---------+----------+----------+-----+-----+---------+
        |grp_rj_sbox_fu_272  |rj_sbox  |        ?|        ?|         ?|         ?|    ?|    ?|       no|
        +--------------------+---------+---------+---------+----------+----------+-----+-----+---------+

        * Loop: 
        +----------+---------+---------+----------+-----------+-----------+------+----------+
        |          |  Latency (cycles) | Iteration|  Initiation Interval  | Trip |          |
        | Loop Name|   min   |   max   |  Latency |  achieved |   target  | Count| Pipelined|
        +----------+---------+---------+----------+-----------+-----------+------+----------+
        |- exp1    |        9|        9|         3|          -|          -|     3|        no|
        |- exp2    |        9|        9|         3|          -|          -|     3|        no|
        +----------+---------+---------+----------+-----------+-----------+------+----------+



================================================================
== Utilization Estimates
================================================================
* Summary: 
+---------------------+---------+------+---------+---------+-----+
|         Name        | BRAM_18K|  DSP |    FF   |   LUT   | URAM|
+---------------------+---------+------+---------+---------+-----+
|DSP                  |        -|     -|        -|        -|    -|
|Expression           |        -|     -|        0|   180160|    -|
|FIFO                 |        -|     -|        -|        -|    -|
|Instance             |        -|     -|       87|      386|    -|
|Memory               |        -|     -|        -|        -|    -|
|Multiplexer          |        -|     -|        -|      203|    -|
|Register             |        -|     -|    20204|        -|    -|
+---------------------+---------+------+---------+---------+-----+
|Total                |        0|     0|    20291|   180749|    0|
+---------------------+---------+------+---------+---------+-----+
|Available SLR        |     1344|  3008|   869120|   434560|  320|
+---------------------+---------+------+---------+---------+-----+
|Utilization SLR (%)  |        0|     0|        2|       41|    0|
+---------------------+---------+------+---------+---------+-----+
|Available            |     4032|  9024|  2607360|  1303680|  960|
+---------------------+---------+------+---------+---------+-----+
|Utilization (%)      |        0|     0|       ~0|       13|    0|
+---------------------+---------+------+---------+---------+-----+

+ Detail: 
    * Instance: 
    +--------------------+---------+---------+----+----+-----+-----+
    |      Instance      |  Module | BRAM_18K| DSP| FF | LUT | URAM|
    +--------------------+---------+---------+----+----+-----+-----+
    |grp_rj_sbox_fu_272  |rj_sbox  |        0|   0|  87|  386|    0|
    +--------------------+---------+---------+----+----+-----+-----+
    |Total               |         |        0|   0|  87|  386|    0|
    +--------------------+---------+---------+----+----+-----+-----+

    * DSP: 
    N/A

    * Memory: 
    N/A

    * FIFO: 
    N/A

    * Expression: 
    +-------------------------+----------+----+---+------+------------+------------+
    |      Variable Name      | Operation| DSP| FF|  LUT | Bitwidth P0| Bitwidth P1|
    +-------------------------+----------+----+---+------+------------+------------+
    |add_ln114_fu_283_p2      |         +|   0|  0|    17|          10|           8|
    |add_ln115_1_fu_461_p2    |         +|   0|  0|    17|          10|           4|
    |add_ln115_fu_399_p2      |         +|   0|  0|    17|          10|           8|
    |add_ln116_1_fu_591_p2    |         +|   0|  0|    17|          10|           5|
    |add_ln116_fu_557_p2      |         +|   0|  0|    17|          10|           8|
    |add_ln117_1_fu_721_p2    |         +|   0|  0|    17|          10|           5|
    |add_ln117_fu_687_p2      |         +|   0|  0|    17|          10|           8|
    |add_ln120_1_fu_863_p2    |         +|   0|  0|    17|          10|          10|
    |add_ln120_2_fu_894_p2    |         +|   0|  0|    17|          10|          10|
    |add_ln120_3_fu_989_p2    |         +|   0|  0|    12|           4|           3|
    |add_ln120_4_fu_1007_p2   |         +|   0|  0|    17|          10|          10|
    |add_ln120_5_fu_1030_p2   |         +|   0|  0|    17|          10|          10|
    |add_ln120_6_fu_1035_p2   |         +|   0|  0|    12|           5|           3|
    |add_ln120_fu_845_p2      |         +|   0|  0|    12|           4|           4|
    |add_ln121_1_fu_1183_p2   |         +|   0|  0|    17|          10|          10|
    |add_ln121_2_fu_1219_p2   |         +|   0|  0|    17|          10|          10|
    |add_ln121_3_fu_1316_p2   |         +|   0|  0|    12|           4|           2|
    |add_ln121_4_fu_1333_p2   |         +|   0|  0|    17|          10|          10|
    |add_ln121_5_fu_1369_p2   |         +|   0|  0|    17|          10|          10|
    |add_ln121_fu_1166_p2     |         +|   0|  0|    12|           4|           3|
    |add_ln122_1_fu_1486_p2   |         +|   0|  0|    17|          10|           8|
    |add_ln122_fu_1046_p2     |         +|   0|  0|    17|          10|           7|
    |add_ln123_1_fu_1612_p2   |         +|   0|  0|    17|          10|           8|
    |add_ln123_fu_1578_p2     |         +|   0|  0|    17|          10|           7|
    |add_ln124_1_fu_1742_p2   |         +|   0|  0|    17|          10|           8|
    |add_ln124_fu_1708_p2     |         +|   0|  0|    17|          10|           7|
    |add_ln125_1_fu_1872_p2   |         +|   0|  0|    17|          10|           8|
    |add_ln125_fu_1838_p2     |         +|   0|  0|    17|          10|           7|
    |add_ln127_1_fu_2014_p2   |         +|   0|  0|    17|          10|          10|
    |add_ln127_2_fu_2045_p2   |         +|   0|  0|    17|          10|          10|
    |add_ln127_3_fu_2104_p2   |         +|   0|  0|    12|           5|           3|
    |add_ln127_4_fu_2122_p2   |         +|   0|  0|    17|          10|          10|
    |add_ln127_5_fu_2145_p2   |         +|   0|  0|    17|          10|          10|
    |add_ln127_6_fu_2172_p2   |         +|   0|  0|    13|           6|           3|
    |add_ln127_fu_1996_p2     |         +|   0|  0|    12|           5|           4|
    |add_ln128_1_fu_2251_p2   |         +|   0|  0|    17|          10|          10|
    |add_ln128_2_fu_2287_p2   |         +|   0|  0|    17|          10|          10|
    |add_ln128_3_fu_2346_p2   |         +|   0|  0|    12|           5|           2|
    |add_ln128_4_fu_2363_p2   |         +|   0|  0|    17|          10|          10|
    |add_ln128_5_fu_2398_p2   |         +|   0|  0|    17|          10|          10|
    |add_ln128_fu_2234_p2     |         +|   0|  0|    12|           5|           3|
    |and_ln114_1_fu_377_p2    |       and|   0|  0|   519|         520|         520|
    |and_ln114_fu_372_p2      |       and|   0|  0|   768|         768|         768|
    |and_ln115_1_fu_535_p2    |       and|   0|  0|   527|         528|         528|
    |and_ln115_fu_530_p2      |       and|   0|  0|   768|         768|         768|
    |and_ln116_1_fu_665_p2    |       and|   0|  0|   535|         536|         536|
    |and_ln116_fu_660_p2      |       and|   0|  0|   768|         768|         768|
    |and_ln117_1_fu_795_p2    |       and|   0|  0|   543|         544|         544|
    |and_ln117_fu_790_p2      |       and|   0|  0|   768|         768|         768|
    |and_ln120_1_fu_1131_p2   |       and|   0|  0|   768|         768|         768|
    |and_ln120_2_fu_967_p2    |       and|   0|  0|   639|         640|         640|
    |and_ln120_3_fu_1137_p2   |       and|   0|  0|   639|         640|         640|
    |and_ln120_fu_961_p2      |       and|   0|  0|   768|         768|         768|
    |and_ln121_1_fu_1432_p2   |       and|   0|  0|   768|         768|         768|
    |and_ln121_2_fu_1288_p2   |       and|   0|  0|   639|         640|         640|
    |and_ln121_3_fu_1438_p2   |       and|   0|  0|   639|         640|         640|
    |and_ln121_fu_1282_p2     |       and|   0|  0|   768|         768|         768|
    |and_ln122_1_fu_1556_p2   |       and|   0|  0|   647|         648|         648|
    |and_ln122_fu_1551_p2     |       and|   0|  0|   768|         768|         768|
    |and_ln123_1_fu_1686_p2   |       and|   0|  0|   655|         656|         656|
    |and_ln123_fu_1681_p2     |       and|   0|  0|   768|         768|         768|
    |and_ln124_1_fu_1816_p2   |       and|   0|  0|   663|         664|         664|
    |and_ln124_fu_1811_p2     |       and|   0|  0|   768|         768|         768|
    |and_ln125_1_fu_1946_p2   |       and|   0|  0|   671|         672|         672|
    |and_ln125_fu_1941_p2     |       and|   0|  0|   768|         768|         768|
    |and_ln127_1_fu_2166_p2   |       and|   0|  0|   768|         768|         768|
    |and_ln127_fu_2092_p2     |       and|   0|  0|   768|         768|         768|
    |and_ln128_1_fu_2444_p2   |       and|   0|  0|   768|         768|         768|
    |and_ln128_fu_2334_p2     |       and|   0|  0|   768|         768|         768|
    |lshr_ln114_1_fu_314_p2   |      lshr|   0|  0|  2171|         768|         768|
    |lshr_ln114_fu_297_p2     |      lshr|   0|  0|  2171|         768|         768|
    |lshr_ln115_1_fu_474_p2   |      lshr|   0|  0|  2171|         768|         768|
    |lshr_ln115_fu_441_p2     |      lshr|   0|  0|  2171|         768|         768|
    |lshr_ln116_1_fu_604_p2   |      lshr|   0|  0|  2171|         768|         768|
    |lshr_ln116_fu_571_p2     |      lshr|   0|  0|  2171|         768|         768|
    |lshr_ln117_1_fu_734_p2   |      lshr|   0|  0|  2171|         768|         768|
    |lshr_ln117_fu_701_p2     |      lshr|   0|  0|  2171|         768|         768|
    |lshr_ln120_1_fu_907_p2   |      lshr|   0|  0|  2171|         768|         768|
    |lshr_ln120_2_fu_1065_p2  |      lshr|   0|  0|  2171|         768|         768|
    |lshr_ln120_3_fu_1081_p2  |      lshr|   0|  0|  2171|         768|         768|
    |lshr_ln120_fu_872_p2     |      lshr|   0|  0|  2171|         768|         768|
    |lshr_ln121_1_fu_1232_p2  |      lshr|   0|  0|  2171|         768|         768|
    |lshr_ln121_2_fu_1342_p2  |      lshr|   0|  0|  2171|         768|         768|
    |lshr_ln121_3_fu_1382_p2  |      lshr|   0|  0|  2171|         768|         768|
    |lshr_ln121_fu_1192_p2    |      lshr|   0|  0|  2171|         768|         768|
    |lshr_ln122_1_fu_1499_p2  |      lshr|   0|  0|  2171|         768|         768|
    |lshr_ln122_fu_1475_p2    |      lshr|   0|  0|  2171|         768|         768|
    |lshr_ln123_1_fu_1625_p2  |      lshr|   0|  0|  2171|         768|         768|
    |lshr_ln123_fu_1592_p2    |      lshr|   0|  0|  2171|         768|         768|
    |lshr_ln124_1_fu_1755_p2  |      lshr|   0|  0|  2171|         768|         768|
    |lshr_ln124_fu_1722_p2    |      lshr|   0|  0|  2171|         768|         768|
    |lshr_ln125_1_fu_1885_p2  |      lshr|   0|  0|  2171|         768|         768|
    |lshr_ln125_fu_1852_p2    |      lshr|   0|  0|  2171|         768|         768|
    |lshr_ln127_1_fu_2054_p2  |      lshr|   0|  0|  2171|         768|         768|
    |lshr_ln127_2_fu_2197_p2  |      lshr|   0|  0|  2171|         768|         768|
    |lshr_ln127_3_fu_2206_p2  |      lshr|   0|  0|  2171|         768|         768|
    |lshr_ln127_fu_2023_p2    |      lshr|   0|  0|  2171|         768|         768|
    |lshr_ln128_1_fu_2296_p2  |      lshr|   0|  0|  2171|         768|         768|
    |lshr_ln128_2_fu_2372_p2  |      lshr|   0|  0|  2171|         768|         768|
    |lshr_ln128_3_fu_2407_p2  |      lshr|   0|  0|  2171|         768|         768|
    |lshr_ln128_fu_2260_p2    |      lshr|   0|  0|  2171|         768|         768|
    |or_ln114_fu_383_p2       |        or|   0|  0|   519|         520|         520|
    |or_ln115_fu_541_p2       |        or|   0|  0|   527|         528|         528|
    |or_ln116_fu_671_p2       |        or|   0|  0|   535|         536|         536|
    |or_ln117_fu_801_p2       |        or|   0|  0|   543|         544|         544|
    |or_ln120_1_fu_1012_p2    |        or|   0|  0|     4|           4|           1|
    |or_ln120_3_fu_973_p2     |        or|   0|  0|   639|         640|         640|
    |or_ln120_fu_1142_p2      |        or|   0|  0|   639|         640|         640|
    |or_ln121_2_fu_1352_p2    |        or|   0|  0|     4|           4|           2|
    |or_ln121_4_fu_1294_p2    |        or|   0|  0|   639|         640|         640|
    |or_ln121_5_fu_1443_p2    |        or|   0|  0|   639|         640|         640|
    |or_ln121_fu_1202_p2      |        or|   0|  0|     4|           4|           2|
    |or_ln122_fu_1562_p2      |        or|   0|  0|   647|         648|         648|
    |or_ln123_fu_1692_p2      |        or|   0|  0|   655|         656|         656|
    |or_ln124_fu_1822_p2      |        or|   0|  0|   663|         664|         664|
    |or_ln125_fu_1952_p2      |        or|   0|  0|   671|         672|         672|
    |or_ln127_1_fu_2127_p2    |        or|   0|  0|     5|           5|           1|
    |or_ln127_2_fu_2229_p2    |        or|   0|  0|   768|         768|         768|
    |or_ln127_fu_2098_p2      |        or|   0|  0|   768|         768|         768|
    |or_ln128_1_fu_2340_p2    |        or|   0|  0|   768|         768|         768|
    |or_ln128_2_fu_2381_p2    |        or|   0|  0|     5|           5|           2|
    |or_ln128_3_fu_2449_p2    |        or|   0|  0|   768|         768|         768|
    |or_ln128_fu_2270_p2      |        or|   0|  0|     5|           5|           2|
    |select_ln118_fu_418_p3   |    select|   0|  0|     5|           1|           5|
    |shl_ln114_1_fu_349_p2    |       shl|   0|  0|  2171|         520|         520|
    |shl_ln114_fu_335_p2      |       shl|   0|  0|  2171|           8|         520|
    |shl_ln115_1_fu_503_p2    |       shl|   0|  0|  2171|         528|         528|
    |shl_ln115_fu_489_p2      |       shl|   0|  0|  2171|           8|         528|
    |shl_ln116_1_fu_633_p2    |       shl|   0|  0|  2171|         536|         536|
    |shl_ln116_fu_619_p2      |       shl|   0|  0|  2171|           8|         536|
    |shl_ln117_1_fu_763_p2    |       shl|   0|  0|  2171|         544|         544|
    |shl_ln117_fu_749_p2      |       shl|   0|  0|  2171|           8|         544|
    |shl_ln120_1_fu_937_p2    |       shl|   0|  0|  2171|         640|         640|
    |shl_ln120_2_fu_1097_p2   |       shl|   0|  0|  2171|           8|         640|
    |shl_ln120_3_fu_1111_p2   |       shl|   0|  0|  2171|         640|         640|
    |shl_ln120_fu_923_p2      |       shl|   0|  0|  2171|           8|         640|
    |shl_ln121_1_fu_1262_p2   |       shl|   0|  0|  2171|         640|         640|
    |shl_ln121_2_fu_1398_p2   |       shl|   0|  0|  2171|           8|         640|
    |shl_ln121_3_fu_1412_p2   |       shl|   0|  0|  2171|         640|         640|
    |shl_ln121_fu_1248_p2     |       shl|   0|  0|  2171|           8|         640|
    |shl_ln122_1_fu_1528_p2   |       shl|   0|  0|  2171|         648|         648|
    |shl_ln122_fu_1514_p2     |       shl|   0|  0|  2171|           8|         648|
    |shl_ln123_1_fu_1654_p2   |       shl|   0|  0|  2171|         656|         656|
    |shl_ln123_fu_1640_p2     |       shl|   0|  0|  2171|           8|         656|
    |shl_ln124_1_fu_1784_p2   |       shl|   0|  0|  2171|         664|         664|
    |shl_ln124_fu_1770_p2     |       shl|   0|  0|  2171|           8|         664|
    |shl_ln125_1_fu_1914_p2   |       shl|   0|  0|  2171|         672|         672|
    |shl_ln125_fu_1900_p2     |       shl|   0|  0|  2171|           8|         672|
    |shl_ln127_1_fu_2080_p2   |       shl|   0|  0|  2171|         768|         768|
    |shl_ln127_2_fu_2154_p2   |       shl|   0|  0|  2171|           8|         768|
    |shl_ln127_3_fu_2224_p2   |       shl|   0|  0|  2171|         768|         768|
    |shl_ln127_fu_2070_p2     |       shl|   0|  0|  2171|           8|         768|
    |shl_ln128_1_fu_2322_p2   |       shl|   0|  0|  2171|         768|         768|
    |shl_ln128_2_fu_2422_p2   |       shl|   0|  0|  2171|           8|         768|
    |shl_ln128_3_fu_2432_p2   |       shl|   0|  0|  2171|         768|         768|
    |shl_ln128_fu_2312_p2     |       shl|   0|  0|  2171|           8|         768|
    |xor_ln114_1_fu_329_p2    |       xor|   0|  0|     8|           8|           8|
    |xor_ln114_2_fu_355_p2    |       xor|   0|  0|   520|         521|           2|
    |xor_ln114_fu_323_p2      |       xor|   0|  0|     8|           8|           8|
    |xor_ln115_1_fu_509_p2    |       xor|   0|  0|   528|         529|           2|
    |xor_ln115_fu_483_p2      |       xor|   0|  0|     8|           8|           8|
    |xor_ln116_1_fu_639_p2    |       xor|   0|  0|   536|         537|           2|
    |xor_ln116_fu_613_p2      |       xor|   0|  0|     8|           8|           8|
    |xor_ln117_1_fu_769_p2    |       xor|   0|  0|   544|         545|           2|
    |xor_ln117_fu_743_p2      |       xor|   0|  0|     8|           8|           8|
    |xor_ln118_fu_426_p2      |       xor|   0|  0|     8|           8|           8|
    |xor_ln120_1_fu_943_p2    |       xor|   0|  0|   640|         641|           2|
    |xor_ln120_2_fu_1091_p2   |       xor|   0|  0|     8|           8|           8|
    |xor_ln120_3_fu_1117_p2   |       xor|   0|  0|   640|         641|           2|
    |xor_ln120_fu_917_p2      |       xor|   0|  0|     8|           8|           8|
    |xor_ln121_1_fu_1268_p2   |       xor|   0|  0|   640|         641|           2|
    |xor_ln121_2_fu_1392_p2   |       xor|   0|  0|     8|           8|           8|
    |xor_ln121_3_fu_1418_p2   |       xor|   0|  0|   640|         641|           2|
    |xor_ln121_fu_1242_p2     |       xor|   0|  0|     8|           8|           8|
    |xor_ln122_1_fu_1534_p2   |       xor|   0|  0|   648|         649|           2|
    |xor_ln122_fu_1508_p2     |       xor|   0|  0|     8|           8|           8|
    |xor_ln123_1_fu_1660_p2   |       xor|   0|  0|   656|         657|           2|
    |xor_ln123_fu_1634_p2     |       xor|   0|  0|     8|           8|           8|
    |xor_ln124_1_fu_1790_p2   |       xor|   0|  0|   664|         665|           2|
    |xor_ln124_fu_1764_p2     |       xor|   0|  0|     8|           8|           8|
    |xor_ln125_1_fu_1920_p2   |       xor|   0|  0|   672|         673|           2|
    |xor_ln125_fu_1894_p2     |       xor|   0|  0|     8|           8|           8|
    |xor_ln127_1_fu_2086_p2   |       xor|   0|  0|   768|         768|           2|
    |xor_ln127_2_fu_2214_p2   |       xor|   0|  0|     8|           8|           8|
    |xor_ln127_3_fu_2160_p2   |       xor|   0|  0|   768|         768|           2|
    |xor_ln127_fu_2064_p2     |       xor|   0|  0|     8|           8|           8|
    |xor_ln128_1_fu_2328_p2   |       xor|   0|  0|   768|         768|           2|
    |xor_ln128_2_fu_2416_p2   |       xor|   0|  0|     8|           8|           8|
    |xor_ln128_3_fu_2438_p2   |       xor|   0|  0|   768|         768|           2|
    |xor_ln128_fu_2306_p2     |       xor|   0|  0|     8|           8|           8|
    +-------------------------+----------+----+---+------+------------+------------+
    |Total                    |          |   0|  0|180160|       76061|       75879|
    +-------------------------+----------+----+---+------+------------+------------+

    * Multiplexer: 
    +----------------------+-----+-----------+-----+-----------+
    |         Name         | LUT | Input Size| Bits| Total Bits|
    +----------------------+-----+-----------+-----+-----------+
    |ap_NS_fsm             |  118|         24|    1|         24|
    |empty_22_fu_250       |    9|          2|  768|       1536|
    |empty_fu_242          |    9|          2|  768|       1536|
    |grp_rj_sbox_fu_272_x  |   49|          9|    8|         72|
    |i_6_fu_246            |    9|          2|    6|         12|
    |i_fu_238              |    9|          2|    5|         10|
    +----------------------+-----+-----------+-----+-----------+
    |Total                 |  203|         41| 1556|       3190|
    +----------------------+-----+-----------+-----+-----------+

    * Register: 
    +---------------------------------+-----+----+-----+-----------+
    |               Name              |  FF | LUT| Bits| Const Bits|
    +---------------------------------+-----+----+-----+-----------+
    |add_ln114_reg_2510               |   10|   0|   10|          0|
    |add_ln115_reg_2543               |   10|   0|   10|          0|
    |add_ln116_reg_2580               |   10|   0|   10|          0|
    |add_ln117_reg_2612               |   10|   0|   10|          0|
    |add_ln120_4_reg_2650             |   10|   0|   10|          0|
    |add_ln120_5_reg_2655             |   10|   0|   10|          0|
    |add_ln122_reg_2675               |   10|   0|   10|          0|
    |add_ln123_reg_2719               |   10|   0|   10|          0|
    |add_ln124_reg_2751               |   10|   0|   10|          0|
    |add_ln125_reg_2783               |   10|   0|   10|          0|
    |add_ln127_4_reg_2816             |   10|   0|   10|          0|
    |and_ln114_reg_2527               |  768|   0|  768|          0|
    |and_ln115_reg_2564               |  768|   0|  768|          0|
    |and_ln116_reg_2596               |  768|   0|  768|          0|
    |and_ln122_reg_2703               |  768|   0|  768|          0|
    |and_ln123_reg_2735               |  768|   0|  768|          0|
    |and_ln124_reg_2767               |  768|   0|  768|          0|
    |and_ln127_1_reg_2827             |  768|   0|  768|          0|
    |ap_CS_fsm                        |   23|   0|   23|          0|
    |empty_22_fu_250                  |  768|   0|  768|          0|
    |empty_fu_242                     |  768|   0|  768|          0|
    |grp_rj_sbox_fu_272_ap_start_reg  |    1|   0|    1|          0|
    |i_6_fu_246                       |    6|   0|    6|          0|
    |i_fu_238                         |    5|   0|    5|          0|
    |or_ln114_reg_2532                |  520|   0|  520|          0|
    |or_ln115_reg_2569                |  528|   0|  528|          0|
    |or_ln116_reg_2601                |  536|   0|  536|          0|
    |or_ln120_3_reg_2639              |  640|   0|  640|          0|
    |or_ln121_4_reg_2680              |  640|   0|  640|          0|
    |or_ln122_reg_2708                |  648|   0|  648|          0|
    |or_ln123_reg_2740                |  656|   0|  656|          0|
    |or_ln124_reg_2772                |  664|   0|  664|          0|
    |or_ln127_reg_2810                |  768|   0|  768|          0|
    |or_ln128_1_reg_2832              |  768|   0|  768|          0|
    |or_ln1_reg_2585                  |  768|   0|  768|          0|
    |or_ln2_reg_2617                  |  768|   0|  768|          0|
    |or_ln5_reg_2724                  |  768|   0|  768|          0|
    |or_ln6_reg_2756                  |  768|   0|  768|          0|
    |or_ln7_reg_2788                  |  768|   0|  768|          0|
    |or_ln_reg_2553                   |  768|   0|  768|          0|
    |p_load_reg_2691                  |  768|   0|  768|          0|
    |tmp_10_reg_2575                  |  240|   0|  240|          0|
    |tmp_13_reg_2607                  |  232|   0|  232|          0|
    |tmp_18_reg_2645                  |  128|   0|  128|          0|
    |tmp_20_reg_2686                  |  128|   0|  128|          0|
    |tmp_22_reg_2714                  |  120|   0|  120|          0|
    |tmp_25_reg_2746                  |  112|   0|  112|          0|
    |tmp_28_reg_2778                  |  104|   0|  104|          0|
    |tmp_8_reg_2538                   |  248|   0|  248|          0|
    |trunc_ln114_reg_2522             |    8|   0|    8|          0|
    |trunc_ln115_reg_2559             |    8|   0|    8|          0|
    |trunc_ln116_reg_2591             |    8|   0|    8|          0|
    |trunc_ln117_reg_2623             |    8|   0|    8|          0|
    |trunc_ln120_reg_2631             |    4|   0|    4|          0|
    |trunc_ln122_reg_2698             |    8|   0|    8|          0|
    |trunc_ln123_reg_2730             |    8|   0|    8|          0|
    |trunc_ln124_reg_2762             |    8|   0|    8|          0|
    |trunc_ln125_reg_2794             |    8|   0|    8|          0|
    |trunc_ln127_reg_2802             |    5|   0|    5|          0|
    |xor_ln118_reg_2548               |    8|   0|    8|          0|
    |zext_ln127_4_reg_2821            |   10|   0|  768|        758|
    +---------------------------------+-----+----+-----+-----------+
    |Total                            |20204|   0|20962|        758|
    +---------------------------------+-----+----+-----+-----------+



================================================================
== Interface
================================================================
* Summary: 
+-------------+-----+-----+------------+------------------+--------------+
|  RTL Ports  | Dir | Bits|  Protocol  |   Source Object  |    C Type    |
+-------------+-----+-----+------------+------------------+--------------+
|ap_clk       |   in|    1|  ap_ctrl_hs|  aes_expandEncKey|  return value|
|ap_rst       |   in|    1|  ap_ctrl_hs|  aes_expandEncKey|  return value|
|ap_start     |   in|    1|  ap_ctrl_hs|  aes_expandEncKey|  return value|
|ap_done      |  out|    1|  ap_ctrl_hs|  aes_expandEncKey|  return value|
|ap_idle      |  out|    1|  ap_ctrl_hs|  aes_expandEncKey|  return value|
|ap_ready     |  out|    1|  ap_ctrl_hs|  aes_expandEncKey|  return value|
|ap_return_0  |  out|  768|  ap_ctrl_hs|  aes_expandEncKey|  return value|
|ap_return_1  |  out|    8|  ap_ctrl_hs|  aes_expandEncKey|  return value|
|p_read       |   in|  768|     ap_none|            p_read|        scalar|
|k_idx        |   in|   10|     ap_none|             k_idx|        scalar|
|rc_read      |   in|    8|     ap_none|           rc_read|        scalar|
+-------------+-----+-----+------------+------------------+--------------+

