

================================================================
== Vitis HLS Report for 'aes_subBytes_1'
================================================================
* Date:           Fri Apr  4 01:45:06 2025

* Version:        2022.2.2 (Build 3779808 on Feb 17 2023)
* Project:        hls_prj
* Solution:       solution (Vivado IP Flow Target)
* Product family: virtexuplus
* Target device:  xcu55c-fsvh2892-2L-e


================================================================
== Performance Estimates
================================================================
+ Timing: 
    * Summary: 
    +--------+---------+----------+------------+
    |  Clock |  Target | Estimated| Uncertainty|
    +--------+---------+----------+------------+
    |ap_clk  |  5.00 ns|  2.487 ns|     1.35 ns|
    +--------+---------+----------+------------+

+ Latency: 
    * Summary: 
    +---------+---------+----------+----------+-----+-----+---------+
    |  Latency (cycles) |  Latency (absolute) |  Interval | Pipeline|
    |   min   |   max   |    min   |    max   | min | max |   Type  |
    +---------+---------+----------+----------+-----+-----+---------+
    |        ?|        ?|         ?|         ?|    ?|    ?|       no|
    +---------+---------+----------+----------+-----+-----+---------+

    + Detail: 
        * Instance: 
        +-----------------------------------------+------------------------------+---------+---------+-----------+----------+-----+-----+---------+
        |                                         |                              |  Latency (cycles) |  Latency (absolute)  |  Interval | Pipeline|
        |                 Instance                |            Module            |   min   |   max   |    min    |    max   | min | max |   Type  |
        +-----------------------------------------+------------------------------+---------+---------+-----------+----------+-----+-----+---------+
        |grp_aes_subBytes_1_Pipeline_glog_fu_108  |aes_subBytes_1_Pipeline_glog  |        ?|        ?|          ?|         ?|    ?|    ?|       no|
        |grp_aes_subBytes_1_Pipeline_alog_fu_115  |aes_subBytes_1_Pipeline_alog  |        3|        ?|  15.000 ns|         ?|    3|    ?|       no|
        +-----------------------------------------+------------------------------+---------+---------+-----------+----------+-----+-----+---------+

        * Loop: 
        +----------+---------+---------+----------+-----------+-----------+------+----------+
        |          |  Latency (cycles) | Iteration|  Initiation Interval  | Trip |          |
        | Loop Name|   min   |   max   |  Latency |  achieved |   target  | Count| Pipelined|
        +----------+---------+---------+----------+-----------+-----------+------+----------+
        |- sub     |        ?|        ?|         ?|          -|          -|    16|        no|
        +----------+---------+---------+----------+-----------+-----------+------+----------+



================================================================
== Utilization Estimates
================================================================
* Summary: 
+---------------------+---------+------+---------+---------+-----+
|         Name        | BRAM_18K|  DSP |    FF   |   LUT   | URAM|
+---------------------+---------+------+---------+---------+-----+
|DSP                  |        -|     -|        -|        -|    -|
|Expression           |        -|     -|        0|      106|    -|
|FIFO                 |        -|     -|        -|        -|    -|
|Instance             |        -|     -|       37|      238|    -|
|Memory               |        -|     -|        -|        -|    -|
|Multiplexer          |        -|     -|        -|       89|    -|
|Register             |        -|     -|       60|        -|    -|
+---------------------+---------+------+---------+---------+-----+
|Total                |        0|     0|       97|      433|    0|
+---------------------+---------+------+---------+---------+-----+
|Available SLR        |     1344|  3008|   869120|   434560|  320|
+---------------------+---------+------+---------+---------+-----+
|Utilization SLR (%)  |        0|     0|       ~0|       ~0|    0|
+---------------------+---------+------+---------+---------+-----+
|Available            |     4032|  9024|  2607360|  1303680|  960|
+---------------------+---------+------+---------+---------+-----+
|Utilization (%)      |        0|     0|       ~0|       ~0|    0|
+---------------------+---------+------+---------+---------+-----+

+ Detail: 
    * Instance: 
    +-----------------------------------------+------------------------------+---------+----+----+-----+-----+
    |                 Instance                |            Module            | BRAM_18K| DSP| FF | LUT | URAM|
    +-----------------------------------------+------------------------------+---------+----+----+-----+-----+
    |grp_aes_subBytes_1_Pipeline_alog_fu_115  |aes_subBytes_1_Pipeline_alog  |        0|   0|  18|   95|    0|
    |grp_aes_subBytes_1_Pipeline_glog_fu_108  |aes_subBytes_1_Pipeline_glog  |        0|   0|  19|  143|    0|
    +-----------------------------------------+------------------------------+---------+----+----+-----+-----+
    |Total                                    |                              |        0|   0|  37|  238|    0|
    +-----------------------------------------+------------------------------+---------+----+----+-----+-----+

    * DSP: 
    N/A

    * Memory: 
    N/A

    * FIFO: 
    N/A

    * Expression: 
    +----------------------+----------+----+---+----+------------+------------+
    |     Variable Name    | Operation| DSP| FF| LUT| Bitwidth P0| Bitwidth P1|
    +----------------------+----------+----+---+----+------------+------------+
    |add_ln63_fu_284_p2    |         +|   0|  0|  12|           4|           2|
    |sub_ln15_fu_150_p2    |         -|   0|  0|  15|           3|           8|
    |icmp_ln15_fu_157_p2   |      icmp|   0|  0|  11|           8|           2|
    |icmp_ln37_fu_134_p2   |      icmp|   0|  0|  11|           8|           1|
    |icmp_ln63_fu_289_p2   |      icmp|   0|  0|   9|           4|           1|
    |i_5_fu_143_p3         |    select|   0|  0|   8|           1|           8|
    |buf_r_d0              |       xor|   0|  0|   8|           8|           8|
    |xor_ln49_5_fu_253_p2  |       xor|   0|  0|   8|           8|           8|
    |xor_ln49_6_fu_259_p2  |       xor|   0|  0|   8|           8|           8|
    |xor_ln49_7_fu_265_p2  |       xor|   0|  0|   8|           8|           7|
    |xor_ln49_8_fu_271_p2  |       xor|   0|  0|   8|           8|           8|
    +----------------------+----------+----+---+----+------------+------------+
    |Total                 |          |   0|  0| 106|          68|          61|
    +----------------------+----------+----+---+----+------------+------------+

    * Multiplexer: 
    +------------------------------+----+-----------+-----+-----------+
    |             Name             | LUT| Input Size| Bits| Total Bits|
    +------------------------------+----+-----------+-----+-----------+
    |ap_NS_fsm                     |  43|          8|    1|          8|
    |ap_phi_mux_y_10_phi_fu_98_p6  |   9|          2|    8|         16|
    |buf_r_address0                |  14|          3|    4|         12|
    |i_fu_68                       |   9|          2|    4|          8|
    |y_10_reg_93                   |  14|          3|    8|         24|
    +------------------------------+----+-----------+-----+-----------+
    |Total                         |  89|         18|   25|         68|
    +------------------------------+----+-----------+-----+-----------+

    * Register: 
    +------------------------------------------------------+---+----+-----+-----------+
    |                         Name                         | FF| LUT| Bits| Const Bits|
    +------------------------------------------------------+---+----+-----+-----------+
    |ap_CS_fsm                                             |  7|   0|    7|          0|
    |atb_20_loc_fu_72                                      |  8|   0|    8|          0|
    |buf_r_addr_reg_321                                    |  4|   0|    4|          0|
    |buf_r_load_reg_326                                    |  8|   0|    8|          0|
    |grp_aes_subBytes_1_Pipeline_alog_fu_115_ap_start_reg  |  1|   0|    1|          0|
    |grp_aes_subBytes_1_Pipeline_glog_fu_108_ap_start_reg  |  1|   0|    1|          0|
    |i_fu_68                                               |  4|   0|    4|          0|
    |i_loc_fu_76                                           |  8|   0|    8|          0|
    |icmp_ln15_reg_345                                     |  1|   0|    1|          0|
    |icmp_ln37_reg_331                                     |  1|   0|    1|          0|
    |sub_ln15_reg_340                                      |  8|   0|    8|          0|
    |targetBlock_reg_335                                   |  1|   0|    1|          0|
    |y_10_reg_93                                           |  8|   0|    8|          0|
    +------------------------------------------------------+---+----+-----+-----------+
    |Total                                                 | 60|   0|   60|          0|
    +------------------------------------------------------+---+----+-----+-----------+



================================================================
== Interface
================================================================
* Summary: 
+----------------+-----+-----+------------+----------------+--------------+
|    RTL Ports   | Dir | Bits|  Protocol  |  Source Object |    C Type    |
+----------------+-----+-----+------------+----------------+--------------+
|ap_clk          |   in|    1|  ap_ctrl_hs|  aes_subBytes.1|  return value|
|ap_rst          |   in|    1|  ap_ctrl_hs|  aes_subBytes.1|  return value|
|ap_start        |   in|    1|  ap_ctrl_hs|  aes_subBytes.1|  return value|
|ap_done         |  out|    1|  ap_ctrl_hs|  aes_subBytes.1|  return value|
|ap_idle         |  out|    1|  ap_ctrl_hs|  aes_subBytes.1|  return value|
|ap_ready        |  out|    1|  ap_ctrl_hs|  aes_subBytes.1|  return value|
|buf_r_address0  |  out|    4|   ap_memory|           buf_r|         array|
|buf_r_ce0       |  out|    1|   ap_memory|           buf_r|         array|
|buf_r_we0       |  out|    1|   ap_memory|           buf_r|         array|
|buf_r_d0        |  out|    8|   ap_memory|           buf_r|         array|
|buf_r_q0        |   in|    8|   ap_memory|           buf_r|         array|
+----------------+-----+-----+------------+----------------+--------------+

