

================================================================
== Synthesis Summary Report of 'ms_mergesort'
================================================================
+ General Information: 
    * Date:           Wed May  7 15:15:09 2025
    * Version:        2022.2.2 (Build 3779808 on Feb 17 2023)
    * Project:        hls_prj
    * Solution:       solution (Vivado IP Flow Target)
    * Product family: virtexuplus
    * Target device:  xcu55c-fsvh2892-2L-e
    

+ Performance & Resource Estimates: 
    
    PS: '+' for module; 'o' for loop; '*' for dataflow
    +-------------------------------------+------+------+----------+-----------+----------+----------+------+----------+---------+----+-----------+------------+-----+
    |               Modules               | Issue|      | Latency  |  Latency  | Iteration|          | Trip |          |         |    |           |            |     |
    |               & Loops               | Type | Slack| (cycles) |    (ns)   |  Latency | Interval | Count| Pipelined|  BRAM   | DSP|     FF    |     LUT    | URAM|
    +-------------------------------------+------+------+----------+-----------+----------+----------+------+----------+---------+----+-----------+------------+-----+
    |+ ms_mergesort                       |     -|  0.38|  69363735|  3.468e+08|         -|  69363736|     -|        no|  4 (~0%)|   -|  776 (~0%)|  1130 (~0%)|    -|
    | o mergesort_label1                  |     -|  3.65|  69363734|  3.468e+08|   6305794|         -|    11|        no|        -|   -|          -|           -|    -|
    |  o mergesort_label2                 |     -|  3.65|   6305792|  3.153e+07|      6158|         -|  1024|        no|        -|   -|          -|           -|    -|
    |   + merge_1                         |     -|  0.38|      6155|  3.078e+04|         -|      6155|     -|        no|  4 (~0%)|   -|  609 (~0%)|   854 (~0%)|    -|
    |    + merge_1_Pipeline_merge_label1  |     -|  1.24|      2050|  1.025e+04|         -|      2050|     -|        no|        -|   -|   67 (~0%)|    97 (~0%)|    -|
    |     o merge_label1                  |     -|  3.65|      2048|  1.024e+04|         2|         1|  2048|       yes|        -|   -|          -|           -|    -|
    |    + merge_1_Pipeline_merge_label2  |     -|  1.24|      2050|  1.025e+04|         -|      2050|     -|        no|        -|   -|  143 (~0%)|   156 (~0%)|    -|
    |     o merge_label2                  |     -|  3.65|      2048|  1.024e+04|         2|         1|  2048|       yes|        -|   -|          -|           -|    -|
    |    + merge_1_Pipeline_merge_label3  |     -|  0.38|      2050|  1.025e+04|         -|      2050|     -|        no|        -|   -|  271 (~0%)|   286 (~0%)|    -|
    |     o merge_label3                  |     -|  3.65|      2048|  1.024e+04|         2|         1|  2048|       yes|        -|   -|          -|           -|    -|
    +-------------------------------------+------+------+----------+-----------+----------+----------+------+----------+---------+----+-----------+------------+-----+


================================================================
== HW Interfaces
================================================================
* AP_MEMORY
+------------+----------+
| Interface  | Bitwidth |
+------------+----------+
| a_address0 | 11       |
| a_d0       | 32       |
| a_q0       | 32       |
+------------+----------+

* TOP LEVEL CONTROL
+-----------+------------+-----------------------------------+
| Interface | Type       | Ports                             |
+-----------+------------+-----------------------------------+
| ap_clk    | clock      | ap_clk                            |
| ap_rst    | reset      | ap_rst                            |
| ap_ctrl   | ap_ctrl_hs | ap_done ap_idle ap_ready ap_start |
+-----------+------------+-----------------------------------+


================================================================
== SW I/O Information
================================================================
* Top Function Arguments
+----------+-----------+----------+
| Argument | Direction | Datatype |
+----------+-----------+----------+
| a        | inout     | int*     |
+----------+-----------+----------+

* SW-to-HW Mapping
+----------+--------------+---------+----------+
| Argument | HW Interface | HW Type | HW Usage |
+----------+--------------+---------+----------+
| a        | a_address0   | port    | offset   |
| a        | a_ce0        | port    |          |
| a        | a_we0        | port    |          |
| a        | a_d0         | port    |          |
| a        | a_q0         | port    |          |
+----------+--------------+---------+----------+


================================================================
== M_AXI Burst Information
================================================================
 Note: All burst requests might be further partitioned into multiple requests during RTL generation based on max_read_burst_length or max_write_burst_length settings.

  No burst in design

================================================================
== Bind Op Report
================================================================
+-----------------------------------+-----+--------+-----------+-----+--------+---------+
| Name                              | DSP | Pragma | Variable  | Op  | Impl   | Latency |
+-----------------------------------+-----+--------+-----------+-----+--------+---------+
| + ms_mergesort                    | 0   |        |           |     |        |         |
|   to_fu_132_p2                    | -   |        | to        | add | fabric | 0       |
|   i_fu_157_p2                     | -   |        | i         | add | fabric | 0       |
|  + merge_1                        | 0   |        |           |     |        |         |
|    add_ln7_fu_92_p2               | -   |        | add_ln7   | add | fabric | 0       |
|    j_fu_107_p2                    | -   |        | j         | add | fabric | 0       |
|    add_ln12_fu_125_p2             | -   |        | add_ln12  | add | fabric | 0       |
|   + merge_1_Pipeline_merge_label1 | 0   |        |           |     |        |         |
|     add_ln7_1_fu_112_p2           | -   |        | add_ln7_1 | add | fabric | 0       |
|   + merge_1_Pipeline_merge_label2 | 0   |        |           |     |        |         |
|     sub_ln14_fu_123_p2            | -   |        | sub_ln14  | sub | fabric | 0       |
|     add_ln12_fu_128_p2            | -   |        | add_ln12  | add | fabric | 0       |
|   + merge_1_Pipeline_merge_label3 | 0   |        |           |     |        |         |
|     i_4_fu_192_p2                 | -   |        | i_4       | add | fabric | 0       |
|     j_2_fu_202_p2                 | -   |        | j_2       | add | fabric | 0       |
|     add_ln20_fu_171_p2            | -   |        | add_ln20  | add | fabric | 0       |
+-----------------------------------+-----+--------+-----------+-----+--------+---------+


================================================================
== Bind Storage Report
================================================================
+----------------+------+------+--------+----------+---------+------+---------+
| Name           | BRAM | URAM | Pragma | Variable | Storage | Impl | Latency |
+----------------+------+------+--------+----------+---------+------+---------+
| + ms_mergesort | 4    | 0    |        |          |         |      |         |
|  + merge_1     | 4    | 0    |        |          |         |      |         |
|    temp_U      | 4    | -    |        | temp     | ram_s2p | auto | 1       |
+----------------+------+------+--------+----------+---------+------+---------+


================================================================
== Pragma Report
================================================================
* Valid Pragma Syntax
+----------------+-------------------------------------+---------------------------+
| Type           | Options                             | Location                  |
+----------------+-------------------------------------+---------------------------+
| loop_tripcount | min=1 max=2048 avg=2048/2           | sort.c:8 in merge         |
| loop_tripcount | min=1 max=2048 avg=2048/2           | sort.c:13 in merge        |
| loop_tripcount | min=1 max=2048 avg=2048*3/4         | sort.c:21 in merge        |
| loop_tripcount | min=1 max=2048 avg=2048             | sort.c:42 in ms_mergesort |
| loop_tripcount | min=1 max=2048/(2*1) avg=2048/(4*1) | sort.c:44 in ms_mergesort |
+----------------+-------------------------------------+---------------------------+


