

================================================================
== Vitis HLS Report for 'md_knn'
================================================================
* Date:           Thu May 22 09:13:08 2025

* Version:        2022.2.2 (Build 3779808 on Feb 17 2023)
* Project:        hls_prj
* Solution:       solution (Vivado IP Flow Target)
* Product family: virtexuplus
* Target device:  xcu55c-fsvh2892-2L-e


================================================================
== Performance Estimates
================================================================
+ Timing: 
    * Summary: 
    +--------+---------+----------+------------+
    |  Clock |  Target | Estimated| Uncertainty|
    +--------+---------+----------+------------+
    |ap_clk  |  5.00 ns|  3.330 ns|     1.35 ns|
    +--------+---------+----------+------------+

+ Latency: 
    * Summary: 
    +---------+---------+----------+----------+---------+---------+---------+
    |  Latency (cycles) |  Latency (absolute) |      Interval     | Pipeline|
    |   min   |   max   |    min   |    max   |   min   |   max   |   Type  |
    +---------+---------+----------+----------+---------+---------+---------+
    |  1310808|  1310808|  6.554 ms|  6.554 ms|  1310809|  1310809|       no|
    +---------+---------+----------+----------+---------+---------+---------+

    + Detail: 
        * Instance: 
        N/A

        * Loop: 
        +-----------------+---------+---------+----------+-----------+-----------+--------+----------+
        |                 |  Latency (cycles) | Iteration|  Initiation Interval  |  Trip  |          |
        |    Loop Name    |   min   |   max   |  Latency |  achieved |   target  |  Count | Pipelined|
        +-----------------+---------+---------+----------+-----------+-----------+--------+----------+
        |- loop_i_loop_j  |  1310806|  1310806|        92|          5|          1|  262144|       yes|
        +-----------------+---------+---------+----------+-----------+-----------+--------+----------+

============================================================
+ Verbose Summary: Synthesis Manager
============================================================
InlineROM: 1
ExposeGlobal: 0
============================================================
+ Verbose Summary: CDFG Model
============================================================
IsTopModel: 1
ResetActiveHigh: 1
IsCombinational: 0
IsDatapathOnly: 0
HasWiredReturn: 1
HasMFsm: 2
HasVarLatency: 1
IsPipeline: 0
IsRtlPipelined: 0
IsInstanceOverlapped: 0
IsDontTouch: 0
HasImplIP: 0
IsGatedGlobalClock: 0

+ Individual pipeline summary: 
  * Pipeline-0: initiation interval (II) = 5, depth = 92


============================================================
+ Verbose Summary: Schedule
============================================================
* Number of FSM states : 92
* Pipeline : 1
  Pipeline-0 : II = 5, D = 92, States = { 1 2 3 4 5 6 7 8 9 10 11 12 13 14 15 16 17 18 19 20 21 22 23 24 25 26 27 28 29 30 31 32 33 34 35 36 37 38 39 40 41 42 43 44 45 46 47 48 49 50 51 52 53 54 55 56 57 58 59 60 61 62 63 64 65 66 67 68 69 70 71 72 73 74 75 76 77 78 79 80 81 82 83 84 85 86 87 88 89 90 91 92 }
* Dataflow Pipeline: 0

* FSM state transitions: 
1 --> 2 
2 --> 3 
3 --> 4 
4 --> 5 
5 --> 6 
6 --> 7 
7 --> 8 
8 --> 9 
9 --> 10 
10 --> 11 
11 --> 12 
12 --> 13 
13 --> 14 
14 --> 15 
15 --> 16 
16 --> 17 
17 --> 18 
18 --> 19 
19 --> 20 
20 --> 21 
21 --> 22 
22 --> 23 
23 --> 24 
24 --> 25 
25 --> 26 
26 --> 27 
27 --> 28 
28 --> 29 
29 --> 30 
30 --> 31 
31 --> 32 
32 --> 33 
33 --> 34 
34 --> 35 
35 --> 36 
36 --> 37 
37 --> 38 
38 --> 39 
39 --> 40 
40 --> 41 
41 --> 42 
42 --> 43 
43 --> 44 
44 --> 45 
45 --> 46 
46 --> 47 
47 --> 48 
48 --> 49 
49 --> 50 
50 --> 51 
51 --> 52 
52 --> 53 
53 --> 54 
54 --> 55 
55 --> 56 
56 --> 57 
57 --> 58 
58 --> 59 
59 --> 60 
60 --> 61 
61 --> 62 
62 --> 63 
63 --> 64 
64 --> 65 
65 --> 66 
66 --> 67 
67 --> 68 
68 --> 69 
69 --> 70 
70 --> 71 
71 --> 72 
72 --> 73 
73 --> 74 
74 --> 75 
75 --> 76 
76 --> 77 
77 --> 78 
78 --> 79 
79 --> 80 
80 --> 81 
81 --> 82 
82 --> 83 
83 --> 84 
84 --> 85 
85 --> 86 
86 --> 87 
87 --> 88 
88 --> 89 
89 --> 90 
90 --> 91 
91 --> 92 
92 --> 

* FSM state operations: 

State 1 <SV = 0> <Delay = 2.28>
ST_1 : Operation 95 [1/1] (0.00ns)   --->   "%fx = alloca i32 1"   --->   Operation 95 'alloca' 'fx' <Predicate = true> <Delay = 0.00>
ST_1 : Operation 96 [1/1] (0.00ns)   --->   "%fy = alloca i32 1"   --->   Operation 96 'alloca' 'fy' <Predicate = true> <Delay = 0.00>
ST_1 : Operation 97 [1/1] (0.00ns)   --->   "%fz = alloca i32 1"   --->   Operation 97 'alloca' 'fz' <Predicate = true> <Delay = 0.00>
ST_1 : Operation 98 [1/1] (0.00ns)   --->   "%j = alloca i32 1"   --->   Operation 98 'alloca' 'j' <Predicate = true> <Delay = 0.00>
ST_1 : Operation 99 [1/1] (0.00ns)   --->   "%i = alloca i32 1"   --->   Operation 99 'alloca' 'i' <Predicate = true> <Delay = 0.00>
ST_1 : Operation 100 [1/1] (0.00ns)   --->   "%indvar_flatten = alloca i32 1"   --->   Operation 100 'alloca' 'indvar_flatten' <Predicate = true> <Delay = 0.00>
ST_1 : Operation 101 [1/1] (0.00ns)   --->   "%spectopmodule_ln10 = spectopmodule void @_ssdm_op_SpecTopModule, void @empty_1" [md_knn.c:10]   --->   Operation 101 'spectopmodule' 'spectopmodule_ln10' <Predicate = true> <Delay = 0.00>
ST_1 : Operation 102 [1/1] (0.00ns)   --->   "%specinterface_ln0 = specinterface void @_ssdm_op_SpecInterface, i64 %force_x, void @empty, i32 0, i32 0, void @empty_0, i32 4294967295, i32 0, void @empty_0, void @empty_0, void @empty_0, i32 0, i32 0, i32 0, i32 0, void @empty_0, void @empty_0, i32 4294967295, i32 0"   --->   Operation 102 'specinterface' 'specinterface_ln0' <Predicate = true> <Delay = 0.00>
ST_1 : Operation 103 [1/1] (0.00ns)   --->   "%specbitsmap_ln0 = specbitsmap void @_ssdm_op_SpecBitsMap, i64 %force_x"   --->   Operation 103 'specbitsmap' 'specbitsmap_ln0' <Predicate = true> <Delay = 0.00>
ST_1 : Operation 104 [1/1] (0.00ns)   --->   "%specinterface_ln0 = specinterface void @_ssdm_op_SpecInterface, i64 %force_y, void @empty, i32 0, i32 0, void @empty_0, i32 4294967295, i32 0, void @empty_0, void @empty_0, void @empty_0, i32 0, i32 0, i32 0, i32 0, void @empty_0, void @empty_0, i32 4294967295, i32 0"   --->   Operation 104 'specinterface' 'specinterface_ln0' <Predicate = true> <Delay = 0.00>
ST_1 : Operation 105 [1/1] (0.00ns)   --->   "%specbitsmap_ln0 = specbitsmap void @_ssdm_op_SpecBitsMap, i64 %force_y"   --->   Operation 105 'specbitsmap' 'specbitsmap_ln0' <Predicate = true> <Delay = 0.00>
ST_1 : Operation 106 [1/1] (0.00ns)   --->   "%specinterface_ln0 = specinterface void @_ssdm_op_SpecInterface, i64 %force_z, void @empty, i32 0, i32 0, void @empty_0, i32 4294967295, i32 0, void @empty_0, void @empty_0, void @empty_0, i32 0, i32 0, i32 0, i32 0, void @empty_0, void @empty_0, i32 4294967295, i32 0"   --->   Operation 106 'specinterface' 'specinterface_ln0' <Predicate = true> <Delay = 0.00>
ST_1 : Operation 107 [1/1] (0.00ns)   --->   "%specbitsmap_ln0 = specbitsmap void @_ssdm_op_SpecBitsMap, i64 %force_z"   --->   Operation 107 'specbitsmap' 'specbitsmap_ln0' <Predicate = true> <Delay = 0.00>
ST_1 : Operation 108 [1/1] (0.00ns)   --->   "%specinterface_ln0 = specinterface void @_ssdm_op_SpecInterface, i64 %position_x, void @empty, i32 0, i32 0, void @empty_0, i32 4294967295, i32 0, void @empty_0, void @empty_0, void @empty_0, i32 0, i32 0, i32 0, i32 0, void @empty_0, void @empty_0, i32 4294967295, i32 0"   --->   Operation 108 'specinterface' 'specinterface_ln0' <Predicate = true> <Delay = 0.00>
ST_1 : Operation 109 [1/1] (0.00ns)   --->   "%specbitsmap_ln0 = specbitsmap void @_ssdm_op_SpecBitsMap, i64 %position_x"   --->   Operation 109 'specbitsmap' 'specbitsmap_ln0' <Predicate = true> <Delay = 0.00>
ST_1 : Operation 110 [1/1] (0.00ns)   --->   "%specinterface_ln0 = specinterface void @_ssdm_op_SpecInterface, i64 %position_y, void @empty, i32 0, i32 0, void @empty_0, i32 4294967295, i32 0, void @empty_0, void @empty_0, void @empty_0, i32 0, i32 0, i32 0, i32 0, void @empty_0, void @empty_0, i32 4294967295, i32 0"   --->   Operation 110 'specinterface' 'specinterface_ln0' <Predicate = true> <Delay = 0.00>
ST_1 : Operation 111 [1/1] (0.00ns)   --->   "%specbitsmap_ln0 = specbitsmap void @_ssdm_op_SpecBitsMap, i64 %position_y"   --->   Operation 111 'specbitsmap' 'specbitsmap_ln0' <Predicate = true> <Delay = 0.00>
ST_1 : Operation 112 [1/1] (0.00ns)   --->   "%specinterface_ln0 = specinterface void @_ssdm_op_SpecInterface, i64 %position_z, void @empty, i32 0, i32 0, void @empty_0, i32 4294967295, i32 0, void @empty_0, void @empty_0, void @empty_0, i32 0, i32 0, i32 0, i32 0, void @empty_0, void @empty_0, i32 4294967295, i32 0"   --->   Operation 112 'specinterface' 'specinterface_ln0' <Predicate = true> <Delay = 0.00>
ST_1 : Operation 113 [1/1] (0.00ns)   --->   "%specbitsmap_ln0 = specbitsmap void @_ssdm_op_SpecBitsMap, i64 %position_z"   --->   Operation 113 'specbitsmap' 'specbitsmap_ln0' <Predicate = true> <Delay = 0.00>
ST_1 : Operation 114 [1/1] (0.00ns)   --->   "%specinterface_ln0 = specinterface void @_ssdm_op_SpecInterface, i32 %NL, void @empty, i32 0, i32 0, void @empty_0, i32 4294967295, i32 0, void @empty_0, void @empty_0, void @empty_0, i32 0, i32 0, i32 0, i32 0, void @empty_0, void @empty_0, i32 4294967295, i32 0"   --->   Operation 114 'specinterface' 'specinterface_ln0' <Predicate = true> <Delay = 0.00>
ST_1 : Operation 115 [1/1] (0.00ns)   --->   "%specbitsmap_ln0 = specbitsmap void @_ssdm_op_SpecBitsMap, i32 %NL"   --->   Operation 115 'specbitsmap' 'specbitsmap_ln0' <Predicate = true> <Delay = 0.00>
ST_1 : Operation 116 [1/1] (0.38ns)   --->   "%store_ln18 = store i19 0, i19 %indvar_flatten" [md_knn.c:18]   --->   Operation 116 'store' 'store_ln18' <Predicate = true> <Delay = 0.38>
ST_1 : Operation 117 [1/1] (0.38ns)   --->   "%store_ln18 = store i11 0, i11 %i" [md_knn.c:18]   --->   Operation 117 'store' 'store_ln18' <Predicate = true> <Delay = 0.38>
ST_1 : Operation 118 [1/1] (0.38ns)   --->   "%store_ln18 = store i9 0, i9 %j" [md_knn.c:18]   --->   Operation 118 'store' 'store_ln18' <Predicate = true> <Delay = 0.38>
ST_1 : Operation 119 [1/1] (0.38ns)   --->   "%store_ln18 = store i64 0, i64 %fz" [md_knn.c:18]   --->   Operation 119 'store' 'store_ln18' <Predicate = true> <Delay = 0.38>
ST_1 : Operation 120 [1/1] (0.38ns)   --->   "%store_ln18 = store i64 0, i64 %fy" [md_knn.c:18]   --->   Operation 120 'store' 'store_ln18' <Predicate = true> <Delay = 0.38>
ST_1 : Operation 121 [1/1] (0.38ns)   --->   "%store_ln18 = store i64 0, i64 %fx" [md_knn.c:18]   --->   Operation 121 'store' 'store_ln18' <Predicate = true> <Delay = 0.38>
ST_1 : Operation 122 [1/1] (0.00ns)   --->   "%br_ln18 = br void %for.inc" [md_knn.c:18]   --->   Operation 122 'br' 'br_ln18' <Predicate = true> <Delay = 0.00>
ST_1 : Operation 123 [1/1] (0.00ns)   --->   "%indvar_flatten_load = load i19 %indvar_flatten" [md_knn.c:18]   --->   Operation 123 'load' 'indvar_flatten_load' <Predicate = true> <Delay = 0.00>
ST_1 : Operation 124 [1/1] (0.00ns)   --->   "%specpipeline_ln0 = specpipeline void @_ssdm_op_SpecPipeline, i32 4294967295, i32 0, i32 1, i32 0, void @p_str"   --->   Operation 124 'specpipeline' 'specpipeline_ln0' <Predicate = true> <Delay = 0.00>
ST_1 : Operation 125 [1/1] (0.71ns)   --->   "%icmp_ln18 = icmp_eq  i19 %indvar_flatten_load, i19 262144" [md_knn.c:18]   --->   Operation 125 'icmp' 'icmp_ln18' <Predicate = true> <Delay = 0.71> <CoreInst = "Cmp">   --->   Core 9 'Cmp' <Latency = 0> <II = 1> <Delay = 0.71> <FuncUnit> <Opcode : 'icmp'> <InPorts = 2> <OutPorts = 1>
ST_1 : Operation 126 [1/1] (0.80ns)   --->   "%add_ln18 = add i19 %indvar_flatten_load, i19 1" [md_knn.c:18]   --->   Operation 126 'add' 'add_ln18' <Predicate = true> <Delay = 0.80> <CoreInst = "Adder">   --->   Core 1 'Adder' <Latency = 0> <II = 1> <Delay = 0.80> <FuncUnit> <Opcode : 'add' 'sub'> <InPorts = 2> <OutPorts = 1>
ST_1 : Operation 127 [1/1] (0.00ns)   --->   "%br_ln18 = br i1 %icmp_ln18, void %for.inc41, void %for.end43" [md_knn.c:18]   --->   Operation 127 'br' 'br_ln18' <Predicate = true> <Delay = 0.00>
ST_1 : Operation 128 [1/1] (0.00ns)   --->   "%j_load = load i9 %j" [md_knn.c:25]   --->   Operation 128 'load' 'j_load' <Predicate = (!icmp_ln18)> <Delay = 0.00>
ST_1 : Operation 129 [1/1] (0.00ns)   --->   "%i_load = load i11 %i" [md_knn.c:18]   --->   Operation 129 'load' 'i_load' <Predicate = (!icmp_ln18)> <Delay = 0.00>
ST_1 : Operation 130 [1/1] (0.59ns)   --->   "%icmp_ln25 = icmp_eq  i9 %j_load, i9 256" [md_knn.c:25]   --->   Operation 130 'icmp' 'icmp_ln25' <Predicate = (!icmp_ln18)> <Delay = 0.59> <CoreInst = "Cmp">   --->   Core 9 'Cmp' <Latency = 0> <II = 1> <Delay = 0.59> <FuncUnit> <Opcode : 'icmp'> <InPorts = 2> <OutPorts = 1>
ST_1 : Operation 131 [1/1] (0.30ns)   --->   "%select_ln18 = select i1 %icmp_ln25, i9 0, i9 %j_load" [md_knn.c:18]   --->   Operation 131 'select' 'select_ln18' <Predicate = (!icmp_ln18)> <Delay = 0.30> <CoreInst = "Sel">   --->   Core 73 'Sel' <Latency = 0> <II = 1> <Delay = 0.30> <FuncUnit> <Opcode : 'select'> <InPorts = 3> <OutPorts = 1>
ST_1 : Operation 132 [1/1] (0.73ns)   --->   "%add_ln18_1 = add i11 %i_load, i11 1" [md_knn.c:18]   --->   Operation 132 'add' 'add_ln18_1' <Predicate = (!icmp_ln18)> <Delay = 0.73> <CoreInst = "Adder">   --->   Core 1 'Adder' <Latency = 0> <II = 1> <Delay = 0.73> <FuncUnit> <Opcode : 'add' 'sub'> <InPorts = 2> <OutPorts = 1>
ST_1 : Operation 133 [1/1] (0.30ns)   --->   "%select_ln18_4 = select i1 %icmp_ln25, i11 %add_ln18_1, i11 %i_load" [md_knn.c:18]   --->   Operation 133 'select' 'select_ln18_4' <Predicate = (!icmp_ln18)> <Delay = 0.30> <CoreInst = "Sel">   --->   Core 73 'Sel' <Latency = 0> <II = 1> <Delay = 0.30> <FuncUnit> <Opcode : 'select'> <InPorts = 3> <OutPorts = 1>
ST_1 : Operation 134 [1/1] (0.00ns)   --->   "%zext_ln18 = zext i11 %select_ln18_4" [md_knn.c:18]   --->   Operation 134 'zext' 'zext_ln18' <Predicate = (!icmp_ln18)> <Delay = 0.00>
ST_1 : Operation 135 [1/1] (0.00ns)   --->   "%position_x_addr = getelementptr i64 %position_x, i64 0, i64 %zext_ln18" [md_knn.c:19]   --->   Operation 135 'getelementptr' 'position_x_addr' <Predicate = (!icmp_ln18)> <Delay = 0.00>
ST_1 : Operation 136 [2/2] (1.20ns)   --->   "%position_x_load = load i10 %position_x_addr" [md_knn.c:18]   --->   Operation 136 'load' 'position_x_load' <Predicate = (!icmp_ln18)> <Delay = 1.20> <CoreInst = "RAM">   --->   Core 83 'RAM' <Latency = 1> <II = 1> <Delay = 1.20> <Storage> <Opcode : 'load' 'store'> <Ports = 2> <Width = 64> <Depth = 1024> <RAM>
ST_1 : Operation 137 [1/1] (0.00ns)   --->   "%position_y_addr = getelementptr i64 %position_y, i64 0, i64 %zext_ln18" [md_knn.c:20]   --->   Operation 137 'getelementptr' 'position_y_addr' <Predicate = (!icmp_ln18)> <Delay = 0.00>
ST_1 : Operation 138 [2/2] (1.20ns)   --->   "%position_y_load = load i10 %position_y_addr" [md_knn.c:18]   --->   Operation 138 'load' 'position_y_load' <Predicate = (!icmp_ln18)> <Delay = 1.20> <CoreInst = "RAM">   --->   Core 83 'RAM' <Latency = 1> <II = 1> <Delay = 1.20> <Storage> <Opcode : 'load' 'store'> <Ports = 2> <Width = 64> <Depth = 1024> <RAM>
ST_1 : Operation 139 [1/1] (0.00ns)   --->   "%position_z_addr = getelementptr i64 %position_z, i64 0, i64 %zext_ln18" [md_knn.c:21]   --->   Operation 139 'getelementptr' 'position_z_addr' <Predicate = (!icmp_ln18)> <Delay = 0.00>
ST_1 : Operation 140 [2/2] (1.20ns)   --->   "%position_z_load = load i10 %position_z_addr" [md_knn.c:18]   --->   Operation 140 'load' 'position_z_load' <Predicate = (!icmp_ln18)> <Delay = 1.20> <CoreInst = "RAM">   --->   Core 83 'RAM' <Latency = 1> <II = 1> <Delay = 1.20> <Storage> <Opcode : 'load' 'store'> <Ports = 2> <Width = 64> <Depth = 1024> <RAM>
ST_1 : Operation 141 [1/1] (0.00ns)   --->   "%trunc_ln18 = trunc i11 %select_ln18_4" [md_knn.c:18]   --->   Operation 141 'trunc' 'trunc_ln18' <Predicate = (!icmp_ln18)> <Delay = 0.00>
ST_1 : Operation 142 [1/1] (0.00ns)   --->   "%trunc_ln27 = trunc i9 %select_ln18" [md_knn.c:27]   --->   Operation 142 'trunc' 'trunc_ln27' <Predicate = (!icmp_ln18)> <Delay = 0.00>
ST_1 : Operation 143 [1/1] (0.00ns)   --->   "%add_ln = bitconcatenate i18 @_ssdm_op_BitConcatenate.i18.i10.i8, i10 %trunc_ln18, i8 %trunc_ln27" [md_knn.c:27]   --->   Operation 143 'bitconcatenate' 'add_ln' <Predicate = (!icmp_ln18)> <Delay = 0.00>
ST_1 : Operation 144 [1/1] (0.00ns)   --->   "%zext_ln27 = zext i18 %add_ln" [md_knn.c:27]   --->   Operation 144 'zext' 'zext_ln27' <Predicate = (!icmp_ln18)> <Delay = 0.00>
ST_1 : Operation 145 [1/1] (0.00ns)   --->   "%NL_addr = getelementptr i32 %NL, i64 0, i64 %zext_ln27" [md_knn.c:27]   --->   Operation 145 'getelementptr' 'NL_addr' <Predicate = (!icmp_ln18)> <Delay = 0.00>
ST_1 : Operation 146 [2/2] (1.24ns)   --->   "%jidx = load i18 %NL_addr" [md_knn.c:27]   --->   Operation 146 'load' 'jidx' <Predicate = (!icmp_ln18)> <Delay = 1.24> <CoreInst = "RAM">   --->   Core 83 'RAM' <Latency = 1> <II = 1> <Delay = 1.24> <Storage> <Opcode : 'load' 'store'> <Ports = 2> <Width = 32> <Depth = 262144> <RAM>
ST_1 : Operation 147 [1/1] (0.38ns)   --->   "%store_ln18 = store i19 %add_ln18, i19 %indvar_flatten" [md_knn.c:18]   --->   Operation 147 'store' 'store_ln18' <Predicate = (!icmp_ln18)> <Delay = 0.38>
ST_1 : Operation 148 [1/1] (0.38ns)   --->   "%store_ln18 = store i11 %select_ln18_4, i11 %i" [md_knn.c:18]   --->   Operation 148 'store' 'store_ln18' <Predicate = (!icmp_ln18)> <Delay = 0.38>

State 2 <SV = 1> <Delay = 2.44>
ST_2 : Operation 149 [1/2] (1.20ns)   --->   "%position_x_load = load i10 %position_x_addr" [md_knn.c:18]   --->   Operation 149 'load' 'position_x_load' <Predicate = (!icmp_ln18)> <Delay = 1.20> <CoreInst = "RAM">   --->   Core 83 'RAM' <Latency = 1> <II = 1> <Delay = 1.20> <Storage> <Opcode : 'load' 'store'> <Ports = 2> <Width = 64> <Depth = 1024> <RAM>
ST_2 : Operation 150 [1/2] (1.20ns)   --->   "%position_y_load = load i10 %position_y_addr" [md_knn.c:18]   --->   Operation 150 'load' 'position_y_load' <Predicate = (!icmp_ln18)> <Delay = 1.20> <CoreInst = "RAM">   --->   Core 83 'RAM' <Latency = 1> <II = 1> <Delay = 1.20> <Storage> <Opcode : 'load' 'store'> <Ports = 2> <Width = 64> <Depth = 1024> <RAM>
ST_2 : Operation 151 [1/2] (1.20ns)   --->   "%position_z_load = load i10 %position_z_addr" [md_knn.c:18]   --->   Operation 151 'load' 'position_z_load' <Predicate = (!icmp_ln18)> <Delay = 1.20> <CoreInst = "RAM">   --->   Core 83 'RAM' <Latency = 1> <II = 1> <Delay = 1.20> <Storage> <Opcode : 'load' 'store'> <Ports = 2> <Width = 64> <Depth = 1024> <RAM>
ST_2 : Operation 152 [1/2] (1.24ns)   --->   "%jidx = load i18 %NL_addr" [md_knn.c:27]   --->   Operation 152 'load' 'jidx' <Predicate = (!icmp_ln18)> <Delay = 1.24> <CoreInst = "RAM">   --->   Core 83 'RAM' <Latency = 1> <II = 1> <Delay = 1.24> <Storage> <Opcode : 'load' 'store'> <Ports = 2> <Width = 32> <Depth = 262144> <RAM>
ST_2 : Operation 153 [1/1] (0.00ns)   --->   "%zext_ln29 = zext i32 %jidx" [md_knn.c:29]   --->   Operation 153 'zext' 'zext_ln29' <Predicate = (!icmp_ln18)> <Delay = 0.00>
ST_2 : Operation 154 [1/1] (0.00ns)   --->   "%position_x_addr_1 = getelementptr i64 %position_x, i64 0, i64 %zext_ln29" [md_knn.c:29]   --->   Operation 154 'getelementptr' 'position_x_addr_1' <Predicate = (!icmp_ln18)> <Delay = 0.00>
ST_2 : Operation 155 [2/2] (1.20ns)   --->   "%position_x_load_1 = load i10 %position_x_addr_1" [md_knn.c:29]   --->   Operation 155 'load' 'position_x_load_1' <Predicate = (!icmp_ln18)> <Delay = 1.20> <CoreInst = "RAM">   --->   Core 83 'RAM' <Latency = 1> <II = 1> <Delay = 1.20> <Storage> <Opcode : 'load' 'store'> <Ports = 2> <Width = 64> <Depth = 1024> <RAM>
ST_2 : Operation 156 [1/1] (0.00ns)   --->   "%position_y_addr_1 = getelementptr i64 %position_y, i64 0, i64 %zext_ln29" [md_knn.c:30]   --->   Operation 156 'getelementptr' 'position_y_addr_1' <Predicate = (!icmp_ln18)> <Delay = 0.00>
ST_2 : Operation 157 [2/2] (1.20ns)   --->   "%position_y_load_1 = load i10 %position_y_addr_1" [md_knn.c:30]   --->   Operation 157 'load' 'position_y_load_1' <Predicate = (!icmp_ln18)> <Delay = 1.20> <CoreInst = "RAM">   --->   Core 83 'RAM' <Latency = 1> <II = 1> <Delay = 1.20> <Storage> <Opcode : 'load' 'store'> <Ports = 2> <Width = 64> <Depth = 1024> <RAM>
ST_2 : Operation 158 [1/1] (0.00ns)   --->   "%position_z_addr_1 = getelementptr i64 %position_z, i64 0, i64 %zext_ln29" [md_knn.c:31]   --->   Operation 158 'getelementptr' 'position_z_addr_1' <Predicate = (!icmp_ln18)> <Delay = 0.00>
ST_2 : Operation 159 [2/2] (1.20ns)   --->   "%position_z_load_1 = load i10 %position_z_addr_1" [md_knn.c:31]   --->   Operation 159 'load' 'position_z_load_1' <Predicate = (!icmp_ln18)> <Delay = 1.20> <CoreInst = "RAM">   --->   Core 83 'RAM' <Latency = 1> <II = 1> <Delay = 1.20> <Storage> <Opcode : 'load' 'store'> <Ports = 2> <Width = 64> <Depth = 1024> <RAM>

State 3 <SV = 2> <Delay = 1.20>
ST_3 : Operation 160 [1/2] (1.20ns)   --->   "%position_x_load_1 = load i10 %position_x_addr_1" [md_knn.c:29]   --->   Operation 160 'load' 'position_x_load_1' <Predicate = (!icmp_ln18)> <Delay = 1.20> <CoreInst = "RAM">   --->   Core 83 'RAM' <Latency = 1> <II = 1> <Delay = 1.20> <Storage> <Opcode : 'load' 'store'> <Ports = 2> <Width = 64> <Depth = 1024> <RAM>
ST_3 : Operation 161 [1/2] (1.20ns)   --->   "%position_y_load_1 = load i10 %position_y_addr_1" [md_knn.c:30]   --->   Operation 161 'load' 'position_y_load_1' <Predicate = (!icmp_ln18)> <Delay = 1.20> <CoreInst = "RAM">   --->   Core 83 'RAM' <Latency = 1> <II = 1> <Delay = 1.20> <Storage> <Opcode : 'load' 'store'> <Ports = 2> <Width = 64> <Depth = 1024> <RAM>
ST_3 : Operation 162 [1/2] (1.20ns)   --->   "%position_z_load_1 = load i10 %position_z_addr_1" [md_knn.c:31]   --->   Operation 162 'load' 'position_z_load_1' <Predicate = (!icmp_ln18)> <Delay = 1.20> <CoreInst = "RAM">   --->   Core 83 'RAM' <Latency = 1> <II = 1> <Delay = 1.20> <Storage> <Opcode : 'load' 'store'> <Ports = 2> <Width = 64> <Depth = 1024> <RAM>

State 4 <SV = 3> <Delay = 2.89>
ST_4 : Operation 163 [1/1] (0.00ns)   --->   "%bitcast_ln18 = bitcast i64 %position_x_load" [md_knn.c:18]   --->   Operation 163 'bitcast' 'bitcast_ln18' <Predicate = (!icmp_ln18)> <Delay = 0.00>
ST_4 : Operation 164 [1/1] (0.00ns)   --->   "%bitcast_ln18_1 = bitcast i64 %position_y_load" [md_knn.c:18]   --->   Operation 164 'bitcast' 'bitcast_ln18_1' <Predicate = (!icmp_ln18)> <Delay = 0.00>
ST_4 : Operation 165 [1/1] (0.00ns)   --->   "%j_x = bitcast i64 %position_x_load_1" [md_knn.c:29]   --->   Operation 165 'bitcast' 'j_x' <Predicate = (!icmp_ln18)> <Delay = 0.00>
ST_4 : Operation 166 [1/1] (0.00ns)   --->   "%j_y = bitcast i64 %position_y_load_1" [md_knn.c:30]   --->   Operation 166 'bitcast' 'j_y' <Predicate = (!icmp_ln18)> <Delay = 0.00>
ST_4 : Operation 167 [5/5] (2.89ns)   --->   "%delx = dsub i64 %bitcast_ln18, i64 %j_x" [md_knn.c:33]   --->   Operation 167 'dsub' 'delx' <Predicate = (!icmp_ln18)> <Delay = 2.89> <CoreInst = "DAddSub_fulldsp">   --->   Core 37 'DAddSub_fulldsp' <Latency = 4> <II = 1> <Delay = 2.89> <FuncUnit> <Opcode : 'dadd' 'dsub'> <InPorts = 2> <OutPorts = 1>
ST_4 : Operation 168 [5/5] (2.89ns)   --->   "%dely = dsub i64 %bitcast_ln18_1, i64 %j_y" [md_knn.c:34]   --->   Operation 168 'dsub' 'dely' <Predicate = (!icmp_ln18)> <Delay = 2.89> <CoreInst = "DAddSub_fulldsp">   --->   Core 37 'DAddSub_fulldsp' <Latency = 4> <II = 1> <Delay = 2.89> <FuncUnit> <Opcode : 'dadd' 'dsub'> <InPorts = 2> <OutPorts = 1>

State 5 <SV = 4> <Delay = 2.89>
ST_5 : Operation 169 [1/1] (0.00ns)   --->   "%bitcast_ln18_2 = bitcast i64 %position_z_load" [md_knn.c:18]   --->   Operation 169 'bitcast' 'bitcast_ln18_2' <Predicate = (!icmp_ln18)> <Delay = 0.00>
ST_5 : Operation 170 [1/1] (0.00ns)   --->   "%j_z = bitcast i64 %position_z_load_1" [md_knn.c:31]   --->   Operation 170 'bitcast' 'j_z' <Predicate = (!icmp_ln18)> <Delay = 0.00>
ST_5 : Operation 171 [4/5] (2.89ns)   --->   "%delx = dsub i64 %bitcast_ln18, i64 %j_x" [md_knn.c:33]   --->   Operation 171 'dsub' 'delx' <Predicate = (!icmp_ln18)> <Delay = 2.89> <CoreInst = "DAddSub_fulldsp">   --->   Core 37 'DAddSub_fulldsp' <Latency = 4> <II = 1> <Delay = 2.89> <FuncUnit> <Opcode : 'dadd' 'dsub'> <InPorts = 2> <OutPorts = 1>
ST_5 : Operation 172 [4/5] (2.89ns)   --->   "%dely = dsub i64 %bitcast_ln18_1, i64 %j_y" [md_knn.c:34]   --->   Operation 172 'dsub' 'dely' <Predicate = (!icmp_ln18)> <Delay = 2.89> <CoreInst = "DAddSub_fulldsp">   --->   Core 37 'DAddSub_fulldsp' <Latency = 4> <II = 1> <Delay = 2.89> <FuncUnit> <Opcode : 'dadd' 'dsub'> <InPorts = 2> <OutPorts = 1>
ST_5 : Operation 173 [5/5] (2.89ns)   --->   "%delz = dsub i64 %bitcast_ln18_2, i64 %j_z" [md_knn.c:35]   --->   Operation 173 'dsub' 'delz' <Predicate = (!icmp_ln18)> <Delay = 2.89> <CoreInst = "DAddSub_fulldsp">   --->   Core 37 'DAddSub_fulldsp' <Latency = 4> <II = 1> <Delay = 2.89> <FuncUnit> <Opcode : 'dadd' 'dsub'> <InPorts = 2> <OutPorts = 1>
ST_5 : Operation 174 [1/1] (0.71ns)   --->   "%add_ln25 = add i9 %select_ln18, i9 1" [md_knn.c:25]   --->   Operation 174 'add' 'add_ln25' <Predicate = (!icmp_ln18)> <Delay = 0.71> <CoreInst = "Adder">   --->   Core 1 'Adder' <Latency = 0> <II = 1> <Delay = 0.71> <FuncUnit> <Opcode : 'add' 'sub'> <InPorts = 2> <OutPorts = 1>
ST_5 : Operation 175 [1/1] (0.59ns)   --->   "%ifzero = icmp_eq  i9 %add_ln25, i9 256" [md_knn.c:25]   --->   Operation 175 'icmp' 'ifzero' <Predicate = (!icmp_ln18)> <Delay = 0.59> <CoreInst = "Cmp">   --->   Core 9 'Cmp' <Latency = 0> <II = 1> <Delay = 0.59> <FuncUnit> <Opcode : 'icmp'> <InPorts = 2> <OutPorts = 1>
ST_5 : Operation 176 [1/1] (0.00ns)   --->   "%br_ln25 = br i1 %ifzero, void %ifFalse, void %ifTrue" [md_knn.c:25]   --->   Operation 176 'br' 'br_ln25' <Predicate = (!icmp_ln18)> <Delay = 0.00>
ST_5 : Operation 177 [1/1] (0.38ns)   --->   "%store_ln25 = store i9 %add_ln25, i9 %j" [md_knn.c:25]   --->   Operation 177 'store' 'store_ln25' <Predicate = (!icmp_ln18)> <Delay = 0.38>

State 6 <SV = 5> <Delay = 2.89>
ST_6 : Operation 178 [3/5] (2.89ns)   --->   "%delx = dsub i64 %bitcast_ln18, i64 %j_x" [md_knn.c:33]   --->   Operation 178 'dsub' 'delx' <Predicate = true> <Delay = 2.89> <CoreInst = "DAddSub_fulldsp">   --->   Core 37 'DAddSub_fulldsp' <Latency = 4> <II = 1> <Delay = 2.89> <FuncUnit> <Opcode : 'dadd' 'dsub'> <InPorts = 2> <OutPorts = 1>
ST_6 : Operation 179 [3/5] (2.89ns)   --->   "%dely = dsub i64 %bitcast_ln18_1, i64 %j_y" [md_knn.c:34]   --->   Operation 179 'dsub' 'dely' <Predicate = true> <Delay = 2.89> <CoreInst = "DAddSub_fulldsp">   --->   Core 37 'DAddSub_fulldsp' <Latency = 4> <II = 1> <Delay = 2.89> <FuncUnit> <Opcode : 'dadd' 'dsub'> <InPorts = 2> <OutPorts = 1>
ST_6 : Operation 180 [4/5] (2.89ns)   --->   "%delz = dsub i64 %bitcast_ln18_2, i64 %j_z" [md_knn.c:35]   --->   Operation 180 'dsub' 'delz' <Predicate = true> <Delay = 2.89> <CoreInst = "DAddSub_fulldsp">   --->   Core 37 'DAddSub_fulldsp' <Latency = 4> <II = 1> <Delay = 2.89> <FuncUnit> <Opcode : 'dadd' 'dsub'> <InPorts = 2> <OutPorts = 1>

State 7 <SV = 6> <Delay = 2.89>
ST_7 : Operation 181 [2/5] (2.89ns)   --->   "%delx = dsub i64 %bitcast_ln18, i64 %j_x" [md_knn.c:33]   --->   Operation 181 'dsub' 'delx' <Predicate = true> <Delay = 2.89> <CoreInst = "DAddSub_fulldsp">   --->   Core 37 'DAddSub_fulldsp' <Latency = 4> <II = 1> <Delay = 2.89> <FuncUnit> <Opcode : 'dadd' 'dsub'> <InPorts = 2> <OutPorts = 1>
ST_7 : Operation 182 [2/5] (2.89ns)   --->   "%dely = dsub i64 %bitcast_ln18_1, i64 %j_y" [md_knn.c:34]   --->   Operation 182 'dsub' 'dely' <Predicate = true> <Delay = 2.89> <CoreInst = "DAddSub_fulldsp">   --->   Core 37 'DAddSub_fulldsp' <Latency = 4> <II = 1> <Delay = 2.89> <FuncUnit> <Opcode : 'dadd' 'dsub'> <InPorts = 2> <OutPorts = 1>
ST_7 : Operation 183 [3/5] (2.89ns)   --->   "%delz = dsub i64 %bitcast_ln18_2, i64 %j_z" [md_knn.c:35]   --->   Operation 183 'dsub' 'delz' <Predicate = true> <Delay = 2.89> <CoreInst = "DAddSub_fulldsp">   --->   Core 37 'DAddSub_fulldsp' <Latency = 4> <II = 1> <Delay = 2.89> <FuncUnit> <Opcode : 'dadd' 'dsub'> <InPorts = 2> <OutPorts = 1>

State 8 <SV = 7> <Delay = 2.89>
ST_8 : Operation 184 [1/5] (2.89ns)   --->   "%delx = dsub i64 %bitcast_ln18, i64 %j_x" [md_knn.c:33]   --->   Operation 184 'dsub' 'delx' <Predicate = true> <Delay = 2.89> <CoreInst = "DAddSub_fulldsp">   --->   Core 37 'DAddSub_fulldsp' <Latency = 4> <II = 1> <Delay = 2.89> <FuncUnit> <Opcode : 'dadd' 'dsub'> <InPorts = 2> <OutPorts = 1>
ST_8 : Operation 185 [1/5] (2.89ns)   --->   "%dely = dsub i64 %bitcast_ln18_1, i64 %j_y" [md_knn.c:34]   --->   Operation 185 'dsub' 'dely' <Predicate = true> <Delay = 2.89> <CoreInst = "DAddSub_fulldsp">   --->   Core 37 'DAddSub_fulldsp' <Latency = 4> <II = 1> <Delay = 2.89> <FuncUnit> <Opcode : 'dadd' 'dsub'> <InPorts = 2> <OutPorts = 1>
ST_8 : Operation 186 [2/5] (2.89ns)   --->   "%delz = dsub i64 %bitcast_ln18_2, i64 %j_z" [md_knn.c:35]   --->   Operation 186 'dsub' 'delz' <Predicate = true> <Delay = 2.89> <CoreInst = "DAddSub_fulldsp">   --->   Core 37 'DAddSub_fulldsp' <Latency = 4> <II = 1> <Delay = 2.89> <FuncUnit> <Opcode : 'dadd' 'dsub'> <InPorts = 2> <OutPorts = 1>

State 9 <SV = 8> <Delay = 3.33>
ST_9 : Operation 187 [1/5] (2.89ns)   --->   "%delz = dsub i64 %bitcast_ln18_2, i64 %j_z" [md_knn.c:35]   --->   Operation 187 'dsub' 'delz' <Predicate = true> <Delay = 2.89> <CoreInst = "DAddSub_fulldsp">   --->   Core 37 'DAddSub_fulldsp' <Latency = 4> <II = 1> <Delay = 2.89> <FuncUnit> <Opcode : 'dadd' 'dsub'> <InPorts = 2> <OutPorts = 1>
ST_9 : Operation 188 [5/5] (3.33ns)   --->   "%mul = dmul i64 %delx, i64 %delx" [md_knn.c:36]   --->   Operation 188 'dmul' 'mul' <Predicate = true> <Delay = 3.33> <CoreInst = "DMul_maxdsp">   --->   Core 49 'DMul_maxdsp' <Latency = 4> <II = 1> <Delay = 3.33> <FuncUnit> <Opcode : 'dmul'> <InPorts = 2> <OutPorts = 1>
ST_9 : Operation 189 [5/5] (3.33ns)   --->   "%mul1 = dmul i64 %dely, i64 %dely" [md_knn.c:36]   --->   Operation 189 'dmul' 'mul1' <Predicate = true> <Delay = 3.33> <CoreInst = "DMul_maxdsp">   --->   Core 49 'DMul_maxdsp' <Latency = 4> <II = 1> <Delay = 3.33> <FuncUnit> <Opcode : 'dmul'> <InPorts = 2> <OutPorts = 1>

State 10 <SV = 9> <Delay = 3.33>
ST_10 : Operation 190 [4/5] (3.33ns)   --->   "%mul = dmul i64 %delx, i64 %delx" [md_knn.c:36]   --->   Operation 190 'dmul' 'mul' <Predicate = true> <Delay = 3.33> <CoreInst = "DMul_maxdsp">   --->   Core 49 'DMul_maxdsp' <Latency = 4> <II = 1> <Delay = 3.33> <FuncUnit> <Opcode : 'dmul'> <InPorts = 2> <OutPorts = 1>
ST_10 : Operation 191 [4/5] (3.33ns)   --->   "%mul1 = dmul i64 %dely, i64 %dely" [md_knn.c:36]   --->   Operation 191 'dmul' 'mul1' <Predicate = true> <Delay = 3.33> <CoreInst = "DMul_maxdsp">   --->   Core 49 'DMul_maxdsp' <Latency = 4> <II = 1> <Delay = 3.33> <FuncUnit> <Opcode : 'dmul'> <InPorts = 2> <OutPorts = 1>
ST_10 : Operation 192 [5/5] (3.33ns)   --->   "%mul2 = dmul i64 %delz, i64 %delz" [md_knn.c:36]   --->   Operation 192 'dmul' 'mul2' <Predicate = true> <Delay = 3.33> <CoreInst = "DMul_maxdsp">   --->   Core 49 'DMul_maxdsp' <Latency = 4> <II = 1> <Delay = 3.33> <FuncUnit> <Opcode : 'dmul'> <InPorts = 2> <OutPorts = 1>

State 11 <SV = 10> <Delay = 3.33>
ST_11 : Operation 193 [3/5] (3.33ns)   --->   "%mul = dmul i64 %delx, i64 %delx" [md_knn.c:36]   --->   Operation 193 'dmul' 'mul' <Predicate = true> <Delay = 3.33> <CoreInst = "DMul_maxdsp">   --->   Core 49 'DMul_maxdsp' <Latency = 4> <II = 1> <Delay = 3.33> <FuncUnit> <Opcode : 'dmul'> <InPorts = 2> <OutPorts = 1>
ST_11 : Operation 194 [3/5] (3.33ns)   --->   "%mul1 = dmul i64 %dely, i64 %dely" [md_knn.c:36]   --->   Operation 194 'dmul' 'mul1' <Predicate = true> <Delay = 3.33> <CoreInst = "DMul_maxdsp">   --->   Core 49 'DMul_maxdsp' <Latency = 4> <II = 1> <Delay = 3.33> <FuncUnit> <Opcode : 'dmul'> <InPorts = 2> <OutPorts = 1>
ST_11 : Operation 195 [4/5] (3.33ns)   --->   "%mul2 = dmul i64 %delz, i64 %delz" [md_knn.c:36]   --->   Operation 195 'dmul' 'mul2' <Predicate = true> <Delay = 3.33> <CoreInst = "DMul_maxdsp">   --->   Core 49 'DMul_maxdsp' <Latency = 4> <II = 1> <Delay = 3.33> <FuncUnit> <Opcode : 'dmul'> <InPorts = 2> <OutPorts = 1>

State 12 <SV = 11> <Delay = 3.33>
ST_12 : Operation 196 [2/5] (3.33ns)   --->   "%mul = dmul i64 %delx, i64 %delx" [md_knn.c:36]   --->   Operation 196 'dmul' 'mul' <Predicate = true> <Delay = 3.33> <CoreInst = "DMul_maxdsp">   --->   Core 49 'DMul_maxdsp' <Latency = 4> <II = 1> <Delay = 3.33> <FuncUnit> <Opcode : 'dmul'> <InPorts = 2> <OutPorts = 1>
ST_12 : Operation 197 [2/5] (3.33ns)   --->   "%mul1 = dmul i64 %dely, i64 %dely" [md_knn.c:36]   --->   Operation 197 'dmul' 'mul1' <Predicate = true> <Delay = 3.33> <CoreInst = "DMul_maxdsp">   --->   Core 49 'DMul_maxdsp' <Latency = 4> <II = 1> <Delay = 3.33> <FuncUnit> <Opcode : 'dmul'> <InPorts = 2> <OutPorts = 1>
ST_12 : Operation 198 [3/5] (3.33ns)   --->   "%mul2 = dmul i64 %delz, i64 %delz" [md_knn.c:36]   --->   Operation 198 'dmul' 'mul2' <Predicate = true> <Delay = 3.33> <CoreInst = "DMul_maxdsp">   --->   Core 49 'DMul_maxdsp' <Latency = 4> <II = 1> <Delay = 3.33> <FuncUnit> <Opcode : 'dmul'> <InPorts = 2> <OutPorts = 1>

State 13 <SV = 12> <Delay = 3.33>
ST_13 : Operation 199 [1/5] (3.33ns)   --->   "%mul = dmul i64 %delx, i64 %delx" [md_knn.c:36]   --->   Operation 199 'dmul' 'mul' <Predicate = true> <Delay = 3.33> <CoreInst = "DMul_maxdsp">   --->   Core 49 'DMul_maxdsp' <Latency = 4> <II = 1> <Delay = 3.33> <FuncUnit> <Opcode : 'dmul'> <InPorts = 2> <OutPorts = 1>
ST_13 : Operation 200 [1/5] (3.33ns)   --->   "%mul1 = dmul i64 %dely, i64 %dely" [md_knn.c:36]   --->   Operation 200 'dmul' 'mul1' <Predicate = true> <Delay = 3.33> <CoreInst = "DMul_maxdsp">   --->   Core 49 'DMul_maxdsp' <Latency = 4> <II = 1> <Delay = 3.33> <FuncUnit> <Opcode : 'dmul'> <InPorts = 2> <OutPorts = 1>
ST_13 : Operation 201 [2/5] (3.33ns)   --->   "%mul2 = dmul i64 %delz, i64 %delz" [md_knn.c:36]   --->   Operation 201 'dmul' 'mul2' <Predicate = true> <Delay = 3.33> <CoreInst = "DMul_maxdsp">   --->   Core 49 'DMul_maxdsp' <Latency = 4> <II = 1> <Delay = 3.33> <FuncUnit> <Opcode : 'dmul'> <InPorts = 2> <OutPorts = 1>

State 14 <SV = 13> <Delay = 3.33>
ST_14 : Operation 202 [1/5] (3.33ns)   --->   "%mul2 = dmul i64 %delz, i64 %delz" [md_knn.c:36]   --->   Operation 202 'dmul' 'mul2' <Predicate = true> <Delay = 3.33> <CoreInst = "DMul_maxdsp">   --->   Core 49 'DMul_maxdsp' <Latency = 4> <II = 1> <Delay = 3.33> <FuncUnit> <Opcode : 'dmul'> <InPorts = 2> <OutPorts = 1>

State 15 <SV = 14> <Delay = 2.89>
ST_15 : Operation 203 [5/5] (2.89ns)   --->   "%add = dadd i64 %mul, i64 %mul1" [md_knn.c:36]   --->   Operation 203 'dadd' 'add' <Predicate = true> <Delay = 2.89> <CoreInst = "DAddSub_fulldsp">   --->   Core 37 'DAddSub_fulldsp' <Latency = 4> <II = 1> <Delay = 2.89> <FuncUnit> <Opcode : 'dadd' 'dsub'> <InPorts = 2> <OutPorts = 1>

State 16 <SV = 15> <Delay = 2.89>
ST_16 : Operation 204 [4/5] (2.89ns)   --->   "%add = dadd i64 %mul, i64 %mul1" [md_knn.c:36]   --->   Operation 204 'dadd' 'add' <Predicate = true> <Delay = 2.89> <CoreInst = "DAddSub_fulldsp">   --->   Core 37 'DAddSub_fulldsp' <Latency = 4> <II = 1> <Delay = 2.89> <FuncUnit> <Opcode : 'dadd' 'dsub'> <InPorts = 2> <OutPorts = 1>

State 17 <SV = 16> <Delay = 2.89>
ST_17 : Operation 205 [3/5] (2.89ns)   --->   "%add = dadd i64 %mul, i64 %mul1" [md_knn.c:36]   --->   Operation 205 'dadd' 'add' <Predicate = true> <Delay = 2.89> <CoreInst = "DAddSub_fulldsp">   --->   Core 37 'DAddSub_fulldsp' <Latency = 4> <II = 1> <Delay = 2.89> <FuncUnit> <Opcode : 'dadd' 'dsub'> <InPorts = 2> <OutPorts = 1>

State 18 <SV = 17> <Delay = 2.89>
ST_18 : Operation 206 [2/5] (2.89ns)   --->   "%add = dadd i64 %mul, i64 %mul1" [md_knn.c:36]   --->   Operation 206 'dadd' 'add' <Predicate = true> <Delay = 2.89> <CoreInst = "DAddSub_fulldsp">   --->   Core 37 'DAddSub_fulldsp' <Latency = 4> <II = 1> <Delay = 2.89> <FuncUnit> <Opcode : 'dadd' 'dsub'> <InPorts = 2> <OutPorts = 1>

State 19 <SV = 18> <Delay = 2.89>
ST_19 : Operation 207 [1/5] (2.89ns)   --->   "%add = dadd i64 %mul, i64 %mul1" [md_knn.c:36]   --->   Operation 207 'dadd' 'add' <Predicate = true> <Delay = 2.89> <CoreInst = "DAddSub_fulldsp">   --->   Core 37 'DAddSub_fulldsp' <Latency = 4> <II = 1> <Delay = 2.89> <FuncUnit> <Opcode : 'dadd' 'dsub'> <InPorts = 2> <OutPorts = 1>

State 20 <SV = 19> <Delay = 0.00>

State 21 <SV = 20> <Delay = 2.89>
ST_21 : Operation 208 [5/5] (2.89ns)   --->   "%add1 = dadd i64 %add, i64 %mul2" [md_knn.c:36]   --->   Operation 208 'dadd' 'add1' <Predicate = true> <Delay = 2.89> <CoreInst = "DAddSub_fulldsp">   --->   Core 37 'DAddSub_fulldsp' <Latency = 4> <II = 1> <Delay = 2.89> <FuncUnit> <Opcode : 'dadd' 'dsub'> <InPorts = 2> <OutPorts = 1>

State 22 <SV = 21> <Delay = 2.89>
ST_22 : Operation 209 [4/5] (2.89ns)   --->   "%add1 = dadd i64 %add, i64 %mul2" [md_knn.c:36]   --->   Operation 209 'dadd' 'add1' <Predicate = true> <Delay = 2.89> <CoreInst = "DAddSub_fulldsp">   --->   Core 37 'DAddSub_fulldsp' <Latency = 4> <II = 1> <Delay = 2.89> <FuncUnit> <Opcode : 'dadd' 'dsub'> <InPorts = 2> <OutPorts = 1>

State 23 <SV = 22> <Delay = 2.89>
ST_23 : Operation 210 [3/5] (2.89ns)   --->   "%add1 = dadd i64 %add, i64 %mul2" [md_knn.c:36]   --->   Operation 210 'dadd' 'add1' <Predicate = true> <Delay = 2.89> <CoreInst = "DAddSub_fulldsp">   --->   Core 37 'DAddSub_fulldsp' <Latency = 4> <II = 1> <Delay = 2.89> <FuncUnit> <Opcode : 'dadd' 'dsub'> <InPorts = 2> <OutPorts = 1>

State 24 <SV = 23> <Delay = 2.89>
ST_24 : Operation 211 [2/5] (2.89ns)   --->   "%add1 = dadd i64 %add, i64 %mul2" [md_knn.c:36]   --->   Operation 211 'dadd' 'add1' <Predicate = true> <Delay = 2.89> <CoreInst = "DAddSub_fulldsp">   --->   Core 37 'DAddSub_fulldsp' <Latency = 4> <II = 1> <Delay = 2.89> <FuncUnit> <Opcode : 'dadd' 'dsub'> <InPorts = 2> <OutPorts = 1>

State 25 <SV = 24> <Delay = 2.89>
ST_25 : Operation 212 [1/5] (2.89ns)   --->   "%add1 = dadd i64 %add, i64 %mul2" [md_knn.c:36]   --->   Operation 212 'dadd' 'add1' <Predicate = true> <Delay = 2.89> <CoreInst = "DAddSub_fulldsp">   --->   Core 37 'DAddSub_fulldsp' <Latency = 4> <II = 1> <Delay = 2.89> <FuncUnit> <Opcode : 'dadd' 'dsub'> <InPorts = 2> <OutPorts = 1>

State 26 <SV = 25> <Delay = 3.31>
ST_26 : Operation 213 [22/22] (3.31ns)   --->   "%r2inv = ddiv i64 1, i64 %add1" [md_knn.c:36]   --->   Operation 213 'ddiv' 'r2inv' <Predicate = true> <Delay = 3.31> <CoreInst = "DDiv">   --->   Core 39 'DDiv' <Latency = 21> <II = 1> <Delay = 3.31> <FuncUnit> <Opcode : 'ddiv' 'drem'> <InPorts = 2> <OutPorts = 1>

State 27 <SV = 26> <Delay = 3.31>
ST_27 : Operation 214 [21/22] (3.31ns)   --->   "%r2inv = ddiv i64 1, i64 %add1" [md_knn.c:36]   --->   Operation 214 'ddiv' 'r2inv' <Predicate = true> <Delay = 3.31> <CoreInst = "DDiv">   --->   Core 39 'DDiv' <Latency = 21> <II = 1> <Delay = 3.31> <FuncUnit> <Opcode : 'ddiv' 'drem'> <InPorts = 2> <OutPorts = 1>

State 28 <SV = 27> <Delay = 3.31>
ST_28 : Operation 215 [20/22] (3.31ns)   --->   "%r2inv = ddiv i64 1, i64 %add1" [md_knn.c:36]   --->   Operation 215 'ddiv' 'r2inv' <Predicate = true> <Delay = 3.31> <CoreInst = "DDiv">   --->   Core 39 'DDiv' <Latency = 21> <II = 1> <Delay = 3.31> <FuncUnit> <Opcode : 'ddiv' 'drem'> <InPorts = 2> <OutPorts = 1>

State 29 <SV = 28> <Delay = 3.31>
ST_29 : Operation 216 [19/22] (3.31ns)   --->   "%r2inv = ddiv i64 1, i64 %add1" [md_knn.c:36]   --->   Operation 216 'ddiv' 'r2inv' <Predicate = true> <Delay = 3.31> <CoreInst = "DDiv">   --->   Core 39 'DDiv' <Latency = 21> <II = 1> <Delay = 3.31> <FuncUnit> <Opcode : 'ddiv' 'drem'> <InPorts = 2> <OutPorts = 1>

State 30 <SV = 29> <Delay = 3.31>
ST_30 : Operation 217 [18/22] (3.31ns)   --->   "%r2inv = ddiv i64 1, i64 %add1" [md_knn.c:36]   --->   Operation 217 'ddiv' 'r2inv' <Predicate = true> <Delay = 3.31> <CoreInst = "DDiv">   --->   Core 39 'DDiv' <Latency = 21> <II = 1> <Delay = 3.31> <FuncUnit> <Opcode : 'ddiv' 'drem'> <InPorts = 2> <OutPorts = 1>

State 31 <SV = 30> <Delay = 3.31>
ST_31 : Operation 218 [17/22] (3.31ns)   --->   "%r2inv = ddiv i64 1, i64 %add1" [md_knn.c:36]   --->   Operation 218 'ddiv' 'r2inv' <Predicate = true> <Delay = 3.31> <CoreInst = "DDiv">   --->   Core 39 'DDiv' <Latency = 21> <II = 1> <Delay = 3.31> <FuncUnit> <Opcode : 'ddiv' 'drem'> <InPorts = 2> <OutPorts = 1>

State 32 <SV = 31> <Delay = 3.31>
ST_32 : Operation 219 [16/22] (3.31ns)   --->   "%r2inv = ddiv i64 1, i64 %add1" [md_knn.c:36]   --->   Operation 219 'ddiv' 'r2inv' <Predicate = true> <Delay = 3.31> <CoreInst = "DDiv">   --->   Core 39 'DDiv' <Latency = 21> <II = 1> <Delay = 3.31> <FuncUnit> <Opcode : 'ddiv' 'drem'> <InPorts = 2> <OutPorts = 1>

State 33 <SV = 32> <Delay = 3.31>
ST_33 : Operation 220 [15/22] (3.31ns)   --->   "%r2inv = ddiv i64 1, i64 %add1" [md_knn.c:36]   --->   Operation 220 'ddiv' 'r2inv' <Predicate = true> <Delay = 3.31> <CoreInst = "DDiv">   --->   Core 39 'DDiv' <Latency = 21> <II = 1> <Delay = 3.31> <FuncUnit> <Opcode : 'ddiv' 'drem'> <InPorts = 2> <OutPorts = 1>

State 34 <SV = 33> <Delay = 3.31>
ST_34 : Operation 221 [14/22] (3.31ns)   --->   "%r2inv = ddiv i64 1, i64 %add1" [md_knn.c:36]   --->   Operation 221 'ddiv' 'r2inv' <Predicate = true> <Delay = 3.31> <CoreInst = "DDiv">   --->   Core 39 'DDiv' <Latency = 21> <II = 1> <Delay = 3.31> <FuncUnit> <Opcode : 'ddiv' 'drem'> <InPorts = 2> <OutPorts = 1>

State 35 <SV = 34> <Delay = 3.31>
ST_35 : Operation 222 [13/22] (3.31ns)   --->   "%r2inv = ddiv i64 1, i64 %add1" [md_knn.c:36]   --->   Operation 222 'ddiv' 'r2inv' <Predicate = true> <Delay = 3.31> <CoreInst = "DDiv">   --->   Core 39 'DDiv' <Latency = 21> <II = 1> <Delay = 3.31> <FuncUnit> <Opcode : 'ddiv' 'drem'> <InPorts = 2> <OutPorts = 1>

State 36 <SV = 35> <Delay = 3.31>
ST_36 : Operation 223 [12/22] (3.31ns)   --->   "%r2inv = ddiv i64 1, i64 %add1" [md_knn.c:36]   --->   Operation 223 'ddiv' 'r2inv' <Predicate = true> <Delay = 3.31> <CoreInst = "DDiv">   --->   Core 39 'DDiv' <Latency = 21> <II = 1> <Delay = 3.31> <FuncUnit> <Opcode : 'ddiv' 'drem'> <InPorts = 2> <OutPorts = 1>

State 37 <SV = 36> <Delay = 3.31>
ST_37 : Operation 224 [11/22] (3.31ns)   --->   "%r2inv = ddiv i64 1, i64 %add1" [md_knn.c:36]   --->   Operation 224 'ddiv' 'r2inv' <Predicate = true> <Delay = 3.31> <CoreInst = "DDiv">   --->   Core 39 'DDiv' <Latency = 21> <II = 1> <Delay = 3.31> <FuncUnit> <Opcode : 'ddiv' 'drem'> <InPorts = 2> <OutPorts = 1>

State 38 <SV = 37> <Delay = 3.31>
ST_38 : Operation 225 [10/22] (3.31ns)   --->   "%r2inv = ddiv i64 1, i64 %add1" [md_knn.c:36]   --->   Operation 225 'ddiv' 'r2inv' <Predicate = true> <Delay = 3.31> <CoreInst = "DDiv">   --->   Core 39 'DDiv' <Latency = 21> <II = 1> <Delay = 3.31> <FuncUnit> <Opcode : 'ddiv' 'drem'> <InPorts = 2> <OutPorts = 1>

State 39 <SV = 38> <Delay = 3.31>
ST_39 : Operation 226 [9/22] (3.31ns)   --->   "%r2inv = ddiv i64 1, i64 %add1" [md_knn.c:36]   --->   Operation 226 'ddiv' 'r2inv' <Predicate = true> <Delay = 3.31> <CoreInst = "DDiv">   --->   Core 39 'DDiv' <Latency = 21> <II = 1> <Delay = 3.31> <FuncUnit> <Opcode : 'ddiv' 'drem'> <InPorts = 2> <OutPorts = 1>

State 40 <SV = 39> <Delay = 3.31>
ST_40 : Operation 227 [8/22] (3.31ns)   --->   "%r2inv = ddiv i64 1, i64 %add1" [md_knn.c:36]   --->   Operation 227 'ddiv' 'r2inv' <Predicate = true> <Delay = 3.31> <CoreInst = "DDiv">   --->   Core 39 'DDiv' <Latency = 21> <II = 1> <Delay = 3.31> <FuncUnit> <Opcode : 'ddiv' 'drem'> <InPorts = 2> <OutPorts = 1>

State 41 <SV = 40> <Delay = 3.31>
ST_41 : Operation 228 [7/22] (3.31ns)   --->   "%r2inv = ddiv i64 1, i64 %add1" [md_knn.c:36]   --->   Operation 228 'ddiv' 'r2inv' <Predicate = true> <Delay = 3.31> <CoreInst = "DDiv">   --->   Core 39 'DDiv' <Latency = 21> <II = 1> <Delay = 3.31> <FuncUnit> <Opcode : 'ddiv' 'drem'> <InPorts = 2> <OutPorts = 1>

State 42 <SV = 41> <Delay = 3.31>
ST_42 : Operation 229 [6/22] (3.31ns)   --->   "%r2inv = ddiv i64 1, i64 %add1" [md_knn.c:36]   --->   Operation 229 'ddiv' 'r2inv' <Predicate = true> <Delay = 3.31> <CoreInst = "DDiv">   --->   Core 39 'DDiv' <Latency = 21> <II = 1> <Delay = 3.31> <FuncUnit> <Opcode : 'ddiv' 'drem'> <InPorts = 2> <OutPorts = 1>

State 43 <SV = 42> <Delay = 3.31>
ST_43 : Operation 230 [5/22] (3.31ns)   --->   "%r2inv = ddiv i64 1, i64 %add1" [md_knn.c:36]   --->   Operation 230 'ddiv' 'r2inv' <Predicate = true> <Delay = 3.31> <CoreInst = "DDiv">   --->   Core 39 'DDiv' <Latency = 21> <II = 1> <Delay = 3.31> <FuncUnit> <Opcode : 'ddiv' 'drem'> <InPorts = 2> <OutPorts = 1>

State 44 <SV = 43> <Delay = 3.31>
ST_44 : Operation 231 [4/22] (3.31ns)   --->   "%r2inv = ddiv i64 1, i64 %add1" [md_knn.c:36]   --->   Operation 231 'ddiv' 'r2inv' <Predicate = true> <Delay = 3.31> <CoreInst = "DDiv">   --->   Core 39 'DDiv' <Latency = 21> <II = 1> <Delay = 3.31> <FuncUnit> <Opcode : 'ddiv' 'drem'> <InPorts = 2> <OutPorts = 1>

State 45 <SV = 44> <Delay = 3.31>
ST_45 : Operation 232 [3/22] (3.31ns)   --->   "%r2inv = ddiv i64 1, i64 %add1" [md_knn.c:36]   --->   Operation 232 'ddiv' 'r2inv' <Predicate = true> <Delay = 3.31> <CoreInst = "DDiv">   --->   Core 39 'DDiv' <Latency = 21> <II = 1> <Delay = 3.31> <FuncUnit> <Opcode : 'ddiv' 'drem'> <InPorts = 2> <OutPorts = 1>

State 46 <SV = 45> <Delay = 3.31>
ST_46 : Operation 233 [2/22] (3.31ns)   --->   "%r2inv = ddiv i64 1, i64 %add1" [md_knn.c:36]   --->   Operation 233 'ddiv' 'r2inv' <Predicate = true> <Delay = 3.31> <CoreInst = "DDiv">   --->   Core 39 'DDiv' <Latency = 21> <II = 1> <Delay = 3.31> <FuncUnit> <Opcode : 'ddiv' 'drem'> <InPorts = 2> <OutPorts = 1>

State 47 <SV = 46> <Delay = 3.31>
ST_47 : Operation 234 [1/22] (3.31ns)   --->   "%r2inv = ddiv i64 1, i64 %add1" [md_knn.c:36]   --->   Operation 234 'ddiv' 'r2inv' <Predicate = true> <Delay = 3.31> <CoreInst = "DDiv">   --->   Core 39 'DDiv' <Latency = 21> <II = 1> <Delay = 3.31> <FuncUnit> <Opcode : 'ddiv' 'drem'> <InPorts = 2> <OutPorts = 1>

State 48 <SV = 47> <Delay = 3.33>
ST_48 : Operation 235 [5/5] (3.33ns)   --->   "%mul3 = dmul i64 %r2inv, i64 %r2inv" [md_knn.c:38]   --->   Operation 235 'dmul' 'mul3' <Predicate = true> <Delay = 3.33> <CoreInst = "DMul_maxdsp">   --->   Core 49 'DMul_maxdsp' <Latency = 4> <II = 1> <Delay = 3.33> <FuncUnit> <Opcode : 'dmul'> <InPorts = 2> <OutPorts = 1>

State 49 <SV = 48> <Delay = 3.33>
ST_49 : Operation 236 [4/5] (3.33ns)   --->   "%mul3 = dmul i64 %r2inv, i64 %r2inv" [md_knn.c:38]   --->   Operation 236 'dmul' 'mul3' <Predicate = true> <Delay = 3.33> <CoreInst = "DMul_maxdsp">   --->   Core 49 'DMul_maxdsp' <Latency = 4> <II = 1> <Delay = 3.33> <FuncUnit> <Opcode : 'dmul'> <InPorts = 2> <OutPorts = 1>

State 50 <SV = 49> <Delay = 3.33>
ST_50 : Operation 237 [3/5] (3.33ns)   --->   "%mul3 = dmul i64 %r2inv, i64 %r2inv" [md_knn.c:38]   --->   Operation 237 'dmul' 'mul3' <Predicate = true> <Delay = 3.33> <CoreInst = "DMul_maxdsp">   --->   Core 49 'DMul_maxdsp' <Latency = 4> <II = 1> <Delay = 3.33> <FuncUnit> <Opcode : 'dmul'> <InPorts = 2> <OutPorts = 1>

State 51 <SV = 50> <Delay = 3.33>
ST_51 : Operation 238 [2/5] (3.33ns)   --->   "%mul3 = dmul i64 %r2inv, i64 %r2inv" [md_knn.c:38]   --->   Operation 238 'dmul' 'mul3' <Predicate = true> <Delay = 3.33> <CoreInst = "DMul_maxdsp">   --->   Core 49 'DMul_maxdsp' <Latency = 4> <II = 1> <Delay = 3.33> <FuncUnit> <Opcode : 'dmul'> <InPorts = 2> <OutPorts = 1>

State 52 <SV = 51> <Delay = 3.33>
ST_52 : Operation 239 [1/5] (3.33ns)   --->   "%mul3 = dmul i64 %r2inv, i64 %r2inv" [md_knn.c:38]   --->   Operation 239 'dmul' 'mul3' <Predicate = true> <Delay = 3.33> <CoreInst = "DMul_maxdsp">   --->   Core 49 'DMul_maxdsp' <Latency = 4> <II = 1> <Delay = 3.33> <FuncUnit> <Opcode : 'dmul'> <InPorts = 2> <OutPorts = 1>

State 53 <SV = 52> <Delay = 3.33>
ST_53 : Operation 240 [5/5] (3.33ns)   --->   "%r6inv = dmul i64 %mul3, i64 %r2inv" [md_knn.c:38]   --->   Operation 240 'dmul' 'r6inv' <Predicate = true> <Delay = 3.33> <CoreInst = "DMul_maxdsp">   --->   Core 49 'DMul_maxdsp' <Latency = 4> <II = 1> <Delay = 3.33> <FuncUnit> <Opcode : 'dmul'> <InPorts = 2> <OutPorts = 1>

State 54 <SV = 53> <Delay = 3.33>
ST_54 : Operation 241 [4/5] (3.33ns)   --->   "%r6inv = dmul i64 %mul3, i64 %r2inv" [md_knn.c:38]   --->   Operation 241 'dmul' 'r6inv' <Predicate = true> <Delay = 3.33> <CoreInst = "DMul_maxdsp">   --->   Core 49 'DMul_maxdsp' <Latency = 4> <II = 1> <Delay = 3.33> <FuncUnit> <Opcode : 'dmul'> <InPorts = 2> <OutPorts = 1>

State 55 <SV = 54> <Delay = 3.33>
ST_55 : Operation 242 [3/5] (3.33ns)   --->   "%r6inv = dmul i64 %mul3, i64 %r2inv" [md_knn.c:38]   --->   Operation 242 'dmul' 'r6inv' <Predicate = true> <Delay = 3.33> <CoreInst = "DMul_maxdsp">   --->   Core 49 'DMul_maxdsp' <Latency = 4> <II = 1> <Delay = 3.33> <FuncUnit> <Opcode : 'dmul'> <InPorts = 2> <OutPorts = 1>

State 56 <SV = 55> <Delay = 3.33>
ST_56 : Operation 243 [2/5] (3.33ns)   --->   "%r6inv = dmul i64 %mul3, i64 %r2inv" [md_knn.c:38]   --->   Operation 243 'dmul' 'r6inv' <Predicate = true> <Delay = 3.33> <CoreInst = "DMul_maxdsp">   --->   Core 49 'DMul_maxdsp' <Latency = 4> <II = 1> <Delay = 3.33> <FuncUnit> <Opcode : 'dmul'> <InPorts = 2> <OutPorts = 1>

State 57 <SV = 56> <Delay = 3.33>
ST_57 : Operation 244 [1/5] (3.33ns)   --->   "%r6inv = dmul i64 %mul3, i64 %r2inv" [md_knn.c:38]   --->   Operation 244 'dmul' 'r6inv' <Predicate = true> <Delay = 3.33> <CoreInst = "DMul_maxdsp">   --->   Core 49 'DMul_maxdsp' <Latency = 4> <II = 1> <Delay = 3.33> <FuncUnit> <Opcode : 'dmul'> <InPorts = 2> <OutPorts = 1>

State 58 <SV = 57> <Delay = 3.33>
ST_58 : Operation 245 [5/5] (3.33ns)   --->   "%mul5 = dmul i64 %r6inv, i64 1.5" [md_knn.c:39]   --->   Operation 245 'dmul' 'mul5' <Predicate = true> <Delay = 3.33> <CoreInst = "DMul_maxdsp">   --->   Core 49 'DMul_maxdsp' <Latency = 4> <II = 1> <Delay = 3.33> <FuncUnit> <Opcode : 'dmul'> <InPorts = 2> <OutPorts = 1>

State 59 <SV = 58> <Delay = 3.33>
ST_59 : Operation 246 [4/5] (3.33ns)   --->   "%mul5 = dmul i64 %r6inv, i64 1.5" [md_knn.c:39]   --->   Operation 246 'dmul' 'mul5' <Predicate = true> <Delay = 3.33> <CoreInst = "DMul_maxdsp">   --->   Core 49 'DMul_maxdsp' <Latency = 4> <II = 1> <Delay = 3.33> <FuncUnit> <Opcode : 'dmul'> <InPorts = 2> <OutPorts = 1>

State 60 <SV = 59> <Delay = 3.33>
ST_60 : Operation 247 [3/5] (3.33ns)   --->   "%mul5 = dmul i64 %r6inv, i64 1.5" [md_knn.c:39]   --->   Operation 247 'dmul' 'mul5' <Predicate = true> <Delay = 3.33> <CoreInst = "DMul_maxdsp">   --->   Core 49 'DMul_maxdsp' <Latency = 4> <II = 1> <Delay = 3.33> <FuncUnit> <Opcode : 'dmul'> <InPorts = 2> <OutPorts = 1>

State 61 <SV = 60> <Delay = 3.33>
ST_61 : Operation 248 [2/5] (3.33ns)   --->   "%mul5 = dmul i64 %r6inv, i64 1.5" [md_knn.c:39]   --->   Operation 248 'dmul' 'mul5' <Predicate = true> <Delay = 3.33> <CoreInst = "DMul_maxdsp">   --->   Core 49 'DMul_maxdsp' <Latency = 4> <II = 1> <Delay = 3.33> <FuncUnit> <Opcode : 'dmul'> <InPorts = 2> <OutPorts = 1>

State 62 <SV = 61> <Delay = 3.33>
ST_62 : Operation 249 [1/5] (3.33ns)   --->   "%mul5 = dmul i64 %r6inv, i64 1.5" [md_knn.c:39]   --->   Operation 249 'dmul' 'mul5' <Predicate = true> <Delay = 3.33> <CoreInst = "DMul_maxdsp">   --->   Core 49 'DMul_maxdsp' <Latency = 4> <II = 1> <Delay = 3.33> <FuncUnit> <Opcode : 'dmul'> <InPorts = 2> <OutPorts = 1>

State 63 <SV = 62> <Delay = 2.89>
ST_63 : Operation 250 [5/5] (2.89ns)   --->   "%sub = dadd i64 %mul5, i64 -2" [md_knn.c:39]   --->   Operation 250 'dadd' 'sub' <Predicate = true> <Delay = 2.89> <CoreInst = "DAddSub_fulldsp">   --->   Core 37 'DAddSub_fulldsp' <Latency = 4> <II = 1> <Delay = 2.89> <FuncUnit> <Opcode : 'dadd' 'dsub'> <InPorts = 2> <OutPorts = 1>

State 64 <SV = 63> <Delay = 2.89>
ST_64 : Operation 251 [4/5] (2.89ns)   --->   "%sub = dadd i64 %mul5, i64 -2" [md_knn.c:39]   --->   Operation 251 'dadd' 'sub' <Predicate = true> <Delay = 2.89> <CoreInst = "DAddSub_fulldsp">   --->   Core 37 'DAddSub_fulldsp' <Latency = 4> <II = 1> <Delay = 2.89> <FuncUnit> <Opcode : 'dadd' 'dsub'> <InPorts = 2> <OutPorts = 1>

State 65 <SV = 64> <Delay = 2.89>
ST_65 : Operation 252 [3/5] (2.89ns)   --->   "%sub = dadd i64 %mul5, i64 -2" [md_knn.c:39]   --->   Operation 252 'dadd' 'sub' <Predicate = true> <Delay = 2.89> <CoreInst = "DAddSub_fulldsp">   --->   Core 37 'DAddSub_fulldsp' <Latency = 4> <II = 1> <Delay = 2.89> <FuncUnit> <Opcode : 'dadd' 'dsub'> <InPorts = 2> <OutPorts = 1>

State 66 <SV = 65> <Delay = 2.89>
ST_66 : Operation 253 [2/5] (2.89ns)   --->   "%sub = dadd i64 %mul5, i64 -2" [md_knn.c:39]   --->   Operation 253 'dadd' 'sub' <Predicate = true> <Delay = 2.89> <CoreInst = "DAddSub_fulldsp">   --->   Core 37 'DAddSub_fulldsp' <Latency = 4> <II = 1> <Delay = 2.89> <FuncUnit> <Opcode : 'dadd' 'dsub'> <InPorts = 2> <OutPorts = 1>

State 67 <SV = 66> <Delay = 2.89>
ST_67 : Operation 254 [1/5] (2.89ns)   --->   "%sub = dadd i64 %mul5, i64 -2" [md_knn.c:39]   --->   Operation 254 'dadd' 'sub' <Predicate = true> <Delay = 2.89> <CoreInst = "DAddSub_fulldsp">   --->   Core 37 'DAddSub_fulldsp' <Latency = 4> <II = 1> <Delay = 2.89> <FuncUnit> <Opcode : 'dadd' 'dsub'> <InPorts = 2> <OutPorts = 1>

State 68 <SV = 67> <Delay = 0.00>

State 69 <SV = 68> <Delay = 3.33>
ST_69 : Operation 255 [5/5] (3.33ns)   --->   "%potential = dmul i64 %r6inv, i64 %sub" [md_knn.c:39]   --->   Operation 255 'dmul' 'potential' <Predicate = true> <Delay = 3.33> <CoreInst = "DMul_maxdsp">   --->   Core 49 'DMul_maxdsp' <Latency = 4> <II = 1> <Delay = 3.33> <FuncUnit> <Opcode : 'dmul'> <InPorts = 2> <OutPorts = 1>

State 70 <SV = 69> <Delay = 3.33>
ST_70 : Operation 256 [4/5] (3.33ns)   --->   "%potential = dmul i64 %r6inv, i64 %sub" [md_knn.c:39]   --->   Operation 256 'dmul' 'potential' <Predicate = true> <Delay = 3.33> <CoreInst = "DMul_maxdsp">   --->   Core 49 'DMul_maxdsp' <Latency = 4> <II = 1> <Delay = 3.33> <FuncUnit> <Opcode : 'dmul'> <InPorts = 2> <OutPorts = 1>

State 71 <SV = 70> <Delay = 3.33>
ST_71 : Operation 257 [3/5] (3.33ns)   --->   "%potential = dmul i64 %r6inv, i64 %sub" [md_knn.c:39]   --->   Operation 257 'dmul' 'potential' <Predicate = true> <Delay = 3.33> <CoreInst = "DMul_maxdsp">   --->   Core 49 'DMul_maxdsp' <Latency = 4> <II = 1> <Delay = 3.33> <FuncUnit> <Opcode : 'dmul'> <InPorts = 2> <OutPorts = 1>

State 72 <SV = 71> <Delay = 3.33>
ST_72 : Operation 258 [2/5] (3.33ns)   --->   "%potential = dmul i64 %r6inv, i64 %sub" [md_knn.c:39]   --->   Operation 258 'dmul' 'potential' <Predicate = true> <Delay = 3.33> <CoreInst = "DMul_maxdsp">   --->   Core 49 'DMul_maxdsp' <Latency = 4> <II = 1> <Delay = 3.33> <FuncUnit> <Opcode : 'dmul'> <InPorts = 2> <OutPorts = 1>

State 73 <SV = 72> <Delay = 3.33>
ST_73 : Operation 259 [1/5] (3.33ns)   --->   "%potential = dmul i64 %r6inv, i64 %sub" [md_knn.c:39]   --->   Operation 259 'dmul' 'potential' <Predicate = true> <Delay = 3.33> <CoreInst = "DMul_maxdsp">   --->   Core 49 'DMul_maxdsp' <Latency = 4> <II = 1> <Delay = 3.33> <FuncUnit> <Opcode : 'dmul'> <InPorts = 2> <OutPorts = 1>

State 74 <SV = 73> <Delay = 0.00>

State 75 <SV = 74> <Delay = 3.33>
ST_75 : Operation 260 [5/5] (3.33ns)   --->   "%force = dmul i64 %r2inv, i64 %potential" [md_knn.c:41]   --->   Operation 260 'dmul' 'force' <Predicate = true> <Delay = 3.33> <CoreInst = "DMul_maxdsp">   --->   Core 49 'DMul_maxdsp' <Latency = 4> <II = 1> <Delay = 3.33> <FuncUnit> <Opcode : 'dmul'> <InPorts = 2> <OutPorts = 1>

State 76 <SV = 75> <Delay = 3.33>
ST_76 : Operation 261 [4/5] (3.33ns)   --->   "%force = dmul i64 %r2inv, i64 %potential" [md_knn.c:41]   --->   Operation 261 'dmul' 'force' <Predicate = true> <Delay = 3.33> <CoreInst = "DMul_maxdsp">   --->   Core 49 'DMul_maxdsp' <Latency = 4> <II = 1> <Delay = 3.33> <FuncUnit> <Opcode : 'dmul'> <InPorts = 2> <OutPorts = 1>

State 77 <SV = 76> <Delay = 3.33>
ST_77 : Operation 262 [3/5] (3.33ns)   --->   "%force = dmul i64 %r2inv, i64 %potential" [md_knn.c:41]   --->   Operation 262 'dmul' 'force' <Predicate = true> <Delay = 3.33> <CoreInst = "DMul_maxdsp">   --->   Core 49 'DMul_maxdsp' <Latency = 4> <II = 1> <Delay = 3.33> <FuncUnit> <Opcode : 'dmul'> <InPorts = 2> <OutPorts = 1>

State 78 <SV = 77> <Delay = 3.33>
ST_78 : Operation 263 [2/5] (3.33ns)   --->   "%force = dmul i64 %r2inv, i64 %potential" [md_knn.c:41]   --->   Operation 263 'dmul' 'force' <Predicate = true> <Delay = 3.33> <CoreInst = "DMul_maxdsp">   --->   Core 49 'DMul_maxdsp' <Latency = 4> <II = 1> <Delay = 3.33> <FuncUnit> <Opcode : 'dmul'> <InPorts = 2> <OutPorts = 1>

State 79 <SV = 78> <Delay = 3.33>
ST_79 : Operation 264 [1/5] (3.33ns)   --->   "%force = dmul i64 %r2inv, i64 %potential" [md_knn.c:41]   --->   Operation 264 'dmul' 'force' <Predicate = true> <Delay = 3.33> <CoreInst = "DMul_maxdsp">   --->   Core 49 'DMul_maxdsp' <Latency = 4> <II = 1> <Delay = 3.33> <FuncUnit> <Opcode : 'dmul'> <InPorts = 2> <OutPorts = 1>

State 80 <SV = 79> <Delay = 3.33>
ST_80 : Operation 265 [5/5] (3.33ns)   --->   "%mul8 = dmul i64 %delx, i64 %force" [md_knn.c:42]   --->   Operation 265 'dmul' 'mul8' <Predicate = true> <Delay = 3.33> <CoreInst = "DMul_maxdsp">   --->   Core 49 'DMul_maxdsp' <Latency = 4> <II = 1> <Delay = 3.33> <FuncUnit> <Opcode : 'dmul'> <InPorts = 2> <OutPorts = 1>

State 81 <SV = 80> <Delay = 3.33>
ST_81 : Operation 266 [4/5] (3.33ns)   --->   "%mul8 = dmul i64 %delx, i64 %force" [md_knn.c:42]   --->   Operation 266 'dmul' 'mul8' <Predicate = true> <Delay = 3.33> <CoreInst = "DMul_maxdsp">   --->   Core 49 'DMul_maxdsp' <Latency = 4> <II = 1> <Delay = 3.33> <FuncUnit> <Opcode : 'dmul'> <InPorts = 2> <OutPorts = 1>
ST_81 : Operation 267 [5/5] (3.33ns)   --->   "%mul9 = dmul i64 %dely, i64 %force" [md_knn.c:43]   --->   Operation 267 'dmul' 'mul9' <Predicate = true> <Delay = 3.33> <CoreInst = "DMul_maxdsp">   --->   Core 49 'DMul_maxdsp' <Latency = 4> <II = 1> <Delay = 3.33> <FuncUnit> <Opcode : 'dmul'> <InPorts = 2> <OutPorts = 1>
ST_81 : Operation 268 [5/5] (3.33ns)   --->   "%mul4 = dmul i64 %delz, i64 %force" [md_knn.c:44]   --->   Operation 268 'dmul' 'mul4' <Predicate = true> <Delay = 3.33> <CoreInst = "DMul_maxdsp">   --->   Core 49 'DMul_maxdsp' <Latency = 4> <II = 1> <Delay = 3.33> <FuncUnit> <Opcode : 'dmul'> <InPorts = 2> <OutPorts = 1>

State 82 <SV = 81> <Delay = 3.33>
ST_82 : Operation 269 [3/5] (3.33ns)   --->   "%mul8 = dmul i64 %delx, i64 %force" [md_knn.c:42]   --->   Operation 269 'dmul' 'mul8' <Predicate = true> <Delay = 3.33> <CoreInst = "DMul_maxdsp">   --->   Core 49 'DMul_maxdsp' <Latency = 4> <II = 1> <Delay = 3.33> <FuncUnit> <Opcode : 'dmul'> <InPorts = 2> <OutPorts = 1>
ST_82 : Operation 270 [4/5] (3.33ns)   --->   "%mul9 = dmul i64 %dely, i64 %force" [md_knn.c:43]   --->   Operation 270 'dmul' 'mul9' <Predicate = true> <Delay = 3.33> <CoreInst = "DMul_maxdsp">   --->   Core 49 'DMul_maxdsp' <Latency = 4> <II = 1> <Delay = 3.33> <FuncUnit> <Opcode : 'dmul'> <InPorts = 2> <OutPorts = 1>
ST_82 : Operation 271 [4/5] (3.33ns)   --->   "%mul4 = dmul i64 %delz, i64 %force" [md_knn.c:44]   --->   Operation 271 'dmul' 'mul4' <Predicate = true> <Delay = 3.33> <CoreInst = "DMul_maxdsp">   --->   Core 49 'DMul_maxdsp' <Latency = 4> <II = 1> <Delay = 3.33> <FuncUnit> <Opcode : 'dmul'> <InPorts = 2> <OutPorts = 1>

State 83 <SV = 82> <Delay = 3.33>
ST_83 : Operation 272 [2/5] (3.33ns)   --->   "%mul8 = dmul i64 %delx, i64 %force" [md_knn.c:42]   --->   Operation 272 'dmul' 'mul8' <Predicate = true> <Delay = 3.33> <CoreInst = "DMul_maxdsp">   --->   Core 49 'DMul_maxdsp' <Latency = 4> <II = 1> <Delay = 3.33> <FuncUnit> <Opcode : 'dmul'> <InPorts = 2> <OutPorts = 1>
ST_83 : Operation 273 [3/5] (3.33ns)   --->   "%mul9 = dmul i64 %dely, i64 %force" [md_knn.c:43]   --->   Operation 273 'dmul' 'mul9' <Predicate = true> <Delay = 3.33> <CoreInst = "DMul_maxdsp">   --->   Core 49 'DMul_maxdsp' <Latency = 4> <II = 1> <Delay = 3.33> <FuncUnit> <Opcode : 'dmul'> <InPorts = 2> <OutPorts = 1>
ST_83 : Operation 274 [3/5] (3.33ns)   --->   "%mul4 = dmul i64 %delz, i64 %force" [md_knn.c:44]   --->   Operation 274 'dmul' 'mul4' <Predicate = true> <Delay = 3.33> <CoreInst = "DMul_maxdsp">   --->   Core 49 'DMul_maxdsp' <Latency = 4> <II = 1> <Delay = 3.33> <FuncUnit> <Opcode : 'dmul'> <InPorts = 2> <OutPorts = 1>

State 84 <SV = 83> <Delay = 3.33>
ST_84 : Operation 275 [1/5] (3.33ns)   --->   "%mul8 = dmul i64 %delx, i64 %force" [md_knn.c:42]   --->   Operation 275 'dmul' 'mul8' <Predicate = true> <Delay = 3.33> <CoreInst = "DMul_maxdsp">   --->   Core 49 'DMul_maxdsp' <Latency = 4> <II = 1> <Delay = 3.33> <FuncUnit> <Opcode : 'dmul'> <InPorts = 2> <OutPorts = 1>
ST_84 : Operation 276 [2/5] (3.33ns)   --->   "%mul9 = dmul i64 %dely, i64 %force" [md_knn.c:43]   --->   Operation 276 'dmul' 'mul9' <Predicate = true> <Delay = 3.33> <CoreInst = "DMul_maxdsp">   --->   Core 49 'DMul_maxdsp' <Latency = 4> <II = 1> <Delay = 3.33> <FuncUnit> <Opcode : 'dmul'> <InPorts = 2> <OutPorts = 1>
ST_84 : Operation 277 [2/5] (3.33ns)   --->   "%mul4 = dmul i64 %delz, i64 %force" [md_knn.c:44]   --->   Operation 277 'dmul' 'mul4' <Predicate = true> <Delay = 3.33> <CoreInst = "DMul_maxdsp">   --->   Core 49 'DMul_maxdsp' <Latency = 4> <II = 1> <Delay = 3.33> <FuncUnit> <Opcode : 'dmul'> <InPorts = 2> <OutPorts = 1>

State 85 <SV = 84> <Delay = 3.33>
ST_85 : Operation 278 [1/5] (3.33ns)   --->   "%mul9 = dmul i64 %dely, i64 %force" [md_knn.c:43]   --->   Operation 278 'dmul' 'mul9' <Predicate = true> <Delay = 3.33> <CoreInst = "DMul_maxdsp">   --->   Core 49 'DMul_maxdsp' <Latency = 4> <II = 1> <Delay = 3.33> <FuncUnit> <Opcode : 'dmul'> <InPorts = 2> <OutPorts = 1>
ST_85 : Operation 279 [1/5] (3.33ns)   --->   "%mul4 = dmul i64 %delz, i64 %force" [md_knn.c:44]   --->   Operation 279 'dmul' 'mul4' <Predicate = true> <Delay = 3.33> <CoreInst = "DMul_maxdsp">   --->   Core 49 'DMul_maxdsp' <Latency = 4> <II = 1> <Delay = 3.33> <FuncUnit> <Opcode : 'dmul'> <InPorts = 2> <OutPorts = 1>

State 86 <SV = 85> <Delay = 3.30>
ST_86 : Operation 280 [1/1] (0.00ns)   --->   "%fx_load = load i64 %fx" [md_knn.c:18]   --->   Operation 280 'load' 'fx_load' <Predicate = (!icmp_ln25)> <Delay = 0.00>
ST_86 : Operation 281 [1/1] (0.41ns)   --->   "%select_ln18_3 = select i1 %icmp_ln25, i64 0, i64 %fx_load" [md_knn.c:18]   --->   Operation 281 'select' 'select_ln18_3' <Predicate = true> <Delay = 0.41> <CoreInst = "Sel">   --->   Core 73 'Sel' <Latency = 0> <II = 1> <Delay = 0.41> <FuncUnit> <Opcode : 'select'> <InPorts = 3> <OutPorts = 1>
ST_86 : Operation 282 [5/5] (2.89ns)   --->   "%fx_1 = dadd i64 %select_ln18_3, i64 %mul8" [md_knn.c:42]   --->   Operation 282 'dadd' 'fx_1' <Predicate = true> <Delay = 2.89> <CoreInst = "DAddSub_fulldsp">   --->   Core 37 'DAddSub_fulldsp' <Latency = 4> <II = 1> <Delay = 2.89> <FuncUnit> <Opcode : 'dadd' 'dsub'> <InPorts = 2> <OutPorts = 1>

State 87 <SV = 86> <Delay = 3.30>
ST_87 : Operation 283 [1/1] (0.00ns)   --->   "%fy_load = load i64 %fy" [md_knn.c:18]   --->   Operation 283 'load' 'fy_load' <Predicate = (!icmp_ln25)> <Delay = 0.00>
ST_87 : Operation 284 [1/1] (0.00ns)   --->   "%fz_load = load i64 %fz" [md_knn.c:18]   --->   Operation 284 'load' 'fz_load' <Predicate = (!icmp_ln25)> <Delay = 0.00>
ST_87 : Operation 285 [1/1] (0.41ns)   --->   "%select_ln18_1 = select i1 %icmp_ln25, i64 0, i64 %fz_load" [md_knn.c:18]   --->   Operation 285 'select' 'select_ln18_1' <Predicate = true> <Delay = 0.41> <CoreInst = "Sel">   --->   Core 73 'Sel' <Latency = 0> <II = 1> <Delay = 0.41> <FuncUnit> <Opcode : 'select'> <InPorts = 3> <OutPorts = 1>
ST_87 : Operation 286 [1/1] (0.41ns)   --->   "%select_ln18_2 = select i1 %icmp_ln25, i64 0, i64 %fy_load" [md_knn.c:18]   --->   Operation 286 'select' 'select_ln18_2' <Predicate = true> <Delay = 0.41> <CoreInst = "Sel">   --->   Core 73 'Sel' <Latency = 0> <II = 1> <Delay = 0.41> <FuncUnit> <Opcode : 'select'> <InPorts = 3> <OutPorts = 1>
ST_87 : Operation 287 [4/5] (2.89ns)   --->   "%fx_1 = dadd i64 %select_ln18_3, i64 %mul8" [md_knn.c:42]   --->   Operation 287 'dadd' 'fx_1' <Predicate = true> <Delay = 2.89> <CoreInst = "DAddSub_fulldsp">   --->   Core 37 'DAddSub_fulldsp' <Latency = 4> <II = 1> <Delay = 2.89> <FuncUnit> <Opcode : 'dadd' 'dsub'> <InPorts = 2> <OutPorts = 1>
ST_87 : Operation 288 [5/5] (2.89ns)   --->   "%fy_1 = dadd i64 %select_ln18_2, i64 %mul9" [md_knn.c:43]   --->   Operation 288 'dadd' 'fy_1' <Predicate = true> <Delay = 2.89> <CoreInst = "DAddSub_fulldsp">   --->   Core 37 'DAddSub_fulldsp' <Latency = 4> <II = 1> <Delay = 2.89> <FuncUnit> <Opcode : 'dadd' 'dsub'> <InPorts = 2> <OutPorts = 1>
ST_87 : Operation 289 [5/5] (2.89ns)   --->   "%fz_1 = dadd i64 %select_ln18_1, i64 %mul4" [md_knn.c:44]   --->   Operation 289 'dadd' 'fz_1' <Predicate = true> <Delay = 2.89> <CoreInst = "DAddSub_fulldsp">   --->   Core 37 'DAddSub_fulldsp' <Latency = 4> <II = 1> <Delay = 2.89> <FuncUnit> <Opcode : 'dadd' 'dsub'> <InPorts = 2> <OutPorts = 1>
ST_87 : Operation 319 [1/1] (0.00ns)   --->   "%ret_ln52 = ret" [md_knn.c:52]   --->   Operation 319 'ret' 'ret_ln52' <Predicate = (icmp_ln18)> <Delay = 0.00>

State 88 <SV = 87> <Delay = 2.89>
ST_88 : Operation 290 [3/5] (2.89ns)   --->   "%fx_1 = dadd i64 %select_ln18_3, i64 %mul8" [md_knn.c:42]   --->   Operation 290 'dadd' 'fx_1' <Predicate = true> <Delay = 2.89> <CoreInst = "DAddSub_fulldsp">   --->   Core 37 'DAddSub_fulldsp' <Latency = 4> <II = 1> <Delay = 2.89> <FuncUnit> <Opcode : 'dadd' 'dsub'> <InPorts = 2> <OutPorts = 1>
ST_88 : Operation 291 [4/5] (2.89ns)   --->   "%fy_1 = dadd i64 %select_ln18_2, i64 %mul9" [md_knn.c:43]   --->   Operation 291 'dadd' 'fy_1' <Predicate = true> <Delay = 2.89> <CoreInst = "DAddSub_fulldsp">   --->   Core 37 'DAddSub_fulldsp' <Latency = 4> <II = 1> <Delay = 2.89> <FuncUnit> <Opcode : 'dadd' 'dsub'> <InPorts = 2> <OutPorts = 1>
ST_88 : Operation 292 [4/5] (2.89ns)   --->   "%fz_1 = dadd i64 %select_ln18_1, i64 %mul4" [md_knn.c:44]   --->   Operation 292 'dadd' 'fz_1' <Predicate = true> <Delay = 2.89> <CoreInst = "DAddSub_fulldsp">   --->   Core 37 'DAddSub_fulldsp' <Latency = 4> <II = 1> <Delay = 2.89> <FuncUnit> <Opcode : 'dadd' 'dsub'> <InPorts = 2> <OutPorts = 1>

State 89 <SV = 88> <Delay = 2.89>
ST_89 : Operation 293 [2/5] (2.89ns)   --->   "%fx_1 = dadd i64 %select_ln18_3, i64 %mul8" [md_knn.c:42]   --->   Operation 293 'dadd' 'fx_1' <Predicate = true> <Delay = 2.89> <CoreInst = "DAddSub_fulldsp">   --->   Core 37 'DAddSub_fulldsp' <Latency = 4> <II = 1> <Delay = 2.89> <FuncUnit> <Opcode : 'dadd' 'dsub'> <InPorts = 2> <OutPorts = 1>
ST_89 : Operation 294 [3/5] (2.89ns)   --->   "%fy_1 = dadd i64 %select_ln18_2, i64 %mul9" [md_knn.c:43]   --->   Operation 294 'dadd' 'fy_1' <Predicate = true> <Delay = 2.89> <CoreInst = "DAddSub_fulldsp">   --->   Core 37 'DAddSub_fulldsp' <Latency = 4> <II = 1> <Delay = 2.89> <FuncUnit> <Opcode : 'dadd' 'dsub'> <InPorts = 2> <OutPorts = 1>
ST_89 : Operation 295 [3/5] (2.89ns)   --->   "%fz_1 = dadd i64 %select_ln18_1, i64 %mul4" [md_knn.c:44]   --->   Operation 295 'dadd' 'fz_1' <Predicate = true> <Delay = 2.89> <CoreInst = "DAddSub_fulldsp">   --->   Core 37 'DAddSub_fulldsp' <Latency = 4> <II = 1> <Delay = 2.89> <FuncUnit> <Opcode : 'dadd' 'dsub'> <InPorts = 2> <OutPorts = 1>

State 90 <SV = 89> <Delay = 3.28>
ST_90 : Operation 296 [1/5] (2.89ns)   --->   "%fx_1 = dadd i64 %select_ln18_3, i64 %mul8" [md_knn.c:42]   --->   Operation 296 'dadd' 'fx_1' <Predicate = true> <Delay = 2.89> <CoreInst = "DAddSub_fulldsp">   --->   Core 37 'DAddSub_fulldsp' <Latency = 4> <II = 1> <Delay = 2.89> <FuncUnit> <Opcode : 'dadd' 'dsub'> <InPorts = 2> <OutPorts = 1>
ST_90 : Operation 297 [2/5] (2.89ns)   --->   "%fy_1 = dadd i64 %select_ln18_2, i64 %mul9" [md_knn.c:43]   --->   Operation 297 'dadd' 'fy_1' <Predicate = true> <Delay = 2.89> <CoreInst = "DAddSub_fulldsp">   --->   Core 37 'DAddSub_fulldsp' <Latency = 4> <II = 1> <Delay = 2.89> <FuncUnit> <Opcode : 'dadd' 'dsub'> <InPorts = 2> <OutPorts = 1>
ST_90 : Operation 298 [2/5] (2.89ns)   --->   "%fz_1 = dadd i64 %select_ln18_1, i64 %mul4" [md_knn.c:44]   --->   Operation 298 'dadd' 'fz_1' <Predicate = true> <Delay = 2.89> <CoreInst = "DAddSub_fulldsp">   --->   Core 37 'DAddSub_fulldsp' <Latency = 4> <II = 1> <Delay = 2.89> <FuncUnit> <Opcode : 'dadd' 'dsub'> <InPorts = 2> <OutPorts = 1>
ST_90 : Operation 299 [1/1] (0.38ns)   --->   "%store_ln42 = store i64 %fx_1, i64 %fx" [md_knn.c:42]   --->   Operation 299 'store' 'store_ln42' <Predicate = true> <Delay = 0.38>

State 91 <SV = 90> <Delay = 3.28>
ST_91 : Operation 300 [1/1] (0.00ns)   --->   "%specloopname_ln0 = specloopname void @_ssdm_op_SpecLoopName, void @loop_i_loop_j_str"   --->   Operation 300 'specloopname' 'specloopname_ln0' <Predicate = true> <Delay = 0.00>
ST_91 : Operation 301 [1/1] (0.00ns)   --->   "%empty = speclooptripcount i32 @_ssdm_op_SpecLoopTripCount, i64 262144, i64 262144, i64 262144"   --->   Operation 301 'speclooptripcount' 'empty' <Predicate = true> <Delay = 0.00>
ST_91 : Operation 302 [1/1] (0.00ns)   --->   "%specpipeline_ln0 = specpipeline void @_ssdm_op_SpecPipeline, i32 4294967295, i32 0, i32 1, i32 0, void @p_str"   --->   Operation 302 'specpipeline' 'specpipeline_ln0' <Predicate = true> <Delay = 0.00>
ST_91 : Operation 303 [1/1] (0.00ns)   --->   "%specloopname_ln14 = specloopname void @_ssdm_op_SpecLoopName, void @empty_2" [md_knn.c:14]   --->   Operation 303 'specloopname' 'specloopname_ln14' <Predicate = true> <Delay = 0.00>
ST_91 : Operation 304 [1/5] (2.89ns)   --->   "%fy_1 = dadd i64 %select_ln18_2, i64 %mul9" [md_knn.c:43]   --->   Operation 304 'dadd' 'fy_1' <Predicate = true> <Delay = 2.89> <CoreInst = "DAddSub_fulldsp">   --->   Core 37 'DAddSub_fulldsp' <Latency = 4> <II = 1> <Delay = 2.89> <FuncUnit> <Opcode : 'dadd' 'dsub'> <InPorts = 2> <OutPorts = 1>
ST_91 : Operation 305 [1/5] (2.89ns)   --->   "%fz_1 = dadd i64 %select_ln18_1, i64 %mul4" [md_knn.c:44]   --->   Operation 305 'dadd' 'fz_1' <Predicate = true> <Delay = 2.89> <CoreInst = "DAddSub_fulldsp">   --->   Core 37 'DAddSub_fulldsp' <Latency = 4> <II = 1> <Delay = 2.89> <FuncUnit> <Opcode : 'dadd' 'dsub'> <InPorts = 2> <OutPorts = 1>
ST_91 : Operation 306 [1/1] (0.00ns)   --->   "%bitcast_ln47 = bitcast i64 %fx_1" [md_knn.c:47]   --->   Operation 306 'bitcast' 'bitcast_ln47' <Predicate = (ifzero)> <Delay = 0.00>
ST_91 : Operation 307 [1/1] (0.00ns)   --->   "%force_x_addr = getelementptr i64 %force_x, i64 0, i64 %zext_ln18" [md_knn.c:47]   --->   Operation 307 'getelementptr' 'force_x_addr' <Predicate = (ifzero)> <Delay = 0.00>
ST_91 : Operation 308 [1/1] (1.20ns)   --->   "%store_ln47 = store i64 %bitcast_ln47, i10 %force_x_addr" [md_knn.c:47]   --->   Operation 308 'store' 'store_ln47' <Predicate = (ifzero)> <Delay = 1.20> <CoreInst = "RAM">   --->   Core 83 'RAM' <Latency = 1> <II = 1> <Delay = 1.20> <Storage> <Opcode : 'load' 'store'> <Ports = 2> <Width = 64> <Depth = 1024> <RAM>
ST_91 : Operation 309 [1/1] (0.38ns)   --->   "%store_ln44 = store i64 %fz_1, i64 %fz" [md_knn.c:44]   --->   Operation 309 'store' 'store_ln44' <Predicate = true> <Delay = 0.38>
ST_91 : Operation 310 [1/1] (0.38ns)   --->   "%store_ln43 = store i64 %fy_1, i64 %fy" [md_knn.c:43]   --->   Operation 310 'store' 'store_ln43' <Predicate = true> <Delay = 0.38>
ST_91 : Operation 311 [1/1] (0.00ns)   --->   "%br_ln0 = br void %for.inc"   --->   Operation 311 'br' 'br_ln0' <Predicate = true> <Delay = 0.00>

State 92 <SV = 91> <Delay = 1.20>
ST_92 : Operation 312 [1/1] (0.00ns)   --->   "%bitcast_ln48 = bitcast i64 %fy_1" [md_knn.c:48]   --->   Operation 312 'bitcast' 'bitcast_ln48' <Predicate = (ifzero)> <Delay = 0.00>
ST_92 : Operation 313 [1/1] (0.00ns)   --->   "%force_y_addr = getelementptr i64 %force_y, i64 0, i64 %zext_ln18" [md_knn.c:48]   --->   Operation 313 'getelementptr' 'force_y_addr' <Predicate = (ifzero)> <Delay = 0.00>
ST_92 : Operation 314 [1/1] (1.20ns)   --->   "%store_ln48 = store i64 %bitcast_ln48, i10 %force_y_addr" [md_knn.c:48]   --->   Operation 314 'store' 'store_ln48' <Predicate = (ifzero)> <Delay = 1.20> <CoreInst = "RAM">   --->   Core 83 'RAM' <Latency = 1> <II = 1> <Delay = 1.20> <Storage> <Opcode : 'load' 'store'> <Ports = 2> <Width = 64> <Depth = 1024> <RAM>
ST_92 : Operation 315 [1/1] (0.00ns)   --->   "%bitcast_ln49 = bitcast i64 %fz_1" [md_knn.c:49]   --->   Operation 315 'bitcast' 'bitcast_ln49' <Predicate = (ifzero)> <Delay = 0.00>
ST_92 : Operation 316 [1/1] (0.00ns)   --->   "%force_z_addr = getelementptr i64 %force_z, i64 0, i64 %zext_ln18" [md_knn.c:49]   --->   Operation 316 'getelementptr' 'force_z_addr' <Predicate = (ifzero)> <Delay = 0.00>
ST_92 : Operation 317 [1/1] (1.20ns)   --->   "%store_ln49 = store i64 %bitcast_ln49, i10 %force_z_addr" [md_knn.c:49]   --->   Operation 317 'store' 'store_ln49' <Predicate = (ifzero)> <Delay = 1.20> <CoreInst = "RAM">   --->   Core 83 'RAM' <Latency = 1> <II = 1> <Delay = 1.20> <Storage> <Opcode : 'load' 'store'> <Ports = 2> <Width = 64> <Depth = 1024> <RAM>
ST_92 : Operation 318 [1/1] (0.00ns)   --->   "%br_ln0 = br void %ifFalse"   --->   Operation 318 'br' 'br_ln0' <Predicate = (ifzero)> <Delay = 0.00>


============================================================
+ Verbose Summary: Timing violations
============================================================
Target clock period: 5ns, clock uncertainty: 1.35ns.

 <State 1>: 2.28ns
The critical path consists of the following:
	'alloca' operation ('i') [12]  (0 ns)
	'load' operation ('i_load', md_knn.c:18) on local variable 'i' [47]  (0 ns)
	'add' operation ('add_ln18_1', md_knn.c:18) [55]  (0.735 ns)
	'select' operation ('select_ln18_4', md_knn.c:18) [56]  (0.301 ns)
	'getelementptr' operation ('NL_addr', md_knn.c:27) [73]  (0 ns)
	'load' operation ('jidx', md_knn.c:27) on array 'NL' [74]  (1.25 ns)

 <State 2>: 2.45ns
The critical path consists of the following:
	'load' operation ('jidx', md_knn.c:27) on array 'NL' [74]  (1.25 ns)
	'getelementptr' operation ('position_x_addr_1', md_knn.c:29) [76]  (0 ns)
	'load' operation ('position_x_load_1', md_knn.c:29) on array 'position_x' [77]  (1.2 ns)

 <State 3>: 1.2ns
The critical path consists of the following:
	'load' operation ('position_x_load_1', md_knn.c:29) on array 'position_x' [77]  (1.2 ns)

 <State 4>: 2.9ns
The critical path consists of the following:
	'dsub' operation ('delx', md_knn.c:33) [85]  (2.9 ns)

 <State 5>: 2.9ns
The critical path consists of the following:
	'dsub' operation ('delx', md_knn.c:33) [85]  (2.9 ns)

 <State 6>: 2.9ns
The critical path consists of the following:
	'dsub' operation ('delx', md_knn.c:33) [85]  (2.9 ns)

 <State 7>: 2.9ns
The critical path consists of the following:
	'dsub' operation ('delx', md_knn.c:33) [85]  (2.9 ns)

 <State 8>: 2.9ns
The critical path consists of the following:
	'dsub' operation ('delx', md_knn.c:33) [85]  (2.9 ns)

 <State 9>: 3.33ns
The critical path consists of the following:
	'dmul' operation ('mul', md_knn.c:36) [88]  (3.33 ns)

 <State 10>: 3.33ns
The critical path consists of the following:
	'dmul' operation ('mul', md_knn.c:36) [88]  (3.33 ns)

 <State 11>: 3.33ns
The critical path consists of the following:
	'dmul' operation ('mul', md_knn.c:36) [88]  (3.33 ns)

 <State 12>: 3.33ns
The critical path consists of the following:
	'dmul' operation ('mul', md_knn.c:36) [88]  (3.33 ns)

 <State 13>: 3.33ns
The critical path consists of the following:
	'dmul' operation ('mul', md_knn.c:36) [88]  (3.33 ns)

 <State 14>: 3.33ns
The critical path consists of the following:
	'dmul' operation ('mul2', md_knn.c:36) [91]  (3.33 ns)

 <State 15>: 2.9ns
The critical path consists of the following:
	'dadd' operation ('add', md_knn.c:36) [90]  (2.9 ns)

 <State 16>: 2.9ns
The critical path consists of the following:
	'dadd' operation ('add', md_knn.c:36) [90]  (2.9 ns)

 <State 17>: 2.9ns
The critical path consists of the following:
	'dadd' operation ('add', md_knn.c:36) [90]  (2.9 ns)

 <State 18>: 2.9ns
The critical path consists of the following:
	'dadd' operation ('add', md_knn.c:36) [90]  (2.9 ns)

 <State 19>: 2.9ns
The critical path consists of the following:
	'dadd' operation ('add', md_knn.c:36) [90]  (2.9 ns)

 <State 20>: 0ns
The critical path consists of the following:

 <State 21>: 2.9ns
The critical path consists of the following:
	'dadd' operation ('add1', md_knn.c:36) [92]  (2.9 ns)

 <State 22>: 2.9ns
The critical path consists of the following:
	'dadd' operation ('add1', md_knn.c:36) [92]  (2.9 ns)

 <State 23>: 2.9ns
The critical path consists of the following:
	'dadd' operation ('add1', md_knn.c:36) [92]  (2.9 ns)

 <State 24>: 2.9ns
The critical path consists of the following:
	'dadd' operation ('add1', md_knn.c:36) [92]  (2.9 ns)

 <State 25>: 2.9ns
The critical path consists of the following:
	'dadd' operation ('add1', md_knn.c:36) [92]  (2.9 ns)

 <State 26>: 3.32ns
The critical path consists of the following:
	'ddiv' operation ('r2inv', md_knn.c:36) [93]  (3.32 ns)

 <State 27>: 3.32ns
The critical path consists of the following:
	'ddiv' operation ('r2inv', md_knn.c:36) [93]  (3.32 ns)

 <State 28>: 3.32ns
The critical path consists of the following:
	'ddiv' operation ('r2inv', md_knn.c:36) [93]  (3.32 ns)

 <State 29>: 3.32ns
The critical path consists of the following:
	'ddiv' operation ('r2inv', md_knn.c:36) [93]  (3.32 ns)

 <State 30>: 3.32ns
The critical path consists of the following:
	'ddiv' operation ('r2inv', md_knn.c:36) [93]  (3.32 ns)

 <State 31>: 3.32ns
The critical path consists of the following:
	'ddiv' operation ('r2inv', md_knn.c:36) [93]  (3.32 ns)

 <State 32>: 3.32ns
The critical path consists of the following:
	'ddiv' operation ('r2inv', md_knn.c:36) [93]  (3.32 ns)

 <State 33>: 3.32ns
The critical path consists of the following:
	'ddiv' operation ('r2inv', md_knn.c:36) [93]  (3.32 ns)

 <State 34>: 3.32ns
The critical path consists of the following:
	'ddiv' operation ('r2inv', md_knn.c:36) [93]  (3.32 ns)

 <State 35>: 3.32ns
The critical path consists of the following:
	'ddiv' operation ('r2inv', md_knn.c:36) [93]  (3.32 ns)

 <State 36>: 3.32ns
The critical path consists of the following:
	'ddiv' operation ('r2inv', md_knn.c:36) [93]  (3.32 ns)

 <State 37>: 3.32ns
The critical path consists of the following:
	'ddiv' operation ('r2inv', md_knn.c:36) [93]  (3.32 ns)

 <State 38>: 3.32ns
The critical path consists of the following:
	'ddiv' operation ('r2inv', md_knn.c:36) [93]  (3.32 ns)

 <State 39>: 3.32ns
The critical path consists of the following:
	'ddiv' operation ('r2inv', md_knn.c:36) [93]  (3.32 ns)

 <State 40>: 3.32ns
The critical path consists of the following:
	'ddiv' operation ('r2inv', md_knn.c:36) [93]  (3.32 ns)

 <State 41>: 3.32ns
The critical path consists of the following:
	'ddiv' operation ('r2inv', md_knn.c:36) [93]  (3.32 ns)

 <State 42>: 3.32ns
The critical path consists of the following:
	'ddiv' operation ('r2inv', md_knn.c:36) [93]  (3.32 ns)

 <State 43>: 3.32ns
The critical path consists of the following:
	'ddiv' operation ('r2inv', md_knn.c:36) [93]  (3.32 ns)

 <State 44>: 3.32ns
The critical path consists of the following:
	'ddiv' operation ('r2inv', md_knn.c:36) [93]  (3.32 ns)

 <State 45>: 3.32ns
The critical path consists of the following:
	'ddiv' operation ('r2inv', md_knn.c:36) [93]  (3.32 ns)

 <State 46>: 3.32ns
The critical path consists of the following:
	'ddiv' operation ('r2inv', md_knn.c:36) [93]  (3.32 ns)

 <State 47>: 3.32ns
The critical path consists of the following:
	'ddiv' operation ('r2inv', md_knn.c:36) [93]  (3.32 ns)

 <State 48>: 3.33ns
The critical path consists of the following:
	'dmul' operation ('mul3', md_knn.c:38) [94]  (3.33 ns)

 <State 49>: 3.33ns
The critical path consists of the following:
	'dmul' operation ('mul3', md_knn.c:38) [94]  (3.33 ns)

 <State 50>: 3.33ns
The critical path consists of the following:
	'dmul' operation ('mul3', md_knn.c:38) [94]  (3.33 ns)

 <State 51>: 3.33ns
The critical path consists of the following:
	'dmul' operation ('mul3', md_knn.c:38) [94]  (3.33 ns)

 <State 52>: 3.33ns
The critical path consists of the following:
	'dmul' operation ('mul3', md_knn.c:38) [94]  (3.33 ns)

 <State 53>: 3.33ns
The critical path consists of the following:
	'dmul' operation ('r6inv', md_knn.c:38) [95]  (3.33 ns)

 <State 54>: 3.33ns
The critical path consists of the following:
	'dmul' operation ('r6inv', md_knn.c:38) [95]  (3.33 ns)

 <State 55>: 3.33ns
The critical path consists of the following:
	'dmul' operation ('r6inv', md_knn.c:38) [95]  (3.33 ns)

 <State 56>: 3.33ns
The critical path consists of the following:
	'dmul' operation ('r6inv', md_knn.c:38) [95]  (3.33 ns)

 <State 57>: 3.33ns
The critical path consists of the following:
	'dmul' operation ('r6inv', md_knn.c:38) [95]  (3.33 ns)

 <State 58>: 3.33ns
The critical path consists of the following:
	'dmul' operation ('mul5', md_knn.c:39) [96]  (3.33 ns)

 <State 59>: 3.33ns
The critical path consists of the following:
	'dmul' operation ('mul5', md_knn.c:39) [96]  (3.33 ns)

 <State 60>: 3.33ns
The critical path consists of the following:
	'dmul' operation ('mul5', md_knn.c:39) [96]  (3.33 ns)

 <State 61>: 3.33ns
The critical path consists of the following:
	'dmul' operation ('mul5', md_knn.c:39) [96]  (3.33 ns)

 <State 62>: 3.33ns
The critical path consists of the following:
	'dmul' operation ('mul5', md_knn.c:39) [96]  (3.33 ns)

 <State 63>: 2.9ns
The critical path consists of the following:
	'dadd' operation ('sub', md_knn.c:39) [97]  (2.9 ns)

 <State 64>: 2.9ns
The critical path consists of the following:
	'dadd' operation ('sub', md_knn.c:39) [97]  (2.9 ns)

 <State 65>: 2.9ns
The critical path consists of the following:
	'dadd' operation ('sub', md_knn.c:39) [97]  (2.9 ns)

 <State 66>: 2.9ns
The critical path consists of the following:
	'dadd' operation ('sub', md_knn.c:39) [97]  (2.9 ns)

 <State 67>: 2.9ns
The critical path consists of the following:
	'dadd' operation ('sub', md_knn.c:39) [97]  (2.9 ns)

 <State 68>: 0ns
The critical path consists of the following:

 <State 69>: 3.33ns
The critical path consists of the following:
	'dmul' operation ('potential', md_knn.c:39) [98]  (3.33 ns)

 <State 70>: 3.33ns
The critical path consists of the following:
	'dmul' operation ('potential', md_knn.c:39) [98]  (3.33 ns)

 <State 71>: 3.33ns
The critical path consists of the following:
	'dmul' operation ('potential', md_knn.c:39) [98]  (3.33 ns)

 <State 72>: 3.33ns
The critical path consists of the following:
	'dmul' operation ('potential', md_knn.c:39) [98]  (3.33 ns)

 <State 73>: 3.33ns
The critical path consists of the following:
	'dmul' operation ('potential', md_knn.c:39) [98]  (3.33 ns)

 <State 74>: 0ns
The critical path consists of the following:

 <State 75>: 3.33ns
The critical path consists of the following:
	'dmul' operation ('force', md_knn.c:41) [99]  (3.33 ns)

 <State 76>: 3.33ns
The critical path consists of the following:
	'dmul' operation ('force', md_knn.c:41) [99]  (3.33 ns)

 <State 77>: 3.33ns
The critical path consists of the following:
	'dmul' operation ('force', md_knn.c:41) [99]  (3.33 ns)

 <State 78>: 3.33ns
The critical path consists of the following:
	'dmul' operation ('force', md_knn.c:41) [99]  (3.33 ns)

 <State 79>: 3.33ns
The critical path consists of the following:
	'dmul' operation ('force', md_knn.c:41) [99]  (3.33 ns)

 <State 80>: 3.33ns
The critical path consists of the following:
	'dmul' operation ('mul8', md_knn.c:42) [100]  (3.33 ns)

 <State 81>: 3.33ns
The critical path consists of the following:
	'dmul' operation ('mul8', md_knn.c:42) [100]  (3.33 ns)

 <State 82>: 3.33ns
The critical path consists of the following:
	'dmul' operation ('mul8', md_knn.c:42) [100]  (3.33 ns)

 <State 83>: 3.33ns
The critical path consists of the following:
	'dmul' operation ('mul8', md_knn.c:42) [100]  (3.33 ns)

 <State 84>: 3.33ns
The critical path consists of the following:
	'dmul' operation ('mul8', md_knn.c:42) [100]  (3.33 ns)

 <State 85>: 3.33ns
The critical path consists of the following:
	'dmul' operation ('mul9', md_knn.c:43) [102]  (3.33 ns)

 <State 86>: 3.31ns
The critical path consists of the following:
	'load' operation ('fx_load', md_knn.c:18) on local variable 'fx' [43]  (0 ns)
	'select' operation ('select_ln18_3', md_knn.c:18) [54]  (0.411 ns)
	'dadd' operation ('fx', md_knn.c:42) [101]  (2.9 ns)

 <State 87>: 3.31ns
The critical path consists of the following:
	'load' operation ('fy_load', md_knn.c:18) on local variable 'fy' [44]  (0 ns)
	'select' operation ('select_ln18_2', md_knn.c:18) [53]  (0.411 ns)
	'dadd' operation ('fy', md_knn.c:43) [103]  (2.9 ns)

 <State 88>: 2.9ns
The critical path consists of the following:
	'dadd' operation ('fx', md_knn.c:42) [101]  (2.9 ns)

 <State 89>: 2.9ns
The critical path consists of the following:
	'dadd' operation ('fx', md_knn.c:42) [101]  (2.9 ns)

 <State 90>: 3.28ns
The critical path consists of the following:
	'dadd' operation ('fx', md_knn.c:42) [101]  (2.9 ns)
	'store' operation ('store_ln42', md_knn.c:42) of variable 'fx', md_knn.c:42 on local variable 'fx' [126]  (0.387 ns)

 <State 91>: 3.28ns
The critical path consists of the following:
	'dadd' operation ('fz', md_knn.c:44) [105]  (2.9 ns)
	'store' operation ('store_ln44', md_knn.c:44) of variable 'fz', md_knn.c:44 on local variable 'fz' [124]  (0.387 ns)

 <State 92>: 1.2ns
The critical path consists of the following:
	'store' operation ('store_ln48', md_knn.c:48) of variable 'bitcast_ln48', md_knn.c:48 on array 'force_y' [115]  (1.2 ns)


============================================================
+ Verbose Summary: Binding
============================================================
N/A
* FSMD analyzer results:
  - Output states:
 - Input state : 
  - Chain level:
	State 1
	State 2
	State 3
	State 4
	State 5
	State 6
	State 7
	State 8
	State 9
	State 10
	State 11
	State 12
	State 13
	State 14
	State 15
	State 16
	State 17
	State 18
	State 19
	State 20
	State 21
	State 22
	State 23
	State 24
	State 25
	State 26
	State 27
	State 28
	State 29
	State 30
	State 31
	State 32
	State 33
	State 34
	State 35
	State 36
	State 37
	State 38
	State 39
	State 40
	State 41
	State 42
	State 43
	State 44
	State 45
	State 46
	State 47
	State 48
	State 49
	State 50
	State 51
	State 52
	State 53
	State 54
	State 55
	State 56
	State 57
	State 58
	State 59
	State 60
	State 61
	State 62
	State 63
	State 64
	State 65
	State 66
	State 67
	State 68
	State 69
	State 70
	State 71
	State 72
	State 73
	State 74
	State 75
	State 76
	State 77
	State 78
	State 79
	State 80
	State 81
	State 82
	State 83
	State 84
	State 85
	State 86
	State 87
	State 88
	State 89
	State 90
	State 91
	State 92


============================================================
+ Verbose Summary: Datapath Resource usage 
============================================================
N/A
