Fri Jul 25 16:30:05 2025: Running xcd server. This server was built by gradle.
Fri Jul 25 16:30:05 2025: Server was asked to start on port: '45741'
Fri Jul 25 16:30:05 2025: Server is using token UUID: '52b75dd6-a3a1-415a-8912-89bca2176b84'
Fri Jul 25 16:30:05 2025: SESSION_MGR: creating session with session uuid: '6d04a3e9-ade5-4ab9-8d63-1f78fcd2ec76' and name 'default'
Fri Jul 25 16:30:05 2025: Attempting to start server on port '45741'
Fri Jul 25 16:30:05 2025: XCD main fifo: created main fifo '/tmp/xcdmain52b75dd6-a3a1-415a-8912-89bca2176b84', fd read = 13
Fri Jul 25 16:30:05 2025: Running Dispatch Server
Fri Jul 25 16:30:05 2025: Version 2.2.0
Fri Jul 25 16:30:13 2025: Dispatch Server: Accepted socket connection from client
Fri Jul 25 16:30:13 2025: Starting Socket connection
Fri Jul 25 16:30:13 2025: EXCHANGE_TOKEN received, server token: 52b75dd6-a3a1-415a-8912-89bca2176b84, passed token: 52b75dd6-a3a1-415a-8912-89bca2176b84
Fri Jul 25 16:30:13 2025: SESSION_MGR: creating session with session uuid: '972c9e02-14f2-4dbe-93ce-c86f857227d1' and name 'vitis_hls'
Fri Jul 25 16:30:13 2025: KERNEL_SVC: creating session with uuid: '972c9e02-14f2-4dbe-93ce-c86f857227d1' and name 'vitis_hls'
Fri Jul 25 16:30:13 2025: GUIDANCE_SMGR: creating guidance session with uuid: '972c9e02-14f2-4dbe-93ce-c86f857227d1' and name 'vitis_hls'
Fri Jul 25 16:32:22 2025: STOP_SERVER received, server token: 52b75dd6-a3a1-415a-8912-89bca2176b84, passed token: 52b75dd6-a3a1-415a-8912-89bca2176b84
Fri Jul 25 16:32:22 2025: Socket received request to stop server.
Fri Jul 25 16:32:22 2025: Dispatch Server: do_await_stop
Fri Jul 25 16:32:22 2025: Dispatch Server: stopping mainFifo_
Fri Jul 25 16:32:22 2025: XCD main fifo: Stopping
Fri Jul 25 16:32:22 2025: XCD main fifo: do_read error code: Operation canceled
Fri Jul 25 16:32:22 2025: XCD main fifo: bytes_transferred: 0
Fri Jul 25 16:32:22 2025: SERVER: destructor for server bound to port 45741
Fri Jul 25 16:32:22 2025: XCD main fifo: Good unlink of /tmp/xcdmain52b75dd6-a3a1-415a-8912-89bca2176b84
Fri Jul 25 16:32:22 2025: Server exiting with status 0.
Fri Jul 25 16:32:22 2025: Closing log file.
Fri Jul 25 16:41:43 2025: Running xcd server. This server was built by gradle.
Fri Jul 25 16:41:43 2025: Server was asked to start on port: '45025'
Fri Jul 25 16:41:43 2025: Server is using token UUID: 'cfd47779-3925-4d2e-ae4f-2dd81c29c372'
Fri Jul 25 16:41:43 2025: SESSION_MGR: creating session with session uuid: '6d04a3e9-ade5-4ab9-8d63-1f78fcd2ec76' and name 'default'
Fri Jul 25 16:41:43 2025: Attempting to start server on port '45025'
Fri Jul 25 16:41:43 2025: XCD main fifo: created main fifo '/tmp/xcdmaincfd47779-3925-4d2e-ae4f-2dd81c29c372', fd read = 13
Fri Jul 25 16:41:43 2025: Running Dispatch Server
Fri Jul 25 16:41:43 2025: Version 2.2.0
Fri Jul 25 16:41:52 2025: Dispatch Server: Accepted socket connection from client
Fri Jul 25 16:41:52 2025: Starting Socket connection
Fri Jul 25 16:41:52 2025: EXCHANGE_TOKEN received, server token: cfd47779-3925-4d2e-ae4f-2dd81c29c372, passed token: cfd47779-3925-4d2e-ae4f-2dd81c29c372
Fri Jul 25 16:41:52 2025: SESSION_MGR: creating session with session uuid: '90d216d9-ea93-4ac7-a51b-3d1f864bb493' and name 'vitis_hls'
Fri Jul 25 16:41:52 2025: KERNEL_SVC: creating session with uuid: '90d216d9-ea93-4ac7-a51b-3d1f864bb493' and name 'vitis_hls'
Fri Jul 25 16:41:52 2025: GUIDANCE_SMGR: creating guidance session with uuid: '90d216d9-ea93-4ac7-a51b-3d1f864bb493' and name 'vitis_hls'
Fri Jul 25 16:41:52 2025: STOP_SERVER received, server token: cfd47779-3925-4d2e-ae4f-2dd81c29c372, passed token: cfd47779-3925-4d2e-ae4f-2dd81c29c372
Fri Jul 25 16:41:52 2025: Socket received request to stop server.
Fri Jul 25 16:41:52 2025: Dispatch Server: do_await_stop
Fri Jul 25 16:41:52 2025: Dispatch Server: stopping mainFifo_
Fri Jul 25 16:41:52 2025: XCD main fifo: Stopping
Fri Jul 25 16:41:52 2025: XCD main fifo: do_read error code: Operation canceled
Fri Jul 25 16:41:52 2025: XCD main fifo: bytes_transferred: 0
Fri Jul 25 16:41:52 2025: SERVER: destructor for server bound to port 45025
Fri Jul 25 16:41:52 2025: XCD main fifo: Good unlink of /tmp/xcdmaincfd47779-3925-4d2e-ae4f-2dd81c29c372
Fri Jul 25 16:41:52 2025: Server exiting with status 0.
Fri Jul 25 16:41:52 2025: Closing log file.
Fri Jul 25 16:50:23 2025: Running xcd server. This server was built by gradle.
Fri Jul 25 16:50:23 2025: Server was asked to start on port: '37443'
Fri Jul 25 16:50:23 2025: Server is using token UUID: '68c5b5cd-a52b-4068-a697-5ca6822abde7'
Fri Jul 25 16:50:23 2025: SESSION_MGR: creating session with session uuid: '6d04a3e9-ade5-4ab9-8d63-1f78fcd2ec76' and name 'default'
Fri Jul 25 16:50:23 2025: Attempting to start server on port '37443'
Fri Jul 25 16:50:23 2025: XCD main fifo: created main fifo '/tmp/xcdmain68c5b5cd-a52b-4068-a697-5ca6822abde7', fd read = 13
Fri Jul 25 16:50:23 2025: Running Dispatch Server
Fri Jul 25 16:50:23 2025: Version 2.2.0
Fri Jul 25 16:50:32 2025: Dispatch Server: Accepted socket connection from client
Fri Jul 25 16:50:32 2025: Starting Socket connection
Fri Jul 25 16:50:32 2025: EXCHANGE_TOKEN received, server token: 68c5b5cd-a52b-4068-a697-5ca6822abde7, passed token: 68c5b5cd-a52b-4068-a697-5ca6822abde7
Fri Jul 25 16:50:32 2025: SESSION_MGR: creating session with session uuid: 'f4f57ec4-5e77-4b70-920c-f99ea865f43e' and name 'vitis_hls'
Fri Jul 25 16:50:32 2025: KERNEL_SVC: creating session with uuid: 'f4f57ec4-5e77-4b70-920c-f99ea865f43e' and name 'vitis_hls'
Fri Jul 25 16:50:32 2025: GUIDANCE_SMGR: creating guidance session with uuid: 'f4f57ec4-5e77-4b70-920c-f99ea865f43e' and name 'vitis_hls'
Fri Jul 25 16:50:32 2025: STOP_SERVER received, server token: 68c5b5cd-a52b-4068-a697-5ca6822abde7, passed token: 68c5b5cd-a52b-4068-a697-5ca6822abde7
Fri Jul 25 16:50:32 2025: Socket received request to stop server.
Fri Jul 25 16:50:32 2025: Dispatch Server: do_await_stop
Fri Jul 25 16:50:32 2025: Dispatch Server: stopping mainFifo_
Fri Jul 25 16:50:32 2025: XCD main fifo: Stopping
Fri Jul 25 16:50:32 2025: XCD main fifo: do_read error code: Operation canceled
Fri Jul 25 16:50:32 2025: XCD main fifo: bytes_transferred: 0
Fri Jul 25 16:50:32 2025: SERVER: destructor for server bound to port 37443
Fri Jul 25 16:50:32 2025: XCD main fifo: Good unlink of /tmp/xcdmain68c5b5cd-a52b-4068-a697-5ca6822abde7
Fri Jul 25 16:50:32 2025: Server exiting with status 0.
Fri Jul 25 16:50:32 2025: Closing log file.
Fri Jul 25 17:02:26 2025: Running xcd server. This server was built by gradle.
Fri Jul 25 17:02:26 2025: Server was asked to start on port: '39645'
Fri Jul 25 17:02:26 2025: Server is using token UUID: '54366bf1-cd49-4368-8b72-ecd1459b5ff3'
Fri Jul 25 17:02:26 2025: SESSION_MGR: creating session with session uuid: '6d04a3e9-ade5-4ab9-8d63-1f78fcd2ec76' and name 'default'
Fri Jul 25 17:02:26 2025: Attempting to start server on port '39645'
Fri Jul 25 17:02:26 2025: XCD main fifo: created main fifo '/tmp/xcdmain54366bf1-cd49-4368-8b72-ecd1459b5ff3', fd read = 13
Fri Jul 25 17:02:26 2025: Running Dispatch Server
Fri Jul 25 17:02:26 2025: Version 2.2.0
Fri Jul 25 17:02:35 2025: Dispatch Server: Accepted socket connection from client
Fri Jul 25 17:02:35 2025: Starting Socket connection
Fri Jul 25 17:02:35 2025: EXCHANGE_TOKEN received, server token: 54366bf1-cd49-4368-8b72-ecd1459b5ff3, passed token: 54366bf1-cd49-4368-8b72-ecd1459b5ff3
Fri Jul 25 17:02:35 2025: SESSION_MGR: creating session with session uuid: '3ec4eb3c-23dc-4648-9d47-025f485781ce' and name 'vitis_hls'
Fri Jul 25 17:02:35 2025: KERNEL_SVC: creating session with uuid: '3ec4eb3c-23dc-4648-9d47-025f485781ce' and name 'vitis_hls'
Fri Jul 25 17:02:35 2025: GUIDANCE_SMGR: creating guidance session with uuid: '3ec4eb3c-23dc-4648-9d47-025f485781ce' and name 'vitis_hls'
Fri Jul 25 17:02:35 2025: STOP_SERVER received, server token: 54366bf1-cd49-4368-8b72-ecd1459b5ff3, passed token: 54366bf1-cd49-4368-8b72-ecd1459b5ff3
Fri Jul 25 17:02:35 2025: Socket received request to stop server.
Fri Jul 25 17:02:35 2025: Dispatch Server: do_await_stop
Fri Jul 25 17:02:35 2025: Dispatch Server: stopping mainFifo_
Fri Jul 25 17:02:35 2025: XCD main fifo: Stopping
Fri Jul 25 17:02:35 2025: XCD main fifo: do_read error code: Operation canceled
Fri Jul 25 17:02:35 2025: XCD main fifo: bytes_transferred: 0
Fri Jul 25 17:02:35 2025: SERVER: destructor for server bound to port 39645
Fri Jul 25 17:02:35 2025: XCD main fifo: Good unlink of /tmp/xcdmain54366bf1-cd49-4368-8b72-ecd1459b5ff3
Fri Jul 25 17:02:35 2025: Server exiting with status 0.
Fri Jul 25 17:02:35 2025: Closing log file.
Fri Jul 25 17:21:11 2025: Running xcd server. This server was built by gradle.
Fri Jul 25 17:21:11 2025: Server was asked to start on port: '41669'
Fri Jul 25 17:21:11 2025: Server is using token UUID: 'e69d3e21-cbd5-404f-a1d9-d2b652a1251f'
Fri Jul 25 17:21:11 2025: SESSION_MGR: creating session with session uuid: '6d04a3e9-ade5-4ab9-8d63-1f78fcd2ec76' and name 'default'
Fri Jul 25 17:21:11 2025: Attempting to start server on port '41669'
Fri Jul 25 17:21:11 2025: XCD main fifo: created main fifo '/tmp/xcdmaine69d3e21-cbd5-404f-a1d9-d2b652a1251f', fd read = 13
Fri Jul 25 17:21:11 2025: Running Dispatch Server
Fri Jul 25 17:21:11 2025: Version 2.2.0
Fri Jul 25 17:21:20 2025: Dispatch Server: Accepted socket connection from client
Fri Jul 25 17:21:20 2025: Starting Socket connection
Fri Jul 25 17:21:20 2025: EXCHANGE_TOKEN received, server token: e69d3e21-cbd5-404f-a1d9-d2b652a1251f, passed token: e69d3e21-cbd5-404f-a1d9-d2b652a1251f
Fri Jul 25 17:21:20 2025: SESSION_MGR: creating session with session uuid: 'ad6956be-b45c-4c2e-b458-7adc58d4f30e' and name 'vitis_hls'
Fri Jul 25 17:21:20 2025: KERNEL_SVC: creating session with uuid: 'ad6956be-b45c-4c2e-b458-7adc58d4f30e' and name 'vitis_hls'
Fri Jul 25 17:21:20 2025: GUIDANCE_SMGR: creating guidance session with uuid: 'ad6956be-b45c-4c2e-b458-7adc58d4f30e' and name 'vitis_hls'
Fri Jul 25 17:21:20 2025: STOP_SERVER received, server token: e69d3e21-cbd5-404f-a1d9-d2b652a1251f, passed token: e69d3e21-cbd5-404f-a1d9-d2b652a1251f
Fri Jul 25 17:21:20 2025: Socket received request to stop server.
Fri Jul 25 17:21:20 2025: Dispatch Server: do_await_stop
Fri Jul 25 17:21:20 2025: Dispatch Server: stopping mainFifo_
Fri Jul 25 17:21:20 2025: XCD main fifo: Stopping
Fri Jul 25 17:21:20 2025: XCD main fifo: do_read error code: Operation canceled
Fri Jul 25 17:21:20 2025: XCD main fifo: bytes_transferred: 0
Fri Jul 25 17:21:20 2025: SERVER: destructor for server bound to port 41669
Fri Jul 25 17:21:20 2025: XCD main fifo: Good unlink of /tmp/xcdmaine69d3e21-cbd5-404f-a1d9-d2b652a1251f
Fri Jul 25 17:21:20 2025: Server exiting with status 0.
Fri Jul 25 17:21:20 2025: Closing log file.
Fri Jul 25 17:26:23 2025: Running xcd server. This server was built by gradle.
Fri Jul 25 17:26:23 2025: Server was asked to start on port: '39635'
Fri Jul 25 17:26:23 2025: Server is using token UUID: '9a76afdd-96ad-448a-9b81-a23d2bcc88a3'
Fri Jul 25 17:26:23 2025: SESSION_MGR: creating session with session uuid: '6d04a3e9-ade5-4ab9-8d63-1f78fcd2ec76' and name 'default'
Fri Jul 25 17:26:23 2025: Attempting to start server on port '39635'
Fri Jul 25 17:26:23 2025: XCD main fifo: created main fifo '/tmp/xcdmain9a76afdd-96ad-448a-9b81-a23d2bcc88a3', fd read = 13
Fri Jul 25 17:26:23 2025: Running Dispatch Server
Fri Jul 25 17:26:23 2025: Version 2.2.0
Fri Jul 25 17:26:31 2025: Dispatch Server: Accepted socket connection from client
Fri Jul 25 17:26:31 2025: Starting Socket connection
Fri Jul 25 17:26:31 2025: EXCHANGE_TOKEN received, server token: 9a76afdd-96ad-448a-9b81-a23d2bcc88a3, passed token: 9a76afdd-96ad-448a-9b81-a23d2bcc88a3
Fri Jul 25 17:26:31 2025: SESSION_MGR: creating session with session uuid: '679c6dff-20ff-466c-b865-cae3836532b2' and name 'vitis_hls'
Fri Jul 25 17:26:31 2025: KERNEL_SVC: creating session with uuid: '679c6dff-20ff-466c-b865-cae3836532b2' and name 'vitis_hls'
Fri Jul 25 17:26:31 2025: GUIDANCE_SMGR: creating guidance session with uuid: '679c6dff-20ff-466c-b865-cae3836532b2' and name 'vitis_hls'
Fri Jul 25 17:26:32 2025: STOP_SERVER received, server token: 9a76afdd-96ad-448a-9b81-a23d2bcc88a3, passed token: 9a76afdd-96ad-448a-9b81-a23d2bcc88a3
Fri Jul 25 17:26:32 2025: Socket received request to stop server.
Fri Jul 25 17:26:32 2025: Dispatch Server: do_await_stop
Fri Jul 25 17:26:32 2025: Dispatch Server: stopping mainFifo_
Fri Jul 25 17:26:32 2025: XCD main fifo: Stopping
Fri Jul 25 17:26:32 2025: XCD main fifo: do_read error code: Operation canceled
Fri Jul 25 17:26:32 2025: XCD main fifo: bytes_transferred: 0
Fri Jul 25 17:26:32 2025: SERVER: destructor for server bound to port 39635
Fri Jul 25 17:26:32 2025: XCD main fifo: Good unlink of /tmp/xcdmain9a76afdd-96ad-448a-9b81-a23d2bcc88a3
Fri Jul 25 17:26:32 2025: Server exiting with status 0.
Fri Jul 25 17:26:32 2025: Closing log file.
Fri Jul 25 17:33:10 2025: Running xcd server. This server was built by gradle.
Fri Jul 25 17:33:10 2025: Server was asked to start on port: '41337'
Fri Jul 25 17:33:10 2025: Server is using token UUID: 'a84b9fcf-8ac0-4c66-a65f-e75df73349cb'
Fri Jul 25 17:33:10 2025: SESSION_MGR: creating session with session uuid: '6d04a3e9-ade5-4ab9-8d63-1f78fcd2ec76' and name 'default'
Fri Jul 25 17:33:10 2025: Attempting to start server on port '41337'
Fri Jul 25 17:33:10 2025: XCD main fifo: created main fifo '/tmp/xcdmaina84b9fcf-8ac0-4c66-a65f-e75df73349cb', fd read = 13
Fri Jul 25 17:33:10 2025: Running Dispatch Server
Fri Jul 25 17:33:10 2025: Version 2.2.0
Fri Jul 25 17:33:19 2025: Dispatch Server: Accepted socket connection from client
Fri Jul 25 17:33:19 2025: Starting Socket connection
Fri Jul 25 17:33:19 2025: EXCHANGE_TOKEN received, server token: a84b9fcf-8ac0-4c66-a65f-e75df73349cb, passed token: a84b9fcf-8ac0-4c66-a65f-e75df73349cb
Fri Jul 25 17:33:19 2025: SESSION_MGR: creating session with session uuid: 'f56a24f4-9600-4907-975f-4db8aa55f3a6' and name 'vitis_hls'
Fri Jul 25 17:33:19 2025: KERNEL_SVC: creating session with uuid: 'f56a24f4-9600-4907-975f-4db8aa55f3a6' and name 'vitis_hls'
Fri Jul 25 17:33:19 2025: GUIDANCE_SMGR: creating guidance session with uuid: 'f56a24f4-9600-4907-975f-4db8aa55f3a6' and name 'vitis_hls'
Fri Jul 25 17:33:19 2025: STOP_SERVER received, server token: a84b9fcf-8ac0-4c66-a65f-e75df73349cb, passed token: a84b9fcf-8ac0-4c66-a65f-e75df73349cb
Fri Jul 25 17:33:19 2025: Socket received request to stop server.
Fri Jul 25 17:33:19 2025: Dispatch Server: do_await_stop
Fri Jul 25 17:33:19 2025: Dispatch Server: stopping mainFifo_
Fri Jul 25 17:33:19 2025: XCD main fifo: Stopping
Fri Jul 25 17:33:19 2025: XCD main fifo: do_read error code: Operation canceled
Fri Jul 25 17:33:19 2025: XCD main fifo: bytes_transferred: 0
Fri Jul 25 17:33:19 2025: SERVER: destructor for server bound to port 41337
Fri Jul 25 17:33:19 2025: XCD main fifo: Good unlink of /tmp/xcdmaina84b9fcf-8ac0-4c66-a65f-e75df73349cb
Fri Jul 25 17:33:19 2025: Server exiting with status 0.
Fri Jul 25 17:33:19 2025: Closing log file.
Fri Jul 25 17:37:41 2025: Running xcd server. This server was built by gradle.
Fri Jul 25 17:37:41 2025: Server was asked to start on port: '43459'
Fri Jul 25 17:37:41 2025: Server is using token UUID: '4cb454e9-7f19-4d86-be7f-bbd0d9b4f744'
Fri Jul 25 17:37:41 2025: SESSION_MGR: creating session with session uuid: '6d04a3e9-ade5-4ab9-8d63-1f78fcd2ec76' and name 'default'
Fri Jul 25 17:37:41 2025: Attempting to start server on port '43459'
Fri Jul 25 17:37:41 2025: XCD main fifo: created main fifo '/tmp/xcdmain4cb454e9-7f19-4d86-be7f-bbd0d9b4f744', fd read = 13
Fri Jul 25 17:37:41 2025: Running Dispatch Server
Fri Jul 25 17:37:41 2025: Version 2.2.0
Fri Jul 25 17:37:50 2025: Dispatch Server: Accepted socket connection from client
Fri Jul 25 17:37:50 2025: Starting Socket connection
Fri Jul 25 17:37:50 2025: EXCHANGE_TOKEN received, server token: 4cb454e9-7f19-4d86-be7f-bbd0d9b4f744, passed token: 4cb454e9-7f19-4d86-be7f-bbd0d9b4f744
Fri Jul 25 17:37:50 2025: SESSION_MGR: creating session with session uuid: '72077723-dfb0-4941-990f-3c46d510bf79' and name 'vitis_hls'
Fri Jul 25 17:37:50 2025: KERNEL_SVC: creating session with uuid: '72077723-dfb0-4941-990f-3c46d510bf79' and name 'vitis_hls'
Fri Jul 25 17:37:50 2025: GUIDANCE_SMGR: creating guidance session with uuid: '72077723-dfb0-4941-990f-3c46d510bf79' and name 'vitis_hls'
Fri Jul 25 17:37:50 2025: STOP_SERVER received, server token: 4cb454e9-7f19-4d86-be7f-bbd0d9b4f744, passed token: 4cb454e9-7f19-4d86-be7f-bbd0d9b4f744
Fri Jul 25 17:37:50 2025: Socket received request to stop server.
Fri Jul 25 17:37:50 2025: Dispatch Server: do_await_stop
Fri Jul 25 17:37:50 2025: Dispatch Server: stopping mainFifo_
Fri Jul 25 17:37:50 2025: XCD main fifo: Stopping
Fri Jul 25 17:37:50 2025: XCD main fifo: do_read error code: Operation canceled
Fri Jul 25 17:37:50 2025: XCD main fifo: bytes_transferred: 0
Fri Jul 25 17:37:50 2025: SERVER: destructor for server bound to port 43459
Fri Jul 25 17:37:50 2025: XCD main fifo: Good unlink of /tmp/xcdmain4cb454e9-7f19-4d86-be7f-bbd0d9b4f744
Fri Jul 25 17:37:50 2025: Server exiting with status 0.
Fri Jul 25 17:37:50 2025: Closing log file.
Fri Jul 25 17:40:07 2025: Running xcd server. This server was built by gradle.
Fri Jul 25 17:40:07 2025: Server was asked to start on port: '35999'
Fri Jul 25 17:40:07 2025: Server is using token UUID: '2fbe3113-3575-4e49-a9f4-b2b29ca5e045'
Fri Jul 25 17:40:07 2025: SESSION_MGR: creating session with session uuid: '6d04a3e9-ade5-4ab9-8d63-1f78fcd2ec76' and name 'default'
Fri Jul 25 17:40:07 2025: Attempting to start server on port '35999'
Fri Jul 25 17:40:07 2025: XCD main fifo: created main fifo '/tmp/xcdmain2fbe3113-3575-4e49-a9f4-b2b29ca5e045', fd read = 13
Fri Jul 25 17:40:07 2025: Running Dispatch Server
Fri Jul 25 17:40:07 2025: Version 2.2.0
Fri Jul 25 17:40:16 2025: Dispatch Server: Accepted socket connection from client
Fri Jul 25 17:40:16 2025: Starting Socket connection
Fri Jul 25 17:40:16 2025: EXCHANGE_TOKEN received, server token: 2fbe3113-3575-4e49-a9f4-b2b29ca5e045, passed token: 2fbe3113-3575-4e49-a9f4-b2b29ca5e045
Fri Jul 25 17:40:16 2025: SESSION_MGR: creating session with session uuid: '6fc197e3-ccb9-4a10-b947-8d9f0f42e372' and name 'vitis_hls'
Fri Jul 25 17:40:16 2025: KERNEL_SVC: creating session with uuid: '6fc197e3-ccb9-4a10-b947-8d9f0f42e372' and name 'vitis_hls'
Fri Jul 25 17:40:16 2025: GUIDANCE_SMGR: creating guidance session with uuid: '6fc197e3-ccb9-4a10-b947-8d9f0f42e372' and name 'vitis_hls'
Fri Jul 25 17:40:16 2025: STOP_SERVER received, server token: 2fbe3113-3575-4e49-a9f4-b2b29ca5e045, passed token: 2fbe3113-3575-4e49-a9f4-b2b29ca5e045
Fri Jul 25 17:40:16 2025: Socket received request to stop server.
Fri Jul 25 17:40:16 2025: Dispatch Server: do_await_stop
Fri Jul 25 17:40:16 2025: Dispatch Server: stopping mainFifo_
Fri Jul 25 17:40:16 2025: XCD main fifo: Stopping
Fri Jul 25 17:40:16 2025: XCD main fifo: do_read error code: Operation canceled
Fri Jul 25 17:40:16 2025: XCD main fifo: bytes_transferred: 0
Fri Jul 25 17:40:16 2025: SERVER: destructor for server bound to port 35999
Fri Jul 25 17:40:16 2025: XCD main fifo: Good unlink of /tmp/xcdmain2fbe3113-3575-4e49-a9f4-b2b29ca5e045
Fri Jul 25 17:40:16 2025: Server exiting with status 0.
Fri Jul 25 17:40:16 2025: Closing log file.
Fri Jul 25 17:45:07 2025: Running xcd server. This server was built by gradle.
Fri Jul 25 17:45:07 2025: Server was asked to start on port: '40581'
Fri Jul 25 17:45:07 2025: Server is using token UUID: '515b94a8-f9c5-4819-a343-e24b279a79a1'
Fri Jul 25 17:45:07 2025: SESSION_MGR: creating session with session uuid: '6d04a3e9-ade5-4ab9-8d63-1f78fcd2ec76' and name 'default'
Fri Jul 25 17:45:07 2025: Attempting to start server on port '40581'
Fri Jul 25 17:45:07 2025: XCD main fifo: created main fifo '/tmp/xcdmain515b94a8-f9c5-4819-a343-e24b279a79a1', fd read = 13
Fri Jul 25 17:45:07 2025: Running Dispatch Server
Fri Jul 25 17:45:07 2025: Version 2.2.0
Fri Jul 25 17:45:15 2025: Dispatch Server: Accepted socket connection from client
Fri Jul 25 17:45:15 2025: Starting Socket connection
Fri Jul 25 17:45:15 2025: EXCHANGE_TOKEN received, server token: 515b94a8-f9c5-4819-a343-e24b279a79a1, passed token: 515b94a8-f9c5-4819-a343-e24b279a79a1
Fri Jul 25 17:45:15 2025: SESSION_MGR: creating session with session uuid: '22037bb5-ad22-4021-a8cc-2e4da13f8883' and name 'vitis_hls'
Fri Jul 25 17:45:15 2025: KERNEL_SVC: creating session with uuid: '22037bb5-ad22-4021-a8cc-2e4da13f8883' and name 'vitis_hls'
Fri Jul 25 17:45:15 2025: GUIDANCE_SMGR: creating guidance session with uuid: '22037bb5-ad22-4021-a8cc-2e4da13f8883' and name 'vitis_hls'
Fri Jul 25 17:45:16 2025: STOP_SERVER received, server token: 515b94a8-f9c5-4819-a343-e24b279a79a1, passed token: 515b94a8-f9c5-4819-a343-e24b279a79a1
Fri Jul 25 17:45:16 2025: Socket received request to stop server.
Fri Jul 25 17:45:16 2025: Dispatch Server: do_await_stop
Fri Jul 25 17:45:16 2025: Dispatch Server: stopping mainFifo_
Fri Jul 25 17:45:16 2025: XCD main fifo: Stopping
Fri Jul 25 17:45:16 2025: XCD main fifo: do_read error code: Operation canceled
Fri Jul 25 17:45:16 2025: XCD main fifo: bytes_transferred: 0
Fri Jul 25 17:45:16 2025: SERVER: destructor for server bound to port 40581
Fri Jul 25 17:45:16 2025: XCD main fifo: Good unlink of /tmp/xcdmain515b94a8-f9c5-4819-a343-e24b279a79a1
Fri Jul 25 17:45:16 2025: Server exiting with status 0.
Fri Jul 25 17:45:16 2025: Closing log file.
Fri Jul 25 17:48:19 2025: Running xcd server. This server was built by gradle.
Fri Jul 25 17:48:19 2025: Server was asked to start on port: '33847'
Fri Jul 25 17:48:19 2025: Server is using token UUID: 'd34ba058-b075-481b-a561-2188e1e54824'
Fri Jul 25 17:48:19 2025: SESSION_MGR: creating session with session uuid: '6d04a3e9-ade5-4ab9-8d63-1f78fcd2ec76' and name 'default'
Fri Jul 25 17:48:19 2025: Attempting to start server on port '33847'
Fri Jul 25 17:48:19 2025: XCD main fifo: created main fifo '/tmp/xcdmaind34ba058-b075-481b-a561-2188e1e54824', fd read = 13
Fri Jul 25 17:48:19 2025: Running Dispatch Server
Fri Jul 25 17:48:19 2025: Version 2.2.0
Fri Jul 25 17:48:27 2025: Dispatch Server: Accepted socket connection from client
Fri Jul 25 17:48:27 2025: Starting Socket connection
Fri Jul 25 17:48:27 2025: EXCHANGE_TOKEN received, server token: d34ba058-b075-481b-a561-2188e1e54824, passed token: d34ba058-b075-481b-a561-2188e1e54824
Fri Jul 25 17:48:27 2025: SESSION_MGR: creating session with session uuid: 'cccf3b6b-cae1-47b6-b059-27a4818098cc' and name 'vitis_hls'
Fri Jul 25 17:48:27 2025: KERNEL_SVC: creating session with uuid: 'cccf3b6b-cae1-47b6-b059-27a4818098cc' and name 'vitis_hls'
Fri Jul 25 17:48:27 2025: GUIDANCE_SMGR: creating guidance session with uuid: 'cccf3b6b-cae1-47b6-b059-27a4818098cc' and name 'vitis_hls'
Fri Jul 25 17:48:28 2025: STOP_SERVER received, server token: d34ba058-b075-481b-a561-2188e1e54824, passed token: d34ba058-b075-481b-a561-2188e1e54824
Fri Jul 25 17:48:28 2025: Socket received request to stop server.
Fri Jul 25 17:48:28 2025: Dispatch Server: do_await_stop
Fri Jul 25 17:48:28 2025: Dispatch Server: stopping mainFifo_
Fri Jul 25 17:48:28 2025: XCD main fifo: Stopping
Fri Jul 25 17:48:28 2025: XCD main fifo: do_read error code: Operation canceled
Fri Jul 25 17:48:28 2025: XCD main fifo: bytes_transferred: 0
Fri Jul 25 17:48:28 2025: SERVER: destructor for server bound to port 33847
Fri Jul 25 17:48:28 2025: XCD main fifo: Good unlink of /tmp/xcdmaind34ba058-b075-481b-a561-2188e1e54824
Fri Jul 25 17:48:28 2025: Server exiting with status 0.
Fri Jul 25 17:48:28 2025: Closing log file.
Fri Jul 25 17:53:51 2025: Running xcd server. This server was built by gradle.
Fri Jul 25 17:53:51 2025: Server was asked to start on port: '36521'
Fri Jul 25 17:53:51 2025: Server is using token UUID: '55ef293d-bf49-43e6-8656-317c258b38ef'
Fri Jul 25 17:53:51 2025: SESSION_MGR: creating session with session uuid: '6d04a3e9-ade5-4ab9-8d63-1f78fcd2ec76' and name 'default'
Fri Jul 25 17:53:51 2025: Attempting to start server on port '36521'
Fri Jul 25 17:53:51 2025: XCD main fifo: created main fifo '/tmp/xcdmain55ef293d-bf49-43e6-8656-317c258b38ef', fd read = 13
Fri Jul 25 17:53:51 2025: Running Dispatch Server
Fri Jul 25 17:53:51 2025: Version 2.2.0
Fri Jul 25 17:53:55 2025: Dispatch Server: Accepted socket connection from client
Fri Jul 25 17:53:55 2025: Starting Socket connection
Fri Jul 25 17:53:55 2025: EXCHANGE_TOKEN received, server token: 55ef293d-bf49-43e6-8656-317c258b38ef, passed token: 55ef293d-bf49-43e6-8656-317c258b38ef
Fri Jul 25 17:53:55 2025: SESSION_MGR: creating session with session uuid: 'f8c96227-e89c-41d6-89de-b49ab1f87d4e' and name 'vitis_hls'
Fri Jul 25 17:53:55 2025: KERNEL_SVC: creating session with uuid: 'f8c96227-e89c-41d6-89de-b49ab1f87d4e' and name 'vitis_hls'
Fri Jul 25 17:53:55 2025: GUIDANCE_SMGR: creating guidance session with uuid: 'f8c96227-e89c-41d6-89de-b49ab1f87d4e' and name 'vitis_hls'
Fri Jul 25 17:53:55 2025: STOP_SERVER received, server token: 55ef293d-bf49-43e6-8656-317c258b38ef, passed token: 55ef293d-bf49-43e6-8656-317c258b38ef
Fri Jul 25 17:53:55 2025: Socket received request to stop server.
Fri Jul 25 17:53:55 2025: Dispatch Server: do_await_stop
Fri Jul 25 17:53:55 2025: Dispatch Server: stopping mainFifo_
Fri Jul 25 17:53:55 2025: XCD main fifo: Stopping
Fri Jul 25 17:53:55 2025: XCD main fifo: do_read error code: Operation canceled
Fri Jul 25 17:53:55 2025: XCD main fifo: bytes_transferred: 0
Fri Jul 25 17:53:55 2025: SERVER: destructor for server bound to port 36521
Fri Jul 25 17:53:55 2025: XCD main fifo: Good unlink of /tmp/xcdmain55ef293d-bf49-43e6-8656-317c258b38ef
Fri Jul 25 17:53:55 2025: Server exiting with status 0.
Fri Jul 25 17:53:55 2025: Closing log file.
Fri Jul 25 17:59:10 2025: Running xcd server. This server was built by gradle.
Fri Jul 25 17:59:10 2025: Server was asked to start on port: '41169'
Fri Jul 25 17:59:10 2025: Server is using token UUID: '015afff3-f5d3-4087-9add-4b3f9ce845db'
Fri Jul 25 17:59:10 2025: SESSION_MGR: creating session with session uuid: '6d04a3e9-ade5-4ab9-8d63-1f78fcd2ec76' and name 'default'
Fri Jul 25 17:59:10 2025: Attempting to start server on port '41169'
Fri Jul 25 17:59:10 2025: XCD main fifo: created main fifo '/tmp/xcdmain015afff3-f5d3-4087-9add-4b3f9ce845db', fd read = 13
Fri Jul 25 17:59:10 2025: Running Dispatch Server
Fri Jul 25 17:59:10 2025: Version 2.2.0
Fri Jul 25 17:59:18 2025: Dispatch Server: Accepted socket connection from client
Fri Jul 25 17:59:18 2025: Starting Socket connection
Fri Jul 25 17:59:18 2025: EXCHANGE_TOKEN received, server token: 015afff3-f5d3-4087-9add-4b3f9ce845db, passed token: 015afff3-f5d3-4087-9add-4b3f9ce845db
Fri Jul 25 17:59:18 2025: SESSION_MGR: creating session with session uuid: 'ac28d4b5-cb28-41b3-90b4-618806e4a125' and name 'vitis_hls'
Fri Jul 25 17:59:18 2025: KERNEL_SVC: creating session with uuid: 'ac28d4b5-cb28-41b3-90b4-618806e4a125' and name 'vitis_hls'
Fri Jul 25 17:59:18 2025: GUIDANCE_SMGR: creating guidance session with uuid: 'ac28d4b5-cb28-41b3-90b4-618806e4a125' and name 'vitis_hls'
Fri Jul 25 17:59:18 2025: STOP_SERVER received, server token: 015afff3-f5d3-4087-9add-4b3f9ce845db, passed token: 015afff3-f5d3-4087-9add-4b3f9ce845db
Fri Jul 25 17:59:18 2025: Socket received request to stop server.
Fri Jul 25 17:59:18 2025: Dispatch Server: do_await_stop
Fri Jul 25 17:59:18 2025: Dispatch Server: stopping mainFifo_
Fri Jul 25 17:59:18 2025: XCD main fifo: Stopping
Fri Jul 25 17:59:18 2025: XCD main fifo: do_read error code: Operation canceled
Fri Jul 25 17:59:18 2025: XCD main fifo: bytes_transferred: 0
Fri Jul 25 17:59:18 2025: SERVER: destructor for server bound to port 41169
Fri Jul 25 17:59:18 2025: XCD main fifo: Good unlink of /tmp/xcdmain015afff3-f5d3-4087-9add-4b3f9ce845db
Fri Jul 25 17:59:18 2025: Server exiting with status 0.
Fri Jul 25 17:59:18 2025: Closing log file.
Fri Jul 25 18:04:40 2025: Running xcd server. This server was built by gradle.
Fri Jul 25 18:04:40 2025: Server was asked to start on port: '33541'
Fri Jul 25 18:04:40 2025: Server is using token UUID: 'f1eedfc7-f3c4-4621-bde1-cacf3b6dd534'
Fri Jul 25 18:04:40 2025: SESSION_MGR: creating session with session uuid: '6d04a3e9-ade5-4ab9-8d63-1f78fcd2ec76' and name 'default'
Fri Jul 25 18:04:40 2025: Attempting to start server on port '33541'
Fri Jul 25 18:04:40 2025: XCD main fifo: created main fifo '/tmp/xcdmainf1eedfc7-f3c4-4621-bde1-cacf3b6dd534', fd read = 13
Fri Jul 25 18:04:40 2025: Running Dispatch Server
Fri Jul 25 18:04:40 2025: Version 2.2.0
Fri Jul 25 18:04:48 2025: Dispatch Server: Accepted socket connection from client
Fri Jul 25 18:04:48 2025: Starting Socket connection
Fri Jul 25 18:04:48 2025: EXCHANGE_TOKEN received, server token: f1eedfc7-f3c4-4621-bde1-cacf3b6dd534, passed token: f1eedfc7-f3c4-4621-bde1-cacf3b6dd534
Fri Jul 25 18:04:48 2025: SESSION_MGR: creating session with session uuid: '037cbbfc-3dd7-4e0d-9fda-2c2955aa0e1c' and name 'vitis_hls'
Fri Jul 25 18:04:48 2025: KERNEL_SVC: creating session with uuid: '037cbbfc-3dd7-4e0d-9fda-2c2955aa0e1c' and name 'vitis_hls'
Fri Jul 25 18:04:48 2025: GUIDANCE_SMGR: creating guidance session with uuid: '037cbbfc-3dd7-4e0d-9fda-2c2955aa0e1c' and name 'vitis_hls'
Fri Jul 25 18:04:49 2025: STOP_SERVER received, server token: f1eedfc7-f3c4-4621-bde1-cacf3b6dd534, passed token: f1eedfc7-f3c4-4621-bde1-cacf3b6dd534
Fri Jul 25 18:04:49 2025: Socket received request to stop server.
Fri Jul 25 18:04:49 2025: Dispatch Server: do_await_stop
Fri Jul 25 18:04:49 2025: Dispatch Server: stopping mainFifo_
Fri Jul 25 18:04:49 2025: XCD main fifo: Stopping
Fri Jul 25 18:04:49 2025: XCD main fifo: do_read error code: Operation canceled
Fri Jul 25 18:04:49 2025: XCD main fifo: bytes_transferred: 0
Fri Jul 25 18:04:49 2025: SERVER: destructor for server bound to port 33541
Fri Jul 25 18:04:49 2025: XCD main fifo: Good unlink of /tmp/xcdmainf1eedfc7-f3c4-4621-bde1-cacf3b6dd534
Fri Jul 25 18:04:49 2025: Server exiting with status 0.
Fri Jul 25 18:04:49 2025: Closing log file.
Fri Jul 25 18:07:37 2025: Running xcd server. This server was built by gradle.
Fri Jul 25 18:07:37 2025: Server was asked to start on port: '35985'
Fri Jul 25 18:07:37 2025: Server is using token UUID: '4d831097-f725-4c40-8fa3-fd2fbaaf6522'
Fri Jul 25 18:07:37 2025: SESSION_MGR: creating session with session uuid: '6d04a3e9-ade5-4ab9-8d63-1f78fcd2ec76' and name 'default'
Fri Jul 25 18:07:37 2025: Attempting to start server on port '35985'
Fri Jul 25 18:07:37 2025: XCD main fifo: created main fifo '/tmp/xcdmain4d831097-f725-4c40-8fa3-fd2fbaaf6522', fd read = 13
Fri Jul 25 18:07:37 2025: Running Dispatch Server
Fri Jul 25 18:07:37 2025: Version 2.2.0
Fri Jul 25 18:07:45 2025: Dispatch Server: Accepted socket connection from client
Fri Jul 25 18:07:45 2025: Starting Socket connection
Fri Jul 25 18:07:45 2025: EXCHANGE_TOKEN received, server token: 4d831097-f725-4c40-8fa3-fd2fbaaf6522, passed token: 4d831097-f725-4c40-8fa3-fd2fbaaf6522
Fri Jul 25 18:07:45 2025: SESSION_MGR: creating session with session uuid: '07c45185-e41f-4982-a0b9-8fedf7733b9a' and name 'vitis_hls'
Fri Jul 25 18:07:45 2025: KERNEL_SVC: creating session with uuid: '07c45185-e41f-4982-a0b9-8fedf7733b9a' and name 'vitis_hls'
Fri Jul 25 18:07:45 2025: GUIDANCE_SMGR: creating guidance session with uuid: '07c45185-e41f-4982-a0b9-8fedf7733b9a' and name 'vitis_hls'
Fri Jul 25 18:07:46 2025: STOP_SERVER received, server token: 4d831097-f725-4c40-8fa3-fd2fbaaf6522, passed token: 4d831097-f725-4c40-8fa3-fd2fbaaf6522
Fri Jul 25 18:07:46 2025: Socket received request to stop server.
Fri Jul 25 18:07:46 2025: Dispatch Server: do_await_stop
Fri Jul 25 18:07:46 2025: Dispatch Server: stopping mainFifo_
Fri Jul 25 18:07:46 2025: XCD main fifo: Stopping
Fri Jul 25 18:07:46 2025: XCD main fifo: do_read error code: Operation canceled
Fri Jul 25 18:07:46 2025: XCD main fifo: bytes_transferred: 0
Fri Jul 25 18:07:46 2025: SERVER: destructor for server bound to port 35985
Fri Jul 25 18:07:46 2025: XCD main fifo: Good unlink of /tmp/xcdmain4d831097-f725-4c40-8fa3-fd2fbaaf6522
Fri Jul 25 18:07:46 2025: Server exiting with status 0.
Fri Jul 25 18:07:46 2025: Closing log file.
Fri Jul 25 18:11:05 2025: Running xcd server. This server was built by gradle.
Fri Jul 25 18:11:05 2025: Server was asked to start on port: '42045'
Fri Jul 25 18:11:05 2025: Server is using token UUID: '68babdf3-e0ed-4e9b-86e5-8859281809f3'
Fri Jul 25 18:11:05 2025: SESSION_MGR: creating session with session uuid: '6d04a3e9-ade5-4ab9-8d63-1f78fcd2ec76' and name 'default'
Fri Jul 25 18:11:05 2025: Attempting to start server on port '42045'
Fri Jul 25 18:11:05 2025: XCD main fifo: created main fifo '/tmp/xcdmain68babdf3-e0ed-4e9b-86e5-8859281809f3', fd read = 13
Fri Jul 25 18:11:05 2025: Running Dispatch Server
Fri Jul 25 18:11:05 2025: Version 2.2.0
Fri Jul 25 18:11:13 2025: Dispatch Server: Accepted socket connection from client
Fri Jul 25 18:11:13 2025: Starting Socket connection
Fri Jul 25 18:11:13 2025: EXCHANGE_TOKEN received, server token: 68babdf3-e0ed-4e9b-86e5-8859281809f3, passed token: 68babdf3-e0ed-4e9b-86e5-8859281809f3
Fri Jul 25 18:11:13 2025: SESSION_MGR: creating session with session uuid: '74467aca-124c-420c-81a4-b32380d1b16e' and name 'vitis_hls'
Fri Jul 25 18:11:13 2025: KERNEL_SVC: creating session with uuid: '74467aca-124c-420c-81a4-b32380d1b16e' and name 'vitis_hls'
Fri Jul 25 18:11:13 2025: GUIDANCE_SMGR: creating guidance session with uuid: '74467aca-124c-420c-81a4-b32380d1b16e' and name 'vitis_hls'
Fri Jul 25 18:11:14 2025: STOP_SERVER received, server token: 68babdf3-e0ed-4e9b-86e5-8859281809f3, passed token: 68babdf3-e0ed-4e9b-86e5-8859281809f3
Fri Jul 25 18:11:14 2025: Socket received request to stop server.
Fri Jul 25 18:11:14 2025: Dispatch Server: do_await_stop
Fri Jul 25 18:11:14 2025: Dispatch Server: stopping mainFifo_
Fri Jul 25 18:11:14 2025: XCD main fifo: Stopping
Fri Jul 25 18:11:14 2025: XCD main fifo: do_read error code: Operation canceled
Fri Jul 25 18:11:14 2025: XCD main fifo: bytes_transferred: 0
Fri Jul 25 18:11:14 2025: SERVER: destructor for server bound to port 42045
Fri Jul 25 18:11:14 2025: XCD main fifo: Good unlink of /tmp/xcdmain68babdf3-e0ed-4e9b-86e5-8859281809f3
Fri Jul 25 18:11:14 2025: Server exiting with status 0.
Fri Jul 25 18:11:14 2025: Closing log file.
Fri Jul 25 18:16:43 2025: Running xcd server. This server was built by gradle.
Fri Jul 25 18:16:43 2025: Server was asked to start on port: '41439'
Fri Jul 25 18:16:43 2025: Server is using token UUID: '36a771ff-4ed7-49e7-a7c5-878832d7ebb2'
Fri Jul 25 18:16:43 2025: SESSION_MGR: creating session with session uuid: '6d04a3e9-ade5-4ab9-8d63-1f78fcd2ec76' and name 'default'
Fri Jul 25 18:16:43 2025: Attempting to start server on port '41439'
Fri Jul 25 18:16:43 2025: XCD main fifo: created main fifo '/tmp/xcdmain36a771ff-4ed7-49e7-a7c5-878832d7ebb2', fd read = 13
Fri Jul 25 18:16:43 2025: Running Dispatch Server
Fri Jul 25 18:16:43 2025: Version 2.2.0
Fri Jul 25 18:16:51 2025: Dispatch Server: Accepted socket connection from client
Fri Jul 25 18:16:51 2025: Starting Socket connection
Fri Jul 25 18:16:51 2025: EXCHANGE_TOKEN received, server token: 36a771ff-4ed7-49e7-a7c5-878832d7ebb2, passed token: 36a771ff-4ed7-49e7-a7c5-878832d7ebb2
Fri Jul 25 18:16:51 2025: SESSION_MGR: creating session with session uuid: '345f823a-ee7d-4656-aac5-e5bb462229ae' and name 'vitis_hls'
Fri Jul 25 18:16:51 2025: KERNEL_SVC: creating session with uuid: '345f823a-ee7d-4656-aac5-e5bb462229ae' and name 'vitis_hls'
Fri Jul 25 18:16:51 2025: GUIDANCE_SMGR: creating guidance session with uuid: '345f823a-ee7d-4656-aac5-e5bb462229ae' and name 'vitis_hls'
Fri Jul 25 18:16:51 2025: STOP_SERVER received, server token: 36a771ff-4ed7-49e7-a7c5-878832d7ebb2, passed token: 36a771ff-4ed7-49e7-a7c5-878832d7ebb2
Fri Jul 25 18:16:51 2025: Socket received request to stop server.
Fri Jul 25 18:16:51 2025: Dispatch Server: do_await_stop
Fri Jul 25 18:16:51 2025: Dispatch Server: stopping mainFifo_
Fri Jul 25 18:16:51 2025: XCD main fifo: Stopping
Fri Jul 25 18:16:51 2025: XCD main fifo: do_read error code: Operation canceled
Fri Jul 25 18:16:51 2025: XCD main fifo: bytes_transferred: 0
Fri Jul 25 18:16:51 2025: SERVER: destructor for server bound to port 41439
Fri Jul 25 18:16:51 2025: XCD main fifo: Good unlink of /tmp/xcdmain36a771ff-4ed7-49e7-a7c5-878832d7ebb2
Fri Jul 25 18:16:51 2025: Server exiting with status 0.
Fri Jul 25 18:16:51 2025: Closing log file.
Fri Jul 25 18:20:46 2025: Running xcd server. This server was built by gradle.
Fri Jul 25 18:20:46 2025: Server was asked to start on port: '46527'
Fri Jul 25 18:20:46 2025: Server is using token UUID: '8800a177-70aa-4e5e-b896-2357f49f0a29'
Fri Jul 25 18:20:46 2025: SESSION_MGR: creating session with session uuid: '6d04a3e9-ade5-4ab9-8d63-1f78fcd2ec76' and name 'default'
Fri Jul 25 18:20:46 2025: Attempting to start server on port '46527'
Fri Jul 25 18:20:46 2025: XCD main fifo: created main fifo '/tmp/xcdmain8800a177-70aa-4e5e-b896-2357f49f0a29', fd read = 13
Fri Jul 25 18:20:46 2025: Running Dispatch Server
Fri Jul 25 18:20:46 2025: Version 2.2.0
Fri Jul 25 18:20:54 2025: Dispatch Server: Accepted socket connection from client
Fri Jul 25 18:20:54 2025: Starting Socket connection
Fri Jul 25 18:20:54 2025: EXCHANGE_TOKEN received, server token: 8800a177-70aa-4e5e-b896-2357f49f0a29, passed token: 8800a177-70aa-4e5e-b896-2357f49f0a29
Fri Jul 25 18:20:54 2025: SESSION_MGR: creating session with session uuid: '4c37d281-1736-40e9-83eb-d8399d3b10a2' and name 'vitis_hls'
Fri Jul 25 18:20:54 2025: KERNEL_SVC: creating session with uuid: '4c37d281-1736-40e9-83eb-d8399d3b10a2' and name 'vitis_hls'
Fri Jul 25 18:20:54 2025: GUIDANCE_SMGR: creating guidance session with uuid: '4c37d281-1736-40e9-83eb-d8399d3b10a2' and name 'vitis_hls'
Fri Jul 25 18:20:55 2025: STOP_SERVER received, server token: 8800a177-70aa-4e5e-b896-2357f49f0a29, passed token: 8800a177-70aa-4e5e-b896-2357f49f0a29
Fri Jul 25 18:20:55 2025: Socket received request to stop server.
Fri Jul 25 18:20:55 2025: Dispatch Server: do_await_stop
Fri Jul 25 18:20:55 2025: Dispatch Server: stopping mainFifo_
Fri Jul 25 18:20:55 2025: XCD main fifo: Stopping
Fri Jul 25 18:20:55 2025: XCD main fifo: do_read error code: Operation canceled
Fri Jul 25 18:20:55 2025: XCD main fifo: bytes_transferred: 0
Fri Jul 25 18:20:55 2025: SERVER: destructor for server bound to port 46527
Fri Jul 25 18:20:55 2025: XCD main fifo: Good unlink of /tmp/xcdmain8800a177-70aa-4e5e-b896-2357f49f0a29
Fri Jul 25 18:20:55 2025: Server exiting with status 0.
Fri Jul 25 18:20:55 2025: Closing log file.
Fri Jul 25 18:24:42 2025: Running xcd server. This server was built by gradle.
Fri Jul 25 18:24:42 2025: Server was asked to start on port: '44077'
Fri Jul 25 18:24:42 2025: Server is using token UUID: 'cdd5f08a-5df3-47cf-bc25-228ccb990ddf'
Fri Jul 25 18:24:42 2025: SESSION_MGR: creating session with session uuid: '6d04a3e9-ade5-4ab9-8d63-1f78fcd2ec76' and name 'default'
Fri Jul 25 18:24:42 2025: Attempting to start server on port '44077'
Fri Jul 25 18:24:42 2025: XCD main fifo: created main fifo '/tmp/xcdmaincdd5f08a-5df3-47cf-bc25-228ccb990ddf', fd read = 13
Fri Jul 25 18:24:42 2025: Running Dispatch Server
Fri Jul 25 18:24:42 2025: Version 2.2.0
Fri Jul 25 18:24:51 2025: Dispatch Server: Accepted socket connection from client
Fri Jul 25 18:24:51 2025: Starting Socket connection
Fri Jul 25 18:24:51 2025: EXCHANGE_TOKEN received, server token: cdd5f08a-5df3-47cf-bc25-228ccb990ddf, passed token: cdd5f08a-5df3-47cf-bc25-228ccb990ddf
Fri Jul 25 18:24:51 2025: SESSION_MGR: creating session with session uuid: '451471ef-4253-43e4-ae5e-c924e01c79b2' and name 'vitis_hls'
Fri Jul 25 18:24:51 2025: KERNEL_SVC: creating session with uuid: '451471ef-4253-43e4-ae5e-c924e01c79b2' and name 'vitis_hls'
Fri Jul 25 18:24:51 2025: GUIDANCE_SMGR: creating guidance session with uuid: '451471ef-4253-43e4-ae5e-c924e01c79b2' and name 'vitis_hls'
Fri Jul 25 18:24:51 2025: STOP_SERVER received, server token: cdd5f08a-5df3-47cf-bc25-228ccb990ddf, passed token: cdd5f08a-5df3-47cf-bc25-228ccb990ddf
Fri Jul 25 18:24:51 2025: Socket received request to stop server.
Fri Jul 25 18:24:51 2025: Dispatch Server: do_await_stop
Fri Jul 25 18:24:51 2025: Dispatch Server: stopping mainFifo_
Fri Jul 25 18:24:51 2025: XCD main fifo: Stopping
Fri Jul 25 18:24:51 2025: XCD main fifo: do_read error code: Operation canceled
Fri Jul 25 18:24:51 2025: XCD main fifo: bytes_transferred: 0
Fri Jul 25 18:24:51 2025: SERVER: destructor for server bound to port 44077
Fri Jul 25 18:24:51 2025: XCD main fifo: Good unlink of /tmp/xcdmaincdd5f08a-5df3-47cf-bc25-228ccb990ddf
Fri Jul 25 18:24:51 2025: Server exiting with status 0.
Fri Jul 25 18:24:51 2025: Closing log file.
Fri Jul 25 18:28:32 2025: Running xcd server. This server was built by gradle.
Fri Jul 25 18:28:32 2025: Server was asked to start on port: '40319'
Fri Jul 25 18:28:32 2025: Server is using token UUID: '9e8d483f-cfec-4dc8-8390-9f383fc22984'
Fri Jul 25 18:28:32 2025: SESSION_MGR: creating session with session uuid: '6d04a3e9-ade5-4ab9-8d63-1f78fcd2ec76' and name 'default'
Fri Jul 25 18:28:32 2025: Attempting to start server on port '40319'
Fri Jul 25 18:28:32 2025: XCD main fifo: created main fifo '/tmp/xcdmain9e8d483f-cfec-4dc8-8390-9f383fc22984', fd read = 13
Fri Jul 25 18:28:32 2025: Running Dispatch Server
Fri Jul 25 18:28:32 2025: Version 2.2.0
Fri Jul 25 18:28:40 2025: Dispatch Server: Accepted socket connection from client
Fri Jul 25 18:28:40 2025: Starting Socket connection
Fri Jul 25 18:28:40 2025: EXCHANGE_TOKEN received, server token: 9e8d483f-cfec-4dc8-8390-9f383fc22984, passed token: 9e8d483f-cfec-4dc8-8390-9f383fc22984
Fri Jul 25 18:28:40 2025: SESSION_MGR: creating session with session uuid: 'e5974dc0-52b1-4aae-b7a8-e64b9ed0881f' and name 'vitis_hls'
Fri Jul 25 18:28:40 2025: KERNEL_SVC: creating session with uuid: 'e5974dc0-52b1-4aae-b7a8-e64b9ed0881f' and name 'vitis_hls'
Fri Jul 25 18:28:40 2025: GUIDANCE_SMGR: creating guidance session with uuid: 'e5974dc0-52b1-4aae-b7a8-e64b9ed0881f' and name 'vitis_hls'
Fri Jul 25 18:28:41 2025: STOP_SERVER received, server token: 9e8d483f-cfec-4dc8-8390-9f383fc22984, passed token: 9e8d483f-cfec-4dc8-8390-9f383fc22984
Fri Jul 25 18:28:41 2025: Socket received request to stop server.
Fri Jul 25 18:28:41 2025: Dispatch Server: do_await_stop
Fri Jul 25 18:28:41 2025: Dispatch Server: stopping mainFifo_
Fri Jul 25 18:28:41 2025: XCD main fifo: Stopping
Fri Jul 25 18:28:41 2025: XCD main fifo: do_read error code: Operation canceled
Fri Jul 25 18:28:41 2025: XCD main fifo: bytes_transferred: 0
Fri Jul 25 18:28:41 2025: SERVER: destructor for server bound to port 40319
Fri Jul 25 18:28:41 2025: XCD main fifo: Good unlink of /tmp/xcdmain9e8d483f-cfec-4dc8-8390-9f383fc22984
Fri Jul 25 18:28:41 2025: Server exiting with status 0.
Fri Jul 25 18:28:41 2025: Closing log file.
Fri Jul 25 18:33:16 2025: Running xcd server. This server was built by gradle.
Fri Jul 25 18:33:16 2025: Server was asked to start on port: '36383'
Fri Jul 25 18:33:16 2025: Server is using token UUID: '95027c1d-744c-4fec-bb30-e7c0720d2079'
Fri Jul 25 18:33:16 2025: SESSION_MGR: creating session with session uuid: '6d04a3e9-ade5-4ab9-8d63-1f78fcd2ec76' and name 'default'
Fri Jul 25 18:33:16 2025: Attempting to start server on port '36383'
Fri Jul 25 18:33:16 2025: XCD main fifo: created main fifo '/tmp/xcdmain95027c1d-744c-4fec-bb30-e7c0720d2079', fd read = 13
Fri Jul 25 18:33:16 2025: Running Dispatch Server
Fri Jul 25 18:33:16 2025: Version 2.2.0
Fri Jul 25 18:33:24 2025: Dispatch Server: Accepted socket connection from client
Fri Jul 25 18:33:24 2025: Starting Socket connection
Fri Jul 25 18:33:24 2025: EXCHANGE_TOKEN received, server token: 95027c1d-744c-4fec-bb30-e7c0720d2079, passed token: 95027c1d-744c-4fec-bb30-e7c0720d2079
Fri Jul 25 18:33:24 2025: SESSION_MGR: creating session with session uuid: '3e4a2f3e-d09a-40b5-98f7-7e2cd1822b3f' and name 'vitis_hls'
Fri Jul 25 18:33:24 2025: KERNEL_SVC: creating session with uuid: '3e4a2f3e-d09a-40b5-98f7-7e2cd1822b3f' and name 'vitis_hls'
Fri Jul 25 18:33:24 2025: GUIDANCE_SMGR: creating guidance session with uuid: '3e4a2f3e-d09a-40b5-98f7-7e2cd1822b3f' and name 'vitis_hls'
Fri Jul 25 18:33:25 2025: STOP_SERVER received, server token: 95027c1d-744c-4fec-bb30-e7c0720d2079, passed token: 95027c1d-744c-4fec-bb30-e7c0720d2079
Fri Jul 25 18:33:25 2025: Socket received request to stop server.
Fri Jul 25 18:33:25 2025: Dispatch Server: do_await_stop
Fri Jul 25 18:33:25 2025: Dispatch Server: stopping mainFifo_
Fri Jul 25 18:33:25 2025: XCD main fifo: Stopping
Fri Jul 25 18:33:25 2025: XCD main fifo: do_read error code: Operation canceled
Fri Jul 25 18:33:25 2025: XCD main fifo: bytes_transferred: 0
Fri Jul 25 18:33:25 2025: SERVER: destructor for server bound to port 36383
Fri Jul 25 18:33:25 2025: XCD main fifo: Good unlink of /tmp/xcdmain95027c1d-744c-4fec-bb30-e7c0720d2079
Fri Jul 25 18:33:25 2025: Server exiting with status 0.
Fri Jul 25 18:33:25 2025: Closing log file.
Fri Jul 25 18:37:27 2025: Running xcd server. This server was built by gradle.
Fri Jul 25 18:37:27 2025: Server was asked to start on port: '33755'
Fri Jul 25 18:37:27 2025: Server is using token UUID: 'bdd7b918-6040-42e1-a8e6-f50e222d6932'
Fri Jul 25 18:37:27 2025: SESSION_MGR: creating session with session uuid: '6d04a3e9-ade5-4ab9-8d63-1f78fcd2ec76' and name 'default'
Fri Jul 25 18:37:27 2025: Attempting to start server on port '33755'
Fri Jul 25 18:37:27 2025: XCD main fifo: created main fifo '/tmp/xcdmainbdd7b918-6040-42e1-a8e6-f50e222d6932', fd read = 13
Fri Jul 25 18:37:27 2025: Running Dispatch Server
Fri Jul 25 18:37:27 2025: Version 2.2.0
Fri Jul 25 18:37:35 2025: Dispatch Server: Accepted socket connection from client
Fri Jul 25 18:37:35 2025: Starting Socket connection
Fri Jul 25 18:37:35 2025: EXCHANGE_TOKEN received, server token: bdd7b918-6040-42e1-a8e6-f50e222d6932, passed token: bdd7b918-6040-42e1-a8e6-f50e222d6932
Fri Jul 25 18:37:35 2025: SESSION_MGR: creating session with session uuid: '6bf23a8f-95d1-4113-a2b7-edefea9934d4' and name 'vitis_hls'
Fri Jul 25 18:37:35 2025: KERNEL_SVC: creating session with uuid: '6bf23a8f-95d1-4113-a2b7-edefea9934d4' and name 'vitis_hls'
Fri Jul 25 18:37:35 2025: GUIDANCE_SMGR: creating guidance session with uuid: '6bf23a8f-95d1-4113-a2b7-edefea9934d4' and name 'vitis_hls'
Fri Jul 25 18:37:35 2025: STOP_SERVER received, server token: bdd7b918-6040-42e1-a8e6-f50e222d6932, passed token: bdd7b918-6040-42e1-a8e6-f50e222d6932
Fri Jul 25 18:37:35 2025: Socket received request to stop server.
Fri Jul 25 18:37:35 2025: Dispatch Server: do_await_stop
Fri Jul 25 18:37:35 2025: Dispatch Server: stopping mainFifo_
Fri Jul 25 18:37:35 2025: XCD main fifo: Stopping
Fri Jul 25 18:37:35 2025: XCD main fifo: do_read error code: Operation canceled
Fri Jul 25 18:37:35 2025: XCD main fifo: bytes_transferred: 0
Fri Jul 25 18:37:35 2025: SERVER: destructor for server bound to port 33755
Fri Jul 25 18:37:35 2025: XCD main fifo: Good unlink of /tmp/xcdmainbdd7b918-6040-42e1-a8e6-f50e222d6932
Fri Jul 25 18:37:35 2025: Server exiting with status 0.
Fri Jul 25 18:37:35 2025: Closing log file.
Fri Jul 25 18:42:11 2025: Running xcd server. This server was built by gradle.
Fri Jul 25 18:42:11 2025: Server was asked to start on port: '42861'
Fri Jul 25 18:42:11 2025: Server is using token UUID: '73bde5d8-7a4b-48a7-9abf-8b0de27470c9'
Fri Jul 25 18:42:11 2025: SESSION_MGR: creating session with session uuid: '6d04a3e9-ade5-4ab9-8d63-1f78fcd2ec76' and name 'default'
Fri Jul 25 18:42:11 2025: Attempting to start server on port '42861'
Fri Jul 25 18:42:11 2025: XCD main fifo: created main fifo '/tmp/xcdmain73bde5d8-7a4b-48a7-9abf-8b0de27470c9', fd read = 13
Fri Jul 25 18:42:11 2025: Running Dispatch Server
Fri Jul 25 18:42:11 2025: Version 2.2.0
Fri Jul 25 18:42:20 2025: Dispatch Server: Accepted socket connection from client
Fri Jul 25 18:42:20 2025: Starting Socket connection
Fri Jul 25 18:42:20 2025: EXCHANGE_TOKEN received, server token: 73bde5d8-7a4b-48a7-9abf-8b0de27470c9, passed token: 73bde5d8-7a4b-48a7-9abf-8b0de27470c9
Fri Jul 25 18:42:20 2025: SESSION_MGR: creating session with session uuid: 'a853ac21-3600-42fc-8bf0-b1f19042c20d' and name 'vitis_hls'
Fri Jul 25 18:42:20 2025: KERNEL_SVC: creating session with uuid: 'a853ac21-3600-42fc-8bf0-b1f19042c20d' and name 'vitis_hls'
Fri Jul 25 18:42:20 2025: GUIDANCE_SMGR: creating guidance session with uuid: 'a853ac21-3600-42fc-8bf0-b1f19042c20d' and name 'vitis_hls'
Fri Jul 25 18:42:20 2025: STOP_SERVER received, server token: 73bde5d8-7a4b-48a7-9abf-8b0de27470c9, passed token: 73bde5d8-7a4b-48a7-9abf-8b0de27470c9
Fri Jul 25 18:42:20 2025: Socket received request to stop server.
Fri Jul 25 18:42:20 2025: Dispatch Server: do_await_stop
Fri Jul 25 18:42:20 2025: Dispatch Server: stopping mainFifo_
Fri Jul 25 18:42:20 2025: XCD main fifo: Stopping
Fri Jul 25 18:42:20 2025: XCD main fifo: do_read error code: Operation canceled
Fri Jul 25 18:42:20 2025: XCD main fifo: bytes_transferred: 0
Fri Jul 25 18:42:20 2025: SERVER: destructor for server bound to port 42861
Fri Jul 25 18:42:20 2025: XCD main fifo: Good unlink of /tmp/xcdmain73bde5d8-7a4b-48a7-9abf-8b0de27470c9
Fri Jul 25 18:42:20 2025: Server exiting with status 0.
Fri Jul 25 18:42:20 2025: Closing log file.
Fri Jul 25 18:45:50 2025: Running xcd server. This server was built by gradle.
Fri Jul 25 18:45:50 2025: Server was asked to start on port: '34709'
Fri Jul 25 18:45:50 2025: Server is using token UUID: '631ab46b-2bc4-4681-a0a0-4fe22b689d80'
Fri Jul 25 18:45:50 2025: SESSION_MGR: creating session with session uuid: '6d04a3e9-ade5-4ab9-8d63-1f78fcd2ec76' and name 'default'
Fri Jul 25 18:45:50 2025: Attempting to start server on port '34709'
Fri Jul 25 18:45:50 2025: XCD main fifo: created main fifo '/tmp/xcdmain631ab46b-2bc4-4681-a0a0-4fe22b689d80', fd read = 13
Fri Jul 25 18:45:50 2025: Running Dispatch Server
Fri Jul 25 18:45:50 2025: Version 2.2.0
Fri Jul 25 18:45:59 2025: Dispatch Server: Accepted socket connection from client
Fri Jul 25 18:45:59 2025: Starting Socket connection
Fri Jul 25 18:45:59 2025: EXCHANGE_TOKEN received, server token: 631ab46b-2bc4-4681-a0a0-4fe22b689d80, passed token: 631ab46b-2bc4-4681-a0a0-4fe22b689d80
Fri Jul 25 18:45:59 2025: SESSION_MGR: creating session with session uuid: '0ef4b5ab-1782-4e5c-8266-2a0412e25f0e' and name 'vitis_hls'
Fri Jul 25 18:45:59 2025: KERNEL_SVC: creating session with uuid: '0ef4b5ab-1782-4e5c-8266-2a0412e25f0e' and name 'vitis_hls'
Fri Jul 25 18:45:59 2025: GUIDANCE_SMGR: creating guidance session with uuid: '0ef4b5ab-1782-4e5c-8266-2a0412e25f0e' and name 'vitis_hls'
Fri Jul 25 18:45:59 2025: STOP_SERVER received, server token: 631ab46b-2bc4-4681-a0a0-4fe22b689d80, passed token: 631ab46b-2bc4-4681-a0a0-4fe22b689d80
Fri Jul 25 18:45:59 2025: Socket received request to stop server.
Fri Jul 25 18:45:59 2025: Dispatch Server: do_await_stop
Fri Jul 25 18:45:59 2025: Dispatch Server: stopping mainFifo_
Fri Jul 25 18:45:59 2025: XCD main fifo: Stopping
Fri Jul 25 18:45:59 2025: XCD main fifo: do_read error code: Operation canceled
Fri Jul 25 18:45:59 2025: XCD main fifo: bytes_transferred: 0
Fri Jul 25 18:45:59 2025: SERVER: destructor for server bound to port 34709
Fri Jul 25 18:45:59 2025: XCD main fifo: Good unlink of /tmp/xcdmain631ab46b-2bc4-4681-a0a0-4fe22b689d80
Fri Jul 25 18:45:59 2025: Server exiting with status 0.
Fri Jul 25 18:45:59 2025: Closing log file.
Fri Jul 25 18:48:52 2025: Running xcd server. This server was built by gradle.
Fri Jul 25 18:48:52 2025: Server was asked to start on port: '42331'
Fri Jul 25 18:48:52 2025: Server is using token UUID: '4ed52c0d-b15b-40c1-ba38-3c5952fb77f5'
Fri Jul 25 18:48:52 2025: SESSION_MGR: creating session with session uuid: '6d04a3e9-ade5-4ab9-8d63-1f78fcd2ec76' and name 'default'
Fri Jul 25 18:48:52 2025: Attempting to start server on port '42331'
Fri Jul 25 18:48:52 2025: XCD main fifo: created main fifo '/tmp/xcdmain4ed52c0d-b15b-40c1-ba38-3c5952fb77f5', fd read = 13
Fri Jul 25 18:48:52 2025: Running Dispatch Server
Fri Jul 25 18:48:52 2025: Version 2.2.0
Fri Jul 25 18:49:00 2025: Dispatch Server: Accepted socket connection from client
Fri Jul 25 18:49:00 2025: Starting Socket connection
Fri Jul 25 18:49:00 2025: EXCHANGE_TOKEN received, server token: 4ed52c0d-b15b-40c1-ba38-3c5952fb77f5, passed token: 4ed52c0d-b15b-40c1-ba38-3c5952fb77f5
Fri Jul 25 18:49:00 2025: SESSION_MGR: creating session with session uuid: '0f21239d-8418-4831-ad69-c985295d5acd' and name 'vitis_hls'
Fri Jul 25 18:49:00 2025: KERNEL_SVC: creating session with uuid: '0f21239d-8418-4831-ad69-c985295d5acd' and name 'vitis_hls'
Fri Jul 25 18:49:00 2025: GUIDANCE_SMGR: creating guidance session with uuid: '0f21239d-8418-4831-ad69-c985295d5acd' and name 'vitis_hls'
Fri Jul 25 18:49:01 2025: STOP_SERVER received, server token: 4ed52c0d-b15b-40c1-ba38-3c5952fb77f5, passed token: 4ed52c0d-b15b-40c1-ba38-3c5952fb77f5
Fri Jul 25 18:49:01 2025: Socket received request to stop server.
Fri Jul 25 18:49:01 2025: Dispatch Server: do_await_stop
Fri Jul 25 18:49:01 2025: Dispatch Server: stopping mainFifo_
Fri Jul 25 18:49:01 2025: XCD main fifo: Stopping
Fri Jul 25 18:49:01 2025: XCD main fifo: do_read error code: Operation canceled
Fri Jul 25 18:49:01 2025: XCD main fifo: bytes_transferred: 0
Fri Jul 25 18:49:01 2025: SERVER: destructor for server bound to port 42331
Fri Jul 25 18:49:01 2025: XCD main fifo: Good unlink of /tmp/xcdmain4ed52c0d-b15b-40c1-ba38-3c5952fb77f5
Fri Jul 25 18:49:01 2025: Server exiting with status 0.
Fri Jul 25 18:49:01 2025: Closing log file.
Fri Jul 25 18:53:36 2025: Running xcd server. This server was built by gradle.
Fri Jul 25 18:53:36 2025: Server was asked to start on port: '35293'
Fri Jul 25 18:53:36 2025: Server is using token UUID: '379d2487-ca0e-4373-83dd-cdb4c79810a6'
Fri Jul 25 18:53:36 2025: SESSION_MGR: creating session with session uuid: '6d04a3e9-ade5-4ab9-8d63-1f78fcd2ec76' and name 'default'
Fri Jul 25 18:53:36 2025: Attempting to start server on port '35293'
Fri Jul 25 18:53:36 2025: XCD main fifo: created main fifo '/tmp/xcdmain379d2487-ca0e-4373-83dd-cdb4c79810a6', fd read = 13
Fri Jul 25 18:53:36 2025: Running Dispatch Server
Fri Jul 25 18:53:36 2025: Version 2.2.0
Fri Jul 25 18:53:44 2025: Dispatch Server: Accepted socket connection from client
Fri Jul 25 18:53:44 2025: Starting Socket connection
Fri Jul 25 18:53:44 2025: EXCHANGE_TOKEN received, server token: 379d2487-ca0e-4373-83dd-cdb4c79810a6, passed token: 379d2487-ca0e-4373-83dd-cdb4c79810a6
Fri Jul 25 18:53:44 2025: SESSION_MGR: creating session with session uuid: '207252db-ca32-4acf-ba44-803c143215dd' and name 'vitis_hls'
Fri Jul 25 18:53:44 2025: KERNEL_SVC: creating session with uuid: '207252db-ca32-4acf-ba44-803c143215dd' and name 'vitis_hls'
Fri Jul 25 18:53:44 2025: GUIDANCE_SMGR: creating guidance session with uuid: '207252db-ca32-4acf-ba44-803c143215dd' and name 'vitis_hls'
Fri Jul 25 18:53:44 2025: STOP_SERVER received, server token: 379d2487-ca0e-4373-83dd-cdb4c79810a6, passed token: 379d2487-ca0e-4373-83dd-cdb4c79810a6
Fri Jul 25 18:53:44 2025: Socket received request to stop server.
Fri Jul 25 18:53:44 2025: Dispatch Server: do_await_stop
Fri Jul 25 18:53:44 2025: Dispatch Server: stopping mainFifo_
Fri Jul 25 18:53:44 2025: XCD main fifo: Stopping
Fri Jul 25 18:53:44 2025: XCD main fifo: do_read error code: Operation canceled
Fri Jul 25 18:53:44 2025: XCD main fifo: bytes_transferred: 0
Fri Jul 25 18:53:44 2025: SERVER: destructor for server bound to port 35293
Fri Jul 25 18:53:44 2025: XCD main fifo: Good unlink of /tmp/xcdmain379d2487-ca0e-4373-83dd-cdb4c79810a6
Fri Jul 25 18:53:44 2025: Server exiting with status 0.
Fri Jul 25 18:53:44 2025: Closing log file.
Fri Jul 25 18:58:27 2025: Running xcd server. This server was built by gradle.
Fri Jul 25 18:58:27 2025: Server was asked to start on port: '39725'
Fri Jul 25 18:58:27 2025: Server is using token UUID: '87a7a0f6-0886-43ea-8430-0a8f7ce54d1f'
Fri Jul 25 18:58:27 2025: SESSION_MGR: creating session with session uuid: '6d04a3e9-ade5-4ab9-8d63-1f78fcd2ec76' and name 'default'
Fri Jul 25 18:58:27 2025: Attempting to start server on port '39725'
Fri Jul 25 18:58:27 2025: XCD main fifo: created main fifo '/tmp/xcdmain87a7a0f6-0886-43ea-8430-0a8f7ce54d1f', fd read = 13
Fri Jul 25 18:58:27 2025: Running Dispatch Server
Fri Jul 25 18:58:27 2025: Version 2.2.0
Fri Jul 25 18:58:35 2025: Dispatch Server: Accepted socket connection from client
Fri Jul 25 18:58:35 2025: Starting Socket connection
Fri Jul 25 18:58:35 2025: EXCHANGE_TOKEN received, server token: 87a7a0f6-0886-43ea-8430-0a8f7ce54d1f, passed token: 87a7a0f6-0886-43ea-8430-0a8f7ce54d1f
Fri Jul 25 18:58:35 2025: SESSION_MGR: creating session with session uuid: 'e13a241c-415e-42ba-9e31-c7b05b96134f' and name 'vitis_hls'
Fri Jul 25 18:58:35 2025: KERNEL_SVC: creating session with uuid: 'e13a241c-415e-42ba-9e31-c7b05b96134f' and name 'vitis_hls'
Fri Jul 25 18:58:35 2025: GUIDANCE_SMGR: creating guidance session with uuid: 'e13a241c-415e-42ba-9e31-c7b05b96134f' and name 'vitis_hls'
Fri Jul 25 18:58:36 2025: STOP_SERVER received, server token: 87a7a0f6-0886-43ea-8430-0a8f7ce54d1f, passed token: 87a7a0f6-0886-43ea-8430-0a8f7ce54d1f
Fri Jul 25 18:58:36 2025: Socket received request to stop server.
Fri Jul 25 18:58:36 2025: Dispatch Server: do_await_stop
Fri Jul 25 18:58:36 2025: Dispatch Server: stopping mainFifo_
Fri Jul 25 18:58:36 2025: XCD main fifo: Stopping
Fri Jul 25 18:58:36 2025: XCD main fifo: do_read error code: Operation canceled
Fri Jul 25 18:58:36 2025: XCD main fifo: bytes_transferred: 0
Fri Jul 25 18:58:36 2025: SERVER: destructor for server bound to port 39725
Fri Jul 25 18:58:36 2025: XCD main fifo: Good unlink of /tmp/xcdmain87a7a0f6-0886-43ea-8430-0a8f7ce54d1f
Fri Jul 25 18:58:36 2025: Server exiting with status 0.
Fri Jul 25 18:58:36 2025: Closing log file.
Fri Jul 25 19:06:53 2025: Running xcd server. This server was built by gradle.
Fri Jul 25 19:06:53 2025: Server was asked to start on port: '38219'
Fri Jul 25 19:06:53 2025: Server is using token UUID: '0ac1d9a5-7ef2-444d-9e94-dc68b570289a'
Fri Jul 25 19:06:53 2025: SESSION_MGR: creating session with session uuid: '6d04a3e9-ade5-4ab9-8d63-1f78fcd2ec76' and name 'default'
Fri Jul 25 19:06:53 2025: Attempting to start server on port '38219'
Fri Jul 25 19:06:53 2025: XCD main fifo: created main fifo '/tmp/xcdmain0ac1d9a5-7ef2-444d-9e94-dc68b570289a', fd read = 13
Fri Jul 25 19:06:53 2025: Running Dispatch Server
Fri Jul 25 19:06:53 2025: Version 2.2.0
Fri Jul 25 19:07:01 2025: Dispatch Server: Accepted socket connection from client
Fri Jul 25 19:07:01 2025: Starting Socket connection
Fri Jul 25 19:07:01 2025: EXCHANGE_TOKEN received, server token: 0ac1d9a5-7ef2-444d-9e94-dc68b570289a, passed token: 0ac1d9a5-7ef2-444d-9e94-dc68b570289a
Fri Jul 25 19:07:01 2025: SESSION_MGR: creating session with session uuid: '26485806-7d39-494b-91cf-4726fbdabb6a' and name 'vitis_hls'
Fri Jul 25 19:07:01 2025: KERNEL_SVC: creating session with uuid: '26485806-7d39-494b-91cf-4726fbdabb6a' and name 'vitis_hls'
Fri Jul 25 19:07:01 2025: GUIDANCE_SMGR: creating guidance session with uuid: '26485806-7d39-494b-91cf-4726fbdabb6a' and name 'vitis_hls'
Fri Jul 25 19:07:01 2025: STOP_SERVER received, server token: 0ac1d9a5-7ef2-444d-9e94-dc68b570289a, passed token: 0ac1d9a5-7ef2-444d-9e94-dc68b570289a
Fri Jul 25 19:07:01 2025: Socket received request to stop server.
Fri Jul 25 19:07:01 2025: Dispatch Server: do_await_stop
Fri Jul 25 19:07:01 2025: Dispatch Server: stopping mainFifo_
Fri Jul 25 19:07:01 2025: XCD main fifo: Stopping
Fri Jul 25 19:07:01 2025: XCD main fifo: do_read error code: Operation canceled
Fri Jul 25 19:07:01 2025: XCD main fifo: bytes_transferred: 0
Fri Jul 25 19:07:01 2025: SERVER: destructor for server bound to port 38219
Fri Jul 25 19:07:01 2025: XCD main fifo: Good unlink of /tmp/xcdmain0ac1d9a5-7ef2-444d-9e94-dc68b570289a
Fri Jul 25 19:07:01 2025: Server exiting with status 0.
Fri Jul 25 19:07:01 2025: Closing log file.
Fri Jul 25 19:17:32 2025: Running xcd server. This server was built by gradle.
Fri Jul 25 19:17:32 2025: Server was asked to start on port: '45005'
Fri Jul 25 19:17:32 2025: Server is using token UUID: '8bd3cb33-ba6f-40d6-93d5-29c841f46ed1'
Fri Jul 25 19:17:32 2025: SESSION_MGR: creating session with session uuid: '6d04a3e9-ade5-4ab9-8d63-1f78fcd2ec76' and name 'default'
Fri Jul 25 19:17:32 2025: Attempting to start server on port '45005'
Fri Jul 25 19:17:32 2025: XCD main fifo: created main fifo '/tmp/xcdmain8bd3cb33-ba6f-40d6-93d5-29c841f46ed1', fd read = 13
Fri Jul 25 19:17:32 2025: Running Dispatch Server
Fri Jul 25 19:17:32 2025: Version 2.2.0
Fri Jul 25 19:17:41 2025: Dispatch Server: Accepted socket connection from client
Fri Jul 25 19:17:41 2025: Starting Socket connection
Fri Jul 25 19:17:41 2025: EXCHANGE_TOKEN received, server token: 8bd3cb33-ba6f-40d6-93d5-29c841f46ed1, passed token: 8bd3cb33-ba6f-40d6-93d5-29c841f46ed1
Fri Jul 25 19:17:41 2025: SESSION_MGR: creating session with session uuid: 'df359a06-66d0-42f5-888b-bd5e6ad6fa5b' and name 'vitis_hls'
Fri Jul 25 19:17:41 2025: KERNEL_SVC: creating session with uuid: 'df359a06-66d0-42f5-888b-bd5e6ad6fa5b' and name 'vitis_hls'
Fri Jul 25 19:17:41 2025: GUIDANCE_SMGR: creating guidance session with uuid: 'df359a06-66d0-42f5-888b-bd5e6ad6fa5b' and name 'vitis_hls'
Fri Jul 25 19:17:41 2025: STOP_SERVER received, server token: 8bd3cb33-ba6f-40d6-93d5-29c841f46ed1, passed token: 8bd3cb33-ba6f-40d6-93d5-29c841f46ed1
Fri Jul 25 19:17:41 2025: Socket received request to stop server.
Fri Jul 25 19:17:41 2025: Dispatch Server: do_await_stop
Fri Jul 25 19:17:41 2025: Dispatch Server: stopping mainFifo_
Fri Jul 25 19:17:41 2025: XCD main fifo: Stopping
Fri Jul 25 19:17:41 2025: XCD main fifo: do_read error code: Operation canceled
Fri Jul 25 19:17:41 2025: XCD main fifo: bytes_transferred: 0
Fri Jul 25 19:17:41 2025: SERVER: destructor for server bound to port 45005
Fri Jul 25 19:17:41 2025: XCD main fifo: Good unlink of /tmp/xcdmain8bd3cb33-ba6f-40d6-93d5-29c841f46ed1
Fri Jul 25 19:17:41 2025: Server exiting with status 0.
Fri Jul 25 19:17:41 2025: Closing log file.
Fri Jul 25 19:26:16 2025: Running xcd server. This server was built by gradle.
Fri Jul 25 19:26:16 2025: Server was asked to start on port: '34533'
Fri Jul 25 19:26:16 2025: Server is using token UUID: '0d81d0ac-679f-4c74-a867-803704d1dd9f'
Fri Jul 25 19:26:16 2025: SESSION_MGR: creating session with session uuid: '6d04a3e9-ade5-4ab9-8d63-1f78fcd2ec76' and name 'default'
Fri Jul 25 19:26:16 2025: Attempting to start server on port '34533'
Fri Jul 25 19:26:16 2025: XCD main fifo: created main fifo '/tmp/xcdmain0d81d0ac-679f-4c74-a867-803704d1dd9f', fd read = 13
Fri Jul 25 19:26:16 2025: Running Dispatch Server
Fri Jul 25 19:26:16 2025: Version 2.2.0
Fri Jul 25 19:26:24 2025: Dispatch Server: Accepted socket connection from client
Fri Jul 25 19:26:24 2025: Starting Socket connection
Fri Jul 25 19:26:24 2025: EXCHANGE_TOKEN received, server token: 0d81d0ac-679f-4c74-a867-803704d1dd9f, passed token: 0d81d0ac-679f-4c74-a867-803704d1dd9f
Fri Jul 25 19:26:24 2025: SESSION_MGR: creating session with session uuid: 'a2dbb4bb-7e1f-403b-b1f3-9bade352f446' and name 'vitis_hls'
Fri Jul 25 19:26:24 2025: KERNEL_SVC: creating session with uuid: 'a2dbb4bb-7e1f-403b-b1f3-9bade352f446' and name 'vitis_hls'
Fri Jul 25 19:26:24 2025: GUIDANCE_SMGR: creating guidance session with uuid: 'a2dbb4bb-7e1f-403b-b1f3-9bade352f446' and name 'vitis_hls'
Fri Jul 25 19:26:25 2025: STOP_SERVER received, server token: 0d81d0ac-679f-4c74-a867-803704d1dd9f, passed token: 0d81d0ac-679f-4c74-a867-803704d1dd9f
Fri Jul 25 19:26:25 2025: Socket received request to stop server.
Fri Jul 25 19:26:25 2025: Dispatch Server: do_await_stop
Fri Jul 25 19:26:25 2025: Dispatch Server: stopping mainFifo_
Fri Jul 25 19:26:25 2025: XCD main fifo: Stopping
Fri Jul 25 19:26:25 2025: XCD main fifo: do_read error code: Operation canceled
Fri Jul 25 19:26:25 2025: XCD main fifo: bytes_transferred: 0
Fri Jul 25 19:26:25 2025: SERVER: destructor for server bound to port 34533
Fri Jul 25 19:26:25 2025: XCD main fifo: Good unlink of /tmp/xcdmain0d81d0ac-679f-4c74-a867-803704d1dd9f
Fri Jul 25 19:26:25 2025: Server exiting with status 0.
Fri Jul 25 19:26:25 2025: Closing log file.
