

================================================================
== Vitis HLS Report for 'spmv_ellpack_Pipeline_ellpack_2'
================================================================
* Date:           Sun May 18 05:47:34 2025

* Version:        2022.2.2 (Build 3779808 on Feb 17 2023)
* Project:        hls_prj
* Solution:       solution (Vivado IP Flow Target)
* Product family: virtexuplus
* Target device:  xcu55c-fsvh2892-2L-e


================================================================
== Performance Estimates
================================================================
+ Timing: 
    * Summary: 
    +--------+---------+----------+------------+
    |  Clock |  Target | Estimated| Uncertainty|
    +--------+---------+----------+------------+
    |ap_clk  |  5.00 ns|  3.330 ns|     1.35 ns|
    +--------+---------+----------+------------+

+ Latency: 
    * Summary: 
    +---------+---------+-----------+-----------+------+------+---------+
    |  Latency (cycles) |   Latency (absolute)  |   Interval  | Pipeline|
    |   min   |   max   |    min    |    max    |  min |  max |   Type  |
    +---------+---------+-----------+-----------+------+------+---------+
    |     4107|     4107|  20.535 us|  20.535 us|  4107|  4107|       no|
    +---------+---------+-----------+-----------+------+------+---------+

    + Detail: 
        * Instance: 
        N/A

        * Loop: 
        +-------------+---------+---------+----------+-----------+-----------+------+----------+
        |             |  Latency (cycles) | Iteration|  Initiation Interval  | Trip |          |
        |  Loop Name  |   min   |   max   |  Latency |  achieved |   target  | Count| Pipelined|
        +-------------+---------+---------+----------+-----------+-----------+------+----------+
        |- ellpack_2  |     4105|     4105|        14|          4|          1|  1024|       yes|
        +-------------+---------+---------+----------+-----------+-----------+------+----------+



================================================================
== Utilization Estimates
================================================================
* Summary: 
+---------------------+---------+------+---------+---------+-----+
|         Name        | BRAM_18K|  DSP |    FF   |   LUT   | URAM|
+---------------------+---------+------+---------+---------+-----+
|DSP                  |        -|     -|        -|        -|    -|
|Expression           |        -|     -|        0|       71|    -|
|FIFO                 |        -|     -|        -|        -|    -|
|Instance             |        -|    11|      769|      807|    -|
|Memory               |        -|     -|        -|        -|    -|
|Multiplexer          |        -|     -|        -|      116|    -|
|Register             |        -|     -|      566|       96|    -|
+---------------------+---------+------+---------+---------+-----+
|Total                |        0|    11|     1335|     1090|    0|
+---------------------+---------+------+---------+---------+-----+
|Available SLR        |     1344|  3008|   869120|   434560|  320|
+---------------------+---------+------+---------+---------+-----+
|Utilization SLR (%)  |        0|    ~0|       ~0|       ~0|    0|
+---------------------+---------+------+---------+---------+-----+
|Available            |     4032|  9024|  2607360|  1303680|  960|
+---------------------+---------+------+---------+---------+-----+
|Utilization (%)      |        0|    ~0|       ~0|       ~0|    0|
+---------------------+---------+------+---------+---------+-----+

+ Detail: 
    * Instance: 
    +-----------------------------------+--------------------------------+---------+----+-----+-----+-----+
    |              Instance             |             Module             | BRAM_18K| DSP|  FF | LUT | URAM|
    +-----------------------------------+--------------------------------+---------+----+-----+-----+-----+
    |dadd_64ns_64ns_64_5_full_dsp_1_U1  |dadd_64ns_64ns_64_5_full_dsp_1  |        0|   3|  457|  698|    0|
    |dmul_64ns_64ns_64_5_max_dsp_1_U2   |dmul_64ns_64ns_64_5_max_dsp_1   |        0|   8|  312|  109|    0|
    +-----------------------------------+--------------------------------+---------+----+-----+-----+-----+
    |Total                              |                                |        0|  11|  769|  807|    0|
    +-----------------------------------+--------------------------------+---------+----+-----+-----+-----+

    * DSP: 
    N/A

    * Memory: 
    N/A

    * FIFO: 
    N/A

    * Expression: 
    +---------------------+----------+----+---+----+------------+------------+
    |    Variable Name    | Operation| DSP| FF| LUT| Bitwidth P0| Bitwidth P1|
    +---------------------+----------+----+---+----+------------+------------+
    |add_ln15_fu_161_p2   |         +|   0|  0|  18|          11|           1|
    |add_ln16_fu_171_p2   |         +|   0|  0|  27|          20|          20|
    |icmp_ln15_fu_155_p2  |      icmp|   0|  0|  12|          11|          12|
    |ifzero_fu_182_p2     |      icmp|   0|  0|  12|          11|          12|
    |ap_enable_pp0        |       xor|   0|  0|   2|           1|           2|
    +---------------------+----------+----+---+----+------------+------------+
    |Total                |          |   0|  0|  71|          54|          47|
    +---------------------+----------+----+---+----+------------+------------+

    * Multiplexer: 
    +----------------------------------+----+-----------+-----+-----------+
    |               Name               | LUT| Input Size| Bits| Total Bits|
    +----------------------------------+----+-----------+-----+-----------+
    |ap_NS_fsm                         |  26|          5|    1|          5|
    |ap_done_int                       |   9|          2|    1|          2|
    |ap_enable_reg_pp0_iter0           |   9|          2|    1|          2|
    |ap_enable_reg_pp0_iter1           |   9|          2|    1|          2|
    |ap_enable_reg_pp0_iter3           |   9|          2|    1|          2|
    |ap_loop_exit_ready_pp0_iter1_reg  |   9|          2|    1|          2|
    |ap_loop_exit_ready_pp0_iter2_reg  |   9|          2|    1|          2|
    |ap_sig_allocacmp_j_1              |   9|          2|   11|         22|
    |ap_sig_allocacmp_sum_1_load       |   9|          2|   64|        128|
    |j_fu_56                           |   9|          2|   11|         22|
    |sum_1_fu_52                       |   9|          2|   64|        128|
    +----------------------------------+----+-----------+-----+-----------+
    |Total                             | 116|         25|  157|        317|
    +----------------------------------+----+-----------+-----+-----------+

    * Register: 
    +----------------------------------+----+----+-----+-----------+
    |               Name               | FF | LUT| Bits| Const Bits|
    +----------------------------------+----+----+-----+-----------+
    |Si_reg_286                        |  64|   0|   64|          0|
    |ap_CS_fsm                         |   4|   0|    4|          0|
    |ap_done_reg                       |   1|   0|    1|          0|
    |ap_enable_reg_pp0_iter0_reg       |   1|   0|    1|          0|
    |ap_enable_reg_pp0_iter1           |   1|   0|    1|          0|
    |ap_enable_reg_pp0_iter2           |   1|   0|    1|          0|
    |ap_enable_reg_pp0_iter3           |   1|   0|    1|          0|
    |ap_loop_exit_ready_pp0_iter1_reg  |   1|   0|    1|          0|
    |ap_loop_exit_ready_pp0_iter2_reg  |   1|   0|    1|          0|
    |icmp_ln15_reg_238                 |   1|   0|    1|          0|
    |ifzero_reg_252                    |   1|   0|    1|          0|
    |j_fu_56                           |  11|   0|   11|          0|
    |nzval_load_reg_266                |  64|   0|   64|          0|
    |out_r_addr_reg_233                |  10|   0|   10|          0|
    |sum_1_fu_52                       |  64|   0|   64|          0|
    |sum_2_reg_296                     |  64|   0|   64|          0|
    |vec_load_reg_271                  |  64|   0|   64|          0|
    |zext_ln16_reg_242                 |  20|   0|   64|         44|
    |icmp_ln15_reg_238                 |  64|  32|    1|          0|
    |ifzero_reg_252                    |  64|  32|    1|          0|
    |out_r_addr_reg_233                |  64|  32|   10|          0|
    +----------------------------------+----+----+-----+-----------+
    |Total                             | 566|  96|  430|         44|
    +----------------------------------+----+----+-----+-----------+



================================================================
== Interface
================================================================
* Summary: 
+----------------+-----+-----+------------+---------------------------------+--------------+
|    RTL Ports   | Dir | Bits|  Protocol  |          Source Object          |    C Type    |
+----------------+-----+-----+------------+---------------------------------+--------------+
|ap_clk          |   in|    1|  ap_ctrl_hs|  spmv_ellpack_Pipeline_ellpack_2|  return value|
|ap_rst          |   in|    1|  ap_ctrl_hs|  spmv_ellpack_Pipeline_ellpack_2|  return value|
|ap_start        |   in|    1|  ap_ctrl_hs|  spmv_ellpack_Pipeline_ellpack_2|  return value|
|ap_done         |  out|    1|  ap_ctrl_hs|  spmv_ellpack_Pipeline_ellpack_2|  return value|
|ap_idle         |  out|    1|  ap_ctrl_hs|  spmv_ellpack_Pipeline_ellpack_2|  return value|
|ap_ready        |  out|    1|  ap_ctrl_hs|  spmv_ellpack_Pipeline_ellpack_2|  return value|
|sum             |   in|   64|     ap_none|                              sum|        scalar|
|out_r_address0  |  out|   10|   ap_memory|                            out_r|         array|
|out_r_ce0       |  out|    1|   ap_memory|                            out_r|         array|
|out_r_we0       |  out|    1|   ap_memory|                            out_r|         array|
|out_r_d0        |  out|   64|   ap_memory|                            out_r|         array|
|zext_ln13       |   in|   10|     ap_none|                        zext_ln13|        scalar|
|tmp_1           |   in|   20|     ap_none|                            tmp_1|        scalar|
|nzval_address0  |  out|   20|   ap_memory|                            nzval|         array|
|nzval_ce0       |  out|    1|   ap_memory|                            nzval|         array|
|nzval_q0        |   in|   64|   ap_memory|                            nzval|         array|
|cols_address0   |  out|   20|   ap_memory|                             cols|         array|
|cols_ce0        |  out|    1|   ap_memory|                             cols|         array|
|cols_q0         |   in|   32|   ap_memory|                             cols|         array|
|vec_address0    |  out|   10|   ap_memory|                              vec|         array|
|vec_ce0         |  out|    1|   ap_memory|                              vec|         array|
|vec_q0          |   in|   64|   ap_memory|                              vec|         array|
+----------------+-----+-----+------------+---------------------------------+--------------+

