

================================================================
== Vitis HLS Report for 'needwun_Pipeline_fill_in'
================================================================
* Date:           Sat Apr  5 08:32:42 2025

* Version:        2022.2.2 (Build 3779808 on Feb 17 2023)
* Project:        hls_prj
* Solution:       solution (Vivado IP Flow Target)
* Product family: virtexuplus
* Target device:  xcu55c-fsvh2892-2L-e


================================================================
== Performance Estimates
================================================================
+ Timing: 
    * Summary: 
    +--------+---------+----------+------------+
    |  Clock |  Target | Estimated| Uncertainty|
    +--------+---------+----------+------------+
    |ap_clk  |  5.00 ns|  3.501 ns|     1.35 ns|
    +--------+---------+----------+------------+

+ Latency: 
    * Summary: 
    +---------+---------+----------+----------+-----+-----+---------+
    |  Latency (cycles) |  Latency (absolute) |  Interval | Pipeline|
    |   min   |   max   |    min   |    max   | min | max |   Type  |
    +---------+---------+----------+----------+-----+-----+---------+
    |      259|      259|  1.295 us|  1.295 us|  259|  259|       no|
    +---------+---------+----------+----------+-----+-----+---------+

    + Detail: 
        * Instance: 
        N/A

        * Loop: 
        +-----------+---------+---------+----------+-----------+-----------+------+----------+
        |           |  Latency (cycles) | Iteration|  Initiation Interval  | Trip |          |
        | Loop Name |   min   |   max   |  Latency |  achieved |   target  | Count| Pipelined|
        +-----------+---------+---------+----------+-----------+-----------+------+----------+
        |- fill_in  |      257|      257|         4|          2|          1|   128|       yes|
        +-----------+---------+---------+----------+-----------+-----------+------+----------+

============================================================
+ Verbose Summary: Synthesis Manager
============================================================
InlineROM: 1
ExposeGlobal: 0
============================================================
+ Verbose Summary: CDFG Model
============================================================
IsTopModel: 0
ResetActiveHigh: 1
IsCombinational: 0
IsDatapathOnly: 0
HasWiredReturn: 1
HasMFsm: 2
HasVarLatency: 1
IsPipeline: 0
IsRtlPipelined: 0
IsInstanceOverlapped: 0
IsDontTouch: 0
HasImplIP: 0
IsGatedGlobalClock: 0

+ Individual pipeline summary: 
  * Pipeline-0: initiation interval (II) = 2, depth = 4


============================================================
+ Verbose Summary: Schedule
============================================================
* Number of FSM states : 4
* Pipeline : 1
  Pipeline-0 : II = 2, D = 4, States = { 1 2 3 4 }
* Dataflow Pipeline: 0

* FSM state transitions: 
1 --> 2 
2 --> 3 
3 --> 4 
4 --> 

* FSM state operations: 

State 1 <SV = 0> <Delay = 2.02>
ST_1 : Operation 7 [1/1] (0.00ns)   --->   "%reuse_addr_reg = alloca i32 1"   --->   Operation 7 'alloca' 'reuse_addr_reg' <Predicate = true> <Delay = 0.00>
ST_1 : Operation 8 [1/1] (0.00ns)   --->   "%reuse_reg = alloca i32 1"   --->   Operation 8 'alloca' 'reuse_reg' <Predicate = true> <Delay = 0.00>
ST_1 : Operation 9 [1/1] (0.00ns)   --->   "%a_idx_2 = alloca i32 1"   --->   Operation 9 'alloca' 'a_idx_2' <Predicate = true> <Delay = 0.00>
ST_1 : Operation 10 [1/1] (0.00ns)   --->   "%max_1 = alloca i32 1"   --->   Operation 10 'alloca' 'max_1' <Predicate = true> <Delay = 0.00>
ST_1 : Operation 11 [1/1] (0.00ns)   --->   "%p_shl2_read = read i15 @_ssdm_op_Read.ap_auto.i15, i15 %p_shl2"   --->   Operation 11 'read' 'p_shl2_read' <Predicate = true> <Delay = 0.00>
ST_1 : Operation 12 [1/1] (0.00ns)   --->   "%zext_ln28_read = read i8 @_ssdm_op_Read.ap_auto.i8, i8 %zext_ln28"   --->   Operation 12 'read' 'zext_ln28_read' <Predicate = true> <Delay = 0.00>
ST_1 : Operation 13 [1/1] (0.00ns)   --->   "%zext_ln29_read = read i14 @_ssdm_op_Read.ap_auto.i14, i14 %zext_ln29"   --->   Operation 13 'read' 'zext_ln29_read' <Predicate = true> <Delay = 0.00>
ST_1 : Operation 14 [1/1] (0.00ns)   --->   "%add_ln39_3_read = read i15 @_ssdm_op_Read.ap_auto.i15, i15 %add_ln39_3"   --->   Operation 14 'read' 'add_ln39_3_read' <Predicate = true> <Delay = 0.00>
ST_1 : Operation 15 [1/1] (0.00ns)   --->   "%SEQB_load_read = read i8 @_ssdm_op_Read.ap_auto.i8, i8 %SEQB_load"   --->   Operation 15 'read' 'SEQB_load_read' <Predicate = true> <Delay = 0.00>
ST_1 : Operation 16 [1/1] (0.00ns)   --->   "%M_load_read = read i32 @_ssdm_op_Read.ap_auto.i32, i32 %M_load"   --->   Operation 16 'read' 'M_load_read' <Predicate = true> <Delay = 0.00>
ST_1 : Operation 17 [1/1] (0.00ns)   --->   "%zext_ln28_cast = zext i8 %zext_ln28_read"   --->   Operation 17 'zext' 'zext_ln28_cast' <Predicate = true> <Delay = 0.00>
ST_1 : Operation 18 [1/1] (0.00ns)   --->   "%zext_ln29_cast = zext i14 %zext_ln29_read"   --->   Operation 18 'zext' 'zext_ln29_cast' <Predicate = true> <Delay = 0.00>
ST_1 : Operation 19 [1/1] (0.00ns)   --->   "%specinterface_ln0 = specinterface void @_ssdm_op_SpecInterface, i8 %ptr, void @empty, i32 0, i32 0, void @empty_0, i32 4294967295, i32 0, void @empty_0, void @empty_0, void @empty_0, i32 0, i32 0, i32 0, i32 0, void @empty_0, void @empty_0, i32 4294967295, i32 0"   --->   Operation 19 'specinterface' 'specinterface_ln0' <Predicate = true> <Delay = 0.00>
ST_1 : Operation 20 [1/1] (0.00ns)   --->   "%specinterface_ln0 = specinterface void @_ssdm_op_SpecInterface, i32 %M, void @empty, i32 0, i32 0, void @empty_0, i32 4294967295, i32 0, void @empty_0, void @empty_0, void @empty_0, i32 0, i32 0, i32 0, i32 0, void @empty_0, void @empty_0, i32 4294967295, i32 0"   --->   Operation 20 'specinterface' 'specinterface_ln0' <Predicate = true> <Delay = 0.00>
ST_1 : Operation 21 [1/1] (0.00ns)   --->   "%specinterface_ln0 = specinterface void @_ssdm_op_SpecInterface, i8 %SEQA, void @empty, i32 0, i32 0, void @empty_0, i32 4294967295, i32 0, void @empty_0, void @empty_0, void @empty_0, i32 0, i32 0, i32 0, i32 0, void @empty_0, void @empty_0, i32 4294967295, i32 0"   --->   Operation 21 'specinterface' 'specinterface_ln0' <Predicate = true> <Delay = 0.00>
ST_1 : Operation 22 [1/1] (0.38ns)   --->   "%store_ln0 = store i32 %M_load_read, i32 %max_1"   --->   Operation 22 'store' 'store_ln0' <Predicate = true> <Delay = 0.38>
ST_1 : Operation 23 [1/1] (0.38ns)   --->   "%store_ln0 = store i8 1, i8 %a_idx_2"   --->   Operation 23 'store' 'store_ln0' <Predicate = true> <Delay = 0.38>
ST_1 : Operation 24 [1/1] (0.38ns)   --->   "%store_ln0 = store i32 0, i32 %reuse_reg"   --->   Operation 24 'store' 'store_ln0' <Predicate = true> <Delay = 0.38>
ST_1 : Operation 25 [1/1] (0.38ns)   --->   "%store_ln0 = store i64 18446744073709551615, i64 %reuse_addr_reg"   --->   Operation 25 'store' 'store_ln0' <Predicate = true> <Delay = 0.38>
ST_1 : Operation 26 [1/1] (0.00ns)   --->   "%br_ln0 = br void %for.body16"   --->   Operation 26 'br' 'br_ln0' <Predicate = true> <Delay = 0.00>
ST_1 : Operation 27 [1/1] (0.00ns)   --->   "%a_idx = load i8 %a_idx_2"   --->   Operation 27 'load' 'a_idx' <Predicate = true> <Delay = 0.00>
ST_1 : Operation 28 [1/1] (0.00ns)   --->   "%specpipeline_ln0 = specpipeline void @_ssdm_op_SpecPipeline, i32 4294967295, i32 0, i32 1, i32 0, void @p_str"   --->   Operation 28 'specpipeline' 'specpipeline_ln0' <Predicate = true> <Delay = 0.00>
ST_1 : Operation 29 [1/1] (0.58ns)   --->   "%icmp_ln29 = icmp_eq  i8 %a_idx, i8 129" [nw.c:29]   --->   Operation 29 'icmp' 'icmp_ln29' <Predicate = true> <Delay = 0.58> <CoreInst = "Cmp">   --->   Core 9 'Cmp' <Latency = 0> <II = 1> <Delay = 0.58> <FuncUnit> <Opcode : 'icmp'> <InPorts = 2> <OutPorts = 1>
ST_1 : Operation 30 [1/1] (0.00ns)   --->   "%empty = speclooptripcount i32 @_ssdm_op_SpecLoopTripCount, i64 128, i64 128, i64 128"   --->   Operation 30 'speclooptripcount' 'empty' <Predicate = true> <Delay = 0.00>
ST_1 : Operation 31 [1/1] (0.00ns)   --->   "%br_ln29 = br i1 %icmp_ln29, void %for.body16.split_ifconv, void %for.inc77.exitStub" [nw.c:29]   --->   Operation 31 'br' 'br_ln29' <Predicate = true> <Delay = 0.00>
ST_1 : Operation 32 [1/1] (0.00ns)   --->   "%empty_18 = trunc i8 %a_idx"   --->   Operation 32 'trunc' 'empty_18' <Predicate = (!icmp_ln29)> <Delay = 0.00>
ST_1 : Operation 33 [1/1] (0.00ns)   --->   "%zext_ln30 = zext i8 %a_idx" [nw.c:30]   --->   Operation 33 'zext' 'zext_ln30' <Predicate = (!icmp_ln29)> <Delay = 0.00>
ST_1 : Operation 34 [1/1] (0.70ns)   --->   "%add_ln30 = add i7 %empty_18, i7 127" [nw.c:30]   --->   Operation 34 'add' 'add_ln30' <Predicate = (!icmp_ln29)> <Delay = 0.70> <CoreInst = "Adder">   --->   Core 1 'Adder' <Latency = 0> <II = 1> <Delay = 0.70> <FuncUnit> <Opcode : 'add' 'sub'> <InPorts = 2> <OutPorts = 1>
ST_1 : Operation 35 [1/1] (0.00ns)   --->   "%zext_ln30_1 = zext i7 %add_ln30" [nw.c:30]   --->   Operation 35 'zext' 'zext_ln30_1' <Predicate = (!icmp_ln29)> <Delay = 0.00>
ST_1 : Operation 36 [1/1] (0.00ns)   --->   "%SEQA_addr = getelementptr i8 %SEQA, i64 0, i64 %zext_ln30_1" [nw.c:30]   --->   Operation 36 'getelementptr' 'SEQA_addr' <Predicate = (!icmp_ln29)> <Delay = 0.00>
ST_1 : Operation 37 [2/2] (0.56ns)   --->   "%SEQA_load = load i7 %SEQA_addr" [nw.c:30]   --->   Operation 37 'load' 'SEQA_load' <Predicate = (!icmp_ln29)> <Delay = 0.56> <CoreInst = "RAM">   --->   Core 83 'RAM' <Latency = 1> <II = 1> <Delay = 0.56> <Storage> <Opcode : 'load' 'store'> <Ports = 2> <Width = 8> <Depth = 128> <RAM>
ST_1 : Operation 38 [1/1] (0.77ns)   --->   "%add_ln39 = add i15 %add_ln39_3_read, i15 %zext_ln30" [nw.c:39]   --->   Operation 38 'add' 'add_ln39' <Predicate = (!icmp_ln29)> <Delay = 0.77> <CoreInst = "Adder">   --->   Core 1 'Adder' <Latency = 0> <II = 1> <Delay = 0.77> <FuncUnit> <Opcode : 'add' 'sub'> <InPorts = 2> <OutPorts = 1>
ST_1 : Operation 39 [1/1] (0.00ns)   --->   "%zext_ln39 = zext i15 %add_ln39" [nw.c:39]   --->   Operation 39 'zext' 'zext_ln39' <Predicate = (!icmp_ln29)> <Delay = 0.00>
ST_1 : Operation 40 [1/1] (0.00ns)   --->   "%M_addr = getelementptr i32 %M, i64 0, i64 %zext_ln39" [nw.c:39]   --->   Operation 40 'getelementptr' 'M_addr' <Predicate = (!icmp_ln29)> <Delay = 0.00>
ST_1 : Operation 41 [2/2] (1.24ns)   --->   "%M_load_1 = load i15 %M_addr" [nw.c:39]   --->   Operation 41 'load' 'M_load_1' <Predicate = (!icmp_ln29)> <Delay = 1.24> <CoreInst = "RAM">   --->   Core 83 'RAM' <Latency = 1> <II = 1> <Delay = 1.24> <Storage> <Opcode : 'load' 'store'> <Ports = 2> <Width = 32> <Depth = 16641> <RAM>
ST_1 : Operation 42 [1/1] (0.76ns)   --->   "%add_ln40 = add i15 %zext_ln30, i15 %zext_ln29_cast" [nw.c:40]   --->   Operation 42 'add' 'add_ln40' <Predicate = (!icmp_ln29)> <Delay = 0.76> <CoreInst = "Adder">   --->   Core 1 'Adder' <Latency = 0> <II = 1> <Delay = 0.76> <FuncUnit> <Opcode : 'add' 'sub'> <InPorts = 2> <OutPorts = 1>
ST_1 : Operation 43 [1/1] (0.00ns)   --->   "%zext_ln40 = zext i15 %add_ln40" [nw.c:40]   --->   Operation 43 'zext' 'zext_ln40' <Predicate = (!icmp_ln29)> <Delay = 0.00>
ST_1 : Operation 44 [1/1] (0.00ns)   --->   "%M_addr_1 = getelementptr i32 %M, i64 0, i64 %zext_ln40" [nw.c:40]   --->   Operation 44 'getelementptr' 'M_addr_1' <Predicate = (!icmp_ln29)> <Delay = 0.00>
ST_1 : Operation 45 [2/2] (1.24ns)   --->   "%M_load_2 = load i15 %M_addr_1" [nw.c:40]   --->   Operation 45 'load' 'M_load_2' <Predicate = (!icmp_ln29)> <Delay = 1.24> <CoreInst = "RAM">   --->   Core 83 'RAM' <Latency = 1> <II = 1> <Delay = 1.24> <Storage> <Opcode : 'load' 'store'> <Ports = 2> <Width = 32> <Depth = 16641> <RAM>

State 2 <SV = 1> <Delay = 3.21>
ST_2 : Operation 46 [1/1] (0.00ns)   --->   "%max_1_load = load i32 %max_1" [nw.c:41]   --->   Operation 46 'load' 'max_1_load' <Predicate = (!icmp_ln29)> <Delay = 0.00>
ST_2 : Operation 47 [1/1] (0.00ns)   --->   "%trunc_ln30_cast12 = zext i8 %a_idx"   --->   Operation 47 'zext' 'trunc_ln30_cast12' <Predicate = (!icmp_ln29)> <Delay = 0.00>
ST_2 : Operation 48 [1/2] (0.56ns)   --->   "%SEQA_load = load i7 %SEQA_addr" [nw.c:30]   --->   Operation 48 'load' 'SEQA_load' <Predicate = (!icmp_ln29)> <Delay = 0.56> <CoreInst = "RAM">   --->   Core 83 'RAM' <Latency = 1> <II = 1> <Delay = 0.56> <Storage> <Opcode : 'load' 'store'> <Ports = 2> <Width = 8> <Depth = 128> <RAM>
ST_2 : Operation 49 [1/1] (0.58ns)   --->   "%icmp_ln30 = icmp_eq  i8 %SEQA_load, i8 %SEQB_load_read" [nw.c:30]   --->   Operation 49 'icmp' 'icmp_ln30' <Predicate = (!icmp_ln29)> <Delay = 0.58> <CoreInst = "Cmp">   --->   Core 9 'Cmp' <Latency = 0> <II = 1> <Delay = 0.58> <FuncUnit> <Opcode : 'icmp'> <InPorts = 2> <OutPorts = 1>
ST_2 : Operation 50 [1/1] (0.00ns) (grouped into LUT with out node up_left)   --->   "%select_ln39 = select i1 %icmp_ln30, i32 1, i32 4294967295" [nw.c:39]   --->   Operation 50 'select' 'select_ln39' <Predicate = (!icmp_ln29)> <Delay = 0.00> <CoreInst = "Sel">   --->   Core 73 'Sel' <Latency = 0> <II = 1> <Delay = 0.27> <FuncUnit> <Opcode : 'select'> <InPorts = 3> <OutPorts = 1>
ST_2 : Operation 51 [1/1] (0.00ns)   --->   "%reuse_reg_load = load i32 %reuse_reg"   --->   Operation 51 'load' 'reuse_reg_load' <Predicate = (!icmp_ln29)> <Delay = 0.00>
ST_2 : Operation 52 [1/1] (0.00ns)   --->   "%reuse_addr_reg_load = load i64 %reuse_addr_reg"   --->   Operation 52 'load' 'reuse_addr_reg_load' <Predicate = (!icmp_ln29)> <Delay = 0.00>
ST_2 : Operation 53 [1/2] (1.24ns)   --->   "%M_load_1 = load i15 %M_addr" [nw.c:39]   --->   Operation 53 'load' 'M_load_1' <Predicate = (!icmp_ln29)> <Delay = 1.24> <CoreInst = "RAM">   --->   Core 83 'RAM' <Latency = 1> <II = 1> <Delay = 1.24> <Storage> <Opcode : 'load' 'store'> <Ports = 2> <Width = 32> <Depth = 16641> <RAM>
ST_2 : Operation 54 [1/1] (1.06ns)   --->   "%addr_cmp = icmp_eq  i64 %reuse_addr_reg_load, i64 %zext_ln39" [nw.c:39]   --->   Operation 54 'icmp' 'addr_cmp' <Predicate = (!icmp_ln29)> <Delay = 1.06> <CoreInst = "Cmp">   --->   Core 9 'Cmp' <Latency = 0> <II = 1> <Delay = 1.06> <FuncUnit> <Opcode : 'icmp'> <InPorts = 2> <OutPorts = 1>
ST_2 : Operation 55 [1/1] (0.00ns) (grouped into LUT with out node up_left)   --->   "%reuse_select = select i1 %addr_cmp, i32 %reuse_reg_load, i32 %M_load_1" [nw.c:39]   --->   Operation 55 'select' 'reuse_select' <Predicate = (!icmp_ln29)> <Delay = 0.00> <CoreInst = "Sel">   --->   Core 73 'Sel' <Latency = 0> <II = 1> <Delay = 0.22> <FuncUnit> <Opcode : 'select'> <InPorts = 3> <OutPorts = 1>
ST_2 : Operation 56 [1/1] (0.88ns) (out node of the LUT)   --->   "%up_left = add i32 %reuse_select, i32 %select_ln39" [nw.c:39]   --->   Operation 56 'add' 'up_left' <Predicate = (!icmp_ln29)> <Delay = 0.88> <CoreInst = "Adder">   --->   Core 1 'Adder' <Latency = 0> <II = 1> <Delay = 0.88> <FuncUnit> <Opcode : 'add' 'sub'> <InPorts = 2> <OutPorts = 1>
ST_2 : Operation 57 [1/2] (1.24ns)   --->   "%M_load_2 = load i15 %M_addr_1" [nw.c:40]   --->   Operation 57 'load' 'M_load_2' <Predicate = (!icmp_ln29)> <Delay = 1.24> <CoreInst = "RAM">   --->   Core 83 'RAM' <Latency = 1> <II = 1> <Delay = 1.24> <Storage> <Opcode : 'load' 'store'> <Ports = 2> <Width = 32> <Depth = 16641> <RAM>
ST_2 : Operation 58 [1/1] (0.88ns)   --->   "%up = add i32 %M_load_2, i32 4294967295" [nw.c:40]   --->   Operation 58 'add' 'up' <Predicate = (!icmp_ln29)> <Delay = 0.88> <CoreInst = "Adder">   --->   Core 1 'Adder' <Latency = 0> <II = 1> <Delay = 0.88> <FuncUnit> <Opcode : 'add' 'sub'> <InPorts = 2> <OutPorts = 1>
ST_2 : Operation 59 [1/1] (0.88ns)   --->   "%left = add i32 %max_1_load, i32 4294967295" [nw.c:41]   --->   Operation 59 'add' 'left' <Predicate = (!icmp_ln29)> <Delay = 0.88> <CoreInst = "Adder">   --->   Core 1 'Adder' <Latency = 0> <II = 1> <Delay = 0.88> <FuncUnit> <Opcode : 'add' 'sub'> <InPorts = 2> <OutPorts = 1>
ST_2 : Operation 60 [1/1] (0.85ns)   --->   "%icmp_ln43 = icmp_sgt  i32 %up, i32 %left" [nw.c:43]   --->   Operation 60 'icmp' 'icmp_ln43' <Predicate = (!icmp_ln29)> <Delay = 0.85> <CoreInst = "Cmp">   --->   Core 9 'Cmp' <Latency = 0> <II = 1> <Delay = 0.85> <FuncUnit> <Opcode : 'icmp'> <InPorts = 2> <OutPorts = 1>
ST_2 : Operation 61 [1/1] (0.22ns)   --->   "%select_ln43 = select i1 %icmp_ln43, i32 %up, i32 %left" [nw.c:43]   --->   Operation 61 'select' 'select_ln43' <Predicate = (!icmp_ln29)> <Delay = 0.22> <CoreInst = "Sel">   --->   Core 73 'Sel' <Latency = 0> <II = 1> <Delay = 0.22> <FuncUnit> <Opcode : 'select'> <InPorts = 3> <OutPorts = 1>
ST_2 : Operation 62 [1/1] (0.70ns)   --->   "%add_ln45_1 = add i9 %zext_ln28_cast, i9 %trunc_ln30_cast12" [nw.c:45]   --->   Operation 62 'add' 'add_ln45_1' <Predicate = (!icmp_ln29)> <Delay = 0.70> <CoreInst = "Adder">   --->   Core 1 'Adder' <Latency = 0> <II = 1> <Delay = 0.70> <FuncUnit> <Opcode : 'add' 'sub'> <InPorts = 2> <OutPorts = 1>
ST_2 : Operation 63 [1/1] (0.70ns)   --->   "%add_ln29 = add i8 %a_idx, i8 1" [nw.c:29]   --->   Operation 63 'add' 'add_ln29' <Predicate = (!icmp_ln29)> <Delay = 0.70> <CoreInst = "Adder">   --->   Core 1 'Adder' <Latency = 0> <II = 1> <Delay = 0.70> <FuncUnit> <Opcode : 'add' 'sub'> <InPorts = 2> <OutPorts = 1>
ST_2 : Operation 64 [1/1] (0.38ns)   --->   "%store_ln29 = store i8 %add_ln29, i8 %a_idx_2" [nw.c:29]   --->   Operation 64 'store' 'store_ln29' <Predicate = (!icmp_ln29)> <Delay = 0.38>
ST_2 : Operation 85 [1/1] (0.00ns)   --->   "%ret_ln0 = ret"   --->   Operation 85 'ret' 'ret_ln0' <Predicate = (icmp_ln29)> <Delay = 0.00>

State 3 <SV = 2> <Delay = 3.50>
ST_3 : Operation 65 [1/1] (0.85ns)   --->   "%icmp_ln43_1 = icmp_sgt  i32 %up_left, i32 %select_ln43" [nw.c:43]   --->   Operation 65 'icmp' 'icmp_ln43_1' <Predicate = true> <Delay = 0.85> <CoreInst = "Cmp">   --->   Core 9 'Cmp' <Latency = 0> <II = 1> <Delay = 0.85> <FuncUnit> <Opcode : 'icmp'> <InPorts = 2> <OutPorts = 1>
ST_3 : Operation 66 [1/1] (0.22ns)   --->   "%max = select i1 %icmp_ln43_1, i32 %up_left, i32 %select_ln43" [nw.c:43]   --->   Operation 66 'select' 'max' <Predicate = true> <Delay = 0.22> <CoreInst = "Sel">   --->   Core 73 'Sel' <Latency = 0> <II = 1> <Delay = 0.22> <FuncUnit> <Opcode : 'select'> <InPorts = 3> <OutPorts = 1>
ST_3 : Operation 67 [1/1] (0.00ns)   --->   "%zext_ln45 = zext i9 %add_ln45_1" [nw.c:45]   --->   Operation 67 'zext' 'zext_ln45' <Predicate = true> <Delay = 0.00>
ST_3 : Operation 68 [1/1] (0.77ns)   --->   "%add_ln45 = add i15 %zext_ln45, i15 %p_shl2_read" [nw.c:45]   --->   Operation 68 'add' 'add_ln45' <Predicate = true> <Delay = 0.77> <CoreInst = "Adder">   --->   Core 1 'Adder' <Latency = 0> <II = 1> <Delay = 0.77> <FuncUnit> <Opcode : 'add' 'sub'> <InPorts = 2> <OutPorts = 1>
ST_3 : Operation 69 [1/1] (0.00ns)   --->   "%zext_ln45_1 = zext i15 %add_ln45" [nw.c:45]   --->   Operation 69 'zext' 'zext_ln45_1' <Predicate = true> <Delay = 0.00>
ST_3 : Operation 70 [1/1] (0.38ns)   --->   "%store_ln43 = store i32 %max, i32 %reuse_reg" [nw.c:43]   --->   Operation 70 'store' 'store_ln43' <Predicate = true> <Delay = 0.38>
ST_3 : Operation 71 [1/1] (0.38ns)   --->   "%store_ln45 = store i64 %zext_ln45_1, i64 %reuse_addr_reg" [nw.c:45]   --->   Operation 71 'store' 'store_ln45' <Predicate = true> <Delay = 0.38>
ST_3 : Operation 72 [1/1] (0.85ns)   --->   "%icmp_ln46 = icmp_eq  i32 %left, i32 %max" [nw.c:46]   --->   Operation 72 'icmp' 'icmp_ln46' <Predicate = true> <Delay = 0.85> <CoreInst = "Cmp">   --->   Core 9 'Cmp' <Latency = 0> <II = 1> <Delay = 0.85> <FuncUnit> <Opcode : 'icmp'> <InPorts = 2> <OutPorts = 1>
ST_3 : Operation 73 [1/1] (0.00ns)   --->   "%ptr_addr = getelementptr i8 %ptr, i64 0, i64 %zext_ln45_1" [nw.c:51]   --->   Operation 73 'getelementptr' 'ptr_addr' <Predicate = true> <Delay = 0.00>
ST_3 : Operation 74 [1/1] (0.85ns)   --->   "%icmp_ln48 = icmp_eq  i32 %max, i32 %up" [nw.c:48]   --->   Operation 74 'icmp' 'icmp_ln48' <Predicate = true> <Delay = 0.85> <CoreInst = "Cmp">   --->   Core 9 'Cmp' <Latency = 0> <II = 1> <Delay = 0.85> <FuncUnit> <Opcode : 'icmp'> <InPorts = 2> <OutPorts = 1>
ST_3 : Operation 75 [1/1] (0.00ns) (grouped into LUT with out node select_ln46_1)   --->   "%select_ln46 = select i1 %icmp_ln46, i7 60, i7 94" [nw.c:46]   --->   Operation 75 'select' 'select_ln46' <Predicate = true> <Delay = 0.00> <CoreInst = "Sel">   --->   Core 73 'Sel' <Latency = 0> <II = 1> <Delay = 0.30> <FuncUnit> <Opcode : 'select'> <InPorts = 3> <OutPorts = 1>
ST_3 : Operation 76 [1/1] (0.00ns) (grouped into LUT with out node select_ln46_1)   --->   "%or_ln46 = or i1 %icmp_ln46, i1 %icmp_ln48" [nw.c:46]   --->   Operation 76 'or' 'or_ln46' <Predicate = true> <Delay = 0.00> <CoreInst = "LogicGate">   --->   Core 74 'LogicGate' <Latency = 0> <II = 1> <Delay = 0.12> <FuncUnit> <Opcode : 'and' 'or' 'xor'> <InPorts = 2> <OutPorts = 1>
ST_3 : Operation 77 [1/1] (0.30ns) (out node of the LUT)   --->   "%select_ln46_1 = select i1 %or_ln46, i7 %select_ln46, i7 92" [nw.c:46]   --->   Operation 77 'select' 'select_ln46_1' <Predicate = true> <Delay = 0.30> <CoreInst = "Sel">   --->   Core 73 'Sel' <Latency = 0> <II = 1> <Delay = 0.30> <FuncUnit> <Opcode : 'select'> <InPorts = 3> <OutPorts = 1>
ST_3 : Operation 78 [1/1] (0.00ns)   --->   "%zext_ln47 = zext i7 %select_ln46_1" [nw.c:47]   --->   Operation 78 'zext' 'zext_ln47' <Predicate = true> <Delay = 0.00>
ST_3 : Operation 79 [1/1] (1.24ns)   --->   "%store_ln47 = store i8 %zext_ln47, i15 %ptr_addr" [nw.c:47]   --->   Operation 79 'store' 'store_ln47' <Predicate = true> <Delay = 1.24> <CoreInst = "RAM">   --->   Core 83 'RAM' <Latency = 1> <II = 1> <Delay = 1.24> <Storage> <Opcode : 'load' 'store'> <Ports = 2> <Width = 8> <Depth = 16641> <RAM>
ST_3 : Operation 80 [1/1] (0.38ns)   --->   "%store_ln29 = store i32 %max, i32 %max_1" [nw.c:29]   --->   Operation 80 'store' 'store_ln29' <Predicate = true> <Delay = 0.38>

State 4 <SV = 3> <Delay = 1.24>
ST_4 : Operation 81 [1/1] (0.00ns)   --->   "%specloopname_ln17 = specloopname void @_ssdm_op_SpecLoopName, void @empty_5" [nw.c:17]   --->   Operation 81 'specloopname' 'specloopname_ln17' <Predicate = true> <Delay = 0.00>
ST_4 : Operation 82 [1/1] (0.00ns)   --->   "%M_addr_2 = getelementptr i32 %M, i64 0, i64 %zext_ln45_1" [nw.c:45]   --->   Operation 82 'getelementptr' 'M_addr_2' <Predicate = true> <Delay = 0.00>
ST_4 : Operation 83 [1/1] (1.24ns)   --->   "%store_ln45 = store i32 %max, i15 %M_addr_2" [nw.c:45]   --->   Operation 83 'store' 'store_ln45' <Predicate = true> <Delay = 1.24> <CoreInst = "RAM">   --->   Core 83 'RAM' <Latency = 1> <II = 1> <Delay = 1.24> <Storage> <Opcode : 'load' 'store'> <Ports = 2> <Width = 32> <Depth = 16641> <RAM>
ST_4 : Operation 84 [1/1] (0.00ns)   --->   "%br_ln29 = br void %for.body16" [nw.c:29]   --->   Operation 84 'br' 'br_ln29' <Predicate = true> <Delay = 0.00>


============================================================
+ Verbose Summary: Binding
============================================================
STG Binding: 
---------------- STG Properties BEGIN ----------------
- Is combinational: 0
- Is one-state seq: 0
- Is datapath-only: 0
- Is pipelined: 0
- Is top level: 0
Port [ Return ] is wired: 1; IO mode=ap_ctrl_hs:ce=0
Port [ M_load]:  wired=1; compound=0; hidden=0; nouse=0; global=0; static=0; extern=0; dir=0; type=0; pingpong=0; private_global=0; IO mode=ap_none:ce=0
Port [ SEQA]:  wired=1; compound=1; hidden=0; nouse=0; global=0; static=0; extern=0; dir=0; type=1; pingpong=0; private_global=0; MemPort=[13]; IO mode=ap_memory:ce=0
Port [ SEQB_load]:  wired=1; compound=0; hidden=0; nouse=0; global=0; static=0; extern=0; dir=0; type=0; pingpong=0; private_global=0; IO mode=ap_none:ce=0
Port [ add_ln39_3]:  wired=1; compound=0; hidden=0; nouse=0; global=0; static=0; extern=0; dir=0; type=0; pingpong=0; private_global=0; IO mode=ap_none:ce=0
Port [ M]:  wired=1; compound=1; hidden=0; nouse=0; global=0; static=0; extern=0; dir=2; type=1; pingpong=0; private_global=0; MemPort=[21]; IO mode=ap_memory:ce=0
Port [ zext_ln29]:  wired=1; compound=0; hidden=0; nouse=0; global=0; static=0; extern=0; dir=0; type=0; pingpong=0; private_global=0; IO mode=ap_none:ce=0
Port [ zext_ln28]:  wired=1; compound=0; hidden=0; nouse=0; global=0; static=0; extern=0; dir=0; type=0; pingpong=0; private_global=0; IO mode=ap_none:ce=0
Port [ p_shl2]:  wired=1; compound=0; hidden=0; nouse=0; global=0; static=0; extern=0; dir=0; type=0; pingpong=0; private_global=0; IO mode=ap_none:ce=0
Port [ ptr]:  wired=1; compound=1; hidden=0; nouse=0; global=0; static=0; extern=0; dir=1; type=1; pingpong=0; private_global=0; MemPort=[03]; IO mode=ap_memory:ce=0
---------------- STG Properties END ------------------

---------------- Datapath Model BEGIN ----------------

<LifeTime>
<method=bitvector/>
reuse_addr_reg      (alloca           ) [ 01110]
reuse_reg           (alloca           ) [ 01110]
a_idx_2             (alloca           ) [ 01100]
max_1               (alloca           ) [ 01110]
p_shl2_read         (read             ) [ 01110]
zext_ln28_read      (read             ) [ 00000]
zext_ln29_read      (read             ) [ 00000]
add_ln39_3_read     (read             ) [ 00000]
SEQB_load_read      (read             ) [ 00100]
M_load_read         (read             ) [ 00000]
zext_ln28_cast      (zext             ) [ 00100]
zext_ln29_cast      (zext             ) [ 00000]
specinterface_ln0   (specinterface    ) [ 00000]
specinterface_ln0   (specinterface    ) [ 00000]
specinterface_ln0   (specinterface    ) [ 00000]
store_ln0           (store            ) [ 00000]
store_ln0           (store            ) [ 00000]
store_ln0           (store            ) [ 00000]
store_ln0           (store            ) [ 00000]
br_ln0              (br               ) [ 00000]
a_idx               (load             ) [ 00100]
specpipeline_ln0    (specpipeline     ) [ 00000]
icmp_ln29           (icmp             ) [ 01100]
empty               (speclooptripcount) [ 00000]
br_ln29             (br               ) [ 00000]
empty_18            (trunc            ) [ 00000]
zext_ln30           (zext             ) [ 00000]
add_ln30            (add              ) [ 00000]
zext_ln30_1         (zext             ) [ 00000]
SEQA_addr           (getelementptr    ) [ 00100]
add_ln39            (add              ) [ 00000]
zext_ln39           (zext             ) [ 00100]
M_addr              (getelementptr    ) [ 00100]
add_ln40            (add              ) [ 00000]
zext_ln40           (zext             ) [ 00000]
M_addr_1            (getelementptr    ) [ 00100]
max_1_load          (load             ) [ 00000]
trunc_ln30_cast12   (zext             ) [ 00000]
SEQA_load           (load             ) [ 00000]
icmp_ln30           (icmp             ) [ 00000]
select_ln39         (select           ) [ 00000]
reuse_reg_load      (load             ) [ 00000]
reuse_addr_reg_load (load             ) [ 00000]
M_load_1            (load             ) [ 00000]
addr_cmp            (icmp             ) [ 00000]
reuse_select        (select           ) [ 00000]
up_left             (add              ) [ 01010]
M_load_2            (load             ) [ 00000]
up                  (add              ) [ 01010]
left                (add              ) [ 01010]
icmp_ln43           (icmp             ) [ 00000]
select_ln43         (select           ) [ 01010]
add_ln45_1          (add              ) [ 01010]
add_ln29            (add              ) [ 00000]
store_ln29          (store            ) [ 00000]
icmp_ln43_1         (icmp             ) [ 00000]
max                 (select           ) [ 00101]
zext_ln45           (zext             ) [ 00000]
add_ln45            (add              ) [ 00000]
zext_ln45_1         (zext             ) [ 00101]
store_ln43          (store            ) [ 00000]
store_ln45          (store            ) [ 00000]
icmp_ln46           (icmp             ) [ 00000]
ptr_addr            (getelementptr    ) [ 00000]
icmp_ln48           (icmp             ) [ 00000]
select_ln46         (select           ) [ 00000]
or_ln46             (or               ) [ 00000]
select_ln46_1       (select           ) [ 00000]
zext_ln47           (zext             ) [ 00000]
store_ln47          (store            ) [ 00000]
store_ln29          (store            ) [ 00000]
specloopname_ln17   (specloopname     ) [ 00000]
M_addr_2            (getelementptr    ) [ 00000]
store_ln45          (store            ) [ 00000]
br_ln29             (br               ) [ 00000]
ret_ln0             (ret              ) [ 00000]
</LifeTime>

<model>

<comp_list>
<comp id="0" class="1000" name="M_load">
<pin_list>
<pin id="1" dir="1" index="0" bw="1" slack="0"/>
</pin_list>
<bind>
<StgValue><ssdm name="M_load"/></StgValue>
</bind>
</comp>

<comp id="2" class="1000" name="SEQA">
<pin_list>
<pin id="3" dir="1" index="0" bw="1" slack="0"/>
</pin_list>
<bind>
<StgValue><ssdm name="SEQA"/><MemPortTyVec>1 3 </MemPortTyVec>
</StgValue>
</bind>
</comp>

<comp id="4" class="1000" name="SEQB_load">
<pin_list>
<pin id="5" dir="1" index="0" bw="1" slack="0"/>
</pin_list>
<bind>
<StgValue><ssdm name="SEQB_load"/></StgValue>
</bind>
</comp>

<comp id="6" class="1000" name="add_ln39_3">
<pin_list>
<pin id="7" dir="1" index="0" bw="1" slack="0"/>
</pin_list>
<bind>
<StgValue><ssdm name="add_ln39_3"/></StgValue>
</bind>
</comp>

<comp id="8" class="1000" name="M">
<pin_list>
<pin id="9" dir="1" index="0" bw="1" slack="0"/>
</pin_list>
<bind>
<StgValue><ssdm name="M"/><MemPortTyVec>2 1 </MemPortTyVec>
</StgValue>
</bind>
</comp>

<comp id="10" class="1000" name="zext_ln29">
<pin_list>
<pin id="11" dir="1" index="0" bw="1" slack="0"/>
</pin_list>
<bind>
<StgValue><ssdm name="zext_ln29"/></StgValue>
</bind>
</comp>

<comp id="12" class="1000" name="zext_ln28">
<pin_list>
<pin id="13" dir="1" index="0" bw="1" slack="0"/>
</pin_list>
<bind>
<StgValue><ssdm name="zext_ln28"/></StgValue>
</bind>
</comp>

<comp id="14" class="1000" name="p_shl2">
<pin_list>
<pin id="15" dir="1" index="0" bw="1" slack="0"/>
</pin_list>
<bind>
<StgValue><ssdm name="p_shl2"/></StgValue>
</bind>
</comp>

<comp id="16" class="1000" name="ptr">
<pin_list>
<pin id="17" dir="1" index="0" bw="1" slack="0"/>
</pin_list>
<bind>
<StgValue><ssdm name="ptr"/><MemPortTyVec>0 3 </MemPortTyVec>
</StgValue>
</bind>
</comp>

<comp id="18" class="1001" name="const_18">
<pin_list>
<pin id="19" dir="1" index="0" bw="1" slack="0"/>
</pin_list>
<bind>
<StgValue><ssdm name=""/></StgValue>
</bind>
</comp>

<comp id="20" class="1001" name="const_20">
<pin_list>
<pin id="21" dir="1" index="0" bw="1" slack="0"/>
</pin_list>
<bind>
<StgValue><ssdm name="_ssdm_op_Read.ap_auto.i15"/></StgValue>
</bind>
</comp>

<comp id="22" class="1001" name="const_22">
<pin_list>
<pin id="23" dir="1" index="0" bw="1" slack="0"/>
</pin_list>
<bind>
<StgValue><ssdm name="_ssdm_op_Read.ap_auto.i8"/></StgValue>
</bind>
</comp>

<comp id="24" class="1001" name="const_24">
<pin_list>
<pin id="25" dir="1" index="0" bw="1" slack="0"/>
</pin_list>
<bind>
<StgValue><ssdm name="_ssdm_op_Read.ap_auto.i14"/></StgValue>
</bind>
</comp>

<comp id="26" class="1001" name="const_26">
<pin_list>
<pin id="27" dir="1" index="0" bw="1" slack="0"/>
</pin_list>
<bind>
<StgValue><ssdm name="_ssdm_op_Read.ap_auto.i32"/></StgValue>
</bind>
</comp>

<comp id="28" class="1001" name="const_28">
<pin_list>
<pin id="29" dir="1" index="0" bw="1" slack="2147483647"/>
</pin_list>
<bind>
<StgValue><ssdm name="_ssdm_op_SpecInterface"/></StgValue>
</bind>
</comp>

<comp id="30" class="1001" name="const_30">
<pin_list>
<pin id="31" dir="1" index="0" bw="1" slack="2147483647"/>
</pin_list>
<bind>
<StgValue><ssdm name="empty"/></StgValue>
</bind>
</comp>

<comp id="32" class="1001" name="const_32">
<pin_list>
<pin id="33" dir="1" index="0" bw="1" slack="0"/>
</pin_list>
<bind>
<StgValue><ssdm name=""/></StgValue>
</bind>
</comp>

<comp id="34" class="1001" name="const_34">
<pin_list>
<pin id="35" dir="1" index="0" bw="1" slack="2147483647"/>
</pin_list>
<bind>
<StgValue><ssdm name="empty_0"/></StgValue>
</bind>
</comp>

<comp id="36" class="1001" name="const_36">
<pin_list>
<pin id="37" dir="1" index="0" bw="1" slack="0"/>
</pin_list>
<bind>
<StgValue><ssdm name=""/></StgValue>
</bind>
</comp>

<comp id="38" class="1001" name="const_38">
<pin_list>
<pin id="39" dir="1" index="0" bw="1" slack="0"/>
</pin_list>
<bind>
<StgValue><ssdm name=""/></StgValue>
</bind>
</comp>

<comp id="40" class="1001" name="const_40">
<pin_list>
<pin id="41" dir="1" index="0" bw="1" slack="0"/>
</pin_list>
<bind>
<StgValue><ssdm name=""/></StgValue>
</bind>
</comp>

<comp id="42" class="1001" name="const_42">
<pin_list>
<pin id="43" dir="1" index="0" bw="1" slack="2147483647"/>
</pin_list>
<bind>
<StgValue><ssdm name="_ssdm_op_SpecPipeline"/></StgValue>
</bind>
</comp>

<comp id="44" class="1001" name="const_44">
<pin_list>
<pin id="45" dir="1" index="0" bw="1" slack="2147483647"/>
</pin_list>
<bind>
<StgValue><ssdm name="p_str"/></StgValue>
</bind>
</comp>

<comp id="46" class="1001" name="const_46">
<pin_list>
<pin id="47" dir="1" index="0" bw="1" slack="0"/>
</pin_list>
<bind>
<StgValue><ssdm name=""/></StgValue>
</bind>
</comp>

<comp id="48" class="1001" name="const_48">
<pin_list>
<pin id="49" dir="1" index="0" bw="1" slack="2147483647"/>
</pin_list>
<bind>
<StgValue><ssdm name="_ssdm_op_SpecLoopTripCount"/></StgValue>
</bind>
</comp>

<comp id="50" class="1001" name="const_50">
<pin_list>
<pin id="51" dir="1" index="0" bw="1" slack="2147483647"/>
</pin_list>
<bind>
<StgValue><ssdm name=""/></StgValue>
</bind>
</comp>

<comp id="52" class="1001" name="const_52">
<pin_list>
<pin id="53" dir="1" index="0" bw="1" slack="0"/>
</pin_list>
<bind>
<StgValue><ssdm name=""/></StgValue>
</bind>
</comp>

<comp id="54" class="1001" name="const_54">
<pin_list>
<pin id="55" dir="1" index="0" bw="1" slack="0"/>
</pin_list>
<bind>
<StgValue><ssdm name=""/></StgValue>
</bind>
</comp>

<comp id="56" class="1001" name="const_56">
<pin_list>
<pin id="57" dir="1" index="0" bw="1" slack="0"/>
</pin_list>
<bind>
<StgValue><ssdm name=""/></StgValue>
</bind>
</comp>

<comp id="58" class="1001" name="const_58">
<pin_list>
<pin id="59" dir="1" index="0" bw="1" slack="0"/>
</pin_list>
<bind>
<StgValue><ssdm name=""/></StgValue>
</bind>
</comp>

<comp id="60" class="1001" name="const_60">
<pin_list>
<pin id="61" dir="1" index="0" bw="1" slack="0"/>
</pin_list>
<bind>
<StgValue><ssdm name=""/></StgValue>
</bind>
</comp>

<comp id="62" class="1001" name="const_62">
<pin_list>
<pin id="63" dir="1" index="0" bw="1" slack="2147483647"/>
</pin_list>
<bind>
<StgValue><ssdm name="_ssdm_op_SpecLoopName"/></StgValue>
</bind>
</comp>

<comp id="64" class="1001" name="const_64">
<pin_list>
<pin id="65" dir="1" index="0" bw="1" slack="2147483647"/>
</pin_list>
<bind>
<StgValue><ssdm name="empty_5"/></StgValue>
</bind>
</comp>

<comp id="66" class="1004" name="reuse_addr_reg_fu_66">
<pin_list>
<pin id="67" dir="0" index="0" bw="1" slack="0"/>
<pin id="68" dir="1" index="1" bw="64" slack="0"/>
</pin_list>
<bind>
<opcode="alloca(26) " fcode="alloca"/>
<opset="reuse_addr_reg/1 "/>
</bind>
</comp>

<comp id="70" class="1004" name="reuse_reg_fu_70">
<pin_list>
<pin id="71" dir="0" index="0" bw="1" slack="0"/>
<pin id="72" dir="1" index="1" bw="32" slack="0"/>
</pin_list>
<bind>
<opcode="alloca(26) " fcode="alloca"/>
<opset="reuse_reg/1 "/>
</bind>
</comp>

<comp id="74" class="1004" name="a_idx_2_fu_74">
<pin_list>
<pin id="75" dir="0" index="0" bw="1" slack="0"/>
<pin id="76" dir="1" index="1" bw="8" slack="0"/>
</pin_list>
<bind>
<opcode="alloca(26) " fcode="alloca"/>
<opset="a_idx_2/1 "/>
</bind>
</comp>

<comp id="78" class="1004" name="max_1_fu_78">
<pin_list>
<pin id="79" dir="0" index="0" bw="1" slack="0"/>
<pin id="80" dir="1" index="1" bw="32" slack="0"/>
</pin_list>
<bind>
<opcode="alloca(26) " fcode="alloca"/>
<opset="max_1/1 "/>
</bind>
</comp>

<comp id="82" class="1004" name="p_shl2_read_read_fu_82">
<pin_list>
<pin id="83" dir="0" index="0" bw="15" slack="0"/>
<pin id="84" dir="0" index="1" bw="15" slack="0"/>
<pin id="85" dir="1" index="2" bw="15" slack="2"/>
</pin_list>
<bind>
<opcode="read(1150) " fcode="read"/>
<opset="p_shl2_read/1 "/>
</bind>
</comp>

<comp id="88" class="1004" name="zext_ln28_read_read_fu_88">
<pin_list>
<pin id="89" dir="0" index="0" bw="8" slack="0"/>
<pin id="90" dir="0" index="1" bw="8" slack="0"/>
<pin id="91" dir="1" index="2" bw="8" slack="0"/>
</pin_list>
<bind>
<opcode="read(1150) " fcode="read"/>
<opset="zext_ln28_read/1 "/>
</bind>
</comp>

<comp id="94" class="1004" name="zext_ln29_read_read_fu_94">
<pin_list>
<pin id="95" dir="0" index="0" bw="14" slack="0"/>
<pin id="96" dir="0" index="1" bw="14" slack="0"/>
<pin id="97" dir="1" index="2" bw="14" slack="0"/>
</pin_list>
<bind>
<opcode="read(1150) " fcode="read"/>
<opset="zext_ln29_read/1 "/>
</bind>
</comp>

<comp id="100" class="1004" name="add_ln39_3_read_read_fu_100">
<pin_list>
<pin id="101" dir="0" index="0" bw="15" slack="0"/>
<pin id="102" dir="0" index="1" bw="15" slack="0"/>
<pin id="103" dir="1" index="2" bw="15" slack="0"/>
</pin_list>
<bind>
<opcode="read(1150) " fcode="read"/>
<opset="add_ln39_3_read/1 "/>
</bind>
</comp>

<comp id="106" class="1004" name="SEQB_load_read_read_fu_106">
<pin_list>
<pin id="107" dir="0" index="0" bw="8" slack="0"/>
<pin id="108" dir="0" index="1" bw="8" slack="0"/>
<pin id="109" dir="1" index="2" bw="8" slack="1"/>
</pin_list>
<bind>
<opcode="read(1150) " fcode="read"/>
<opset="SEQB_load_read/1 "/>
</bind>
</comp>

<comp id="112" class="1004" name="M_load_read_read_fu_112">
<pin_list>
<pin id="113" dir="0" index="0" bw="32" slack="0"/>
<pin id="114" dir="0" index="1" bw="32" slack="0"/>
<pin id="115" dir="1" index="2" bw="32" slack="0"/>
</pin_list>
<bind>
<opcode="read(1150) " fcode="read"/>
<opset="M_load_read/1 "/>
</bind>
</comp>

<comp id="118" class="1004" name="SEQA_addr_gep_fu_118">
<pin_list>
<pin id="119" dir="0" index="0" bw="8" slack="0"/>
<pin id="120" dir="0" index="1" bw="1" slack="0"/>
<pin id="121" dir="0" index="2" bw="7" slack="0"/>
<pin id="122" dir="1" index="3" bw="7" slack="0"/>
</pin_list>
<bind>
<opcode="getelementptr(29) " fcode="getelementptr"/>
<opset="SEQA_addr/1 "/>
</bind>
</comp>

<comp id="125" class="1004" name="grp_access_fu_125">
<pin_list>
<pin id="126" dir="0" index="0" bw="7" slack="0"/>
<pin id="127" dir="0" index="1" bw="8" slack="2147483647"/>
<pin id="128" dir="0" index="2" bw="0" slack="2147483647"/>
<pin id="129" dir="1" index="3" bw="8" slack="0"/>
</pin_list>
<bind>
<opcode="load(27) " fcode="load"/>
<opset="SEQA_load/1 "/>
</bind>
</comp>

<comp id="131" class="1004" name="M_addr_gep_fu_131">
<pin_list>
<pin id="132" dir="0" index="0" bw="32" slack="0"/>
<pin id="133" dir="0" index="1" bw="1" slack="0"/>
<pin id="134" dir="0" index="2" bw="15" slack="0"/>
<pin id="135" dir="1" index="3" bw="15" slack="0"/>
</pin_list>
<bind>
<opcode="getelementptr(29) " fcode="getelementptr"/>
<opset="M_addr/1 "/>
</bind>
</comp>

<comp id="138" class="1004" name="grp_access_fu_138">
<pin_list>
<pin id="139" dir="0" index="0" bw="15" slack="0"/>
<pin id="140" dir="0" index="1" bw="32" slack="1"/>
<pin id="141" dir="0" index="2" bw="0" slack="0"/>
<pin id="143" dir="0" index="4" bw="15" slack="2147483647"/>
<pin id="144" dir="0" index="5" bw="32" slack="2147483647"/>
<pin id="145" dir="0" index="6" bw="0" slack="2147483647"/>
<pin id="142" dir="1" index="3" bw="32" slack="0"/>
<pin id="146" dir="1" index="7" bw="32" slack="0"/>
</pin_list>
<bind>
<opcode="load(27) store(28) " fcode="store"/>
<opset="M_load_1/1 M_load_2/1 store_ln45/4 "/>
</bind>
</comp>

<comp id="148" class="1004" name="M_addr_1_gep_fu_148">
<pin_list>
<pin id="149" dir="0" index="0" bw="32" slack="0"/>
<pin id="150" dir="0" index="1" bw="1" slack="0"/>
<pin id="151" dir="0" index="2" bw="15" slack="0"/>
<pin id="152" dir="1" index="3" bw="15" slack="0"/>
</pin_list>
<bind>
<opcode="getelementptr(29) " fcode="getelementptr"/>
<opset="M_addr_1/1 "/>
</bind>
</comp>

<comp id="156" class="1004" name="ptr_addr_gep_fu_156">
<pin_list>
<pin id="157" dir="0" index="0" bw="8" slack="0"/>
<pin id="158" dir="0" index="1" bw="1" slack="0"/>
<pin id="159" dir="0" index="2" bw="15" slack="0"/>
<pin id="160" dir="1" index="3" bw="15" slack="0"/>
</pin_list>
<bind>
<opcode="getelementptr(29) " fcode="getelementptr"/>
<opset="ptr_addr/3 "/>
</bind>
</comp>

<comp id="163" class="1004" name="store_ln47_access_fu_163">
<pin_list>
<pin id="164" dir="0" index="0" bw="15" slack="0"/>
<pin id="165" dir="0" index="1" bw="8" slack="0"/>
<pin id="166" dir="0" index="2" bw="0" slack="2147483647"/>
<pin id="167" dir="1" index="3" bw="8" slack="2147483647"/>
</pin_list>
<bind>
<opcode="store(28) " fcode="store"/>
<opset="store_ln47/3 "/>
</bind>
</comp>

<comp id="169" class="1004" name="M_addr_2_gep_fu_169">
<pin_list>
<pin id="170" dir="0" index="0" bw="32" slack="0"/>
<pin id="171" dir="0" index="1" bw="1" slack="0"/>
<pin id="172" dir="0" index="2" bw="15" slack="1"/>
<pin id="173" dir="1" index="3" bw="15" slack="0"/>
</pin_list>
<bind>
<opcode="getelementptr(29) " fcode="getelementptr"/>
<opset="M_addr_2/4 "/>
</bind>
</comp>

<comp id="177" class="1004" name="zext_ln28_cast_fu_177">
<pin_list>
<pin id="178" dir="0" index="0" bw="8" slack="0"/>
<pin id="179" dir="1" index="1" bw="9" slack="1"/>
</pin_list>
<bind>
<opcode="zext(34) " fcode="zext"/>
<opset="zext_ln28_cast/1 "/>
</bind>
</comp>

<comp id="181" class="1004" name="zext_ln29_cast_fu_181">
<pin_list>
<pin id="182" dir="0" index="0" bw="14" slack="0"/>
<pin id="183" dir="1" index="1" bw="15" slack="0"/>
</pin_list>
<bind>
<opcode="zext(34) " fcode="zext"/>
<opset="zext_ln29_cast/1 "/>
</bind>
</comp>

<comp id="185" class="1004" name="store_ln0_store_fu_185">
<pin_list>
<pin id="186" dir="0" index="0" bw="32" slack="0"/>
<pin id="187" dir="0" index="1" bw="32" slack="0"/>
<pin id="188" dir="1" index="2" bw="0" slack="2147483647"/>
</pin_list>
<bind>
<opcode="store(28) " fcode="store"/>
<opset="store_ln0/1 "/>
</bind>
</comp>

<comp id="190" class="1004" name="store_ln0_store_fu_190">
<pin_list>
<pin id="191" dir="0" index="0" bw="1" slack="0"/>
<pin id="192" dir="0" index="1" bw="8" slack="0"/>
<pin id="193" dir="1" index="2" bw="0" slack="2147483647"/>
</pin_list>
<bind>
<opcode="store(28) " fcode="store"/>
<opset="store_ln0/1 "/>
</bind>
</comp>

<comp id="195" class="1004" name="store_ln0_store_fu_195">
<pin_list>
<pin id="196" dir="0" index="0" bw="1" slack="0"/>
<pin id="197" dir="0" index="1" bw="32" slack="0"/>
<pin id="198" dir="1" index="2" bw="0" slack="2147483647"/>
</pin_list>
<bind>
<opcode="store(28) " fcode="store"/>
<opset="store_ln0/1 "/>
</bind>
</comp>

<comp id="200" class="1004" name="store_ln0_store_fu_200">
<pin_list>
<pin id="201" dir="0" index="0" bw="1" slack="0"/>
<pin id="202" dir="0" index="1" bw="64" slack="0"/>
<pin id="203" dir="1" index="2" bw="0" slack="2147483647"/>
</pin_list>
<bind>
<opcode="store(28) " fcode="store"/>
<opset="store_ln0/1 "/>
</bind>
</comp>

<comp id="205" class="1004" name="a_idx_load_fu_205">
<pin_list>
<pin id="206" dir="0" index="0" bw="8" slack="0"/>
<pin id="207" dir="1" index="1" bw="8" slack="0"/>
</pin_list>
<bind>
<opcode="load(27) " fcode="load"/>
<opset="a_idx/1 "/>
</bind>
</comp>

<comp id="208" class="1004" name="icmp_ln29_fu_208">
<pin_list>
<pin id="209" dir="0" index="0" bw="8" slack="0"/>
<pin id="210" dir="0" index="1" bw="8" slack="0"/>
<pin id="211" dir="1" index="2" bw="1" slack="1"/>
</pin_list>
<bind>
<opcode="icmp(45) " fcode="icmp"/>
<opset="icmp_ln29/1 "/>
</bind>
</comp>

<comp id="214" class="1004" name="empty_18_fu_214">
<pin_list>
<pin id="215" dir="0" index="0" bw="8" slack="0"/>
<pin id="216" dir="1" index="1" bw="7" slack="0"/>
</pin_list>
<bind>
<opcode="trunc(33) " fcode="trunc"/>
<opset="empty_18/1 "/>
</bind>
</comp>

<comp id="218" class="1004" name="zext_ln30_fu_218">
<pin_list>
<pin id="219" dir="0" index="0" bw="8" slack="0"/>
<pin id="220" dir="1" index="1" bw="15" slack="0"/>
</pin_list>
<bind>
<opcode="zext(34) " fcode="zext"/>
<opset="zext_ln30/1 "/>
</bind>
</comp>

<comp id="222" class="1004" name="add_ln30_fu_222">
<pin_list>
<pin id="223" dir="0" index="0" bw="7" slack="0"/>
<pin id="224" dir="0" index="1" bw="1" slack="0"/>
<pin id="225" dir="1" index="2" bw="7" slack="0"/>
</pin_list>
<bind>
<opcode="add(8) " fcode="add"/>
<opset="add_ln30/1 "/>
</bind>
</comp>

<comp id="228" class="1004" name="zext_ln30_1_fu_228">
<pin_list>
<pin id="229" dir="0" index="0" bw="7" slack="0"/>
<pin id="230" dir="1" index="1" bw="64" slack="0"/>
</pin_list>
<bind>
<opcode="zext(34) " fcode="zext"/>
<opset="zext_ln30_1/1 "/>
</bind>
</comp>

<comp id="233" class="1004" name="add_ln39_fu_233">
<pin_list>
<pin id="234" dir="0" index="0" bw="15" slack="0"/>
<pin id="235" dir="0" index="1" bw="8" slack="0"/>
<pin id="236" dir="1" index="2" bw="15" slack="0"/>
</pin_list>
<bind>
<opcode="add(8) " fcode="add"/>
<opset="add_ln39/1 "/>
</bind>
</comp>

<comp id="239" class="1004" name="zext_ln39_fu_239">
<pin_list>
<pin id="240" dir="0" index="0" bw="15" slack="0"/>
<pin id="241" dir="1" index="1" bw="64" slack="0"/>
</pin_list>
<bind>
<opcode="zext(34) " fcode="zext"/>
<opset="zext_ln39/1 "/>
</bind>
</comp>

<comp id="244" class="1004" name="add_ln40_fu_244">
<pin_list>
<pin id="245" dir="0" index="0" bw="8" slack="0"/>
<pin id="246" dir="0" index="1" bw="14" slack="0"/>
<pin id="247" dir="1" index="2" bw="15" slack="0"/>
</pin_list>
<bind>
<opcode="add(8) " fcode="add"/>
<opset="add_ln40/1 "/>
</bind>
</comp>

<comp id="250" class="1004" name="zext_ln40_fu_250">
<pin_list>
<pin id="251" dir="0" index="0" bw="15" slack="0"/>
<pin id="252" dir="1" index="1" bw="64" slack="0"/>
</pin_list>
<bind>
<opcode="zext(34) " fcode="zext"/>
<opset="zext_ln40/1 "/>
</bind>
</comp>

<comp id="255" class="1004" name="max_1_load_load_fu_255">
<pin_list>
<pin id="256" dir="0" index="0" bw="32" slack="1"/>
<pin id="257" dir="1" index="1" bw="32" slack="0"/>
</pin_list>
<bind>
<opcode="load(27) " fcode="load"/>
<opset="max_1_load/2 "/>
</bind>
</comp>

<comp id="258" class="1004" name="trunc_ln30_cast12_fu_258">
<pin_list>
<pin id="259" dir="0" index="0" bw="8" slack="1"/>
<pin id="260" dir="1" index="1" bw="9" slack="0"/>
</pin_list>
<bind>
<opcode="zext(34) " fcode="zext"/>
<opset="trunc_ln30_cast12/2 "/>
</bind>
</comp>

<comp id="261" class="1004" name="icmp_ln30_fu_261">
<pin_list>
<pin id="262" dir="0" index="0" bw="8" slack="0"/>
<pin id="263" dir="0" index="1" bw="8" slack="1"/>
<pin id="264" dir="1" index="2" bw="1" slack="0"/>
</pin_list>
<bind>
<opcode="icmp(45) " fcode="icmp"/>
<opset="icmp_ln30/2 "/>
</bind>
</comp>

<comp id="266" class="1004" name="select_ln39_fu_266">
<pin_list>
<pin id="267" dir="0" index="0" bw="1" slack="0"/>
<pin id="268" dir="0" index="1" bw="1" slack="0"/>
<pin id="269" dir="0" index="2" bw="1" slack="0"/>
<pin id="270" dir="1" index="3" bw="32" slack="0"/>
</pin_list>
<bind>
<opcode="select(49) " fcode="select"/>
<opset="select_ln39/2 "/>
</bind>
</comp>

<comp id="274" class="1004" name="reuse_reg_load_load_fu_274">
<pin_list>
<pin id="275" dir="0" index="0" bw="32" slack="1"/>
<pin id="276" dir="1" index="1" bw="32" slack="0"/>
</pin_list>
<bind>
<opcode="load(27) " fcode="load"/>
<opset="reuse_reg_load/2 "/>
</bind>
</comp>

<comp id="277" class="1004" name="reuse_addr_reg_load_load_fu_277">
<pin_list>
<pin id="278" dir="0" index="0" bw="64" slack="1"/>
<pin id="279" dir="1" index="1" bw="64" slack="0"/>
</pin_list>
<bind>
<opcode="load(27) " fcode="load"/>
<opset="reuse_addr_reg_load/2 "/>
</bind>
</comp>

<comp id="280" class="1004" name="addr_cmp_fu_280">
<pin_list>
<pin id="281" dir="0" index="0" bw="64" slack="0"/>
<pin id="282" dir="0" index="1" bw="15" slack="1"/>
<pin id="283" dir="1" index="2" bw="1" slack="0"/>
</pin_list>
<bind>
<opcode="icmp(45) " fcode="icmp"/>
<opset="addr_cmp/2 "/>
</bind>
</comp>

<comp id="285" class="1004" name="reuse_select_fu_285">
<pin_list>
<pin id="286" dir="0" index="0" bw="1" slack="0"/>
<pin id="287" dir="0" index="1" bw="32" slack="0"/>
<pin id="288" dir="0" index="2" bw="32" slack="0"/>
<pin id="289" dir="1" index="3" bw="32" slack="0"/>
</pin_list>
<bind>
<opcode="select(49) " fcode="select"/>
<opset="reuse_select/2 "/>
</bind>
</comp>

<comp id="293" class="1004" name="up_left_fu_293">
<pin_list>
<pin id="294" dir="0" index="0" bw="32" slack="0"/>
<pin id="295" dir="0" index="1" bw="32" slack="0"/>
<pin id="296" dir="1" index="2" bw="32" slack="1"/>
</pin_list>
<bind>
<opcode="add(8) " fcode="add"/>
<opset="up_left/2 "/>
</bind>
</comp>

<comp id="299" class="1004" name="up_fu_299">
<pin_list>
<pin id="300" dir="0" index="0" bw="32" slack="0"/>
<pin id="301" dir="0" index="1" bw="1" slack="0"/>
<pin id="302" dir="1" index="2" bw="32" slack="0"/>
</pin_list>
<bind>
<opcode="add(8) " fcode="add"/>
<opset="up/2 "/>
</bind>
</comp>

<comp id="305" class="1004" name="left_fu_305">
<pin_list>
<pin id="306" dir="0" index="0" bw="32" slack="0"/>
<pin id="307" dir="0" index="1" bw="1" slack="0"/>
<pin id="308" dir="1" index="2" bw="32" slack="0"/>
</pin_list>
<bind>
<opcode="add(8) " fcode="add"/>
<opset="left/2 "/>
</bind>
</comp>

<comp id="311" class="1004" name="icmp_ln43_fu_311">
<pin_list>
<pin id="312" dir="0" index="0" bw="32" slack="0"/>
<pin id="313" dir="0" index="1" bw="32" slack="0"/>
<pin id="314" dir="1" index="2" bw="1" slack="0"/>
</pin_list>
<bind>
<opcode="icmp(45) " fcode="icmp"/>
<opset="icmp_ln43/2 "/>
</bind>
</comp>

<comp id="317" class="1004" name="select_ln43_fu_317">
<pin_list>
<pin id="318" dir="0" index="0" bw="1" slack="0"/>
<pin id="319" dir="0" index="1" bw="32" slack="0"/>
<pin id="320" dir="0" index="2" bw="32" slack="0"/>
<pin id="321" dir="1" index="3" bw="32" slack="1"/>
</pin_list>
<bind>
<opcode="select(49) " fcode="select"/>
<opset="select_ln43/2 "/>
</bind>
</comp>

<comp id="325" class="1004" name="add_ln45_1_fu_325">
<pin_list>
<pin id="326" dir="0" index="0" bw="8" slack="1"/>
<pin id="327" dir="0" index="1" bw="8" slack="0"/>
<pin id="328" dir="1" index="2" bw="9" slack="1"/>
</pin_list>
<bind>
<opcode="add(8) " fcode="add"/>
<opset="add_ln45_1/2 "/>
</bind>
</comp>

<comp id="330" class="1004" name="add_ln29_fu_330">
<pin_list>
<pin id="331" dir="0" index="0" bw="8" slack="1"/>
<pin id="332" dir="0" index="1" bw="1" slack="0"/>
<pin id="333" dir="1" index="2" bw="8" slack="0"/>
</pin_list>
<bind>
<opcode="add(8) " fcode="add"/>
<opset="add_ln29/2 "/>
</bind>
</comp>

<comp id="335" class="1004" name="store_ln29_store_fu_335">
<pin_list>
<pin id="336" dir="0" index="0" bw="8" slack="0"/>
<pin id="337" dir="0" index="1" bw="8" slack="1"/>
<pin id="338" dir="1" index="2" bw="0" slack="2147483647"/>
</pin_list>
<bind>
<opcode="store(28) " fcode="store"/>
<opset="store_ln29/2 "/>
</bind>
</comp>

<comp id="340" class="1004" name="icmp_ln43_1_fu_340">
<pin_list>
<pin id="341" dir="0" index="0" bw="32" slack="1"/>
<pin id="342" dir="0" index="1" bw="32" slack="1"/>
<pin id="343" dir="1" index="2" bw="1" slack="0"/>
</pin_list>
<bind>
<opcode="icmp(45) " fcode="icmp"/>
<opset="icmp_ln43_1/3 "/>
</bind>
</comp>

<comp id="344" class="1004" name="max_fu_344">
<pin_list>
<pin id="345" dir="0" index="0" bw="1" slack="0"/>
<pin id="346" dir="0" index="1" bw="32" slack="1"/>
<pin id="347" dir="0" index="2" bw="32" slack="1"/>
<pin id="348" dir="1" index="3" bw="32" slack="0"/>
</pin_list>
<bind>
<opcode="select(49) " fcode="select"/>
<opset="max/3 "/>
</bind>
</comp>

<comp id="350" class="1004" name="zext_ln45_fu_350">
<pin_list>
<pin id="351" dir="0" index="0" bw="9" slack="1"/>
<pin id="352" dir="1" index="1" bw="15" slack="0"/>
</pin_list>
<bind>
<opcode="zext(34) " fcode="zext"/>
<opset="zext_ln45/3 "/>
</bind>
</comp>

<comp id="353" class="1004" name="add_ln45_fu_353">
<pin_list>
<pin id="354" dir="0" index="0" bw="9" slack="0"/>
<pin id="355" dir="0" index="1" bw="15" slack="2"/>
<pin id="356" dir="1" index="2" bw="15" slack="0"/>
</pin_list>
<bind>
<opcode="add(8) " fcode="add"/>
<opset="add_ln45/3 "/>
</bind>
</comp>

<comp id="358" class="1004" name="zext_ln45_1_fu_358">
<pin_list>
<pin id="359" dir="0" index="0" bw="15" slack="0"/>
<pin id="360" dir="1" index="1" bw="64" slack="0"/>
</pin_list>
<bind>
<opcode="zext(34) " fcode="zext"/>
<opset="zext_ln45_1/3 "/>
</bind>
</comp>

<comp id="363" class="1004" name="store_ln43_store_fu_363">
<pin_list>
<pin id="364" dir="0" index="0" bw="32" slack="0"/>
<pin id="365" dir="0" index="1" bw="32" slack="2"/>
<pin id="366" dir="1" index="2" bw="0" slack="2147483647"/>
</pin_list>
<bind>
<opcode="store(28) " fcode="store"/>
<opset="store_ln43/3 "/>
</bind>
</comp>

<comp id="368" class="1004" name="store_ln45_store_fu_368">
<pin_list>
<pin id="369" dir="0" index="0" bw="15" slack="0"/>
<pin id="370" dir="0" index="1" bw="64" slack="2"/>
<pin id="371" dir="1" index="2" bw="0" slack="2147483647"/>
</pin_list>
<bind>
<opcode="store(28) " fcode="store"/>
<opset="store_ln45/3 "/>
</bind>
</comp>

<comp id="373" class="1004" name="icmp_ln46_fu_373">
<pin_list>
<pin id="374" dir="0" index="0" bw="32" slack="1"/>
<pin id="375" dir="0" index="1" bw="32" slack="0"/>
<pin id="376" dir="1" index="2" bw="1" slack="0"/>
</pin_list>
<bind>
<opcode="icmp(45) " fcode="icmp"/>
<opset="icmp_ln46/3 "/>
</bind>
</comp>

<comp id="378" class="1004" name="icmp_ln48_fu_378">
<pin_list>
<pin id="379" dir="0" index="0" bw="32" slack="0"/>
<pin id="380" dir="0" index="1" bw="32" slack="1"/>
<pin id="381" dir="1" index="2" bw="1" slack="0"/>
</pin_list>
<bind>
<opcode="icmp(45) " fcode="icmp"/>
<opset="icmp_ln48/3 "/>
</bind>
</comp>

<comp id="383" class="1004" name="select_ln46_fu_383">
<pin_list>
<pin id="384" dir="0" index="0" bw="1" slack="0"/>
<pin id="385" dir="0" index="1" bw="7" slack="0"/>
<pin id="386" dir="0" index="2" bw="7" slack="0"/>
<pin id="387" dir="1" index="3" bw="7" slack="0"/>
</pin_list>
<bind>
<opcode="select(49) " fcode="select"/>
<opset="select_ln46/3 "/>
</bind>
</comp>

<comp id="391" class="1004" name="or_ln46_fu_391">
<pin_list>
<pin id="392" dir="0" index="0" bw="1" slack="0"/>
<pin id="393" dir="0" index="1" bw="1" slack="0"/>
<pin id="394" dir="1" index="2" bw="1" slack="0"/>
</pin_list>
<bind>
<opcode="or(24) " fcode="or"/>
<opset="or_ln46/3 "/>
</bind>
</comp>

<comp id="397" class="1004" name="select_ln46_1_fu_397">
<pin_list>
<pin id="398" dir="0" index="0" bw="1" slack="0"/>
<pin id="399" dir="0" index="1" bw="7" slack="0"/>
<pin id="400" dir="0" index="2" bw="7" slack="0"/>
<pin id="401" dir="1" index="3" bw="7" slack="0"/>
</pin_list>
<bind>
<opcode="select(49) " fcode="select"/>
<opset="select_ln46_1/3 "/>
</bind>
</comp>

<comp id="405" class="1004" name="zext_ln47_fu_405">
<pin_list>
<pin id="406" dir="0" index="0" bw="7" slack="0"/>
<pin id="407" dir="1" index="1" bw="8" slack="0"/>
</pin_list>
<bind>
<opcode="zext(34) " fcode="zext"/>
<opset="zext_ln47/3 "/>
</bind>
</comp>

<comp id="410" class="1004" name="store_ln29_store_fu_410">
<pin_list>
<pin id="411" dir="0" index="0" bw="32" slack="0"/>
<pin id="412" dir="0" index="1" bw="32" slack="2"/>
<pin id="413" dir="1" index="2" bw="0" slack="2147483647"/>
</pin_list>
<bind>
<opcode="store(28) " fcode="store"/>
<opset="store_ln29/3 "/>
</bind>
</comp>

<comp id="415" class="1005" name="reuse_addr_reg_reg_415">
<pin_list>
<pin id="416" dir="0" index="0" bw="64" slack="0"/>
<pin id="417" dir="1" index="1" bw="64" slack="0"/>
</pin_list>
<bind>
<opset="reuse_addr_reg "/>
</bind>
</comp>

<comp id="422" class="1005" name="reuse_reg_reg_422">
<pin_list>
<pin id="423" dir="0" index="0" bw="32" slack="0"/>
<pin id="424" dir="1" index="1" bw="32" slack="0"/>
</pin_list>
<bind>
<opset="reuse_reg "/>
</bind>
</comp>

<comp id="429" class="1005" name="a_idx_2_reg_429">
<pin_list>
<pin id="430" dir="0" index="0" bw="8" slack="0"/>
<pin id="431" dir="1" index="1" bw="8" slack="0"/>
</pin_list>
<bind>
<opset="a_idx_2 "/>
</bind>
</comp>

<comp id="436" class="1005" name="max_1_reg_436">
<pin_list>
<pin id="437" dir="0" index="0" bw="32" slack="0"/>
<pin id="438" dir="1" index="1" bw="32" slack="0"/>
</pin_list>
<bind>
<opset="max_1 "/>
</bind>
</comp>

<comp id="443" class="1005" name="p_shl2_read_reg_443">
<pin_list>
<pin id="444" dir="0" index="0" bw="15" slack="2"/>
<pin id="445" dir="1" index="1" bw="15" slack="2"/>
</pin_list>
<bind>
<opset="p_shl2_read "/>
</bind>
</comp>

<comp id="448" class="1005" name="SEQB_load_read_reg_448">
<pin_list>
<pin id="449" dir="0" index="0" bw="8" slack="1"/>
<pin id="450" dir="1" index="1" bw="8" slack="1"/>
</pin_list>
<bind>
<opset="SEQB_load_read "/>
</bind>
</comp>

<comp id="453" class="1005" name="zext_ln28_cast_reg_453">
<pin_list>
<pin id="454" dir="0" index="0" bw="9" slack="1"/>
<pin id="455" dir="1" index="1" bw="9" slack="1"/>
</pin_list>
<bind>
<opset="zext_ln28_cast "/>
</bind>
</comp>

<comp id="458" class="1005" name="a_idx_reg_458">
<pin_list>
<pin id="459" dir="0" index="0" bw="8" slack="1"/>
<pin id="460" dir="1" index="1" bw="8" slack="1"/>
</pin_list>
<bind>
<opset="a_idx "/>
</bind>
</comp>

<comp id="464" class="1005" name="icmp_ln29_reg_464">
<pin_list>
<pin id="465" dir="0" index="0" bw="1" slack="1"/>
<pin id="466" dir="1" index="1" bw="1" slack="2147483647"/>
</pin_list>
<bind>
<opset="icmp_ln29 "/>
</bind>
</comp>

<comp id="468" class="1005" name="SEQA_addr_reg_468">
<pin_list>
<pin id="469" dir="0" index="0" bw="7" slack="1"/>
<pin id="470" dir="1" index="1" bw="7" slack="1"/>
</pin_list>
<bind>
<opset="SEQA_addr "/>
</bind>
</comp>

<comp id="473" class="1005" name="zext_ln39_reg_473">
<pin_list>
<pin id="474" dir="0" index="0" bw="64" slack="1"/>
<pin id="475" dir="1" index="1" bw="64" slack="1"/>
</pin_list>
<bind>
<opset="zext_ln39 "/>
</bind>
</comp>

<comp id="478" class="1005" name="M_addr_reg_478">
<pin_list>
<pin id="479" dir="0" index="0" bw="15" slack="1"/>
<pin id="480" dir="1" index="1" bw="15" slack="1"/>
</pin_list>
<bind>
<opset="M_addr "/>
</bind>
</comp>

<comp id="483" class="1005" name="M_addr_1_reg_483">
<pin_list>
<pin id="484" dir="0" index="0" bw="15" slack="1"/>
<pin id="485" dir="1" index="1" bw="15" slack="1"/>
</pin_list>
<bind>
<opset="M_addr_1 "/>
</bind>
</comp>

<comp id="488" class="1005" name="up_left_reg_488">
<pin_list>
<pin id="489" dir="0" index="0" bw="32" slack="1"/>
<pin id="490" dir="1" index="1" bw="32" slack="1"/>
</pin_list>
<bind>
<opset="up_left "/>
</bind>
</comp>

<comp id="494" class="1005" name="up_reg_494">
<pin_list>
<pin id="495" dir="0" index="0" bw="32" slack="1"/>
<pin id="496" dir="1" index="1" bw="32" slack="1"/>
</pin_list>
<bind>
<opset="up "/>
</bind>
</comp>

<comp id="499" class="1005" name="left_reg_499">
<pin_list>
<pin id="500" dir="0" index="0" bw="32" slack="1"/>
<pin id="501" dir="1" index="1" bw="32" slack="1"/>
</pin_list>
<bind>
<opset="left "/>
</bind>
</comp>

<comp id="504" class="1005" name="select_ln43_reg_504">
<pin_list>
<pin id="505" dir="0" index="0" bw="32" slack="1"/>
<pin id="506" dir="1" index="1" bw="32" slack="1"/>
</pin_list>
<bind>
<opset="select_ln43 "/>
</bind>
</comp>

<comp id="510" class="1005" name="add_ln45_1_reg_510">
<pin_list>
<pin id="511" dir="0" index="0" bw="9" slack="1"/>
<pin id="512" dir="1" index="1" bw="9" slack="1"/>
</pin_list>
<bind>
<opset="add_ln45_1 "/>
</bind>
</comp>

<comp id="515" class="1005" name="max_reg_515">
<pin_list>
<pin id="516" dir="0" index="0" bw="32" slack="1"/>
<pin id="517" dir="1" index="1" bw="32" slack="1"/>
</pin_list>
<bind>
<opset="max "/>
</bind>
</comp>

<comp id="520" class="1005" name="zext_ln45_1_reg_520">
<pin_list>
<pin id="521" dir="0" index="0" bw="64" slack="1"/>
<pin id="522" dir="1" index="1" bw="64" slack="1"/>
</pin_list>
<bind>
<opset="zext_ln45_1 "/>
</bind>
</comp>

</comp_list>

<net_list>
<net id="69"><net_src comp="18" pin="0"/><net_sink comp="66" pin=0"/></net>

<net id="73"><net_src comp="18" pin="0"/><net_sink comp="70" pin=0"/></net>

<net id="77"><net_src comp="18" pin="0"/><net_sink comp="74" pin=0"/></net>

<net id="81"><net_src comp="18" pin="0"/><net_sink comp="78" pin=0"/></net>

<net id="86"><net_src comp="20" pin="0"/><net_sink comp="82" pin=0"/></net>

<net id="87"><net_src comp="14" pin="0"/><net_sink comp="82" pin=1"/></net>

<net id="92"><net_src comp="22" pin="0"/><net_sink comp="88" pin=0"/></net>

<net id="93"><net_src comp="12" pin="0"/><net_sink comp="88" pin=1"/></net>

<net id="98"><net_src comp="24" pin="0"/><net_sink comp="94" pin=0"/></net>

<net id="99"><net_src comp="10" pin="0"/><net_sink comp="94" pin=1"/></net>

<net id="104"><net_src comp="20" pin="0"/><net_sink comp="100" pin=0"/></net>

<net id="105"><net_src comp="6" pin="0"/><net_sink comp="100" pin=1"/></net>

<net id="110"><net_src comp="22" pin="0"/><net_sink comp="106" pin=0"/></net>

<net id="111"><net_src comp="4" pin="0"/><net_sink comp="106" pin=1"/></net>

<net id="116"><net_src comp="26" pin="0"/><net_sink comp="112" pin=0"/></net>

<net id="117"><net_src comp="0" pin="0"/><net_sink comp="112" pin=1"/></net>

<net id="123"><net_src comp="2" pin="0"/><net_sink comp="118" pin=0"/></net>

<net id="124"><net_src comp="54" pin="0"/><net_sink comp="118" pin=1"/></net>

<net id="130"><net_src comp="118" pin="3"/><net_sink comp="125" pin=0"/></net>

<net id="136"><net_src comp="8" pin="0"/><net_sink comp="131" pin=0"/></net>

<net id="137"><net_src comp="54" pin="0"/><net_sink comp="131" pin=1"/></net>

<net id="147"><net_src comp="131" pin="3"/><net_sink comp="138" pin=2"/></net>

<net id="153"><net_src comp="8" pin="0"/><net_sink comp="148" pin=0"/></net>

<net id="154"><net_src comp="54" pin="0"/><net_sink comp="148" pin=1"/></net>

<net id="155"><net_src comp="148" pin="3"/><net_sink comp="138" pin=0"/></net>

<net id="161"><net_src comp="16" pin="0"/><net_sink comp="156" pin=0"/></net>

<net id="162"><net_src comp="54" pin="0"/><net_sink comp="156" pin=1"/></net>

<net id="168"><net_src comp="156" pin="3"/><net_sink comp="163" pin=0"/></net>

<net id="174"><net_src comp="8" pin="0"/><net_sink comp="169" pin=0"/></net>

<net id="175"><net_src comp="54" pin="0"/><net_sink comp="169" pin=1"/></net>

<net id="176"><net_src comp="169" pin="3"/><net_sink comp="138" pin=0"/></net>

<net id="180"><net_src comp="88" pin="2"/><net_sink comp="177" pin=0"/></net>

<net id="184"><net_src comp="94" pin="2"/><net_sink comp="181" pin=0"/></net>

<net id="189"><net_src comp="112" pin="2"/><net_sink comp="185" pin=0"/></net>

<net id="194"><net_src comp="38" pin="0"/><net_sink comp="190" pin=0"/></net>

<net id="199"><net_src comp="32" pin="0"/><net_sink comp="195" pin=0"/></net>

<net id="204"><net_src comp="40" pin="0"/><net_sink comp="200" pin=0"/></net>

<net id="212"><net_src comp="205" pin="1"/><net_sink comp="208" pin=0"/></net>

<net id="213"><net_src comp="46" pin="0"/><net_sink comp="208" pin=1"/></net>

<net id="217"><net_src comp="205" pin="1"/><net_sink comp="214" pin=0"/></net>

<net id="221"><net_src comp="205" pin="1"/><net_sink comp="218" pin=0"/></net>

<net id="226"><net_src comp="214" pin="1"/><net_sink comp="222" pin=0"/></net>

<net id="227"><net_src comp="52" pin="0"/><net_sink comp="222" pin=1"/></net>

<net id="231"><net_src comp="222" pin="2"/><net_sink comp="228" pin=0"/></net>

<net id="232"><net_src comp="228" pin="1"/><net_sink comp="118" pin=2"/></net>

<net id="237"><net_src comp="100" pin="2"/><net_sink comp="233" pin=0"/></net>

<net id="238"><net_src comp="218" pin="1"/><net_sink comp="233" pin=1"/></net>

<net id="242"><net_src comp="233" pin="2"/><net_sink comp="239" pin=0"/></net>

<net id="243"><net_src comp="239" pin="1"/><net_sink comp="131" pin=2"/></net>

<net id="248"><net_src comp="218" pin="1"/><net_sink comp="244" pin=0"/></net>

<net id="249"><net_src comp="181" pin="1"/><net_sink comp="244" pin=1"/></net>

<net id="253"><net_src comp="244" pin="2"/><net_sink comp="250" pin=0"/></net>

<net id="254"><net_src comp="250" pin="1"/><net_sink comp="148" pin=2"/></net>

<net id="265"><net_src comp="125" pin="3"/><net_sink comp="261" pin=0"/></net>

<net id="271"><net_src comp="261" pin="2"/><net_sink comp="266" pin=0"/></net>

<net id="272"><net_src comp="18" pin="0"/><net_sink comp="266" pin=1"/></net>

<net id="273"><net_src comp="36" pin="0"/><net_sink comp="266" pin=2"/></net>

<net id="284"><net_src comp="277" pin="1"/><net_sink comp="280" pin=0"/></net>

<net id="290"><net_src comp="280" pin="2"/><net_sink comp="285" pin=0"/></net>

<net id="291"><net_src comp="274" pin="1"/><net_sink comp="285" pin=1"/></net>

<net id="292"><net_src comp="138" pin="7"/><net_sink comp="285" pin=2"/></net>

<net id="297"><net_src comp="285" pin="3"/><net_sink comp="293" pin=0"/></net>

<net id="298"><net_src comp="266" pin="3"/><net_sink comp="293" pin=1"/></net>

<net id="303"><net_src comp="138" pin="3"/><net_sink comp="299" pin=0"/></net>

<net id="304"><net_src comp="36" pin="0"/><net_sink comp="299" pin=1"/></net>

<net id="309"><net_src comp="255" pin="1"/><net_sink comp="305" pin=0"/></net>

<net id="310"><net_src comp="36" pin="0"/><net_sink comp="305" pin=1"/></net>

<net id="315"><net_src comp="299" pin="2"/><net_sink comp="311" pin=0"/></net>

<net id="316"><net_src comp="305" pin="2"/><net_sink comp="311" pin=1"/></net>

<net id="322"><net_src comp="311" pin="2"/><net_sink comp="317" pin=0"/></net>

<net id="323"><net_src comp="299" pin="2"/><net_sink comp="317" pin=1"/></net>

<net id="324"><net_src comp="305" pin="2"/><net_sink comp="317" pin=2"/></net>

<net id="329"><net_src comp="258" pin="1"/><net_sink comp="325" pin=1"/></net>

<net id="334"><net_src comp="38" pin="0"/><net_sink comp="330" pin=1"/></net>

<net id="339"><net_src comp="330" pin="2"/><net_sink comp="335" pin=0"/></net>

<net id="349"><net_src comp="340" pin="2"/><net_sink comp="344" pin=0"/></net>

<net id="357"><net_src comp="350" pin="1"/><net_sink comp="353" pin=0"/></net>

<net id="361"><net_src comp="353" pin="2"/><net_sink comp="358" pin=0"/></net>

<net id="362"><net_src comp="358" pin="1"/><net_sink comp="156" pin=2"/></net>

<net id="367"><net_src comp="344" pin="3"/><net_sink comp="363" pin=0"/></net>

<net id="372"><net_src comp="358" pin="1"/><net_sink comp="368" pin=0"/></net>

<net id="377"><net_src comp="344" pin="3"/><net_sink comp="373" pin=1"/></net>

<net id="382"><net_src comp="344" pin="3"/><net_sink comp="378" pin=0"/></net>

<net id="388"><net_src comp="373" pin="2"/><net_sink comp="383" pin=0"/></net>

<net id="389"><net_src comp="56" pin="0"/><net_sink comp="383" pin=1"/></net>

<net id="390"><net_src comp="58" pin="0"/><net_sink comp="383" pin=2"/></net>

<net id="395"><net_src comp="373" pin="2"/><net_sink comp="391" pin=0"/></net>

<net id="396"><net_src comp="378" pin="2"/><net_sink comp="391" pin=1"/></net>

<net id="402"><net_src comp="391" pin="2"/><net_sink comp="397" pin=0"/></net>

<net id="403"><net_src comp="383" pin="3"/><net_sink comp="397" pin=1"/></net>

<net id="404"><net_src comp="60" pin="0"/><net_sink comp="397" pin=2"/></net>

<net id="408"><net_src comp="397" pin="3"/><net_sink comp="405" pin=0"/></net>

<net id="409"><net_src comp="405" pin="1"/><net_sink comp="163" pin=1"/></net>

<net id="414"><net_src comp="344" pin="3"/><net_sink comp="410" pin=0"/></net>

<net id="418"><net_src comp="66" pin="1"/><net_sink comp="415" pin=0"/></net>

<net id="419"><net_src comp="415" pin="1"/><net_sink comp="200" pin=1"/></net>

<net id="420"><net_src comp="415" pin="1"/><net_sink comp="277" pin=0"/></net>

<net id="421"><net_src comp="415" pin="1"/><net_sink comp="368" pin=1"/></net>

<net id="425"><net_src comp="70" pin="1"/><net_sink comp="422" pin=0"/></net>

<net id="426"><net_src comp="422" pin="1"/><net_sink comp="195" pin=1"/></net>

<net id="427"><net_src comp="422" pin="1"/><net_sink comp="274" pin=0"/></net>

<net id="428"><net_src comp="422" pin="1"/><net_sink comp="363" pin=1"/></net>

<net id="432"><net_src comp="74" pin="1"/><net_sink comp="429" pin=0"/></net>

<net id="433"><net_src comp="429" pin="1"/><net_sink comp="190" pin=1"/></net>

<net id="434"><net_src comp="429" pin="1"/><net_sink comp="205" pin=0"/></net>

<net id="435"><net_src comp="429" pin="1"/><net_sink comp="335" pin=1"/></net>

<net id="439"><net_src comp="78" pin="1"/><net_sink comp="436" pin=0"/></net>

<net id="440"><net_src comp="436" pin="1"/><net_sink comp="185" pin=1"/></net>

<net id="441"><net_src comp="436" pin="1"/><net_sink comp="255" pin=0"/></net>

<net id="442"><net_src comp="436" pin="1"/><net_sink comp="410" pin=1"/></net>

<net id="446"><net_src comp="82" pin="2"/><net_sink comp="443" pin=0"/></net>

<net id="447"><net_src comp="443" pin="1"/><net_sink comp="353" pin=1"/></net>

<net id="451"><net_src comp="106" pin="2"/><net_sink comp="448" pin=0"/></net>

<net id="452"><net_src comp="448" pin="1"/><net_sink comp="261" pin=1"/></net>

<net id="456"><net_src comp="177" pin="1"/><net_sink comp="453" pin=0"/></net>

<net id="457"><net_src comp="453" pin="1"/><net_sink comp="325" pin=0"/></net>

<net id="461"><net_src comp="205" pin="1"/><net_sink comp="458" pin=0"/></net>

<net id="462"><net_src comp="458" pin="1"/><net_sink comp="258" pin=0"/></net>

<net id="463"><net_src comp="458" pin="1"/><net_sink comp="330" pin=0"/></net>

<net id="467"><net_src comp="208" pin="2"/><net_sink comp="464" pin=0"/></net>

<net id="471"><net_src comp="118" pin="3"/><net_sink comp="468" pin=0"/></net>

<net id="472"><net_src comp="468" pin="1"/><net_sink comp="125" pin=0"/></net>

<net id="476"><net_src comp="239" pin="1"/><net_sink comp="473" pin=0"/></net>

<net id="477"><net_src comp="473" pin="1"/><net_sink comp="280" pin=1"/></net>

<net id="481"><net_src comp="131" pin="3"/><net_sink comp="478" pin=0"/></net>

<net id="482"><net_src comp="478" pin="1"/><net_sink comp="138" pin=2"/></net>

<net id="486"><net_src comp="148" pin="3"/><net_sink comp="483" pin=0"/></net>

<net id="487"><net_src comp="483" pin="1"/><net_sink comp="138" pin=0"/></net>

<net id="491"><net_src comp="293" pin="2"/><net_sink comp="488" pin=0"/></net>

<net id="492"><net_src comp="488" pin="1"/><net_sink comp="340" pin=0"/></net>

<net id="493"><net_src comp="488" pin="1"/><net_sink comp="344" pin=1"/></net>

<net id="497"><net_src comp="299" pin="2"/><net_sink comp="494" pin=0"/></net>

<net id="498"><net_src comp="494" pin="1"/><net_sink comp="378" pin=1"/></net>

<net id="502"><net_src comp="305" pin="2"/><net_sink comp="499" pin=0"/></net>

<net id="503"><net_src comp="499" pin="1"/><net_sink comp="373" pin=0"/></net>

<net id="507"><net_src comp="317" pin="3"/><net_sink comp="504" pin=0"/></net>

<net id="508"><net_src comp="504" pin="1"/><net_sink comp="340" pin=1"/></net>

<net id="509"><net_src comp="504" pin="1"/><net_sink comp="344" pin=2"/></net>

<net id="513"><net_src comp="325" pin="2"/><net_sink comp="510" pin=0"/></net>

<net id="514"><net_src comp="510" pin="1"/><net_sink comp="350" pin=0"/></net>

<net id="518"><net_src comp="344" pin="3"/><net_sink comp="515" pin=0"/></net>

<net id="519"><net_src comp="515" pin="1"/><net_sink comp="138" pin=1"/></net>

<net id="523"><net_src comp="358" pin="1"/><net_sink comp="520" pin=0"/></net>

<net id="524"><net_src comp="520" pin="1"/><net_sink comp="169" pin=2"/></net>

</net_list>

</model> 
---------------- Datapath Model END ------------------

* FSMD analyzer results:
  - Output states:
	Port: M | {4 }
	Port: ptr | {3 }
 - Input state : 
	Port: needwun_Pipeline_fill_in : M_load | {1 }
	Port: needwun_Pipeline_fill_in : SEQA | {1 2 }
	Port: needwun_Pipeline_fill_in : SEQB_load | {1 }
	Port: needwun_Pipeline_fill_in : add_ln39_3 | {1 }
	Port: needwun_Pipeline_fill_in : M | {1 2 }
	Port: needwun_Pipeline_fill_in : zext_ln29 | {1 }
	Port: needwun_Pipeline_fill_in : zext_ln28 | {1 }
	Port: needwun_Pipeline_fill_in : p_shl2 | {1 }
  - Chain level:
	State 1
		store_ln0 : 1
		store_ln0 : 1
		store_ln0 : 1
		a_idx : 1
		icmp_ln29 : 2
		br_ln29 : 3
		empty_18 : 2
		zext_ln30 : 2
		add_ln30 : 3
		zext_ln30_1 : 4
		SEQA_addr : 5
		SEQA_load : 6
		add_ln39 : 3
		zext_ln39 : 4
		M_addr : 5
		M_load_1 : 6
		add_ln40 : 3
		zext_ln40 : 4
		M_addr_1 : 5
		M_load_2 : 6
	State 2
		icmp_ln30 : 1
		select_ln39 : 2
		addr_cmp : 1
		reuse_select : 2
		up_left : 3
		up : 1
		left : 1
		icmp_ln43 : 2
		select_ln43 : 3
		add_ln45_1 : 1
		store_ln29 : 1
	State 3
		max : 1
		add_ln45 : 1
		zext_ln45_1 : 2
		store_ln43 : 2
		store_ln45 : 3
		icmp_ln46 : 2
		ptr_addr : 3
		icmp_ln48 : 2
		select_ln46 : 3
		or_ln46 : 3
		select_ln46_1 : 3
		zext_ln47 : 4
		store_ln47 : 5
		store_ln29 : 2
	State 4
		store_ln45 : 1


============================================================
+ Verbose Summary: Datapath Resource usage 
============================================================

* Functional unit list:
|----------|-----------------------------|---------|---------|
| Operation|       Functional Unit       |    FF   |   LUT   |
|----------|-----------------------------|---------|---------|
|          |       add_ln30_fu_222       |    0    |    14   |
|          |       add_ln39_fu_233       |    0    |    22   |
|          |       add_ln40_fu_244       |    0    |    21   |
|          |        up_left_fu_293       |    0    |    39   |
|    add   |          up_fu_299          |    0    |    39   |
|          |         left_fu_305         |    0    |    39   |
|          |      add_ln45_1_fu_325      |    0    |    15   |
|          |       add_ln29_fu_330       |    0    |    15   |
|          |       add_ln45_fu_353       |    0    |    22   |
|----------|-----------------------------|---------|---------|
|          |       icmp_ln29_fu_208      |    0    |    11   |
|          |       icmp_ln30_fu_261      |    0    |    11   |
|          |       addr_cmp_fu_280       |    0    |    29   |
|   icmp   |       icmp_ln43_fu_311      |    0    |    20   |
|          |      icmp_ln43_1_fu_340     |    0    |    20   |
|          |       icmp_ln46_fu_373      |    0    |    20   |
|          |       icmp_ln48_fu_378      |    0    |    20   |
|----------|-----------------------------|---------|---------|
|          |      select_ln39_fu_266     |    0    |    2    |
|          |     reuse_select_fu_285     |    0    |    32   |
|  select  |      select_ln43_fu_317     |    0    |    32   |
|          |          max_fu_344         |    0    |    32   |
|          |      select_ln46_fu_383     |    0    |    7    |
|          |     select_ln46_1_fu_397    |    0    |    7    |
|----------|-----------------------------|---------|---------|
|    or    |        or_ln46_fu_391       |    0    |    2    |
|----------|-----------------------------|---------|---------|
|          |    p_shl2_read_read_fu_82   |    0    |    0    |
|          |  zext_ln28_read_read_fu_88  |    0    |    0    |
|   read   |  zext_ln29_read_read_fu_94  |    0    |    0    |
|          | add_ln39_3_read_read_fu_100 |    0    |    0    |
|          |  SEQB_load_read_read_fu_106 |    0    |    0    |
|          |   M_load_read_read_fu_112   |    0    |    0    |
|----------|-----------------------------|---------|---------|
|          |    zext_ln28_cast_fu_177    |    0    |    0    |
|          |    zext_ln29_cast_fu_181    |    0    |    0    |
|          |       zext_ln30_fu_218      |    0    |    0    |
|          |      zext_ln30_1_fu_228     |    0    |    0    |
|   zext   |       zext_ln39_fu_239      |    0    |    0    |
|          |       zext_ln40_fu_250      |    0    |    0    |
|          |   trunc_ln30_cast12_fu_258  |    0    |    0    |
|          |       zext_ln45_fu_350      |    0    |    0    |
|          |      zext_ln45_1_fu_358     |    0    |    0    |
|          |       zext_ln47_fu_405      |    0    |    0    |
|----------|-----------------------------|---------|---------|
|   trunc  |       empty_18_fu_214       |    0    |    0    |
|----------|-----------------------------|---------|---------|
|   Total  |                             |    0    |   471   |
|----------|-----------------------------|---------|---------|

Memories:
N/A

* Register list:
+----------------------+--------+
|                      |   FF   |
+----------------------+--------+
|   M_addr_1_reg_483   |   15   |
|    M_addr_reg_478    |   15   |
|   SEQA_addr_reg_468  |    7   |
|SEQB_load_read_reg_448|    8   |
|    a_idx_2_reg_429   |    8   |
|     a_idx_reg_458    |    8   |
|  add_ln45_1_reg_510  |    9   |
|   icmp_ln29_reg_464  |    1   |
|     left_reg_499     |   32   |
|     max_1_reg_436    |   32   |
|      max_reg_515     |   32   |
|  p_shl2_read_reg_443 |   15   |
|reuse_addr_reg_reg_415|   64   |
|   reuse_reg_reg_422  |   32   |
|  select_ln43_reg_504 |   32   |
|    up_left_reg_488   |   32   |
|      up_reg_494      |   32   |
|zext_ln28_cast_reg_453|    9   |
|   zext_ln39_reg_473  |   64   |
|  zext_ln45_1_reg_520 |   64   |
+----------------------+--------+
|         Total        |   511  |
+----------------------+--------+

* Multiplexer (MUX) list: 
|-------------------|------|------|------|--------||---------||---------|
|        Comp       |  Pin | Size |  BW  | S x BW ||  Delay  ||   LUT   |
|-------------------|------|------|------|--------||---------||---------|
| grp_access_fu_125 |  p0  |   2  |   7  |   14   ||    9    |
| grp_access_fu_138 |  p0  |   3  |  15  |   45   ||    14   |
| grp_access_fu_138 |  p2  |   2  |   0  |    0   ||    9    |
|-------------------|------|------|------|--------||---------||---------|
|       Total       |      |      |      |   59   || 1.19386 ||    32   |
|-------------------|------|------|------|--------||---------||---------|



* Summary:
+-----------+--------+--------+--------+
|           |  Delay |   FF   |   LUT  |
+-----------+--------+--------+--------+
|  Function |    -   |    0   |   471  |
|   Memory  |    -   |    -   |    -   |
|Multiplexer|    1   |    -   |   32   |
|  Register |    -   |   511  |    -   |
+-----------+--------+--------+--------+
|   Total   |    1   |   511  |   503  |
+-----------+--------+--------+--------+
