

================================================================
== Vitis HLS Report for 'needwun_Pipeline_init_col'
================================================================
* Date:           Sat Apr  5 08:32:42 2025

* Version:        2022.2.2 (Build 3779808 on Feb 17 2023)
* Project:        hls_prj
* Solution:       solution (Vivado IP Flow Target)
* Product family: virtexuplus
* Target device:  xcu55c-fsvh2892-2L-e


================================================================
== Performance Estimates
================================================================
+ Timing: 
    * Summary: 
    +--------+---------+----------+------------+
    |  Clock |  Target | Estimated| Uncertainty|
    +--------+---------+----------+------------+
    |ap_clk  |  5.00 ns|  2.039 ns|     1.35 ns|
    +--------+---------+----------+------------+

+ Latency: 
    * Summary: 
    +---------+---------+----------+----------+-----+-----+---------+
    |  Latency (cycles) |  Latency (absolute) |  Interval | Pipeline|
    |   min   |   max   |    min   |    max   | min | max |   Type  |
    +---------+---------+----------+----------+-----+-----+---------+
    |      131|      131|  0.655 us|  0.655 us|  131|  131|       no|
    +---------+---------+----------+----------+-----+-----+---------+

    + Detail: 
        * Instance: 
        N/A

        * Loop: 
        +------------+---------+---------+----------+-----------+-----------+------+----------+
        |            |  Latency (cycles) | Iteration|  Initiation Interval  | Trip |          |
        |  Loop Name |   min   |   max   |  Latency |  achieved |   target  | Count| Pipelined|
        +------------+---------+---------+----------+-----------+-----------+------+----------+
        |- init_col  |      129|      129|         1|          1|          1|   129|       yes|
        +------------+---------+---------+----------+-----------+-----------+------+----------+

============================================================
+ Verbose Summary: Synthesis Manager
============================================================
InlineROM: 1
ExposeGlobal: 0
============================================================
+ Verbose Summary: CDFG Model
============================================================
IsTopModel: 0
ResetActiveHigh: 1
IsCombinational: 0
IsDatapathOnly: 0
HasWiredReturn: 1
HasMFsm: 2
HasVarLatency: 1
IsPipeline: 0
IsRtlPipelined: 0
IsInstanceOverlapped: 0
IsDontTouch: 0
HasImplIP: 0
IsGatedGlobalClock: 0

+ Individual pipeline summary: 
  * Pipeline-0: initiation interval (II) = 1, depth = 1


============================================================
+ Verbose Summary: Schedule
============================================================
* Number of FSM states : 1
* Pipeline : 1
  Pipeline-0 : II = 1, D = 1, States = { 1 }
* Dataflow Pipeline: 0

* FSM state transitions: 
1 --> 

* FSM state operations: 

State 1 <SV = 0> <Delay = 2.03>
ST_1 : Operation 4 [1/1] (0.00ns)   --->   "%b_idx = alloca i32 1"   --->   Operation 4 'alloca' 'b_idx' <Predicate = true> <Delay = 0.00>
ST_1 : Operation 5 [1/1] (0.00ns)   --->   "%specinterface_ln0 = specinterface void @_ssdm_op_SpecInterface, i32 %M, void @empty, i32 0, i32 0, void @empty_0, i32 4294967295, i32 0, void @empty_0, void @empty_0, void @empty_0, i32 0, i32 0, i32 0, i32 0, void @empty_0, void @empty_0, i32 4294967295, i32 0"   --->   Operation 5 'specinterface' 'specinterface_ln0' <Predicate = true> <Delay = 0.00>
ST_1 : Operation 6 [1/1] (0.38ns)   --->   "%store_ln0 = store i8 0, i8 %b_idx"   --->   Operation 6 'store' 'store_ln0' <Predicate = true> <Delay = 0.38>
ST_1 : Operation 7 [1/1] (0.00ns)   --->   "%br_ln0 = br void %for.inc8"   --->   Operation 7 'br' 'br_ln0' <Predicate = true> <Delay = 0.00>
ST_1 : Operation 8 [1/1] (0.00ns)   --->   "%b_idx_4 = load i8 %b_idx" [nw.c:23]   --->   Operation 8 'load' 'b_idx_4' <Predicate = true> <Delay = 0.00>
ST_1 : Operation 9 [1/1] (0.00ns)   --->   "%specpipeline_ln0 = specpipeline void @_ssdm_op_SpecPipeline, i32 4294967295, i32 0, i32 1, i32 0, void @p_str"   --->   Operation 9 'specpipeline' 'specpipeline_ln0' <Predicate = true> <Delay = 0.00>
ST_1 : Operation 10 [1/1] (0.58ns)   --->   "%icmp_ln23 = icmp_eq  i8 %b_idx_4, i8 129" [nw.c:23]   --->   Operation 10 'icmp' 'icmp_ln23' <Predicate = true> <Delay = 0.58> <CoreInst = "Cmp">   --->   Core 9 'Cmp' <Latency = 0> <II = 1> <Delay = 0.58> <FuncUnit> <Opcode : 'icmp'> <InPorts = 2> <OutPorts = 1>
ST_1 : Operation 11 [1/1] (0.00ns)   --->   "%empty = speclooptripcount i32 @_ssdm_op_SpecLoopTripCount, i64 129, i64 129, i64 129"   --->   Operation 11 'speclooptripcount' 'empty' <Predicate = true> <Delay = 0.00>
ST_1 : Operation 12 [1/1] (0.70ns)   --->   "%add_ln23 = add i8 %b_idx_4, i8 1" [nw.c:23]   --->   Operation 12 'add' 'add_ln23' <Predicate = true> <Delay = 0.70> <CoreInst = "Adder">   --->   Core 1 'Adder' <Latency = 0> <II = 1> <Delay = 0.70> <FuncUnit> <Opcode : 'add' 'sub'> <InPorts = 2> <OutPorts = 1>
ST_1 : Operation 13 [1/1] (0.00ns)   --->   "%br_ln23 = br i1 %icmp_ln23, void %for.inc8.split, void %fill_in.preheader.exitStub" [nw.c:23]   --->   Operation 13 'br' 'br_ln23' <Predicate = true> <Delay = 0.00>
ST_1 : Operation 14 [1/1] (0.00ns)   --->   "%specloopname_ln17 = specloopname void @_ssdm_op_SpecLoopName, void @empty_7" [nw.c:17]   --->   Operation 14 'specloopname' 'specloopname_ln17' <Predicate = (!icmp_ln23)> <Delay = 0.00>
ST_1 : Operation 15 [1/1] (0.00ns)   --->   "%shl_ln = bitconcatenate i17 @_ssdm_op_BitConcatenate.i17.i8.i9, i8 %b_idx_4, i9 0" [nw.c:24]   --->   Operation 15 'bitconcatenate' 'shl_ln' <Predicate = (!icmp_ln23)> <Delay = 0.00>
ST_1 : Operation 16 [1/1] (0.00ns)   --->   "%shl_ln24_1 = bitconcatenate i10 @_ssdm_op_BitConcatenate.i10.i8.i2, i8 %b_idx_4, i2 0" [nw.c:24]   --->   Operation 16 'bitconcatenate' 'shl_ln24_1' <Predicate = (!icmp_ln23)> <Delay = 0.00>
ST_1 : Operation 17 [1/1] (0.00ns)   --->   "%zext_ln24 = zext i10 %shl_ln24_1" [nw.c:24]   --->   Operation 17 'zext' 'zext_ln24' <Predicate = (!icmp_ln23)> <Delay = 0.00>
ST_1 : Operation 18 [1/1] (0.79ns)   --->   "%add_ln24 = add i17 %shl_ln, i17 %zext_ln24" [nw.c:24]   --->   Operation 18 'add' 'add_ln24' <Predicate = (!icmp_ln23)> <Delay = 0.79> <CoreInst = "Adder">   --->   Core 1 'Adder' <Latency = 0> <II = 1> <Delay = 0.79> <FuncUnit> <Opcode : 'add' 'sub'> <InPorts = 2> <OutPorts = 1>
ST_1 : Operation 19 [1/1] (0.70ns)   --->   "%sub_ln24 = sub i8 0, i8 %b_idx_4" [nw.c:24]   --->   Operation 19 'sub' 'sub_ln24' <Predicate = (!icmp_ln23)> <Delay = 0.70> <CoreInst = "Adder">   --->   Core 1 'Adder' <Latency = 0> <II = 1> <Delay = 0.70> <FuncUnit> <Opcode : 'add' 'sub'> <InPorts = 2> <OutPorts = 1>
ST_1 : Operation 20 [1/1] (0.00ns)   --->   "%sext_ln24 = sext i8 %sub_ln24" [nw.c:24]   --->   Operation 20 'sext' 'sext_ln24' <Predicate = (!icmp_ln23)> <Delay = 0.00>
ST_1 : Operation 21 [1/1] (0.00ns)   --->   "%lshr_ln = partselect i15 @_ssdm_op_PartSelect.i15.i17.i32.i32, i17 %add_ln24, i32 2, i32 16" [nw.c:24]   --->   Operation 21 'partselect' 'lshr_ln' <Predicate = (!icmp_ln23)> <Delay = 0.00>
ST_1 : Operation 22 [1/1] (0.00ns)   --->   "%zext_ln24_1 = zext i15 %lshr_ln" [nw.c:24]   --->   Operation 22 'zext' 'zext_ln24_1' <Predicate = (!icmp_ln23)> <Delay = 0.00>
ST_1 : Operation 23 [1/1] (0.00ns)   --->   "%M_addr = getelementptr i32 %M, i64 0, i64 %zext_ln24_1" [nw.c:24]   --->   Operation 23 'getelementptr' 'M_addr' <Predicate = (!icmp_ln23)> <Delay = 0.00>
ST_1 : Operation 24 [1/1] (1.24ns)   --->   "%store_ln24 = store i32 %sext_ln24, i15 %M_addr" [nw.c:24]   --->   Operation 24 'store' 'store_ln24' <Predicate = (!icmp_ln23)> <Delay = 1.24> <CoreInst = "RAM">   --->   Core 83 'RAM' <Latency = 1> <II = 1> <Delay = 1.24> <Storage> <Opcode : 'load' 'store'> <Ports = 2> <Width = 32> <Depth = 16641> <RAM>
ST_1 : Operation 25 [1/1] (0.38ns)   --->   "%store_ln23 = store i8 %add_ln23, i8 %b_idx" [nw.c:23]   --->   Operation 25 'store' 'store_ln23' <Predicate = (!icmp_ln23)> <Delay = 0.38>
ST_1 : Operation 26 [1/1] (0.00ns)   --->   "%br_ln23 = br void %for.inc8" [nw.c:23]   --->   Operation 26 'br' 'br_ln23' <Predicate = (!icmp_ln23)> <Delay = 0.00>
ST_1 : Operation 27 [1/1] (0.00ns)   --->   "%ret_ln0 = ret"   --->   Operation 27 'ret' 'ret_ln0' <Predicate = (icmp_ln23)> <Delay = 0.00>


============================================================
+ Verbose Summary: Timing violations
============================================================
Target clock period: 5ns, clock uncertainty: 1.35ns.

 <State 1>: 2.04ns
The critical path consists of the following:
	'alloca' operation ('b_idx') [2]  (0 ns)
	'load' operation ('b_idx', nw.c:23) on local variable 'b_idx' [7]  (0 ns)
	'add' operation ('add_ln24', nw.c:24) [18]  (0.791 ns)
	'getelementptr' operation ('M_addr', nw.c:24) [23]  (0 ns)
	'store' operation ('store_ln24', nw.c:24) of variable 'sext_ln24', nw.c:24 on array 'M' [24]  (1.25 ns)


============================================================
+ Verbose Summary: Binding
============================================================
N/A
* FSMD analyzer results:
  - Output states:
 - Input state : 
  - Chain level:
	State 1


============================================================
+ Verbose Summary: Datapath Resource usage 
============================================================
N/A
