

================================================================
== Vitis HLS Report for 'needwun_Pipeline_pad_a'
================================================================
* Date:           Sat Apr  5 08:32:43 2025

* Version:        2022.2.2 (Build 3779808 on Feb 17 2023)
* Project:        hls_prj
* Solution:       solution (Vivado IP Flow Target)
* Product family: virtexuplus
* Target device:  xcu55c-fsvh2892-2L-e


================================================================
== Performance Estimates
================================================================
+ Timing: 
    * Summary: 
    +--------+---------+----------+------------+
    |  Clock |  Target | Estimated| Uncertainty|
    +--------+---------+----------+------------+
    |ap_clk  |  5.00 ns|  1.485 ns|     1.35 ns|
    +--------+---------+----------+------------+

+ Latency: 
    * Summary: 
    +---------+---------+----------+----------+-----+-----+---------+
    |  Latency (cycles) |  Latency (absolute) |  Interval | Pipeline|
    |   min   |   max   |    min   |    max   | min | max |   Type  |
    +---------+---------+----------+----------+-----+-----+---------+
    |        ?|        ?|         ?|         ?|    ?|    ?|       no|
    +---------+---------+----------+----------+-----+-----+---------+

    + Detail: 
        * Instance: 
        N/A

        * Loop: 
        +----------+---------+---------+----------+-----------+-----------+------+----------+
        |          |  Latency (cycles) | Iteration|  Initiation Interval  | Trip |          |
        | Loop Name|   min   |   max   |  Latency |  achieved |   target  | Count| Pipelined|
        +----------+---------+---------+----------+-----------+-----------+------+----------+
        |- pad_a   |        ?|        ?|         1|          1|          1|     ?|       yes|
        +----------+---------+---------+----------+-----------+-----------+------+----------+



================================================================
== Utilization Estimates
================================================================
* Summary: 
+---------------------+---------+------+---------+---------+-----+
|         Name        | BRAM_18K|  DSP |    FF   |   LUT   | URAM|
+---------------------+---------+------+---------+---------+-----+
|DSP                  |        -|     -|        -|        -|    -|
|Expression           |        -|     -|        0|       59|    -|
|FIFO                 |        -|     -|        -|        -|    -|
|Instance             |        -|     -|        -|        -|    -|
|Memory               |        -|     -|        -|        -|    -|
|Multiplexer          |        -|     -|        -|       27|    -|
|Register             |        -|     -|       34|        -|    -|
+---------------------+---------+------+---------+---------+-----+
|Total                |        0|     0|       34|       86|    0|
+---------------------+---------+------+---------+---------+-----+
|Available SLR        |     1344|  3008|   869120|   434560|  320|
+---------------------+---------+------+---------+---------+-----+
|Utilization SLR (%)  |        0|     0|       ~0|       ~0|    0|
+---------------------+---------+------+---------+---------+-----+
|Available            |     4032|  9024|  2607360|  1303680|  960|
+---------------------+---------+------+---------+---------+-----+
|Utilization (%)      |        0|     0|       ~0|       ~0|    0|
+---------------------+---------+------+---------+---------+-----+

+ Detail: 
    * Instance: 
    N/A

    * DSP: 
    N/A

    * Memory: 
    N/A

    * FIFO: 
    N/A

    * Expression: 
    +--------------------+----------+----+---+----+------------+------------+
    |    Variable Name   | Operation| DSP| FF| LUT| Bitwidth P0| Bitwidth P1|
    +--------------------+----------+----+---+----+------------+------------+
    |add_ln83_fu_75_p2   |         +|   0|  0|  39|          32|           1|
    |icmp_ln83_fu_64_p2  |      icmp|   0|  0|  20|          32|           9|
    +--------------------+----------+----+---+----+------------+------------+
    |Total               |          |   0|  0|  59|          64|          10|
    +--------------------+----------+----+---+----+------------+------------+

    * Multiplexer: 
    +----------------------------+----+-----------+-----+-----------+
    |            Name            | LUT| Input Size| Bits| Total Bits|
    +----------------------------+----+-----------+-----+-----------+
    |a_str_idx_1_fu_32           |   9|          2|   32|         64|
    |ap_done_int                 |   9|          2|    1|          2|
    |ap_sig_allocacmp_a_str_idx  |   9|          2|   32|         64|
    +----------------------------+----+-----------+-----+-----------+
    |Total                       |  27|          6|   65|        130|
    +----------------------------+----+-----------+-----+-----------+

    * Register: 
    +-------------------+----+----+-----+-----------+
    |        Name       | FF | LUT| Bits| Const Bits|
    +-------------------+----+----+-----+-----------+
    |a_str_idx_1_fu_32  |  32|   0|   32|          0|
    |ap_CS_fsm          |   1|   0|    1|          0|
    |ap_done_reg        |   1|   0|    1|          0|
    +-------------------+----+----+-----+-----------+
    |Total              |  34|   0|   34|          0|
    +-------------------+----+----+-----+-----------+



================================================================
== Interface
================================================================
* Summary: 
+-------------------+-----+-----+------------+------------------------+--------------+
|     RTL Ports     | Dir | Bits|  Protocol  |      Source Object     |    C Type    |
+-------------------+-----+-----+------------+------------------------+--------------+
|ap_clk             |   in|    1|  ap_ctrl_hs|  needwun_Pipeline_pad_a|  return value|
|ap_rst             |   in|    1|  ap_ctrl_hs|  needwun_Pipeline_pad_a|  return value|
|ap_start           |   in|    1|  ap_ctrl_hs|  needwun_Pipeline_pad_a|  return value|
|ap_done            |  out|    1|  ap_ctrl_hs|  needwun_Pipeline_pad_a|  return value|
|ap_idle            |  out|    1|  ap_ctrl_hs|  needwun_Pipeline_pad_a|  return value|
|ap_ready           |  out|    1|  ap_ctrl_hs|  needwun_Pipeline_pad_a|  return value|
|trunc_ln1          |   in|   32|     ap_none|               trunc_ln1|        scalar|
|alignedA_address0  |  out|    8|   ap_memory|                alignedA|         array|
|alignedA_ce0       |  out|    1|   ap_memory|                alignedA|         array|
|alignedA_we0       |  out|    1|   ap_memory|                alignedA|         array|
|alignedA_d0        |  out|    8|   ap_memory|                alignedA|         array|
+-------------------+-----+-----+------------+------------------------+--------------+

============================================================
+ Verbose Summary: Synthesis Manager
============================================================
InlineROM: 1
ExposeGlobal: 0
============================================================
+ Verbose Summary: CDFG Model
============================================================
IsTopModel: 0
ResetActiveHigh: 1
IsCombinational: 2
IsDatapathOnly: 2
HasWiredReturn: 1
HasMFsm: 2
HasVarLatency: 1
IsPipeline: 0
IsRtlPipelined: 0
IsInstanceOverlapped: 0
IsDontTouch: 0
HasImplIP: 0
IsGatedGlobalClock: 0

+ Individual pipeline summary: 
  * Pipeline-0: initiation interval (II) = 1, depth = 1


============================================================
+ Verbose Summary: Schedule
============================================================
* Number of FSM states : 1
* Pipeline : 1
  Pipeline-0 : II = 1, D = 1, States = { 1 }
* Dataflow Pipeline: 0

* FSM state transitions: 
1 --> 

* FSM state operations: 

State 1 <SV = 0> <Delay = 1.48>
ST_1 : Operation 4 [1/1] (0.00ns)   --->   "%a_str_idx_1 = alloca i32 1"   --->   Operation 4 'alloca' 'a_str_idx_1' <Predicate = true> <Delay = 0.00>
ST_1 : Operation 5 [1/1] (0.00ns)   --->   "%specinterface_ln0 = specinterface void @_ssdm_op_SpecInterface, i8 %alignedA, void @empty, i32 0, i32 0, void @empty_0, i32 4294967295, i32 0, void @empty_0, void @empty_0, void @empty_0, i32 0, i32 0, i32 0, i32 0, void @empty_0, void @empty_0, i32 4294967295, i32 0"   --->   Operation 5 'specinterface' 'specinterface_ln0' <Predicate = true> <Delay = 0.00>
ST_1 : Operation 6 [1/1] (0.00ns)   --->   "%trunc_ln1_read = read i32 @_ssdm_op_Read.ap_auto.i32, i32 %trunc_ln1"   --->   Operation 6 'read' 'trunc_ln1_read' <Predicate = true> <Delay = 0.00>
ST_1 : Operation 7 [1/1] (0.38ns)   --->   "%store_ln0 = store i32 %trunc_ln1_read, i32 %a_str_idx_1"   --->   Operation 7 'store' 'store_ln0' <Predicate = true> <Delay = 0.38>
ST_1 : Operation 8 [1/1] (0.00ns)   --->   "%br_ln0 = br void %for.inc139"   --->   Operation 8 'br' 'br_ln0' <Predicate = true> <Delay = 0.00>
ST_1 : Operation 9 [1/1] (0.00ns)   --->   "%a_str_idx = load i32 %a_str_idx_1" [nw.c:83]   --->   Operation 9 'load' 'a_str_idx' <Predicate = true> <Delay = 0.00>
ST_1 : Operation 10 [1/1] (0.00ns)   --->   "%specpipeline_ln0 = specpipeline void @_ssdm_op_SpecPipeline, i32 4294967295, i32 0, i32 1, i32 0, void @p_str"   --->   Operation 10 'specpipeline' 'specpipeline_ln0' <Predicate = true> <Delay = 0.00>
ST_1 : Operation 11 [1/1] (0.85ns)   --->   "%icmp_ln83 = icmp_eq  i32 %a_str_idx, i32 256" [nw.c:83]   --->   Operation 11 'icmp' 'icmp_ln83' <Predicate = true> <Delay = 0.85> <CoreInst = "Cmp">   --->   Core 9 'Cmp' <Latency = 0> <II = 1> <Delay = 0.85> <FuncUnit> <Opcode : 'icmp'> <InPorts = 2> <OutPorts = 1>
ST_1 : Operation 12 [1/1] (0.00ns)   --->   "%br_ln83 = br i1 %icmp_ln83, void %for.inc139.split, void %for.inc147.preheader.exitStub" [nw.c:83]   --->   Operation 12 'br' 'br_ln83' <Predicate = true> <Delay = 0.00>
ST_1 : Operation 13 [1/1] (0.00ns)   --->   "%a_str_idx_1_cast = zext i32 %a_str_idx" [nw.c:83]   --->   Operation 13 'zext' 'a_str_idx_1_cast' <Predicate = (!icmp_ln83)> <Delay = 0.00>
ST_1 : Operation 14 [1/1] (0.00ns)   --->   "%specloopname_ln18 = specloopname void @_ssdm_op_SpecLoopName, void @empty_3" [nw.c:18]   --->   Operation 14 'specloopname' 'specloopname_ln18' <Predicate = (!icmp_ln83)> <Delay = 0.00>
ST_1 : Operation 15 [1/1] (0.00ns)   --->   "%alignedA_addr = getelementptr i8 %alignedA, i64 0, i64 %a_str_idx_1_cast" [nw.c:84]   --->   Operation 15 'getelementptr' 'alignedA_addr' <Predicate = (!icmp_ln83)> <Delay = 0.00>
ST_1 : Operation 16 [1/1] (0.62ns)   --->   "%store_ln84 = store i8 95, i8 %alignedA_addr" [nw.c:84]   --->   Operation 16 'store' 'store_ln84' <Predicate = (!icmp_ln83)> <Delay = 0.62> <CoreInst = "RAM">   --->   Core 83 'RAM' <Latency = 1> <II = 1> <Delay = 0.62> <Storage> <Opcode : 'load' 'store'> <Ports = 2> <Width = 8> <Depth = 256> <RAM>
ST_1 : Operation 17 [1/1] (0.88ns)   --->   "%add_ln83 = add i32 %a_str_idx, i32 1" [nw.c:83]   --->   Operation 17 'add' 'add_ln83' <Predicate = (!icmp_ln83)> <Delay = 0.88> <CoreInst = "Adder">   --->   Core 1 'Adder' <Latency = 0> <II = 1> <Delay = 0.88> <FuncUnit> <Opcode : 'add' 'sub'> <InPorts = 2> <OutPorts = 1>
ST_1 : Operation 18 [1/1] (0.38ns)   --->   "%store_ln83 = store i32 %add_ln83, i32 %a_str_idx_1" [nw.c:83]   --->   Operation 18 'store' 'store_ln83' <Predicate = (!icmp_ln83)> <Delay = 0.38>
ST_1 : Operation 19 [1/1] (0.00ns)   --->   "%br_ln83 = br void %for.inc139" [nw.c:83]   --->   Operation 19 'br' 'br_ln83' <Predicate = (!icmp_ln83)> <Delay = 0.00>
ST_1 : Operation 20 [1/1] (0.00ns)   --->   "%ret_ln0 = ret"   --->   Operation 20 'ret' 'ret_ln0' <Predicate = (icmp_ln83)> <Delay = 0.00>


============================================================
+ Verbose Summary: Binding
============================================================
STG Binding: 
---------------- STG Properties BEGIN ----------------
- Is combinational: 0
- Is one-state seq: 0
- Is datapath-only: 0
- Is pipelined: 0
- Is top level: 0
Port [ Return ] is wired: 1; IO mode=ap_ctrl_hs:ce=0
Port [ trunc_ln1]:  wired=1; compound=0; hidden=0; nouse=0; global=0; static=0; extern=0; dir=0; type=0; pingpong=0; private_global=0; IO mode=ap_none:ce=0
Port [ alignedA]:  wired=1; compound=1; hidden=0; nouse=0; global=0; static=0; extern=0; dir=1; type=1; pingpong=0; private_global=0; MemPort=[03]; IO mode=ap_memory:ce=0
---------------- STG Properties END ------------------

---------------- Datapath Model BEGIN ----------------

<LifeTime>
<method=bitvector/>
a_str_idx_1       (alloca       ) [ 01]
specinterface_ln0 (specinterface) [ 00]
trunc_ln1_read    (read         ) [ 00]
store_ln0         (store        ) [ 00]
br_ln0            (br           ) [ 00]
a_str_idx         (load         ) [ 00]
specpipeline_ln0  (specpipeline ) [ 00]
icmp_ln83         (icmp         ) [ 01]
br_ln83           (br           ) [ 00]
a_str_idx_1_cast  (zext         ) [ 00]
specloopname_ln18 (specloopname ) [ 00]
alignedA_addr     (getelementptr) [ 00]
store_ln84        (store        ) [ 00]
add_ln83          (add          ) [ 00]
store_ln83        (store        ) [ 00]
br_ln83           (br           ) [ 00]
ret_ln0           (ret          ) [ 00]
</LifeTime>

<model>

<comp_list>
<comp id="0" class="1000" name="trunc_ln1">
<pin_list>
<pin id="1" dir="1" index="0" bw="1" slack="0"/>
</pin_list>
<bind>
<StgValue><ssdm name="trunc_ln1"/></StgValue>
</bind>
</comp>

<comp id="2" class="1000" name="alignedA">
<pin_list>
<pin id="3" dir="1" index="0" bw="1" slack="0"/>
</pin_list>
<bind>
<StgValue><ssdm name="alignedA"/><MemPortTyVec>0 3 </MemPortTyVec>
</StgValue>
</bind>
</comp>

<comp id="4" class="1001" name="const_4">
<pin_list>
<pin id="5" dir="1" index="0" bw="1" slack="0"/>
</pin_list>
<bind>
<StgValue><ssdm name=""/></StgValue>
</bind>
</comp>

<comp id="6" class="1001" name="const_6">
<pin_list>
<pin id="7" dir="1" index="0" bw="1" slack="2147483647"/>
</pin_list>
<bind>
<StgValue><ssdm name="_ssdm_op_SpecInterface"/></StgValue>
</bind>
</comp>

<comp id="8" class="1001" name="const_8">
<pin_list>
<pin id="9" dir="1" index="0" bw="1" slack="2147483647"/>
</pin_list>
<bind>
<StgValue><ssdm name="empty"/></StgValue>
</bind>
</comp>

<comp id="10" class="1001" name="const_10">
<pin_list>
<pin id="11" dir="1" index="0" bw="1" slack="2147483647"/>
</pin_list>
<bind>
<StgValue><ssdm name=""/></StgValue>
</bind>
</comp>

<comp id="12" class="1001" name="const_12">
<pin_list>
<pin id="13" dir="1" index="0" bw="1" slack="2147483647"/>
</pin_list>
<bind>
<StgValue><ssdm name="empty_0"/></StgValue>
</bind>
</comp>

<comp id="14" class="1001" name="const_14">
<pin_list>
<pin id="15" dir="1" index="0" bw="1" slack="2147483647"/>
</pin_list>
<bind>
<StgValue><ssdm name=""/></StgValue>
</bind>
</comp>

<comp id="16" class="1001" name="const_16">
<pin_list>
<pin id="17" dir="1" index="0" bw="1" slack="0"/>
</pin_list>
<bind>
<StgValue><ssdm name="_ssdm_op_Read.ap_auto.i32"/></StgValue>
</bind>
</comp>

<comp id="18" class="1001" name="const_18">
<pin_list>
<pin id="19" dir="1" index="0" bw="1" slack="2147483647"/>
</pin_list>
<bind>
<StgValue><ssdm name="_ssdm_op_SpecPipeline"/></StgValue>
</bind>
</comp>

<comp id="20" class="1001" name="const_20">
<pin_list>
<pin id="21" dir="1" index="0" bw="1" slack="2147483647"/>
</pin_list>
<bind>
<StgValue><ssdm name="p_str"/></StgValue>
</bind>
</comp>

<comp id="22" class="1001" name="const_22">
<pin_list>
<pin id="23" dir="1" index="0" bw="1" slack="0"/>
</pin_list>
<bind>
<StgValue><ssdm name=""/></StgValue>
</bind>
</comp>

<comp id="24" class="1001" name="const_24">
<pin_list>
<pin id="25" dir="1" index="0" bw="1" slack="2147483647"/>
</pin_list>
<bind>
<StgValue><ssdm name="_ssdm_op_SpecLoopName"/></StgValue>
</bind>
</comp>

<comp id="26" class="1001" name="const_26">
<pin_list>
<pin id="27" dir="1" index="0" bw="1" slack="2147483647"/>
</pin_list>
<bind>
<StgValue><ssdm name="empty_3"/></StgValue>
</bind>
</comp>

<comp id="28" class="1001" name="const_28">
<pin_list>
<pin id="29" dir="1" index="0" bw="1" slack="0"/>
</pin_list>
<bind>
<StgValue><ssdm name=""/></StgValue>
</bind>
</comp>

<comp id="30" class="1001" name="const_30">
<pin_list>
<pin id="31" dir="1" index="0" bw="1" slack="0"/>
</pin_list>
<bind>
<StgValue><ssdm name=""/></StgValue>
</bind>
</comp>

<comp id="32" class="1004" name="a_str_idx_1_fu_32">
<pin_list>
<pin id="33" dir="0" index="0" bw="1" slack="0"/>
<pin id="34" dir="1" index="1" bw="32" slack="0"/>
</pin_list>
<bind>
<opcode="alloca(26) " fcode="alloca"/>
<opset="a_str_idx_1/1 "/>
</bind>
</comp>

<comp id="36" class="1004" name="trunc_ln1_read_read_fu_36">
<pin_list>
<pin id="37" dir="0" index="0" bw="32" slack="0"/>
<pin id="38" dir="0" index="1" bw="32" slack="0"/>
<pin id="39" dir="1" index="2" bw="32" slack="0"/>
</pin_list>
<bind>
<opcode="read(1150) " fcode="read"/>
<opset="trunc_ln1_read/1 "/>
</bind>
</comp>

<comp id="42" class="1004" name="alignedA_addr_gep_fu_42">
<pin_list>
<pin id="43" dir="0" index="0" bw="8" slack="0"/>
<pin id="44" dir="0" index="1" bw="1" slack="0"/>
<pin id="45" dir="0" index="2" bw="32" slack="0"/>
<pin id="46" dir="1" index="3" bw="8" slack="0"/>
</pin_list>
<bind>
<opcode="getelementptr(29) " fcode="getelementptr"/>
<opset="alignedA_addr/1 "/>
</bind>
</comp>

<comp id="49" class="1004" name="store_ln84_access_fu_49">
<pin_list>
<pin id="50" dir="0" index="0" bw="8" slack="0"/>
<pin id="51" dir="0" index="1" bw="8" slack="0"/>
<pin id="52" dir="0" index="2" bw="0" slack="2147483647"/>
<pin id="53" dir="1" index="3" bw="8" slack="2147483647"/>
</pin_list>
<bind>
<opcode="store(28) " fcode="store"/>
<opset="store_ln84/1 "/>
</bind>
</comp>

<comp id="56" class="1004" name="store_ln0_store_fu_56">
<pin_list>
<pin id="57" dir="0" index="0" bw="32" slack="0"/>
<pin id="58" dir="0" index="1" bw="32" slack="0"/>
<pin id="59" dir="1" index="2" bw="0" slack="2147483647"/>
</pin_list>
<bind>
<opcode="store(28) " fcode="store"/>
<opset="store_ln0/1 "/>
</bind>
</comp>

<comp id="61" class="1004" name="a_str_idx_load_fu_61">
<pin_list>
<pin id="62" dir="0" index="0" bw="32" slack="0"/>
<pin id="63" dir="1" index="1" bw="32" slack="0"/>
</pin_list>
<bind>
<opcode="load(27) " fcode="load"/>
<opset="a_str_idx/1 "/>
</bind>
</comp>

<comp id="64" class="1004" name="icmp_ln83_fu_64">
<pin_list>
<pin id="65" dir="0" index="0" bw="32" slack="0"/>
<pin id="66" dir="0" index="1" bw="32" slack="0"/>
<pin id="67" dir="1" index="2" bw="1" slack="2147483647"/>
</pin_list>
<bind>
<opcode="icmp(45) " fcode="icmp"/>
<opset="icmp_ln83/1 "/>
</bind>
</comp>

<comp id="70" class="1004" name="a_str_idx_1_cast_fu_70">
<pin_list>
<pin id="71" dir="0" index="0" bw="32" slack="0"/>
<pin id="72" dir="1" index="1" bw="64" slack="0"/>
</pin_list>
<bind>
<opcode="zext(34) " fcode="zext"/>
<opset="a_str_idx_1_cast/1 "/>
</bind>
</comp>

<comp id="75" class="1004" name="add_ln83_fu_75">
<pin_list>
<pin id="76" dir="0" index="0" bw="32" slack="0"/>
<pin id="77" dir="0" index="1" bw="1" slack="0"/>
<pin id="78" dir="1" index="2" bw="32" slack="0"/>
</pin_list>
<bind>
<opcode="add(8) " fcode="add"/>
<opset="add_ln83/1 "/>
</bind>
</comp>

<comp id="81" class="1004" name="store_ln83_store_fu_81">
<pin_list>
<pin id="82" dir="0" index="0" bw="32" slack="0"/>
<pin id="83" dir="0" index="1" bw="32" slack="0"/>
<pin id="84" dir="1" index="2" bw="0" slack="2147483647"/>
</pin_list>
<bind>
<opcode="store(28) " fcode="store"/>
<opset="store_ln83/1 "/>
</bind>
</comp>

<comp id="86" class="1005" name="a_str_idx_1_reg_86">
<pin_list>
<pin id="87" dir="0" index="0" bw="32" slack="0"/>
<pin id="88" dir="1" index="1" bw="32" slack="0"/>
</pin_list>
<bind>
<opset="a_str_idx_1 "/>
</bind>
</comp>

</comp_list>

<net_list>
<net id="35"><net_src comp="4" pin="0"/><net_sink comp="32" pin=0"/></net>

<net id="40"><net_src comp="16" pin="0"/><net_sink comp="36" pin=0"/></net>

<net id="41"><net_src comp="0" pin="0"/><net_sink comp="36" pin=1"/></net>

<net id="47"><net_src comp="2" pin="0"/><net_sink comp="42" pin=0"/></net>

<net id="48"><net_src comp="28" pin="0"/><net_sink comp="42" pin=1"/></net>

<net id="54"><net_src comp="30" pin="0"/><net_sink comp="49" pin=1"/></net>

<net id="55"><net_src comp="42" pin="3"/><net_sink comp="49" pin=0"/></net>

<net id="60"><net_src comp="36" pin="2"/><net_sink comp="56" pin=0"/></net>

<net id="68"><net_src comp="61" pin="1"/><net_sink comp="64" pin=0"/></net>

<net id="69"><net_src comp="22" pin="0"/><net_sink comp="64" pin=1"/></net>

<net id="73"><net_src comp="61" pin="1"/><net_sink comp="70" pin=0"/></net>

<net id="74"><net_src comp="70" pin="1"/><net_sink comp="42" pin=2"/></net>

<net id="79"><net_src comp="61" pin="1"/><net_sink comp="75" pin=0"/></net>

<net id="80"><net_src comp="4" pin="0"/><net_sink comp="75" pin=1"/></net>

<net id="85"><net_src comp="75" pin="2"/><net_sink comp="81" pin=0"/></net>

<net id="89"><net_src comp="32" pin="1"/><net_sink comp="86" pin=0"/></net>

<net id="90"><net_src comp="86" pin="1"/><net_sink comp="56" pin=1"/></net>

<net id="91"><net_src comp="86" pin="1"/><net_sink comp="61" pin=0"/></net>

<net id="92"><net_src comp="86" pin="1"/><net_sink comp="81" pin=1"/></net>

</net_list>

</model> 
---------------- Datapath Model END ------------------

* FSMD analyzer results:
  - Output states:
	Port: alignedA | {1 }
 - Input state : 
	Port: needwun_Pipeline_pad_a : trunc_ln1 | {1 }
	Port: needwun_Pipeline_pad_a : alignedA | {}
  - Chain level:
	State 1
		a_str_idx : 1
		icmp_ln83 : 2
		br_ln83 : 3
		a_str_idx_1_cast : 2
		alignedA_addr : 3
		store_ln84 : 4
		add_ln83 : 2
		store_ln83 : 3


============================================================
+ Verbose Summary: Datapath Resource usage 
============================================================

* Functional unit list:
|----------|---------------------------|---------|---------|
| Operation|      Functional Unit      |    FF   |   LUT   |
|----------|---------------------------|---------|---------|
|    add   |       add_ln83_fu_75      |    0    |    39   |
|----------|---------------------------|---------|---------|
|   icmp   |      icmp_ln83_fu_64      |    0    |    20   |
|----------|---------------------------|---------|---------|
|   read   | trunc_ln1_read_read_fu_36 |    0    |    0    |
|----------|---------------------------|---------|---------|
|   zext   |   a_str_idx_1_cast_fu_70  |    0    |    0    |
|----------|---------------------------|---------|---------|
|   Total  |                           |    0    |    59   |
|----------|---------------------------|---------|---------|

Memories:
N/A

* Register list:
+------------------+--------+
|                  |   FF   |
+------------------+--------+
|a_str_idx_1_reg_86|   32   |
+------------------+--------+
|       Total      |   32   |
+------------------+--------+

* Multiplexer (MUX) list: 
|--------|------|------|------|--------|
|  Comp  |  Pin | Size |  BW  | S x BW |
|--------|------|------|------|--------|
|  Total |      |      |      |    0   |
|--------|------|------|------|--------|



* Summary:
+-----------+--------+--------+
|           |   FF   |   LUT  |
+-----------+--------+--------+
|  Function |    0   |   59   |
|   Memory  |    -   |    -   |
|Multiplexer|    -   |    -   |
|  Register |   32   |    -   |
+-----------+--------+--------+
|   Total   |   32   |   59   |
+-----------+--------+--------+
