

================================================================
== Synthesis Summary Report of 'huffman_sort'
================================================================
+ General Information: 
    * Date:           Fri May  2 19:56:56 2025
    * Version:        2022.2.2 (Build 3779808 on Feb 17 2023)
    * Project:        huffman_sort
    * Solution:       solution1 (Vivado IP Flow Target)
    * Product family: virtexuplus
    * Target device:  xcu55c-fsvh2892-2L-e
    

+ Performance & Resource Estimates: 
    
    PS: '+' for module; 'o' for loop; '*' for dataflow
    +-----------------------------------------------+------+------+---------+-----------+----------+---------+------+----------+---------+----+-----------+------------+-----+
    |                    Modules                    | Issue|      | Latency |  Latency  | Iteration|         | Trip |          |         |    |           |            |     |
    |                    & Loops                    | Type | Slack| (cycles)|    (ns)   |  Latency | Interval| Count| Pipelined|  BRAM   | DSP|     FF    |     LUT    | URAM|
    +-----------------------------------------------+------+------+---------+-----------+----------+---------+------+----------+---------+----+-----------+------------+-----+
    |+ huffman_sort                                 |     -|  0.79|     4740|  2.370e+04|         -|     4741|     -|        no|  4 (~0%)|   -|  900 (~0%)|  1720 (~0%)|    -|
    | + huffman_sort_Pipeline_copy_in_to_sorting    |     -|  1.25|      258|  1.290e+03|         -|      258|     -|        no|        -|   -|   21 (~0%)|    65 (~0%)|    -|
    |  o copy_in_to_sorting                         |     -|  3.65|      256|  1.280e+03|         2|        1|   256|       yes|        -|   -|          -|           -|    -|
    | o radix_sort                                  |     -|  3.65|     4480|  2.240e+04|       560|        -|     8|        no|        -|   -|          -|           -|    -|
    |  + huffman_sort_Pipeline_init_histogram       |     -|  2.56|       18|     90.000|         -|       18|     -|        no|        -|   -|  167 (~0%)|   193 (~0%)|    -|
    |   o init_histogram                            |     -|  3.65|       16|     80.000|         1|        1|    16|       yes|        -|   -|          -|           -|    -|
    |  + huffman_sort_Pipeline_compute_histogram    |     -|  0.79|      259|  1.295e+03|         -|      259|     -|        no|        -|   -|  183 (~0%)|   388 (~0%)|    -|
    |   o compute_histogram                         |     -|  3.65|      257|  1.285e+03|         3|        1|   256|       yes|        -|   -|          -|           -|    -|
    |  + huffman_sort_Pipeline_find_digit_location  |     -|  2.04|       17|     85.000|         -|       17|     -|        no|        -|   -|  158 (~0%)|   363 (~0%)|    -|
    |   o find_digit_location                       |     -|  3.65|       15|     75.000|         1|        1|    15|       yes|        -|   -|          -|           -|    -|
    |  + huffman_sort_Pipeline_re_sort              |     -|  1.25|      258|  1.290e+03|         -|      258|     -|        no|        -|   -|   22 (~0%)|   366 (~0%)|    -|
    |   o re_sort                                   |     -|  3.65|      256|  1.280e+03|         2|        1|   256|       yes|        -|   -|          -|           -|    -|
    +-----------------------------------------------+------+------+---------+-----------+----------+---------+------+----------+---------+----+-----------+------------+-----+


================================================================
== HW Interfaces
================================================================
* AP_MEMORY
+----------------+----------+
| Interface      | Bitwidth |
+----------------+----------+
| in_r_address0  | 8        |
| in_r_q0        | 42       |
| out_r_address0 | 8        |
| out_r_d0       | 42       |
+----------------+----------+

* Other Ports
+-------------+---------+----------+
| Interface   | Mode    | Bitwidth |
+-------------+---------+----------+
| num_symbols | ap_none | 32       |
+-------------+---------+----------+

* TOP LEVEL CONTROL
+-----------+------------+-----------------------------------+
| Interface | Type       | Ports                             |
+-----------+------------+-----------------------------------+
| ap_clk    | clock      | ap_clk                            |
| ap_rst    | reset      | ap_rst                            |
| ap_ctrl   | ap_ctrl_hs | ap_done ap_idle ap_ready ap_start |
+-----------+------------+-----------------------------------+


================================================================
== SW I/O Information
================================================================
* Top Function Arguments
+-------------+-----------+----------+
| Argument    | Direction | Datatype |
+-------------+-----------+----------+
| in          | in        | Symbol*  |
| num_symbols | in        | int      |
| out         | out       | Symbol*  |
+-------------+-----------+----------+

* SW-to-HW Mapping
+-------------+----------------+---------+----------+
| Argument    | HW Interface   | HW Type | HW Usage |
+-------------+----------------+---------+----------+
| in          | in_r_address0  | port    | offset   |
| in          | in_r_ce0       | port    |          |
| in          | in_r_q0        | port    |          |
| num_symbols | num_symbols    | port    |          |
| out         | out_r_address0 | port    | offset   |
| out         | out_r_ce0      | port    |          |
| out         | out_r_we0      | port    |          |
| out         | out_r_d0       | port    |          |
+-------------+----------------+---------+----------+


================================================================
== M_AXI Burst Information
================================================================
 Note: All burst requests might be further partitioned into multiple requests during RTL generation based on max_read_burst_length or max_write_burst_length settings.

  No burst in design

================================================================
== Bind Op Report
================================================================
+----------------------------------------------+-----+--------+----------------------+-----+--------+---------+
| Name                                         | DSP | Pragma | Variable             | Op  | Impl   | Latency |
+----------------------------------------------+-----+--------+----------------------+-----+--------+---------+
| + huffman_sort                               | 0   |        |                      |     |        |         |
|   shift_fu_664_p2                            | -   |        | shift                | add | fabric | 0       |
|  + huffman_sort_Pipeline_copy_in_to_sorting  | 0   |        |                      |     |        |         |
|    add_ln20_fu_107_p2                        | -   |        | add_ln20             | add | fabric | 0       |
|  + huffman_sort_Pipeline_init_histogram      | 0   |        |                      |     |        |         |
|    add_ln28_fu_492_p2                        | -   |        | add_ln28             | add | fabric | 0       |
|  + huffman_sort_Pipeline_compute_histogram   | 0   |        |                      |     |        |         |
|    add_ln34_fu_585_p2                        | -   |        | add_ln34             | add | fabric | 0       |
|    digit_histogram_V_46_fu_698_p2            | -   |        | digit_histogram_V_46 | add | fabric | 0       |
|  + huffman_sort_Pipeline_find_digit_location | 0   |        |                      |     |        |         |
|    digit_location_V_30_fu_693_p2             | -   |        | digit_location_V_30  | add | fabric | 0       |
|    add_ln44_fu_774_p2                        | -   |        | add_ln44             | add | fabric | 0       |
|  + huffman_sort_Pipeline_re_sort             | 0   |        |                      |     |        |         |
|    add_ln49_fu_437_p2                        | -   |        | add_ln49             | add | fabric | 0       |
|    digit_location_V_1_fu_572_p2              | -   |        | digit_location_V_1   | add | fabric | 0       |
+----------------------------------------------+-----+--------+----------------------+-----+--------+---------+


================================================================
== Bind Storage Report
================================================================
+----------------------------------+------+------+--------+------------------------------+---------+------+---------+
| Name                             | BRAM | URAM | Pragma | Variable                     | Storage | Impl | Latency |
+----------------------------------+------+------+--------+------------------------------+---------+------+---------+
| + huffman_sort                   | 4    | 0    |        |                              |         |      |         |
|   previous_sorting_value_V_U     | 1    | -    |        | previous_sorting_value_V     | ram_1p  | auto | 1       |
|   previous_sorting_frequency_V_U | 1    | -    |        | previous_sorting_frequency_V | ram_1p  | auto | 1       |
|   sorting_value_V_U              | 1    | -    |        | sorting_value_V              | ram_1p  | auto | 1       |
|   sorting_frequency_V_U          | 1    | -    |        | sorting_frequency_V          | ram_1p  | auto | 1       |
|   current_digit_V_U              | -    | -    |        | current_digit_V              | ram_1p  | auto | 1       |
+----------------------------------+------+------+--------+------------------------------+---------+------+---------+


================================================================
== Pragma Report
================================================================
* Valid Pragma Syntax
+-----------------+-----------------------------------------+-----------------------------------------------------------+
| Type            | Options                                 | Location                                                  |
+-----------------+-----------------------------------------+-----------------------------------------------------------+
| array_partition | variable=digit_location complete dim=1  | huffman_sort_fast.cpp:13 in huffman_sort, digit_location  |
| array_partition | variable=digit_histogram complete dim=1 | huffman_sort_fast.cpp:14 in huffman_sort, digit_histogram |
| pipeline        | II=1                                    | huffman_sort_fast.cpp:21 in huffman_sort                  |
| pipeline        | II=1                                    | huffman_sort_fast.cpp:29 in huffman_sort                  |
| pipeline        | II=1                                    | huffman_sort_fast.cpp:35 in huffman_sort                  |
| pipeline        | II=1                                    | huffman_sort_fast.cpp:45 in huffman_sort                  |
| pipeline        | II=1                                    | huffman_sort_fast.cpp:50 in huffman_sort                  |
+-----------------+-----------------------------------------+-----------------------------------------------------------+


