remark: aes_tableless.c:36:0: Inlining function 'gf_log' into 'gf_mulinv'
remark: aes_tableless.c:36:0: Inlining function 'gf_alog' into 'gf_mulinv'
remark: aes_tableless.c:42:0: Inlining function 'gf_mulinv' into 'rj_sbox'
remark: aes_tableless.c:60:0: Inlining function 'rj_sbox' into 'aes_subBytes'
remark: aes_tableless.c:97:0: Inlining function 'rj_xtime' into 'aes_mixColumns'
remark: aes_tableless.c:134:0: Inlining function 'aes_addRoundKey_cpy' into 'aes256_encrypt_ecb'
remark: aes_tableless.c:134:0: Inlining function 'aes_shiftRows' into 'aes256_encrypt_ecb'
remark: aes_tableless.c:134:0: Inlining function 'aes_mixColumns' into 'aes256_encrypt_ecb'
remark: aes_tableless.c:134:0: Inlining function 'aes_addRoundKey' into 'aes256_encrypt_ecb'
remark: aes_tableless.c:134:0: Aggregating scalar variable 'ctx' with compact=bit mode in 768-bits
remark: aes_tableless.c:25:12: Could not analyze the loop bounds _XLX_SEP_ glog aes_tableless.c:25:12 rj_sbox 
remark: aes_tableless.c:25:12: Could not analyze the loop bounds _XLX_SEP_ glog aes_tableless.c:25:12 aes_subBytes 
remark: aes_tableless.c:140:41: Alignment is insufficient, current alignment is 1 byte(s) but 128 is required _XLX_SEP_ for.inc.load.7 ctx  aes256_encrypt_ecb 
remark: aes_tableless.c:140:24: Alignment is insufficient, current alignment is 1 byte(s) but 128 is required _XLX_SEP_ for.inc.store.22 ctx  aes256_encrypt_ecb 
remark: aes_tableless.c:79:45: Alignment is insufficient, current alignment is 1 byte(s) but 128 is required _XLX_SEP_ while.body.i.load.3 ctx  aes256_encrypt_ecb 
remark: aes_tableless.c:79:64: Alignment is insufficient, current alignment is 1 byte(s) but 128 is required _XLX_SEP_ while.body.i.store.40 ctx  aes256_encrypt_ecb 
remark: aes_tableless.c:71:36: Alignment is insufficient, current alignment is 1 byte(s) but 128 is required _XLX_SEP_ while.body.i40.load.2 ctx  aes256_encrypt_ecb 
remark: aes_tableless.c:71:36: Alignment is insufficient, current alignment is 1 byte(s) but 128 is required _XLX_SEP_ while.body.i64.load.2 ctx  aes256_encrypt_ecb 
remark: aes_tableless.c:121:34: Alignment is insufficient, current alignment is 1 byte(s) but 128 is required _XLX_SEP_ for.inc.store.110 k  aes_expandEncKey 
remark: aes_tableless.c:128:34: Alignment is insufficient, current alignment is 1 byte(s) but 128 is required _XLX_SEP_ for.inc156.store.110 k  aes_expandEncKey 
