

================================================================
== Vitis HLS Report for 'aes_subBytes_1'
================================================================
* Date:           Fri Apr  4 01:45:06 2025

* Version:        2022.2.2 (Build 3779808 on Feb 17 2023)
* Project:        hls_prj
* Solution:       solution (Vivado IP Flow Target)
* Product family: virtexuplus
* Target device:  xcu55c-fsvh2892-2L-e


================================================================
== Performance Estimates
================================================================
+ Timing: 
    * Summary: 
    +--------+---------+----------+------------+
    |  Clock |  Target | Estimated| Uncertainty|
    +--------+---------+----------+------------+
    |ap_clk  |  5.00 ns|  2.487 ns|     1.35 ns|
    +--------+---------+----------+------------+

+ Latency: 
    * Summary: 
    +---------+---------+----------+----------+-----+-----+---------+
    |  Latency (cycles) |  Latency (absolute) |  Interval | Pipeline|
    |   min   |   max   |    min   |    max   | min | max |   Type  |
    +---------+---------+----------+----------+-----+-----+---------+
    |        ?|        ?|         ?|         ?|    ?|    ?|       no|
    +---------+---------+----------+----------+-----+-----+---------+

    + Detail: 
        * Instance: 
        +-----------------------------------------+------------------------------+---------+---------+-----------+----------+-----+-----+---------+
        |                                         |                              |  Latency (cycles) |  Latency (absolute)  |  Interval | Pipeline|
        |                 Instance                |            Module            |   min   |   max   |    min    |    max   | min | max |   Type  |
        +-----------------------------------------+------------------------------+---------+---------+-----------+----------+-----+-----+---------+
        |grp_aes_subBytes_1_Pipeline_glog_fu_108  |aes_subBytes_1_Pipeline_glog  |        ?|        ?|          ?|         ?|    ?|    ?|       no|
        |grp_aes_subBytes_1_Pipeline_alog_fu_115  |aes_subBytes_1_Pipeline_alog  |        3|        ?|  15.000 ns|         ?|    3|    ?|       no|
        +-----------------------------------------+------------------------------+---------+---------+-----------+----------+-----+-----+---------+

        * Loop: 
        +----------+---------+---------+----------+-----------+-----------+------+----------+
        |          |  Latency (cycles) | Iteration|  Initiation Interval  | Trip |          |
        | Loop Name|   min   |   max   |  Latency |  achieved |   target  | Count| Pipelined|
        +----------+---------+---------+----------+-----------+-----------+------+----------+
        |- sub     |        ?|        ?|         ?|          -|          -|    16|        no|
        +----------+---------+---------+----------+-----------+-----------+------+----------+



================================================================
== Utilization Estimates
================================================================
* Summary: 
+---------------------+---------+------+---------+---------+-----+
|         Name        | BRAM_18K|  DSP |    FF   |   LUT   | URAM|
+---------------------+---------+------+---------+---------+-----+
|DSP                  |        -|     -|        -|        -|    -|
|Expression           |        -|     -|        0|      106|    -|
|FIFO                 |        -|     -|        -|        -|    -|
|Instance             |        -|     -|       37|      238|    -|
|Memory               |        -|     -|        -|        -|    -|
|Multiplexer          |        -|     -|        -|       89|    -|
|Register             |        -|     -|       60|        -|    -|
+---------------------+---------+------+---------+---------+-----+
|Total                |        0|     0|       97|      433|    0|
+---------------------+---------+------+---------+---------+-----+
|Available SLR        |     1344|  3008|   869120|   434560|  320|
+---------------------+---------+------+---------+---------+-----+
|Utilization SLR (%)  |        0|     0|       ~0|       ~0|    0|
+---------------------+---------+------+---------+---------+-----+
|Available            |     4032|  9024|  2607360|  1303680|  960|
+---------------------+---------+------+---------+---------+-----+
|Utilization (%)      |        0|     0|       ~0|       ~0|    0|
+---------------------+---------+------+---------+---------+-----+

+ Detail: 
    * Instance: 
    +-----------------------------------------+------------------------------+---------+----+----+-----+-----+
    |                 Instance                |            Module            | BRAM_18K| DSP| FF | LUT | URAM|
    +-----------------------------------------+------------------------------+---------+----+----+-----+-----+
    |grp_aes_subBytes_1_Pipeline_alog_fu_115  |aes_subBytes_1_Pipeline_alog  |        0|   0|  18|   95|    0|
    |grp_aes_subBytes_1_Pipeline_glog_fu_108  |aes_subBytes_1_Pipeline_glog  |        0|   0|  19|  143|    0|
    +-----------------------------------------+------------------------------+---------+----+----+-----+-----+
    |Total                                    |                              |        0|   0|  37|  238|    0|
    +-----------------------------------------+------------------------------+---------+----+----+-----+-----+

    * DSP: 
    N/A

    * Memory: 
    N/A

    * FIFO: 
    N/A

    * Expression: 
    +----------------------+----------+----+---+----+------------+------------+
    |     Variable Name    | Operation| DSP| FF| LUT| Bitwidth P0| Bitwidth P1|
    +----------------------+----------+----+---+----+------------+------------+
    |add_ln63_fu_284_p2    |         +|   0|  0|  12|           4|           2|
    |sub_ln15_fu_150_p2    |         -|   0|  0|  15|           3|           8|
    |icmp_ln15_fu_157_p2   |      icmp|   0|  0|  11|           8|           2|
    |icmp_ln37_fu_134_p2   |      icmp|   0|  0|  11|           8|           1|
    |icmp_ln63_fu_289_p2   |      icmp|   0|  0|   9|           4|           1|
    |i_5_fu_143_p3         |    select|   0|  0|   8|           1|           8|
    |buf_r_d0              |       xor|   0|  0|   8|           8|           8|
    |xor_ln49_5_fu_253_p2  |       xor|   0|  0|   8|           8|           8|
    |xor_ln49_6_fu_259_p2  |       xor|   0|  0|   8|           8|           8|
    |xor_ln49_7_fu_265_p2  |       xor|   0|  0|   8|           8|           7|
    |xor_ln49_8_fu_271_p2  |       xor|   0|  0|   8|           8|           8|
    +----------------------+----------+----+---+----+------------+------------+
    |Total                 |          |   0|  0| 106|          68|          61|
    +----------------------+----------+----+---+----+------------+------------+

    * Multiplexer: 
    +------------------------------+----+-----------+-----+-----------+
    |             Name             | LUT| Input Size| Bits| Total Bits|
    +------------------------------+----+-----------+-----+-----------+
    |ap_NS_fsm                     |  43|          8|    1|          8|
    |ap_phi_mux_y_10_phi_fu_98_p6  |   9|          2|    8|         16|
    |buf_r_address0                |  14|          3|    4|         12|
    |i_fu_68                       |   9|          2|    4|          8|
    |y_10_reg_93                   |  14|          3|    8|         24|
    +------------------------------+----+-----------+-----+-----------+
    |Total                         |  89|         18|   25|         68|
    +------------------------------+----+-----------+-----+-----------+

    * Register: 
    +------------------------------------------------------+---+----+-----+-----------+
    |                         Name                         | FF| LUT| Bits| Const Bits|
    +------------------------------------------------------+---+----+-----+-----------+
    |ap_CS_fsm                                             |  7|   0|    7|          0|
    |atb_20_loc_fu_72                                      |  8|   0|    8|          0|
    |buf_r_addr_reg_321                                    |  4|   0|    4|          0|
    |buf_r_load_reg_326                                    |  8|   0|    8|          0|
    |grp_aes_subBytes_1_Pipeline_alog_fu_115_ap_start_reg  |  1|   0|    1|          0|
    |grp_aes_subBytes_1_Pipeline_glog_fu_108_ap_start_reg  |  1|   0|    1|          0|
    |i_fu_68                                               |  4|   0|    4|          0|
    |i_loc_fu_76                                           |  8|   0|    8|          0|
    |icmp_ln15_reg_345                                     |  1|   0|    1|          0|
    |icmp_ln37_reg_331                                     |  1|   0|    1|          0|
    |sub_ln15_reg_340                                      |  8|   0|    8|          0|
    |targetBlock_reg_335                                   |  1|   0|    1|          0|
    |y_10_reg_93                                           |  8|   0|    8|          0|
    +------------------------------------------------------+---+----+-----+-----------+
    |Total                                                 | 60|   0|   60|          0|
    +------------------------------------------------------+---+----+-----+-----------+



================================================================
== Interface
================================================================
* Summary: 
+----------------+-----+-----+------------+----------------+--------------+
|    RTL Ports   | Dir | Bits|  Protocol  |  Source Object |    C Type    |
+----------------+-----+-----+------------+----------------+--------------+
|ap_clk          |   in|    1|  ap_ctrl_hs|  aes_subBytes.1|  return value|
|ap_rst          |   in|    1|  ap_ctrl_hs|  aes_subBytes.1|  return value|
|ap_start        |   in|    1|  ap_ctrl_hs|  aes_subBytes.1|  return value|
|ap_done         |  out|    1|  ap_ctrl_hs|  aes_subBytes.1|  return value|
|ap_idle         |  out|    1|  ap_ctrl_hs|  aes_subBytes.1|  return value|
|ap_ready        |  out|    1|  ap_ctrl_hs|  aes_subBytes.1|  return value|
|buf_r_address0  |  out|    4|   ap_memory|           buf_r|         array|
|buf_r_ce0       |  out|    1|   ap_memory|           buf_r|         array|
|buf_r_we0       |  out|    1|   ap_memory|           buf_r|         array|
|buf_r_d0        |  out|    8|   ap_memory|           buf_r|         array|
|buf_r_q0        |   in|    8|   ap_memory|           buf_r|         array|
+----------------+-----+-----+------------+----------------+--------------+

============================================================
+ Verbose Summary: Synthesis Manager
============================================================
InlineROM: 1
ExposeGlobal: 0
============================================================
+ Verbose Summary: CDFG Model
============================================================
IsTopModel: 0
ResetActiveHigh: 1
IsCombinational: 2
IsDatapathOnly: 2
HasWiredReturn: 1
HasMFsm: 0
HasVarLatency: 1
IsPipeline: 0
IsRtlPipelined: 0
IsInstanceOverlapped: 0
IsDontTouch: 0
HasImplIP: 0
IsGatedGlobalClock: 0


============================================================
+ Verbose Summary: Schedule
============================================================
* Number of FSM states : 7
* Pipeline : 0
* Dataflow Pipeline: 0

* FSM state transitions: 
1 --> 2 
2 --> 3 
3 --> 4 7 
4 --> 5 
5 --> 6 7 
6 --> 7 
7 --> 2 

* FSM state operations: 

State 1 <SV = 0> <Delay = 0.38>
ST_1 : Operation 8 [1/1] (0.00ns)   --->   "%i = alloca i32 1"   --->   Operation 8 'alloca' 'i' <Predicate = true> <Delay = 0.00>
ST_1 : Operation 9 [1/1] (0.00ns)   --->   "%atb_20_loc = alloca i64 1"   --->   Operation 9 'alloca' 'atb_20_loc' <Predicate = true> <Delay = 0.00>
ST_1 : Operation 10 [1/1] (0.00ns)   --->   "%i_loc = alloca i64 1"   --->   Operation 10 'alloca' 'i_loc' <Predicate = true> <Delay = 0.00>
ST_1 : Operation 11 [1/1] (0.00ns)   --->   "%specinterface_ln0 = specinterface void @_ssdm_op_SpecInterface, i8 %buf_r, void @empty_0, i32 0, i32 0, void @empty, i32 4294967295, i32 0, void @empty, void @empty, void @empty, i32 0, i32 0, i32 0, i32 0, void @empty, void @empty, i32 4294967295, i32 0"   --->   Operation 11 'specinterface' 'specinterface_ln0' <Predicate = true> <Delay = 0.00>
ST_1 : Operation 12 [1/1] (0.38ns)   --->   "%store_ln63 = store i4 15, i4 %i" [aes_tableless.c:63]   --->   Operation 12 'store' 'store_ln63' <Predicate = true> <Delay = 0.38>
ST_1 : Operation 13 [1/1] (0.00ns)   --->   "%br_ln63 = br void %while.body" [aes_tableless.c:63]   --->   Operation 13 'br' 'br_ln63' <Predicate = true> <Delay = 0.00>

State 2 <SV = 1> <Delay = 0.66>
ST_2 : Operation 14 [1/1] (0.00ns)   --->   "%i_6 = load i4 %i" [aes_tableless.c:63]   --->   Operation 14 'load' 'i_6' <Predicate = true> <Delay = 0.00>
ST_2 : Operation 15 [1/1] (0.00ns)   --->   "%zext_ln63 = zext i4 %i_6" [aes_tableless.c:63]   --->   Operation 15 'zext' 'zext_ln63' <Predicate = true> <Delay = 0.00>
ST_2 : Operation 16 [1/1] (0.00ns)   --->   "%buf_r_addr = getelementptr i8 %buf_r, i64 0, i64 %zext_ln63" [aes_tableless.c:63]   --->   Operation 16 'getelementptr' 'buf_r_addr' <Predicate = true> <Delay = 0.00>
ST_2 : Operation 17 [2/2] (0.66ns)   --->   "%buf_r_load = load i4 %buf_r_addr" [aes_tableless.c:63]   --->   Operation 17 'load' 'buf_r_load' <Predicate = true> <Delay = 0.66> <CoreInst = "RAM">   --->   Core 83 'RAM' <Latency = 1> <II = 1> <Delay = 0.66> <Storage> <Opcode : 'load' 'store'> <Ports = 2> <Width = 8> <Depth = 16> <RAM>

State 3 <SV = 2> <Delay = 2.21>
ST_3 : Operation 18 [1/1] (0.00ns)   --->   "%specloopname_ln63 = specloopname void @_ssdm_op_SpecLoopName, void @empty_11" [aes_tableless.c:63]   --->   Operation 18 'specloopname' 'specloopname_ln63' <Predicate = true> <Delay = 0.00>
ST_3 : Operation 19 [1/2] (0.66ns)   --->   "%buf_r_load = load i4 %buf_r_addr" [aes_tableless.c:63]   --->   Operation 19 'load' 'buf_r_load' <Predicate = true> <Delay = 0.66> <CoreInst = "RAM">   --->   Core 83 'RAM' <Latency = 1> <II = 1> <Delay = 0.66> <Storage> <Opcode : 'load' 'store'> <Ports = 2> <Width = 8> <Depth = 16> <RAM>
ST_3 : Operation 20 [1/1] (0.58ns)   --->   "%icmp_ln37 = icmp_eq  i8 %buf_r_load, i8 0" [aes_tableless.c:37]   --->   Operation 20 'icmp' 'icmp_ln37' <Predicate = true> <Delay = 0.58> <CoreInst = "Cmp">   --->   Core 9 'Cmp' <Latency = 0> <II = 1> <Delay = 0.58> <FuncUnit> <Opcode : 'icmp'> <InPorts = 2> <OutPorts = 1>
ST_3 : Operation 21 [1/1] (0.00ns)   --->   "%empty = speclooptripcount i32 @_ssdm_op_SpecLoopTripCount, i64 16, i64 16, i64 16"   --->   Operation 21 'speclooptripcount' 'empty' <Predicate = true> <Delay = 0.00>
ST_3 : Operation 22 [1/1] (0.41ns)   --->   "%br_ln37 = br i1 %icmp_ln37, void %do.body.i.i.i.preheader, void %rj_sbox.exit" [aes_tableless.c:37]   --->   Operation 22 'br' 'br_ln37' <Predicate = true> <Delay = 0.41>
ST_3 : Operation 23 [2/2] (0.96ns)   --->   "%targetBlock = call i1 @aes_subBytes.1_Pipeline_glog, i8 %buf_r_load, i8 %i_loc" [aes_tableless.c:63]   --->   Operation 23 'call' 'targetBlock' <Predicate = (!icmp_ln37)> <Delay = 0.96> <CoreType = "Generic">   --->   Core 0 '' <Latency = 0> <II = 1> <Delay = 1.00> <Generic> <Opcode : >

State 4 <SV = 3> <Delay = 0.96>
ST_4 : Operation 24 [1/2] (0.96ns)   --->   "%targetBlock = call i1 @aes_subBytes.1_Pipeline_glog, i8 %buf_r_load, i8 %i_loc" [aes_tableless.c:63]   --->   Operation 24 'call' 'targetBlock' <Predicate = true> <Delay = 0.96> <CoreType = "Generic">   --->   Core 0 '' <Latency = 0> <II = 1> <Delay = 1.00> <Generic> <Opcode : >

State 5 <SV = 4> <Delay = 2.48>
ST_5 : Operation 25 [1/1] (0.00ns)   --->   "%i_loc_load = load i8 %i_loc"   --->   Operation 25 'load' 'i_loc_load' <Predicate = (targetBlock)> <Delay = 0.00>
ST_5 : Operation 26 [1/1] (0.30ns)   --->   "%i_5 = select i1 %targetBlock, i8 %i_loc_load, i8 0" [aes_tableless.c:26]   --->   Operation 26 'select' 'i_5' <Predicate = true> <Delay = 0.30> <CoreInst = "Sel">   --->   Core 73 'Sel' <Latency = 0> <II = 1> <Delay = 0.30> <FuncUnit> <Opcode : 'select'> <InPorts = 3> <OutPorts = 1>
ST_5 : Operation 27 [1/1] (0.70ns)   --->   "%sub_ln15 = sub i8 254, i8 %i_5" [aes_tableless.c:15]   --->   Operation 27 'sub' 'sub_ln15' <Predicate = true> <Delay = 0.70> <CoreInst = "Adder">   --->   Core 1 'Adder' <Latency = 0> <II = 1> <Delay = 0.70> <FuncUnit> <Opcode : 'add' 'sub'> <InPorts = 2> <OutPorts = 1>
ST_5 : Operation 28 [1/1] (0.58ns)   --->   "%icmp_ln15 = icmp_eq  i8 %i_5, i8 255" [aes_tableless.c:15]   --->   Operation 28 'icmp' 'icmp_ln15' <Predicate = true> <Delay = 0.58> <CoreInst = "Cmp">   --->   Core 9 'Cmp' <Latency = 0> <II = 1> <Delay = 0.58> <FuncUnit> <Opcode : 'icmp'> <InPorts = 2> <OutPorts = 1>
ST_5 : Operation 29 [1/1] (0.41ns)   --->   "%br_ln15 = br i1 %icmp_ln15, void %while.body.i.i.i.preheader, void %rj_sbox.exit" [aes_tableless.c:15]   --->   Operation 29 'br' 'br_ln15' <Predicate = true> <Delay = 0.41>
ST_5 : Operation 30 [2/2] (1.47ns)   --->   "%call_ln15 = call void @aes_subBytes.1_Pipeline_alog, i8 %sub_ln15, i8 %atb_20_loc" [aes_tableless.c:15]   --->   Operation 30 'call' 'call_ln15' <Predicate = (!icmp_ln15)> <Delay = 1.47> <CoreType = "Generic">   --->   Core 0 '' <Latency = 0> <II = 1> <Delay = 1.00> <Generic> <Opcode : >

State 6 <SV = 5> <Delay = 0.96>
ST_6 : Operation 31 [1/2] (0.96ns)   --->   "%call_ln15 = call void @aes_subBytes.1_Pipeline_alog, i8 %sub_ln15, i8 %atb_20_loc" [aes_tableless.c:15]   --->   Operation 31 'call' 'call_ln15' <Predicate = true> <Delay = 0.96> <CoreType = "Generic">   --->   Core 0 '' <Latency = 0> <II = 1> <Delay = 1.00> <Generic> <Opcode : >

State 7 <SV = 6> <Delay = 1.31>
ST_7 : Operation 32 [1/1] (0.00ns)   --->   "%atb_20_loc_load = load i8 %atb_20_loc"   --->   Operation 32 'load' 'atb_20_loc_load' <Predicate = (!icmp_ln37 & !icmp_ln15)> <Delay = 0.00>
ST_7 : Operation 33 [1/1] (0.41ns)   --->   "%br_ln0 = br void %rj_sbox.exit"   --->   Operation 33 'br' 'br_ln0' <Predicate = (!icmp_ln37 & !icmp_ln15)> <Delay = 0.41>
ST_7 : Operation 34 [1/1] (0.00ns)   --->   "%y_10 = phi i8 %atb_20_loc_load, void %while.body.i.i.i.preheader, i8 0, void %while.body, i8 1, void %do.body.i.i.i.preheader" [aes_tableless.c:37]   --->   Operation 34 'phi' 'y_10' <Predicate = true> <Delay = 0.00>
ST_7 : Operation 35 [1/1] (0.00ns) (grouped into LUT with out node xor_ln49)   --->   "%trunc_ln46 = trunc i8 %y_10" [aes_tableless.c:46]   --->   Operation 35 'trunc' 'trunc_ln46' <Predicate = true> <Delay = 0.00>
ST_7 : Operation 36 [1/1] (0.00ns) (grouped into LUT with out node xor_ln49)   --->   "%tmp = bitselect i1 @_ssdm_op_BitSelect.i1.i8.i32, i8 %y_10, i32 7" [aes_tableless.c:46]   --->   Operation 36 'bitselect' 'tmp' <Predicate = true> <Delay = 0.00>
ST_7 : Operation 37 [1/1] (0.00ns) (grouped into LUT with out node xor_ln49)   --->   "%y = bitconcatenate i8 @_ssdm_op_BitConcatenate.i8.i7.i1, i7 %trunc_ln46, i1 %tmp" [aes_tableless.c:46]   --->   Operation 37 'bitconcatenate' 'y' <Predicate = true> <Delay = 0.00>
ST_7 : Operation 38 [1/1] (0.00ns) (grouped into LUT with out node xor_ln49)   --->   "%trunc_ln46_2 = trunc i8 %y_10" [aes_tableless.c:46]   --->   Operation 38 'trunc' 'trunc_ln46_2' <Predicate = true> <Delay = 0.00>
ST_7 : Operation 39 [1/1] (0.00ns) (grouped into LUT with out node xor_ln49)   --->   "%tmp_s = partselect i2 @_ssdm_op_PartSelect.i2.i8.i32.i32, i8 %y_10, i32 6, i32 7" [aes_tableless.c:46]   --->   Operation 39 'partselect' 'tmp_s' <Predicate = true> <Delay = 0.00>
ST_7 : Operation 40 [1/1] (0.00ns) (grouped into LUT with out node xor_ln49)   --->   "%y_7 = bitconcatenate i8 @_ssdm_op_BitConcatenate.i8.i6.i2, i6 %trunc_ln46_2, i2 %tmp_s" [aes_tableless.c:46]   --->   Operation 40 'bitconcatenate' 'y_7' <Predicate = true> <Delay = 0.00>
ST_7 : Operation 41 [1/1] (0.00ns) (grouped into LUT with out node xor_ln49)   --->   "%trunc_ln47 = trunc i8 %y_10" [aes_tableless.c:47]   --->   Operation 41 'trunc' 'trunc_ln47' <Predicate = true> <Delay = 0.00>
ST_7 : Operation 42 [1/1] (0.00ns) (grouped into LUT with out node xor_ln49)   --->   "%tmp_1 = partselect i3 @_ssdm_op_PartSelect.i3.i8.i32.i32, i8 %y_10, i32 5, i32 7" [aes_tableless.c:47]   --->   Operation 42 'partselect' 'tmp_1' <Predicate = true> <Delay = 0.00>
ST_7 : Operation 43 [1/1] (0.00ns) (grouped into LUT with out node xor_ln49)   --->   "%y_8 = bitconcatenate i8 @_ssdm_op_BitConcatenate.i8.i5.i3, i5 %trunc_ln47, i3 %tmp_1" [aes_tableless.c:47]   --->   Operation 43 'bitconcatenate' 'y_8' <Predicate = true> <Delay = 0.00>
ST_7 : Operation 44 [1/1] (0.00ns) (grouped into LUT with out node xor_ln49)   --->   "%trunc_ln47_2 = trunc i8 %y_10" [aes_tableless.c:47]   --->   Operation 44 'trunc' 'trunc_ln47_2' <Predicate = true> <Delay = 0.00>
ST_7 : Operation 45 [1/1] (0.00ns) (grouped into LUT with out node xor_ln49)   --->   "%tmp_2 = partselect i4 @_ssdm_op_PartSelect.i4.i8.i32.i32, i8 %y_10, i32 4, i32 7" [aes_tableless.c:47]   --->   Operation 45 'partselect' 'tmp_2' <Predicate = true> <Delay = 0.00>
ST_7 : Operation 46 [1/1] (0.00ns) (grouped into LUT with out node xor_ln49)   --->   "%y_9 = bitconcatenate i8 @_ssdm_op_BitConcatenate.i8.i4.i4, i4 %trunc_ln47_2, i4 %tmp_2" [aes_tableless.c:47]   --->   Operation 46 'bitconcatenate' 'y_9' <Predicate = true> <Delay = 0.00>
ST_7 : Operation 47 [1/1] (0.00ns) (grouped into LUT with out node xor_ln49)   --->   "%xor_ln49_5 = xor i8 %y, i8 %y_7" [aes_tableless.c:49]   --->   Operation 47 'xor' 'xor_ln49_5' <Predicate = true> <Delay = 0.00> <CoreInst = "LogicGate">   --->   Core 74 'LogicGate' <Latency = 0> <II = 1> <Delay = 0.22> <FuncUnit> <Opcode : 'and' 'or' 'xor'> <InPorts = 2> <OutPorts = 1>
ST_7 : Operation 48 [1/1] (0.00ns) (grouped into LUT with out node xor_ln49)   --->   "%xor_ln49_6 = xor i8 %xor_ln49_5, i8 %y_10" [aes_tableless.c:49]   --->   Operation 48 'xor' 'xor_ln49_6' <Predicate = true> <Delay = 0.00> <CoreInst = "LogicGate">   --->   Core 74 'LogicGate' <Latency = 0> <II = 1> <Delay = 0.22> <FuncUnit> <Opcode : 'and' 'or' 'xor'> <InPorts = 2> <OutPorts = 1>
ST_7 : Operation 49 [1/1] (0.00ns) (grouped into LUT with out node xor_ln49)   --->   "%xor_ln49_7 = xor i8 %y_9, i8 99" [aes_tableless.c:49]   --->   Operation 49 'xor' 'xor_ln49_7' <Predicate = true> <Delay = 0.00> <CoreInst = "LogicGate">   --->   Core 74 'LogicGate' <Latency = 0> <II = 1> <Delay = 0.22> <FuncUnit> <Opcode : 'and' 'or' 'xor'> <InPorts = 2> <OutPorts = 1>
ST_7 : Operation 50 [1/1] (0.00ns) (grouped into LUT with out node xor_ln49)   --->   "%xor_ln49_8 = xor i8 %xor_ln49_7, i8 %y_8" [aes_tableless.c:49]   --->   Operation 50 'xor' 'xor_ln49_8' <Predicate = true> <Delay = 0.00> <CoreInst = "LogicGate">   --->   Core 74 'LogicGate' <Latency = 0> <II = 1> <Delay = 0.22> <FuncUnit> <Opcode : 'and' 'or' 'xor'> <InPorts = 2> <OutPorts = 1>
ST_7 : Operation 51 [1/1] (0.22ns) (out node of the LUT)   --->   "%xor_ln49 = xor i8 %xor_ln49_8, i8 %xor_ln49_6" [aes_tableless.c:49]   --->   Operation 51 'xor' 'xor_ln49' <Predicate = true> <Delay = 0.22> <CoreInst = "LogicGate">   --->   Core 74 'LogicGate' <Latency = 0> <II = 1> <Delay = 0.22> <FuncUnit> <Opcode : 'and' 'or' 'xor'> <InPorts = 2> <OutPorts = 1>
ST_7 : Operation 52 [1/1] (0.66ns)   --->   "%store_ln63 = store i8 %xor_ln49, i4 %buf_r_addr" [aes_tableless.c:63]   --->   Operation 52 'store' 'store_ln63' <Predicate = true> <Delay = 0.66> <CoreInst = "RAM">   --->   Core 83 'RAM' <Latency = 1> <II = 1> <Delay = 0.66> <Storage> <Opcode : 'load' 'store'> <Ports = 2> <Width = 8> <Depth = 16> <RAM>
ST_7 : Operation 53 [1/1] (0.70ns)   --->   "%add_ln63 = add i4 %i_6, i4 15" [aes_tableless.c:63]   --->   Operation 53 'add' 'add_ln63' <Predicate = true> <Delay = 0.70> <CoreInst = "Adder">   --->   Core 1 'Adder' <Latency = 0> <II = 1> <Delay = 0.70> <FuncUnit> <Opcode : 'add' 'sub'> <InPorts = 2> <OutPorts = 1>
ST_7 : Operation 54 [1/1] (0.65ns)   --->   "%icmp_ln63 = icmp_eq  i4 %i_6, i4 0" [aes_tableless.c:63]   --->   Operation 54 'icmp' 'icmp_ln63' <Predicate = true> <Delay = 0.65> <CoreInst = "Cmp">   --->   Core 9 'Cmp' <Latency = 0> <II = 1> <Delay = 0.65> <FuncUnit> <Opcode : 'icmp'> <InPorts = 2> <OutPorts = 1>
ST_7 : Operation 55 [1/1] (0.00ns)   --->   "%br_ln63 = br i1 %icmp_ln63, void %rj_sbox.exit.while.body_crit_edge, void %while.end" [aes_tableless.c:63]   --->   Operation 55 'br' 'br_ln63' <Predicate = true> <Delay = 0.00>
ST_7 : Operation 56 [1/1] (0.38ns)   --->   "%store_ln63 = store i4 %add_ln63, i4 %i" [aes_tableless.c:63]   --->   Operation 56 'store' 'store_ln63' <Predicate = (!icmp_ln63)> <Delay = 0.38>
ST_7 : Operation 57 [1/1] (0.00ns)   --->   "%br_ln63 = br void %while.body" [aes_tableless.c:63]   --->   Operation 57 'br' 'br_ln63' <Predicate = (!icmp_ln63)> <Delay = 0.00>
ST_7 : Operation 58 [1/1] (0.00ns)   --->   "%ret_ln64 = ret" [aes_tableless.c:64]   --->   Operation 58 'ret' 'ret_ln64' <Predicate = (icmp_ln63)> <Delay = 0.00>


============================================================
+ Verbose Summary: Binding
============================================================
STG Binding: 
---------------- STG Properties BEGIN ----------------
- Is combinational: 0
- Is one-state seq: 0
- Is datapath-only: 0
- Is pipelined: 0
- Is top level: 0
Port [ Return ] is wired: 1; IO mode=ap_ctrl_hs:ce=0
Port [ buf_r]:  wired=1; compound=1; hidden=0; nouse=0; global=0; static=0; extern=0; dir=2; type=1; pingpong=0; private_global=0; MemPort=[23]; IO mode=ap_memory:ce=0
---------------- STG Properties END ------------------

---------------- Datapath Model BEGIN ----------------

<LifeTime>
<method=bitvector/>
i                 (alloca           ) [ 01111111]
atb_20_loc        (alloca           ) [ 00111111]
i_loc             (alloca           ) [ 00111111]
specinterface_ln0 (specinterface    ) [ 00000000]
store_ln63        (store            ) [ 00000000]
br_ln63           (br               ) [ 00000000]
i_6               (load             ) [ 00011111]
zext_ln63         (zext             ) [ 00000000]
buf_r_addr        (getelementptr    ) [ 00011111]
specloopname_ln63 (specloopname     ) [ 00000000]
buf_r_load        (load             ) [ 00001000]
icmp_ln37         (icmp             ) [ 00111111]
empty             (speclooptripcount) [ 00000000]
br_ln37           (br               ) [ 00111111]
targetBlock       (call             ) [ 00000100]
i_loc_load        (load             ) [ 00000000]
i_5               (select           ) [ 00000000]
sub_ln15          (sub              ) [ 00000010]
icmp_ln15         (icmp             ) [ 00111111]
br_ln15           (br               ) [ 00111111]
call_ln15         (call             ) [ 00000000]
atb_20_loc_load   (load             ) [ 00000000]
br_ln0            (br               ) [ 00000000]
y_10              (phi              ) [ 00000001]
trunc_ln46        (trunc            ) [ 00000000]
tmp               (bitselect        ) [ 00000000]
y                 (bitconcatenate   ) [ 00000000]
trunc_ln46_2      (trunc            ) [ 00000000]
tmp_s             (partselect       ) [ 00000000]
y_7               (bitconcatenate   ) [ 00000000]
trunc_ln47        (trunc            ) [ 00000000]
tmp_1             (partselect       ) [ 00000000]
y_8               (bitconcatenate   ) [ 00000000]
trunc_ln47_2      (trunc            ) [ 00000000]
tmp_2             (partselect       ) [ 00000000]
y_9               (bitconcatenate   ) [ 00000000]
xor_ln49_5        (xor              ) [ 00000000]
xor_ln49_6        (xor              ) [ 00000000]
xor_ln49_7        (xor              ) [ 00000000]
xor_ln49_8        (xor              ) [ 00000000]
xor_ln49          (xor              ) [ 00000000]
store_ln63        (store            ) [ 00000000]
add_ln63          (add              ) [ 00000000]
icmp_ln63         (icmp             ) [ 00111111]
br_ln63           (br               ) [ 00000000]
store_ln63        (store            ) [ 00000000]
br_ln63           (br               ) [ 00000000]
ret_ln64          (ret              ) [ 00000000]
</LifeTime>

<model>

<comp_list>
<comp id="0" class="1000" name="buf_r">
<pin_list>
<pin id="1" dir="1" index="0" bw="1" slack="0"/>
</pin_list>
<bind>
<StgValue><ssdm name="buf_r"/><MemPortTyVec>2 3 </MemPortTyVec>
</StgValue>
</bind>
</comp>

<comp id="2" class="1001" name="const_2">
<pin_list>
<pin id="3" dir="1" index="0" bw="1" slack="0"/>
</pin_list>
<bind>
<StgValue><ssdm name=""/></StgValue>
</bind>
</comp>

<comp id="4" class="1001" name="const_4">
<pin_list>
<pin id="5" dir="1" index="0" bw="1" slack="0"/>
</pin_list>
<bind>
<StgValue><ssdm name=""/></StgValue>
</bind>
</comp>

<comp id="6" class="1001" name="const_6">
<pin_list>
<pin id="7" dir="1" index="0" bw="1" slack="2147483647"/>
</pin_list>
<bind>
<StgValue><ssdm name="_ssdm_op_SpecInterface"/></StgValue>
</bind>
</comp>

<comp id="8" class="1001" name="const_8">
<pin_list>
<pin id="9" dir="1" index="0" bw="1" slack="2147483647"/>
</pin_list>
<bind>
<StgValue><ssdm name="empty_0"/></StgValue>
</bind>
</comp>

<comp id="10" class="1001" name="const_10">
<pin_list>
<pin id="11" dir="1" index="0" bw="1" slack="2147483647"/>
</pin_list>
<bind>
<StgValue><ssdm name=""/></StgValue>
</bind>
</comp>

<comp id="12" class="1001" name="const_12">
<pin_list>
<pin id="13" dir="1" index="0" bw="1" slack="2147483647"/>
</pin_list>
<bind>
<StgValue><ssdm name="empty"/></StgValue>
</bind>
</comp>

<comp id="14" class="1001" name="const_14">
<pin_list>
<pin id="15" dir="1" index="0" bw="1" slack="2147483647"/>
</pin_list>
<bind>
<StgValue><ssdm name=""/></StgValue>
</bind>
</comp>

<comp id="16" class="1001" name="const_16">
<pin_list>
<pin id="17" dir="1" index="0" bw="1" slack="0"/>
</pin_list>
<bind>
<StgValue><ssdm name=""/></StgValue>
</bind>
</comp>

<comp id="18" class="1001" name="const_18">
<pin_list>
<pin id="19" dir="1" index="0" bw="1" slack="0"/>
</pin_list>
<bind>
<StgValue><ssdm name=""/></StgValue>
</bind>
</comp>

<comp id="20" class="1001" name="const_20">
<pin_list>
<pin id="21" dir="1" index="0" bw="1" slack="2147483647"/>
</pin_list>
<bind>
<StgValue><ssdm name="_ssdm_op_SpecLoopName"/></StgValue>
</bind>
</comp>

<comp id="22" class="1001" name="const_22">
<pin_list>
<pin id="23" dir="1" index="0" bw="1" slack="2147483647"/>
</pin_list>
<bind>
<StgValue><ssdm name="empty_11"/></StgValue>
</bind>
</comp>

<comp id="24" class="1001" name="const_24">
<pin_list>
<pin id="25" dir="1" index="0" bw="1" slack="0"/>
</pin_list>
<bind>
<StgValue><ssdm name=""/></StgValue>
</bind>
</comp>

<comp id="26" class="1001" name="const_26">
<pin_list>
<pin id="27" dir="1" index="0" bw="1" slack="2147483647"/>
</pin_list>
<bind>
<StgValue><ssdm name="_ssdm_op_SpecLoopTripCount"/></StgValue>
</bind>
</comp>

<comp id="28" class="1001" name="const_28">
<pin_list>
<pin id="29" dir="1" index="0" bw="1" slack="2147483647"/>
</pin_list>
<bind>
<StgValue><ssdm name=""/></StgValue>
</bind>
</comp>

<comp id="30" class="1001" name="const_30">
<pin_list>
<pin id="31" dir="1" index="0" bw="1" slack="0"/>
</pin_list>
<bind>
<StgValue><ssdm name="aes_subBytes.1_Pipeline_glog"/></StgValue>
</bind>
</comp>

<comp id="32" class="1001" name="const_32">
<pin_list>
<pin id="33" dir="1" index="0" bw="1" slack="0"/>
</pin_list>
<bind>
<StgValue><ssdm name=""/></StgValue>
</bind>
</comp>

<comp id="34" class="1001" name="const_34">
<pin_list>
<pin id="35" dir="1" index="0" bw="1" slack="0"/>
</pin_list>
<bind>
<StgValue><ssdm name=""/></StgValue>
</bind>
</comp>

<comp id="36" class="1001" name="const_36">
<pin_list>
<pin id="37" dir="1" index="0" bw="1" slack="0"/>
</pin_list>
<bind>
<StgValue><ssdm name="aes_subBytes.1_Pipeline_alog"/></StgValue>
</bind>
</comp>

<comp id="38" class="1001" name="const_38">
<pin_list>
<pin id="39" dir="1" index="0" bw="1" slack="2"/>
</pin_list>
<bind>
<StgValue><ssdm name=""/></StgValue>
</bind>
</comp>

<comp id="40" class="1001" name="const_40">
<pin_list>
<pin id="41" dir="1" index="0" bw="1" slack="0"/>
</pin_list>
<bind>
<StgValue><ssdm name="_ssdm_op_BitSelect.i1.i8.i32"/></StgValue>
</bind>
</comp>

<comp id="42" class="1001" name="const_42">
<pin_list>
<pin id="43" dir="1" index="0" bw="1" slack="0"/>
</pin_list>
<bind>
<StgValue><ssdm name=""/></StgValue>
</bind>
</comp>

<comp id="44" class="1001" name="const_44">
<pin_list>
<pin id="45" dir="1" index="0" bw="1" slack="0"/>
</pin_list>
<bind>
<StgValue><ssdm name="_ssdm_op_BitConcatenate.i8.i7.i1"/></StgValue>
</bind>
</comp>

<comp id="46" class="1001" name="const_46">
<pin_list>
<pin id="47" dir="1" index="0" bw="1" slack="0"/>
</pin_list>
<bind>
<StgValue><ssdm name="_ssdm_op_PartSelect.i2.i8.i32.i32"/></StgValue>
</bind>
</comp>

<comp id="48" class="1001" name="const_48">
<pin_list>
<pin id="49" dir="1" index="0" bw="1" slack="0"/>
</pin_list>
<bind>
<StgValue><ssdm name=""/></StgValue>
</bind>
</comp>

<comp id="50" class="1001" name="const_50">
<pin_list>
<pin id="51" dir="1" index="0" bw="1" slack="0"/>
</pin_list>
<bind>
<StgValue><ssdm name="_ssdm_op_BitConcatenate.i8.i6.i2"/></StgValue>
</bind>
</comp>

<comp id="52" class="1001" name="const_52">
<pin_list>
<pin id="53" dir="1" index="0" bw="1" slack="0"/>
</pin_list>
<bind>
<StgValue><ssdm name="_ssdm_op_PartSelect.i3.i8.i32.i32"/></StgValue>
</bind>
</comp>

<comp id="54" class="1001" name="const_54">
<pin_list>
<pin id="55" dir="1" index="0" bw="1" slack="0"/>
</pin_list>
<bind>
<StgValue><ssdm name=""/></StgValue>
</bind>
</comp>

<comp id="56" class="1001" name="const_56">
<pin_list>
<pin id="57" dir="1" index="0" bw="1" slack="0"/>
</pin_list>
<bind>
<StgValue><ssdm name="_ssdm_op_BitConcatenate.i8.i5.i3"/></StgValue>
</bind>
</comp>

<comp id="58" class="1001" name="const_58">
<pin_list>
<pin id="59" dir="1" index="0" bw="1" slack="0"/>
</pin_list>
<bind>
<StgValue><ssdm name="_ssdm_op_PartSelect.i4.i8.i32.i32"/></StgValue>
</bind>
</comp>

<comp id="60" class="1001" name="const_60">
<pin_list>
<pin id="61" dir="1" index="0" bw="1" slack="0"/>
</pin_list>
<bind>
<StgValue><ssdm name=""/></StgValue>
</bind>
</comp>

<comp id="62" class="1001" name="const_62">
<pin_list>
<pin id="63" dir="1" index="0" bw="1" slack="0"/>
</pin_list>
<bind>
<StgValue><ssdm name="_ssdm_op_BitConcatenate.i8.i4.i4"/></StgValue>
</bind>
</comp>

<comp id="64" class="1001" name="const_64">
<pin_list>
<pin id="65" dir="1" index="0" bw="1" slack="0"/>
</pin_list>
<bind>
<StgValue><ssdm name=""/></StgValue>
</bind>
</comp>

<comp id="66" class="1001" name="const_66">
<pin_list>
<pin id="67" dir="1" index="0" bw="1" slack="0"/>
</pin_list>
<bind>
<StgValue><ssdm name=""/></StgValue>
</bind>
</comp>

<comp id="68" class="1004" name="i_fu_68">
<pin_list>
<pin id="69" dir="0" index="0" bw="1" slack="0"/>
<pin id="70" dir="1" index="1" bw="4" slack="0"/>
</pin_list>
<bind>
<opcode="alloca(26) " fcode="alloca"/>
<opset="i/1 "/>
</bind>
</comp>

<comp id="72" class="1004" name="atb_20_loc_fu_72">
<pin_list>
<pin id="73" dir="0" index="0" bw="1" slack="0"/>
<pin id="74" dir="1" index="1" bw="8" slack="4"/>
</pin_list>
<bind>
<opcode="alloca(26) " fcode="alloca"/>
<opset="atb_20_loc/1 "/>
</bind>
</comp>

<comp id="76" class="1004" name="i_loc_fu_76">
<pin_list>
<pin id="77" dir="0" index="0" bw="1" slack="0"/>
<pin id="78" dir="1" index="1" bw="8" slack="2"/>
</pin_list>
<bind>
<opcode="alloca(26) " fcode="alloca"/>
<opset="i_loc/1 "/>
</bind>
</comp>

<comp id="80" class="1004" name="buf_r_addr_gep_fu_80">
<pin_list>
<pin id="81" dir="0" index="0" bw="8" slack="0"/>
<pin id="82" dir="0" index="1" bw="1" slack="0"/>
<pin id="83" dir="0" index="2" bw="4" slack="0"/>
<pin id="84" dir="1" index="3" bw="4" slack="0"/>
</pin_list>
<bind>
<opcode="getelementptr(29) " fcode="getelementptr"/>
<opset="buf_r_addr/2 "/>
</bind>
</comp>

<comp id="87" class="1004" name="grp_access_fu_87">
<pin_list>
<pin id="88" dir="0" index="0" bw="4" slack="0"/>
<pin id="89" dir="0" index="1" bw="8" slack="0"/>
<pin id="90" dir="0" index="2" bw="0" slack="2147483647"/>
<pin id="91" dir="1" index="3" bw="8" slack="0"/>
</pin_list>
<bind>
<opcode="load(27) store(28) " fcode="store"/>
<opset="buf_r_load/2 store_ln63/7 "/>
</bind>
</comp>

<comp id="93" class="1005" name="y_10_reg_93">
<pin_list>
<pin id="94" dir="0" index="0" bw="8" slack="2"/>
<pin id="95" dir="1" index="1" bw="8" slack="2"/>
</pin_list>
<bind>
<opset="y_10 (phireg) "/>
</bind>
</comp>

<comp id="98" class="1004" name="y_10_phi_fu_98">
<pin_list>
<pin id="99" dir="0" index="0" bw="8" slack="0"/>
<pin id="100" dir="0" index="1" bw="0" slack="2147483647"/>
<pin id="101" dir="0" index="2" bw="1" slack="4"/>
<pin id="102" dir="0" index="3" bw="0" slack="2147483647"/>
<pin id="103" dir="0" index="4" bw="1" slack="2"/>
<pin id="104" dir="0" index="5" bw="0" slack="2147483647"/>
<pin id="105" dir="1" index="6" bw="8" slack="0"/>
</pin_list>
<bind>
<opcode="phi(47) " fcode="phi"/>
<opset="y_10/7 "/>
</bind>
</comp>

<comp id="108" class="1004" name="grp_aes_subBytes_1_Pipeline_glog_fu_108">
<pin_list>
<pin id="109" dir="0" index="0" bw="1" slack="0"/>
<pin id="110" dir="0" index="1" bw="8" slack="0"/>
<pin id="111" dir="0" index="2" bw="8" slack="2"/>
<pin id="112" dir="1" index="3" bw="1" slack="1"/>
</pin_list>
<bind>
<opcode="call(48) " fcode="call"/>
<opset="targetBlock/3 "/>
</bind>
</comp>

<comp id="115" class="1004" name="grp_aes_subBytes_1_Pipeline_alog_fu_115">
<pin_list>
<pin id="116" dir="0" index="0" bw="0" slack="0"/>
<pin id="117" dir="0" index="1" bw="8" slack="0"/>
<pin id="118" dir="0" index="2" bw="8" slack="4"/>
<pin id="119" dir="1" index="3" bw="0" slack="2147483647"/>
</pin_list>
<bind>
<opcode="call(48) " fcode="call"/>
<opset="call_ln15/5 "/>
</bind>
</comp>

<comp id="121" class="1004" name="store_ln63_store_fu_121">
<pin_list>
<pin id="122" dir="0" index="0" bw="1" slack="0"/>
<pin id="123" dir="0" index="1" bw="4" slack="0"/>
<pin id="124" dir="1" index="2" bw="0" slack="2147483647"/>
</pin_list>
<bind>
<opcode="store(28) " fcode="store"/>
<opset="store_ln63/1 "/>
</bind>
</comp>

<comp id="126" class="1004" name="i_6_load_fu_126">
<pin_list>
<pin id="127" dir="0" index="0" bw="4" slack="1"/>
<pin id="128" dir="1" index="1" bw="4" slack="0"/>
</pin_list>
<bind>
<opcode="load(27) " fcode="load"/>
<opset="i_6/2 "/>
</bind>
</comp>

<comp id="129" class="1004" name="zext_ln63_fu_129">
<pin_list>
<pin id="130" dir="0" index="0" bw="4" slack="0"/>
<pin id="131" dir="1" index="1" bw="64" slack="0"/>
</pin_list>
<bind>
<opcode="zext(34) " fcode="zext"/>
<opset="zext_ln63/2 "/>
</bind>
</comp>

<comp id="134" class="1004" name="icmp_ln37_fu_134">
<pin_list>
<pin id="135" dir="0" index="0" bw="8" slack="0"/>
<pin id="136" dir="0" index="1" bw="8" slack="0"/>
<pin id="137" dir="1" index="2" bw="1" slack="4"/>
</pin_list>
<bind>
<opcode="icmp(45) " fcode="icmp"/>
<opset="icmp_ln37/3 "/>
</bind>
</comp>

<comp id="140" class="1004" name="i_loc_load_load_fu_140">
<pin_list>
<pin id="141" dir="0" index="0" bw="8" slack="4"/>
<pin id="142" dir="1" index="1" bw="8" slack="0"/>
</pin_list>
<bind>
<opcode="load(27) " fcode="load"/>
<opset="i_loc_load/5 "/>
</bind>
</comp>

<comp id="143" class="1004" name="i_5_fu_143">
<pin_list>
<pin id="144" dir="0" index="0" bw="1" slack="1"/>
<pin id="145" dir="0" index="1" bw="8" slack="0"/>
<pin id="146" dir="0" index="2" bw="8" slack="0"/>
<pin id="147" dir="1" index="3" bw="8" slack="0"/>
</pin_list>
<bind>
<opcode="select(49) " fcode="select"/>
<opset="i_5/5 "/>
</bind>
</comp>

<comp id="150" class="1004" name="sub_ln15_fu_150">
<pin_list>
<pin id="151" dir="0" index="0" bw="2" slack="0"/>
<pin id="152" dir="0" index="1" bw="8" slack="0"/>
<pin id="153" dir="1" index="2" bw="8" slack="0"/>
</pin_list>
<bind>
<opcode="sub(10) " fcode="sub"/>
<opset="sub_ln15/5 "/>
</bind>
</comp>

<comp id="157" class="1004" name="icmp_ln15_fu_157">
<pin_list>
<pin id="158" dir="0" index="0" bw="8" slack="0"/>
<pin id="159" dir="0" index="1" bw="8" slack="0"/>
<pin id="160" dir="1" index="2" bw="1" slack="2"/>
</pin_list>
<bind>
<opcode="icmp(45) " fcode="icmp"/>
<opset="icmp_ln15/5 "/>
</bind>
</comp>

<comp id="163" class="1004" name="atb_20_loc_load_load_fu_163">
<pin_list>
<pin id="164" dir="0" index="0" bw="8" slack="6"/>
<pin id="165" dir="1" index="1" bw="8" slack="0"/>
</pin_list>
<bind>
<opcode="load(27) " fcode="load"/>
<opset="atb_20_loc_load/7 "/>
</bind>
</comp>

<comp id="167" class="1004" name="trunc_ln46_fu_167">
<pin_list>
<pin id="168" dir="0" index="0" bw="8" slack="0"/>
<pin id="169" dir="1" index="1" bw="7" slack="0"/>
</pin_list>
<bind>
<opcode="trunc(33) " fcode="trunc"/>
<opset="trunc_ln46/7 "/>
</bind>
</comp>

<comp id="171" class="1004" name="tmp_fu_171">
<pin_list>
<pin id="172" dir="0" index="0" bw="1" slack="0"/>
<pin id="173" dir="0" index="1" bw="8" slack="0"/>
<pin id="174" dir="0" index="2" bw="4" slack="0"/>
<pin id="175" dir="1" index="3" bw="1" slack="0"/>
</pin_list>
<bind>
<opcode="bitselect(1000) " fcode="bitselect"/>
<opset="tmp/7 "/>
</bind>
</comp>

<comp id="179" class="1004" name="y_fu_179">
<pin_list>
<pin id="180" dir="0" index="0" bw="8" slack="0"/>
<pin id="181" dir="0" index="1" bw="7" slack="0"/>
<pin id="182" dir="0" index="2" bw="1" slack="0"/>
<pin id="183" dir="1" index="3" bw="8" slack="0"/>
</pin_list>
<bind>
<opcode="bitconcatenate(1004) " fcode="bitconcatenate"/>
<opset="y/7 "/>
</bind>
</comp>

<comp id="187" class="1004" name="trunc_ln46_2_fu_187">
<pin_list>
<pin id="188" dir="0" index="0" bw="8" slack="0"/>
<pin id="189" dir="1" index="1" bw="6" slack="0"/>
</pin_list>
<bind>
<opcode="trunc(33) " fcode="trunc"/>
<opset="trunc_ln46_2/7 "/>
</bind>
</comp>

<comp id="191" class="1004" name="tmp_s_fu_191">
<pin_list>
<pin id="192" dir="0" index="0" bw="2" slack="0"/>
<pin id="193" dir="0" index="1" bw="8" slack="0"/>
<pin id="194" dir="0" index="2" bw="4" slack="0"/>
<pin id="195" dir="0" index="3" bw="4" slack="0"/>
<pin id="196" dir="1" index="4" bw="2" slack="0"/>
</pin_list>
<bind>
<opcode="partselect(1002) " fcode="partselect"/>
<opset="tmp_s/7 "/>
</bind>
</comp>

<comp id="201" class="1004" name="y_7_fu_201">
<pin_list>
<pin id="202" dir="0" index="0" bw="8" slack="0"/>
<pin id="203" dir="0" index="1" bw="6" slack="0"/>
<pin id="204" dir="0" index="2" bw="2" slack="0"/>
<pin id="205" dir="1" index="3" bw="8" slack="0"/>
</pin_list>
<bind>
<opcode="bitconcatenate(1004) " fcode="bitconcatenate"/>
<opset="y_7/7 "/>
</bind>
</comp>

<comp id="209" class="1004" name="trunc_ln47_fu_209">
<pin_list>
<pin id="210" dir="0" index="0" bw="8" slack="0"/>
<pin id="211" dir="1" index="1" bw="5" slack="0"/>
</pin_list>
<bind>
<opcode="trunc(33) " fcode="trunc"/>
<opset="trunc_ln47/7 "/>
</bind>
</comp>

<comp id="213" class="1004" name="tmp_1_fu_213">
<pin_list>
<pin id="214" dir="0" index="0" bw="3" slack="0"/>
<pin id="215" dir="0" index="1" bw="8" slack="0"/>
<pin id="216" dir="0" index="2" bw="4" slack="0"/>
<pin id="217" dir="0" index="3" bw="4" slack="0"/>
<pin id="218" dir="1" index="4" bw="3" slack="0"/>
</pin_list>
<bind>
<opcode="partselect(1002) " fcode="partselect"/>
<opset="tmp_1/7 "/>
</bind>
</comp>

<comp id="223" class="1004" name="y_8_fu_223">
<pin_list>
<pin id="224" dir="0" index="0" bw="8" slack="0"/>
<pin id="225" dir="0" index="1" bw="5" slack="0"/>
<pin id="226" dir="0" index="2" bw="3" slack="0"/>
<pin id="227" dir="1" index="3" bw="8" slack="0"/>
</pin_list>
<bind>
<opcode="bitconcatenate(1004) " fcode="bitconcatenate"/>
<opset="y_8/7 "/>
</bind>
</comp>

<comp id="231" class="1004" name="trunc_ln47_2_fu_231">
<pin_list>
<pin id="232" dir="0" index="0" bw="8" slack="0"/>
<pin id="233" dir="1" index="1" bw="4" slack="0"/>
</pin_list>
<bind>
<opcode="trunc(33) " fcode="trunc"/>
<opset="trunc_ln47_2/7 "/>
</bind>
</comp>

<comp id="235" class="1004" name="tmp_2_fu_235">
<pin_list>
<pin id="236" dir="0" index="0" bw="4" slack="0"/>
<pin id="237" dir="0" index="1" bw="8" slack="0"/>
<pin id="238" dir="0" index="2" bw="4" slack="0"/>
<pin id="239" dir="0" index="3" bw="4" slack="0"/>
<pin id="240" dir="1" index="4" bw="4" slack="0"/>
</pin_list>
<bind>
<opcode="partselect(1002) " fcode="partselect"/>
<opset="tmp_2/7 "/>
</bind>
</comp>

<comp id="245" class="1004" name="y_9_fu_245">
<pin_list>
<pin id="246" dir="0" index="0" bw="8" slack="0"/>
<pin id="247" dir="0" index="1" bw="4" slack="0"/>
<pin id="248" dir="0" index="2" bw="4" slack="0"/>
<pin id="249" dir="1" index="3" bw="8" slack="0"/>
</pin_list>
<bind>
<opcode="bitconcatenate(1004) " fcode="bitconcatenate"/>
<opset="y_9/7 "/>
</bind>
</comp>

<comp id="253" class="1004" name="xor_ln49_5_fu_253">
<pin_list>
<pin id="254" dir="0" index="0" bw="8" slack="0"/>
<pin id="255" dir="0" index="1" bw="8" slack="0"/>
<pin id="256" dir="1" index="2" bw="8" slack="0"/>
</pin_list>
<bind>
<opcode="xor(25) " fcode="xor"/>
<opset="xor_ln49_5/7 "/>
</bind>
</comp>

<comp id="259" class="1004" name="xor_ln49_6_fu_259">
<pin_list>
<pin id="260" dir="0" index="0" bw="8" slack="0"/>
<pin id="261" dir="0" index="1" bw="8" slack="0"/>
<pin id="262" dir="1" index="2" bw="8" slack="0"/>
</pin_list>
<bind>
<opcode="xor(25) " fcode="xor"/>
<opset="xor_ln49_6/7 "/>
</bind>
</comp>

<comp id="265" class="1004" name="xor_ln49_7_fu_265">
<pin_list>
<pin id="266" dir="0" index="0" bw="8" slack="0"/>
<pin id="267" dir="0" index="1" bw="8" slack="0"/>
<pin id="268" dir="1" index="2" bw="8" slack="0"/>
</pin_list>
<bind>
<opcode="xor(25) " fcode="xor"/>
<opset="xor_ln49_7/7 "/>
</bind>
</comp>

<comp id="271" class="1004" name="xor_ln49_8_fu_271">
<pin_list>
<pin id="272" dir="0" index="0" bw="8" slack="0"/>
<pin id="273" dir="0" index="1" bw="8" slack="0"/>
<pin id="274" dir="1" index="2" bw="8" slack="0"/>
</pin_list>
<bind>
<opcode="xor(25) " fcode="xor"/>
<opset="xor_ln49_8/7 "/>
</bind>
</comp>

<comp id="277" class="1004" name="xor_ln49_fu_277">
<pin_list>
<pin id="278" dir="0" index="0" bw="8" slack="0"/>
<pin id="279" dir="0" index="1" bw="8" slack="0"/>
<pin id="280" dir="1" index="2" bw="8" slack="0"/>
</pin_list>
<bind>
<opcode="xor(25) " fcode="xor"/>
<opset="xor_ln49/7 "/>
</bind>
</comp>

<comp id="284" class="1004" name="add_ln63_fu_284">
<pin_list>
<pin id="285" dir="0" index="0" bw="4" slack="2147483647"/>
<pin id="286" dir="0" index="1" bw="1" slack="0"/>
<pin id="287" dir="1" index="2" bw="4" slack="0"/>
</pin_list>
<bind>
<opcode="add(8) " fcode="add"/>
<opset="add_ln63/7 "/>
</bind>
</comp>

<comp id="289" class="1004" name="icmp_ln63_fu_289">
<pin_list>
<pin id="290" dir="0" index="0" bw="4" slack="2147483647"/>
<pin id="291" dir="0" index="1" bw="4" slack="0"/>
<pin id="292" dir="1" index="2" bw="1" slack="2147483647"/>
</pin_list>
<bind>
<opcode="icmp(45) " fcode="icmp"/>
<opset="icmp_ln63/7 "/>
</bind>
</comp>

<comp id="294" class="1004" name="store_ln63_store_fu_294">
<pin_list>
<pin id="295" dir="0" index="0" bw="4" slack="0"/>
<pin id="296" dir="0" index="1" bw="4" slack="6"/>
<pin id="297" dir="1" index="2" bw="0" slack="2147483647"/>
</pin_list>
<bind>
<opcode="store(28) " fcode="store"/>
<opset="store_ln63/7 "/>
</bind>
</comp>

<comp id="299" class="1005" name="i_reg_299">
<pin_list>
<pin id="300" dir="0" index="0" bw="4" slack="0"/>
<pin id="301" dir="1" index="1" bw="4" slack="0"/>
</pin_list>
<bind>
<opset="i "/>
</bind>
</comp>

<comp id="306" class="1005" name="atb_20_loc_reg_306">
<pin_list>
<pin id="307" dir="0" index="0" bw="8" slack="4"/>
<pin id="308" dir="1" index="1" bw="8" slack="4"/>
</pin_list>
<bind>
<opset="atb_20_loc "/>
</bind>
</comp>

<comp id="312" class="1005" name="i_loc_reg_312">
<pin_list>
<pin id="313" dir="0" index="0" bw="8" slack="2"/>
<pin id="314" dir="1" index="1" bw="8" slack="2"/>
</pin_list>
<bind>
<opset="i_loc "/>
</bind>
</comp>

<comp id="321" class="1005" name="buf_r_addr_reg_321">
<pin_list>
<pin id="322" dir="0" index="0" bw="4" slack="1"/>
<pin id="323" dir="1" index="1" bw="4" slack="1"/>
</pin_list>
<bind>
<opset="buf_r_addr "/>
</bind>
</comp>

<comp id="326" class="1005" name="buf_r_load_reg_326">
<pin_list>
<pin id="327" dir="0" index="0" bw="8" slack="1"/>
<pin id="328" dir="1" index="1" bw="8" slack="1"/>
</pin_list>
<bind>
<opset="buf_r_load "/>
</bind>
</comp>

<comp id="331" class="1005" name="icmp_ln37_reg_331">
<pin_list>
<pin id="332" dir="0" index="0" bw="1" slack="4"/>
<pin id="333" dir="1" index="1" bw="1" slack="2147483647"/>
</pin_list>
<bind>
<opset="icmp_ln37 "/>
</bind>
</comp>

<comp id="335" class="1005" name="targetBlock_reg_335">
<pin_list>
<pin id="336" dir="0" index="0" bw="1" slack="1"/>
<pin id="337" dir="1" index="1" bw="1" slack="1"/>
</pin_list>
<bind>
<opset="targetBlock "/>
</bind>
</comp>

<comp id="340" class="1005" name="sub_ln15_reg_340">
<pin_list>
<pin id="341" dir="0" index="0" bw="8" slack="1"/>
<pin id="342" dir="1" index="1" bw="8" slack="1"/>
</pin_list>
<bind>
<opset="sub_ln15 "/>
</bind>
</comp>

<comp id="345" class="1005" name="icmp_ln15_reg_345">
<pin_list>
<pin id="346" dir="0" index="0" bw="1" slack="2"/>
<pin id="347" dir="1" index="1" bw="1" slack="2147483647"/>
</pin_list>
<bind>
<opset="icmp_ln15 "/>
</bind>
</comp>

</comp_list>

<net_list>
<net id="71"><net_src comp="2" pin="0"/><net_sink comp="68" pin=0"/></net>

<net id="75"><net_src comp="4" pin="0"/><net_sink comp="72" pin=0"/></net>

<net id="79"><net_src comp="4" pin="0"/><net_sink comp="76" pin=0"/></net>

<net id="85"><net_src comp="0" pin="0"/><net_sink comp="80" pin=0"/></net>

<net id="86"><net_src comp="18" pin="0"/><net_sink comp="80" pin=1"/></net>

<net id="92"><net_src comp="80" pin="3"/><net_sink comp="87" pin=0"/></net>

<net id="96"><net_src comp="24" pin="0"/><net_sink comp="93" pin=0"/></net>

<net id="97"><net_src comp="38" pin="0"/><net_sink comp="93" pin=0"/></net>

<net id="106"><net_src comp="93" pin="1"/><net_sink comp="98" pin=2"/></net>

<net id="107"><net_src comp="93" pin="1"/><net_sink comp="98" pin=4"/></net>

<net id="113"><net_src comp="30" pin="0"/><net_sink comp="108" pin=0"/></net>

<net id="114"><net_src comp="87" pin="3"/><net_sink comp="108" pin=1"/></net>

<net id="120"><net_src comp="36" pin="0"/><net_sink comp="115" pin=0"/></net>

<net id="125"><net_src comp="16" pin="0"/><net_sink comp="121" pin=0"/></net>

<net id="132"><net_src comp="126" pin="1"/><net_sink comp="129" pin=0"/></net>

<net id="133"><net_src comp="129" pin="1"/><net_sink comp="80" pin=2"/></net>

<net id="138"><net_src comp="87" pin="3"/><net_sink comp="134" pin=0"/></net>

<net id="139"><net_src comp="24" pin="0"/><net_sink comp="134" pin=1"/></net>

<net id="148"><net_src comp="140" pin="1"/><net_sink comp="143" pin=1"/></net>

<net id="149"><net_src comp="24" pin="0"/><net_sink comp="143" pin=2"/></net>

<net id="154"><net_src comp="32" pin="0"/><net_sink comp="150" pin=0"/></net>

<net id="155"><net_src comp="143" pin="3"/><net_sink comp="150" pin=1"/></net>

<net id="156"><net_src comp="150" pin="2"/><net_sink comp="115" pin=1"/></net>

<net id="161"><net_src comp="143" pin="3"/><net_sink comp="157" pin=0"/></net>

<net id="162"><net_src comp="34" pin="0"/><net_sink comp="157" pin=1"/></net>

<net id="166"><net_src comp="163" pin="1"/><net_sink comp="98" pin=0"/></net>

<net id="170"><net_src comp="98" pin="6"/><net_sink comp="167" pin=0"/></net>

<net id="176"><net_src comp="40" pin="0"/><net_sink comp="171" pin=0"/></net>

<net id="177"><net_src comp="98" pin="6"/><net_sink comp="171" pin=1"/></net>

<net id="178"><net_src comp="42" pin="0"/><net_sink comp="171" pin=2"/></net>

<net id="184"><net_src comp="44" pin="0"/><net_sink comp="179" pin=0"/></net>

<net id="185"><net_src comp="167" pin="1"/><net_sink comp="179" pin=1"/></net>

<net id="186"><net_src comp="171" pin="3"/><net_sink comp="179" pin=2"/></net>

<net id="190"><net_src comp="98" pin="6"/><net_sink comp="187" pin=0"/></net>

<net id="197"><net_src comp="46" pin="0"/><net_sink comp="191" pin=0"/></net>

<net id="198"><net_src comp="98" pin="6"/><net_sink comp="191" pin=1"/></net>

<net id="199"><net_src comp="48" pin="0"/><net_sink comp="191" pin=2"/></net>

<net id="200"><net_src comp="42" pin="0"/><net_sink comp="191" pin=3"/></net>

<net id="206"><net_src comp="50" pin="0"/><net_sink comp="201" pin=0"/></net>

<net id="207"><net_src comp="187" pin="1"/><net_sink comp="201" pin=1"/></net>

<net id="208"><net_src comp="191" pin="4"/><net_sink comp="201" pin=2"/></net>

<net id="212"><net_src comp="98" pin="6"/><net_sink comp="209" pin=0"/></net>

<net id="219"><net_src comp="52" pin="0"/><net_sink comp="213" pin=0"/></net>

<net id="220"><net_src comp="98" pin="6"/><net_sink comp="213" pin=1"/></net>

<net id="221"><net_src comp="54" pin="0"/><net_sink comp="213" pin=2"/></net>

<net id="222"><net_src comp="42" pin="0"/><net_sink comp="213" pin=3"/></net>

<net id="228"><net_src comp="56" pin="0"/><net_sink comp="223" pin=0"/></net>

<net id="229"><net_src comp="209" pin="1"/><net_sink comp="223" pin=1"/></net>

<net id="230"><net_src comp="213" pin="4"/><net_sink comp="223" pin=2"/></net>

<net id="234"><net_src comp="98" pin="6"/><net_sink comp="231" pin=0"/></net>

<net id="241"><net_src comp="58" pin="0"/><net_sink comp="235" pin=0"/></net>

<net id="242"><net_src comp="98" pin="6"/><net_sink comp="235" pin=1"/></net>

<net id="243"><net_src comp="60" pin="0"/><net_sink comp="235" pin=2"/></net>

<net id="244"><net_src comp="42" pin="0"/><net_sink comp="235" pin=3"/></net>

<net id="250"><net_src comp="62" pin="0"/><net_sink comp="245" pin=0"/></net>

<net id="251"><net_src comp="231" pin="1"/><net_sink comp="245" pin=1"/></net>

<net id="252"><net_src comp="235" pin="4"/><net_sink comp="245" pin=2"/></net>

<net id="257"><net_src comp="179" pin="3"/><net_sink comp="253" pin=0"/></net>

<net id="258"><net_src comp="201" pin="3"/><net_sink comp="253" pin=1"/></net>

<net id="263"><net_src comp="253" pin="2"/><net_sink comp="259" pin=0"/></net>

<net id="264"><net_src comp="98" pin="6"/><net_sink comp="259" pin=1"/></net>

<net id="269"><net_src comp="245" pin="3"/><net_sink comp="265" pin=0"/></net>

<net id="270"><net_src comp="64" pin="0"/><net_sink comp="265" pin=1"/></net>

<net id="275"><net_src comp="265" pin="2"/><net_sink comp="271" pin=0"/></net>

<net id="276"><net_src comp="223" pin="3"/><net_sink comp="271" pin=1"/></net>

<net id="281"><net_src comp="271" pin="2"/><net_sink comp="277" pin=0"/></net>

<net id="282"><net_src comp="259" pin="2"/><net_sink comp="277" pin=1"/></net>

<net id="283"><net_src comp="277" pin="2"/><net_sink comp="87" pin=1"/></net>

<net id="288"><net_src comp="16" pin="0"/><net_sink comp="284" pin=1"/></net>

<net id="293"><net_src comp="66" pin="0"/><net_sink comp="289" pin=1"/></net>

<net id="298"><net_src comp="284" pin="2"/><net_sink comp="294" pin=0"/></net>

<net id="302"><net_src comp="68" pin="1"/><net_sink comp="299" pin=0"/></net>

<net id="303"><net_src comp="299" pin="1"/><net_sink comp="121" pin=1"/></net>

<net id="304"><net_src comp="299" pin="1"/><net_sink comp="126" pin=0"/></net>

<net id="305"><net_src comp="299" pin="1"/><net_sink comp="294" pin=1"/></net>

<net id="309"><net_src comp="72" pin="1"/><net_sink comp="306" pin=0"/></net>

<net id="310"><net_src comp="306" pin="1"/><net_sink comp="115" pin=2"/></net>

<net id="311"><net_src comp="306" pin="1"/><net_sink comp="163" pin=0"/></net>

<net id="315"><net_src comp="76" pin="1"/><net_sink comp="312" pin=0"/></net>

<net id="316"><net_src comp="312" pin="1"/><net_sink comp="108" pin=2"/></net>

<net id="317"><net_src comp="312" pin="1"/><net_sink comp="140" pin=0"/></net>

<net id="324"><net_src comp="80" pin="3"/><net_sink comp="321" pin=0"/></net>

<net id="325"><net_src comp="321" pin="1"/><net_sink comp="87" pin=0"/></net>

<net id="329"><net_src comp="87" pin="3"/><net_sink comp="326" pin=0"/></net>

<net id="330"><net_src comp="326" pin="1"/><net_sink comp="108" pin=1"/></net>

<net id="334"><net_src comp="134" pin="2"/><net_sink comp="331" pin=0"/></net>

<net id="338"><net_src comp="108" pin="3"/><net_sink comp="335" pin=0"/></net>

<net id="339"><net_src comp="335" pin="1"/><net_sink comp="143" pin=0"/></net>

<net id="343"><net_src comp="150" pin="2"/><net_sink comp="340" pin=0"/></net>

<net id="344"><net_src comp="340" pin="1"/><net_sink comp="115" pin=1"/></net>

<net id="348"><net_src comp="157" pin="2"/><net_sink comp="345" pin=0"/></net>

</net_list>

</model> 
---------------- Datapath Model END ------------------

* FSMD analyzer results:
  - Output states:
	Port: buf_r | {7 }
 - Input state : 
	Port: aes_subBytes.1 : buf_r | {2 3 }
  - Chain level:
	State 1
		store_ln63 : 1
	State 2
		zext_ln63 : 1
		buf_r_addr : 2
		buf_r_load : 3
	State 3
		icmp_ln37 : 1
		br_ln37 : 2
		targetBlock : 1
	State 4
	State 5
		i_5 : 1
		sub_ln15 : 2
		icmp_ln15 : 2
		br_ln15 : 3
		call_ln15 : 3
	State 6
	State 7
		y_10 : 1
		trunc_ln46 : 2
		tmp : 2
		y : 3
		trunc_ln46_2 : 2
		tmp_s : 2
		y_7 : 3
		trunc_ln47 : 2
		tmp_1 : 2
		y_8 : 3
		trunc_ln47_2 : 2
		tmp_2 : 2
		y_9 : 3
		xor_ln49_5 : 4
		xor_ln49_6 : 4
		xor_ln49_7 : 4
		xor_ln49_8 : 4
		xor_ln49 : 4
		store_ln63 : 4
		br_ln63 : 1
		store_ln63 : 1


============================================================
+ Verbose Summary: Datapath Resource usage 
============================================================

* Functional unit list:
|----------|-----------------------------------------|---------|---------|---------|
| Operation|             Functional Unit             |  Delay  |    FF   |   LUT   |
|----------|-----------------------------------------|---------|---------|---------|
|   call   | grp_aes_subBytes_1_Pipeline_glog_fu_108 |  0.387  |    17   |    70   |
|          | grp_aes_subBytes_1_Pipeline_alog_fu_115 |    0    |    16   |    50   |
|----------|-----------------------------------------|---------|---------|---------|
|          |            xor_ln49_5_fu_253            |    0    |    0    |    8    |
|          |            xor_ln49_6_fu_259            |    0    |    0    |    8    |
|    xor   |            xor_ln49_7_fu_265            |    0    |    0    |    8    |
|          |            xor_ln49_8_fu_271            |    0    |    0    |    8    |
|          |             xor_ln49_fu_277             |    0    |    0    |    8    |
|----------|-----------------------------------------|---------|---------|---------|
|          |             icmp_ln37_fu_134            |    0    |    0    |    11   |
|   icmp   |             icmp_ln15_fu_157            |    0    |    0    |    11   |
|          |             icmp_ln63_fu_289            |    0    |    0    |    9    |
|----------|-----------------------------------------|---------|---------|---------|
|    sub   |             sub_ln15_fu_150             |    0    |    0    |    15   |
|----------|-----------------------------------------|---------|---------|---------|
|    add   |             add_ln63_fu_284             |    0    |    0    |    12   |
|----------|-----------------------------------------|---------|---------|---------|
|  select  |                i_5_fu_143               |    0    |    0    |    8    |
|----------|-----------------------------------------|---------|---------|---------|
|   zext   |             zext_ln63_fu_129            |    0    |    0    |    0    |
|----------|-----------------------------------------|---------|---------|---------|
|          |            trunc_ln46_fu_167            |    0    |    0    |    0    |
|   trunc  |           trunc_ln46_2_fu_187           |    0    |    0    |    0    |
|          |            trunc_ln47_fu_209            |    0    |    0    |    0    |
|          |           trunc_ln47_2_fu_231           |    0    |    0    |    0    |
|----------|-----------------------------------------|---------|---------|---------|
| bitselect|                tmp_fu_171               |    0    |    0    |    0    |
|----------|-----------------------------------------|---------|---------|---------|
|          |                 y_fu_179                |    0    |    0    |    0    |
|bitconcatenate|                y_7_fu_201               |    0    |    0    |    0    |
|          |                y_8_fu_223               |    0    |    0    |    0    |
|          |                y_9_fu_245               |    0    |    0    |    0    |
|----------|-----------------------------------------|---------|---------|---------|
|          |               tmp_s_fu_191              |    0    |    0    |    0    |
|partselect|               tmp_1_fu_213              |    0    |    0    |    0    |
|          |               tmp_2_fu_235              |    0    |    0    |    0    |
|----------|-----------------------------------------|---------|---------|---------|
|   Total  |                                         |  0.387  |    33   |   226   |
|----------|-----------------------------------------|---------|---------|---------|

Memories:
N/A

* Register list:
+-------------------+--------+
|                   |   FF   |
+-------------------+--------+
| atb_20_loc_reg_306|    8   |
| buf_r_addr_reg_321|    4   |
| buf_r_load_reg_326|    8   |
|   i_loc_reg_312   |    8   |
|     i_reg_299     |    4   |
| icmp_ln15_reg_345 |    1   |
| icmp_ln37_reg_331 |    1   |
|  sub_ln15_reg_340 |    8   |
|targetBlock_reg_335|    1   |
|    y_10_reg_93    |    8   |
+-------------------+--------+
|       Total       |   51   |
+-------------------+--------+

* Multiplexer (MUX) list: 
|-----------------------------------------|------|------|------|--------||---------||---------|
|                   Comp                  |  Pin | Size |  BW  | S x BW ||  Delay  ||   LUT   |
|-----------------------------------------|------|------|------|--------||---------||---------|
|             grp_access_fu_87            |  p0  |   2  |   4  |    8   ||    9    |
|               y_10_reg_93               |  p0  |   2  |   8  |   16   |
| grp_aes_subBytes_1_Pipeline_glog_fu_108 |  p1  |   2  |   8  |   16   ||    9    |
| grp_aes_subBytes_1_Pipeline_alog_fu_115 |  p1  |   2  |   8  |   16   ||    9    |
|-----------------------------------------|------|------|------|--------||---------||---------|
|                  Total                  |      |      |      |   56   ||  1.548  ||    27   |
|-----------------------------------------|------|------|------|--------||---------||---------|



* Summary:
+-----------+--------+--------+--------+
|           |  Delay |   FF   |   LUT  |
+-----------+--------+--------+--------+
|  Function |    0   |   33   |   226  |
|   Memory  |    -   |    -   |    -   |
|Multiplexer|    1   |    -   |   27   |
|  Register |    -   |   51   |    -   |
+-----------+--------+--------+--------+
|   Total   |    1   |   84   |   253  |
+-----------+--------+--------+--------+
