Sat Jul 26 11:26:14 2025: Running xcd server. This server was built by gradle.
Sat Jul 26 11:26:14 2025: Server was asked to start on port: '42411'
Sat Jul 26 11:26:14 2025: Server is using token UUID: 'f8fc1dd4-521b-47d5-9046-3ebc229d3723'
Sat Jul 26 11:26:14 2025: SESSION_MGR: creating session with session uuid: '6d04a3e9-ade5-4ab9-8d63-1f78fcd2ec76' and name 'default'
Sat Jul 26 11:26:14 2025: Attempting to start server on port '42411'
Sat Jul 26 11:26:14 2025: XCD main fifo: created main fifo '/tmp/xcdmainf8fc1dd4-521b-47d5-9046-3ebc229d3723', fd read = 13
Sat Jul 26 11:26:14 2025: Running Dispatch Server
Sat Jul 26 11:26:14 2025: Version 2.2.0
Sat Jul 26 11:26:24 2025: Dispatch Server: Accepted socket connection from client
Sat Jul 26 11:26:24 2025: Starting Socket connection
Sat Jul 26 11:26:24 2025: EXCHANGE_TOKEN received, server token: f8fc1dd4-521b-47d5-9046-3ebc229d3723, passed token: f8fc1dd4-521b-47d5-9046-3ebc229d3723
Sat Jul 26 11:26:24 2025: SESSION_MGR: creating session with session uuid: '9d0156be-ad95-4efa-bb3a-dced82ec35c2' and name 'vitis_hls'
Sat Jul 26 11:26:24 2025: KERNEL_SVC: creating session with uuid: '9d0156be-ad95-4efa-bb3a-dced82ec35c2' and name 'vitis_hls'
Sat Jul 26 11:26:24 2025: GUIDANCE_SMGR: creating guidance session with uuid: '9d0156be-ad95-4efa-bb3a-dced82ec35c2' and name 'vitis_hls'
Sat Jul 26 11:27:59 2025: STOP_SERVER received, server token: f8fc1dd4-521b-47d5-9046-3ebc229d3723, passed token: f8fc1dd4-521b-47d5-9046-3ebc229d3723
Sat Jul 26 11:27:59 2025: Socket received request to stop server.
Sat Jul 26 11:27:59 2025: Dispatch Server: do_await_stop
Sat Jul 26 11:27:59 2025: Dispatch Server: stopping mainFifo_
Sat Jul 26 11:27:59 2025: XCD main fifo: Stopping
Sat Jul 26 11:27:59 2025: XCD main fifo: do_read error code: Operation canceled
Sat Jul 26 11:27:59 2025: XCD main fifo: bytes_transferred: 0
Sat Jul 26 11:27:59 2025: SERVER: destructor for server bound to port 42411
Sat Jul 26 11:27:59 2025: XCD main fifo: Good unlink of /tmp/xcdmainf8fc1dd4-521b-47d5-9046-3ebc229d3723
Sat Jul 26 11:27:59 2025: Server exiting with status 0.
Sat Jul 26 11:27:59 2025: Closing log file.
