

================================================================
== Vitis HLS Report for 'adi'
================================================================
* Date:           Fri Jul 25 16:31:51 2025

* Version:        2022.2.2 (Build 3779808 on Feb 17 2023)
* Project:        adi
* Solution:       solution1 (Vivado IP Flow Target)
* Product family: virtexuplus
* Target device:  xcu55c-fsvh2892-2L-e


================================================================
== Performance Estimates
================================================================
+ Timing: 
    * Summary: 
    +--------+---------+----------+------------+
    |  Clock |  Target | Estimated| Uncertainty|
    +--------+---------+----------+------------+
    |ap_clk  |  5.00 ns|  4.031 ns|     1.35 ns|
    +--------+---------+----------+------------+

+ Latency: 
    * Summary: 
    +---------+---------+----------+----------+-----+-----+---------+
    |  Latency (cycles) |  Latency (absolute) |  Interval | Pipeline|
    |   min   |   max   |    min   |    max   | min | max |   Type  |
    +---------+---------+----------+----------+-----+-----+---------+
    |        ?|        ?|         ?|         ?|    ?|    ?|       no|
    +---------+---------+----------+----------+-----+-----+---------+

    + Detail: 
        * Instance: 
        +----------------------------------------+------------------------------+---------+---------+-----------+-----------+------+------+---------+
        |                                        |                              |  Latency (cycles) |   Latency (absolute)  |   Interval  | Pipeline|
        |                Instance                |            Module            |   min   |   max   |    min    |    max    |  min |  max |   Type  |
        +----------------------------------------+------------------------------+---------+---------+-----------+-----------+------+------+---------+
        |grp_adi_Pipeline_VITIS_LOOP_41_2_fu_52  |adi_Pipeline_VITIS_LOOP_41_2  |     7421|     7421|  37.105 us|  37.105 us|  7421|  7421|       no|
        |grp_adi_Pipeline_VITIS_LOOP_60_5_fu_64  |adi_Pipeline_VITIS_LOOP_60_5  |     7421|     7421|  37.105 us|  37.105 us|  7421|  7421|       no|
        +----------------------------------------+------------------------------+---------+---------+-----------+-----------+------+------+---------+

        * Loop: 
        +-------------------+---------+---------+----------+-----------+-----------+------+----------+
        |                   |  Latency (cycles) | Iteration|  Initiation Interval  | Trip |          |
        |     Loop Name     |   min   |   max   |  Latency |  achieved |   target  | Count| Pipelined|
        +-------------------+---------+---------+----------+-----------+-----------+------+----------+
        |- VITIS_LOOP_39_1  |        ?|        ?|     14846|          -|          -|     ?|        no|
        +-------------------+---------+---------+----------+-----------+-----------+------+----------+

============================================================
+ Verbose Summary: Synthesis Manager
============================================================
InlineROM: 1
ExposeGlobal: 0
============================================================
+ Verbose Summary: CDFG Model
============================================================
IsTopModel: 1
ResetActiveHigh: 1
IsCombinational: 0
IsDatapathOnly: 0
HasWiredReturn: 1
HasMFsm: 0
HasVarLatency: 1
IsPipeline: 0
IsRtlPipelined: 0
IsInstanceOverlapped: 0
IsDontTouch: 0
HasImplIP: 0
IsGatedGlobalClock: 0


============================================================
+ Verbose Summary: Schedule
============================================================
* Number of FSM states : 5
* Pipeline : 0
* Dataflow Pipeline: 0

* FSM state transitions: 
1 --> 2 
2 --> 3 
3 --> 4 
4 --> 5 
5 --> 2 

* FSM state operations: 

State 1 <SV = 0> <Delay = 1.24>
ST_1 : Operation 6 [1/1] (0.00ns)   --->   "%spectopmodule_ln1 = spectopmodule void @_ssdm_op_SpecTopModule, void @empty_2" [../SYN_dataset/adi/generate/adi.cpp:1]   --->   Operation 6 'spectopmodule' 'spectopmodule_ln1' <Predicate = true> <Delay = 0.00>
ST_1 : Operation 7 [1/1] (0.00ns)   --->   "%specbitsmap_ln0 = specbitsmap void @_ssdm_op_SpecBitsMap, i32 %tsteps"   --->   Operation 7 'specbitsmap' 'specbitsmap_ln0' <Predicate = true> <Delay = 0.00>
ST_1 : Operation 8 [1/1] (0.00ns)   --->   "%specinterface_ln0 = specinterface void @_ssdm_op_SpecInterface, i32 %tsteps, void @empty, i32 0, i32 0, void @empty_0, i32 0, i32 0, void @empty_0, void @empty_0, void @empty_0, i32 0, i32 0, i32 0, i32 0, void @empty_0, void @empty_0, i32 4294967295, i32 0"   --->   Operation 8 'specinterface' 'specinterface_ln0' <Predicate = true> <Delay = 0.00>
ST_1 : Operation 9 [1/1] (0.00ns)   --->   "%specbitsmap_ln0 = specbitsmap void @_ssdm_op_SpecBitsMap, i32 %n"   --->   Operation 9 'specbitsmap' 'specbitsmap_ln0' <Predicate = true> <Delay = 0.00>
ST_1 : Operation 10 [1/1] (0.00ns)   --->   "%specinterface_ln0 = specinterface void @_ssdm_op_SpecInterface, i32 %n, void @empty, i32 0, i32 0, void @empty_0, i32 0, i32 0, void @empty_0, void @empty_0, void @empty_0, i32 0, i32 0, i32 0, i32 0, void @empty_0, void @empty_0, i32 4294967295, i32 0"   --->   Operation 10 'specinterface' 'specinterface_ln0' <Predicate = true> <Delay = 0.00>
ST_1 : Operation 11 [1/1] (0.00ns)   --->   "%specinterface_ln0 = specinterface void @_ssdm_op_SpecInterface, i64 %u, void @empty_1, i32 0, i32 0, void @empty_0, i32 4294967295, i32 0, void @empty_0, void @empty_0, void @empty_0, i32 0, i32 0, i32 0, i32 0, void @empty_0, void @empty_0, i32 4294967295, i32 0"   --->   Operation 11 'specinterface' 'specinterface_ln0' <Predicate = true> <Delay = 0.00>
ST_1 : Operation 12 [1/1] (0.00ns)   --->   "%specbitsmap_ln0 = specbitsmap void @_ssdm_op_SpecBitsMap, i64 %u"   --->   Operation 12 'specbitsmap' 'specbitsmap_ln0' <Predicate = true> <Delay = 0.00>
ST_1 : Operation 13 [1/1] (0.00ns)   --->   "%specinterface_ln0 = specinterface void @_ssdm_op_SpecInterface, i64 %v, void @empty_1, i32 0, i32 0, void @empty_0, i32 4294967295, i32 0, void @empty_0, void @empty_0, void @empty_0, i32 0, i32 0, i32 0, i32 0, void @empty_0, void @empty_0, i32 4294967295, i32 0"   --->   Operation 13 'specinterface' 'specinterface_ln0' <Predicate = true> <Delay = 0.00>
ST_1 : Operation 14 [1/1] (0.00ns)   --->   "%specbitsmap_ln0 = specbitsmap void @_ssdm_op_SpecBitsMap, i64 %v"   --->   Operation 14 'specbitsmap' 'specbitsmap_ln0' <Predicate = true> <Delay = 0.00>
ST_1 : Operation 15 [1/1] (0.00ns)   --->   "%specinterface_ln0 = specinterface void @_ssdm_op_SpecInterface, i64 %p, void @empty_1, i32 0, i32 0, void @empty_0, i32 4294967295, i32 0, void @empty_0, void @empty_0, void @empty_0, i32 0, i32 0, i32 0, i32 0, void @empty_0, void @empty_0, i32 4294967295, i32 0"   --->   Operation 15 'specinterface' 'specinterface_ln0' <Predicate = true> <Delay = 0.00>
ST_1 : Operation 16 [1/1] (0.00ns)   --->   "%specbitsmap_ln0 = specbitsmap void @_ssdm_op_SpecBitsMap, i64 %p"   --->   Operation 16 'specbitsmap' 'specbitsmap_ln0' <Predicate = true> <Delay = 0.00>
ST_1 : Operation 17 [1/1] (0.00ns)   --->   "%specinterface_ln0 = specinterface void @_ssdm_op_SpecInterface, i64 %q, void @empty_1, i32 0, i32 0, void @empty_0, i32 4294967295, i32 0, void @empty_0, void @empty_0, void @empty_0, i32 0, i32 0, i32 0, i32 0, void @empty_0, void @empty_0, i32 4294967295, i32 0"   --->   Operation 17 'specinterface' 'specinterface_ln0' <Predicate = true> <Delay = 0.00>
ST_1 : Operation 18 [1/1] (0.00ns)   --->   "%specbitsmap_ln0 = specbitsmap void @_ssdm_op_SpecBitsMap, i64 %q"   --->   Operation 18 'specbitsmap' 'specbitsmap_ln0' <Predicate = true> <Delay = 0.00>
ST_1 : Operation 19 [1/1] (0.00ns)   --->   "%tsteps_read = read i32 @_ssdm_op_Read.ap_auto.i32, i32 %tsteps" [../SYN_dataset/adi/generate/adi.cpp:1]   --->   Operation 19 'read' 'tsteps_read' <Predicate = true> <Delay = 0.00>
ST_1 : Operation 20 [1/1] (0.85ns)   --->   "%icmp_ln39 = icmp_sgt  i32 %tsteps_read, i32 0" [../SYN_dataset/adi/generate/adi.cpp:39]   --->   Operation 20 'icmp' 'icmp_ln39' <Predicate = true> <Delay = 0.85> <CoreInst = "Cmp">   --->   Core 9 'Cmp' <Latency = 0> <II = 1> <Delay = 0.85> <FuncUnit> <Opcode : 'icmp'> <InPorts = 2> <OutPorts = 1>
ST_1 : Operation 21 [1/1] (0.00ns)   --->   "%br_ln39 = br i1 %icmp_ln39, void %for.end208, void %for.body.lr.ph" [../SYN_dataset/adi/generate/adi.cpp:39]   --->   Operation 21 'br' 'br_ln39' <Predicate = true> <Delay = 0.00>
ST_1 : Operation 22 [1/1] (0.00ns)   --->   "%t = alloca i32 1"   --->   Operation 22 'alloca' 't' <Predicate = (icmp_ln39)> <Delay = 0.00>
ST_1 : Operation 23 [1/1] (0.88ns)   --->   "%add_ln39 = add i32 %tsteps_read, i32 1" [../SYN_dataset/adi/generate/adi.cpp:39]   --->   Operation 23 'add' 'add_ln39' <Predicate = (icmp_ln39)> <Delay = 0.88> <CoreInst = "Adder">   --->   Core 1 'Adder' <Latency = 0> <II = 1> <Delay = 0.88> <FuncUnit> <Opcode : 'add' 'sub'> <InPorts = 2> <OutPorts = 1>
ST_1 : Operation 24 [1/1] (0.38ns)   --->   "%store_ln39 = store i32 1, i32 %t" [../SYN_dataset/adi/generate/adi.cpp:39]   --->   Operation 24 'store' 'store_ln39' <Predicate = (icmp_ln39)> <Delay = 0.38>
ST_1 : Operation 25 [1/1] (0.00ns)   --->   "%br_ln39 = br void %VITIS_LOOP_41_2" [../SYN_dataset/adi/generate/adi.cpp:39]   --->   Operation 25 'br' 'br_ln39' <Predicate = (icmp_ln39)> <Delay = 0.00>

State 2 <SV = 1> <Delay = 1.26>
ST_2 : Operation 26 [1/1] (0.00ns)   --->   "%t_2 = load i32 %t" [../SYN_dataset/adi/generate/adi.cpp:39]   --->   Operation 26 'load' 't_2' <Predicate = (icmp_ln39)> <Delay = 0.00>
ST_2 : Operation 27 [1/1] (0.85ns)   --->   "%icmp_ln39_1 = icmp_eq  i32 %t_2, i32 %add_ln39" [../SYN_dataset/adi/generate/adi.cpp:39]   --->   Operation 27 'icmp' 'icmp_ln39_1' <Predicate = (icmp_ln39)> <Delay = 0.85> <CoreInst = "Cmp">   --->   Core 9 'Cmp' <Latency = 0> <II = 1> <Delay = 0.85> <FuncUnit> <Opcode : 'icmp'> <InPorts = 2> <OutPorts = 1>
ST_2 : Operation 28 [1/1] (0.00ns)   --->   "%br_ln39 = br i1 %icmp_ln39_1, void %VITIS_LOOP_41_2.split, void %for.end208.loopexit" [../SYN_dataset/adi/generate/adi.cpp:39]   --->   Operation 28 'br' 'br_ln39' <Predicate = (icmp_ln39)> <Delay = 0.00>
ST_2 : Operation 29 [2/2] (0.00ns)   --->   "%call_ln0 = call void @adi_Pipeline_VITIS_LOOP_41_2, i64 %u, i64 %v, i64 %p, i64 %q"   --->   Operation 29 'call' 'call_ln0' <Predicate = (icmp_ln39 & !icmp_ln39_1)> <Delay = 0.00> <CoreType = "Generic">   --->   Core 0 '' <Latency = 0> <II = 1> <Delay = 1.00> <Generic> <Opcode : >
ST_2 : Operation 30 [1/1] (0.88ns)   --->   "%t_3 = add i32 %t_2, i32 1" [../SYN_dataset/adi/generate/adi.cpp:39]   --->   Operation 30 'add' 't_3' <Predicate = (icmp_ln39 & !icmp_ln39_1)> <Delay = 0.88> <CoreInst = "Adder">   --->   Core 1 'Adder' <Latency = 0> <II = 1> <Delay = 0.88> <FuncUnit> <Opcode : 'add' 'sub'> <InPorts = 2> <OutPorts = 1>
ST_2 : Operation 31 [1/1] (0.38ns)   --->   "%store_ln39 = store i32 %t_3, i32 %t" [../SYN_dataset/adi/generate/adi.cpp:39]   --->   Operation 31 'store' 'store_ln39' <Predicate = (icmp_ln39 & !icmp_ln39_1)> <Delay = 0.38>
ST_2 : Operation 32 [1/1] (0.00ns)   --->   "%br_ln0 = br void %for.end208"   --->   Operation 32 'br' 'br_ln0' <Predicate = (icmp_ln39 & icmp_ln39_1)> <Delay = 0.00>
ST_2 : Operation 33 [1/1] (0.00ns)   --->   "%ret_ln78 = ret" [../SYN_dataset/adi/generate/adi.cpp:78]   --->   Operation 33 'ret' 'ret_ln78' <Predicate = (icmp_ln39_1) | (!icmp_ln39)> <Delay = 0.00>

State 3 <SV = 2> <Delay = 0.00>
ST_3 : Operation 34 [1/2] (0.00ns)   --->   "%call_ln0 = call void @adi_Pipeline_VITIS_LOOP_41_2, i64 %u, i64 %v, i64 %p, i64 %q"   --->   Operation 34 'call' 'call_ln0' <Predicate = true> <Delay = 0.00> <CoreType = "Generic">   --->   Core 0 '' <Latency = 0> <II = 1> <Delay = 1.00> <Generic> <Opcode : >

State 4 <SV = 3> <Delay = 0.00>
ST_4 : Operation 35 [2/2] (0.00ns)   --->   "%call_ln0 = call void @adi_Pipeline_VITIS_LOOP_60_5, i64 %u, i64 %v, i64 %p, i64 %q"   --->   Operation 35 'call' 'call_ln0' <Predicate = true> <Delay = 0.00> <CoreType = "Generic">   --->   Core 0 '' <Latency = 0> <II = 1> <Delay = 1.00> <Generic> <Opcode : >

State 5 <SV = 4> <Delay = 0.00>
ST_5 : Operation 36 [1/1] (0.00ns)   --->   "%specloopname_ln3 = specloopname void @_ssdm_op_SpecLoopName, void @empty_5" [../SYN_dataset/adi/generate/adi.cpp:3]   --->   Operation 36 'specloopname' 'specloopname_ln3' <Predicate = true> <Delay = 0.00>
ST_5 : Operation 37 [1/2] (0.00ns)   --->   "%call_ln0 = call void @adi_Pipeline_VITIS_LOOP_60_5, i64 %u, i64 %v, i64 %p, i64 %q"   --->   Operation 37 'call' 'call_ln0' <Predicate = true> <Delay = 0.00> <CoreType = "Generic">   --->   Core 0 '' <Latency = 0> <II = 1> <Delay = 1.00> <Generic> <Opcode : >
ST_5 : Operation 38 [1/1] (0.00ns)   --->   "%br_ln39 = br void %VITIS_LOOP_41_2" [../SYN_dataset/adi/generate/adi.cpp:39]   --->   Operation 38 'br' 'br_ln39' <Predicate = true> <Delay = 0.00>


============================================================
+ Verbose Summary: Binding
============================================================
STG Binding: 
---------------- STG Properties BEGIN ----------------
- Is combinational: 0
- Is one-state seq: 0
- Is datapath-only: 0
- Is pipelined: 0
- Is top level: 1
Port [ Return ] is wired: 1; IO mode=ap_ctrl_hs:ce=0
Port [ tsteps]:  wired=1; compound=0; hidden=0; nouse=0; global=0; static=0; extern=0; dir=0; type=0; pingpong=0; private_global=0; IO mode=ap_none:ce=0
Port [ n]:  wired=1; compound=0; hidden=0; nouse=1; global=0; static=0; extern=0; dir=0; type=0; pingpong=0; private_global=0; IO mode=ap_none:ce=0
Port [ u]:  wired=1; compound=1; hidden=0; nouse=0; global=0; static=0; extern=0; dir=2; type=1; pingpong=0; private_global=0; MemPort=[22]; IO mode=ap_memory:ce=0
Port [ v]:  wired=1; compound=1; hidden=0; nouse=0; global=0; static=0; extern=0; dir=2; type=1; pingpong=0; private_global=0; MemPort=[22]; IO mode=ap_memory:ce=0
Port [ p]:  wired=1; compound=1; hidden=0; nouse=0; global=0; static=0; extern=0; dir=2; type=1; pingpong=0; private_global=0; MemPort=[22]; IO mode=ap_memory:ce=0
Port [ q]:  wired=1; compound=1; hidden=0; nouse=0; global=0; static=0; extern=0; dir=2; type=1; pingpong=0; private_global=0; MemPort=[22]; IO mode=ap_memory:ce=0
---------------- STG Properties END ------------------

---------------- Datapath Model BEGIN ----------------

<LifeTime>
<method=bitvector/>
spectopmodule_ln1 (spectopmodule) [ 000000]
specbitsmap_ln0   (specbitsmap  ) [ 000000]
specinterface_ln0 (specinterface) [ 000000]
specbitsmap_ln0   (specbitsmap  ) [ 000000]
specinterface_ln0 (specinterface) [ 000000]
specinterface_ln0 (specinterface) [ 000000]
specbitsmap_ln0   (specbitsmap  ) [ 000000]
specinterface_ln0 (specinterface) [ 000000]
specbitsmap_ln0   (specbitsmap  ) [ 000000]
specinterface_ln0 (specinterface) [ 000000]
specbitsmap_ln0   (specbitsmap  ) [ 000000]
specinterface_ln0 (specinterface) [ 000000]
specbitsmap_ln0   (specbitsmap  ) [ 000000]
tsteps_read       (read         ) [ 000000]
icmp_ln39         (icmp         ) [ 011111]
br_ln39           (br           ) [ 000000]
t                 (alloca       ) [ 011111]
add_ln39          (add          ) [ 001111]
store_ln39        (store        ) [ 000000]
br_ln39           (br           ) [ 000000]
t_2               (load         ) [ 000000]
icmp_ln39_1       (icmp         ) [ 001111]
br_ln39           (br           ) [ 000000]
t_3               (add          ) [ 000000]
store_ln39        (store        ) [ 000000]
br_ln0            (br           ) [ 000000]
ret_ln78          (ret          ) [ 000000]
call_ln0          (call         ) [ 000000]
specloopname_ln3  (specloopname ) [ 000000]
call_ln0          (call         ) [ 000000]
br_ln39           (br           ) [ 000000]
</LifeTime>

<model>

<comp_list>
<comp id="0" class="1000" name="tsteps">
<pin_list>
<pin id="1" dir="1" index="0" bw="1" slack="0"/>
</pin_list>
<bind>
<StgValue><ssdm name="tsteps"/></StgValue>
</bind>
</comp>

<comp id="2" class="1000" name="n">
<pin_list>
<pin id="3" dir="1" index="0" bw="1" slack="2147483647"/>
</pin_list>
<bind>
<StgValue><ssdm name="n"/></StgValue>
</bind>
</comp>

<comp id="4" class="1000" name="u">
<pin_list>
<pin id="5" dir="1" index="0" bw="1" slack="0"/>
</pin_list>
<bind>
<StgValue><ssdm name="u"/><MemPortTyVec>2 2 </MemPortTyVec>
</StgValue>
</bind>
</comp>

<comp id="6" class="1000" name="v">
<pin_list>
<pin id="7" dir="1" index="0" bw="1" slack="0"/>
</pin_list>
<bind>
<StgValue><ssdm name="v"/><MemPortTyVec>2 2 </MemPortTyVec>
</StgValue>
</bind>
</comp>

<comp id="8" class="1000" name="p">
<pin_list>
<pin id="9" dir="1" index="0" bw="1" slack="0"/>
</pin_list>
<bind>
<StgValue><ssdm name="p"/><MemPortTyVec>2 2 </MemPortTyVec>
</StgValue>
</bind>
</comp>

<comp id="10" class="1000" name="q">
<pin_list>
<pin id="11" dir="1" index="0" bw="1" slack="0"/>
</pin_list>
<bind>
<StgValue><ssdm name="q"/><MemPortTyVec>2 2 </MemPortTyVec>
</StgValue>
</bind>
</comp>

<comp id="12" class="1001" name="const_12">
<pin_list>
<pin id="13" dir="1" index="0" bw="1" slack="2147483647"/>
</pin_list>
<bind>
<StgValue><ssdm name="_ssdm_op_SpecTopModule"/></StgValue>
</bind>
</comp>

<comp id="14" class="1001" name="const_14">
<pin_list>
<pin id="15" dir="1" index="0" bw="1" slack="2147483647"/>
</pin_list>
<bind>
<StgValue><ssdm name="empty_2"/></StgValue>
</bind>
</comp>

<comp id="16" class="1001" name="const_16">
<pin_list>
<pin id="17" dir="1" index="0" bw="1" slack="2147483647"/>
</pin_list>
<bind>
<StgValue><ssdm name="_ssdm_op_SpecBitsMap"/></StgValue>
</bind>
</comp>

<comp id="18" class="1001" name="const_18">
<pin_list>
<pin id="19" dir="1" index="0" bw="1" slack="2147483647"/>
</pin_list>
<bind>
<StgValue><ssdm name="_ssdm_op_SpecInterface"/></StgValue>
</bind>
</comp>

<comp id="20" class="1001" name="const_20">
<pin_list>
<pin id="21" dir="1" index="0" bw="1" slack="2147483647"/>
</pin_list>
<bind>
<StgValue><ssdm name="empty"/></StgValue>
</bind>
</comp>

<comp id="22" class="1001" name="const_22">
<pin_list>
<pin id="23" dir="1" index="0" bw="1" slack="0"/>
</pin_list>
<bind>
<StgValue><ssdm name=""/></StgValue>
</bind>
</comp>

<comp id="24" class="1001" name="const_24">
<pin_list>
<pin id="25" dir="1" index="0" bw="1" slack="2147483647"/>
</pin_list>
<bind>
<StgValue><ssdm name="empty_0"/></StgValue>
</bind>
</comp>

<comp id="26" class="1001" name="const_26">
<pin_list>
<pin id="27" dir="1" index="0" bw="1" slack="2147483647"/>
</pin_list>
<bind>
<StgValue><ssdm name=""/></StgValue>
</bind>
</comp>

<comp id="28" class="1001" name="const_28">
<pin_list>
<pin id="29" dir="1" index="0" bw="1" slack="2147483647"/>
</pin_list>
<bind>
<StgValue><ssdm name="empty_1"/></StgValue>
</bind>
</comp>

<comp id="30" class="1001" name="const_30">
<pin_list>
<pin id="31" dir="1" index="0" bw="1" slack="0"/>
</pin_list>
<bind>
<StgValue><ssdm name="_ssdm_op_Read.ap_auto.i32"/></StgValue>
</bind>
</comp>

<comp id="32" class="1001" name="const_32">
<pin_list>
<pin id="33" dir="1" index="0" bw="1" slack="0"/>
</pin_list>
<bind>
<StgValue><ssdm name=""/></StgValue>
</bind>
</comp>

<comp id="34" class="1001" name="const_34">
<pin_list>
<pin id="35" dir="1" index="0" bw="1" slack="0"/>
</pin_list>
<bind>
<StgValue><ssdm name="adi_Pipeline_VITIS_LOOP_41_2"/></StgValue>
</bind>
</comp>

<comp id="36" class="1001" name="const_36">
<pin_list>
<pin id="37" dir="1" index="0" bw="1" slack="0"/>
</pin_list>
<bind>
<StgValue><ssdm name="adi_Pipeline_VITIS_LOOP_60_5"/></StgValue>
</bind>
</comp>

<comp id="38" class="1001" name="const_38">
<pin_list>
<pin id="39" dir="1" index="0" bw="1" slack="2147483647"/>
</pin_list>
<bind>
<StgValue><ssdm name="_ssdm_op_SpecLoopName"/></StgValue>
</bind>
</comp>

<comp id="40" class="1001" name="const_40">
<pin_list>
<pin id="41" dir="1" index="0" bw="1" slack="2147483647"/>
</pin_list>
<bind>
<StgValue><ssdm name="empty_5"/></StgValue>
</bind>
</comp>

<comp id="42" class="1004" name="t_fu_42">
<pin_list>
<pin id="43" dir="0" index="0" bw="1" slack="0"/>
<pin id="44" dir="1" index="1" bw="32" slack="0"/>
</pin_list>
<bind>
<opcode="alloca(26) " fcode="alloca"/>
<opset="t/1 "/>
</bind>
</comp>

<comp id="46" class="1004" name="tsteps_read_read_fu_46">
<pin_list>
<pin id="47" dir="0" index="0" bw="32" slack="0"/>
<pin id="48" dir="0" index="1" bw="32" slack="0"/>
<pin id="49" dir="1" index="2" bw="32" slack="0"/>
</pin_list>
<bind>
<opcode="read(1150) " fcode="read"/>
<opset="tsteps_read/1 "/>
</bind>
</comp>

<comp id="52" class="1004" name="grp_adi_Pipeline_VITIS_LOOP_41_2_fu_52">
<pin_list>
<pin id="53" dir="0" index="0" bw="0" slack="0"/>
<pin id="54" dir="0" index="1" bw="64" slack="0"/>
<pin id="55" dir="0" index="2" bw="64" slack="0"/>
<pin id="56" dir="0" index="3" bw="64" slack="0"/>
<pin id="57" dir="0" index="4" bw="64" slack="0"/>
<pin id="58" dir="1" index="5" bw="0" slack="2147483647"/>
</pin_list>
<bind>
<opcode="call(48) " fcode="call"/>
<opset="call_ln0/2 "/>
</bind>
</comp>

<comp id="64" class="1004" name="grp_adi_Pipeline_VITIS_LOOP_60_5_fu_64">
<pin_list>
<pin id="65" dir="0" index="0" bw="0" slack="0"/>
<pin id="66" dir="0" index="1" bw="64" slack="0"/>
<pin id="67" dir="0" index="2" bw="64" slack="0"/>
<pin id="68" dir="0" index="3" bw="64" slack="0"/>
<pin id="69" dir="0" index="4" bw="64" slack="0"/>
<pin id="70" dir="1" index="5" bw="0" slack="2147483647"/>
</pin_list>
<bind>
<opcode="call(48) " fcode="call"/>
<opset="call_ln0/4 "/>
</bind>
</comp>

<comp id="76" class="1004" name="icmp_ln39_fu_76">
<pin_list>
<pin id="77" dir="0" index="0" bw="32" slack="0"/>
<pin id="78" dir="0" index="1" bw="1" slack="0"/>
<pin id="79" dir="1" index="2" bw="1" slack="1"/>
</pin_list>
<bind>
<opcode="icmp(45) " fcode="icmp"/>
<opset="icmp_ln39/1 "/>
</bind>
</comp>

<comp id="82" class="1004" name="add_ln39_fu_82">
<pin_list>
<pin id="83" dir="0" index="0" bw="32" slack="0"/>
<pin id="84" dir="0" index="1" bw="1" slack="0"/>
<pin id="85" dir="1" index="2" bw="32" slack="1"/>
</pin_list>
<bind>
<opcode="add(8) " fcode="add"/>
<opset="add_ln39/1 "/>
</bind>
</comp>

<comp id="88" class="1004" name="store_ln39_store_fu_88">
<pin_list>
<pin id="89" dir="0" index="0" bw="1" slack="0"/>
<pin id="90" dir="0" index="1" bw="32" slack="0"/>
<pin id="91" dir="1" index="2" bw="0" slack="2147483647"/>
</pin_list>
<bind>
<opcode="store(28) " fcode="store"/>
<opset="store_ln39/1 "/>
</bind>
</comp>

<comp id="93" class="1004" name="t_2_load_fu_93">
<pin_list>
<pin id="94" dir="0" index="0" bw="32" slack="1"/>
<pin id="95" dir="1" index="1" bw="32" slack="0"/>
</pin_list>
<bind>
<opcode="load(27) " fcode="load"/>
<opset="t_2/2 "/>
</bind>
</comp>

<comp id="96" class="1004" name="icmp_ln39_1_fu_96">
<pin_list>
<pin id="97" dir="0" index="0" bw="32" slack="0"/>
<pin id="98" dir="0" index="1" bw="32" slack="1"/>
<pin id="99" dir="1" index="2" bw="1" slack="2147483647"/>
</pin_list>
<bind>
<opcode="icmp(45) " fcode="icmp"/>
<opset="icmp_ln39_1/2 "/>
</bind>
</comp>

<comp id="101" class="1004" name="t_3_fu_101">
<pin_list>
<pin id="102" dir="0" index="0" bw="32" slack="0"/>
<pin id="103" dir="0" index="1" bw="1" slack="0"/>
<pin id="104" dir="1" index="2" bw="32" slack="0"/>
</pin_list>
<bind>
<opcode="add(8) " fcode="add"/>
<opset="t_3/2 "/>
</bind>
</comp>

<comp id="107" class="1004" name="store_ln39_store_fu_107">
<pin_list>
<pin id="108" dir="0" index="0" bw="32" slack="0"/>
<pin id="109" dir="0" index="1" bw="32" slack="1"/>
<pin id="110" dir="1" index="2" bw="0" slack="2147483647"/>
</pin_list>
<bind>
<opcode="store(28) " fcode="store"/>
<opset="store_ln39/2 "/>
</bind>
</comp>

<comp id="112" class="1005" name="icmp_ln39_reg_112">
<pin_list>
<pin id="113" dir="0" index="0" bw="1" slack="1"/>
<pin id="114" dir="1" index="1" bw="1" slack="2147483647"/>
</pin_list>
<bind>
<opset="icmp_ln39 "/>
</bind>
</comp>

<comp id="116" class="1005" name="t_reg_116">
<pin_list>
<pin id="117" dir="0" index="0" bw="32" slack="0"/>
<pin id="118" dir="1" index="1" bw="32" slack="0"/>
</pin_list>
<bind>
<opset="t "/>
</bind>
</comp>

<comp id="123" class="1005" name="add_ln39_reg_123">
<pin_list>
<pin id="124" dir="0" index="0" bw="32" slack="1"/>
<pin id="125" dir="1" index="1" bw="32" slack="1"/>
</pin_list>
<bind>
<opset="add_ln39 "/>
</bind>
</comp>

</comp_list>

<net_list>
<net id="45"><net_src comp="32" pin="0"/><net_sink comp="42" pin=0"/></net>

<net id="50"><net_src comp="30" pin="0"/><net_sink comp="46" pin=0"/></net>

<net id="51"><net_src comp="0" pin="0"/><net_sink comp="46" pin=1"/></net>

<net id="59"><net_src comp="34" pin="0"/><net_sink comp="52" pin=0"/></net>

<net id="60"><net_src comp="4" pin="0"/><net_sink comp="52" pin=1"/></net>

<net id="61"><net_src comp="6" pin="0"/><net_sink comp="52" pin=2"/></net>

<net id="62"><net_src comp="8" pin="0"/><net_sink comp="52" pin=3"/></net>

<net id="63"><net_src comp="10" pin="0"/><net_sink comp="52" pin=4"/></net>

<net id="71"><net_src comp="36" pin="0"/><net_sink comp="64" pin=0"/></net>

<net id="72"><net_src comp="4" pin="0"/><net_sink comp="64" pin=1"/></net>

<net id="73"><net_src comp="6" pin="0"/><net_sink comp="64" pin=2"/></net>

<net id="74"><net_src comp="8" pin="0"/><net_sink comp="64" pin=3"/></net>

<net id="75"><net_src comp="10" pin="0"/><net_sink comp="64" pin=4"/></net>

<net id="80"><net_src comp="46" pin="2"/><net_sink comp="76" pin=0"/></net>

<net id="81"><net_src comp="22" pin="0"/><net_sink comp="76" pin=1"/></net>

<net id="86"><net_src comp="46" pin="2"/><net_sink comp="82" pin=0"/></net>

<net id="87"><net_src comp="32" pin="0"/><net_sink comp="82" pin=1"/></net>

<net id="92"><net_src comp="32" pin="0"/><net_sink comp="88" pin=0"/></net>

<net id="100"><net_src comp="93" pin="1"/><net_sink comp="96" pin=0"/></net>

<net id="105"><net_src comp="93" pin="1"/><net_sink comp="101" pin=0"/></net>

<net id="106"><net_src comp="32" pin="0"/><net_sink comp="101" pin=1"/></net>

<net id="111"><net_src comp="101" pin="2"/><net_sink comp="107" pin=0"/></net>

<net id="115"><net_src comp="76" pin="2"/><net_sink comp="112" pin=0"/></net>

<net id="119"><net_src comp="42" pin="1"/><net_sink comp="116" pin=0"/></net>

<net id="120"><net_src comp="116" pin="1"/><net_sink comp="88" pin=1"/></net>

<net id="121"><net_src comp="116" pin="1"/><net_sink comp="93" pin=0"/></net>

<net id="122"><net_src comp="116" pin="1"/><net_sink comp="107" pin=1"/></net>

<net id="126"><net_src comp="82" pin="2"/><net_sink comp="123" pin=0"/></net>

<net id="127"><net_src comp="123" pin="1"/><net_sink comp="96" pin=1"/></net>

</net_list>

</model> 
---------------- Datapath Model END ------------------

* FSMD analyzer results:
  - Output states:
	Port: u | {4 5 }
	Port: v | {2 3 }
	Port: p | {2 3 4 5 }
	Port: q | {2 3 4 5 }
 - Input state : 
	Port: adi : tsteps | {1 }
	Port: adi : u | {2 3 }
	Port: adi : v | {4 5 }
	Port: adi : p | {2 3 4 5 }
	Port: adi : q | {2 3 4 5 }
  - Chain level:
	State 1
		br_ln39 : 1
		store_ln39 : 1
	State 2
		icmp_ln39_1 : 1
		br_ln39 : 2
		t_3 : 1
		store_ln39 : 2
	State 3
	State 4
	State 5


============================================================
+ Verbose Summary: Datapath Resource usage 
============================================================

* Functional unit list:
|----------|----------------------------------------|---------|---------|---------|---------|
| Operation|             Functional Unit            |   DSP   |  Delay  |    FF   |   LUT   |
|----------|----------------------------------------|---------|---------|---------|---------|
|   call   | grp_adi_Pipeline_VITIS_LOOP_41_2_fu_52 |    41   | 22.3795 |  36570  |  13462  |
|          | grp_adi_Pipeline_VITIS_LOOP_60_5_fu_64 |    41   | 23.1378 |  33104  |  12716  |
|----------|----------------------------------------|---------|---------|---------|---------|
|    add   |             add_ln39_fu_82             |    0    |    0    |    0    |    39   |
|          |               t_3_fu_101               |    0    |    0    |    0    |    39   |
|----------|----------------------------------------|---------|---------|---------|---------|
|   icmp   |             icmp_ln39_fu_76            |    0    |    0    |    0    |    20   |
|          |            icmp_ln39_1_fu_96           |    0    |    0    |    0    |    20   |
|----------|----------------------------------------|---------|---------|---------|---------|
|   read   |         tsteps_read_read_fu_46         |    0    |    0    |    0    |    0    |
|----------|----------------------------------------|---------|---------|---------|---------|
|   Total  |                                        |    82   | 45.5173 |  69674  |  26296  |
|----------|----------------------------------------|---------|---------|---------|---------|

Memories:
N/A

* Register list:
+-----------------+--------+
|                 |   FF   |
+-----------------+--------+
| add_ln39_reg_123|   32   |
|icmp_ln39_reg_112|    1   |
|    t_reg_116    |   32   |
+-----------------+--------+
|      Total      |   65   |
+-----------------+--------+

* Multiplexer (MUX) list: 
|--------|------|------|------|--------|
|  Comp  |  Pin | Size |  BW  | S x BW |
|--------|------|------|------|--------|
|  Total |      |      |      |    0   |
|--------|------|------|------|--------|



* Summary:
+-----------+--------+--------+--------+--------+
|           |   DSP  |  Delay |   FF   |   LUT  |
+-----------+--------+--------+--------+--------+
|  Function |   82   |   45   |  69674 |  26296 |
|   Memory  |    -   |    -   |    -   |    -   |
|Multiplexer|    -   |    -   |    -   |    -   |
|  Register |    -   |    -   |   65   |    -   |
+-----------+--------+--------+--------+--------+
|   Total   |   82   |   45   |  69739 |  26296 |
+-----------+--------+--------+--------+--------+
