/data/zqy/C2HLS/MCTS_flow/adi/solution1/.autopilot/db/adi.pp.0.cpp:201:3: warning: Added loop label VITIS_LOOP_39_1:   [xilinx-label-all-loops]
  for (t = 1; t <= tsteps; t++) {
  ^~~
  VITIS_LOOP_39_1: 
/data/zqy/C2HLS/MCTS_flow/adi/solution1/.autopilot/db/adi.pp.0.cpp:201:3: note: FIX-IT applied suggested code changes
/data/zqy/C2HLS/MCTS_flow/adi/solution1/.autopilot/db/adi.pp.0.cpp:203:5: warning: Added loop label VITIS_LOOP_41_2:   [xilinx-label-all-loops]
    for (i = 1; i < 59; i++) {
    ^~~
    VITIS_LOOP_41_2: 
/data/zqy/C2HLS/MCTS_flow/adi/solution1/.autopilot/db/adi.pp.0.cpp:203:5: note: FIX-IT applied suggested code changes
/data/zqy/C2HLS/MCTS_flow/adi/solution1/.autopilot/db/adi.pp.0.cpp:208:7: warning: Added loop label VITIS_LOOP_46_3:   [xilinx-label-all-loops]
      for (j = 1; j < 59; j++) {
      ^~~
      VITIS_LOOP_46_3: 
/data/zqy/C2HLS/MCTS_flow/adi/solution1/.autopilot/db/adi.pp.0.cpp:208:7: note: FIX-IT applied suggested code changes
/data/zqy/C2HLS/MCTS_flow/adi/solution1/.autopilot/db/adi.pp.0.cpp:215:7: warning: Added loop label VITIS_LOOP_53_4:   [xilinx-label-all-loops]
      for (j = 0; j <= 57; j++) {
      ^~~
      VITIS_LOOP_53_4: 
/data/zqy/C2HLS/MCTS_flow/adi/solution1/.autopilot/db/adi.pp.0.cpp:215:7: note: FIX-IT applied suggested code changes
/data/zqy/C2HLS/MCTS_flow/adi/solution1/.autopilot/db/adi.pp.0.cpp:222:5: warning: Added loop label VITIS_LOOP_60_5:   [xilinx-label-all-loops]
    for (i = 1; i < 59; i++) {
    ^~~
    VITIS_LOOP_60_5: 
/data/zqy/C2HLS/MCTS_flow/adi/solution1/.autopilot/db/adi.pp.0.cpp:222:5: note: FIX-IT applied suggested code changes
/data/zqy/C2HLS/MCTS_flow/adi/solution1/.autopilot/db/adi.pp.0.cpp:227:7: warning: Added loop label VITIS_LOOP_65_6:   [xilinx-label-all-loops]
      for (j = 1; j < 59; j++) {
      ^~~
      VITIS_LOOP_65_6: 
/data/zqy/C2HLS/MCTS_flow/adi/solution1/.autopilot/db/adi.pp.0.cpp:227:7: note: FIX-IT applied suggested code changes
/data/zqy/C2HLS/MCTS_flow/adi/solution1/.autopilot/db/adi.pp.0.cpp:234:7: warning: Added loop label VITIS_LOOP_72_7:   [xilinx-label-all-loops]
      for (j = 0; j <= 57; j++) {
      ^~~
      VITIS_LOOP_72_7: 
/data/zqy/C2HLS/MCTS_flow/adi/solution1/.autopilot/db/adi.pp.0.cpp:234:7: note: FIX-IT applied suggested code changes
