

================================================================
== Vitis HLS Report for 'adi_Pipeline_VITIS_LOOP_41_2'
================================================================
* Date:           Sat Jul 26 11:27:41 2025

* Version:        2022.2.2 (Build 3779808 on Feb 17 2023)
* Project:        adi
* Solution:       solution1 (Vivado IP Flow Target)
* Product family: virtexuplus
* Target device:  xcu55c-fsvh2892-2L-e


================================================================
== Performance Estimates
================================================================
+ Timing: 
    * Summary: 
    +--------+---------+----------+------------+
    |  Clock |  Target | Estimated| Uncertainty|
    +--------+---------+----------+------------+
    |ap_clk  |  5.00 ns|  4.031 ns|     1.35 ns|
    +--------+---------+----------+------------+

+ Latency: 
    * Summary: 
    +---------+---------+-----------+-----------+------+------+---------+
    |  Latency (cycles) |   Latency (absolute)  |   Interval  | Pipeline|
    |   min   |   max   |    min    |    max    |  min |  max |   Type  |
    +---------+---------+-----------+-----------+------+------+---------+
    |     7421|     7421|  37.105 us|  37.105 us|  7421|  7421|       no|
    +---------+---------+-----------+-----------+------+------+---------+

    + Detail: 
        * Instance: 
        N/A

        * Loop: 
        +-------------------+---------+---------+----------+-----------+-----------+------+----------+
        |                   |  Latency (cycles) | Iteration|  Initiation Interval  | Trip |          |
        |     Loop Name     |   min   |   max   |  Latency |  achieved |   target  | Count| Pipelined|
        +-------------------+---------+---------+----------+-----------+-----------+------+----------+
        |- VITIS_LOOP_41_2  |     7419|     7419|      2461|         87|          1|    58|       yes|
        +-------------------+---------+---------+----------+-----------+-----------+------+----------+



================================================================
== Utilization Estimates
================================================================
* Summary: 
+---------------------+---------+------+---------+---------+-----+
|         Name        | BRAM_18K|  DSP |    FF   |   LUT   | URAM|
+---------------------+---------+------+---------+---------+-----+
|DSP                  |        -|     -|        -|        -|    -|
|Expression           |        -|     -|        0|     4051|    -|
|FIFO                 |        -|     -|        -|        -|    -|
|Instance             |        -|     -|        -|        -|    -|
|Memory               |        -|     -|        -|        -|    -|
|Multiplexer          |        -|     -|        -|     6211|    -|
|Register             |        -|     -|    28628|     7296|    -|
+---------------------+---------+------+---------+---------+-----+
|Total                |        0|     0|    28628|    17558|    0|
+---------------------+---------+------+---------+---------+-----+
|Available SLR        |     1344|  3008|   869120|   434560|  320|
+---------------------+---------+------+---------+---------+-----+
|Utilization SLR (%)  |        0|     0|        3|        4|    0|
+---------------------+---------+------+---------+---------+-----+
|Available            |     4032|  9024|  2607360|  1303680|  960|
+---------------------+---------+------+---------+---------+-----+
|Utilization (%)      |        0|     0|        1|        1|    0|
+---------------------+---------+------+---------+---------+-----+

+ Detail: 
    * Instance: 
    N/A

    * DSP: 
    N/A

    * Memory: 
    N/A

    * FIFO: 
    N/A

    * Expression: 
    +------------------------------+----------+----+---+----+------------+------------+
    |         Variable Name        | Operation| DSP| FF| LUT| Bitwidth P0| Bitwidth P1|
    +------------------------------+----------+----+---+----+------------+------------+
    |add_ln47_10_fu_4674_p2        |         +|   0|  0|  19|          12|           4|
    |add_ln47_11_fu_4704_p2        |         +|   0|  0|  19|          12|           4|
    |add_ln47_12_fu_4714_p2        |         +|   0|  0|  19|          12|           5|
    |add_ln47_13_fu_4764_p2        |         +|   0|  0|  19|          12|           5|
    |add_ln47_14_fu_4774_p2        |         +|   0|  0|  19|          12|           5|
    |add_ln47_15_fu_4814_p2        |         +|   0|  0|  19|          12|           5|
    |add_ln47_16_fu_4824_p2        |         +|   0|  0|  19|          12|           5|
    |add_ln47_17_fu_4854_p2        |         +|   0|  0|  19|          12|           5|
    |add_ln47_18_fu_4864_p2        |         +|   0|  0|  19|          12|           5|
    |add_ln47_19_fu_4914_p2        |         +|   0|  0|  19|          12|           5|
    |add_ln47_1_fu_4406_p2         |         +|   0|  0|  19|          12|           3|
    |add_ln47_20_fu_4924_p2        |         +|   0|  0|  19|          12|           5|
    |add_ln47_21_fu_4968_p2        |         +|   0|  0|  19|          12|           5|
    |add_ln47_22_fu_4978_p2        |         +|   0|  0|  19|          12|           5|
    |add_ln47_23_fu_5012_p2        |         +|   0|  0|  19|          12|           5|
    |add_ln47_24_fu_5022_p2        |         +|   0|  0|  19|          12|           5|
    |add_ln47_25_fu_5084_p2        |         +|   0|  0|  19|          12|           5|
    |add_ln47_26_fu_5094_p2        |         +|   0|  0|  19|          12|           5|
    |add_ln47_27_fu_5142_p2        |         +|   0|  0|  19|          12|           5|
    |add_ln47_28_fu_5152_p2        |         +|   0|  0|  19|          12|           6|
    |add_ln47_29_fu_5186_p2        |         +|   0|  0|  19|          12|           6|
    |add_ln47_2_fu_4291_p2         |         +|   0|  0|  19|          12|           3|
    |add_ln47_30_fu_5196_p2        |         +|   0|  0|  19|          12|           6|
    |add_ln47_31_fu_5262_p2        |         +|   0|  0|  19|          12|           6|
    |add_ln47_32_fu_5272_p2        |         +|   0|  0|  19|          12|           6|
    |add_ln47_33_fu_5318_p2        |         +|   0|  0|  19|          12|           6|
    |add_ln47_34_fu_5328_p2        |         +|   0|  0|  19|          12|           6|
    |add_ln47_35_fu_5362_p2        |         +|   0|  0|  19|          12|           6|
    |add_ln47_36_fu_5372_p2        |         +|   0|  0|  19|          12|           6|
    |add_ln47_37_fu_5426_p2        |         +|   0|  0|  19|          12|           6|
    |add_ln47_38_fu_5436_p2        |         +|   0|  0|  19|          12|           6|
    |add_ln47_39_fu_5476_p2        |         +|   0|  0|  19|          12|           6|
    |add_ln47_3_fu_4302_p2         |         +|   0|  0|  19|          12|           3|
    |add_ln47_40_fu_5486_p2        |         +|   0|  0|  19|          12|           6|
    |add_ln47_41_fu_5516_p2        |         +|   0|  0|  19|          12|           6|
    |add_ln47_42_fu_5526_p2        |         +|   0|  0|  19|          12|           6|
    |add_ln47_43_fu_5576_p2        |         +|   0|  0|  19|          12|           6|
    |add_ln47_44_fu_5586_p2        |         +|   0|  0|  19|          12|           6|
    |add_ln47_45_fu_5626_p2        |         +|   0|  0|  19|          12|           6|
    |add_ln47_46_fu_5636_p2        |         +|   0|  0|  19|          12|           6|
    |add_ln47_47_fu_5666_p2        |         +|   0|  0|  19|          12|           6|
    |add_ln47_48_fu_5676_p2        |         +|   0|  0|  19|          12|           6|
    |add_ln47_49_fu_5726_p2        |         +|   0|  0|  19|          12|           6|
    |add_ln47_4_fu_4215_p2         |         +|   0|  0|  19|          12|           4|
    |add_ln47_50_fu_5736_p2        |         +|   0|  0|  19|          12|           6|
    |add_ln47_51_fu_5776_p2        |         +|   0|  0|  19|          12|           6|
    |add_ln47_52_fu_5786_p2        |         +|   0|  0|  19|          12|           6|
    |add_ln47_53_fu_5816_p2        |         +|   0|  0|  19|          12|           6|
    |add_ln47_54_fu_5826_p2        |         +|   0|  0|  19|          12|           6|
    |add_ln47_5_fu_4226_p2         |         +|   0|  0|  19|          12|           4|
    |add_ln47_6_fu_4118_p2         |         +|   0|  0|  19|          12|           4|
    |add_ln47_7_fu_4130_p2         |         +|   0|  0|  19|          12|           4|
    |add_ln47_8_fu_4620_p2         |         +|   0|  0|  19|          12|           4|
    |add_ln47_9_fu_4664_p2         |         +|   0|  0|  19|          12|           4|
    |add_ln47_fu_4395_p2           |         +|   0|  0|  19|          12|           3|
    |add_ln48_100_fu_7111_p2       |         +|   0|  0|  19|          12|          12|
    |add_ln48_101_fu_7131_p2       |         +|   0|  0|  19|          12|          12|
    |add_ln48_102_fu_7201_p2       |         +|   0|  0|  19|          12|          12|
    |add_ln48_103_fu_7221_p2       |         +|   0|  0|  18|          11|          11|
    |add_ln48_104_fu_7312_p2       |         +|   0|  0|  18|          11|          11|
    |add_ln48_105_fu_7336_p2       |         +|   0|  0|  18|          11|          11|
    |add_ln48_106_fu_7426_p2       |         +|   0|  0|  18|          11|          11|
    |add_ln48_107_fu_7450_p2       |         +|   0|  0|  18|          11|          11|
    |add_ln48_108_fu_7540_p2       |         +|   0|  0|  18|          11|          11|
    |add_ln48_109_fu_7564_p2       |         +|   0|  0|  18|          11|          11|
    |add_ln48_10_fu_4804_p2        |         +|   0|  0|  17|          10|          10|
    |add_ln48_110_fu_4185_p2       |         +|   0|  0|  14|           7|           6|
    |add_ln48_111_fu_4240_p2       |         +|   0|  0|  15|           8|           7|
    |add_ln48_112_fu_4327_p2       |         +|   0|  0|  15|           8|           8|
    |add_ln48_113_fu_4364_p2       |         +|   0|  0|  16|           9|           8|
    |add_ln48_114_fu_4447_p2       |         +|   0|  0|  16|           9|           9|
    |add_ln48_115_fu_4499_p2       |         +|   0|  0|  16|           9|           9|
    |add_ln48_116_fu_4582_p2       |         +|   0|  0|  15|           8|           8|
    |add_ln48_117_fu_4633_p2       |         +|   0|  0|  17|          10|           9|
    |add_ln48_118_fu_4734_p2       |         +|   0|  0|  17|          10|          10|
    |add_ln48_119_fu_4784_p2       |         +|   0|  0|  17|          10|          10|
    |add_ln48_11_fu_4904_p2        |         +|   0|  0|  17|          10|          10|
    |add_ln48_120_fu_4884_p2       |         +|   0|  0|  17|          10|          10|
    |add_ln48_121_fu_4934_p2       |         +|   0|  0|  17|          10|          10|
    |add_ln48_122_fu_5046_p2       |         +|   0|  0|  16|           9|           9|
    |add_ln48_123_fu_5104_p2       |         +|   0|  0|  16|           9|           9|
    |add_ln48_124_fu_5222_p2       |         +|   0|  0|  15|           8|           8|
    |add_ln48_125_fu_5395_p2       |         +|   0|  0|  18|          11|          10|
    |add_ln48_126_fu_5446_p2       |         +|   0|  0|  18|          11|          11|
    |add_ln48_127_fu_5546_p2       |         +|   0|  0|  18|          11|          11|
    |add_ln48_128_fu_5596_p2       |         +|   0|  0|  18|          11|          11|
    |add_ln48_129_fu_5696_p2       |         +|   0|  0|  18|          11|          11|
    |add_ln48_12_fu_4954_p2        |         +|   0|  0|  16|           9|           9|
    |add_ln48_130_fu_5746_p2       |         +|   0|  0|  18|          11|          11|
    |add_ln48_131_fu_5846_p2       |         +|   0|  0|  18|          11|          11|
    |add_ln48_132_fu_5876_p2       |         +|   0|  0|  18|          11|          11|
    |add_ln48_133_fu_5940_p2       |         +|   0|  0|  18|          11|          11|
    |add_ln48_134_fu_5974_p2       |         +|   0|  0|  17|          10|          10|
    |add_ln48_135_fu_6050_p2       |         +|   0|  0|  17|          10|          10|
    |add_ln48_136_fu_6088_p2       |         +|   0|  0|  17|          10|          10|
    |add_ln48_137_fu_6164_p2       |         +|   0|  0|  17|          10|          10|
    |add_ln48_138_fu_6202_p2       |         +|   0|  0|  16|           9|           9|
    |add_ln48_139_fu_6285_p2       |         +|   0|  0|  16|           9|           9|
    |add_ln48_13_fu_5070_p2        |         +|   0|  0|  16|           9|           9|
    |add_ln48_140_fu_6403_p2       |         +|   0|  0|  15|           8|           8|
    |add_ln48_141_fu_6444_p2       |         +|   0|  0|  19|          12|          11|
    |add_ln48_142_fu_6505_p2       |         +|   0|  0|  19|          12|          12|
    |add_ln48_143_fu_6535_p2       |         +|   0|  0|  19|          12|          12|
    |add_ln48_144_fu_6595_p2       |         +|   0|  0|  19|          12|          12|
    |add_ln48_145_fu_6625_p2       |         +|   0|  0|  19|          12|          12|
    |add_ln48_146_fu_6685_p2       |         +|   0|  0|  19|          12|          12|
    |add_ln48_147_fu_6715_p2       |         +|   0|  0|  19|          12|          12|
    |add_ln48_148_fu_6775_p2       |         +|   0|  0|  19|          12|          12|
    |add_ln48_149_fu_6805_p2       |         +|   0|  0|  19|          12|          12|
    |add_ln48_14_fu_5128_p2        |         +|   0|  0|  15|           8|           8|
    |add_ln48_150_fu_6865_p2       |         +|   0|  0|  19|          12|          12|
    |add_ln48_151_fu_6895_p2       |         +|   0|  0|  19|          12|          12|
    |add_ln48_152_fu_6955_p2       |         +|   0|  0|  19|          12|          12|
    |add_ln48_153_fu_6985_p2       |         +|   0|  0|  19|          12|          12|
    |add_ln48_154_fu_7047_p2       |         +|   0|  0|  19|          12|          12|
    |add_ln48_155_fu_7141_p2       |         +|   0|  0|  19|          12|          12|
    |add_ln48_156_fu_7171_p2       |         +|   0|  0|  19|          12|          12|
    |add_ln48_157_fu_7235_p2       |         +|   0|  0|  19|          12|          12|
    |add_ln48_158_fu_7274_p2       |         +|   0|  0|  18|          11|          11|
    |add_ln48_159_fu_7350_p2       |         +|   0|  0|  18|          11|          11|
    |add_ln48_15_fu_5308_p2        |         +|   0|  0|  18|          11|          10|
    |add_ln48_160_fu_7388_p2       |         +|   0|  0|  18|          11|          11|
    |add_ln48_161_fu_7464_p2       |         +|   0|  0|  18|          11|          11|
    |add_ln48_162_fu_7502_p2       |         +|   0|  0|  18|          11|          11|
    |add_ln48_163_fu_7578_p2       |         +|   0|  0|  18|          11|          11|
    |add_ln48_164_fu_7616_p2       |         +|   0|  0|  18|          11|          11|
    |add_ln48_16_fu_5416_p2        |         +|   0|  0|  18|          11|          11|
    |add_ln48_17_fu_5466_p2        |         +|   0|  0|  18|          11|          11|
    |add_ln48_18_fu_5566_p2        |         +|   0|  0|  18|          11|          11|
    |add_ln48_19_fu_5616_p2        |         +|   0|  0|  18|          11|          11|
    |add_ln48_1_fu_4204_p2         |         +|   0|  0|  15|           8|           7|
    |add_ln48_20_fu_5716_p2        |         +|   0|  0|  18|          11|          11|
    |add_ln48_21_fu_5766_p2        |         +|   0|  0|  18|          11|          11|
    |add_ln48_22_fu_5866_p2        |         +|   0|  0|  18|          11|          11|
    |add_ln48_23_fu_5896_p2        |         +|   0|  0|  18|          11|          11|
    |add_ln48_24_fu_5960_p2        |         +|   0|  0|  17|          10|          10|
    |add_ln48_25_fu_5998_p2        |         +|   0|  0|  17|          10|          10|
    |add_ln48_26_fu_6074_p2        |         +|   0|  0|  17|          10|          10|
    |add_ln48_27_fu_6112_p2        |         +|   0|  0|  17|          10|          10|
    |add_ln48_28_fu_6188_p2        |         +|   0|  0|  16|           9|           9|
    |add_ln48_29_fu_6231_p2        |         +|   0|  0|  16|           9|           9|
    |add_ln48_2_fu_4261_p2         |         +|   0|  0|  15|           8|           8|
    |add_ln48_30_fu_6351_p2        |         +|   0|  0|  15|           8|           8|
    |add_ln48_31_fu_6430_p2        |         +|   0|  0|  19|          12|          11|
    |add_ln48_32_fu_6465_p2        |         +|   0|  0|  19|          12|          12|
    |add_ln48_33_fu_6525_p2        |         +|   0|  0|  19|          12|          12|
    |add_ln48_34_fu_6555_p2        |         +|   0|  0|  19|          12|          12|
    |add_ln48_35_fu_6615_p2        |         +|   0|  0|  19|          12|          12|
    |add_ln48_36_fu_6645_p2        |         +|   0|  0|  19|          12|          12|
    |add_ln48_37_fu_6705_p2        |         +|   0|  0|  19|          12|          12|
    |add_ln48_38_fu_6735_p2        |         +|   0|  0|  19|          12|          12|
    |add_ln48_39_fu_6795_p2        |         +|   0|  0|  19|          12|          12|
    |add_ln48_3_fu_4350_p2         |         +|   0|  0|  16|           9|           8|
    |add_ln48_40_fu_6825_p2        |         +|   0|  0|  19|          12|          12|
    |add_ln48_41_fu_6885_p2        |         +|   0|  0|  19|          12|          12|
    |add_ln48_42_fu_6915_p2        |         +|   0|  0|  19|          12|          12|
    |add_ln48_43_fu_6975_p2        |         +|   0|  0|  19|          12|          12|
    |add_ln48_44_fu_7005_p2        |         +|   0|  0|  19|          12|          12|
    |add_ln48_45_fu_7101_p2        |         +|   0|  0|  19|          12|          12|
    |add_ln48_46_fu_7161_p2        |         +|   0|  0|  19|          12|          12|
    |add_ln48_47_fu_7191_p2        |         +|   0|  0|  19|          12|          12|
    |add_ln48_48_fu_7260_p2        |         +|   0|  0|  18|          11|          11|
    |add_ln48_49_fu_7298_p2        |         +|   0|  0|  18|          11|          11|
    |add_ln48_4_fu_4385_p2         |         +|   0|  0|  16|           9|           9|
    |add_ln48_50_fu_7374_p2        |         +|   0|  0|  18|          11|          11|
    |add_ln48_51_fu_7412_p2        |         +|   0|  0|  18|          11|          11|
    |add_ln48_52_fu_7488_p2        |         +|   0|  0|  18|          11|          11|
    |add_ln48_53_fu_7526_p2        |         +|   0|  0|  18|          11|          11|
    |add_ln48_54_fu_7602_p2        |         +|   0|  0|  18|          11|          11|
    |add_ln48_55_fu_4151_p2        |         +|   0|  0|  14|           7|           6|
    |add_ln48_56_fu_4165_p2        |         +|   0|  0|  15|           8|           7|
    |add_ln48_57_fu_4271_p2        |         +|   0|  0|  15|           8|           8|
    |add_ln48_58_fu_4316_p2        |         +|   0|  0|  16|           9|           8|
    |add_ln48_59_fu_4417_p2        |         +|   0|  0|  16|           9|           9|
    |add_ln48_5_fu_4467_p2         |         +|   0|  0|  16|           9|           9|
    |add_ln48_60_fu_4437_p2        |         +|   0|  0|  16|           9|           9|
    |add_ln48_61_fu_4533_p2        |         +|   0|  0|  15|           8|           8|
    |add_ln48_62_fu_4571_p2        |         +|   0|  0|  17|          10|           9|
    |add_ln48_63_fu_4684_p2        |         +|   0|  0|  17|          10|          10|
    |add_ln48_64_fu_4724_p2        |         +|   0|  0|  17|          10|          10|
    |add_ln48_65_fu_4834_p2        |         +|   0|  0|  17|          10|          10|
    |add_ln48_66_fu_4874_p2        |         +|   0|  0|  17|          10|          10|
    |add_ln48_67_fu_4988_p2        |         +|   0|  0|  16|           9|           9|
    |add_ln48_68_fu_5032_p2        |         +|   0|  0|  16|           9|           9|
    |add_ln48_69_fu_5162_p2        |         +|   0|  0|  15|           8|           8|
    |add_ln48_6_fu_4519_p2         |         +|   0|  0|  15|           8|           8|
    |add_ln48_70_fu_5341_p2        |         +|   0|  0|  18|          11|          10|
    |add_ln48_71_fu_5382_p2        |         +|   0|  0|  18|          11|          11|
    |add_ln48_72_fu_5496_p2        |         +|   0|  0|  18|          11|          11|
    |add_ln48_73_fu_5536_p2        |         +|   0|  0|  18|          11|          11|
    |add_ln48_74_fu_5646_p2        |         +|   0|  0|  18|          11|          11|
    |add_ln48_75_fu_5686_p2        |         +|   0|  0|  18|          11|          11|
    |add_ln48_76_fu_5796_p2        |         +|   0|  0|  18|          11|          11|
    |add_ln48_77_fu_5836_p2        |         +|   0|  0|  18|          11|          11|
    |add_ln48_78_fu_5906_p2        |         +|   0|  0|  18|          11|          11|
    |add_ln48_79_fu_5926_p2        |         +|   0|  0|  17|          10|          10|
    |add_ln48_7_fu_4609_p2         |         +|   0|  0|  17|          10|           9|
    |add_ln48_80_fu_6012_p2        |         +|   0|  0|  17|          10|          10|
    |add_ln48_81_fu_6036_p2        |         +|   0|  0|  17|          10|          10|
    |add_ln48_82_fu_6126_p2        |         +|   0|  0|  17|          10|          10|
    |add_ln48_83_fu_6150_p2        |         +|   0|  0|  16|           9|           9|
    |add_ln48_84_fu_6245_p2        |         +|   0|  0|  16|           9|           9|
    |add_ln48_85_fu_6365_p2        |         +|   0|  0|  15|           8|           8|
    |add_ln48_86_fu_6392_p2        |         +|   0|  0|  19|          12|          11|
    |add_ln48_87_fu_6475_p2        |         +|   0|  0|  19|          12|          12|
    |add_ln48_88_fu_6495_p2        |         +|   0|  0|  19|          12|          12|
    |add_ln48_89_fu_6565_p2        |         +|   0|  0|  19|          12|          12|
    |add_ln48_8_fu_4654_p2         |         +|   0|  0|  17|          10|          10|
    |add_ln48_90_fu_6585_p2        |         +|   0|  0|  19|          12|          12|
    |add_ln48_91_fu_6655_p2        |         +|   0|  0|  19|          12|          12|
    |add_ln48_92_fu_6675_p2        |         +|   0|  0|  19|          12|          12|
    |add_ln48_93_fu_6745_p2        |         +|   0|  0|  19|          12|          12|
    |add_ln48_94_fu_6765_p2        |         +|   0|  0|  19|          12|          12|
    |add_ln48_95_fu_6835_p2        |         +|   0|  0|  19|          12|          12|
    |add_ln48_96_fu_6855_p2        |         +|   0|  0|  19|          12|          12|
    |add_ln48_97_fu_6925_p2        |         +|   0|  0|  19|          12|          12|
    |add_ln48_98_fu_6945_p2        |         +|   0|  0|  19|          12|          12|
    |add_ln48_99_fu_7015_p2        |         +|   0|  0|  19|          12|          12|
    |add_ln48_9_fu_4754_p2         |         +|   0|  0|  17|          10|          10|
    |add_ln48_fu_4061_p2           |         +|   0|  0|  14|           7|           6|
    |add_ln50_fu_4072_p2           |         +|   0|  0|  18|          11|          11|
    |empty_10_fu_4141_p2           |         +|   0|  0|  13|           6|           2|
    |indvars_iv_next50_fu_4176_p2  |         +|   0|  0|  13|           6|           1|
    |sub_ln43_fu_4107_p2           |         -|   0|  0|  19|          12|          12|
    |icmp_ln41_fu_4042_p2          |      icmp|   0|  0|  10|           6|           4|
    |or_ln47_1_fu_4477_p2          |        or|   0|  0|  12|          12|           2|
    |or_ln47_2_fu_4488_p2          |        or|   0|  0|  12|          12|           2|
    |or_ln47_fu_4557_p2            |        or|   0|  0|  12|          12|           1|
    |ap_enable_pp0                 |       xor|   0|  0|   2|           1|           2|
    +------------------------------+----------+----+---+----+------------+------------+
    |Total                         |          |   0|  0|4051|        2478|        2045|
    +------------------------------+----------+----+---+----+------------+------------+

    * Multiplexer: 
    +-----------------------------------+-----+-----------+-----+-----------+
    |                Name               | LUT | Input Size| Bits| Total Bits|
    +-----------------------------------+-----+-----------+-----+-----------+
    |ap_NS_fsm                          |  429|         88|    1|         88|
    |ap_done_int                        |    9|          2|    1|          2|
    |ap_enable_reg_pp0_iter0            |    9|          2|    1|          2|
    |ap_enable_reg_pp0_iter1            |    9|          2|    1|          2|
    |ap_enable_reg_pp0_iter28           |    9|          2|    1|          2|
    |ap_loop_exit_ready_pp0_iter10_reg  |    9|          2|    1|          2|
    |ap_loop_exit_ready_pp0_iter11_reg  |    9|          2|    1|          2|
    |ap_loop_exit_ready_pp0_iter12_reg  |    9|          2|    1|          2|
    |ap_loop_exit_ready_pp0_iter13_reg  |    9|          2|    1|          2|
    |ap_loop_exit_ready_pp0_iter14_reg  |    9|          2|    1|          2|
    |ap_loop_exit_ready_pp0_iter15_reg  |    9|          2|    1|          2|
    |ap_loop_exit_ready_pp0_iter16_reg  |    9|          2|    1|          2|
    |ap_loop_exit_ready_pp0_iter17_reg  |    9|          2|    1|          2|
    |ap_loop_exit_ready_pp0_iter18_reg  |    9|          2|    1|          2|
    |ap_loop_exit_ready_pp0_iter19_reg  |    9|          2|    1|          2|
    |ap_loop_exit_ready_pp0_iter1_reg   |    9|          2|    1|          2|
    |ap_loop_exit_ready_pp0_iter20_reg  |    9|          2|    1|          2|
    |ap_loop_exit_ready_pp0_iter21_reg  |    9|          2|    1|          2|
    |ap_loop_exit_ready_pp0_iter22_reg  |    9|          2|    1|          2|
    |ap_loop_exit_ready_pp0_iter23_reg  |    9|          2|    1|          2|
    |ap_loop_exit_ready_pp0_iter24_reg  |    9|          2|    1|          2|
    |ap_loop_exit_ready_pp0_iter25_reg  |    9|          2|    1|          2|
    |ap_loop_exit_ready_pp0_iter26_reg  |    9|          2|    1|          2|
    |ap_loop_exit_ready_pp0_iter27_reg  |    9|          2|    1|          2|
    |ap_loop_exit_ready_pp0_iter2_reg   |    9|          2|    1|          2|
    |ap_loop_exit_ready_pp0_iter3_reg   |    9|          2|    1|          2|
    |ap_loop_exit_ready_pp0_iter4_reg   |    9|          2|    1|          2|
    |ap_loop_exit_ready_pp0_iter5_reg   |    9|          2|    1|          2|
    |ap_loop_exit_ready_pp0_iter6_reg   |    9|          2|    1|          2|
    |ap_loop_exit_ready_pp0_iter7_reg   |    9|          2|    1|          2|
    |ap_loop_exit_ready_pp0_iter8_reg   |    9|          2|    1|          2|
    |ap_loop_exit_ready_pp0_iter9_reg   |    9|          2|    1|          2|
    |ap_sig_allocacmp_i_2               |    9|          2|    6|         12|
    |grp_fu_3532_opcode                 |   14|          3|    2|          6|
    |grp_fu_3532_p0                     |   65|         15|   64|        960|
    |grp_fu_3532_p1                     |   65|         16|   64|       1024|
    |grp_fu_3536_opcode                 |   14|          3|    2|          6|
    |grp_fu_3536_p0                     |  221|         51|   64|       3264|
    |grp_fu_3536_p1                     |  139|         28|   64|       1792|
    |grp_fu_3541_opcode                 |   14|          3|    2|          6|
    |grp_fu_3541_p0                     |  139|         28|   64|       1792|
    |grp_fu_3541_p1                     |  221|         51|   64|       3264|
    |grp_fu_3546_p0                     |  422|         87|   64|       5568|
    |grp_fu_3546_p1                     |   26|          5|   64|        320|
    |grp_fu_3551_p0                     |  429|         88|   64|       5632|
    |grp_fu_3551_p1                     |   20|          4|   64|        256|
    |grp_fu_3561_p0                     |  269|         63|   64|       4032|
    |grp_fu_3561_p1                     |  123|         25|   64|       1600|
    |grp_fu_3568_p0                     |  113|         23|   64|       1472|
    |grp_fu_3568_p1                     |  159|         35|   64|       2240|
    |grp_fu_3618_p0                     |  113|         23|   64|       1472|
    |grp_fu_3618_p1                     |  253|         59|   64|       3776|
    |i_fu_624                           |    9|          2|    6|         12|
    |p_address0                         |  162|         36|   12|        432|
    |p_address1                         |  162|         36|   12|        432|
    |p_d0                               |  145|         31|   64|       1984|
    |p_d1                               |  145|         30|   64|       1920|
    |q_address0                         |  162|         36|   12|        432|
    |q_address1                         |  159|         35|   12|        420|
    |q_d0                               |  148|         32|   64|       2048|
    |q_d1                               |  145|         29|   64|       1856|
    |u_address0                         |  429|         88|   12|       1056|
    |u_address1                         |  429|         88|   12|       1056|
    |v_address0                         |  145|         31|   12|        372|
    |v_address1                         |  145|         31|   12|        372|
    |v_d0                               |  145|         31|   64|       1984|
    |v_d1                               |  145|         31|   64|       1984|
    +-----------------------------------+-----+-----------+-----+-----------+
    |Total                              | 6211|       1329| 1554|      55004|
    +-----------------------------------+-----+-----------+-----+-----------+

    * Register: 
    +-----------------------------------+-----+----+-----+-----------+
    |                Name               |  FF | LUT| Bits| Const Bits|
    +-----------------------------------+-----+----+-----+-----------+
    |add4_47_reg_11725                  |   64|   0|   64|          0|
    |ap_CS_fsm                          |   87|   0|   87|          0|
    |ap_done_reg                        |    1|   0|    1|          0|
    |ap_enable_reg_pp0_iter0_reg        |    1|   0|    1|          0|
    |ap_enable_reg_pp0_iter1            |    1|   0|    1|          0|
    |ap_enable_reg_pp0_iter10           |    1|   0|    1|          0|
    |ap_enable_reg_pp0_iter11           |    1|   0|    1|          0|
    |ap_enable_reg_pp0_iter12           |    1|   0|    1|          0|
    |ap_enable_reg_pp0_iter13           |    1|   0|    1|          0|
    |ap_enable_reg_pp0_iter14           |    1|   0|    1|          0|
    |ap_enable_reg_pp0_iter15           |    1|   0|    1|          0|
    |ap_enable_reg_pp0_iter16           |    1|   0|    1|          0|
    |ap_enable_reg_pp0_iter17           |    1|   0|    1|          0|
    |ap_enable_reg_pp0_iter18           |    1|   0|    1|          0|
    |ap_enable_reg_pp0_iter19           |    1|   0|    1|          0|
    |ap_enable_reg_pp0_iter2            |    1|   0|    1|          0|
    |ap_enable_reg_pp0_iter20           |    1|   0|    1|          0|
    |ap_enable_reg_pp0_iter21           |    1|   0|    1|          0|
    |ap_enable_reg_pp0_iter22           |    1|   0|    1|          0|
    |ap_enable_reg_pp0_iter23           |    1|   0|    1|          0|
    |ap_enable_reg_pp0_iter24           |    1|   0|    1|          0|
    |ap_enable_reg_pp0_iter25           |    1|   0|    1|          0|
    |ap_enable_reg_pp0_iter26           |    1|   0|    1|          0|
    |ap_enable_reg_pp0_iter27           |    1|   0|    1|          0|
    |ap_enable_reg_pp0_iter28           |    1|   0|    1|          0|
    |ap_enable_reg_pp0_iter3            |    1|   0|    1|          0|
    |ap_enable_reg_pp0_iter4            |    1|   0|    1|          0|
    |ap_enable_reg_pp0_iter5            |    1|   0|    1|          0|
    |ap_enable_reg_pp0_iter6            |    1|   0|    1|          0|
    |ap_enable_reg_pp0_iter7            |    1|   0|    1|          0|
    |ap_enable_reg_pp0_iter8            |    1|   0|    1|          0|
    |ap_enable_reg_pp0_iter9            |    1|   0|    1|          0|
    |ap_loop_exit_ready_pp0_iter10_reg  |    1|   0|    1|          0|
    |ap_loop_exit_ready_pp0_iter11_reg  |    1|   0|    1|          0|
    |ap_loop_exit_ready_pp0_iter12_reg  |    1|   0|    1|          0|
    |ap_loop_exit_ready_pp0_iter13_reg  |    1|   0|    1|          0|
    |ap_loop_exit_ready_pp0_iter14_reg  |    1|   0|    1|          0|
    |ap_loop_exit_ready_pp0_iter15_reg  |    1|   0|    1|          0|
    |ap_loop_exit_ready_pp0_iter16_reg  |    1|   0|    1|          0|
    |ap_loop_exit_ready_pp0_iter17_reg  |    1|   0|    1|          0|
    |ap_loop_exit_ready_pp0_iter18_reg  |    1|   0|    1|          0|
    |ap_loop_exit_ready_pp0_iter19_reg  |    1|   0|    1|          0|
    |ap_loop_exit_ready_pp0_iter1_reg   |    1|   0|    1|          0|
    |ap_loop_exit_ready_pp0_iter20_reg  |    1|   0|    1|          0|
    |ap_loop_exit_ready_pp0_iter21_reg  |    1|   0|    1|          0|
    |ap_loop_exit_ready_pp0_iter22_reg  |    1|   0|    1|          0|
    |ap_loop_exit_ready_pp0_iter23_reg  |    1|   0|    1|          0|
    |ap_loop_exit_ready_pp0_iter24_reg  |    1|   0|    1|          0|
    |ap_loop_exit_ready_pp0_iter25_reg  |    1|   0|    1|          0|
    |ap_loop_exit_ready_pp0_iter26_reg  |    1|   0|    1|          0|
    |ap_loop_exit_ready_pp0_iter27_reg  |    1|   0|    1|          0|
    |ap_loop_exit_ready_pp0_iter2_reg   |    1|   0|    1|          0|
    |ap_loop_exit_ready_pp0_iter3_reg   |    1|   0|    1|          0|
    |ap_loop_exit_ready_pp0_iter4_reg   |    1|   0|    1|          0|
    |ap_loop_exit_ready_pp0_iter5_reg   |    1|   0|    1|          0|
    |ap_loop_exit_ready_pp0_iter6_reg   |    1|   0|    1|          0|
    |ap_loop_exit_ready_pp0_iter7_reg   |    1|   0|    1|          0|
    |ap_loop_exit_ready_pp0_iter8_reg   |    1|   0|    1|          0|
    |ap_loop_exit_ready_pp0_iter9_reg   |    1|   0|    1|          0|
    |div1_10_reg_11377                  |   64|   0|   64|          0|
    |div1_11_reg_11384                  |   64|   0|   64|          0|
    |div1_12_reg_11391                  |   64|   0|   64|          0|
    |div1_13_reg_11398                  |   64|   0|   64|          0|
    |div1_14_reg_11405                  |   64|   0|   64|          0|
    |div1_15_reg_11412                  |   64|   0|   64|          0|
    |div1_16_reg_11419                  |   64|   0|   64|          0|
    |div1_17_reg_11426                  |   64|   0|   64|          0|
    |div1_18_reg_11433                  |   64|   0|   64|          0|
    |div1_19_reg_11440                  |   64|   0|   64|          0|
    |div1_20_reg_11447                  |   64|   0|   64|          0|
    |div1_21_reg_11454                  |   64|   0|   64|          0|
    |div1_22_reg_11461                  |   64|   0|   64|          0|
    |div1_23_reg_11468                  |   64|   0|   64|          0|
    |div1_24_reg_11475                  |   64|   0|   64|          0|
    |div1_25_reg_11482                  |   64|   0|   64|          0|
    |div1_26_reg_11489                  |   64|   0|   64|          0|
    |div1_27_reg_11496                  |   64|   0|   64|          0|
    |div1_28_reg_11503                  |   64|   0|   64|          0|
    |div1_29_reg_11510                  |   64|   0|   64|          0|
    |div1_30_reg_11517                  |   64|   0|   64|          0|
    |div1_31_reg_11524                  |   64|   0|   64|          0|
    |div1_32_reg_11531                  |   64|   0|   64|          0|
    |div1_33_reg_11538                  |   64|   0|   64|          0|
    |div1_34_reg_11545                  |   64|   0|   64|          0|
    |div1_35_reg_11552                  |   64|   0|   64|          0|
    |div1_36_reg_11559                  |   64|   0|   64|          0|
    |div1_37_reg_11566                  |   64|   0|   64|          0|
    |div1_38_reg_11573                  |   64|   0|   64|          0|
    |div1_39_reg_11580                  |   64|   0|   64|          0|
    |div1_40_reg_11587                  |   64|   0|   64|          0|
    |div1_41_reg_11594                  |   64|   0|   64|          0|
    |div1_42_reg_11601                  |   64|   0|   64|          0|
    |div1_43_reg_11608                  |   64|   0|   64|          0|
    |div1_44_reg_11615                  |   64|   0|   64|          0|
    |div1_45_reg_11622                  |   64|   0|   64|          0|
    |div1_46_reg_11629                  |   64|   0|   64|          0|
    |div1_47_reg_11636                  |   64|   0|   64|          0|
    |div1_48_reg_11643                  |   64|   0|   64|          0|
    |div1_49_reg_11650                  |   64|   0|   64|          0|
    |div1_50_reg_11657                  |   64|   0|   64|          0|
    |div1_51_reg_11664                  |   64|   0|   64|          0|
    |div1_52_reg_11671                  |   64|   0|   64|          0|
    |div1_52_reg_11671_pp0_iter20_reg   |   64|   0|   64|          0|
    |div1_53_reg_11678                  |   64|   0|   64|          0|
    |div1_53_reg_11678_pp0_iter21_reg   |   64|   0|   64|          0|
    |div1_54_reg_11685                  |   64|   0|   64|          0|
    |div1_55_reg_11692                  |   64|   0|   64|          0|
    |div1_56_reg_11699                  |   64|   0|   64|          0|
    |div1_s_reg_11370                   |   64|   0|   64|          0|
    |empty_10_reg_8404                  |    6|   0|    6|          0|
    |i_2_reg_8272                       |    6|   0|    6|          0|
    |i_fu_624                           |    6|   0|    6|          0|
    |icmp_ln41_reg_8284                 |    1|   0|    1|          0|
    |indvars_iv_next50_reg_8434         |    6|   0|    6|          0|
    |mul10_34_reg_11705                 |   64|   0|   64|          0|
    |mul1_56_reg_11285                  |   64|   0|   64|          0|
    |mul3_53_reg_11255                  |   64|   0|   64|          0|
    |mul3_55_reg_11280                  |   64|   0|   64|          0|
    |mul3_56_reg_11290                  |   64|   0|   64|          0|
    |p_addr_10_reg_8474                 |   10|   0|   12|          2|
    |p_addr_11_reg_8383                 |   10|   0|   12|          2|
    |p_addr_12_reg_8393                 |   10|   0|   12|          2|
    |p_addr_2_reg_8815                  |   10|   0|   12|          2|
    |p_addr_3_reg_8743                  |   10|   0|   12|          2|
    |p_addr_4_reg_8748                  |   10|   0|   12|          2|
    |p_addr_5_reg_8666                  |   10|   0|   12|          2|
    |p_addr_6_reg_8671                  |   10|   0|   12|          2|
    |p_addr_7_reg_8549                  |   10|   0|   12|          2|
    |p_addr_8_reg_8554                  |   10|   0|   12|          2|
    |p_addr_9_reg_8469                  |   10|   0|   12|          2|
    |p_load_10_reg_8957                 |   64|   0|   64|          0|
    |p_load_1_reg_8519                  |   64|   0|   64|          0|
    |p_load_2_reg_8601                  |   64|   0|   64|          0|
    |p_load_3_reg_8606                  |   64|   0|   64|          0|
    |p_load_4_reg_8703                  |   64|   0|   64|          0|
    |p_load_5_reg_8708                  |   64|   0|   64|          0|
    |p_load_6_reg_8780                  |   64|   0|   64|          0|
    |p_load_7_reg_8785                  |   64|   0|   64|          0|
    |p_load_8_reg_8858                  |   64|   0|   64|          0|
    |p_load_9_reg_8863                  |   64|   0|   64|          0|
    |p_load_reg_8514                    |   64|   0|   64|          0|
    |q_addr_10_reg_8485                 |   10|   0|   12|          2|
    |q_addr_11_reg_8398                 |   10|   0|   12|          2|
    |q_addr_2_reg_8820                  |   10|   0|   12|          2|
    |q_addr_3_reg_8753                  |   10|   0|   12|          2|
    |q_addr_4_reg_8759                  |   10|   0|   12|          2|
    |q_addr_4_reg_8759_pp0_iter1_reg    |   10|   0|   12|          2|
    |q_addr_5_reg_8676                  |   10|   0|   12|          2|
    |q_addr_5_reg_8676_pp0_iter1_reg    |   10|   0|   12|          2|
    |q_addr_6_reg_8682                  |   10|   0|   12|          2|
    |q_addr_6_reg_8682_pp0_iter1_reg    |   10|   0|   12|          2|
    |q_addr_7_reg_8559                  |   10|   0|   12|          2|
    |q_addr_8_reg_8565                  |   10|   0|   12|          2|
    |q_addr_9_reg_8479                  |   10|   0|   12|          2|
    |q_load_1_reg_11360                 |   64|   0|   64|          0|
    |q_load_2_reg_11355                 |   64|   0|   64|          0|
    |q_load_3_reg_11350                 |   64|   0|   64|          0|
    |q_load_4_reg_11345                 |   64|   0|   64|          0|
    |q_load_5_reg_11340                 |   64|   0|   64|          0|
    |q_load_6_reg_11335                 |   64|   0|   64|          0|
    |q_load_7_reg_11330                 |   64|   0|   64|          0|
    |q_load_8_reg_11020                 |   64|   0|   64|          0|
    |q_load_9_reg_10100                 |   64|   0|   64|          0|
    |q_load_reg_11365                   |   64|   0|   64|          0|
    |reg_3680                           |   64|   0|   64|          0|
    |reg_3684                           |   64|   0|   64|          0|
    |reg_3688                           |   64|   0|   64|          0|
    |reg_3695                           |   64|   0|   64|          0|
    |reg_3701                           |   64|   0|   64|          0|
    |reg_3707                           |   64|   0|   64|          0|
    |reg_3714                           |   64|   0|   64|          0|
    |reg_3720                           |   64|   0|   64|          0|
    |reg_3726                           |   64|   0|   64|          0|
    |reg_3733                           |   64|   0|   64|          0|
    |reg_3738                           |   64|   0|   64|          0|
    |reg_3744                           |   64|   0|   64|          0|
    |reg_3749                           |   64|   0|   64|          0|
    |reg_3756                           |   64|   0|   64|          0|
    |reg_3762                           |   64|   0|   64|          0|
    |reg_3767                           |   64|   0|   64|          0|
    |reg_3774                           |   64|   0|   64|          0|
    |reg_3779                           |   64|   0|   64|          0|
    |reg_3784                           |   64|   0|   64|          0|
    |reg_3790                           |   64|   0|   64|          0|
    |reg_3796                           |   64|   0|   64|          0|
    |reg_3801                           |   64|   0|   64|          0|
    |reg_3807                           |   64|   0|   64|          0|
    |reg_3813                           |   64|   0|   64|          0|
    |reg_3819                           |   64|   0|   64|          0|
    |reg_3826                           |   64|   0|   64|          0|
    |reg_3832                           |   64|   0|   64|          0|
    |reg_3840                           |   64|   0|   64|          0|
    |reg_3846                           |   64|   0|   64|          0|
    |reg_3852                           |   64|   0|   64|          0|
    |reg_3858                           |   64|   0|   64|          0|
    |reg_3864                           |   64|   0|   64|          0|
    |reg_3870                           |   64|   0|   64|          0|
    |reg_3875                           |   64|   0|   64|          0|
    |reg_3880                           |   64|   0|   64|          0|
    |reg_3885                           |   64|   0|   64|          0|
    |reg_3891                           |   64|   0|   64|          0|
    |reg_3897                           |   64|   0|   64|          0|
    |reg_3903                           |   64|   0|   64|          0|
    |reg_3909                           |   64|   0|   64|          0|
    |reg_3915                           |   64|   0|   64|          0|
    |reg_3921                           |   64|   0|   64|          0|
    |reg_3927                           |   64|   0|   64|          0|
    |reg_3934                           |   64|   0|   64|          0|
    |reg_3940                           |   64|   0|   64|          0|
    |reg_3946                           |   64|   0|   64|          0|
    |reg_3953                           |   64|   0|   64|          0|
    |reg_3959                           |   64|   0|   64|          0|
    |reg_3966                           |   64|   0|   64|          0|
    |reg_3973                           |   64|   0|   64|          0|
    |reg_3978                           |   64|   0|   64|          0|
    |reg_3984                           |   64|   0|   64|          0|
    |reg_3990                           |   64|   0|   64|          0|
    |reg_3996                           |   64|   0|   64|          0|
    |reg_4002                           |   64|   0|   64|          0|
    |reg_4010                           |   64|   0|   64|          0|
    |reg_4015                           |   64|   0|   64|          0|
    |reg_4021                           |   64|   0|   64|          0|
    |reg_4026                           |   64|   0|   64|          0|
    |sub_10_reg_9730                    |   64|   0|   64|          0|
    |sub_11_reg_9765                    |   64|   0|   64|          0|
    |sub_12_reg_9820                    |   64|   0|   64|          0|
    |sub_13_reg_9845                    |   64|   0|   64|          0|
    |sub_14_reg_9900                    |   64|   0|   64|          0|
    |sub_15_reg_9925                    |   64|   0|   64|          0|
    |sub_16_reg_9980                    |   64|   0|   64|          0|
    |sub_17_reg_10005                   |   64|   0|   64|          0|
    |sub_18_reg_10060                   |   64|   0|   64|          0|
    |sub_19_reg_10085                   |   64|   0|   64|          0|
    |sub_20_reg_10145                   |   64|   0|   64|          0|
    |sub_21_reg_10190                   |   64|   0|   64|          0|
    |sub_22_reg_10285                   |   64|   0|   64|          0|
    |sub_23_reg_10310                   |   64|   0|   64|          0|
    |sub_24_reg_10365                   |   64|   0|   64|          0|
    |sub_25_reg_10390                   |   64|   0|   64|          0|
    |sub_26_reg_10445                   |   64|   0|   64|          0|
    |sub_27_reg_10470                   |   64|   0|   64|          0|
    |sub_28_reg_10525                   |   64|   0|   64|          0|
    |sub_29_reg_10550                   |   64|   0|   64|          0|
    |sub_30_reg_10605                   |   64|   0|   64|          0|
    |sub_31_reg_10630                   |   64|   0|   64|          0|
    |sub_32_reg_10685                   |   64|   0|   64|          0|
    |sub_33_reg_10710                   |   64|   0|   64|          0|
    |sub_34_reg_10765                   |   64|   0|   64|          0|
    |sub_35_reg_10790                   |   64|   0|   64|          0|
    |sub_36_reg_10845                   |   64|   0|   64|          0|
    |sub_37_reg_10870                   |   64|   0|   64|          0|
    |sub_38_reg_10925                   |   64|   0|   64|          0|
    |sub_39_reg_10950                   |   64|   0|   64|          0|
    |sub_3_reg_9252                     |   64|   0|   64|          0|
    |sub_3_reg_9252_pp0_iter1_reg       |   64|   0|   64|          0|
    |sub_40_reg_11005                   |   64|   0|   64|          0|
    |sub_41_reg_11035                   |   64|   0|   64|          0|
    |sub_42_reg_11090                   |   64|   0|   64|          0|
    |sub_43_reg_11115                   |   64|   0|   64|          0|
    |sub_44_reg_11170                   |   64|   0|   64|          0|
    |sub_45_reg_11195                   |   64|   0|   64|          0|
    |sub_46_reg_11235                   |   64|   0|   64|          0|
    |sub_47_reg_11250                   |   64|   0|   64|          0|
    |sub_48_reg_11270                   |   64|   0|   64|          0|
    |sub_49_reg_11275                   |   64|   0|   64|          0|
    |sub_4_reg_9287                     |   64|   0|   64|          0|
    |sub_4_reg_9287_pp0_iter1_reg       |   64|   0|   64|          0|
    |sub_50_reg_11295                   |   64|   0|   64|          0|
    |sub_51_reg_11300                   |   64|   0|   64|          0|
    |sub_52_reg_11305                   |   64|   0|   64|          0|
    |sub_53_reg_11310                   |   64|   0|   64|          0|
    |sub_54_reg_11315                   |   64|   0|   64|          0|
    |sub_55_reg_11320                   |   64|   0|   64|          0|
    |sub_56_reg_11325                   |   64|   0|   64|          0|
    |sub_5_reg_9381                     |   64|   0|   64|          0|
    |sub_5_reg_9381_pp0_iter1_reg       |   64|   0|   64|          0|
    |sub_6_reg_9435                     |   64|   0|   64|          0|
    |sub_7_reg_9510                     |   64|   0|   64|          0|
    |sub_8_reg_9545                     |   64|   0|   64|          0|
    |sub_9_reg_9620                     |   64|   0|   64|          0|
    |sub_ln43_reg_8318                  |   10|   0|   12|          2|
    |sub_s_reg_9655                     |   64|   0|   64|          0|
    |zext_ln43_1_reg_8378               |   10|   0|   64|         54|
    |zext_ln47_10_reg_8388              |   10|   0|   64|         54|
    |zext_ln47_11_reg_8890              |   10|   0|   64|         54|
    |zext_ln47_12_reg_8932              |   10|   0|   64|         54|
    |zext_ln47_13_reg_8937              |   10|   0|   64|         54|
    |zext_ln47_14_reg_8962              |   10|   0|   64|         54|
    |zext_ln47_15_reg_8967              |   10|   0|   64|         54|
    |zext_ln47_16_reg_9002              |   10|   0|   64|         54|
    |zext_ln47_17_reg_9007              |   10|   0|   64|         54|
    |zext_ln47_18_reg_9037              |   10|   0|   64|         54|
    |zext_ln47_19_reg_9042              |   10|   0|   64|         54|
    |zext_ln47_20_reg_9062              |   10|   0|   64|         54|
    |zext_ln47_21_reg_9067              |   10|   0|   64|         54|
    |zext_ln47_22_reg_9102              |   10|   0|   64|         54|
    |zext_ln47_23_reg_9107              |   10|   0|   64|         54|
    |zext_ln47_24_reg_9137              |   10|   0|   64|         54|
    |zext_ln47_25_reg_9142              |   10|   0|   64|         54|
    |zext_ln47_26_reg_9162              |   10|   0|   64|         54|
    |zext_ln47_27_reg_9167              |   10|   0|   64|         54|
    |zext_ln47_28_reg_9202              |   10|   0|   64|         54|
    |zext_ln47_29_reg_9207              |   10|   0|   64|         54|
    |zext_ln47_30_reg_9237              |   10|   0|   64|         54|
    |zext_ln47_31_reg_9242              |   10|   0|   64|         54|
    |zext_ln47_32_reg_9267              |   10|   0|   64|         54|
    |zext_ln47_33_reg_9272              |   10|   0|   64|         54|
    |zext_ln47_34_reg_9312              |   10|   0|   64|         54|
    |zext_ln47_35_reg_9317              |   10|   0|   64|         54|
    |zext_ln47_36_reg_9347              |   10|   0|   64|         54|
    |zext_ln47_37_reg_9352              |   10|   0|   64|         54|
    |zext_ln47_38_reg_9396              |   10|   0|   64|         54|
    |zext_ln47_39_reg_9401              |   10|   0|   64|         54|
    |zext_ln47_40_reg_9460              |   10|   0|   64|         54|
    |zext_ln47_41_reg_9465              |   10|   0|   64|         54|
    |zext_ln47_42_reg_9495              |   10|   0|   64|         54|
    |zext_ln47_43_reg_9500              |   10|   0|   64|         54|
    |zext_ln47_44_reg_9525              |   10|   0|   64|         54|
    |zext_ln47_45_reg_9530              |   10|   0|   64|         54|
    |zext_ln47_46_reg_9570              |   10|   0|   64|         54|
    |zext_ln47_47_reg_9575              |   10|   0|   64|         54|
    |zext_ln47_48_reg_9605              |   10|   0|   64|         54|
    |zext_ln47_49_reg_9610              |   10|   0|   64|         54|
    |zext_ln47_50_reg_9635              |   10|   0|   64|         54|
    |zext_ln47_51_reg_9640              |   10|   0|   64|         54|
    |zext_ln47_52_reg_9680              |   10|   0|   64|         54|
    |zext_ln47_53_reg_9685              |   10|   0|   64|         54|
    |zext_ln47_54_reg_9715              |   10|   0|   64|         54|
    |zext_ln47_55_reg_9720              |   10|   0|   64|         54|
    |zext_ln47_56_reg_9745              |   10|   0|   64|         54|
    |zext_ln47_57_reg_9750              |   10|   0|   64|         54|
    |zext_ln48_10_reg_8656              |    9|   0|   64|         55|
    |zext_ln48_11_reg_8733              |    9|   0|   64|         55|
    |zext_ln48_128_reg_10235            |    6|   0|   12|          6|
    |zext_ln48_129_reg_9411             |    6|   0|   11|          5|
    |zext_ln48_12_reg_8790              |    9|   0|   64|         55|
    |zext_ln48_130_reg_8491             |    6|   0|    8|          2|
    |zext_ln48_131_reg_8631             |    6|   0|    9|          3|
    |zext_ln48_132_reg_8895             |    6|   0|   10|          4|
    |zext_ln48_13_reg_8880              |   10|   0|   64|         54|
    |zext_ln48_14_reg_8922              |   10|   0|   64|         54|
    |zext_ln48_15_reg_8992              |   10|   0|   64|         54|
    |zext_ln48_16_reg_9027              |   10|   0|   64|         54|
    |zext_ln48_17_reg_9092              |   10|   0|   64|         54|
    |zext_ln48_18_reg_9127              |   10|   0|   64|         54|
    |zext_ln48_19_reg_9192              |   10|   0|   64|         54|
    |zext_ln48_1_reg_8288               |    6|   0|   11|          5|
    |zext_ln48_20_reg_9227              |   10|   0|   64|         54|
    |zext_ln48_21_reg_9302              |    6|   0|   64|         58|
    |zext_ln48_22_reg_9337              |   11|   0|   64|         53|
    |zext_ln48_23_reg_9450              |   11|   0|   64|         53|
    |zext_ln48_24_reg_9485              |   11|   0|   64|         53|
    |zext_ln48_25_reg_9560              |   11|   0|   64|         53|
    |zext_ln48_26_reg_9595              |   11|   0|   64|         53|
    |zext_ln48_27_reg_9670              |   11|   0|   64|         53|
    |zext_ln48_28_reg_9705              |   11|   0|   64|         53|
    |zext_ln48_29_reg_9780              |   11|   0|   64|         53|
    |zext_ln48_2_reg_8451               |    6|   0|    8|          2|
    |zext_ln48_30_reg_9805              |   11|   0|   64|         53|
    |zext_ln48_31_reg_9860              |   11|   0|   64|         53|
    |zext_ln48_32_reg_9885              |   11|   0|   64|         53|
    |zext_ln48_33_reg_9940              |   11|   0|   64|         53|
    |zext_ln48_34_reg_9965              |   11|   0|   64|         53|
    |zext_ln48_35_reg_10020             |   11|   0|   64|         53|
    |zext_ln48_36_reg_10045             |   11|   0|   64|         53|
    |zext_ln48_37_reg_10105             |    6|   0|   64|         58|
    |zext_ln48_38_reg_10130             |   11|   0|   64|         53|
    |zext_ln48_39_reg_10225             |   12|   0|   64|         52|
    |zext_ln48_3_reg_8611               |    6|   0|    9|          3|
    |zext_ln48_40_reg_10270             |   12|   0|   64|         52|
    |zext_ln48_41_reg_10325             |   12|   0|   64|         52|
    |zext_ln48_42_reg_10350             |   12|   0|   64|         52|
    |zext_ln48_43_reg_10405             |   12|   0|   64|         52|
    |zext_ln48_44_reg_10430             |   12|   0|   64|         52|
    |zext_ln48_45_reg_10485             |   12|   0|   64|         52|
    |zext_ln48_46_reg_10510             |   12|   0|   64|         52|
    |zext_ln48_47_reg_10565             |   12|   0|   64|         52|
    |zext_ln48_48_reg_10590             |   12|   0|   64|         52|
    |zext_ln48_49_reg_10645             |   12|   0|   64|         52|
    |zext_ln48_4_reg_8868               |    6|   0|   10|          4|
    |zext_ln48_50_reg_10670             |   12|   0|   64|         52|
    |zext_ln48_51_reg_10725             |   12|   0|   64|         52|
    |zext_ln48_52_reg_10750             |   12|   0|   64|         52|
    |zext_ln48_53_reg_10805             |    6|   0|   64|         58|
    |zext_ln48_54_reg_10830             |   12|   0|   64|         52|
    |zext_ln48_55_reg_10885             |   12|   0|   64|         52|
    |zext_ln48_56_reg_10910             |   12|   0|   64|         52|
    |zext_ln48_57_reg_10965             |   12|   0|   64|         52|
    |zext_ln48_58_reg_10990             |   12|   0|   64|         52|
    |zext_ln48_59_reg_11050             |   12|   0|   64|         52|
    |zext_ln48_60_reg_11075             |   12|   0|   64|         52|
    |zext_ln48_61_reg_11130             |   12|   0|   64|         52|
    |zext_ln48_62_reg_11155             |   12|   0|   64|         52|
    |zext_ln48_63_reg_11210             |   12|   0|   64|         52|
    |zext_ln48_64_reg_10160             |    6|   0|   12|          6|
    |zext_ln48_65_reg_9357              |    6|   0|   11|          5|
    |zext_ln48_66_reg_8421              |    6|   0|    8|          2|
    |zext_ln48_67_reg_8571              |    6|   0|    9|          3|
    |zext_ln48_68_reg_8826              |    6|   0|   10|          4|
    |zext_ln48_6_reg_8308               |    7|   0|   64|         57|
    |zext_ln48_7_reg_8459               |    8|   0|   64|         56|
    |zext_ln48_8_reg_8524               |    8|   0|   64|         56|
    |zext_ln48_9_reg_8621               |    9|   0|   64|         55|
    |zext_ln48_reg_10205                |    6|   0|   12|          6|
    |div1_10_reg_11377                  |   64|  32|   64|          0|
    |div1_11_reg_11384                  |   64|  32|   64|          0|
    |div1_12_reg_11391                  |   64|  32|   64|          0|
    |div1_13_reg_11398                  |   64|  32|   64|          0|
    |div1_14_reg_11405                  |   64|  32|   64|          0|
    |div1_15_reg_11412                  |   64|  32|   64|          0|
    |div1_16_reg_11419                  |   64|  32|   64|          0|
    |div1_17_reg_11426                  |   64|  32|   64|          0|
    |div1_18_reg_11433                  |   64|  32|   64|          0|
    |div1_19_reg_11440                  |   64|  32|   64|          0|
    |div1_20_reg_11447                  |   64|  32|   64|          0|
    |div1_21_reg_11454                  |   64|  32|   64|          0|
    |div1_22_reg_11461                  |   64|  32|   64|          0|
    |div1_23_reg_11468                  |   64|  32|   64|          0|
    |div1_24_reg_11475                  |   64|  32|   64|          0|
    |div1_25_reg_11482                  |   64|  32|   64|          0|
    |div1_26_reg_11489                  |   64|  32|   64|          0|
    |div1_27_reg_11496                  |   64|  32|   64|          0|
    |div1_28_reg_11503                  |   64|  32|   64|          0|
    |div1_29_reg_11510                  |   64|  32|   64|          0|
    |div1_30_reg_11517                  |   64|  32|   64|          0|
    |div1_31_reg_11524                  |   64|  32|   64|          0|
    |div1_32_reg_11531                  |   64|  32|   64|          0|
    |div1_33_reg_11538                  |   64|  32|   64|          0|
    |div1_34_reg_11545                  |   64|  32|   64|          0|
    |div1_35_reg_11552                  |   64|  32|   64|          0|
    |div1_36_reg_11559                  |   64|  32|   64|          0|
    |div1_37_reg_11566                  |   64|  32|   64|          0|
    |div1_38_reg_11573                  |   64|  32|   64|          0|
    |div1_39_reg_11580                  |   64|  32|   64|          0|
    |div1_40_reg_11587                  |   64|  32|   64|          0|
    |div1_41_reg_11594                  |   64|  32|   64|          0|
    |div1_42_reg_11601                  |   64|  32|   64|          0|
    |div1_43_reg_11608                  |   64|  32|   64|          0|
    |div1_44_reg_11615                  |   64|  32|   64|          0|
    |div1_45_reg_11622                  |   64|  32|   64|          0|
    |div1_46_reg_11629                  |   64|  32|   64|          0|
    |div1_47_reg_11636                  |   64|  32|   64|          0|
    |div1_48_reg_11643                  |   64|  32|   64|          0|
    |div1_49_reg_11650                  |   64|  32|   64|          0|
    |div1_50_reg_11657                  |   64|  32|   64|          0|
    |div1_51_reg_11664                  |   64|  32|   64|          0|
    |div1_s_reg_11370                   |   64|  32|   64|          0|
    |icmp_ln41_reg_8284                 |   64|  32|    1|          0|
    |p_load_10_reg_8957                 |   64|  32|   64|          0|
    |p_load_1_reg_8519                  |   64|  32|   64|          0|
    |p_load_2_reg_8601                  |   64|  32|   64|          0|
    |p_load_3_reg_8606                  |   64|  32|   64|          0|
    |p_load_4_reg_8703                  |   64|  32|   64|          0|
    |p_load_5_reg_8708                  |   64|  32|   64|          0|
    |p_load_6_reg_8780                  |   64|  32|   64|          0|
    |p_load_7_reg_8785                  |   64|  32|   64|          0|
    |p_load_8_reg_8858                  |   64|  32|   64|          0|
    |p_load_9_reg_8863                  |   64|  32|   64|          0|
    |p_load_reg_8514                    |   64|  32|   64|          0|
    |q_addr_10_reg_8485                 |   64|  32|   12|          2|
    |q_addr_11_reg_8398                 |   64|  32|   12|          2|
    |q_addr_7_reg_8559                  |   64|  32|   12|          2|
    |q_addr_8_reg_8565                  |   64|  32|   12|          2|
    |q_addr_9_reg_8479                  |   64|  32|   12|          2|
    |q_load_1_reg_11360                 |   64|  32|   64|          0|
    |q_load_2_reg_11355                 |   64|  32|   64|          0|
    |q_load_3_reg_11350                 |   64|  32|   64|          0|
    |q_load_4_reg_11345                 |   64|  32|   64|          0|
    |q_load_5_reg_11340                 |   64|  32|   64|          0|
    |q_load_6_reg_11335                 |   64|  32|   64|          0|
    |q_load_7_reg_11330                 |   64|  32|   64|          0|
    |q_load_8_reg_11020                 |   64|  32|   64|          0|
    |q_load_9_reg_10100                 |   64|  32|   64|          0|
    |q_load_reg_11365                   |   64|  32|   64|          0|
    |sub_10_reg_9730                    |   64|  32|   64|          0|
    |sub_11_reg_9765                    |   64|  32|   64|          0|
    |sub_12_reg_9820                    |   64|  32|   64|          0|
    |sub_13_reg_9845                    |   64|  32|   64|          0|
    |sub_14_reg_9900                    |   64|  32|   64|          0|
    |sub_15_reg_9925                    |   64|  32|   64|          0|
    |sub_16_reg_9980                    |   64|  32|   64|          0|
    |sub_17_reg_10005                   |   64|  32|   64|          0|
    |sub_18_reg_10060                   |   64|  32|   64|          0|
    |sub_19_reg_10085                   |   64|  32|   64|          0|
    |sub_20_reg_10145                   |   64|  32|   64|          0|
    |sub_21_reg_10190                   |   64|  32|   64|          0|
    |sub_22_reg_10285                   |   64|  32|   64|          0|
    |sub_23_reg_10310                   |   64|  32|   64|          0|
    |sub_24_reg_10365                   |   64|  32|   64|          0|
    |sub_25_reg_10390                   |   64|  32|   64|          0|
    |sub_26_reg_10445                   |   64|  32|   64|          0|
    |sub_27_reg_10470                   |   64|  32|   64|          0|
    |sub_28_reg_10525                   |   64|  32|   64|          0|
    |sub_29_reg_10550                   |   64|  32|   64|          0|
    |sub_30_reg_10605                   |   64|  32|   64|          0|
    |sub_31_reg_10630                   |   64|  32|   64|          0|
    |sub_32_reg_10685                   |   64|  32|   64|          0|
    |sub_33_reg_10710                   |   64|  32|   64|          0|
    |sub_34_reg_10765                   |   64|  32|   64|          0|
    |sub_35_reg_10790                   |   64|  32|   64|          0|
    |sub_36_reg_10845                   |   64|  32|   64|          0|
    |sub_37_reg_10870                   |   64|  32|   64|          0|
    |sub_38_reg_10925                   |   64|  32|   64|          0|
    |sub_39_reg_10950                   |   64|  32|   64|          0|
    |sub_40_reg_11005                   |   64|  32|   64|          0|
    |sub_41_reg_11035                   |   64|  32|   64|          0|
    |sub_42_reg_11090                   |   64|  32|   64|          0|
    |sub_43_reg_11115                   |   64|  32|   64|          0|
    |sub_44_reg_11170                   |   64|  32|   64|          0|
    |sub_45_reg_11195                   |   64|  32|   64|          0|
    |sub_46_reg_11235                   |   64|  32|   64|          0|
    |sub_47_reg_11250                   |   64|  32|   64|          0|
    |sub_48_reg_11270                   |   64|  32|   64|          0|
    |sub_49_reg_11275                   |   64|  32|   64|          0|
    |sub_50_reg_11295                   |   64|  32|   64|          0|
    |sub_51_reg_11300                   |   64|  32|   64|          0|
    |sub_52_reg_11305                   |   64|  32|   64|          0|
    |sub_53_reg_11310                   |   64|  32|   64|          0|
    |sub_54_reg_11315                   |   64|  32|   64|          0|
    |sub_55_reg_11320                   |   64|  32|   64|          0|
    |sub_56_reg_11325                   |   64|  32|   64|          0|
    |sub_6_reg_9435                     |   64|  32|   64|          0|
    |sub_7_reg_9510                     |   64|  32|   64|          0|
    |sub_8_reg_9545                     |   64|  32|   64|          0|
    |sub_9_reg_9620                     |   64|  32|   64|          0|
    |sub_s_reg_9655                     |   64|  32|   64|          0|
    |zext_ln47_10_reg_8388              |   64|  32|   64|         54|
    |zext_ln47_11_reg_8890              |   64|  32|   64|         54|
    |zext_ln47_12_reg_8932              |   64|  32|   64|         54|
    |zext_ln47_13_reg_8937              |   64|  32|   64|         54|
    |zext_ln47_14_reg_8962              |   64|  32|   64|         54|
    |zext_ln47_15_reg_8967              |   64|  32|   64|         54|
    |zext_ln47_16_reg_9002              |   64|  32|   64|         54|
    |zext_ln47_17_reg_9007              |   64|  32|   64|         54|
    |zext_ln47_18_reg_9037              |   64|  32|   64|         54|
    |zext_ln47_19_reg_9042              |   64|  32|   64|         54|
    |zext_ln47_20_reg_9062              |   64|  32|   64|         54|
    |zext_ln47_21_reg_9067              |   64|  32|   64|         54|
    |zext_ln47_22_reg_9102              |   64|  32|   64|         54|
    |zext_ln47_23_reg_9107              |   64|  32|   64|         54|
    |zext_ln47_24_reg_9137              |   64|  32|   64|         54|
    |zext_ln47_25_reg_9142              |   64|  32|   64|         54|
    |zext_ln47_26_reg_9162              |   64|  32|   64|         54|
    |zext_ln47_27_reg_9167              |   64|  32|   64|         54|
    |zext_ln47_28_reg_9202              |   64|  32|   64|         54|
    |zext_ln47_29_reg_9207              |   64|  32|   64|         54|
    |zext_ln47_30_reg_9237              |   64|  32|   64|         54|
    |zext_ln47_31_reg_9242              |   64|  32|   64|         54|
    |zext_ln47_32_reg_9267              |   64|  32|   64|         54|
    |zext_ln47_33_reg_9272              |   64|  32|   64|         54|
    |zext_ln47_34_reg_9312              |   64|  32|   64|         54|
    |zext_ln47_35_reg_9317              |   64|  32|   64|         54|
    |zext_ln47_36_reg_9347              |   64|  32|   64|         54|
    |zext_ln47_37_reg_9352              |   64|  32|   64|         54|
    |zext_ln47_38_reg_9396              |   64|  32|   64|         54|
    |zext_ln47_39_reg_9401              |   64|  32|   64|         54|
    |zext_ln47_40_reg_9460              |   64|  32|   64|         54|
    |zext_ln47_41_reg_9465              |   64|  32|   64|         54|
    |zext_ln47_42_reg_9495              |   64|  32|   64|         54|
    |zext_ln47_43_reg_9500              |   64|  32|   64|         54|
    |zext_ln47_44_reg_9525              |   64|  32|   64|         54|
    |zext_ln47_45_reg_9530              |   64|  32|   64|         54|
    |zext_ln47_46_reg_9570              |   64|  32|   64|         54|
    |zext_ln47_47_reg_9575              |   64|  32|   64|         54|
    |zext_ln47_48_reg_9605              |   64|  32|   64|         54|
    |zext_ln47_49_reg_9610              |   64|  32|   64|         54|
    |zext_ln47_50_reg_9635              |   64|  32|   64|         54|
    |zext_ln47_51_reg_9640              |   64|  32|   64|         54|
    |zext_ln47_52_reg_9680              |   64|  32|   64|         54|
    |zext_ln47_53_reg_9685              |   64|  32|   64|         54|
    |zext_ln47_54_reg_9715              |   64|  32|   64|         54|
    |zext_ln47_55_reg_9720              |   64|  32|   64|         54|
    |zext_ln47_56_reg_9745              |   64|  32|   64|         54|
    |zext_ln47_57_reg_9750              |   64|  32|   64|         54|
    |zext_ln48_10_reg_8656              |   64|  32|   64|         55|
    |zext_ln48_11_reg_8733              |   64|  32|   64|         55|
    |zext_ln48_12_reg_8790              |   64|  32|   64|         55|
    |zext_ln48_13_reg_8880              |   64|  32|   64|         54|
    |zext_ln48_14_reg_8922              |   64|  32|   64|         54|
    |zext_ln48_15_reg_8992              |   64|  32|   64|         54|
    |zext_ln48_16_reg_9027              |   64|  32|   64|         54|
    |zext_ln48_17_reg_9092              |   64|  32|   64|         54|
    |zext_ln48_18_reg_9127              |   64|  32|   64|         54|
    |zext_ln48_19_reg_9192              |   64|  32|   64|         54|
    |zext_ln48_20_reg_9227              |   64|  32|   64|         54|
    |zext_ln48_21_reg_9302              |   64|  32|   64|         58|
    |zext_ln48_22_reg_9337              |   64|  32|   64|         53|
    |zext_ln48_23_reg_9450              |   64|  32|   64|         53|
    |zext_ln48_24_reg_9485              |   64|  32|   64|         53|
    |zext_ln48_25_reg_9560              |   64|  32|   64|         53|
    |zext_ln48_26_reg_9595              |   64|  32|   64|         53|
    |zext_ln48_27_reg_9670              |   64|  32|   64|         53|
    |zext_ln48_28_reg_9705              |   64|  32|   64|         53|
    |zext_ln48_29_reg_9780              |   64|  32|   64|         53|
    |zext_ln48_30_reg_9805              |   64|  32|   64|         53|
    |zext_ln48_31_reg_9860              |   64|  32|   64|         53|
    |zext_ln48_32_reg_9885              |   64|  32|   64|         53|
    |zext_ln48_33_reg_9940              |   64|  32|   64|         53|
    |zext_ln48_34_reg_9965              |   64|  32|   64|         53|
    |zext_ln48_35_reg_10020             |   64|  32|   64|         53|
    |zext_ln48_36_reg_10045             |   64|  32|   64|         53|
    |zext_ln48_37_reg_10105             |   64|  32|   64|         58|
    |zext_ln48_38_reg_10130             |   64|  32|   64|         53|
    |zext_ln48_39_reg_10225             |   64|  32|   64|         52|
    |zext_ln48_40_reg_10270             |   64|  32|   64|         52|
    |zext_ln48_41_reg_10325             |   64|  32|   64|         52|
    |zext_ln48_42_reg_10350             |   64|  32|   64|         52|
    |zext_ln48_43_reg_10405             |   64|  32|   64|         52|
    |zext_ln48_44_reg_10430             |   64|  32|   64|         52|
    |zext_ln48_45_reg_10485             |   64|  32|   64|         52|
    |zext_ln48_46_reg_10510             |   64|  32|   64|         52|
    |zext_ln48_47_reg_10565             |   64|  32|   64|         52|
    |zext_ln48_48_reg_10590             |   64|  32|   64|         52|
    |zext_ln48_49_reg_10645             |   64|  32|   64|         52|
    |zext_ln48_50_reg_10670             |   64|  32|   64|         52|
    |zext_ln48_51_reg_10725             |   64|  32|   64|         52|
    |zext_ln48_52_reg_10750             |   64|  32|   64|         52|
    |zext_ln48_53_reg_10805             |   64|  32|   64|         58|
    |zext_ln48_54_reg_10830             |   64|  32|   64|         52|
    |zext_ln48_55_reg_10885             |   64|  32|   64|         52|
    |zext_ln48_56_reg_10910             |   64|  32|   64|         52|
    |zext_ln48_57_reg_10965             |   64|  32|   64|         52|
    |zext_ln48_58_reg_10990             |   64|  32|   64|         52|
    |zext_ln48_59_reg_11050             |   64|  32|   64|         52|
    |zext_ln48_60_reg_11075             |   64|  32|   64|         52|
    |zext_ln48_61_reg_11130             |   64|  32|   64|         52|
    |zext_ln48_62_reg_11155             |   64|  32|   64|         52|
    |zext_ln48_63_reg_11210             |   64|  32|   64|         52|
    |zext_ln48_6_reg_8308               |   64|  32|   64|         57|
    |zext_ln48_7_reg_8459               |   64|  32|   64|         56|
    |zext_ln48_8_reg_8524               |   64|  32|   64|         56|
    |zext_ln48_9_reg_8621               |   64|  32|   64|         55|
    +-----------------------------------+-----+----+-----+-----------+
    |Total                              |28628|7296|34152|      11540|
    +-----------------------------------+-----+----+-----+-----------+



================================================================
== Interface
================================================================
* Summary: 
+---------------------+-----+-----+------------+------------------------------+--------------+
|      RTL Ports      | Dir | Bits|  Protocol  |         Source Object        |    C Type    |
+---------------------+-----+-----+------------+------------------------------+--------------+
|ap_clk               |   in|    1|  ap_ctrl_hs|  adi_Pipeline_VITIS_LOOP_41_2|  return value|
|ap_rst               |   in|    1|  ap_ctrl_hs|  adi_Pipeline_VITIS_LOOP_41_2|  return value|
|ap_start             |   in|    1|  ap_ctrl_hs|  adi_Pipeline_VITIS_LOOP_41_2|  return value|
|ap_done              |  out|    1|  ap_ctrl_hs|  adi_Pipeline_VITIS_LOOP_41_2|  return value|
|ap_idle              |  out|    1|  ap_ctrl_hs|  adi_Pipeline_VITIS_LOOP_41_2|  return value|
|ap_ready             |  out|    1|  ap_ctrl_hs|  adi_Pipeline_VITIS_LOOP_41_2|  return value|
|grp_fu_111_p_din0    |  out|   64|  ap_ctrl_hs|  adi_Pipeline_VITIS_LOOP_41_2|  return value|
|grp_fu_111_p_din1    |  out|   64|  ap_ctrl_hs|  adi_Pipeline_VITIS_LOOP_41_2|  return value|
|grp_fu_111_p_opcode  |  out|    2|  ap_ctrl_hs|  adi_Pipeline_VITIS_LOOP_41_2|  return value|
|grp_fu_111_p_dout0   |   in|   64|  ap_ctrl_hs|  adi_Pipeline_VITIS_LOOP_41_2|  return value|
|grp_fu_111_p_ce      |  out|    1|  ap_ctrl_hs|  adi_Pipeline_VITIS_LOOP_41_2|  return value|
|grp_fu_115_p_din0    |  out|   64|  ap_ctrl_hs|  adi_Pipeline_VITIS_LOOP_41_2|  return value|
|grp_fu_115_p_din1    |  out|   64|  ap_ctrl_hs|  adi_Pipeline_VITIS_LOOP_41_2|  return value|
|grp_fu_115_p_opcode  |  out|    2|  ap_ctrl_hs|  adi_Pipeline_VITIS_LOOP_41_2|  return value|
|grp_fu_115_p_dout0   |   in|   64|  ap_ctrl_hs|  adi_Pipeline_VITIS_LOOP_41_2|  return value|
|grp_fu_115_p_ce      |  out|    1|  ap_ctrl_hs|  adi_Pipeline_VITIS_LOOP_41_2|  return value|
|grp_fu_119_p_din0    |  out|   64|  ap_ctrl_hs|  adi_Pipeline_VITIS_LOOP_41_2|  return value|
|grp_fu_119_p_din1    |  out|   64|  ap_ctrl_hs|  adi_Pipeline_VITIS_LOOP_41_2|  return value|
|grp_fu_119_p_opcode  |  out|    2|  ap_ctrl_hs|  adi_Pipeline_VITIS_LOOP_41_2|  return value|
|grp_fu_119_p_dout0   |   in|   64|  ap_ctrl_hs|  adi_Pipeline_VITIS_LOOP_41_2|  return value|
|grp_fu_119_p_ce      |  out|    1|  ap_ctrl_hs|  adi_Pipeline_VITIS_LOOP_41_2|  return value|
|grp_fu_123_p_din0    |  out|   64|  ap_ctrl_hs|  adi_Pipeline_VITIS_LOOP_41_2|  return value|
|grp_fu_123_p_din1    |  out|   64|  ap_ctrl_hs|  adi_Pipeline_VITIS_LOOP_41_2|  return value|
|grp_fu_123_p_dout0   |   in|   64|  ap_ctrl_hs|  adi_Pipeline_VITIS_LOOP_41_2|  return value|
|grp_fu_123_p_ce      |  out|    1|  ap_ctrl_hs|  adi_Pipeline_VITIS_LOOP_41_2|  return value|
|grp_fu_127_p_din0    |  out|   64|  ap_ctrl_hs|  adi_Pipeline_VITIS_LOOP_41_2|  return value|
|grp_fu_127_p_din1    |  out|   64|  ap_ctrl_hs|  adi_Pipeline_VITIS_LOOP_41_2|  return value|
|grp_fu_127_p_dout0   |   in|   64|  ap_ctrl_hs|  adi_Pipeline_VITIS_LOOP_41_2|  return value|
|grp_fu_127_p_ce      |  out|    1|  ap_ctrl_hs|  adi_Pipeline_VITIS_LOOP_41_2|  return value|
|grp_fu_131_p_din0    |  out|   64|  ap_ctrl_hs|  adi_Pipeline_VITIS_LOOP_41_2|  return value|
|grp_fu_131_p_din1    |  out|   64|  ap_ctrl_hs|  adi_Pipeline_VITIS_LOOP_41_2|  return value|
|grp_fu_131_p_dout0   |   in|   64|  ap_ctrl_hs|  adi_Pipeline_VITIS_LOOP_41_2|  return value|
|grp_fu_131_p_ce      |  out|    1|  ap_ctrl_hs|  adi_Pipeline_VITIS_LOOP_41_2|  return value|
|grp_fu_135_p_din0    |  out|   64|  ap_ctrl_hs|  adi_Pipeline_VITIS_LOOP_41_2|  return value|
|grp_fu_135_p_din1    |  out|   64|  ap_ctrl_hs|  adi_Pipeline_VITIS_LOOP_41_2|  return value|
|grp_fu_135_p_dout0   |   in|   64|  ap_ctrl_hs|  adi_Pipeline_VITIS_LOOP_41_2|  return value|
|grp_fu_135_p_ce      |  out|    1|  ap_ctrl_hs|  adi_Pipeline_VITIS_LOOP_41_2|  return value|
|grp_fu_139_p_din0    |  out|   64|  ap_ctrl_hs|  adi_Pipeline_VITIS_LOOP_41_2|  return value|
|grp_fu_139_p_din1    |  out|   64|  ap_ctrl_hs|  adi_Pipeline_VITIS_LOOP_41_2|  return value|
|grp_fu_139_p_dout0   |   in|   64|  ap_ctrl_hs|  adi_Pipeline_VITIS_LOOP_41_2|  return value|
|grp_fu_139_p_ce      |  out|    1|  ap_ctrl_hs|  adi_Pipeline_VITIS_LOOP_41_2|  return value|
|u_address0           |  out|   12|   ap_memory|                             u|         array|
|u_ce0                |  out|    1|   ap_memory|                             u|         array|
|u_q0                 |   in|   64|   ap_memory|                             u|         array|
|u_address1           |  out|   12|   ap_memory|                             u|         array|
|u_ce1                |  out|    1|   ap_memory|                             u|         array|
|u_q1                 |   in|   64|   ap_memory|                             u|         array|
|v_address0           |  out|   12|   ap_memory|                             v|         array|
|v_ce0                |  out|    1|   ap_memory|                             v|         array|
|v_we0                |  out|    1|   ap_memory|                             v|         array|
|v_d0                 |  out|   64|   ap_memory|                             v|         array|
|v_address1           |  out|   12|   ap_memory|                             v|         array|
|v_ce1                |  out|    1|   ap_memory|                             v|         array|
|v_we1                |  out|    1|   ap_memory|                             v|         array|
|v_d1                 |  out|   64|   ap_memory|                             v|         array|
|p_address0           |  out|   12|   ap_memory|                             p|         array|
|p_ce0                |  out|    1|   ap_memory|                             p|         array|
|p_we0                |  out|    1|   ap_memory|                             p|         array|
|p_d0                 |  out|   64|   ap_memory|                             p|         array|
|p_q0                 |   in|   64|   ap_memory|                             p|         array|
|p_address1           |  out|   12|   ap_memory|                             p|         array|
|p_ce1                |  out|    1|   ap_memory|                             p|         array|
|p_we1                |  out|    1|   ap_memory|                             p|         array|
|p_d1                 |  out|   64|   ap_memory|                             p|         array|
|p_q1                 |   in|   64|   ap_memory|                             p|         array|
|q_address0           |  out|   12|   ap_memory|                             q|         array|
|q_ce0                |  out|    1|   ap_memory|                             q|         array|
|q_we0                |  out|    1|   ap_memory|                             q|         array|
|q_d0                 |  out|   64|   ap_memory|                             q|         array|
|q_q0                 |   in|   64|   ap_memory|                             q|         array|
|q_address1           |  out|   12|   ap_memory|                             q|         array|
|q_ce1                |  out|    1|   ap_memory|                             q|         array|
|q_we1                |  out|    1|   ap_memory|                             q|         array|
|q_d1                 |  out|   64|   ap_memory|                             q|         array|
|q_q1                 |   in|   64|   ap_memory|                             q|         array|
+---------------------+-----+-----+------------+------------------------------+--------------+

