

================================================================
== Synthesis Summary Report of 'adi'
================================================================
+ General Information: 
    * Date:           Sat Jul 26 11:27:58 2025
    * Version:        2022.2.2 (Build 3779808 on Feb 17 2023)
    * Project:        adi
    * Solution:       solution1 (Vivado IP Flow Target)
    * Product family: virtexuplus
    * Target device:  xcu55c-fsvh2892-2L-e
    

+ Performance & Resource Estimates: 
    
    PS: '+' for module; 'o' for loop; '*' for dataflow
    +----------------------------------+--------+-------+---------+-----------+----------+---------+------+----------+------+----------+-------------+------------+-----+
    |              Modules             |  Issue |       | Latency |  Latency  | Iteration|         | Trip |          |      |          |             |            |     |
    |              & Loops             |  Type  | Slack | (cycles)|    (ns)   |  Latency | Interval| Count| Pipelined| BRAM |    DSP   |      FF     |     LUT    | URAM|
    +----------------------------------+--------+-------+---------+-----------+----------+---------+------+----------+------+----------+-------------+------------+-----+
    |+ adi                             |  Timing|  -0.38|   593841|  2.969e+06|         -|   593842|     -|        no|     -|  41 (~0%)|   55607 (2%)|  36090 (2%)|    -|
    | o VITIS_LOOP_36_1                |       -|   3.65|   593840|  2.969e+06|     14846|        -|    40|        no|     -|         -|            -|           -|    -|
    |  + adi_Pipeline_VITIS_LOOP_41_2  |  Timing|  -0.38|     7421|  3.710e+04|         -|     7421|     -|        no|     -|         -|   28628 (1%)|  17558 (1%)|    -|
    |   o VITIS_LOOP_41_2              |      II|   3.65|     7419|  3.710e+04|      2461|       87|    58|       yes|     -|         -|            -|           -|    -|
    |  + adi_Pipeline_VITIS_LOOP_59_5  |  Timing|  -0.38|     7421|  3.710e+04|         -|     7421|     -|        no|     -|         -|  24347 (~0%)|  15189 (1%)|    -|
    |   o VITIS_LOOP_59_5              |      II|   3.65|     7419|  3.710e+04|      2461|       87|    58|       yes|     -|         -|            -|           -|    -|
    +----------------------------------+--------+-------+---------+-----------+----------+---------+------+----------+------+----------+-------------+------------+-----+


================================================================
== HW Interfaces
================================================================
* AP_MEMORY
+------------+----------+
| Interface  | Bitwidth |
+------------+----------+
| p_address0 | 12       |
| p_address1 | 12       |
| p_d0       | 64       |
| p_d1       | 64       |
| p_q0       | 64       |
| p_q1       | 64       |
| q_address0 | 12       |
| q_address1 | 12       |
| q_d0       | 64       |
| q_d1       | 64       |
| q_q0       | 64       |
| q_q1       | 64       |
| u_address0 | 12       |
| u_address1 | 12       |
| u_d0       | 64       |
| u_d1       | 64       |
| u_q0       | 64       |
| u_q1       | 64       |
| v_address0 | 12       |
| v_address1 | 12       |
| v_d0       | 64       |
| v_d1       | 64       |
| v_q0       | 64       |
| v_q1       | 64       |
+------------+----------+

* Other Ports
+-----------+---------+----------+
| Interface | Mode    | Bitwidth |
+-----------+---------+----------+
| n         | ap_none | 32       |
| tsteps    | ap_none | 32       |
+-----------+---------+----------+

* TOP LEVEL CONTROL
+-----------+------------+-----------------------------------+
| Interface | Type       | Ports                             |
+-----------+------------+-----------------------------------+
| ap_clk    | clock      | ap_clk                            |
| ap_rst    | reset      | ap_rst                            |
| ap_ctrl   | ap_ctrl_hs | ap_done ap_idle ap_ready ap_start |
+-----------+------------+-----------------------------------+


================================================================
== SW I/O Information
================================================================
* Top Function Arguments
+----------+-----------+----------+
| Argument | Direction | Datatype |
+----------+-----------+----------+
| tsteps   | in        | int      |
| n        | in        | int      |
| u        | inout     | double*  |
| v        | inout     | double*  |
| p        | inout     | double*  |
| q        | inout     | double*  |
+----------+-----------+----------+

* SW-to-HW Mapping
+----------+--------------+---------+----------+
| Argument | HW Interface | HW Type | HW Usage |
+----------+--------------+---------+----------+
| tsteps   | tsteps       | port    |          |
| n        | n            | port    |          |
| u        | u_address0   | port    | offset   |
| u        | u_ce0        | port    |          |
| u        | u_we0        | port    |          |
| u        | u_d0         | port    |          |
| u        | u_q0         | port    |          |
| u        | u_address1   | port    | offset   |
| u        | u_ce1        | port    |          |
| u        | u_we1        | port    |          |
| u        | u_d1         | port    |          |
| u        | u_q1         | port    |          |
| v        | v_address0   | port    | offset   |
| v        | v_ce0        | port    |          |
| v        | v_we0        | port    |          |
| v        | v_d0         | port    |          |
| v        | v_q0         | port    |          |
| v        | v_address1   | port    | offset   |
| v        | v_ce1        | port    |          |
| v        | v_we1        | port    |          |
| v        | v_d1         | port    |          |
| v        | v_q1         | port    |          |
| p        | p_address0   | port    | offset   |
| p        | p_ce0        | port    |          |
| p        | p_we0        | port    |          |
| p        | p_d0         | port    |          |
| p        | p_q0         | port    |          |
| p        | p_address1   | port    | offset   |
| p        | p_ce1        | port    |          |
| p        | p_we1        | port    |          |
| p        | p_d1         | port    |          |
| p        | p_q1         | port    |          |
| q        | q_address0   | port    | offset   |
| q        | q_ce0        | port    |          |
| q        | q_we0        | port    |          |
| q        | q_d0         | port    |          |
| q        | q_q0         | port    |          |
| q        | q_address1   | port    | offset   |
| q        | q_ce1        | port    |          |
| q        | q_we1        | port    |          |
| q        | q_d1         | port    |          |
| q        | q_q1         | port    |          |
+----------+--------------+---------+----------+


================================================================
== Bind Op Report
================================================================
+---------------------------------+-----+--------+-------------------+-----+--------+---------+
| Name                            | DSP | Pragma | Variable          | Op  | Impl   | Latency |
+---------------------------------+-----+--------+-------------------+-----+--------+---------+
| + adi                           | 41  |        |                   |     |        |         |
|   t_3_fu_90_p2                  | -   |        | t_3               | add | fabric | 0       |
|  + adi_Pipeline_VITIS_LOOP_41_2 | 0   |        |                   |     |        |         |
|    add_ln48_fu_4061_p2          | -   |        | add_ln48          | add | fabric | 0       |
|    add_ln48_1_fu_4204_p2        | -   |        | add_ln48_1        | add | fabric | 0       |
|    add_ln48_2_fu_4261_p2        | -   |        | add_ln48_2        | add | fabric | 0       |
|    add_ln48_3_fu_4350_p2        | -   |        | add_ln48_3        | add | fabric | 0       |
|    add_ln48_4_fu_4385_p2        | -   |        | add_ln48_4        | add | fabric | 0       |
|    add_ln48_5_fu_4467_p2        | -   |        | add_ln48_5        | add | fabric | 0       |
|    add_ln48_6_fu_4519_p2        | -   |        | add_ln48_6        | add | fabric | 0       |
|    add_ln48_7_fu_4609_p2        | -   |        | add_ln48_7        | add | fabric | 0       |
|    add_ln48_8_fu_4654_p2        | -   |        | add_ln48_8        | add | fabric | 0       |
|    add_ln48_9_fu_4754_p2        | -   |        | add_ln48_9        | add | fabric | 0       |
|    add_ln48_10_fu_4804_p2       | -   |        | add_ln48_10       | add | fabric | 0       |
|    add_ln48_11_fu_4904_p2       | -   |        | add_ln48_11       | add | fabric | 0       |
|    add_ln48_12_fu_4954_p2       | -   |        | add_ln48_12       | add | fabric | 0       |
|    add_ln48_13_fu_5070_p2       | -   |        | add_ln48_13       | add | fabric | 0       |
|    add_ln48_14_fu_5128_p2       | -   |        | add_ln48_14       | add | fabric | 0       |
|    add_ln48_15_fu_5308_p2       | -   |        | add_ln48_15       | add | fabric | 0       |
|    add_ln48_16_fu_5416_p2       | -   |        | add_ln48_16       | add | fabric | 0       |
|    add_ln48_17_fu_5466_p2       | -   |        | add_ln48_17       | add | fabric | 0       |
|    add_ln48_18_fu_5566_p2       | -   |        | add_ln48_18       | add | fabric | 0       |
|    add_ln48_19_fu_5616_p2       | -   |        | add_ln48_19       | add | fabric | 0       |
|    add_ln48_20_fu_5716_p2       | -   |        | add_ln48_20       | add | fabric | 0       |
|    add_ln48_21_fu_5766_p2       | -   |        | add_ln48_21       | add | fabric | 0       |
|    add_ln48_22_fu_5866_p2       | -   |        | add_ln48_22       | add | fabric | 0       |
|    add_ln48_23_fu_5896_p2       | -   |        | add_ln48_23       | add | fabric | 0       |
|    add_ln48_24_fu_5960_p2       | -   |        | add_ln48_24       | add | fabric | 0       |
|    add_ln48_25_fu_5998_p2       | -   |        | add_ln48_25       | add | fabric | 0       |
|    add_ln48_26_fu_6074_p2       | -   |        | add_ln48_26       | add | fabric | 0       |
|    add_ln48_27_fu_6112_p2       | -   |        | add_ln48_27       | add | fabric | 0       |
|    add_ln48_28_fu_6188_p2       | -   |        | add_ln48_28       | add | fabric | 0       |
|    add_ln48_29_fu_6231_p2       | -   |        | add_ln48_29       | add | fabric | 0       |
|    add_ln48_30_fu_6351_p2       | -   |        | add_ln48_30       | add | fabric | 0       |
|    add_ln48_31_fu_6430_p2       | -   |        | add_ln48_31       | add | fabric | 0       |
|    add_ln48_32_fu_6465_p2       | -   |        | add_ln48_32       | add | fabric | 0       |
|    add_ln48_33_fu_6525_p2       | -   |        | add_ln48_33       | add | fabric | 0       |
|    add_ln48_34_fu_6555_p2       | -   |        | add_ln48_34       | add | fabric | 0       |
|    add_ln48_35_fu_6615_p2       | -   |        | add_ln48_35       | add | fabric | 0       |
|    add_ln48_36_fu_6645_p2       | -   |        | add_ln48_36       | add | fabric | 0       |
|    add_ln48_37_fu_6705_p2       | -   |        | add_ln48_37       | add | fabric | 0       |
|    add_ln48_38_fu_6735_p2       | -   |        | add_ln48_38       | add | fabric | 0       |
|    add_ln48_39_fu_6795_p2       | -   |        | add_ln48_39       | add | fabric | 0       |
|    add_ln48_40_fu_6825_p2       | -   |        | add_ln48_40       | add | fabric | 0       |
|    add_ln48_41_fu_6885_p2       | -   |        | add_ln48_41       | add | fabric | 0       |
|    add_ln48_42_fu_6915_p2       | -   |        | add_ln48_42       | add | fabric | 0       |
|    add_ln48_43_fu_6975_p2       | -   |        | add_ln48_43       | add | fabric | 0       |
|    add_ln48_44_fu_7005_p2       | -   |        | add_ln48_44       | add | fabric | 0       |
|    add_ln48_45_fu_7101_p2       | -   |        | add_ln48_45       | add | fabric | 0       |
|    add_ln48_46_fu_7161_p2       | -   |        | add_ln48_46       | add | fabric | 0       |
|    add_ln48_47_fu_7191_p2       | -   |        | add_ln48_47       | add | fabric | 0       |
|    add_ln48_48_fu_7260_p2       | -   |        | add_ln48_48       | add | fabric | 0       |
|    add_ln48_49_fu_7298_p2       | -   |        | add_ln48_49       | add | fabric | 0       |
|    add_ln48_50_fu_7374_p2       | -   |        | add_ln48_50       | add | fabric | 0       |
|    add_ln48_51_fu_7412_p2       | -   |        | add_ln48_51       | add | fabric | 0       |
|    add_ln48_52_fu_7488_p2       | -   |        | add_ln48_52       | add | fabric | 0       |
|    add_ln48_53_fu_7526_p2       | -   |        | add_ln48_53       | add | fabric | 0       |
|    add_ln48_54_fu_7602_p2       | -   |        | add_ln48_54       | add | fabric | 0       |
|    add_ln50_fu_4072_p2          | -   |        | add_ln50          | add | fabric | 0       |
|    sub_ln43_fu_4107_p2          | -   |        | sub_ln43          | sub | fabric | 0       |
|    add_ln47_fu_4395_p2          | -   |        | add_ln47          | add | fabric | 0       |
|    add_ln47_1_fu_4406_p2        | -   |        | add_ln47_1        | add | fabric | 0       |
|    add_ln47_2_fu_4291_p2        | -   |        | add_ln47_2        | add | fabric | 0       |
|    add_ln47_3_fu_4302_p2        | -   |        | add_ln47_3        | add | fabric | 0       |
|    add_ln47_4_fu_4215_p2        | -   |        | add_ln47_4        | add | fabric | 0       |
|    add_ln47_5_fu_4226_p2        | -   |        | add_ln47_5        | add | fabric | 0       |
|    add_ln47_6_fu_4118_p2        | -   |        | add_ln47_6        | add | fabric | 0       |
|    add_ln47_7_fu_4130_p2        | -   |        | add_ln47_7        | add | fabric | 0       |
|    add_ln47_8_fu_4620_p2        | -   |        | add_ln47_8        | add | fabric | 0       |
|    add_ln47_9_fu_4664_p2        | -   |        | add_ln47_9        | add | fabric | 0       |
|    add_ln47_10_fu_4674_p2       | -   |        | add_ln47_10       | add | fabric | 0       |
|    add_ln47_11_fu_4704_p2       | -   |        | add_ln47_11       | add | fabric | 0       |
|    add_ln47_12_fu_4714_p2       | -   |        | add_ln47_12       | add | fabric | 0       |
|    add_ln47_13_fu_4764_p2       | -   |        | add_ln47_13       | add | fabric | 0       |
|    add_ln47_14_fu_4774_p2       | -   |        | add_ln47_14       | add | fabric | 0       |
|    add_ln47_15_fu_4814_p2       | -   |        | add_ln47_15       | add | fabric | 0       |
|    add_ln47_16_fu_4824_p2       | -   |        | add_ln47_16       | add | fabric | 0       |
|    add_ln47_17_fu_4854_p2       | -   |        | add_ln47_17       | add | fabric | 0       |
|    add_ln47_18_fu_4864_p2       | -   |        | add_ln47_18       | add | fabric | 0       |
|    add_ln47_19_fu_4914_p2       | -   |        | add_ln47_19       | add | fabric | 0       |
|    add_ln47_20_fu_4924_p2       | -   |        | add_ln47_20       | add | fabric | 0       |
|    add_ln47_21_fu_4968_p2       | -   |        | add_ln47_21       | add | fabric | 0       |
|    add_ln47_22_fu_4978_p2       | -   |        | add_ln47_22       | add | fabric | 0       |
|    add_ln47_23_fu_5012_p2       | -   |        | add_ln47_23       | add | fabric | 0       |
|    add_ln47_24_fu_5022_p2       | -   |        | add_ln47_24       | add | fabric | 0       |
|    add_ln47_25_fu_5084_p2       | -   |        | add_ln47_25       | add | fabric | 0       |
|    add_ln47_26_fu_5094_p2       | -   |        | add_ln47_26       | add | fabric | 0       |
|    add_ln47_27_fu_5142_p2       | -   |        | add_ln47_27       | add | fabric | 0       |
|    add_ln47_28_fu_5152_p2       | -   |        | add_ln47_28       | add | fabric | 0       |
|    add_ln47_29_fu_5186_p2       | -   |        | add_ln47_29       | add | fabric | 0       |
|    add_ln47_30_fu_5196_p2       | -   |        | add_ln47_30       | add | fabric | 0       |
|    add_ln47_31_fu_5262_p2       | -   |        | add_ln47_31       | add | fabric | 0       |
|    add_ln47_32_fu_5272_p2       | -   |        | add_ln47_32       | add | fabric | 0       |
|    add_ln47_33_fu_5318_p2       | -   |        | add_ln47_33       | add | fabric | 0       |
|    add_ln47_34_fu_5328_p2       | -   |        | add_ln47_34       | add | fabric | 0       |
|    add_ln47_35_fu_5362_p2       | -   |        | add_ln47_35       | add | fabric | 0       |
|    add_ln47_36_fu_5372_p2       | -   |        | add_ln47_36       | add | fabric | 0       |
|    add_ln47_37_fu_5426_p2       | -   |        | add_ln47_37       | add | fabric | 0       |
|    add_ln47_38_fu_5436_p2       | -   |        | add_ln47_38       | add | fabric | 0       |
|    add_ln47_39_fu_5476_p2       | -   |        | add_ln47_39       | add | fabric | 0       |
|    add_ln47_40_fu_5486_p2       | -   |        | add_ln47_40       | add | fabric | 0       |
|    add_ln47_41_fu_5516_p2       | -   |        | add_ln47_41       | add | fabric | 0       |
|    add_ln47_42_fu_5526_p2       | -   |        | add_ln47_42       | add | fabric | 0       |
|    add_ln47_43_fu_5576_p2       | -   |        | add_ln47_43       | add | fabric | 0       |
|    add_ln47_44_fu_5586_p2       | -   |        | add_ln47_44       | add | fabric | 0       |
|    add_ln47_45_fu_5626_p2       | -   |        | add_ln47_45       | add | fabric | 0       |
|    add_ln47_46_fu_5636_p2       | -   |        | add_ln47_46       | add | fabric | 0       |
|    add_ln47_47_fu_5666_p2       | -   |        | add_ln47_47       | add | fabric | 0       |
|    add_ln47_48_fu_5676_p2       | -   |        | add_ln47_48       | add | fabric | 0       |
|    add_ln47_49_fu_5726_p2       | -   |        | add_ln47_49       | add | fabric | 0       |
|    add_ln47_50_fu_5736_p2       | -   |        | add_ln47_50       | add | fabric | 0       |
|    add_ln47_51_fu_5776_p2       | -   |        | add_ln47_51       | add | fabric | 0       |
|    add_ln47_52_fu_5786_p2       | -   |        | add_ln47_52       | add | fabric | 0       |
|    add_ln47_53_fu_5816_p2       | -   |        | add_ln47_53       | add | fabric | 0       |
|    add_ln47_54_fu_5826_p2       | -   |        | add_ln47_54       | add | fabric | 0       |
|    empty_10_fu_4141_p2          | -   |        | empty_10          | add | fabric | 0       |
|    add_ln48_55_fu_4151_p2       | -   |        | add_ln48_55       | add | fabric | 0       |
|    add_ln48_56_fu_4165_p2       | -   |        | add_ln48_56       | add | fabric | 0       |
|    add_ln48_57_fu_4271_p2       | -   |        | add_ln48_57       | add | fabric | 0       |
|    add_ln48_58_fu_4316_p2       | -   |        | add_ln48_58       | add | fabric | 0       |
|    add_ln48_59_fu_4417_p2       | -   |        | add_ln48_59       | add | fabric | 0       |
|    add_ln48_60_fu_4437_p2       | -   |        | add_ln48_60       | add | fabric | 0       |
|    add_ln48_61_fu_4533_p2       | -   |        | add_ln48_61       | add | fabric | 0       |
|    add_ln48_62_fu_4571_p2       | -   |        | add_ln48_62       | add | fabric | 0       |
|    add_ln48_63_fu_4684_p2       | -   |        | add_ln48_63       | add | fabric | 0       |
|    add_ln48_64_fu_4724_p2       | -   |        | add_ln48_64       | add | fabric | 0       |
|    add_ln48_65_fu_4834_p2       | -   |        | add_ln48_65       | add | fabric | 0       |
|    add_ln48_66_fu_4874_p2       | -   |        | add_ln48_66       | add | fabric | 0       |
|    add_ln48_67_fu_4988_p2       | -   |        | add_ln48_67       | add | fabric | 0       |
|    add_ln48_68_fu_5032_p2       | -   |        | add_ln48_68       | add | fabric | 0       |
|    add_ln48_69_fu_5162_p2       | -   |        | add_ln48_69       | add | fabric | 0       |
|    add_ln48_70_fu_5341_p2       | -   |        | add_ln48_70       | add | fabric | 0       |
|    add_ln48_71_fu_5382_p2       | -   |        | add_ln48_71       | add | fabric | 0       |
|    add_ln48_72_fu_5496_p2       | -   |        | add_ln48_72       | add | fabric | 0       |
|    add_ln48_73_fu_5536_p2       | -   |        | add_ln48_73       | add | fabric | 0       |
|    add_ln48_74_fu_5646_p2       | -   |        | add_ln48_74       | add | fabric | 0       |
|    add_ln48_75_fu_5686_p2       | -   |        | add_ln48_75       | add | fabric | 0       |
|    add_ln48_76_fu_5796_p2       | -   |        | add_ln48_76       | add | fabric | 0       |
|    add_ln48_77_fu_5836_p2       | -   |        | add_ln48_77       | add | fabric | 0       |
|    add_ln48_78_fu_5906_p2       | -   |        | add_ln48_78       | add | fabric | 0       |
|    add_ln48_79_fu_5926_p2       | -   |        | add_ln48_79       | add | fabric | 0       |
|    add_ln48_80_fu_6012_p2       | -   |        | add_ln48_80       | add | fabric | 0       |
|    add_ln48_81_fu_6036_p2       | -   |        | add_ln48_81       | add | fabric | 0       |
|    add_ln48_82_fu_6126_p2       | -   |        | add_ln48_82       | add | fabric | 0       |
|    add_ln48_83_fu_6150_p2       | -   |        | add_ln48_83       | add | fabric | 0       |
|    add_ln48_84_fu_6245_p2       | -   |        | add_ln48_84       | add | fabric | 0       |
|    add_ln48_85_fu_6365_p2       | -   |        | add_ln48_85       | add | fabric | 0       |
|    add_ln48_86_fu_6392_p2       | -   |        | add_ln48_86       | add | fabric | 0       |
|    add_ln48_87_fu_6475_p2       | -   |        | add_ln48_87       | add | fabric | 0       |
|    add_ln48_88_fu_6495_p2       | -   |        | add_ln48_88       | add | fabric | 0       |
|    add_ln48_89_fu_6565_p2       | -   |        | add_ln48_89       | add | fabric | 0       |
|    add_ln48_90_fu_6585_p2       | -   |        | add_ln48_90       | add | fabric | 0       |
|    add_ln48_91_fu_6655_p2       | -   |        | add_ln48_91       | add | fabric | 0       |
|    add_ln48_92_fu_6675_p2       | -   |        | add_ln48_92       | add | fabric | 0       |
|    add_ln48_93_fu_6745_p2       | -   |        | add_ln48_93       | add | fabric | 0       |
|    add_ln48_94_fu_6765_p2       | -   |        | add_ln48_94       | add | fabric | 0       |
|    add_ln48_95_fu_6835_p2       | -   |        | add_ln48_95       | add | fabric | 0       |
|    add_ln48_96_fu_6855_p2       | -   |        | add_ln48_96       | add | fabric | 0       |
|    add_ln48_97_fu_6925_p2       | -   |        | add_ln48_97       | add | fabric | 0       |
|    add_ln48_98_fu_6945_p2       | -   |        | add_ln48_98       | add | fabric | 0       |
|    add_ln48_99_fu_7015_p2       | -   |        | add_ln48_99       | add | fabric | 0       |
|    add_ln48_100_fu_7111_p2      | -   |        | add_ln48_100      | add | fabric | 0       |
|    add_ln48_101_fu_7131_p2      | -   |        | add_ln48_101      | add | fabric | 0       |
|    add_ln48_102_fu_7201_p2      | -   |        | add_ln48_102      | add | fabric | 0       |
|    add_ln48_103_fu_7221_p2      | -   |        | add_ln48_103      | add | fabric | 0       |
|    add_ln48_104_fu_7312_p2      | -   |        | add_ln48_104      | add | fabric | 0       |
|    add_ln48_105_fu_7336_p2      | -   |        | add_ln48_105      | add | fabric | 0       |
|    add_ln48_106_fu_7426_p2      | -   |        | add_ln48_106      | add | fabric | 0       |
|    add_ln48_107_fu_7450_p2      | -   |        | add_ln48_107      | add | fabric | 0       |
|    add_ln48_108_fu_7540_p2      | -   |        | add_ln48_108      | add | fabric | 0       |
|    add_ln48_109_fu_7564_p2      | -   |        | add_ln48_109      | add | fabric | 0       |
|    indvars_iv_next50_fu_4176_p2 | -   |        | indvars_iv_next50 | add | fabric | 0       |
|    add_ln48_110_fu_4185_p2      | -   |        | add_ln48_110      | add | fabric | 0       |
|    add_ln48_111_fu_4240_p2      | -   |        | add_ln48_111      | add | fabric | 0       |
|    add_ln48_112_fu_4327_p2      | -   |        | add_ln48_112      | add | fabric | 0       |
|    add_ln48_113_fu_4364_p2      | -   |        | add_ln48_113      | add | fabric | 0       |
|    add_ln48_114_fu_4447_p2      | -   |        | add_ln48_114      | add | fabric | 0       |
|    add_ln48_115_fu_4499_p2      | -   |        | add_ln48_115      | add | fabric | 0       |
|    add_ln48_116_fu_4582_p2      | -   |        | add_ln48_116      | add | fabric | 0       |
|    add_ln48_117_fu_4633_p2      | -   |        | add_ln48_117      | add | fabric | 0       |
|    add_ln48_118_fu_4734_p2      | -   |        | add_ln48_118      | add | fabric | 0       |
|    add_ln48_119_fu_4784_p2      | -   |        | add_ln48_119      | add | fabric | 0       |
|    add_ln48_120_fu_4884_p2      | -   |        | add_ln48_120      | add | fabric | 0       |
|    add_ln48_121_fu_4934_p2      | -   |        | add_ln48_121      | add | fabric | 0       |
|    add_ln48_122_fu_5046_p2      | -   |        | add_ln48_122      | add | fabric | 0       |
|    add_ln48_123_fu_5104_p2      | -   |        | add_ln48_123      | add | fabric | 0       |
|    add_ln48_124_fu_5222_p2      | -   |        | add_ln48_124      | add | fabric | 0       |
|    add_ln48_125_fu_5395_p2      | -   |        | add_ln48_125      | add | fabric | 0       |
|    add_ln48_126_fu_5446_p2      | -   |        | add_ln48_126      | add | fabric | 0       |
|    add_ln48_127_fu_5546_p2      | -   |        | add_ln48_127      | add | fabric | 0       |
|    add_ln48_128_fu_5596_p2      | -   |        | add_ln48_128      | add | fabric | 0       |
|    add_ln48_129_fu_5696_p2      | -   |        | add_ln48_129      | add | fabric | 0       |
|    add_ln48_130_fu_5746_p2      | -   |        | add_ln48_130      | add | fabric | 0       |
|    add_ln48_131_fu_5846_p2      | -   |        | add_ln48_131      | add | fabric | 0       |
|    add_ln48_132_fu_5876_p2      | -   |        | add_ln48_132      | add | fabric | 0       |
|    add_ln48_133_fu_5940_p2      | -   |        | add_ln48_133      | add | fabric | 0       |
|    add_ln48_134_fu_5974_p2      | -   |        | add_ln48_134      | add | fabric | 0       |
|    add_ln48_135_fu_6050_p2      | -   |        | add_ln48_135      | add | fabric | 0       |
|    add_ln48_136_fu_6088_p2      | -   |        | add_ln48_136      | add | fabric | 0       |
|    add_ln48_137_fu_6164_p2      | -   |        | add_ln48_137      | add | fabric | 0       |
|    add_ln48_138_fu_6202_p2      | -   |        | add_ln48_138      | add | fabric | 0       |
|    add_ln48_139_fu_6285_p2      | -   |        | add_ln48_139      | add | fabric | 0       |
|    add_ln48_140_fu_6403_p2      | -   |        | add_ln48_140      | add | fabric | 0       |
|    add_ln48_141_fu_6444_p2      | -   |        | add_ln48_141      | add | fabric | 0       |
|    add_ln48_142_fu_6505_p2      | -   |        | add_ln48_142      | add | fabric | 0       |
|    add_ln48_143_fu_6535_p2      | -   |        | add_ln48_143      | add | fabric | 0       |
|    add_ln48_144_fu_6595_p2      | -   |        | add_ln48_144      | add | fabric | 0       |
|    add_ln48_145_fu_6625_p2      | -   |        | add_ln48_145      | add | fabric | 0       |
|    add_ln48_146_fu_6685_p2      | -   |        | add_ln48_146      | add | fabric | 0       |
|    add_ln48_147_fu_6715_p2      | -   |        | add_ln48_147      | add | fabric | 0       |
|    add_ln48_148_fu_6775_p2      | -   |        | add_ln48_148      | add | fabric | 0       |
|    add_ln48_149_fu_6805_p2      | -   |        | add_ln48_149      | add | fabric | 0       |
|    add_ln48_150_fu_6865_p2      | -   |        | add_ln48_150      | add | fabric | 0       |
|    add_ln48_151_fu_6895_p2      | -   |        | add_ln48_151      | add | fabric | 0       |
|    add_ln48_152_fu_6955_p2      | -   |        | add_ln48_152      | add | fabric | 0       |
|    add_ln48_153_fu_6985_p2      | -   |        | add_ln48_153      | add | fabric | 0       |
|    add_ln48_154_fu_7047_p2      | -   |        | add_ln48_154      | add | fabric | 0       |
|    add_ln48_155_fu_7141_p2      | -   |        | add_ln48_155      | add | fabric | 0       |
|    add_ln48_156_fu_7171_p2      | -   |        | add_ln48_156      | add | fabric | 0       |
|    add_ln48_157_fu_7235_p2      | -   |        | add_ln48_157      | add | fabric | 0       |
|    add_ln48_158_fu_7274_p2      | -   |        | add_ln48_158      | add | fabric | 0       |
|    add_ln48_159_fu_7350_p2      | -   |        | add_ln48_159      | add | fabric | 0       |
|    add_ln48_160_fu_7388_p2      | -   |        | add_ln48_160      | add | fabric | 0       |
|    add_ln48_161_fu_7464_p2      | -   |        | add_ln48_161      | add | fabric | 0       |
|    add_ln48_162_fu_7502_p2      | -   |        | add_ln48_162      | add | fabric | 0       |
|    add_ln48_163_fu_7578_p2      | -   |        | add_ln48_163      | add | fabric | 0       |
|    add_ln48_164_fu_7616_p2      | -   |        | add_ln48_164      | add | fabric | 0       |
|  + adi_Pipeline_VITIS_LOOP_59_5 | 0   |        |                   |     |        |         |
|    sub_ln60_fu_3973_p2          | -   |        | sub_ln60          | sub | fabric | 0       |
|    add_ln68_fu_3985_p2          | -   |        | add_ln68          | add | fabric | 0       |
|    add_ln72_fu_5400_p2          | -   |        | add_ln72          | add | fabric | 0       |
|    add_ln72_1_fu_5410_p2        | -   |        | add_ln72_1        | add | fabric | 0       |
|    add_ln72_2_fu_5360_p2        | -   |        | add_ln72_2        | add | fabric | 0       |
|    add_ln72_3_fu_5370_p2        | -   |        | add_ln72_3        | add | fabric | 0       |
|    add_ln72_4_fu_5310_p2        | -   |        | add_ln72_4        | add | fabric | 0       |
|    add_ln72_5_fu_5320_p2        | -   |        | add_ln72_5        | add | fabric | 0       |
|    add_ln72_6_fu_5270_p2        | -   |        | add_ln72_6        | add | fabric | 0       |
|    add_ln72_7_fu_5280_p2        | -   |        | add_ln72_7        | add | fabric | 0       |
|    add_ln72_8_fu_5230_p2        | -   |        | add_ln72_8        | add | fabric | 0       |
|    add_ln72_9_fu_5240_p2        | -   |        | add_ln72_9        | add | fabric | 0       |
|    add_ln72_10_fu_5180_p2       | -   |        | add_ln72_10       | add | fabric | 0       |
|    add_ln72_11_fu_5190_p2       | -   |        | add_ln72_11       | add | fabric | 0       |
|    add_ln72_12_fu_5140_p2       | -   |        | add_ln72_12       | add | fabric | 0       |
|    add_ln72_13_fu_5150_p2       | -   |        | add_ln72_13       | add | fabric | 0       |
|    add_ln72_14_fu_5100_p2       | -   |        | add_ln72_14       | add | fabric | 0       |
|    add_ln72_15_fu_5110_p2       | -   |        | add_ln72_15       | add | fabric | 0       |
|    add_ln72_16_fu_5050_p2       | -   |        | add_ln72_16       | add | fabric | 0       |
|    add_ln72_17_fu_5060_p2       | -   |        | add_ln72_17       | add | fabric | 0       |
|    add_ln72_18_fu_5010_p2       | -   |        | add_ln72_18       | add | fabric | 0       |
|    add_ln72_19_fu_5020_p2       | -   |        | add_ln72_19       | add | fabric | 0       |
|    add_ln72_20_fu_4970_p2       | -   |        | add_ln72_20       | add | fabric | 0       |
|    add_ln72_21_fu_4980_p2       | -   |        | add_ln72_21       | add | fabric | 0       |
|    add_ln72_22_fu_4920_p2       | -   |        | add_ln72_22       | add | fabric | 0       |
|    add_ln72_23_fu_4930_p2       | -   |        | add_ln72_23       | add | fabric | 0       |
|    add_ln72_24_fu_4880_p2       | -   |        | add_ln72_24       | add | fabric | 0       |
|    add_ln72_25_fu_4890_p2       | -   |        | add_ln72_25       | add | fabric | 0       |
|    add_ln72_26_fu_4840_p2       | -   |        | add_ln72_26       | add | fabric | 0       |
|    add_ln72_27_fu_4850_p2       | -   |        | add_ln72_27       | add | fabric | 0       |
|    add_ln72_28_fu_4790_p2       | -   |        | add_ln72_28       | add | fabric | 0       |
|    add_ln72_29_fu_4800_p2       | -   |        | add_ln72_29       | add | fabric | 0       |
|    add_ln72_30_fu_4750_p2       | -   |        | add_ln72_30       | add | fabric | 0       |
|    add_ln72_31_fu_4760_p2       | -   |        | add_ln72_31       | add | fabric | 0       |
|    add_ln72_32_fu_4710_p2       | -   |        | add_ln72_32       | add | fabric | 0       |
|    add_ln72_33_fu_4720_p2       | -   |        | add_ln72_33       | add | fabric | 0       |
|    add_ln72_34_fu_4660_p2       | -   |        | add_ln72_34       | add | fabric | 0       |
|    add_ln72_35_fu_4670_p2       | -   |        | add_ln72_35       | add | fabric | 0       |
|    add_ln72_36_fu_4620_p2       | -   |        | add_ln72_36       | add | fabric | 0       |
|    add_ln72_37_fu_4630_p2       | -   |        | add_ln72_37       | add | fabric | 0       |
|    add_ln72_38_fu_4580_p2       | -   |        | add_ln72_38       | add | fabric | 0       |
|    add_ln72_39_fu_4590_p2       | -   |        | add_ln72_39       | add | fabric | 0       |
|    add_ln72_40_fu_4530_p2       | -   |        | add_ln72_40       | add | fabric | 0       |
|    add_ln72_41_fu_4540_p2       | -   |        | add_ln72_41       | add | fabric | 0       |
|    add_ln72_42_fu_4490_p2       | -   |        | add_ln72_42       | add | fabric | 0       |
|    add_ln72_43_fu_4500_p2       | -   |        | add_ln72_43       | add | fabric | 0       |
|    add_ln72_44_fu_4450_p2       | -   |        | add_ln72_44       | add | fabric | 0       |
|    add_ln72_45_fu_4460_p2       | -   |        | add_ln72_45       | add | fabric | 0       |
|    add_ln72_46_fu_4410_p2       | -   |        | add_ln72_46       | add | fabric | 0       |
|    add_ln72_47_fu_3996_p2       | -   |        | add_ln72_47       | add | fabric | 0       |
|    add_ln72_48_fu_4007_p2       | -   |        | add_ln72_48       | add | fabric | 0       |
|    add_ln72_49_fu_4129_p2       | -   |        | add_ln72_49       | add | fabric | 0       |
|    add_ln72_50_fu_4139_p2       | -   |        | add_ln72_50       | add | fabric | 0       |
|    add_ln72_51_fu_4209_p2       | -   |        | add_ln72_51       | add | fabric | 0       |
|    add_ln72_52_fu_4219_p2       | -   |        | add_ln72_52       | add | fabric | 0       |
|    add_ln72_53_fu_4289_p2       | -   |        | add_ln72_53       | add | fabric | 0       |
|    add_ln72_54_fu_4229_p2       | -   |        | add_ln72_54       | add | fabric | 0       |
|    empty_9_fu_4029_p2           | -   |        | empty_9           | add | fabric | 0       |
|    sub_ln66_fu_4055_p2          | -   |        | sub_ln66          | sub | fabric | 0       |
|    add_ln66_fu_4259_p2          | -   |        | add_ln66          | add | fabric | 0       |
|    add_ln66_1_fu_4300_p2        | -   |        | add_ln66_1        | add | fabric | 0       |
|    add_ln66_2_fu_4340_p2        | -   |        | add_ln66_2        | add | fabric | 0       |
|    add_ln66_3_fu_4370_p2        | -   |        | add_ln66_3        | add | fabric | 0       |
|    add_ln66_4_fu_4420_p2        | -   |        | add_ln66_4        | add | fabric | 0       |
|    add_ln66_5_fu_4470_p2        | -   |        | add_ln66_5        | add | fabric | 0       |
|    add_ln66_6_fu_4550_p2        | -   |        | add_ln66_6        | add | fabric | 0       |
|    add_ln66_7_fu_4600_p2        | -   |        | add_ln66_7        | add | fabric | 0       |
|    add_ln66_8_fu_4680_p2        | -   |        | add_ln66_8        | add | fabric | 0       |
|    add_ln66_9_fu_4730_p2        | -   |        | add_ln66_9        | add | fabric | 0       |
|    add_ln66_10_fu_4810_p2       | -   |        | add_ln66_10       | add | fabric | 0       |
|    add_ln66_11_fu_4860_p2       | -   |        | add_ln66_11       | add | fabric | 0       |
|    add_ln66_12_fu_4940_p2       | -   |        | add_ln66_12       | add | fabric | 0       |
|    add_ln66_13_fu_4990_p2       | -   |        | add_ln66_13       | add | fabric | 0       |
|    add_ln66_14_fu_5070_p2       | -   |        | add_ln66_14       | add | fabric | 0       |
|    add_ln66_15_fu_5120_p2       | -   |        | add_ln66_15       | add | fabric | 0       |
|    add_ln66_16_fu_5200_p2       | -   |        | add_ln66_16       | add | fabric | 0       |
|    add_ln66_17_fu_5250_p2       | -   |        | add_ln66_17       | add | fabric | 0       |
|    add_ln66_18_fu_5330_p2       | -   |        | add_ln66_18       | add | fabric | 0       |
|    add_ln66_19_fu_5380_p2       | -   |        | add_ln66_19       | add | fabric | 0       |
|    add_ln66_20_fu_5440_p2       | -   |        | add_ln66_20       | add | fabric | 0       |
|    add_ln66_21_fu_5470_p2       | -   |        | add_ln66_21       | add | fabric | 0       |
|    add_ln66_22_fu_5510_p2       | -   |        | add_ln66_22       | add | fabric | 0       |
|    add_ln66_23_fu_5540_p2       | -   |        | add_ln66_23       | add | fabric | 0       |
|    add_ln66_24_fu_5580_p2       | -   |        | add_ln66_24       | add | fabric | 0       |
|    add_ln66_25_fu_5610_p2       | -   |        | add_ln66_25       | add | fabric | 0       |
|    add_ln66_26_fu_5650_p2       | -   |        | add_ln66_26       | add | fabric | 0       |
|    add_ln66_27_fu_5685_p2       | -   |        | add_ln66_27       | add | fabric | 0       |
|    add_ln66_28_fu_5725_p2       | -   |        | add_ln66_28       | add | fabric | 0       |
|    add_ln66_29_fu_5755_p2       | -   |        | add_ln66_29       | add | fabric | 0       |
|    add_ln66_30_fu_5795_p2       | -   |        | add_ln66_30       | add | fabric | 0       |
|    add_ln66_31_fu_5825_p2       | -   |        | add_ln66_31       | add | fabric | 0       |
|    add_ln66_32_fu_5865_p2       | -   |        | add_ln66_32       | add | fabric | 0       |
|    add_ln66_33_fu_5895_p2       | -   |        | add_ln66_33       | add | fabric | 0       |
|    add_ln66_34_fu_5935_p2       | -   |        | add_ln66_34       | add | fabric | 0       |
|    add_ln66_35_fu_5965_p2       | -   |        | add_ln66_35       | add | fabric | 0       |
|    add_ln66_36_fu_6005_p2       | -   |        | add_ln66_36       | add | fabric | 0       |
|    add_ln66_37_fu_6035_p2       | -   |        | add_ln66_37       | add | fabric | 0       |
|    add_ln66_38_fu_6075_p2       | -   |        | add_ln66_38       | add | fabric | 0       |
|    add_ln66_39_fu_6105_p2       | -   |        | add_ln66_39       | add | fabric | 0       |
|    add_ln66_40_fu_6145_p2       | -   |        | add_ln66_40       | add | fabric | 0       |
|    add_ln66_41_fu_6175_p2       | -   |        | add_ln66_41       | add | fabric | 0       |
|    add_ln66_42_fu_6215_p2       | -   |        | add_ln66_42       | add | fabric | 0       |
|    add_ln66_43_fu_6245_p2       | -   |        | add_ln66_43       | add | fabric | 0       |
|    add_ln66_44_fu_6285_p2       | -   |        | add_ln66_44       | add | fabric | 0       |
|    add_ln66_45_fu_6315_p2       | -   |        | add_ln66_45       | add | fabric | 0       |
|    add_ln66_46_fu_6355_p2       | -   |        | add_ln66_46       | add | fabric | 0       |
|    add_ln66_47_fu_6385_p2       | -   |        | add_ln66_47       | add | fabric | 0       |
|    add_ln66_48_fu_6430_p2       | -   |        | add_ln66_48       | add | fabric | 0       |
|    add_ln66_49_fu_6460_p2       | -   |        | add_ln66_49       | add | fabric | 0       |
|    add_ln66_50_fu_6500_p2       | -   |        | add_ln66_50       | add | fabric | 0       |
|    add_ln66_51_fu_6530_p2       | -   |        | add_ln66_51       | add | fabric | 0       |
|    add_ln66_52_fu_6570_p2       | -   |        | add_ln66_52       | add | fabric | 0       |
|    add_ln66_53_fu_6600_p2       | -   |        | add_ln66_53       | add | fabric | 0       |
|    add_ln66_54_fu_6640_p2       | -   |        | add_ln66_54       | add | fabric | 0       |
|    indvars_iv_next64_fu_4082_p2 | -   |        | indvars_iv_next64 | add | fabric | 0       |
|    sub_ln66_1_fu_4107_p2        | -   |        | sub_ln66_1        | sub | fabric | 0       |
|    add_ln66_55_fu_4269_p2       | -   |        | add_ln66_55       | add | fabric | 0       |
|    add_ln66_56_fu_4320_p2       | -   |        | add_ln66_56       | add | fabric | 0       |
|    add_ln66_57_fu_4350_p2       | -   |        | add_ln66_57       | add | fabric | 0       |
|    add_ln66_58_fu_4390_p2       | -   |        | add_ln66_58       | add | fabric | 0       |
|    add_ln66_59_fu_4430_p2       | -   |        | add_ln66_59       | add | fabric | 0       |
|    add_ln66_60_fu_4510_p2       | -   |        | add_ln66_60       | add | fabric | 0       |
|    add_ln66_61_fu_4560_p2       | -   |        | add_ln66_61       | add | fabric | 0       |
|    add_ln66_62_fu_4640_p2       | -   |        | add_ln66_62       | add | fabric | 0       |
|    add_ln66_63_fu_4690_p2       | -   |        | add_ln66_63       | add | fabric | 0       |
|    add_ln66_64_fu_4770_p2       | -   |        | add_ln66_64       | add | fabric | 0       |
|    add_ln66_65_fu_4820_p2       | -   |        | add_ln66_65       | add | fabric | 0       |
|    add_ln66_66_fu_4900_p2       | -   |        | add_ln66_66       | add | fabric | 0       |
|    add_ln66_67_fu_4950_p2       | -   |        | add_ln66_67       | add | fabric | 0       |
|    add_ln66_68_fu_5030_p2       | -   |        | add_ln66_68       | add | fabric | 0       |
|    add_ln66_69_fu_5080_p2       | -   |        | add_ln66_69       | add | fabric | 0       |
|    add_ln66_70_fu_5160_p2       | -   |        | add_ln66_70       | add | fabric | 0       |
|    add_ln66_71_fu_5210_p2       | -   |        | add_ln66_71       | add | fabric | 0       |
|    add_ln66_72_fu_5290_p2       | -   |        | add_ln66_72       | add | fabric | 0       |
|    add_ln66_73_fu_5340_p2       | -   |        | add_ln66_73       | add | fabric | 0       |
|    add_ln66_74_fu_5420_p2       | -   |        | add_ln66_74       | add | fabric | 0       |
|    add_ln66_75_fu_5450_p2       | -   |        | add_ln66_75       | add | fabric | 0       |
|    add_ln66_76_fu_5490_p2       | -   |        | add_ln66_76       | add | fabric | 0       |
|    add_ln66_77_fu_5520_p2       | -   |        | add_ln66_77       | add | fabric | 0       |
|    add_ln66_78_fu_5560_p2       | -   |        | add_ln66_78       | add | fabric | 0       |
|    add_ln66_79_fu_5590_p2       | -   |        | add_ln66_79       | add | fabric | 0       |
|    add_ln66_80_fu_5630_p2       | -   |        | add_ln66_80       | add | fabric | 0       |
|    add_ln66_81_fu_5660_p2       | -   |        | add_ln66_81       | add | fabric | 0       |
|    add_ln66_82_fu_5705_p2       | -   |        | add_ln66_82       | add | fabric | 0       |
|    add_ln66_83_fu_5735_p2       | -   |        | add_ln66_83       | add | fabric | 0       |
|    add_ln66_84_fu_5775_p2       | -   |        | add_ln66_84       | add | fabric | 0       |
|    add_ln66_85_fu_5805_p2       | -   |        | add_ln66_85       | add | fabric | 0       |
|    add_ln66_86_fu_5845_p2       | -   |        | add_ln66_86       | add | fabric | 0       |
|    add_ln66_87_fu_5875_p2       | -   |        | add_ln66_87       | add | fabric | 0       |
|    add_ln66_88_fu_5915_p2       | -   |        | add_ln66_88       | add | fabric | 0       |
|    add_ln66_89_fu_5945_p2       | -   |        | add_ln66_89       | add | fabric | 0       |
|    add_ln66_90_fu_5985_p2       | -   |        | add_ln66_90       | add | fabric | 0       |
|    add_ln66_91_fu_6015_p2       | -   |        | add_ln66_91       | add | fabric | 0       |
|    add_ln66_92_fu_6055_p2       | -   |        | add_ln66_92       | add | fabric | 0       |
|    add_ln66_93_fu_6085_p2       | -   |        | add_ln66_93       | add | fabric | 0       |
|    add_ln66_94_fu_6125_p2       | -   |        | add_ln66_94       | add | fabric | 0       |
|    add_ln66_95_fu_6155_p2       | -   |        | add_ln66_95       | add | fabric | 0       |
|    add_ln66_96_fu_6195_p2       | -   |        | add_ln66_96       | add | fabric | 0       |
|    add_ln66_97_fu_6225_p2       | -   |        | add_ln66_97       | add | fabric | 0       |
|    add_ln66_98_fu_6265_p2       | -   |        | add_ln66_98       | add | fabric | 0       |
|    add_ln66_99_fu_6295_p2       | -   |        | add_ln66_99       | add | fabric | 0       |
|    add_ln66_100_fu_6335_p2      | -   |        | add_ln66_100      | add | fabric | 0       |
|    add_ln66_101_fu_6365_p2      | -   |        | add_ln66_101      | add | fabric | 0       |
|    add_ln66_102_fu_6405_p2      | -   |        | add_ln66_102      | add | fabric | 0       |
|    add_ln66_103_fu_6440_p2      | -   |        | add_ln66_103      | add | fabric | 0       |
|    add_ln66_104_fu_6480_p2      | -   |        | add_ln66_104      | add | fabric | 0       |
|    add_ln66_105_fu_6510_p2      | -   |        | add_ln66_105      | add | fabric | 0       |
|    add_ln66_106_fu_6550_p2      | -   |        | add_ln66_106      | add | fabric | 0       |
|    add_ln66_107_fu_6580_p2      | -   |        | add_ln66_107      | add | fabric | 0       |
|    add_ln66_108_fu_6620_p2      | -   |        | add_ln66_108      | add | fabric | 0       |
|    add_ln66_109_fu_6650_p2      | -   |        | add_ln66_109      | add | fabric | 0       |
+---------------------------------+-----+--------+-------------------+-----+--------+---------+


================================================================
== Bind Storage Report
================================================================
  No bind storage info in design

================================================================
== Pragma Report
================================================================
  No pragmas found

