Thu May 22 09:12:54 2025: Running xcd server. This server was built by gradle.
Thu May 22 09:12:54 2025: Server was asked to start on port: '38781'
Thu May 22 09:12:54 2025: Server is using token UUID: '98e6f61c-2c41-450f-b7ba-65a1187b88d4'
Thu May 22 09:12:54 2025: SESSION_MGR: creating session with session uuid: '6d04a3e9-ade5-4ab9-8d63-1f78fcd2ec76' and name 'default'
Thu May 22 09:12:54 2025: Attempting to start server on port '38781'
Thu May 22 09:12:54 2025: XCD main fifo: created main fifo '/tmp/xcdmain98e6f61c-2c41-450f-b7ba-65a1187b88d4', fd read = 13
Thu May 22 09:12:54 2025: Running Dispatch Server
Thu May 22 09:12:54 2025: Version 2.2.0
Thu May 22 09:13:03 2025: Dispatch Server: Accepted socket connection from client
Thu May 22 09:13:03 2025: Starting Socket connection
Thu May 22 09:13:03 2025: EXCHANGE_TOKEN received, server token: 98e6f61c-2c41-450f-b7ba-65a1187b88d4, passed token: 98e6f61c-2c41-450f-b7ba-65a1187b88d4
Thu May 22 09:13:03 2025: SESSION_MGR: creating session with session uuid: 'a1776bd0-824e-4be4-a6bd-5b6a7087ddb1' and name 'vitis_hls'
Thu May 22 09:13:03 2025: KERNEL_SVC: creating session with uuid: 'a1776bd0-824e-4be4-a6bd-5b6a7087ddb1' and name 'vitis_hls'
Thu May 22 09:13:03 2025: GUIDANCE_SMGR: creating guidance session with uuid: 'a1776bd0-824e-4be4-a6bd-5b6a7087ddb1' and name 'vitis_hls'
Thu May 22 09:14:15 2025: STOP_SERVER received, server token: 98e6f61c-2c41-450f-b7ba-65a1187b88d4, passed token: 98e6f61c-2c41-450f-b7ba-65a1187b88d4
Thu May 22 09:14:15 2025: Socket received request to stop server.
Thu May 22 09:14:15 2025: Dispatch Server: do_await_stop
Thu May 22 09:14:15 2025: Dispatch Server: stopping mainFifo_
Thu May 22 09:14:15 2025: XCD main fifo: Stopping
Thu May 22 09:14:15 2025: XCD main fifo: do_read error code: Operation canceled
Thu May 22 09:14:15 2025: XCD main fifo: bytes_transferred: 0
Thu May 22 09:14:15 2025: SERVER: destructor for server bound to port 38781
Thu May 22 09:14:15 2025: XCD main fifo: Good unlink of /tmp/xcdmain98e6f61c-2c41-450f-b7ba-65a1187b88d4
Thu May 22 09:14:15 2025: Server exiting with status 0.
Thu May 22 09:14:15 2025: Closing log file.
