Tue May  6 09:25:05 2025: Running xcd server. This server was built by gradle.
Tue May  6 09:25:05 2025: Server was asked to start on port: '44011'
Tue May  6 09:25:05 2025: Server is using token UUID: 'cf6eed3a-cde1-4dc1-bcdf-d16a2a89522e'
Tue May  6 09:25:05 2025: SESSION_MGR: creating session with session uuid: '6d04a3e9-ade5-4ab9-8d63-1f78fcd2ec76' and name 'default'
Tue May  6 09:25:05 2025: Attempting to start server on port '44011'
Tue May  6 09:25:05 2025: XCD main fifo: created main fifo '/tmp/xcdmaincf6eed3a-cde1-4dc1-bcdf-d16a2a89522e', fd read = 13
Tue May  6 09:25:05 2025: Running Dispatch Server
Tue May  6 09:25:05 2025: Version 2.2.0
Tue May  6 09:25:14 2025: Dispatch Server: Accepted socket connection from client
Tue May  6 09:25:14 2025: Starting Socket connection
Tue May  6 09:25:14 2025: EXCHANGE_TOKEN received, server token: cf6eed3a-cde1-4dc1-bcdf-d16a2a89522e, passed token: cf6eed3a-cde1-4dc1-bcdf-d16a2a89522e
Tue May  6 09:25:14 2025: SESSION_MGR: creating session with session uuid: '11cf8446-8fbf-47e1-a393-5a1102e92920' and name 'vitis_hls'
Tue May  6 09:25:14 2025: KERNEL_SVC: creating session with uuid: '11cf8446-8fbf-47e1-a393-5a1102e92920' and name 'vitis_hls'
Tue May  6 09:25:14 2025: GUIDANCE_SMGR: creating guidance session with uuid: '11cf8446-8fbf-47e1-a393-5a1102e92920' and name 'vitis_hls'
Tue May  6 09:25:21 2025: STOP_SERVER received, server token: cf6eed3a-cde1-4dc1-bcdf-d16a2a89522e, passed token: cf6eed3a-cde1-4dc1-bcdf-d16a2a89522e
Tue May  6 09:25:21 2025: Socket received request to stop server.
Tue May  6 09:25:21 2025: Dispatch Server: do_await_stop
Tue May  6 09:25:21 2025: Dispatch Server: stopping mainFifo_
Tue May  6 09:25:21 2025: XCD main fifo: Stopping
Tue May  6 09:25:21 2025: XCD main fifo: do_read error code: Operation canceled
Tue May  6 09:25:21 2025: XCD main fifo: bytes_transferred: 0
Tue May  6 09:25:21 2025: SERVER: destructor for server bound to port 44011
Tue May  6 09:25:21 2025: XCD main fifo: Good unlink of /tmp/xcdmaincf6eed3a-cde1-4dc1-bcdf-d16a2a89522e
Tue May  6 09:25:21 2025: Server exiting with status 0.
Tue May  6 09:25:21 2025: Closing log file.
Tue May  6 09:25:43 2025: Running xcd server. This server was built by gradle.
Tue May  6 09:25:43 2025: Server was asked to start on port: '34913'
Tue May  6 09:25:43 2025: Server is using token UUID: '42e0b5d2-0306-4c14-827b-17b28e5ed415'
Tue May  6 09:25:43 2025: SESSION_MGR: creating session with session uuid: '6d04a3e9-ade5-4ab9-8d63-1f78fcd2ec76' and name 'default'
Tue May  6 09:25:43 2025: Attempting to start server on port '34913'
Tue May  6 09:25:43 2025: XCD main fifo: created main fifo '/tmp/xcdmain42e0b5d2-0306-4c14-827b-17b28e5ed415', fd read = 13
Tue May  6 09:25:43 2025: Running Dispatch Server
Tue May  6 09:25:43 2025: Version 2.2.0
Tue May  6 09:25:52 2025: Dispatch Server: Accepted socket connection from client
Tue May  6 09:25:52 2025: Starting Socket connection
Tue May  6 09:25:52 2025: EXCHANGE_TOKEN received, server token: 42e0b5d2-0306-4c14-827b-17b28e5ed415, passed token: 42e0b5d2-0306-4c14-827b-17b28e5ed415
Tue May  6 09:25:52 2025: SESSION_MGR: creating session with session uuid: '5d14d40f-65b6-4a0b-9789-29d4d7bc9bc8' and name 'vitis_hls'
Tue May  6 09:25:52 2025: KERNEL_SVC: creating session with uuid: '5d14d40f-65b6-4a0b-9789-29d4d7bc9bc8' and name 'vitis_hls'
Tue May  6 09:25:52 2025: GUIDANCE_SMGR: creating guidance session with uuid: '5d14d40f-65b6-4a0b-9789-29d4d7bc9bc8' and name 'vitis_hls'
Tue May  6 09:28:21 2025: Dispatch Server: do_await_stop
Tue May  6 09:28:21 2025: Dispatch Server: stopping mainFifo_
Tue May  6 09:28:21 2025: XCD main fifo: Stopping
Tue May  6 09:28:21 2025: XCD main fifo: do_read error code: Operation canceled
Tue May  6 09:28:21 2025: XCD main fifo: bytes_transferred: 0
Tue May  6 09:28:21 2025: SERVER: destructor for server bound to port 34913
Tue May  6 09:28:21 2025: XCD main fifo: Good unlink of /tmp/xcdmain42e0b5d2-0306-4c14-827b-17b28e5ed415
Tue May  6 09:28:21 2025: Server exiting with status 0.
Tue May  6 09:28:21 2025: Closing log file.
Tue May  6 09:28:28 2025: Running xcd server. This server was built by gradle.
Tue May  6 09:28:28 2025: Server was asked to start on port: '43129'
Tue May  6 09:28:28 2025: Server is using token UUID: '5f641325-0e5f-4814-acee-85c0c950effa'
Tue May  6 09:28:28 2025: SESSION_MGR: creating session with session uuid: '6d04a3e9-ade5-4ab9-8d63-1f78fcd2ec76' and name 'default'
Tue May  6 09:28:28 2025: Attempting to start server on port '43129'
Tue May  6 09:28:28 2025: XCD main fifo: created main fifo '/tmp/xcdmain5f641325-0e5f-4814-acee-85c0c950effa', fd read = 13
Tue May  6 09:28:28 2025: Running Dispatch Server
Tue May  6 09:28:28 2025: Version 2.2.0
Tue May  6 09:28:37 2025: Dispatch Server: Accepted socket connection from client
Tue May  6 09:28:37 2025: Starting Socket connection
Tue May  6 09:28:37 2025: EXCHANGE_TOKEN received, server token: 5f641325-0e5f-4814-acee-85c0c950effa, passed token: 5f641325-0e5f-4814-acee-85c0c950effa
Tue May  6 09:28:37 2025: SESSION_MGR: creating session with session uuid: '5cdad79c-bd88-4d23-bebc-6f7f3412c006' and name 'vitis_hls'
Tue May  6 09:28:37 2025: KERNEL_SVC: creating session with uuid: '5cdad79c-bd88-4d23-bebc-6f7f3412c006' and name 'vitis_hls'
Tue May  6 09:28:37 2025: GUIDANCE_SMGR: creating guidance session with uuid: '5cdad79c-bd88-4d23-bebc-6f7f3412c006' and name 'vitis_hls'
Tue May  6 09:28:48 2025: STOP_SERVER received, server token: 5f641325-0e5f-4814-acee-85c0c950effa, passed token: 5f641325-0e5f-4814-acee-85c0c950effa
Tue May  6 09:28:48 2025: Socket received request to stop server.
Tue May  6 09:28:48 2025: Dispatch Server: do_await_stop
Tue May  6 09:28:48 2025: Dispatch Server: stopping mainFifo_
Tue May  6 09:28:48 2025: XCD main fifo: Stopping
Tue May  6 09:28:48 2025: XCD main fifo: do_read error code: Operation canceled
Tue May  6 09:28:48 2025: XCD main fifo: bytes_transferred: 0
Tue May  6 09:28:48 2025: SERVER: destructor for server bound to port 43129
Tue May  6 09:28:48 2025: XCD main fifo: Good unlink of /tmp/xcdmain5f641325-0e5f-4814-acee-85c0c950effa
Tue May  6 09:28:48 2025: Server exiting with status 0.
Tue May  6 09:28:48 2025: Closing log file.
