

================================================================
== Vitis HLS Report for 'md'
================================================================
* Date:           Wed May  7 14:48:15 2025

* Version:        2022.2.2 (Build 3779808 on Feb 17 2023)
* Project:        hls_prj
* Solution:       solution (Vivado IP Flow Target)
* Product family: virtexuplus
* Target device:  xcu55c-fsvh2892-2L-e


================================================================
== Performance Estimates
================================================================
+ Timing: 
    * Summary: 
    +--------+---------+----------+------------+
    |  Clock |  Target | Estimated| Uncertainty|
    +--------+---------+----------+------------+
    |ap_clk  |  5.00 ns|  3.612 ns|     1.35 ns|
    +--------+---------+----------+------------+

+ Latency: 
    * Summary: 
    +---------+---------+----------+-----------+-----+---------+---------+
    |  Latency (cycles) |  Latency (absolute)  |    Interval   | Pipeline|
    |   min   |   max   |    min   |    max    | min |   max   |   Type  |
    +---------+---------+----------+-----------+-----+---------+---------+
    |      641|  2264321|  3.205 us|  11.322 ms|  642|  2264322|       no|
    +---------+---------+----------+-----------+-----+---------+---------+

    + Detail: 
        * Instance: 
        +-------------------------------+--------------------+---------+---------+-----------+----------+-----+-----+---------+
        |                               |                    |  Latency (cycles) |  Latency (absolute)  |  Interval | Pipeline|
        |            Instance           |       Module       |   min   |   max   |    min    |    max   | min | max |   Type  |
        +-------------------------------+--------------------+---------+---------+-----------+----------+-----+-----+---------+
        |grp_md_Pipeline_loop_q_fu_302  |md_Pipeline_loop_q  |        2|      125|  10.000 ns|  0.625 us|    2|  125|       no|
        +-------------------------------+--------------------+---------+---------+-----------+----------+-----+-----+---------+

        * Loop: 
        +------------------------------------------+---------+---------+------------+-----------+-----------+---------+----------+
        |                                          |  Latency (cycles) |  Iteration |  Initiation Interval  |   Trip  |          |
        |                 Loop Name                |   min   |   max   |   Latency  |  achieved |   target  |  Count  | Pipelined|
        +------------------------------------------+---------+---------+------------+-----------+-----------+---------+----------+
        |- loop_grid0_x_loop_grid0_y_loop_grid0_z  |      640|  2264320|  10 ~ 35380|          -|          -|       64|        no|
        | + loop_grid1_x_loop_grid1_z_loop_p       |        0|    35370|     8 ~ 131|          -|          -|  0 ~ 270|        no|
        +------------------------------------------+---------+---------+------------+-----------+-----------+---------+----------+



================================================================
== Utilization Estimates
================================================================
* Summary: 
+---------------------+---------+------+---------+---------+-----+
|         Name        | BRAM_18K|  DSP |    FF   |   LUT   | URAM|
+---------------------+---------+------+---------+---------+-----+
|DSP                  |        -|     -|        -|        -|    -|
|Expression           |        -|     -|        0|     2553|    -|
|FIFO                 |        -|     -|        -|        -|    -|
|Instance             |        -|    99|     5657|     3919|    -|
|Memory               |        -|     -|        -|        -|    -|
|Multiplexer          |        -|     -|        -|      258|    -|
|Register             |        -|     -|     3037|        -|    -|
+---------------------+---------+------+---------+---------+-----+
|Total                |        0|    99|     8694|     6730|    0|
+---------------------+---------+------+---------+---------+-----+
|Available SLR        |     1344|  3008|   869120|   434560|  320|
+---------------------+---------+------+---------+---------+-----+
|Utilization SLR (%)  |        0|     3|        1|        1|    0|
+---------------------+---------+------+---------+---------+-----+
|Available            |     4032|  9024|  2607360|  1303680|  960|
+---------------------+---------+------+---------+---------+-----+
|Utilization (%)      |        0|     1|       ~0|       ~0|    0|
+---------------------+---------+------+---------+---------+-----+

+ Detail: 
    * Instance: 
    +-------------------------------+------------------------+---------+----+------+------+-----+
    |            Instance           |         Module         | BRAM_18K| DSP|  FF  |  LUT | URAM|
    +-------------------------------+------------------------+---------+----+------+------+-----+
    |grp_md_Pipeline_loop_q_fu_302  |md_Pipeline_loop_q      |        0|  33|  4574|  3385|    0|
    |mul_64ns_160ns_224_2_1_U31     |mul_64ns_160ns_224_2_1  |        0|  36|   361|   178|    0|
    |mul_64ns_32ns_96_2_1_U29       |mul_64ns_32ns_96_2_1    |        0|   7|   361|   178|    0|
    |mul_64ns_96ns_160_2_1_U30      |mul_64ns_96ns_160_2_1   |        0|  23|   361|   178|    0|
    +-------------------------------+------------------------+---------+----+------+------+-----+
    |Total                          |                        |        0|  99|  5657|  3919|    0|
    +-------------------------------+------------------------+---------+----+------+------+-----+

    * DSP: 
    N/A

    * Memory: 
    N/A

    * FIFO: 
    N/A

    * Expression: 
    +--------------------------+----------+----+---+-----+------------+------------+
    |       Variable Name      | Operation| DSP| FF| LUT | Bitwidth P0| Bitwidth P1|
    +--------------------------+----------+----+---+-----+------------+------------+
    |add_ln14_1_fu_576_p2      |         +|   0|  0|   10|           3|           1|
    |add_ln14_2_fu_556_p2      |         +|   0|  0|   14|           7|           1|
    |add_ln14_fu_571_p2        |         +|   0|  0|   10|           3|           1|
    |add_ln16_1_fu_747_p2      |         +|   0|  0|   10|           3|           1|
    |add_ln16_2_fu_1291_p2     |         +|   0|  0|   13|           6|           1|
    |add_ln16_fu_741_p2        |         +|   0|  0|   10|           3|           1|
    |add_ln18_1_fu_1286_p2     |         +|   0|  0|   10|           3|           1|
    |add_ln18_fu_1281_p2       |         +|   0|  0|   10|           3|           1|
    |add_ln21_1_fu_1156_p2     |         +|   0|  0|  231|         224|           1|
    |add_ln21_fu_1339_p2       |         +|   0|  0|   71|          64|           1|
    |add_ln23_1_fu_1267_p2     |         +|   0|  0|  167|         160|           1|
    |add_ln23_fu_1386_p2       |         +|   0|  0|   71|          64|           1|
    |add_ln25_1_fu_1253_p2     |         +|   0|  0|  107|          96|           1|
    |add_ln25_fu_1466_p2       |         +|   0|  0|   71|          64|           1|
    |add_ln29_1_fu_1181_p2     |         +|   0|  0|   13|           6|           6|
    |add_ln29_2_fu_1403_p2     |         +|   0|  0|   12|           4|           4|
    |add_ln29_3_fu_1433_p2     |         +|   0|  0|   69|          62|          62|
    |add_ln29_4_fu_1475_p2     |         +|   0|  0|   13|           6|           6|
    |add_ln29_fu_1128_p2       |         +|   0|  0|   12|           4|           4|
    |add_ln30_fu_1247_p2       |         +|   0|  0|   17|          10|           1|
    |add_ln33_1_fu_1242_p2     |         +|   0|  0|   17|          10|          10|
    |add_ln33_fu_943_p2        |         +|   0|  0|   17|          10|          10|
    |add_ln39_1_fu_1532_p2     |         +|   0|  0|   17|          10|          10|
    |add_ln39_fu_1502_p2       |         +|   0|  0|   70|          63|          63|
    |empty_13_fu_416_p2        |         +|   0|  0|   10|           3|           2|
    |empty_14_fu_428_p2        |         +|   0|  0|   10|           3|           2|
    |empty_18_fu_500_p2        |         +|   0|  0|   10|           3|           2|
    |empty_19_fu_512_p2        |         +|   0|  0|   10|           3|           2|
    |empty_22_fu_778_p2        |         +|   0|  0|   13|           6|           6|
    |empty_24_fu_908_p2        |         +|   0|  0|   70|          63|          63|
    |empty_27_fu_992_p2        |         +|   0|  0|   10|           3|           2|
    |empty_28_fu_1003_p2       |         +|   0|  0|   10|           3|           2|
    |p_mid1112_fu_651_p2       |         +|   0|  0|   10|           3|           2|
    |p_mid1114_fu_662_p2       |         +|   0|  0|   10|           3|           2|
    |p_mid167_fu_838_p2        |         +|   0|  0|   10|           3|           2|
    |p_mid169_fu_850_p2        |         +|   0|  0|   10|           3|           2|
    |sub_ln16_1_fu_694_p2      |         -|   0|  0|   12|           4|           4|
    |sub_ln16_fu_460_p2        |         -|   0|  0|   12|           4|           4|
    |sub_ln18_1_fu_882_p2      |         -|   0|  0|   12|           4|           4|
    |sub_ln18_fu_544_p2        |         -|   0|  0|   12|           4|           4|
    |sub_ln21_fu_1035_p2       |         -|   0|  0|   12|           4|           4|
    |and_ln14_fu_729_p2        |       and|   0|  0|    2|           1|           1|
    |cmp18_fu_422_p2           |      icmp|   0|  0|    9|           3|           4|
    |cmp18_mid1_fu_656_p2      |      icmp|   0|  0|    9|           3|           4|
    |cmp41_fu_506_p2           |      icmp|   0|  0|    9|           3|           4|
    |cmp41_mid1_fu_844_p2      |      icmp|   0|  0|    9|           3|           4|
    |cmp64_fu_997_p2           |      icmp|   0|  0|    9|           3|           4|
    |empty_15_fu_442_p2        |      icmp|   0|  0|    8|           3|           3|
    |empty_16_fu_470_p2        |      icmp|   0|  0|    8|           3|           1|
    |empty_20_fu_526_p2        |      icmp|   0|  0|    8|           3|           3|
    |empty_25_fu_967_p2        |      icmp|   0|  0|    8|           3|           1|
    |empty_29_fu_1017_p2       |      icmp|   0|  0|    8|           3|           3|
    |empty_fu_386_p2           |      icmp|   0|  0|    8|           3|           1|
    |icmp_ln14_fu_550_p2       |      icmp|   0|  0|   11|           7|           8|
    |icmp_ln16_fu_562_p2       |      icmp|   0|  0|   10|           6|           5|
    |icmp_ln18_fu_723_p2       |      icmp|   0|  0|    9|           3|           4|
    |icmp_ln21_fu_1151_p2      |      icmp|   0|  0|   82|         224|         224|
    |icmp_ln23_fu_1162_p2      |      icmp|   0|  0|   60|         160|         160|
    |icmp_ln25_1_fu_1194_p2    |      icmp|   0|  0|   39|          96|          96|
    |icmp_ln25_fu_1103_p2      |      icmp|   0|  0|   39|          96|           1|
    |icmp_ln30_1_fu_1098_p2    |      icmp|   0|  0|   20|          32|           1|
    |icmp_ln30_fu_1146_p2      |      icmp|   0|  0|   20|          32|          32|
    |icmp_ln42_3_fu_1570_p2    |      icmp|   0|  0|   24|          52|           1|
    |icmp_ln42_7_fu_1586_p2    |      icmp|   0|  0|   24|          52|           1|
    |icmp_ln42_fu_1602_p2      |      icmp|   0|  0|   24|          52|           1|
    |p_mid1110_fu_615_p2       |      icmp|   0|  0|    8|           3|           1|
    |p_mid1128_fu_676_p2       |      icmp|   0|  0|    8|           3|           3|
    |p_mid183_fu_864_p2        |      icmp|   0|  0|    8|           3|           3|
    |p_mid1_fu_800_p2          |      icmp|   0|  0|    8|           3|           1|
    |or_ln16_fu_753_p2         |        or|   0|  0|    2|           1|           1|
    |or_ln8_fu_1213_p2         |        or|   0|  0|    2|           1|           1|
    |cond24_fu_434_p3          |    select|   0|  0|    4|           1|           4|
    |cond24_mid1_fu_668_p3     |    select|   0|  0|    4|           1|           4|
    |cond47_fu_518_p3          |    select|   0|  0|    4|           1|           4|
    |cond47_mid1_fu_856_p3     |    select|   0|  0|    4|           1|           4|
    |cond70_fu_1009_p3         |    select|   0|  0|    4|           1|           4|
    |select_ln14_1_fu_587_p3   |    select|   0|  0|    3|           1|           2|
    |select_ln14_2_fu_593_p3   |    select|   0|  0|    3|           1|           3|
    |select_ln14_3_fu_637_p3   |    select|   0|  0|    2|           1|           2|
    |select_ln14_4_fu_700_p3   |    select|   0|  0|    4|           1|           4|
    |select_ln14_5_fu_706_p3   |    select|   0|  0|    2|           1|           1|
    |select_ln14_6_fu_712_p3   |    select|   0|  0|    4|           1|           2|
    |select_ln14_7_fu_735_p3   |    select|   0|  0|    3|           1|           3|
    |select_ln14_fu_581_p3     |    select|   0|  0|    3|           1|           1|
    |select_ln16_1_fu_956_p3   |    select|   0|  0|    3|           1|           2|
    |select_ln16_2_fu_766_p3   |    select|   0|  0|    3|           1|           3|
    |select_ln16_3_fu_822_p3   |    select|   0|  0|    2|           1|           2|
    |select_ln16_4_fu_888_p3   |    select|   0|  0|    4|           1|           4|
    |select_ln16_5_fu_896_p3   |    select|   0|  0|    3|           1|           3|
    |select_ln16_6_fu_1297_p3  |    select|   0|  0|    6|           1|           1|
    |select_ln16_fu_758_p3     |    select|   0|  0|    3|           1|           1|
    |select_ln21_fu_1363_p3    |    select|   0|  0|   63|           1|          64|
    |select_ln23_1_fu_1273_p3  |    select|   0|  0|  148|           1|           1|
    |select_ln23_fu_1423_p3    |    select|   0|  0|   63|           1|          64|
    |select_ln25_1_fu_1259_p3  |    select|   0|  0|   90|           1|           1|
    |select_ln25_fu_1492_p3    |    select|   0|  0|   63|           1|          64|
    |select_ln8_10_fu_1481_p3  |    select|   0|  0|    6|           1|           6|
    |select_ln8_1_fu_1174_p3   |    select|   0|  0|   63|           1|          64|
    |select_ln8_2_fu_1357_p3   |    select|   0|  0|    6|           1|           6|
    |select_ln8_3_fu_1187_p3   |    select|   0|  0|    2|           1|           1|
    |select_ln8_4_fu_1199_p3   |    select|   0|  0|    2|           1|           1|
    |select_ln8_5_fu_1206_p3   |    select|   0|  0|   63|           1|          64|
    |select_ln8_6_fu_1219_p3   |    select|   0|  0|   10|           1|           1|
    |select_ln8_7_fu_1416_p3   |    select|   0|  0|    6|           1|           6|
    |select_ln8_8_fu_1227_p3   |    select|   0|  0|    2|           1|           1|
    |select_ln8_9_fu_1234_p3   |    select|   0|  0|   10|           1|          10|
    |select_ln8_fu_1167_p3     |    select|   0|  0|   63|           1|          64|
    |smax28_fu_448_p3          |    select|   0|  0|    3|           1|           3|
    |smax28_mid1_fu_682_p3     |    select|   0|  0|    3|           1|           3|
    |smax3_fu_1023_p3          |    select|   0|  0|    3|           1|           3|
    |smax68_fu_476_p3          |    select|   0|  0|    2|           1|           2|
    |smax68_mid1_fu_806_p3     |    select|   0|  0|    2|           1|           2|
    |smax73_fu_392_p3          |    select|   0|  0|    2|           1|           2|
    |smax73_mid1_fu_621_p3     |    select|   0|  0|    2|           1|           2|
    |smax8_fu_532_p3           |    select|   0|  0|    3|           1|           3|
    |smax8_mid1_fu_870_p3      |    select|   0|  0|    3|           1|           3|
    |smax_fu_973_p3            |    select|   0|  0|    2|           1|           2|
    |xor_ln14_fu_718_p2        |       xor|   0|  0|    2|           1|           2|
    +--------------------------+----------+----+---+-----+------------+------------+
    |Total                     |          |   0|  0| 2553|        1914|        1375|
    +--------------------------+----------+----+---+-----+------------+------------+

    * Multiplexer: 
    +--------------------------+----+-----------+-----+-----------+
    |           Name           | LUT| Input Size| Bits| Total Bits|
    +--------------------------+----+-----------+-----+-----------+
    |ap_NS_fsm                 |  81|         17|    1|         17|
    |b0_x_fu_164               |   9|          2|    3|          6|
    |b0_y_fu_152               |   9|          2|    3|          6|
    |b0_z_fu_144               |   9|          2|    3|          6|
    |b1_x_reg_241              |   9|          2|   64|        128|
    |b1_y_reg_262              |   9|          2|   64|        128|
    |b1_z_reg_282              |   9|          2|   64|        128|
    |indvar_flatten178_fu_168  |   9|          2|    7|         14|
    |indvar_flatten22_reg_251  |   9|          2|  160|        320|
    |indvar_flatten50_reg_230  |   9|          2|  224|        448|
    |indvar_flatten87_fu_156   |   9|          2|    6|         12|
    |indvar_flatten_reg_271    |   9|          2|   96|        192|
    |indvars_iv62_fu_140       |   9|          2|    3|          6|
    |indvars_iv66_fu_148       |   9|          2|    3|          6|
    |indvars_iv71_fu_160       |   9|          2|    3|          6|
    |n_points_address0         |  14|          3|    6|         18|
    |p_idx_reg_291             |   9|          2|   10|         20|
    |position_address0         |  14|          3|   10|         30|
    |position_ce0              |  14|          3|    1|          3|
    +--------------------------+----+-----------+-----+-----------+
    |Total                     | 258|         56|  731|       1494|
    +--------------------------+----+-----------+-----+-----------+

    * Register: 
    +--------------------------------------------+-----+----+-----+-----------+
    |                    Name                    |  FF | LUT| Bits| Const Bits|
    +--------------------------------------------+-----+----+-----+-----------+
    |add_ln14_2_reg_1800                         |    7|   0|    7|          0|
    |add_ln21_1_reg_1991                         |  224|   0|  224|          0|
    |add_ln29_1_reg_2008                         |    6|   0|    6|          0|
    |add_ln30_reg_2036                           |   10|   0|   10|          0|
    |add_ln33_1_reg_2031                         |   10|   0|   10|          0|
    |add_ln33_reg_1877                           |    9|   0|   10|          1|
    |add_ln39_1_reg_2096                         |    9|   0|   10|          1|
    |ap_CS_fsm                                   |   16|   0|   16|          0|
    |b0_x_fu_164                                 |    3|   0|    3|          0|
    |b0_y_fu_152                                 |    3|   0|    3|          0|
    |b0_z_fu_144                                 |    3|   0|    3|          0|
    |b1_x_reg_241                                |   64|   0|   64|          0|
    |b1_y_reg_262                                |   64|   0|   64|          0|
    |b1_z_reg_282                                |   64|   0|   64|          0|
    |empty_26_reg_1882                           |    2|   0|    2|          0|
    |force_r_addr_reg_2076                       |   10|   0|   10|          0|
    |grp_md_Pipeline_loop_q_fu_302_ap_start_reg  |    1|   0|    1|          0|
    |icmp_ln16_reg_1805                          |    1|   0|    1|          0|
    |icmp_ln23_reg_1996                          |    1|   0|    1|          0|
    |icmp_ln25_reg_1983                          |    1|   0|    1|          0|
    |icmp_ln30_1_reg_1977                        |    1|   0|    1|          0|
    |icmp_ln42_3_reg_2121                        |    1|   0|    1|          0|
    |icmp_ln42_7_reg_2126                        |    1|   0|    1|          0|
    |icmp_ln42_reg_2131                          |    1|   0|    1|          0|
    |indvar_flatten178_fu_168                    |    7|   0|    7|          0|
    |indvar_flatten22_reg_251                    |  160|   0|  160|          0|
    |indvar_flatten50_reg_230                    |  224|   0|  224|          0|
    |indvar_flatten87_fu_156                     |    6|   0|    6|          0|
    |indvar_flatten_reg_271                      |   96|   0|   96|          0|
    |indvars_iv62_fu_140                         |    3|   0|    3|          0|
    |indvars_iv66_fu_148                         |    3|   0|    3|          0|
    |indvars_iv71_fu_160                         |    3|   0|    3|          0|
    |mul_ln8_1_reg_1938                          |  160|   0|  160|          0|
    |mul_ln8_2_reg_1972                          |  224|   0|  224|          0|
    |mul_ln8_reg_1921                            |   96|   0|   96|          0|
    |n_points_load_1_reg_2136                    |   32|   0|   32|          0|
    |n_points_load_reg_1899                      |   32|   0|   32|          0|
    |or_ln16_reg_1840                            |    1|   0|    1|          0|
    |p_idx_reg_291                               |   10|   0|   10|          0|
    |p_x_reg_2141                                |   64|   0|   64|          0|
    |p_y_reg_2146                                |   64|   0|   64|          0|
    |p_z_reg_2151                                |   64|   0|   64|          0|
    |select_ln14_2_reg_1820                      |    3|   0|    3|          0|
    |select_ln14_3_reg_1825                      |    2|   0|    2|          0|
    |select_ln14_4_reg_1830                      |    4|   0|    4|          0|
    |select_ln14_7_reg_1835                      |    3|   0|    3|          0|
    |select_ln16_1_reg_1887                      |    3|   0|    3|          0|
    |select_ln16_2_reg_1851                      |    3|   0|    3|          0|
    |select_ln16_3_cast40_reg_1959               |    2|   0|   64|         62|
    |select_ln16_3_reg_1856                      |    2|   0|    2|          0|
    |select_ln16_4_reg_1862                      |    4|   0|    4|          0|
    |select_ln16_5_reg_1867                      |    3|   0|    3|          0|
    |select_ln16_reg_1845                        |    3|   0|    3|          0|
    |select_ln21_reg_2051                        |   64|   0|   64|          0|
    |select_ln23_1_reg_2046                      |  160|   0|  160|          0|
    |select_ln23_reg_2061                        |   64|   0|   64|          0|
    |select_ln25_1_reg_2041                      |   96|   0|   96|          0|
    |select_ln25_reg_2091                        |   64|   0|   64|          0|
    |select_ln8_4_reg_2013                       |    1|   0|    1|          0|
    |select_ln8_5_reg_2019                       |   64|   0|   64|          0|
    |select_ln8_7_reg_2056                       |    6|   0|    6|          0|
    |select_ln8_8_reg_2025                       |    1|   0|    1|          0|
    |select_ln8_reg_2002                         |   64|   0|   64|          0|
    |smax68_reg_1787                             |    2|   0|    2|          0|
    |smax73_reg_1777                             |    2|   0|    2|          0|
    |smax_cast_reg_1965                          |    2|   0|   64|         62|
    |smax_reg_1892                               |    2|   0|    2|          0|
    |sub_ln16_reg_1782                           |    4|   0|    4|          0|
    |sub_ln18_reg_1792                           |    4|   0|    4|          0|
    |sub_ln21_reg_1906                           |    4|   0|    4|          0|
    |sum_x_reg_2156                              |   64|   0|   64|          0|
    |sum_y_reg_2161                              |   64|   0|   64|          0|
    |sum_z_reg_2166                              |   64|   0|   64|          0|
    |trunc_ln29_8_reg_2066                       |   61|   0|   61|          0|
    |trunc_ln29_9_reg_2071                       |    4|   0|    4|          0|
    |trunc_ln32_1_reg_2111                       |   64|   0|   64|          0|
    |trunc_ln32_2_reg_2116                       |   64|   0|   64|          0|
    |trunc_ln32_3_reg_2106                       |   64|   0|   64|          0|
    |trunc_ln32_reg_2101                         |  191|   0|  191|          0|
    +--------------------------------------------+-----+----+-----+-----------+
    |Total                                       | 3037|   0| 3163|        126|
    +--------------------------------------------+-----+----+-----+-----------+



================================================================
== Interface
================================================================
* Summary: 
+-------------------+-----+-----+------------+--------------+--------------+
|     RTL Ports     | Dir | Bits|  Protocol  | Source Object|    C Type    |
+-------------------+-----+-----+------------+--------------+--------------+
|ap_clk             |   in|    1|  ap_ctrl_hs|            md|  return value|
|ap_rst             |   in|    1|  ap_ctrl_hs|            md|  return value|
|ap_start           |   in|    1|  ap_ctrl_hs|            md|  return value|
|ap_done            |  out|    1|  ap_ctrl_hs|            md|  return value|
|ap_idle            |  out|    1|  ap_ctrl_hs|            md|  return value|
|ap_ready           |  out|    1|  ap_ctrl_hs|            md|  return value|
|n_points_address0  |  out|    6|   ap_memory|      n_points|         array|
|n_points_ce0       |  out|    1|   ap_memory|      n_points|         array|
|n_points_q0        |   in|   32|   ap_memory|      n_points|         array|
|force_r_address0   |  out|   10|   ap_memory|       force_r|         array|
|force_r_ce0        |  out|    1|   ap_memory|       force_r|         array|
|force_r_we0        |  out|    1|   ap_memory|       force_r|         array|
|force_r_d0         |  out|  192|   ap_memory|       force_r|         array|
|force_r_q0         |   in|  192|   ap_memory|       force_r|         array|
|position_address0  |  out|   10|   ap_memory|      position|         array|
|position_ce0       |  out|    1|   ap_memory|      position|         array|
|position_q0        |   in|  192|   ap_memory|      position|         array|
+-------------------+-----+-----+------------+--------------+--------------+

