

================================================================
== Vitis HLS Report for 'spmv_Pipeline_spmv_2'
================================================================
* Date:           Wed May  7 15:34:00 2025

* Version:        2022.2.2 (Build 3779808 on Feb 17 2023)
* Project:        hls_prj
* Solution:       solution (Vivado IP Flow Target)
* Product family: virtexuplus
* Target device:  xcu55c-fsvh2892-2L-e


================================================================
== Performance Estimates
================================================================
+ Timing: 
    * Summary: 
    +--------+---------+----------+------------+
    |  Clock |  Target | Estimated| Uncertainty|
    +--------+---------+----------+------------+
    |ap_clk  |  5.00 ns|  3.330 ns|     1.35 ns|
    +--------+---------+----------+------------+

+ Latency: 
    * Summary: 
    +---------+---------+-----------+-----------+-----+------+---------+
    |  Latency (cycles) |   Latency (absolute)  |  Interval  | Pipeline|
    |   min   |   max   |    min    |    max    | min |  max |   Type  |
    +---------+---------+-----------+-----------+-----+------+---------+
    |        2|     6674|  10.000 ns|  33.370 us|    2|  6674|       no|
    +---------+---------+-----------+-----------+-----+------+---------+

    + Detail: 
        * Instance: 
        N/A

        * Loop: 
        +----------+---------+---------+----------+-----------+-----------+----------+----------+
        |          |  Latency (cycles) | Iteration|  Initiation Interval  |   Trip   |          |
        | Loop Name|   min   |   max   |  Latency |  achieved |   target  |   Count  | Pipelined|
        +----------+---------+---------+----------+-----------+-----------+----------+----------+
        |- spmv_2  |        0|     6672|        13|          4|          1|  0 ~ 1666|       yes|
        +----------+---------+---------+----------+-----------+-----------+----------+----------+

============================================================
+ Verbose Summary: Synthesis Manager
============================================================
InlineROM: 1
ExposeGlobal: 0
============================================================
+ Verbose Summary: CDFG Model
============================================================
IsTopModel: 0
ResetActiveHigh: 1
IsCombinational: 0
IsDatapathOnly: 0
HasWiredReturn: 1
HasMFsm: 2
HasVarLatency: 1
IsPipeline: 0
IsRtlPipelined: 0
IsInstanceOverlapped: 0
IsDontTouch: 0
HasImplIP: 0
IsGatedGlobalClock: 0

+ Individual pipeline summary: 
  * Pipeline-0: initiation interval (II) = 4, depth = 14


============================================================
+ Verbose Summary: Schedule
============================================================
* Number of FSM states : 14
* Pipeline : 1
  Pipeline-0 : II = 4, D = 14, States = { 1 2 3 4 5 6 7 8 9 10 11 12 13 14 }
* Dataflow Pipeline: 0

* FSM state transitions: 
1 --> 2 
2 --> 3 
3 --> 4 
4 --> 5 
5 --> 6 
6 --> 7 
7 --> 8 
8 --> 9 
9 --> 10 
10 --> 11 
11 --> 12 
12 --> 13 
13 --> 14 
14 --> 

* FSM state operations: 

State 1 <SV = 0> <Delay = 0.38>
ST_1 : Operation 16 [1/1] (0.00ns)   --->   "%sum = alloca i32 1"   --->   Operation 16 'alloca' 'sum' <Predicate = true> <Delay = 0.00>
ST_1 : Operation 17 [1/1] (0.00ns)   --->   "%j = alloca i32 1"   --->   Operation 17 'alloca' 'j' <Predicate = true> <Delay = 0.00>
ST_1 : Operation 18 [1/1] (0.00ns)   --->   "%sext_ln17_1_read = read i32 @_ssdm_op_Read.ap_auto.i32, i32 %sext_ln17_1"   --->   Operation 18 'read' 'sext_ln17_1_read' <Predicate = true> <Delay = 0.00>
ST_1 : Operation 19 [1/1] (0.00ns)   --->   "%sext_ln17_read = read i32 @_ssdm_op_Read.ap_auto.i32, i32 %sext_ln17"   --->   Operation 19 'read' 'sext_ln17_read' <Predicate = true> <Delay = 0.00>
ST_1 : Operation 20 [1/1] (0.00ns)   --->   "%sext_ln17_1_cast = sext i32 %sext_ln17_1_read"   --->   Operation 20 'sext' 'sext_ln17_1_cast' <Predicate = true> <Delay = 0.00>
ST_1 : Operation 21 [1/1] (0.00ns)   --->   "%sext_ln17_cast = sext i32 %sext_ln17_read"   --->   Operation 21 'sext' 'sext_ln17_cast' <Predicate = true> <Delay = 0.00>
ST_1 : Operation 22 [1/1] (0.00ns)   --->   "%specinterface_ln0 = specinterface void @_ssdm_op_SpecInterface, i64 %vec, void @empty, i32 0, i32 0, void @empty_0, i32 4294967295, i32 0, void @empty_0, void @empty_0, void @empty_0, i32 0, i32 0, i32 0, i32 0, void @empty_0, void @empty_0, i32 4294967295, i32 0"   --->   Operation 22 'specinterface' 'specinterface_ln0' <Predicate = true> <Delay = 0.00>
ST_1 : Operation 23 [1/1] (0.00ns)   --->   "%specinterface_ln0 = specinterface void @_ssdm_op_SpecInterface, i32 %cols, void @empty, i32 0, i32 0, void @empty_0, i32 4294967295, i32 0, void @empty_0, void @empty_0, void @empty_0, i32 0, i32 0, i32 0, i32 0, void @empty_0, void @empty_0, i32 4294967295, i32 0"   --->   Operation 23 'specinterface' 'specinterface_ln0' <Predicate = true> <Delay = 0.00>
ST_1 : Operation 24 [1/1] (0.00ns)   --->   "%specinterface_ln0 = specinterface void @_ssdm_op_SpecInterface, i64 %val_r, void @empty, i32 0, i32 0, void @empty_0, i32 4294967295, i32 0, void @empty_0, void @empty_0, void @empty_0, i32 0, i32 0, i32 0, i32 0, void @empty_0, void @empty_0, i32 4294967295, i32 0"   --->   Operation 24 'specinterface' 'specinterface_ln0' <Predicate = true> <Delay = 0.00>
ST_1 : Operation 25 [1/1] (0.38ns)   --->   "%store_ln0 = store i64 %sext_ln17_cast, i64 %j"   --->   Operation 25 'store' 'store_ln0' <Predicate = true> <Delay = 0.38>
ST_1 : Operation 26 [1/1] (0.38ns)   --->   "%store_ln0 = store i64 0, i64 %sum"   --->   Operation 26 'store' 'store_ln0' <Predicate = true> <Delay = 0.38>
ST_1 : Operation 27 [1/1] (0.00ns)   --->   "%br_ln0 = br void %for.inc"   --->   Operation 27 'br' 'br_ln0' <Predicate = true> <Delay = 0.00>

State 2 <SV = 1> <Delay = 1.64>
ST_2 : Operation 28 [1/1] (0.00ns)   --->   "%j_1 = load i64 %j" [spmv.c:19]   --->   Operation 28 'load' 'j_1' <Predicate = true> <Delay = 0.00>
ST_2 : Operation 29 [1/1] (0.00ns)   --->   "%specpipeline_ln0 = specpipeline void @_ssdm_op_SpecPipeline, i32 4294967295, i32 0, i32 1, i32 0, void @p_str"   --->   Operation 29 'specpipeline' 'specpipeline_ln0' <Predicate = true> <Delay = 0.00>
ST_2 : Operation 30 [1/1] (1.06ns)   --->   "%icmp_ln17 = icmp_slt  i64 %j_1, i64 %sext_ln17_1_cast" [spmv.c:17]   --->   Operation 30 'icmp' 'icmp_ln17' <Predicate = true> <Delay = 1.06> <CoreInst = "Cmp">   --->   Core 9 'Cmp' <Latency = 0> <II = 1> <Delay = 1.06> <FuncUnit> <Opcode : 'icmp'> <InPorts = 2> <OutPorts = 1>
ST_2 : Operation 31 [1/1] (0.00ns)   --->   "%br_ln17 = br i1 %icmp_ln17, void %for.inc15.loopexit.exitStub, void %for.inc.split" [spmv.c:17]   --->   Operation 31 'br' 'br_ln17' <Predicate = true> <Delay = 0.00>
ST_2 : Operation 32 [1/1] (0.00ns)   --->   "%trunc_ln19 = trunc i64 %j_1" [spmv.c:19]   --->   Operation 32 'trunc' 'trunc_ln19' <Predicate = (icmp_ln17)> <Delay = 0.00>
ST_2 : Operation 33 [1/1] (0.00ns)   --->   "%zext_ln19 = zext i11 %trunc_ln19" [spmv.c:19]   --->   Operation 33 'zext' 'zext_ln19' <Predicate = (icmp_ln17)> <Delay = 0.00>
ST_2 : Operation 34 [1/1] (0.00ns)   --->   "%val_r_addr = getelementptr i64 %val_r, i64 0, i64 %zext_ln19" [spmv.c:19]   --->   Operation 34 'getelementptr' 'val_r_addr' <Predicate = (icmp_ln17)> <Delay = 0.00>
ST_2 : Operation 35 [2/2] (1.64ns)   --->   "%val_r_load = load i11 %val_r_addr" [spmv.c:19]   --->   Operation 35 'load' 'val_r_load' <Predicate = (icmp_ln17)> <Delay = 1.64> <CoreInst = "RAM">   --->   Core 83 'RAM' <Latency = 1> <II = 1> <Delay = 1.64> <Storage> <Opcode : 'load' 'store'> <Ports = 2> <Width = 64> <Depth = 1666> <RAM>
ST_2 : Operation 36 [1/1] (0.00ns)   --->   "%cols_addr = getelementptr i32 %cols, i64 0, i64 %zext_ln19" [spmv.c:19]   --->   Operation 36 'getelementptr' 'cols_addr' <Predicate = (icmp_ln17)> <Delay = 0.00>
ST_2 : Operation 37 [2/2] (1.20ns)   --->   "%cols_load = load i11 %cols_addr" [spmv.c:19]   --->   Operation 37 'load' 'cols_load' <Predicate = (icmp_ln17)> <Delay = 1.20> <CoreInst = "RAM">   --->   Core 83 'RAM' <Latency = 1> <II = 1> <Delay = 1.20> <Storage> <Opcode : 'load' 'store'> <Ports = 2> <Width = 32> <Depth = 1666> <RAM>
ST_2 : Operation 38 [1/1] (1.14ns)   --->   "%add_ln17 = add i64 %j_1, i64 1" [spmv.c:17]   --->   Operation 38 'add' 'add_ln17' <Predicate = (icmp_ln17)> <Delay = 1.14> <CoreInst = "Adder">   --->   Core 1 'Adder' <Latency = 0> <II = 1> <Delay = 1.14> <FuncUnit> <Opcode : 'add' 'sub'> <InPorts = 2> <OutPorts = 1>
ST_2 : Operation 39 [1/1] (0.38ns)   --->   "%store_ln17 = store i64 %add_ln17, i64 %j" [spmv.c:17]   --->   Operation 39 'store' 'store_ln17' <Predicate = (icmp_ln17)> <Delay = 0.38>

State 3 <SV = 2> <Delay = 2.40>
ST_3 : Operation 40 [1/2] (1.64ns)   --->   "%val_r_load = load i11 %val_r_addr" [spmv.c:19]   --->   Operation 40 'load' 'val_r_load' <Predicate = (icmp_ln17)> <Delay = 1.64> <CoreInst = "RAM">   --->   Core 83 'RAM' <Latency = 1> <II = 1> <Delay = 1.64> <Storage> <Opcode : 'load' 'store'> <Ports = 2> <Width = 64> <Depth = 1666> <RAM>
ST_3 : Operation 41 [1/2] (1.20ns)   --->   "%cols_load = load i11 %cols_addr" [spmv.c:19]   --->   Operation 41 'load' 'cols_load' <Predicate = (icmp_ln17)> <Delay = 1.20> <CoreInst = "RAM">   --->   Core 83 'RAM' <Latency = 1> <II = 1> <Delay = 1.20> <Storage> <Opcode : 'load' 'store'> <Ports = 2> <Width = 32> <Depth = 1666> <RAM>
ST_3 : Operation 42 [1/1] (0.00ns)   --->   "%zext_ln19_1 = zext i32 %cols_load" [spmv.c:19]   --->   Operation 42 'zext' 'zext_ln19_1' <Predicate = (icmp_ln17)> <Delay = 0.00>
ST_3 : Operation 43 [1/1] (0.00ns)   --->   "%vec_addr = getelementptr i64 %vec, i64 0, i64 %zext_ln19_1" [spmv.c:19]   --->   Operation 43 'getelementptr' 'vec_addr' <Predicate = (icmp_ln17)> <Delay = 0.00>
ST_3 : Operation 44 [2/2] (1.20ns)   --->   "%vec_load = load i9 %vec_addr" [spmv.c:19]   --->   Operation 44 'load' 'vec_load' <Predicate = (icmp_ln17)> <Delay = 1.20> <CoreInst = "RAM">   --->   Core 83 'RAM' <Latency = 1> <II = 1> <Delay = 1.20> <Storage> <Opcode : 'load' 'store'> <Ports = 2> <Width = 64> <Depth = 494> <RAM>

State 4 <SV = 3> <Delay = 1.20>
ST_4 : Operation 45 [1/2] (1.20ns)   --->   "%vec_load = load i9 %vec_addr" [spmv.c:19]   --->   Operation 45 'load' 'vec_load' <Predicate = (icmp_ln17)> <Delay = 1.20> <CoreInst = "RAM">   --->   Core 83 'RAM' <Latency = 1> <II = 1> <Delay = 1.20> <Storage> <Opcode : 'load' 'store'> <Ports = 2> <Width = 64> <Depth = 494> <RAM>

State 5 <SV = 4> <Delay = 3.33>
ST_5 : Operation 46 [1/1] (0.00ns)   --->   "%bitcast_ln19 = bitcast i64 %val_r_load" [spmv.c:19]   --->   Operation 46 'bitcast' 'bitcast_ln19' <Predicate = (icmp_ln17)> <Delay = 0.00>
ST_5 : Operation 47 [1/1] (0.00ns)   --->   "%bitcast_ln19_1 = bitcast i64 %vec_load" [spmv.c:19]   --->   Operation 47 'bitcast' 'bitcast_ln19_1' <Predicate = (icmp_ln17)> <Delay = 0.00>
ST_5 : Operation 48 [5/5] (3.33ns)   --->   "%Si = dmul i64 %bitcast_ln19, i64 %bitcast_ln19_1" [spmv.c:19]   --->   Operation 48 'dmul' 'Si' <Predicate = (icmp_ln17)> <Delay = 3.33> <CoreInst = "DMul_maxdsp">   --->   Core 49 'DMul_maxdsp' <Latency = 4> <II = 1> <Delay = 3.33> <FuncUnit> <Opcode : 'dmul'> <InPorts = 2> <OutPorts = 1>

State 6 <SV = 5> <Delay = 3.33>
ST_6 : Operation 49 [4/5] (3.33ns)   --->   "%Si = dmul i64 %bitcast_ln19, i64 %bitcast_ln19_1" [spmv.c:19]   --->   Operation 49 'dmul' 'Si' <Predicate = true> <Delay = 3.33> <CoreInst = "DMul_maxdsp">   --->   Core 49 'DMul_maxdsp' <Latency = 4> <II = 1> <Delay = 3.33> <FuncUnit> <Opcode : 'dmul'> <InPorts = 2> <OutPorts = 1>

State 7 <SV = 6> <Delay = 3.33>
ST_7 : Operation 50 [3/5] (3.33ns)   --->   "%Si = dmul i64 %bitcast_ln19, i64 %bitcast_ln19_1" [spmv.c:19]   --->   Operation 50 'dmul' 'Si' <Predicate = true> <Delay = 3.33> <CoreInst = "DMul_maxdsp">   --->   Core 49 'DMul_maxdsp' <Latency = 4> <II = 1> <Delay = 3.33> <FuncUnit> <Opcode : 'dmul'> <InPorts = 2> <OutPorts = 1>

State 8 <SV = 7> <Delay = 3.33>
ST_8 : Operation 51 [2/5] (3.33ns)   --->   "%Si = dmul i64 %bitcast_ln19, i64 %bitcast_ln19_1" [spmv.c:19]   --->   Operation 51 'dmul' 'Si' <Predicate = true> <Delay = 3.33> <CoreInst = "DMul_maxdsp">   --->   Core 49 'DMul_maxdsp' <Latency = 4> <II = 1> <Delay = 3.33> <FuncUnit> <Opcode : 'dmul'> <InPorts = 2> <OutPorts = 1>

State 9 <SV = 8> <Delay = 3.33>
ST_9 : Operation 52 [1/5] (3.33ns)   --->   "%Si = dmul i64 %bitcast_ln19, i64 %bitcast_ln19_1" [spmv.c:19]   --->   Operation 52 'dmul' 'Si' <Predicate = true> <Delay = 3.33> <CoreInst = "DMul_maxdsp">   --->   Core 49 'DMul_maxdsp' <Latency = 4> <II = 1> <Delay = 3.33> <FuncUnit> <Opcode : 'dmul'> <InPorts = 2> <OutPorts = 1>

State 10 <SV = 9> <Delay = 2.89>
ST_10 : Operation 53 [1/1] (0.00ns)   --->   "%sum_load = load i64 %sum" [spmv.c:20]   --->   Operation 53 'load' 'sum_load' <Predicate = true> <Delay = 0.00>
ST_10 : Operation 54 [5/5] (2.89ns)   --->   "%sum_1 = dadd i64 %sum_load, i64 %Si" [spmv.c:20]   --->   Operation 54 'dadd' 'sum_1' <Predicate = true> <Delay = 2.89> <CoreInst = "DAddSub_fulldsp">   --->   Core 37 'DAddSub_fulldsp' <Latency = 4> <II = 1> <Delay = 2.89> <FuncUnit> <Opcode : 'dadd' 'dsub'> <InPorts = 2> <OutPorts = 1>
ST_10 : Operation 63 [1/1] (0.00ns)   --->   "%sum_load_1 = load i64 %sum"   --->   Operation 63 'load' 'sum_load_1' <Predicate = (!icmp_ln17)> <Delay = 0.00>
ST_10 : Operation 64 [1/1] (0.00ns)   --->   "%write_ln0 = write void @_ssdm_op_Write.ap_auto.doubleP0A, i64 %sum_out, i64 %sum_load_1"   --->   Operation 64 'write' 'write_ln0' <Predicate = (!icmp_ln17)> <Delay = 0.00>
ST_10 : Operation 65 [1/1] (0.00ns)   --->   "%ret_ln0 = ret"   --->   Operation 65 'ret' 'ret_ln0' <Predicate = (!icmp_ln17)> <Delay = 0.00>

State 11 <SV = 10> <Delay = 2.89>
ST_11 : Operation 55 [4/5] (2.89ns)   --->   "%sum_1 = dadd i64 %sum_load, i64 %Si" [spmv.c:20]   --->   Operation 55 'dadd' 'sum_1' <Predicate = true> <Delay = 2.89> <CoreInst = "DAddSub_fulldsp">   --->   Core 37 'DAddSub_fulldsp' <Latency = 4> <II = 1> <Delay = 2.89> <FuncUnit> <Opcode : 'dadd' 'dsub'> <InPorts = 2> <OutPorts = 1>

State 12 <SV = 11> <Delay = 2.89>
ST_12 : Operation 56 [3/5] (2.89ns)   --->   "%sum_1 = dadd i64 %sum_load, i64 %Si" [spmv.c:20]   --->   Operation 56 'dadd' 'sum_1' <Predicate = true> <Delay = 2.89> <CoreInst = "DAddSub_fulldsp">   --->   Core 37 'DAddSub_fulldsp' <Latency = 4> <II = 1> <Delay = 2.89> <FuncUnit> <Opcode : 'dadd' 'dsub'> <InPorts = 2> <OutPorts = 1>

State 13 <SV = 12> <Delay = 2.89>
ST_13 : Operation 57 [2/5] (2.89ns)   --->   "%sum_1 = dadd i64 %sum_load, i64 %Si" [spmv.c:20]   --->   Operation 57 'dadd' 'sum_1' <Predicate = true> <Delay = 2.89> <CoreInst = "DAddSub_fulldsp">   --->   Core 37 'DAddSub_fulldsp' <Latency = 4> <II = 1> <Delay = 2.89> <FuncUnit> <Opcode : 'dadd' 'dsub'> <InPorts = 2> <OutPorts = 1>

State 14 <SV = 13> <Delay = 3.28>
ST_14 : Operation 58 [1/1] (0.00ns)   --->   "%speclooptripcount_ln18 = speclooptripcount void @_ssdm_op_SpecLoopTripCount, i64 0, i64 1666, i64 3" [spmv.c:18]   --->   Operation 58 'speclooptripcount' 'speclooptripcount_ln18' <Predicate = true> <Delay = 0.00>
ST_14 : Operation 59 [1/1] (0.00ns)   --->   "%specloopname_ln9 = specloopname void @_ssdm_op_SpecLoopName, void @empty_2" [spmv.c:9]   --->   Operation 59 'specloopname' 'specloopname_ln9' <Predicate = true> <Delay = 0.00>
ST_14 : Operation 60 [1/5] (2.89ns)   --->   "%sum_1 = dadd i64 %sum_load, i64 %Si" [spmv.c:20]   --->   Operation 60 'dadd' 'sum_1' <Predicate = true> <Delay = 2.89> <CoreInst = "DAddSub_fulldsp">   --->   Core 37 'DAddSub_fulldsp' <Latency = 4> <II = 1> <Delay = 2.89> <FuncUnit> <Opcode : 'dadd' 'dsub'> <InPorts = 2> <OutPorts = 1>
ST_14 : Operation 61 [1/1] (0.38ns)   --->   "%store_ln17 = store i64 %sum_1, i64 %sum" [spmv.c:17]   --->   Operation 61 'store' 'store_ln17' <Predicate = true> <Delay = 0.38>
ST_14 : Operation 62 [1/1] (0.00ns)   --->   "%br_ln17 = br void %for.inc" [spmv.c:17]   --->   Operation 62 'br' 'br_ln17' <Predicate = true> <Delay = 0.00>


============================================================
+ Verbose Summary: Timing violations
============================================================
Target clock period: 5ns, clock uncertainty: 1.35ns.

 <State 1>: 0.387ns
The critical path consists of the following:
	'alloca' operation ('j') [8]  (0 ns)
	'store' operation ('store_ln0') of variable 'sext_ln17_cast' on local variable 'j' [16]  (0.387 ns)

 <State 2>: 1.65ns
The critical path consists of the following:
	'load' operation ('j', spmv.c:19) on local variable 'j' [20]  (0 ns)
	'getelementptr' operation ('val_r_addr', spmv.c:19) [30]  (0 ns)
	'load' operation ('val_r_load', spmv.c:19) on array 'val_r' [31]  (1.65 ns)

 <State 3>: 2.4ns
The critical path consists of the following:
	'load' operation ('cols_load', spmv.c:19) on array 'cols' [34]  (1.2 ns)
	'getelementptr' operation ('vec_addr', spmv.c:19) [36]  (0 ns)
	'load' operation ('vec_load', spmv.c:19) on array 'vec' [37]  (1.2 ns)

 <State 4>: 1.2ns
The critical path consists of the following:
	'load' operation ('vec_load', spmv.c:19) on array 'vec' [37]  (1.2 ns)

 <State 5>: 3.33ns
The critical path consists of the following:
	'dmul' operation ('Si', spmv.c:19) [39]  (3.33 ns)

 <State 6>: 3.33ns
The critical path consists of the following:
	'dmul' operation ('Si', spmv.c:19) [39]  (3.33 ns)

 <State 7>: 3.33ns
The critical path consists of the following:
	'dmul' operation ('Si', spmv.c:19) [39]  (3.33 ns)

 <State 8>: 3.33ns
The critical path consists of the following:
	'dmul' operation ('Si', spmv.c:19) [39]  (3.33 ns)

 <State 9>: 3.33ns
The critical path consists of the following:
	'dmul' operation ('Si', spmv.c:19) [39]  (3.33 ns)

 <State 10>: 2.9ns
The critical path consists of the following:
	'load' operation ('sum_load', spmv.c:20) on local variable 'sum' [25]  (0 ns)
	'dadd' operation ('sum', spmv.c:20) [40]  (2.9 ns)

 <State 11>: 2.9ns
The critical path consists of the following:
	'dadd' operation ('sum', spmv.c:20) [40]  (2.9 ns)

 <State 12>: 2.9ns
The critical path consists of the following:
	'dadd' operation ('sum', spmv.c:20) [40]  (2.9 ns)

 <State 13>: 2.9ns
The critical path consists of the following:
	'dadd' operation ('sum', spmv.c:20) [40]  (2.9 ns)

 <State 14>: 3.28ns
The critical path consists of the following:
	'dadd' operation ('sum', spmv.c:20) [40]  (2.9 ns)
	'store' operation ('store_ln17', spmv.c:17) of variable 'sum', spmv.c:20 on local variable 'sum' [43]  (0.387 ns)


============================================================
+ Verbose Summary: Binding
============================================================
N/A
* FSMD analyzer results:
  - Output states:
 - Input state : 
  - Chain level:
	State 1
	State 2
	State 3
	State 4
	State 5
	State 6
	State 7
	State 8
	State 9
	State 10
	State 11
	State 12
	State 13
	State 14


============================================================
+ Verbose Summary: Datapath Resource usage 
============================================================
N/A
