Wed May  7 15:33:47 2025: Running xcd server. This server was built by gradle.
Wed May  7 15:33:47 2025: Server was asked to start on port: '35043'
Wed May  7 15:33:47 2025: Server is using token UUID: 'babb2098-ffc9-4846-a370-d54fe2e88034'
Wed May  7 15:33:47 2025: SESSION_MGR: creating session with session uuid: '6d04a3e9-ade5-4ab9-8d63-1f78fcd2ec76' and name 'default'
Wed May  7 15:33:47 2025: Attempting to start server on port '35043'
Wed May  7 15:33:47 2025: XCD main fifo: created main fifo '/tmp/xcdmainbabb2098-ffc9-4846-a370-d54fe2e88034', fd read = 13
Wed May  7 15:33:47 2025: Running Dispatch Server
Wed May  7 15:33:47 2025: Version 2.2.0
Wed May  7 15:33:56 2025: Dispatch Server: Accepted socket connection from client
Wed May  7 15:33:56 2025: Starting Socket connection
Wed May  7 15:33:56 2025: EXCHANGE_TOKEN received, server token: babb2098-ffc9-4846-a370-d54fe2e88034, passed token: babb2098-ffc9-4846-a370-d54fe2e88034
Wed May  7 15:33:56 2025: SESSION_MGR: creating session with session uuid: 'dabc790c-50eb-4341-9156-02de11effeae' and name 'vitis_hls'
Wed May  7 15:33:56 2025: KERNEL_SVC: creating session with uuid: 'dabc790c-50eb-4341-9156-02de11effeae' and name 'vitis_hls'
Wed May  7 15:33:56 2025: GUIDANCE_SMGR: creating guidance session with uuid: 'dabc790c-50eb-4341-9156-02de11effeae' and name 'vitis_hls'
Wed May  7 15:36:21 2025: STOP_SERVER received, server token: babb2098-ffc9-4846-a370-d54fe2e88034, passed token: babb2098-ffc9-4846-a370-d54fe2e88034
Wed May  7 15:36:21 2025: Socket received request to stop server.
Wed May  7 15:36:21 2025: Dispatch Server: do_await_stop
Wed May  7 15:36:21 2025: Dispatch Server: stopping mainFifo_
Wed May  7 15:36:21 2025: XCD main fifo: Stopping
Wed May  7 15:36:21 2025: XCD main fifo: do_read error code: Operation canceled
Wed May  7 15:36:21 2025: XCD main fifo: bytes_transferred: 0
Wed May  7 15:36:21 2025: SERVER: destructor for server bound to port 35043
Wed May  7 15:36:21 2025: XCD main fifo: Good unlink of /tmp/xcdmainbabb2098-ffc9-4846-a370-d54fe2e88034
Wed May  7 15:36:21 2025: Server exiting with status 0.
Wed May  7 15:36:21 2025: Closing log file.
