

================================================================
== Vitis HLS Report for 'bbgemm'
================================================================
* Date:           Fri Apr  4 02:23:35 2025

* Version:        2022.2.2 (Build 3779808 on Feb 17 2023)
* Project:        hls_prj
* Solution:       solution (Vivado IP Flow Target)
* Product family: virtexuplus
* Target device:  xcu55c-fsvh2892-2L-e


================================================================
== Performance Estimates
================================================================
+ Timing: 
    * Summary: 
    +--------+---------+----------+------------+
    |  Clock |  Target | Estimated| Uncertainty|
    +--------+---------+----------+------------+
    |ap_clk  |  5.00 ns|  3.619 ns|     1.35 ns|
    +--------+---------+----------+------------+

+ Latency: 
    * Summary: 
    +---------+---------+----------+----------+--------+--------+---------+
    |  Latency (cycles) |  Latency (absolute) |     Interval    | Pipeline|
    |   min   |   max   |    min   |    max   |   min  |   max  |   Type  |
    +---------+---------+----------+----------+--------+--------+---------+
    |   262158|   262158|  1.311 ms|  1.311 ms|  262159|  262159|       no|
    +---------+---------+----------+----------+--------+--------+---------+

    + Detail: 
        * Instance: 
        N/A

        * Loop: 
        +----------------------+---------+---------+----------+-----------+-----------+-------+----------+
        |                      |  Latency (cycles) | Iteration|  Initiation Interval  |  Trip |          |
        |       Loop Name      |   min   |   max   |  Latency |  achieved |   target  | Count | Pipelined|
        +----------------------+---------+---------+----------+-----------+-----------+-------+----------+
        |- loopjj_loopi_loopk  |   262156|   262156|        21|          8|          1|  32768|       yes|
        +----------------------+---------+---------+----------+-----------+-----------+-------+----------+



================================================================
== Utilization Estimates
================================================================
* Summary: 
+---------------------+---------+------+---------+---------+-----+
|         Name        | BRAM_18K|  DSP |    FF   |   LUT   | URAM|
+---------------------+---------+------+---------+---------+-----+
|DSP                  |        -|     -|        -|        -|    -|
|Expression           |        -|     -|        0|      463|    -|
|FIFO                 |        -|     -|        -|        -|    -|
|Instance             |        -|    11|      769|      807|    -|
|Memory               |        -|     -|        -|        -|    -|
|Multiplexer          |        -|     -|        -|      580|    -|
|Register             |        -|     -|     1419|        -|    -|
+---------------------+---------+------+---------+---------+-----+
|Total                |        0|    11|     2188|     1850|    0|
+---------------------+---------+------+---------+---------+-----+
|Available SLR        |     1344|  3008|   869120|   434560|  320|
+---------------------+---------+------+---------+---------+-----+
|Utilization SLR (%)  |        0|    ~0|       ~0|       ~0|    0|
+---------------------+---------+------+---------+---------+-----+
|Available            |     4032|  9024|  2607360|  1303680|  960|
+---------------------+---------+------+---------+---------+-----+
|Utilization (%)      |        0|    ~0|       ~0|       ~0|    0|
+---------------------+---------+------+---------+---------+-----+

+ Detail: 
    * Instance: 
    +-----------------------------------+--------------------------------+---------+----+-----+-----+-----+
    |              Instance             |             Module             | BRAM_18K| DSP|  FF | LUT | URAM|
    +-----------------------------------+--------------------------------+---------+----+-----+-----+-----+
    |dadd_64ns_64ns_64_5_full_dsp_1_U1  |dadd_64ns_64ns_64_5_full_dsp_1  |        0|   3|  457|  698|    0|
    |dmul_64ns_64ns_64_5_max_dsp_1_U2   |dmul_64ns_64ns_64_5_max_dsp_1   |        0|   8|  312|  109|    0|
    +-----------------------------------+--------------------------------+---------+----+-----+-----+-----+
    |Total                              |                                |        0|  11|  769|  807|    0|
    +-----------------------------------+--------------------------------+---------+----+-----+-----+-----+

    * DSP: 
    N/A

    * Memory: 
    N/A

    * FIFO: 
    N/A

    * Expression: 
    +-------------------------+----------+----+---+----+------------+------------+
    |      Variable Name      | Operation| DSP| FF| LUT| Bitwidth P0| Bitwidth P1|
    +-------------------------+----------+----+---+----+------------+------------+
    |add_ln15_1_fu_401_p2     |         +|   0|  0|  14|           7|           4|
    |add_ln15_fu_369_p2       |         +|   0|  0|  23|          16|           1|
    |add_ln16_1_fu_801_p2     |         +|   0|  0|  21|          14|           1|
    |add_ln16_fu_449_p2       |         +|   0|  0|  14|           7|           4|
    |add_ln17_1_fu_692_p2     |         +|   0|  0|  18|          11|           1|
    |add_ln17_fu_624_p2       |         +|   0|  0|  14|           7|           1|
    |add_ln18_fu_541_p2       |         +|   0|  0|  12|           4|           1|
    |and_ln11_1_fu_443_p2     |       and|   0|  0|   2|           1|           1|
    |and_ln11_2_fu_467_p2     |       and|   0|  0|   2|           1|           1|
    |and_ln11_fu_431_p2       |       and|   0|  0|   2|           1|           1|
    |ap_condition_257         |       and|   0|  0|   2|           1|           1|
    |ap_condition_311         |       and|   0|  0|   2|           1|           1|
    |ap_condition_430         |       and|   0|  0|   2|           1|           1|
    |ap_condition_969         |       and|   0|  0|   2|           1|           1|
    |icmp_ln15_fu_363_p2      |      icmp|   0|  0|  13|          16|          17|
    |icmp_ln16_fu_387_p2      |      icmp|   0|  0|  12|          14|          13|
    |icmp_ln17_fu_437_p2      |      icmp|   0|  0|  11|          11|          10|
    |icmp_ln18_fu_425_p2      |      icmp|   0|  0|   9|           4|           5|
    |or_ln11_10_fu_487_p2     |        or|   0|  0|   2|           1|           1|
    |or_ln11_1_fu_461_p2      |        or|   0|  0|   2|           1|           1|
    |or_ln11_2_fu_481_p2      |        or|   0|  0|   2|           1|           1|
    |or_ln11_3_fu_786_p2      |        or|   0|  0|  12|          12|           1|
    |or_ln11_4_fu_823_p2      |        or|   0|  0|  12|          12|           2|
    |or_ln11_5_fu_842_p2      |        or|   0|  0|  12|          12|           2|
    |or_ln11_6_fu_862_p2      |        or|   0|  0|  12|          12|           3|
    |or_ln11_7_fu_881_p2      |        or|   0|  0|  12|          12|           3|
    |or_ln11_8_fu_896_p2      |        or|   0|  0|  12|          12|           3|
    |or_ln11_9_fu_911_p2      |        or|   0|  0|  12|          12|           3|
    |or_ln11_fu_594_p2        |        or|   0|  0|   2|           1|           1|
    |or_ln23_1_fu_672_p2      |        or|   0|  0|  12|           2|          12|
    |or_ln23_2_fu_682_p2      |        or|   0|  0|  12|           2|          12|
    |or_ln23_3_fu_715_p2      |        or|   0|  0|  12|           3|          12|
    |or_ln23_4_fu_725_p2      |        or|   0|  0|  12|           3|          12|
    |or_ln23_5_fu_744_p2      |        or|   0|  0|  12|           3|          12|
    |or_ln23_6_fu_754_p2      |        or|   0|  0|  12|           3|          12|
    |or_ln23_fu_530_p2        |        or|   0|  0|  12|           1|          12|
    |select_ln11_1_fu_411_p3  |    select|   0|  0|   6|           1|           6|
    |select_ln11_2_fu_587_p3  |    select|   0|  0|  12|           1|          12|
    |select_ln11_3_fu_598_p3  |    select|   0|  0|   7|           1|           1|
    |select_ln11_4_fu_617_p3  |    select|   0|  0|  12|           1|          12|
    |select_ln11_5_fu_493_p3  |    select|   0|  0|   4|           1|           1|
    |select_ln11_6_fu_641_p3  |    select|   0|  0|  12|           1|          12|
    |select_ln11_fu_393_p3    |    select|   0|  0|   7|           1|           1|
    |select_ln15_fu_781_p3    |    select|   0|  0|   7|           1|           7|
    |select_ln16_1_fu_806_p3  |    select|   0|  0|  14|           1|           1|
    |select_ln16_fu_473_p3    |    select|   0|  0|   7|           1|           7|
    |select_ln17_1_fu_697_p3  |    select|   0|  0|  11|           1|           1|
    |select_ln17_fu_648_p3    |    select|   0|  0|   7|           1|           7|
    |ap_enable_pp0            |       xor|   0|  0|   2|           1|           2|
    |xor_ln11_1_fu_455_p2     |       xor|   0|  0|   2|           1|           2|
    |xor_ln11_fu_419_p2       |       xor|   0|  0|   2|           1|           2|
    +-------------------------+----------+----+---+----+------------+------------+
    |Total                    |          |   0|  0| 463|         238|         244|
    +-------------------------+----------+----+---+----+------------+------------+

    * Multiplexer: 
    +-----------------------------------------+----+-----------+-----+-----------+
    |                   Name                  | LUT| Input Size| Bits| Total Bits|
    +-----------------------------------------+----+-----------+-----+-----------+
    |ap_NS_fsm                                |  49|          9|    1|          9|
    |ap_done_int                              |   9|          2|    1|          2|
    |ap_enable_reg_pp0_iter0                  |   9|          2|    1|          2|
    |ap_enable_reg_pp0_iter1                  |   9|          2|    1|          2|
    |ap_enable_reg_pp0_iter2                  |   9|          2|    1|          2|
    |ap_loop_exit_ready_pp0_iter1_reg         |   9|          2|    1|          2|
    |ap_sig_allocacmp_indvar_flatten115_load  |   9|          2|   16|         32|
    |ap_sig_allocacmp_indvar_flatten61_load   |   9|          2|   14|         28|
    |ap_sig_allocacmp_indvar_flatten_load     |   9|          2|   11|         22|
    |ap_sig_allocacmp_jj_1                    |   9|          2|    7|         14|
    |ap_sig_allocacmp_k_load                  |   9|          2|    4|          8|
    |ap_sig_allocacmp_kk_load                 |   9|          2|    7|         14|
    |grp_fu_293_p0                            |  49|          9|   64|        576|
    |grp_fu_293_p1                            |  49|          9|   64|        576|
    |grp_fu_297_p0                            |  14|          3|   64|        192|
    |grp_fu_297_p1                            |  49|          9|   64|        576|
    |i_fu_110                                 |   9|          2|    7|         14|
    |indvar_flatten115_fu_130                 |   9|          2|   16|         32|
    |indvar_flatten61_fu_122                  |   9|          2|   14|         28|
    |indvar_flatten_fu_114                    |   9|          2|   11|         22|
    |jj_fu_126                                |   9|          2|    7|         14|
    |k_fu_106                                 |   9|          2|    4|          8|
    |kk_fu_118                                |   9|          2|    7|         14|
    |m2_address0                              |  26|          5|   12|         60|
    |m2_address1                              |  26|          5|   12|         60|
    |prod_address0                            |  49|          9|   12|        108|
    |prod_address1                            |  49|          9|   12|        108|
    |prod_d0                                  |  49|          9|   64|        576|
    |reg_305                                  |   9|          2|   64|        128|
    +-----------------------------------------+----+-----------+-----+-----------+
    |Total                                    | 580|        114|  563|       3229|
    +-----------------------------------------+----+-----------+-----+-----------+

    * Register: 
    +--------------------------------------+----+----+-----+-----------+
    |                 Name                 | FF | LUT| Bits| Const Bits|
    +--------------------------------------+----+----+-----+-----------+
    |add_ln15_1_reg_1057                   |   7|   0|    7|          0|
    |add_ln23_1_reg_1095                   |  12|   0|   12|          0|
    |and_ln11_1_reg_1073                   |   1|   0|    1|          0|
    |and_ln11_2_reg_1079                   |   1|   0|    1|          0|
    |ap_CS_fsm                             |   8|   0|    8|          0|
    |ap_done_reg                           |   1|   0|    1|          0|
    |ap_enable_reg_pp0_iter0_reg           |   1|   0|    1|          0|
    |ap_enable_reg_pp0_iter1               |   1|   0|    1|          0|
    |ap_enable_reg_pp0_iter2               |   1|   0|    1|          0|
    |ap_loop_exit_ready_pp0_iter1_reg      |   1|   0|    1|          0|
    |i_fu_110                              |   7|   0|    7|          0|
    |icmp_ln15_reg_1035                    |   1|   0|    1|          0|
    |icmp_ln15_reg_1035_pp0_iter1_reg      |   1|   0|    1|          0|
    |icmp_ln16_reg_1049                    |   1|   0|    1|          0|
    |indvar_flatten115_fu_130              |  16|   0|   16|          0|
    |indvar_flatten61_fu_122               |  14|   0|   14|          0|
    |indvar_flatten61_load_reg_1044        |  14|   0|   14|          0|
    |indvar_flatten_fu_114                 |  11|   0|   11|          0|
    |indvar_flatten_load_reg_1039          |  11|   0|   11|          0|
    |jj_1_reg_1025                         |   7|   0|    7|          0|
    |jj_fu_126                             |   7|   0|    7|          0|
    |k_fu_106                              |   4|   0|    4|          0|
    |kk_fu_118                             |   7|   0|    7|          0|
    |m1_load_reg_1142                      |  64|   0|   64|          0|
    |m2_load_2_reg_1147                    |  64|   0|   64|          0|
    |m2_load_3_reg_1152                    |  64|   0|   64|          0|
    |m2_load_5_reg_1177                    |  64|   0|   64|          0|
    |m2_load_7_reg_1197                    |  64|   0|   64|          0|
    |mul_1_reg_1239                        |  64|   0|   64|          0|
    |mul_2_reg_1260                        |  64|   0|   64|          0|
    |mul_3_reg_1281                        |  64|   0|   64|          0|
    |mul_4_reg_1302                        |  64|   0|   64|          0|
    |mul_5_reg_1318                        |  64|   0|   64|          0|
    |mul_6_reg_1334                        |  64|   0|   64|          0|
    |mul_7_reg_1350                        |  64|   0|   64|          0|
    |mul_reg_1218                          |  64|   0|   64|          0|
    |prod_addr_1_reg_1223                  |  11|   0|   12|          1|
    |prod_addr_2_reg_1244                  |  11|   0|   12|          1|
    |prod_addr_3_reg_1265                  |  10|   0|   12|          2|
    |prod_addr_4_reg_1286                  |  11|   0|   12|          1|
    |prod_addr_5_reg_1307                  |  10|   0|   12|          2|
    |prod_addr_6_reg_1323                  |  10|   0|   12|          2|
    |prod_addr_7_reg_1339                  |   9|   0|   12|          3|
    |prod_addr_reg_1207                    |  12|   0|   12|          0|
    |reg_301                               |  64|   0|   64|          0|
    |reg_305                               |  64|   0|   64|          0|
    |reg_310                               |  64|   0|   64|          0|
    |reg_314                               |  64|   0|   64|          0|
    |select_ln11_1_reg_1067                |   6|   0|    6|          0|
    |select_ln11_6_reg_1115                |  12|   0|   12|          0|
    |select_ln11_6_reg_1115_pp0_iter1_reg  |  12|   0|   12|          0|
    |temp_x_reg_1167                       |  64|   0|   64|          0|
    |tmp_reg_1090                          |   3|   0|    3|          0|
    |trunc_ln20_reg_1085                   |   3|   0|    3|          0|
    |trunc_ln23_1_reg_1062                 |   6|   0|    6|          0|
    |trunc_ln23_reg_1030                   |   6|   0|    6|          0|
    +--------------------------------------+----+----+-----+-----------+
    |Total                                 |1419|   0| 1431|         12|
    +--------------------------------------+----+----+-----+-----------+



================================================================
== Interface
================================================================
* Summary: 
+---------------+-----+-----+------------+--------------+--------------+
|   RTL Ports   | Dir | Bits|  Protocol  | Source Object|    C Type    |
+---------------+-----+-----+------------+--------------+--------------+
|ap_clk         |   in|    1|  ap_ctrl_hs|        bbgemm|  return value|
|ap_rst         |   in|    1|  ap_ctrl_hs|        bbgemm|  return value|
|ap_start       |   in|    1|  ap_ctrl_hs|        bbgemm|  return value|
|ap_done        |  out|    1|  ap_ctrl_hs|        bbgemm|  return value|
|ap_idle        |  out|    1|  ap_ctrl_hs|        bbgemm|  return value|
|ap_ready       |  out|    1|  ap_ctrl_hs|        bbgemm|  return value|
|m1_address0    |  out|   12|   ap_memory|            m1|         array|
|m1_ce0         |  out|    1|   ap_memory|            m1|         array|
|m1_q0          |   in|   64|   ap_memory|            m1|         array|
|m2_address0    |  out|   12|   ap_memory|            m2|         array|
|m2_ce0         |  out|    1|   ap_memory|            m2|         array|
|m2_q0          |   in|   64|   ap_memory|            m2|         array|
|m2_address1    |  out|   12|   ap_memory|            m2|         array|
|m2_ce1         |  out|    1|   ap_memory|            m2|         array|
|m2_q1          |   in|   64|   ap_memory|            m2|         array|
|prod_address0  |  out|   12|   ap_memory|          prod|         array|
|prod_ce0       |  out|    1|   ap_memory|          prod|         array|
|prod_we0       |  out|    1|   ap_memory|          prod|         array|
|prod_d0        |  out|   64|   ap_memory|          prod|         array|
|prod_address1  |  out|   12|   ap_memory|          prod|         array|
|prod_ce1       |  out|    1|   ap_memory|          prod|         array|
|prod_q1        |   in|   64|   ap_memory|          prod|         array|
+---------------+-----+-----+------------+--------------+--------------+

