

================================================================
== Vitis HLS Report for 'aes256_encrypt_ecb_Pipeline_ecb1'
================================================================
* Date:           Thu Apr  3 13:14:01 2025

* Version:        2022.2.2 (Build 3779808 on Feb 17 2023)
* Project:        hls_prj
* Solution:       solution (Vivado IP Flow Target)
* Product family: virtexuplus
* Target device:  xcu55c-fsvh2892-2L-e


================================================================
== Performance Estimates
================================================================
+ Timing: 
    * Summary: 
    +--------+---------+----------+------------+
    |  Clock |  Target | Estimated| Uncertainty|
    +--------+---------+----------+------------+
    |ap_clk  |  5.00 ns|  2.518 ns|     1.35 ns|
    +--------+---------+----------+------------+

+ Latency: 
    * Summary: 
    +---------+---------+----------+----------+-----+-----+---------+
    |  Latency (cycles) |  Latency (absolute) |  Interval | Pipeline|
    |   min   |   max   |    min   |    max   | min | max |   Type  |
    +---------+---------+----------+----------+-----+-----+---------+
    |       34|       34|  0.170 us|  0.170 us|   34|   34|       no|
    +---------+---------+----------+----------+-----+-----+---------+

    + Detail: 
        * Instance: 
        N/A

        * Loop: 
        +----------+---------+---------+----------+-----------+-----------+------+----------+
        |          |  Latency (cycles) | Iteration|  Initiation Interval  | Trip |          |
        | Loop Name|   min   |   max   |  Latency |  achieved |   target  | Count| Pipelined|
        +----------+---------+---------+----------+-----------+-----------+------+----------+
        |- ecb1    |       32|       32|         2|          1|          1|    32|       yes|
        +----------+---------+---------+----------+-----------+-----------+------+----------+

============================================================
+ Verbose Summary: Synthesis Manager
============================================================
InlineROM: 1
ExposeGlobal: 0
============================================================
+ Verbose Summary: CDFG Model
============================================================
IsTopModel: 0
ResetActiveHigh: 1
IsCombinational: 0
IsDatapathOnly: 0
HasWiredReturn: 1
HasMFsm: 2
HasVarLatency: 1
IsPipeline: 0
IsRtlPipelined: 0
IsInstanceOverlapped: 0
IsDontTouch: 0
HasImplIP: 0
IsGatedGlobalClock: 0

+ Individual pipeline summary: 
  * Pipeline-0: initiation interval (II) = 1, depth = 2


============================================================
+ Verbose Summary: Schedule
============================================================
* Number of FSM states : 2
* Pipeline : 1
  Pipeline-0 : II = 1, D = 2, States = { 1 2 }
* Dataflow Pipeline: 0

* FSM state transitions: 
1 --> 2 
2 --> 

* FSM state operations: 

State 1 <SV = 0> <Delay = 1.09>
ST_1 : Operation 5 [1/1] (0.00ns)   --->   "%i = alloca i32 1"   --->   Operation 5 'alloca' 'i' <Predicate = true> <Delay = 0.00>
ST_1 : Operation 6 [1/1] (0.00ns)   --->   "%p_partset613 = alloca i32 1"   --->   Operation 6 'alloca' 'p_partset613' <Predicate = true> <Delay = 0.00>
ST_1 : Operation 7 [1/1] (0.00ns)   --->   "%specinterface_ln0 = specinterface void @_ssdm_op_SpecInterface, i8 %k, void @empty_1, i32 0, i32 0, void @empty_0, i32 4294967295, i32 0, void @empty_0, void @empty_0, void @empty_0, i32 0, i32 0, i32 0, i32 0, void @empty_0, void @empty_0, i32 4294967295, i32 0"   --->   Operation 7 'specinterface' 'specinterface_ln0' <Predicate = true> <Delay = 0.00>
ST_1 : Operation 8 [1/1] (0.00ns)   --->   "%ctx_load_read = read i768 @_ssdm_op_Read.ap_auto.i768, i768 %ctx_load"   --->   Operation 8 'read' 'ctx_load_read' <Predicate = true> <Delay = 0.00>
ST_1 : Operation 9 [1/1] (0.38ns)   --->   "%store_ln0 = store i768 %ctx_load_read, i768 %p_partset613"   --->   Operation 9 'store' 'store_ln0' <Predicate = true> <Delay = 0.38>
ST_1 : Operation 10 [1/1] (0.38ns)   --->   "%store_ln0 = store i6 0, i6 %i"   --->   Operation 10 'store' 'store_ln0' <Predicate = true> <Delay = 0.38>
ST_1 : Operation 11 [1/1] (0.00ns)   --->   "%br_ln0 = br void %for.inc"   --->   Operation 11 'br' 'br_ln0' <Predicate = true> <Delay = 0.00>
ST_1 : Operation 12 [1/1] (0.00ns)   --->   "%i_6 = load i6 %i" [aes_table.c:135]   --->   Operation 12 'load' 'i_6' <Predicate = true> <Delay = 0.00>
ST_1 : Operation 13 [1/1] (0.00ns)   --->   "%specpipeline_ln0 = specpipeline void @_ssdm_op_SpecPipeline, i32 4294967295, i32 0, i32 1, i32 0, void @p_str"   --->   Operation 13 'specpipeline' 'specpipeline_ln0' <Predicate = true> <Delay = 0.00>
ST_1 : Operation 14 [1/1] (0.61ns)   --->   "%icmp_ln134 = icmp_eq  i6 %i_6, i6 32" [aes_table.c:134]   --->   Operation 14 'icmp' 'icmp_ln134' <Predicate = true> <Delay = 0.61> <CoreInst = "Cmp">   --->   Core 9 'Cmp' <Latency = 0> <II = 1> <Delay = 0.61> <FuncUnit> <Opcode : 'icmp'> <InPorts = 2> <OutPorts = 1>
ST_1 : Operation 15 [1/1] (0.00ns)   --->   "%empty = speclooptripcount i32 @_ssdm_op_SpecLoopTripCount, i64 32, i64 32, i64 32"   --->   Operation 15 'speclooptripcount' 'empty' <Predicate = true> <Delay = 0.00>
ST_1 : Operation 16 [1/1] (0.70ns)   --->   "%add_ln134 = add i6 %i_6, i6 1" [aes_table.c:134]   --->   Operation 16 'add' 'add_ln134' <Predicate = true> <Delay = 0.70> <CoreInst = "Adder">   --->   Core 1 'Adder' <Latency = 0> <II = 1> <Delay = 0.70> <FuncUnit> <Opcode : 'add' 'sub'> <InPorts = 2> <OutPorts = 1>
ST_1 : Operation 17 [1/1] (0.00ns)   --->   "%br_ln134 = br i1 %icmp_ln134, void %for.inc.split, void %for.cond5.preheader.exitStub" [aes_table.c:134]   --->   Operation 17 'br' 'br_ln134' <Predicate = true> <Delay = 0.00>
ST_1 : Operation 18 [1/1] (0.00ns)   --->   "%i_cast46 = zext i6 %i_6" [aes_table.c:135]   --->   Operation 18 'zext' 'i_cast46' <Predicate = (!icmp_ln134)> <Delay = 0.00>
ST_1 : Operation 19 [1/1] (0.00ns)   --->   "%k_addr = getelementptr i8 %k, i64 0, i64 %i_cast46" [aes_table.c:135]   --->   Operation 19 'getelementptr' 'k_addr' <Predicate = (!icmp_ln134)> <Delay = 0.00>
ST_1 : Operation 20 [2/2] (0.66ns)   --->   "%k_load = load i5 %k_addr" [aes_table.c:135]   --->   Operation 20 'load' 'k_load' <Predicate = (!icmp_ln134)> <Delay = 0.66> <CoreInst = "RAM">   --->   Core 83 'RAM' <Latency = 1> <II = 1> <Delay = 0.66> <Storage> <Opcode : 'load' 'store'> <Ports = 2> <Width = 8> <Depth = 32> <RAM>
ST_1 : Operation 21 [1/1] (0.00ns)   --->   "%trunc_ln135 = trunc i6 %i_6" [aes_table.c:135]   --->   Operation 21 'trunc' 'trunc_ln135' <Predicate = (!icmp_ln134)> <Delay = 0.00>
ST_1 : Operation 22 [1/1] (0.38ns)   --->   "%store_ln134 = store i6 %add_ln134, i6 %i" [aes_table.c:134]   --->   Operation 22 'store' 'store_ln134' <Predicate = (!icmp_ln134)> <Delay = 0.38>
ST_1 : Operation 56 [1/1] (0.00ns)   --->   "%p_partset613_load_1 = load i768 %p_partset613"   --->   Operation 56 'load' 'p_partset613_load_1' <Predicate = (icmp_ln134)> <Delay = 0.00>
ST_1 : Operation 57 [1/1] (0.00ns)   --->   "%write_ln0 = write void @_ssdm_op_Write.ap_auto.i768P0A, i768 %p_partset613_out, i768 %p_partset613_load_1"   --->   Operation 57 'write' 'write_ln0' <Predicate = (icmp_ln134)> <Delay = 0.00>
ST_1 : Operation 58 [1/1] (0.00ns)   --->   "%ret_ln0 = ret"   --->   Operation 58 'ret' 'ret_ln0' <Predicate = (icmp_ln134)> <Delay = 0.00>

State 2 <SV = 1> <Delay = 2.51>
ST_2 : Operation 23 [1/1] (0.00ns)   --->   "%p_partset613_load = load i768 %p_partset613" [aes_table.c:135]   --->   Operation 23 'load' 'p_partset613_load' <Predicate = true> <Delay = 0.00>
ST_2 : Operation 24 [1/1] (0.00ns)   --->   "%specloopname_ln132 = specloopname void @_ssdm_op_SpecLoopName, void @empty_8" [aes_table.c:132]   --->   Operation 24 'specloopname' 'specloopname_ln132' <Predicate = true> <Delay = 0.00>
ST_2 : Operation 25 [1/2] (0.66ns)   --->   "%k_load = load i5 %k_addr" [aes_table.c:135]   --->   Operation 25 'load' 'k_load' <Predicate = true> <Delay = 0.66> <CoreInst = "RAM">   --->   Core 83 'RAM' <Latency = 1> <II = 1> <Delay = 0.66> <Storage> <Opcode : 'load' 'store'> <Ports = 2> <Width = 8> <Depth = 32> <RAM>
ST_2 : Operation 26 [1/1] (0.00ns)   --->   "%zext_ln135_cast = bitconcatenate i10 @_ssdm_op_BitConcatenate.i10.i2.i5.i3, i2 2, i5 %trunc_ln135, i3 0" [aes_table.c:135]   --->   Operation 26 'bitconcatenate' 'zext_ln135_cast' <Predicate = true> <Delay = 0.00>
ST_2 : Operation 27 [1/1] (0.00ns)   --->   "%zext_ln135 = zext i10 %zext_ln135_cast" [aes_table.c:135]   --->   Operation 27 'zext' 'zext_ln135' <Predicate = true> <Delay = 0.00>
ST_2 : Operation 28 [1/1] (0.74ns)   --->   "%shl_ln135 = shl i768 255, i768 %zext_ln135" [aes_table.c:135]   --->   Operation 28 'shl' 'shl_ln135' <Predicate = true> <Delay = 0.74> <CoreInst = "Shifter">   --->   Core 75 'Shifter' <Latency = 0> <II = 1> <Delay = 0.74> <FuncUnit> <Opcode : 'shl' 'lshr' 'ashr'> <InPorts = 2> <OutPorts = 1>
ST_2 : Operation 29 [1/1] (0.00ns)   --->   "%zext_ln135_1 = zext i8 %k_load" [aes_table.c:135]   --->   Operation 29 'zext' 'zext_ln135_1' <Predicate = true> <Delay = 0.00>
ST_2 : Operation 30 [1/1] (0.00ns) (grouped into LUT with out node or_ln135_3)   --->   "%zext_ln135_2 = zext i8 %k_load" [aes_table.c:135]   --->   Operation 30 'zext' 'zext_ln135_2' <Predicate = true> <Delay = 0.00>
ST_2 : Operation 31 [1/1] (0.74ns)   --->   "%shl_ln135_1 = shl i768 %zext_ln135_1, i768 %zext_ln135" [aes_table.c:135]   --->   Operation 31 'shl' 'shl_ln135_1' <Predicate = true> <Delay = 0.74> <CoreInst = "Shifter">   --->   Core 75 'Shifter' <Latency = 0> <II = 1> <Delay = 0.74> <FuncUnit> <Opcode : 'shl' 'lshr' 'ashr'> <InPorts = 2> <OutPorts = 1>
ST_2 : Operation 32 [1/1] (0.00ns) (grouped into LUT with out node or_ln135_3)   --->   "%trunc_ln135_1 = trunc i768 %shl_ln135" [aes_table.c:135]   --->   Operation 32 'trunc' 'trunc_ln135_1' <Predicate = true> <Delay = 0.00>
ST_2 : Operation 33 [1/1] (0.00ns) (grouped into LUT with out node and_ln135_1)   --->   "%xor_ln135 = xor i768 %shl_ln135, i768 1552518092300708935148979488462502555256886017116696611139052038026050952686376886330878408828646477950487730697131073206171580044114814391444287275041181139204454976020849905550265285631598444825262999193716468750892846853816057855" [aes_table.c:135]   --->   Operation 33 'xor' 'xor_ln135' <Predicate = true> <Delay = 0.00> <CoreInst = "LogicGate">   --->   Core 74 'LogicGate' <Latency = 0> <II = 1> <Delay = 0.29> <FuncUnit> <Opcode : 'and' 'or' 'xor'> <InPorts = 2> <OutPorts = 1>
ST_2 : Operation 34 [1/1] (0.00ns) (grouped into LUT with out node or_ln135_3)   --->   "%xor_ln135_2 = xor i512 %trunc_ln135_1, i512 13407807929942597099574024998205846127479365820592393377723561443721764030073546976801874298166903427690031858186486050853753882811946569946433649006084095" [aes_table.c:135]   --->   Operation 34 'xor' 'xor_ln135_2' <Predicate = true> <Delay = 0.00> <CoreInst = "LogicGate">   --->   Core 74 'LogicGate' <Latency = 0> <II = 1> <Delay = 0.29> <FuncUnit> <Opcode : 'and' 'or' 'xor'> <InPorts = 2> <OutPorts = 1>
ST_2 : Operation 35 [1/1] (0.00ns) (grouped into LUT with out node or_ln135_3)   --->   "%trunc_ln135_2 = trunc i768 %p_partset613_load" [aes_table.c:135]   --->   Operation 35 'trunc' 'trunc_ln135_2' <Predicate = true> <Delay = 0.00>
ST_2 : Operation 36 [1/1] (0.00ns) (grouped into LUT with out node and_ln135_1)   --->   "%and_ln135 = and i768 %p_partset613_load, i768 %xor_ln135" [aes_table.c:135]   --->   Operation 36 'and' 'and_ln135' <Predicate = true> <Delay = 0.00> <CoreInst = "LogicGate">   --->   Core 74 'LogicGate' <Latency = 0> <II = 1> <Delay = 0.29> <FuncUnit> <Opcode : 'and' 'or' 'xor'> <InPorts = 2> <OutPorts = 1>
ST_2 : Operation 37 [1/1] (0.00ns) (grouped into LUT with out node or_ln135_3)   --->   "%and_ln135_2 = and i512 %trunc_ln135_2, i512 %xor_ln135_2" [aes_table.c:135]   --->   Operation 37 'and' 'and_ln135_2' <Predicate = true> <Delay = 0.00> <CoreInst = "LogicGate">   --->   Core 74 'LogicGate' <Latency = 0> <II = 1> <Delay = 0.29> <FuncUnit> <Opcode : 'and' 'or' 'xor'> <InPorts = 2> <OutPorts = 1>
ST_2 : Operation 38 [1/1] (0.00ns) (grouped into LUT with out node or_ln135_3)   --->   "%trunc_ln135_3 = trunc i768 %shl_ln135_1" [aes_table.c:135]   --->   Operation 38 'trunc' 'trunc_ln135_3' <Predicate = true> <Delay = 0.00>
ST_2 : Operation 39 [1/1] (0.00ns) (grouped into LUT with out node and_ln135_1)   --->   "%or_ln135 = or i768 %shl_ln135_1, i768 %and_ln135" [aes_table.c:135]   --->   Operation 39 'or' 'or_ln135' <Predicate = true> <Delay = 0.00> <CoreInst = "LogicGate">   --->   Core 74 'LogicGate' <Latency = 0> <II = 1> <Delay = 0.29> <FuncUnit> <Opcode : 'and' 'or' 'xor'> <InPorts = 2> <OutPorts = 1>
ST_2 : Operation 40 [1/1] (0.00ns)   --->   "%zext_ln135_3_cast = bitconcatenate i9 @_ssdm_op_BitConcatenate.i9.i1.i5.i3, i1 1, i5 %trunc_ln135, i3 0" [aes_table.c:135]   --->   Operation 40 'bitconcatenate' 'zext_ln135_3_cast' <Predicate = true> <Delay = 0.00>
ST_2 : Operation 41 [1/1] (0.00ns)   --->   "%zext_ln135_3 = zext i9 %zext_ln135_3_cast" [aes_table.c:135]   --->   Operation 41 'zext' 'zext_ln135_3' <Predicate = true> <Delay = 0.00>
ST_2 : Operation 42 [1/1] (0.00ns) (grouped into LUT with out node xor_ln135_1)   --->   "%shl_ln135_2 = shl i512 255, i512 %zext_ln135_3" [aes_table.c:135]   --->   Operation 42 'shl' 'shl_ln135_2' <Predicate = true> <Delay = 0.00> <CoreInst = "Shifter">   --->   Core 75 'Shifter' <Latency = 0> <II = 1> <Delay = 0.72> <FuncUnit> <Opcode : 'shl' 'lshr' 'ashr'> <InPorts = 2> <OutPorts = 1>
ST_2 : Operation 43 [1/1] (0.00ns) (grouped into LUT with out node xor_ln135_1)   --->   "%zext_ln135_4 = zext i512 %shl_ln135_2" [aes_table.c:135]   --->   Operation 43 'zext' 'zext_ln135_4' <Predicate = true> <Delay = 0.00>
ST_2 : Operation 44 [1/1] (0.00ns) (grouped into LUT with out node or_ln135_3)   --->   "%shl_ln135_3 = shl i512 %zext_ln135_2, i512 %zext_ln135_3" [aes_table.c:135]   --->   Operation 44 'shl' 'shl_ln135_3' <Predicate = true> <Delay = 0.00> <CoreInst = "Shifter">   --->   Core 75 'Shifter' <Latency = 0> <II = 1> <Delay = 0.72> <FuncUnit> <Opcode : 'shl' 'lshr' 'ashr'> <InPorts = 2> <OutPorts = 1>
ST_2 : Operation 45 [1/1] (0.72ns) (out node of the LUT)   --->   "%xor_ln135_1 = xor i513 %zext_ln135_4, i513 26815615859885194199148049996411692254958731641184786755447122887443528060147093953603748596333806855380063716372972101707507765623893139892867298012168191" [aes_table.c:135]   --->   Operation 45 'xor' 'xor_ln135_1' <Predicate = true> <Delay = 0.72> <CoreInst = "LogicGate">   --->   Core 74 'LogicGate' <Latency = 0> <II = 1> <Delay = 0.29> <FuncUnit> <Opcode : 'and' 'or' 'xor'> <InPorts = 2> <OutPorts = 1>
ST_2 : Operation 46 [1/1] (0.00ns) (grouped into LUT with out node and_ln135_1)   --->   "%sext_ln135 = sext i513 %xor_ln135_1" [aes_table.c:135]   --->   Operation 46 'sext' 'sext_ln135' <Predicate = true> <Delay = 0.00>
ST_2 : Operation 47 [1/1] (0.00ns) (grouped into LUT with out node or_ln135_3)   --->   "%trunc_ln135_4 = trunc i513 %xor_ln135_1" [aes_table.c:135]   --->   Operation 47 'trunc' 'trunc_ln135_4' <Predicate = true> <Delay = 0.00>
ST_2 : Operation 48 [1/1] (0.00ns) (grouped into LUT with out node or_ln135_3)   --->   "%or_ln135_2 = or i512 %trunc_ln135_3, i512 %and_ln135_2" [aes_table.c:135]   --->   Operation 48 'or' 'or_ln135_2' <Predicate = true> <Delay = 0.00> <CoreInst = "LogicGate">   --->   Core 74 'LogicGate' <Latency = 0> <II = 1> <Delay = 0.29> <FuncUnit> <Opcode : 'and' 'or' 'xor'> <InPorts = 2> <OutPorts = 1>
ST_2 : Operation 49 [1/1] (0.29ns) (out node of the LUT)   --->   "%and_ln135_1 = and i768 %or_ln135, i768 %sext_ln135" [aes_table.c:135]   --->   Operation 49 'and' 'and_ln135_1' <Predicate = true> <Delay = 0.29> <CoreInst = "LogicGate">   --->   Core 74 'LogicGate' <Latency = 0> <II = 1> <Delay = 0.29> <FuncUnit> <Opcode : 'and' 'or' 'xor'> <InPorts = 2> <OutPorts = 1>
ST_2 : Operation 50 [1/1] (0.00ns) (grouped into LUT with out node or_ln135_3)   --->   "%and_ln135_3 = and i512 %or_ln135_2, i512 %trunc_ln135_4" [aes_table.c:135]   --->   Operation 50 'and' 'and_ln135_3' <Predicate = true> <Delay = 0.00> <CoreInst = "LogicGate">   --->   Core 74 'LogicGate' <Latency = 0> <II = 1> <Delay = 0.29> <FuncUnit> <Opcode : 'and' 'or' 'xor'> <InPorts = 2> <OutPorts = 1>
ST_2 : Operation 51 [1/1] (0.72ns) (out node of the LUT)   --->   "%or_ln135_3 = or i512 %and_ln135_3, i512 %shl_ln135_3" [aes_table.c:135]   --->   Operation 51 'or' 'or_ln135_3' <Predicate = true> <Delay = 0.72> <CoreInst = "LogicGate">   --->   Core 74 'LogicGate' <Latency = 0> <II = 1> <Delay = 0.29> <FuncUnit> <Opcode : 'and' 'or' 'xor'> <InPorts = 2> <OutPorts = 1>
ST_2 : Operation 52 [1/1] (0.00ns)   --->   "%tmp_s = partselect i256 @_ssdm_op_PartSelect.i256.i768.i32.i32, i768 %and_ln135_1, i32 512, i32 767" [aes_table.c:135]   --->   Operation 52 'partselect' 'tmp_s' <Predicate = true> <Delay = 0.00>
ST_2 : Operation 53 [1/1] (0.00ns)   --->   "%or_ln135_1 = bitconcatenate i768 @_ssdm_op_BitConcatenate.i768.i256.i512, i256 %tmp_s, i512 %or_ln135_3" [aes_table.c:135]   --->   Operation 53 'bitconcatenate' 'or_ln135_1' <Predicate = true> <Delay = 0.00>
ST_2 : Operation 54 [1/1] (0.38ns)   --->   "%store_ln134 = store i768 %or_ln135_1, i768 %p_partset613" [aes_table.c:134]   --->   Operation 54 'store' 'store_ln134' <Predicate = true> <Delay = 0.38>
ST_2 : Operation 55 [1/1] (0.00ns)   --->   "%br_ln134 = br void %for.inc" [aes_table.c:134]   --->   Operation 55 'br' 'br_ln134' <Predicate = true> <Delay = 0.00>


============================================================
+ Verbose Summary: Timing violations
============================================================
Target clock period: 5ns, clock uncertainty: 1.35ns.

 <State 1>: 1.09ns
The critical path consists of the following:
	'alloca' operation ('i') [4]  (0 ns)
	'load' operation ('i', aes_table.c:135) on local variable 'i' [12]  (0 ns)
	'add' operation ('add_ln134', aes_table.c:134) [16]  (0.706 ns)
	'store' operation ('store_ln134', aes_table.c:134) of variable 'add_ln134', aes_table.c:134 on local variable 'i' [54]  (0.387 ns)

 <State 2>: 2.52ns
The critical path consists of the following:
	'load' operation ('k_load', aes_table.c:135) on array 'k' [23]  (0.667 ns)
	'shl' operation ('shl_ln135_1', aes_table.c:135) [30]  (0.74 ns)
	'or' operation ('or_ln135_2', aes_table.c:135) [47]  (0 ns)
	'and' operation ('and_ln135_3', aes_table.c:135) [49]  (0 ns)
	'or' operation ('or_ln135_3', aes_table.c:135) [50]  (0.723 ns)
	'store' operation ('store_ln134', aes_table.c:134) of variable 'or_ln135_1', aes_table.c:135 on local variable 'p_partset613' [53]  (0.387 ns)


============================================================
+ Verbose Summary: Binding
============================================================
N/A
* FSMD analyzer results:
  - Output states:
 - Input state : 
  - Chain level:
	State 1
	State 2


============================================================
+ Verbose Summary: Datapath Resource usage 
============================================================
N/A
