

================================================================
== Vitis HLS Report for 'aes256_encrypt_ecb_Pipeline_ecb2'
================================================================
* Date:           Thu Apr  3 13:14:04 2025

* Version:        2022.2.2 (Build 3779808 on Feb 17 2023)
* Project:        hls_prj
* Solution:       solution (Vivado IP Flow Target)
* Product family: virtexuplus
* Target device:  xcu55c-fsvh2892-2L-e


================================================================
== Performance Estimates
================================================================
+ Timing: 
    * Summary: 
    +--------+---------+----------+------------+
    |  Clock |  Target | Estimated| Uncertainty|
    +--------+---------+----------+------------+
    |ap_clk  |  5.00 ns|  3.627 ns|     1.35 ns|
    +--------+---------+----------+------------+

+ Latency: 
    * Summary: 
    +---------+---------+----------+----------+-----+-----+---------+
    |  Latency (cycles) |  Latency (absolute) |  Interval | Pipeline|
    |   min   |   max   |    min   |    max   | min | max |   Type  |
    +---------+---------+----------+----------+-----+-----+---------+
    |      192|      192|  0.960 us|  0.960 us|  192|  192|       no|
    +---------+---------+----------+----------+-----+-----+---------+

    + Detail: 
        * Instance: 
        N/A

        * Loop: 
        +----------+---------+---------+----------+-----------+-----------+------+----------+
        |          |  Latency (cycles) | Iteration|  Initiation Interval  | Trip |          |
        | Loop Name|   min   |   max   |  Latency |  achieved |   target  | Count| Pipelined|
        +----------+---------+---------+----------+-----------+-----------+------+----------+
        |- ecb2    |      190|      190|        29|         27|          1|     7|       yes|
        +----------+---------+---------+----------+-----------+-----------+------+----------+

============================================================
+ Verbose Summary: Synthesis Manager
============================================================
InlineROM: 1
ExposeGlobal: 0
============================================================
+ Verbose Summary: CDFG Model
============================================================
IsTopModel: 0
ResetActiveHigh: 1
IsCombinational: 0
IsDatapathOnly: 0
HasWiredReturn: 1
HasMFsm: 2
HasVarLatency: 1
IsPipeline: 0
IsRtlPipelined: 0
IsInstanceOverlapped: 0
IsDontTouch: 0
HasImplIP: 0
IsGatedGlobalClock: 0

+ Individual pipeline summary: 
  * Pipeline-0: initiation interval (II) = 27, depth = 29


============================================================
+ Verbose Summary: Schedule
============================================================
* Number of FSM states : 29
* Pipeline : 1
  Pipeline-0 : II = 27, D = 29, States = { 1 2 3 4 5 6 7 8 9 10 11 12 13 14 15 16 17 18 19 20 21 22 23 24 25 26 27 28 29 }
* Dataflow Pipeline: 0

* FSM state transitions: 
1 --> 2 
2 --> 3 
3 --> 4 
4 --> 5 
5 --> 6 
6 --> 7 
7 --> 8 
8 --> 9 
9 --> 10 
10 --> 11 
11 --> 12 
12 --> 13 
13 --> 14 
14 --> 15 
15 --> 16 
16 --> 17 
17 --> 18 
18 --> 19 
19 --> 20 
20 --> 21 
21 --> 22 
22 --> 23 
23 --> 24 
24 --> 25 
25 --> 26 
26 --> 27 
27 --> 28 
28 --> 29 
29 --> 

* FSM state operations: 

State 1 <SV = 0> <Delay = 0.49>
ST_1 : Operation 32 [1/1] (0.00ns)   --->   "%i_1 = alloca i32 1"   --->   Operation 32 'alloca' 'i_1' <Predicate = true> <Delay = 0.00>
ST_1 : Operation 33 [1/1] (0.00ns)   --->   "%rcon_2 = alloca i32 1"   --->   Operation 33 'alloca' 'rcon_2' <Predicate = true> <Delay = 0.00>
ST_1 : Operation 34 [1/1] (0.00ns)   --->   "%ctx7 = alloca i32 1"   --->   Operation 34 'alloca' 'ctx7' <Predicate = true> <Delay = 0.00>
ST_1 : Operation 35 [1/1] (0.00ns)   --->   "%p_partset613_reload_read = read i768 @_ssdm_op_Read.ap_auto.i768, i768 %p_partset613_reload"   --->   Operation 35 'read' 'p_partset613_reload_read' <Predicate = true> <Delay = 0.00>
ST_1 : Operation 36 [1/1] (0.38ns)   --->   "%store_ln0 = store i768 %p_partset613_reload_read, i768 %ctx7"   --->   Operation 36 'store' 'store_ln0' <Predicate = true> <Delay = 0.38>
ST_1 : Operation 37 [1/1] (0.38ns)   --->   "%store_ln0 = store i8 1, i8 %rcon_2"   --->   Operation 37 'store' 'store_ln0' <Predicate = true> <Delay = 0.38>
ST_1 : Operation 38 [1/1] (0.38ns)   --->   "%store_ln0 = store i3 7, i3 %i_1"   --->   Operation 38 'store' 'store_ln0' <Predicate = true> <Delay = 0.38>
ST_1 : Operation 39 [1/1] (0.00ns)   --->   "%br_ln0 = br void %for.cond5"   --->   Operation 39 'br' 'br_ln0' <Predicate = true> <Delay = 0.00>
ST_1 : Operation 40 [1/1] (0.00ns)   --->   "%i = load i3 %i_1" [aes_table.c:137]   --->   Operation 40 'load' 'i' <Predicate = true> <Delay = 0.00>
ST_1 : Operation 41 [1/1] (0.00ns)   --->   "%specpipeline_ln0 = specpipeline void @_ssdm_op_SpecPipeline, i32 4294967295, i32 0, i32 1, i32 0, void @p_str"   --->   Operation 41 'specpipeline' 'specpipeline_ln0' <Predicate = true> <Delay = 0.00>
ST_1 : Operation 42 [1/1] (0.49ns)   --->   "%icmp_ln137 = icmp_eq  i3 %i, i3 0" [aes_table.c:137]   --->   Operation 42 'icmp' 'icmp_ln137' <Predicate = true> <Delay = 0.49> <CoreInst = "Cmp">   --->   Core 9 'Cmp' <Latency = 0> <II = 1> <Delay = 0.49> <FuncUnit> <Opcode : 'icmp'> <InPorts = 2> <OutPorts = 1>
ST_1 : Operation 43 [1/1] (0.00ns)   --->   "%empty = speclooptripcount i32 @_ssdm_op_SpecLoopTripCount, i64 7, i64 7, i64 7"   --->   Operation 43 'speclooptripcount' 'empty' <Predicate = true> <Delay = 0.00>
ST_1 : Operation 44 [1/1] (0.00ns)   --->   "%br_ln137 = br i1 %icmp_ln137, void %for.body6, void %while.body.i.preheader.exitStub" [aes_table.c:137]   --->   Operation 44 'br' 'br_ln137' <Predicate = true> <Delay = 0.00>

State 2 <SV = 1> <Delay = 2.79>
ST_2 : Operation 45 [1/1] (0.00ns)   --->   "%rcon_2_load = load i8 %rcon_2" [aes_table.c:138]   --->   Operation 45 'load' 'rcon_2_load' <Predicate = (!icmp_ln137)> <Delay = 0.00>
ST_2 : Operation 46 [1/1] (0.00ns)   --->   "%ctx7_load_1 = load i768 %ctx7" [aes_table.c:138]   --->   Operation 46 'load' 'ctx7_load_1' <Predicate = (!icmp_ln137)> <Delay = 0.00>
ST_2 : Operation 47 [28/28] (2.79ns)   --->   "%call_ret9 = call i776 @aes_expandEncKey, i768 %ctx7_load_1, i10 512, i8 %rcon_2_load, i8 %sbox" [aes_table.c:138]   --->   Operation 47 'call' 'call_ret9' <Predicate = (!icmp_ln137)> <Delay = 2.79> <CoreType = "Generic">   --->   Core 0 '' <Latency = 0> <II = 1> <Delay = 1.00> <Generic> <Opcode : >
ST_2 : Operation 83 [1/1] (0.00ns)   --->   "%ctx7_load = load i768 %ctx7"   --->   Operation 83 'load' 'ctx7_load' <Predicate = (icmp_ln137)> <Delay = 0.00>
ST_2 : Operation 84 [1/1] (0.00ns)   --->   "%write_ln0 = write void @_ssdm_op_Write.ap_auto.i768P0A, i768 %ctx7_out, i768 %ctx7_load"   --->   Operation 84 'write' 'write_ln0' <Predicate = (icmp_ln137)> <Delay = 0.00>
ST_2 : Operation 85 [1/1] (0.00ns)   --->   "%ret_ln0 = ret"   --->   Operation 85 'ret' 'ret_ln0' <Predicate = (icmp_ln137)> <Delay = 0.00>

State 3 <SV = 2> <Delay = 3.62>
ST_3 : Operation 48 [27/28] (3.62ns)   --->   "%call_ret9 = call i776 @aes_expandEncKey, i768 %ctx7_load_1, i10 512, i8 %rcon_2_load, i8 %sbox" [aes_table.c:138]   --->   Operation 48 'call' 'call_ret9' <Predicate = (!icmp_ln137)> <Delay = 3.62> <CoreType = "Generic">   --->   Core 0 '' <Latency = 0> <II = 1> <Delay = 1.00> <Generic> <Opcode : >

State 4 <SV = 3> <Delay = 3.62>
ST_4 : Operation 49 [26/28] (3.62ns)   --->   "%call_ret9 = call i776 @aes_expandEncKey, i768 %ctx7_load_1, i10 512, i8 %rcon_2_load, i8 %sbox" [aes_table.c:138]   --->   Operation 49 'call' 'call_ret9' <Predicate = (!icmp_ln137)> <Delay = 3.62> <CoreType = "Generic">   --->   Core 0 '' <Latency = 0> <II = 1> <Delay = 1.00> <Generic> <Opcode : >

State 5 <SV = 4> <Delay = 3.62>
ST_5 : Operation 50 [25/28] (3.62ns)   --->   "%call_ret9 = call i776 @aes_expandEncKey, i768 %ctx7_load_1, i10 512, i8 %rcon_2_load, i8 %sbox" [aes_table.c:138]   --->   Operation 50 'call' 'call_ret9' <Predicate = (!icmp_ln137)> <Delay = 3.62> <CoreType = "Generic">   --->   Core 0 '' <Latency = 0> <II = 1> <Delay = 1.00> <Generic> <Opcode : >

State 6 <SV = 5> <Delay = 3.62>
ST_6 : Operation 51 [24/28] (3.62ns)   --->   "%call_ret9 = call i776 @aes_expandEncKey, i768 %ctx7_load_1, i10 512, i8 %rcon_2_load, i8 %sbox" [aes_table.c:138]   --->   Operation 51 'call' 'call_ret9' <Predicate = (!icmp_ln137)> <Delay = 3.62> <CoreType = "Generic">   --->   Core 0 '' <Latency = 0> <II = 1> <Delay = 1.00> <Generic> <Opcode : >

State 7 <SV = 6> <Delay = 3.62>
ST_7 : Operation 52 [23/28] (3.62ns)   --->   "%call_ret9 = call i776 @aes_expandEncKey, i768 %ctx7_load_1, i10 512, i8 %rcon_2_load, i8 %sbox" [aes_table.c:138]   --->   Operation 52 'call' 'call_ret9' <Predicate = (!icmp_ln137)> <Delay = 3.62> <CoreType = "Generic">   --->   Core 0 '' <Latency = 0> <II = 1> <Delay = 1.00> <Generic> <Opcode : >

State 8 <SV = 7> <Delay = 3.62>
ST_8 : Operation 53 [22/28] (3.62ns)   --->   "%call_ret9 = call i776 @aes_expandEncKey, i768 %ctx7_load_1, i10 512, i8 %rcon_2_load, i8 %sbox" [aes_table.c:138]   --->   Operation 53 'call' 'call_ret9' <Predicate = (!icmp_ln137)> <Delay = 3.62> <CoreType = "Generic">   --->   Core 0 '' <Latency = 0> <II = 1> <Delay = 1.00> <Generic> <Opcode : >

State 9 <SV = 8> <Delay = 3.62>
ST_9 : Operation 54 [21/28] (3.62ns)   --->   "%call_ret9 = call i776 @aes_expandEncKey, i768 %ctx7_load_1, i10 512, i8 %rcon_2_load, i8 %sbox" [aes_table.c:138]   --->   Operation 54 'call' 'call_ret9' <Predicate = (!icmp_ln137)> <Delay = 3.62> <CoreType = "Generic">   --->   Core 0 '' <Latency = 0> <II = 1> <Delay = 1.00> <Generic> <Opcode : >

State 10 <SV = 9> <Delay = 3.62>
ST_10 : Operation 55 [20/28] (3.62ns)   --->   "%call_ret9 = call i776 @aes_expandEncKey, i768 %ctx7_load_1, i10 512, i8 %rcon_2_load, i8 %sbox" [aes_table.c:138]   --->   Operation 55 'call' 'call_ret9' <Predicate = (!icmp_ln137)> <Delay = 3.62> <CoreType = "Generic">   --->   Core 0 '' <Latency = 0> <II = 1> <Delay = 1.00> <Generic> <Opcode : >

State 11 <SV = 10> <Delay = 3.62>
ST_11 : Operation 56 [19/28] (3.62ns)   --->   "%call_ret9 = call i776 @aes_expandEncKey, i768 %ctx7_load_1, i10 512, i8 %rcon_2_load, i8 %sbox" [aes_table.c:138]   --->   Operation 56 'call' 'call_ret9' <Predicate = (!icmp_ln137)> <Delay = 3.62> <CoreType = "Generic">   --->   Core 0 '' <Latency = 0> <II = 1> <Delay = 1.00> <Generic> <Opcode : >

State 12 <SV = 11> <Delay = 3.62>
ST_12 : Operation 57 [18/28] (3.62ns)   --->   "%call_ret9 = call i776 @aes_expandEncKey, i768 %ctx7_load_1, i10 512, i8 %rcon_2_load, i8 %sbox" [aes_table.c:138]   --->   Operation 57 'call' 'call_ret9' <Predicate = (!icmp_ln137)> <Delay = 3.62> <CoreType = "Generic">   --->   Core 0 '' <Latency = 0> <II = 1> <Delay = 1.00> <Generic> <Opcode : >

State 13 <SV = 12> <Delay = 3.62>
ST_13 : Operation 58 [17/28] (3.62ns)   --->   "%call_ret9 = call i776 @aes_expandEncKey, i768 %ctx7_load_1, i10 512, i8 %rcon_2_load, i8 %sbox" [aes_table.c:138]   --->   Operation 58 'call' 'call_ret9' <Predicate = (!icmp_ln137)> <Delay = 3.62> <CoreType = "Generic">   --->   Core 0 '' <Latency = 0> <II = 1> <Delay = 1.00> <Generic> <Opcode : >

State 14 <SV = 13> <Delay = 3.62>
ST_14 : Operation 59 [16/28] (3.62ns)   --->   "%call_ret9 = call i776 @aes_expandEncKey, i768 %ctx7_load_1, i10 512, i8 %rcon_2_load, i8 %sbox" [aes_table.c:138]   --->   Operation 59 'call' 'call_ret9' <Predicate = (!icmp_ln137)> <Delay = 3.62> <CoreType = "Generic">   --->   Core 0 '' <Latency = 0> <II = 1> <Delay = 1.00> <Generic> <Opcode : >

State 15 <SV = 14> <Delay = 3.62>
ST_15 : Operation 60 [15/28] (3.62ns)   --->   "%call_ret9 = call i776 @aes_expandEncKey, i768 %ctx7_load_1, i10 512, i8 %rcon_2_load, i8 %sbox" [aes_table.c:138]   --->   Operation 60 'call' 'call_ret9' <Predicate = (!icmp_ln137)> <Delay = 3.62> <CoreType = "Generic">   --->   Core 0 '' <Latency = 0> <II = 1> <Delay = 1.00> <Generic> <Opcode : >

State 16 <SV = 15> <Delay = 3.62>
ST_16 : Operation 61 [14/28] (3.62ns)   --->   "%call_ret9 = call i776 @aes_expandEncKey, i768 %ctx7_load_1, i10 512, i8 %rcon_2_load, i8 %sbox" [aes_table.c:138]   --->   Operation 61 'call' 'call_ret9' <Predicate = (!icmp_ln137)> <Delay = 3.62> <CoreType = "Generic">   --->   Core 0 '' <Latency = 0> <II = 1> <Delay = 1.00> <Generic> <Opcode : >

State 17 <SV = 16> <Delay = 3.62>
ST_17 : Operation 62 [13/28] (3.62ns)   --->   "%call_ret9 = call i776 @aes_expandEncKey, i768 %ctx7_load_1, i10 512, i8 %rcon_2_load, i8 %sbox" [aes_table.c:138]   --->   Operation 62 'call' 'call_ret9' <Predicate = (!icmp_ln137)> <Delay = 3.62> <CoreType = "Generic">   --->   Core 0 '' <Latency = 0> <II = 1> <Delay = 1.00> <Generic> <Opcode : >

State 18 <SV = 17> <Delay = 3.62>
ST_18 : Operation 63 [12/28] (3.62ns)   --->   "%call_ret9 = call i776 @aes_expandEncKey, i768 %ctx7_load_1, i10 512, i8 %rcon_2_load, i8 %sbox" [aes_table.c:138]   --->   Operation 63 'call' 'call_ret9' <Predicate = (!icmp_ln137)> <Delay = 3.62> <CoreType = "Generic">   --->   Core 0 '' <Latency = 0> <II = 1> <Delay = 1.00> <Generic> <Opcode : >

State 19 <SV = 18> <Delay = 3.62>
ST_19 : Operation 64 [11/28] (3.62ns)   --->   "%call_ret9 = call i776 @aes_expandEncKey, i768 %ctx7_load_1, i10 512, i8 %rcon_2_load, i8 %sbox" [aes_table.c:138]   --->   Operation 64 'call' 'call_ret9' <Predicate = (!icmp_ln137)> <Delay = 3.62> <CoreType = "Generic">   --->   Core 0 '' <Latency = 0> <II = 1> <Delay = 1.00> <Generic> <Opcode : >

State 20 <SV = 19> <Delay = 3.62>
ST_20 : Operation 65 [10/28] (3.62ns)   --->   "%call_ret9 = call i776 @aes_expandEncKey, i768 %ctx7_load_1, i10 512, i8 %rcon_2_load, i8 %sbox" [aes_table.c:138]   --->   Operation 65 'call' 'call_ret9' <Predicate = (!icmp_ln137)> <Delay = 3.62> <CoreType = "Generic">   --->   Core 0 '' <Latency = 0> <II = 1> <Delay = 1.00> <Generic> <Opcode : >

State 21 <SV = 20> <Delay = 3.62>
ST_21 : Operation 66 [9/28] (3.62ns)   --->   "%call_ret9 = call i776 @aes_expandEncKey, i768 %ctx7_load_1, i10 512, i8 %rcon_2_load, i8 %sbox" [aes_table.c:138]   --->   Operation 66 'call' 'call_ret9' <Predicate = (!icmp_ln137)> <Delay = 3.62> <CoreType = "Generic">   --->   Core 0 '' <Latency = 0> <II = 1> <Delay = 1.00> <Generic> <Opcode : >

State 22 <SV = 21> <Delay = 3.62>
ST_22 : Operation 67 [8/28] (3.62ns)   --->   "%call_ret9 = call i776 @aes_expandEncKey, i768 %ctx7_load_1, i10 512, i8 %rcon_2_load, i8 %sbox" [aes_table.c:138]   --->   Operation 67 'call' 'call_ret9' <Predicate = (!icmp_ln137)> <Delay = 3.62> <CoreType = "Generic">   --->   Core 0 '' <Latency = 0> <II = 1> <Delay = 1.00> <Generic> <Opcode : >

State 23 <SV = 22> <Delay = 3.62>
ST_23 : Operation 68 [7/28] (3.62ns)   --->   "%call_ret9 = call i776 @aes_expandEncKey, i768 %ctx7_load_1, i10 512, i8 %rcon_2_load, i8 %sbox" [aes_table.c:138]   --->   Operation 68 'call' 'call_ret9' <Predicate = (!icmp_ln137)> <Delay = 3.62> <CoreType = "Generic">   --->   Core 0 '' <Latency = 0> <II = 1> <Delay = 1.00> <Generic> <Opcode : >

State 24 <SV = 23> <Delay = 3.62>
ST_24 : Operation 69 [6/28] (3.62ns)   --->   "%call_ret9 = call i776 @aes_expandEncKey, i768 %ctx7_load_1, i10 512, i8 %rcon_2_load, i8 %sbox" [aes_table.c:138]   --->   Operation 69 'call' 'call_ret9' <Predicate = (!icmp_ln137)> <Delay = 3.62> <CoreType = "Generic">   --->   Core 0 '' <Latency = 0> <II = 1> <Delay = 1.00> <Generic> <Opcode : >

State 25 <SV = 24> <Delay = 3.62>
ST_25 : Operation 70 [5/28] (3.62ns)   --->   "%call_ret9 = call i776 @aes_expandEncKey, i768 %ctx7_load_1, i10 512, i8 %rcon_2_load, i8 %sbox" [aes_table.c:138]   --->   Operation 70 'call' 'call_ret9' <Predicate = (!icmp_ln137)> <Delay = 3.62> <CoreType = "Generic">   --->   Core 0 '' <Latency = 0> <II = 1> <Delay = 1.00> <Generic> <Opcode : >

State 26 <SV = 25> <Delay = 3.62>
ST_26 : Operation 71 [4/28] (3.62ns)   --->   "%call_ret9 = call i776 @aes_expandEncKey, i768 %ctx7_load_1, i10 512, i8 %rcon_2_load, i8 %sbox" [aes_table.c:138]   --->   Operation 71 'call' 'call_ret9' <Predicate = (!icmp_ln137)> <Delay = 3.62> <CoreType = "Generic">   --->   Core 0 '' <Latency = 0> <II = 1> <Delay = 1.00> <Generic> <Opcode : >

State 27 <SV = 26> <Delay = 3.62>
ST_27 : Operation 72 [3/28] (3.62ns)   --->   "%call_ret9 = call i776 @aes_expandEncKey, i768 %ctx7_load_1, i10 512, i8 %rcon_2_load, i8 %sbox" [aes_table.c:138]   --->   Operation 72 'call' 'call_ret9' <Predicate = (!icmp_ln137)> <Delay = 3.62> <CoreType = "Generic">   --->   Core 0 '' <Latency = 0> <II = 1> <Delay = 1.00> <Generic> <Opcode : >
ST_27 : Operation 73 [1/1] (0.57ns)   --->   "%add_ln137 = add i3 %i, i3 7" [aes_table.c:137]   --->   Operation 73 'add' 'add_ln137' <Predicate = (!icmp_ln137)> <Delay = 0.57> <CoreInst = "Adder">   --->   Core 1 'Adder' <Latency = 0> <II = 1> <Delay = 0.57> <FuncUnit> <Opcode : 'add' 'sub'> <InPorts = 2> <OutPorts = 1>
ST_27 : Operation 74 [1/1] (0.38ns)   --->   "%store_ln137 = store i3 %add_ln137, i3 %i_1" [aes_table.c:137]   --->   Operation 74 'store' 'store_ln137' <Predicate = (!icmp_ln137)> <Delay = 0.38>

State 28 <SV = 27> <Delay = 3.62>
ST_28 : Operation 75 [2/28] (3.62ns)   --->   "%call_ret9 = call i776 @aes_expandEncKey, i768 %ctx7_load_1, i10 512, i8 %rcon_2_load, i8 %sbox" [aes_table.c:138]   --->   Operation 75 'call' 'call_ret9' <Predicate = true> <Delay = 3.62> <CoreType = "Generic">   --->   Core 0 '' <Latency = 0> <II = 1> <Delay = 1.00> <Generic> <Opcode : >

State 29 <SV = 28> <Delay = 3.60>
ST_29 : Operation 76 [1/1] (0.00ns)   --->   "%specloopname_ln138 = specloopname void @_ssdm_op_SpecLoopName, void @empty_7" [aes_table.c:138]   --->   Operation 76 'specloopname' 'specloopname_ln138' <Predicate = true> <Delay = 0.00>
ST_29 : Operation 77 [1/28] (3.21ns)   --->   "%call_ret9 = call i776 @aes_expandEncKey, i768 %ctx7_load_1, i10 512, i8 %rcon_2_load, i8 %sbox" [aes_table.c:138]   --->   Operation 77 'call' 'call_ret9' <Predicate = true> <Delay = 3.21> <CoreType = "Generic">   --->   Core 0 '' <Latency = 0> <II = 1> <Delay = 1.00> <Generic> <Opcode : >
ST_29 : Operation 78 [1/1] (0.00ns)   --->   "%ctx_ret4 = extractvalue i776 %call_ret9" [aes_table.c:138]   --->   Operation 78 'extractvalue' 'ctx_ret4' <Predicate = true> <Delay = 0.00>
ST_29 : Operation 79 [1/1] (0.00ns)   --->   "%rcon = extractvalue i776 %call_ret9" [aes_table.c:138]   --->   Operation 79 'extractvalue' 'rcon' <Predicate = true> <Delay = 0.00>
ST_29 : Operation 80 [1/1] (0.38ns)   --->   "%store_ln137 = store i768 %ctx_ret4, i768 %ctx7" [aes_table.c:137]   --->   Operation 80 'store' 'store_ln137' <Predicate = true> <Delay = 0.38>
ST_29 : Operation 81 [1/1] (0.38ns)   --->   "%store_ln137 = store i8 %rcon, i8 %rcon_2" [aes_table.c:137]   --->   Operation 81 'store' 'store_ln137' <Predicate = true> <Delay = 0.38>
ST_29 : Operation 82 [1/1] (0.00ns)   --->   "%br_ln137 = br void %for.cond5" [aes_table.c:137]   --->   Operation 82 'br' 'br_ln137' <Predicate = true> <Delay = 0.00>


============================================================
+ Verbose Summary: Timing violations
============================================================
Target clock period: 5ns, clock uncertainty: 1.35ns.

 <State 1>: 0.5ns
The critical path consists of the following:
	'alloca' operation ('i') [4]  (0 ns)
	'load' operation ('i', aes_table.c:137) on local variable 'i' [13]  (0 ns)
	'icmp' operation ('icmp_ln137', aes_table.c:137) [15]  (0.5 ns)

 <State 2>: 2.79ns
The critical path consists of the following:
	'load' operation ('rcon_2_load', aes_table.c:138) on local variable 'rcon' [19]  (0 ns)
	'call' operation ('call_ret9', aes_table.c:138) to 'aes_expandEncKey' [22]  (2.79 ns)

 <State 3>: 3.63ns
The critical path consists of the following:
	'call' operation ('call_ret9', aes_table.c:138) to 'aes_expandEncKey' [22]  (3.63 ns)

 <State 4>: 3.63ns
The critical path consists of the following:
	'call' operation ('call_ret9', aes_table.c:138) to 'aes_expandEncKey' [22]  (3.63 ns)

 <State 5>: 3.63ns
The critical path consists of the following:
	'call' operation ('call_ret9', aes_table.c:138) to 'aes_expandEncKey' [22]  (3.63 ns)

 <State 6>: 3.63ns
The critical path consists of the following:
	'call' operation ('call_ret9', aes_table.c:138) to 'aes_expandEncKey' [22]  (3.63 ns)

 <State 7>: 3.63ns
The critical path consists of the following:
	'call' operation ('call_ret9', aes_table.c:138) to 'aes_expandEncKey' [22]  (3.63 ns)

 <State 8>: 3.63ns
The critical path consists of the following:
	'call' operation ('call_ret9', aes_table.c:138) to 'aes_expandEncKey' [22]  (3.63 ns)

 <State 9>: 3.63ns
The critical path consists of the following:
	'call' operation ('call_ret9', aes_table.c:138) to 'aes_expandEncKey' [22]  (3.63 ns)

 <State 10>: 3.63ns
The critical path consists of the following:
	'call' operation ('call_ret9', aes_table.c:138) to 'aes_expandEncKey' [22]  (3.63 ns)

 <State 11>: 3.63ns
The critical path consists of the following:
	'call' operation ('call_ret9', aes_table.c:138) to 'aes_expandEncKey' [22]  (3.63 ns)

 <State 12>: 3.63ns
The critical path consists of the following:
	'call' operation ('call_ret9', aes_table.c:138) to 'aes_expandEncKey' [22]  (3.63 ns)

 <State 13>: 3.63ns
The critical path consists of the following:
	'call' operation ('call_ret9', aes_table.c:138) to 'aes_expandEncKey' [22]  (3.63 ns)

 <State 14>: 3.63ns
The critical path consists of the following:
	'call' operation ('call_ret9', aes_table.c:138) to 'aes_expandEncKey' [22]  (3.63 ns)

 <State 15>: 3.63ns
The critical path consists of the following:
	'call' operation ('call_ret9', aes_table.c:138) to 'aes_expandEncKey' [22]  (3.63 ns)

 <State 16>: 3.63ns
The critical path consists of the following:
	'call' operation ('call_ret9', aes_table.c:138) to 'aes_expandEncKey' [22]  (3.63 ns)

 <State 17>: 3.63ns
The critical path consists of the following:
	'call' operation ('call_ret9', aes_table.c:138) to 'aes_expandEncKey' [22]  (3.63 ns)

 <State 18>: 3.63ns
The critical path consists of the following:
	'call' operation ('call_ret9', aes_table.c:138) to 'aes_expandEncKey' [22]  (3.63 ns)

 <State 19>: 3.63ns
The critical path consists of the following:
	'call' operation ('call_ret9', aes_table.c:138) to 'aes_expandEncKey' [22]  (3.63 ns)

 <State 20>: 3.63ns
The critical path consists of the following:
	'call' operation ('call_ret9', aes_table.c:138) to 'aes_expandEncKey' [22]  (3.63 ns)

 <State 21>: 3.63ns
The critical path consists of the following:
	'call' operation ('call_ret9', aes_table.c:138) to 'aes_expandEncKey' [22]  (3.63 ns)

 <State 22>: 3.63ns
The critical path consists of the following:
	'call' operation ('call_ret9', aes_table.c:138) to 'aes_expandEncKey' [22]  (3.63 ns)

 <State 23>: 3.63ns
The critical path consists of the following:
	'call' operation ('call_ret9', aes_table.c:138) to 'aes_expandEncKey' [22]  (3.63 ns)

 <State 24>: 3.63ns
The critical path consists of the following:
	'call' operation ('call_ret9', aes_table.c:138) to 'aes_expandEncKey' [22]  (3.63 ns)

 <State 25>: 3.63ns
The critical path consists of the following:
	'call' operation ('call_ret9', aes_table.c:138) to 'aes_expandEncKey' [22]  (3.63 ns)

 <State 26>: 3.63ns
The critical path consists of the following:
	'call' operation ('call_ret9', aes_table.c:138) to 'aes_expandEncKey' [22]  (3.63 ns)

 <State 27>: 3.63ns
The critical path consists of the following:
	'call' operation ('call_ret9', aes_table.c:138) to 'aes_expandEncKey' [22]  (3.63 ns)

 <State 28>: 3.63ns
The critical path consists of the following:
	'call' operation ('call_ret9', aes_table.c:138) to 'aes_expandEncKey' [22]  (3.63 ns)

 <State 29>: 3.6ns
The critical path consists of the following:
	'call' operation ('call_ret9', aes_table.c:138) to 'aes_expandEncKey' [22]  (3.22 ns)
	'store' operation ('store_ln137', aes_table.c:137) of variable 'ctx_ret4', aes_table.c:138 on local variable 'ctx7' [26]  (0.387 ns)


============================================================
+ Verbose Summary: Binding
============================================================
N/A
* FSMD analyzer results:
  - Output states:
 - Input state : 
  - Chain level:
	State 1
	State 2
	State 3
	State 4
	State 5
	State 6
	State 7
	State 8
	State 9
	State 10
	State 11
	State 12
	State 13
	State 14
	State 15
	State 16
	State 17
	State 18
	State 19
	State 20
	State 21
	State 22
	State 23
	State 24
	State 25
	State 26
	State 27
	State 28
	State 29


============================================================
+ Verbose Summary: Datapath Resource usage 
============================================================
N/A
