

================================================================
== Vitis HLS Report for 'aes256_encrypt_ecb'
================================================================
* Date:           Thu Apr  3 13:14:12 2025

* Version:        2022.2.2 (Build 3779808 on Feb 17 2023)
* Project:        hls_prj
* Solution:       solution (Vivado IP Flow Target)
* Product family: virtexuplus
* Target device:  xcu55c-fsvh2892-2L-e


================================================================
== Performance Estimates
================================================================
+ Timing: 
    * Summary: 
    +--------+---------+----------+------------+
    |  Clock |  Target | Estimated| Uncertainty|
    +--------+---------+----------+------------+
    |ap_clk  |  5.00 ns|  3.627 ns|     1.35 ns|
    +--------+---------+----------+------------+

+ Latency: 
    * Summary: 
    +---------+---------+----------+----------+-----+-----+---------+
    |  Latency (cycles) |  Latency (absolute) |  Interval | Pipeline|
    |   min   |   max   |    min   |    max   | min | max |   Type  |
    +---------+---------+----------+----------+-----+-----+---------+
    |      693|      693|  3.465 us|  3.465 us|  694|  694|       no|
    +---------+---------+----------+----------+-----+-----+---------+

    + Detail: 
        * Instance: 
        +-----------------------------------------------+------------------------------------+---------+---------+-----------+-----------+-----+-----+---------+
        |                                               |                                    |  Latency (cycles) |   Latency (absolute)  |  Interval | Pipeline|
        |                    Instance                   |               Module               |   min   |   max   |    min    |    max    | min | max |   Type  |
        +-----------------------------------------------+------------------------------------+---------+---------+-----------+-----------+-----+-----+---------+
        |grp_aes256_encrypt_ecb_Pipeline_ecb1_fu_223    |aes256_encrypt_ecb_Pipeline_ecb1    |       34|       34|   0.170 us|   0.170 us|   34|   34|       no|
        |grp_aes256_encrypt_ecb_Pipeline_ecb2_fu_232    |aes256_encrypt_ecb_Pipeline_ecb2    |      192|      192|   0.960 us|   0.960 us|  192|  192|       no|
        |grp_aes256_encrypt_ecb_Pipeline_cpkey_fu_240   |aes256_encrypt_ecb_Pipeline_cpkey   |       19|       19|  95.000 ns|  95.000 ns|   19|   19|       no|
        |grp_aes256_encrypt_ecb_Pipeline_ecb3_fu_248    |aes256_encrypt_ecb_Pipeline_ecb3    |      371|      371|   1.855 us|   1.855 us|  371|  371|       no|
        |grp_aes256_encrypt_ecb_Pipeline_sub_fu_259     |aes256_encrypt_ecb_Pipeline_sub     |       20|       20|   0.100 us|   0.100 us|   20|   20|       no|
        |grp_aes_expandEncKey_fu_267                    |aes_expandEncKey                    |       27|       27|   0.135 us|   0.135 us|    1|    1|      yes|
        |grp_aes256_encrypt_ecb_Pipeline_addkey_fu_277  |aes256_encrypt_ecb_Pipeline_addkey  |       19|       19|  95.000 ns|  95.000 ns|   19|   19|       no|
        +-----------------------------------------------+------------------------------------+---------+---------+-----------+-----------+-----+-----+---------+

        * Loop: 
        N/A

============================================================
+ Verbose Summary: Synthesis Manager
============================================================
InlineROM: 1
ExposeGlobal: 0
============================================================
+ Verbose Summary: CDFG Model
============================================================
IsTopModel: 1
ResetActiveHigh: 1
IsCombinational: 0
IsDatapathOnly: 0
HasWiredReturn: 1
HasMFsm: 0
HasVarLatency: 1
IsPipeline: 0
IsRtlPipelined: 0
IsInstanceOverlapped: 0
IsDontTouch: 0
HasImplIP: 0
IsGatedGlobalClock: 0


============================================================
+ Verbose Summary: Schedule
============================================================
* Number of FSM states : 39
* Pipeline : 0
* Dataflow Pipeline: 0

* FSM state transitions: 
1 --> 2 
2 --> 3 
3 --> 4 
4 --> 5 
5 --> 6 
6 --> 7 
7 --> 8 
8 --> 9 
9 --> 10 
10 --> 11 
11 --> 12 
12 --> 13 
13 --> 14 
14 --> 15 
15 --> 16 
16 --> 17 
17 --> 18 
18 --> 19 
19 --> 20 
20 --> 21 
21 --> 22 
22 --> 23 
23 --> 24 
24 --> 25 
25 --> 26 
26 --> 27 
27 --> 28 
28 --> 29 
29 --> 30 
30 --> 31 
31 --> 32 
32 --> 33 
33 --> 34 
34 --> 35 
35 --> 36 
36 --> 37 
37 --> 38 
38 --> 39 
39 --> 

* FSM state operations: 

State 1 <SV = 0> <Delay = 0.38>
ST_1 : Operation 40 [1/1] (0.00ns)   --->   "%ctx10_loc = alloca i64 1"   --->   Operation 40 'alloca' 'ctx10_loc' <Predicate = true> <Delay = 0.00>
ST_1 : Operation 41 [1/1] (0.00ns)   --->   "%rcon_1_loc = alloca i64 1"   --->   Operation 41 'alloca' 'rcon_1_loc' <Predicate = true> <Delay = 0.00>
ST_1 : Operation 42 [1/1] (0.00ns)   --->   "%or_ln74_1_loc = alloca i64 1"   --->   Operation 42 'alloca' 'or_ln74_1_loc' <Predicate = true> <Delay = 0.00>
ST_1 : Operation 43 [1/1] (0.00ns)   --->   "%ctx7_loc = alloca i64 1"   --->   Operation 43 'alloca' 'ctx7_loc' <Predicate = true> <Delay = 0.00>
ST_1 : Operation 44 [1/1] (0.00ns)   --->   "%p_partset613_loc = alloca i64 1"   --->   Operation 44 'alloca' 'p_partset613_loc' <Predicate = true> <Delay = 0.00>
ST_1 : Operation 45 [1/1] (0.00ns)   --->   "%ctx_read = read i768 @_ssdm_op_Read.ap_auto.i768P0A, i768 %ctx" [aes_table.c:135]   --->   Operation 45 'read' 'ctx_read' <Predicate = true> <Delay = 0.00>
ST_1 : Operation 46 [2/2] (0.38ns)   --->   "%call_ln135 = call void @aes256_encrypt_ecb_Pipeline_ecb1, i768 %ctx_read, i8 %k, i768 %p_partset613_loc" [aes_table.c:135]   --->   Operation 46 'call' 'call_ln135' <Predicate = true> <Delay = 0.38> <CoreType = "Generic">   --->   Core 0 '' <Latency = 0> <II = 1> <Delay = 1.00> <Generic> <Opcode : >

State 2 <SV = 1> <Delay = 1.00>
ST_2 : Operation 47 [1/2] (1.00ns)   --->   "%call_ln135 = call void @aes256_encrypt_ecb_Pipeline_ecb1, i768 %ctx_read, i8 %k, i768 %p_partset613_loc" [aes_table.c:135]   --->   Operation 47 'call' 'call_ln135' <Predicate = true> <Delay = 1.00> <CoreType = "Generic">   --->   Core 0 '' <Latency = 0> <II = 1> <Delay = 1.00> <Generic> <Opcode : >

State 3 <SV = 2> <Delay = 0.38>
ST_3 : Operation 48 [1/1] (0.00ns)   --->   "%p_partset613_loc_load = load i768 %p_partset613_loc"   --->   Operation 48 'load' 'p_partset613_loc_load' <Predicate = true> <Delay = 0.00>
ST_3 : Operation 49 [2/2] (0.38ns)   --->   "%call_ln0 = call void @aes256_encrypt_ecb_Pipeline_ecb2, i768 %p_partset613_loc_load, i768 %ctx7_loc, i8 %sbox"   --->   Operation 49 'call' 'call_ln0' <Predicate = true> <Delay = 0.38> <CoreType = "Generic">   --->   Core 0 '' <Latency = 0> <II = 1> <Delay = 1.00> <Generic> <Opcode : >

State 4 <SV = 3> <Delay = 0.00>
ST_4 : Operation 50 [1/2] (0.00ns)   --->   "%call_ln0 = call void @aes256_encrypt_ecb_Pipeline_ecb2, i768 %p_partset613_loc_load, i768 %ctx7_loc, i8 %sbox"   --->   Operation 50 'call' 'call_ln0' <Predicate = true> <Delay = 0.00> <CoreType = "Generic">   --->   Core 0 '' <Latency = 0> <II = 1> <Delay = 1.00> <Generic> <Opcode : >

State 5 <SV = 4> <Delay = 0.38>
ST_5 : Operation 51 [1/1] (0.00ns)   --->   "%ctx7_loc_load = load i768 %ctx7_loc"   --->   Operation 51 'load' 'ctx7_loc_load' <Predicate = true> <Delay = 0.00>
ST_5 : Operation 52 [2/2] (0.38ns)   --->   "%call_ln0 = call void @aes256_encrypt_ecb_Pipeline_cpkey, i768 %ctx7_loc_load, i8 %buf_r, i768 %or_ln74_1_loc"   --->   Operation 52 'call' 'call_ln0' <Predicate = true> <Delay = 0.38> <CoreType = "Generic">   --->   Core 0 '' <Latency = 0> <II = 1> <Delay = 1.00> <Generic> <Opcode : >

State 6 <SV = 5> <Delay = 0.00>
ST_6 : Operation 53 [1/2] (0.00ns)   --->   "%call_ln0 = call void @aes256_encrypt_ecb_Pipeline_cpkey, i768 %ctx7_loc_load, i8 %buf_r, i768 %or_ln74_1_loc"   --->   Operation 53 'call' 'call_ln0' <Predicate = true> <Delay = 0.00> <CoreType = "Generic">   --->   Core 0 '' <Latency = 0> <II = 1> <Delay = 1.00> <Generic> <Opcode : >

State 7 <SV = 6> <Delay = 0.38>
ST_7 : Operation 54 [1/1] (0.00ns)   --->   "%or_ln74_1_loc_load = load i768 %or_ln74_1_loc"   --->   Operation 54 'load' 'or_ln74_1_loc_load' <Predicate = true> <Delay = 0.00>
ST_7 : Operation 55 [2/2] (0.38ns)   --->   "%call_ln0 = call void @aes256_encrypt_ecb_Pipeline_ecb3, i768 %or_ln74_1_loc_load, i8 %buf_r, i8 %rcon_1_loc, i768 %ctx10_loc, i8 %sbox"   --->   Operation 55 'call' 'call_ln0' <Predicate = true> <Delay = 0.38> <CoreType = "Generic">   --->   Core 0 '' <Latency = 0> <II = 1> <Delay = 1.00> <Generic> <Opcode : >

State 8 <SV = 7> <Delay = 0.00>
ST_8 : Operation 56 [1/2] (0.00ns)   --->   "%call_ln0 = call void @aes256_encrypt_ecb_Pipeline_ecb3, i768 %or_ln74_1_loc_load, i8 %buf_r, i8 %rcon_1_loc, i768 %ctx10_loc, i8 %sbox"   --->   Operation 56 'call' 'call_ln0' <Predicate = true> <Delay = 0.00> <CoreType = "Generic">   --->   Core 0 '' <Latency = 0> <II = 1> <Delay = 1.00> <Generic> <Opcode : >

State 9 <SV = 8> <Delay = 0.00>
ST_9 : Operation 57 [2/2] (0.00ns)   --->   "%call_ln0 = call void @aes256_encrypt_ecb_Pipeline_sub, i8 %buf_r, i8 %sbox"   --->   Operation 57 'call' 'call_ln0' <Predicate = true> <Delay = 0.00> <CoreType = "Generic">   --->   Core 0 '' <Latency = 0> <II = 1> <Delay = 1.00> <Generic> <Opcode : >

State 10 <SV = 9> <Delay = 0.00>
ST_10 : Operation 58 [1/2] (0.00ns)   --->   "%call_ln0 = call void @aes256_encrypt_ecb_Pipeline_sub, i8 %buf_r, i8 %sbox"   --->   Operation 58 'call' 'call_ln0' <Predicate = true> <Delay = 0.00> <CoreType = "Generic">   --->   Core 0 '' <Latency = 0> <II = 1> <Delay = 1.00> <Generic> <Opcode : >

State 11 <SV = 10> <Delay = 2.79>
ST_11 : Operation 59 [1/1] (0.00ns)   --->   "%buf_r_addr_2 = getelementptr i8 %buf_r, i64 0, i64 5" [aes_table.c:83]   --->   Operation 59 'getelementptr' 'buf_r_addr_2' <Predicate = true> <Delay = 0.00>
ST_11 : Operation 60 [1/1] (0.00ns)   --->   "%rcon_1_loc_load = load i8 %rcon_1_loc"   --->   Operation 60 'load' 'rcon_1_loc_load' <Predicate = true> <Delay = 0.00>
ST_11 : Operation 61 [1/1] (0.00ns)   --->   "%ctx10_loc_load = load i768 %ctx10_loc"   --->   Operation 61 'load' 'ctx10_loc_load' <Predicate = true> <Delay = 0.00>
ST_11 : Operation 62 [2/2] (0.66ns)   --->   "%buf_r_load_4 = load i4 %buf_r_addr_2" [aes_table.c:83]   --->   Operation 62 'load' 'buf_r_load_4' <Predicate = true> <Delay = 0.66> <CoreInst = "RAM">   --->   Core 83 'RAM' <Latency = 1> <II = 1> <Delay = 0.66> <Storage> <Opcode : 'load' 'store'> <Ports = 2> <Width = 8> <Depth = 16> <RAM>
ST_11 : Operation 63 [28/28] (2.79ns)   --->   "%call_ret = call i776 @aes_expandEncKey, i768 %ctx10_loc_load, i10 0, i8 %rcon_1_loc_load, i8 %sbox" [aes_table.c:153]   --->   Operation 63 'call' 'call_ret' <Predicate = true> <Delay = 2.79> <CoreType = "Generic">   --->   Core 0 '' <Latency = 0> <II = 1> <Delay = 1.00> <Generic> <Opcode : >

State 12 <SV = 11> <Delay = 3.62>
ST_12 : Operation 64 [1/1] (0.00ns)   --->   "%buf_r_addr_4 = getelementptr i8 %buf_r, i64 0, i64 13" [aes_table.c:83]   --->   Operation 64 'getelementptr' 'buf_r_addr_4' <Predicate = true> <Delay = 0.00>
ST_12 : Operation 65 [1/2] (0.66ns)   --->   "%buf_r_load_4 = load i4 %buf_r_addr_2" [aes_table.c:83]   --->   Operation 65 'load' 'buf_r_load_4' <Predicate = true> <Delay = 0.66> <CoreInst = "RAM">   --->   Core 83 'RAM' <Latency = 1> <II = 1> <Delay = 0.66> <Storage> <Opcode : 'load' 'store'> <Ports = 2> <Width = 8> <Depth = 16> <RAM>
ST_12 : Operation 66 [2/2] (0.66ns)   --->   "%buf_r_load_6 = load i4 %buf_r_addr_4" [aes_table.c:83]   --->   Operation 66 'load' 'buf_r_load_6' <Predicate = true> <Delay = 0.66> <CoreInst = "RAM">   --->   Core 83 'RAM' <Latency = 1> <II = 1> <Delay = 0.66> <Storage> <Opcode : 'load' 'store'> <Ports = 2> <Width = 8> <Depth = 16> <RAM>
ST_12 : Operation 67 [27/28] (3.62ns)   --->   "%call_ret = call i776 @aes_expandEncKey, i768 %ctx10_loc_load, i10 0, i8 %rcon_1_loc_load, i8 %sbox" [aes_table.c:153]   --->   Operation 67 'call' 'call_ret' <Predicate = true> <Delay = 3.62> <CoreType = "Generic">   --->   Core 0 '' <Latency = 0> <II = 1> <Delay = 1.00> <Generic> <Opcode : >

State 13 <SV = 12> <Delay = 3.62>
ST_13 : Operation 68 [1/1] (0.00ns)   --->   "%buf_r_addr_6 = getelementptr i8 %buf_r, i64 0, i64 2" [aes_table.c:84]   --->   Operation 68 'getelementptr' 'buf_r_addr_6' <Predicate = true> <Delay = 0.00>
ST_13 : Operation 69 [1/2] (0.66ns)   --->   "%buf_r_load_6 = load i4 %buf_r_addr_4" [aes_table.c:83]   --->   Operation 69 'load' 'buf_r_load_6' <Predicate = true> <Delay = 0.66> <CoreInst = "RAM">   --->   Core 83 'RAM' <Latency = 1> <II = 1> <Delay = 0.66> <Storage> <Opcode : 'load' 'store'> <Ports = 2> <Width = 8> <Depth = 16> <RAM>
ST_13 : Operation 70 [2/2] (0.66ns)   --->   "%buf_r_load_8 = load i4 %buf_r_addr_6" [aes_table.c:84]   --->   Operation 70 'load' 'buf_r_load_8' <Predicate = true> <Delay = 0.66> <CoreInst = "RAM">   --->   Core 83 'RAM' <Latency = 1> <II = 1> <Delay = 0.66> <Storage> <Opcode : 'load' 'store'> <Ports = 2> <Width = 8> <Depth = 16> <RAM>
ST_13 : Operation 71 [26/28] (3.62ns)   --->   "%call_ret = call i776 @aes_expandEncKey, i768 %ctx10_loc_load, i10 0, i8 %rcon_1_loc_load, i8 %sbox" [aes_table.c:153]   --->   Operation 71 'call' 'call_ret' <Predicate = true> <Delay = 3.62> <CoreType = "Generic">   --->   Core 0 '' <Latency = 0> <II = 1> <Delay = 1.00> <Generic> <Opcode : >

State 14 <SV = 13> <Delay = 3.62>
ST_14 : Operation 72 [1/1] (0.00ns)   --->   "%buf_r_addr_8 = getelementptr i8 %buf_r, i64 0, i64 15" [aes_table.c:85]   --->   Operation 72 'getelementptr' 'buf_r_addr_8' <Predicate = true> <Delay = 0.00>
ST_14 : Operation 73 [1/2] (0.66ns)   --->   "%buf_r_load_8 = load i4 %buf_r_addr_6" [aes_table.c:84]   --->   Operation 73 'load' 'buf_r_load_8' <Predicate = true> <Delay = 0.66> <CoreInst = "RAM">   --->   Core 83 'RAM' <Latency = 1> <II = 1> <Delay = 0.66> <Storage> <Opcode : 'load' 'store'> <Ports = 2> <Width = 8> <Depth = 16> <RAM>
ST_14 : Operation 74 [2/2] (0.66ns)   --->   "%buf_r_load_10 = load i4 %buf_r_addr_8" [aes_table.c:85]   --->   Operation 74 'load' 'buf_r_load_10' <Predicate = true> <Delay = 0.66> <CoreInst = "RAM">   --->   Core 83 'RAM' <Latency = 1> <II = 1> <Delay = 0.66> <Storage> <Opcode : 'load' 'store'> <Ports = 2> <Width = 8> <Depth = 16> <RAM>
ST_14 : Operation 75 [25/28] (3.62ns)   --->   "%call_ret = call i776 @aes_expandEncKey, i768 %ctx10_loc_load, i10 0, i8 %rcon_1_loc_load, i8 %sbox" [aes_table.c:153]   --->   Operation 75 'call' 'call_ret' <Predicate = true> <Delay = 3.62> <CoreType = "Generic">   --->   Core 0 '' <Latency = 0> <II = 1> <Delay = 1.00> <Generic> <Opcode : >

State 15 <SV = 14> <Delay = 3.62>
ST_15 : Operation 76 [1/1] (0.00ns)   --->   "%buf_r_addr_1 = getelementptr i8 %buf_r, i64 0, i64 1" [aes_table.c:83]   --->   Operation 76 'getelementptr' 'buf_r_addr_1' <Predicate = true> <Delay = 0.00>
ST_15 : Operation 77 [1/1] (0.00ns)   --->   "%buf_r_addr_10 = getelementptr i8 %buf_r, i64 0, i64 7" [aes_table.c:85]   --->   Operation 77 'getelementptr' 'buf_r_addr_10' <Predicate = true> <Delay = 0.00>
ST_15 : Operation 78 [2/2] (0.66ns)   --->   "%i = load i4 %buf_r_addr_1" [aes_table.c:83]   --->   Operation 78 'load' 'i' <Predicate = true> <Delay = 0.66> <CoreInst = "RAM">   --->   Core 83 'RAM' <Latency = 1> <II = 1> <Delay = 0.66> <Storage> <Opcode : 'load' 'store'> <Ports = 2> <Width = 8> <Depth = 16> <RAM>
ST_15 : Operation 79 [1/2] (0.66ns)   --->   "%buf_r_load_10 = load i4 %buf_r_addr_8" [aes_table.c:85]   --->   Operation 79 'load' 'buf_r_load_10' <Predicate = true> <Delay = 0.66> <CoreInst = "RAM">   --->   Core 83 'RAM' <Latency = 1> <II = 1> <Delay = 0.66> <Storage> <Opcode : 'load' 'store'> <Ports = 2> <Width = 8> <Depth = 16> <RAM>
ST_15 : Operation 80 [2/2] (0.66ns)   --->   "%buf_r_load_12 = load i4 %buf_r_addr_10" [aes_table.c:85]   --->   Operation 80 'load' 'buf_r_load_12' <Predicate = true> <Delay = 0.66> <CoreInst = "RAM">   --->   Core 83 'RAM' <Latency = 1> <II = 1> <Delay = 0.66> <Storage> <Opcode : 'load' 'store'> <Ports = 2> <Width = 8> <Depth = 16> <RAM>
ST_15 : Operation 81 [24/28] (3.62ns)   --->   "%call_ret = call i776 @aes_expandEncKey, i768 %ctx10_loc_load, i10 0, i8 %rcon_1_loc_load, i8 %sbox" [aes_table.c:153]   --->   Operation 81 'call' 'call_ret' <Predicate = true> <Delay = 3.62> <CoreType = "Generic">   --->   Core 0 '' <Latency = 0> <II = 1> <Delay = 1.00> <Generic> <Opcode : >

State 16 <SV = 15> <Delay = 3.62>
ST_16 : Operation 82 [1/1] (0.00ns)   --->   "%buf_r_addr_3 = getelementptr i8 %buf_r, i64 0, i64 9" [aes_table.c:83]   --->   Operation 82 'getelementptr' 'buf_r_addr_3' <Predicate = true> <Delay = 0.00>
ST_16 : Operation 83 [1/1] (0.00ns)   --->   "%buf_r_addr_12 = getelementptr i8 %buf_r, i64 0, i64 6" [aes_table.c:86]   --->   Operation 83 'getelementptr' 'buf_r_addr_12' <Predicate = true> <Delay = 0.00>
ST_16 : Operation 84 [1/2] (0.66ns)   --->   "%i = load i4 %buf_r_addr_1" [aes_table.c:83]   --->   Operation 84 'load' 'i' <Predicate = true> <Delay = 0.66> <CoreInst = "RAM">   --->   Core 83 'RAM' <Latency = 1> <II = 1> <Delay = 0.66> <Storage> <Opcode : 'load' 'store'> <Ports = 2> <Width = 8> <Depth = 16> <RAM>
ST_16 : Operation 85 [2/2] (0.66ns)   --->   "%buf_r_load_5 = load i4 %buf_r_addr_3" [aes_table.c:83]   --->   Operation 85 'load' 'buf_r_load_5' <Predicate = true> <Delay = 0.66> <CoreInst = "RAM">   --->   Core 83 'RAM' <Latency = 1> <II = 1> <Delay = 0.66> <Storage> <Opcode : 'load' 'store'> <Ports = 2> <Width = 8> <Depth = 16> <RAM>
ST_16 : Operation 86 [1/2] (0.66ns)   --->   "%buf_r_load_12 = load i4 %buf_r_addr_10" [aes_table.c:85]   --->   Operation 86 'load' 'buf_r_load_12' <Predicate = true> <Delay = 0.66> <CoreInst = "RAM">   --->   Core 83 'RAM' <Latency = 1> <II = 1> <Delay = 0.66> <Storage> <Opcode : 'load' 'store'> <Ports = 2> <Width = 8> <Depth = 16> <RAM>
ST_16 : Operation 87 [2/2] (0.66ns)   --->   "%buf_r_load_14 = load i4 %buf_r_addr_12" [aes_table.c:86]   --->   Operation 87 'load' 'buf_r_load_14' <Predicate = true> <Delay = 0.66> <CoreInst = "RAM">   --->   Core 83 'RAM' <Latency = 1> <II = 1> <Delay = 0.66> <Storage> <Opcode : 'load' 'store'> <Ports = 2> <Width = 8> <Depth = 16> <RAM>
ST_16 : Operation 88 [23/28] (3.62ns)   --->   "%call_ret = call i776 @aes_expandEncKey, i768 %ctx10_loc_load, i10 0, i8 %rcon_1_loc_load, i8 %sbox" [aes_table.c:153]   --->   Operation 88 'call' 'call_ret' <Predicate = true> <Delay = 3.62> <CoreType = "Generic">   --->   Core 0 '' <Latency = 0> <II = 1> <Delay = 1.00> <Generic> <Opcode : >

State 17 <SV = 16> <Delay = 3.62>
ST_17 : Operation 89 [1/1] (0.00ns)   --->   "%buf_r_addr_5 = getelementptr i8 %buf_r, i64 0, i64 10" [aes_table.c:84]   --->   Operation 89 'getelementptr' 'buf_r_addr_5' <Predicate = true> <Delay = 0.00>
ST_17 : Operation 90 [1/2] (0.66ns)   --->   "%buf_r_load_5 = load i4 %buf_r_addr_3" [aes_table.c:83]   --->   Operation 90 'load' 'buf_r_load_5' <Predicate = true> <Delay = 0.66> <CoreInst = "RAM">   --->   Core 83 'RAM' <Latency = 1> <II = 1> <Delay = 0.66> <Storage> <Opcode : 'load' 'store'> <Ports = 2> <Width = 8> <Depth = 16> <RAM>
ST_17 : Operation 91 [1/1] (0.66ns)   --->   "%store_ln83 = store i8 %buf_r_load_5, i4 %buf_r_addr_2" [aes_table.c:83]   --->   Operation 91 'store' 'store_ln83' <Predicate = true> <Delay = 0.66> <CoreInst = "RAM">   --->   Core 83 'RAM' <Latency = 1> <II = 1> <Delay = 0.66> <Storage> <Opcode : 'load' 'store'> <Ports = 2> <Width = 8> <Depth = 16> <RAM>
ST_17 : Operation 92 [2/2] (0.66ns)   --->   "%i_8 = load i4 %buf_r_addr_5" [aes_table.c:84]   --->   Operation 92 'load' 'i_8' <Predicate = true> <Delay = 0.66> <CoreInst = "RAM">   --->   Core 83 'RAM' <Latency = 1> <II = 1> <Delay = 0.66> <Storage> <Opcode : 'load' 'store'> <Ports = 2> <Width = 8> <Depth = 16> <RAM>
ST_17 : Operation 93 [1/2] (0.66ns)   --->   "%buf_r_load_14 = load i4 %buf_r_addr_12" [aes_table.c:86]   --->   Operation 93 'load' 'buf_r_load_14' <Predicate = true> <Delay = 0.66> <CoreInst = "RAM">   --->   Core 83 'RAM' <Latency = 1> <II = 1> <Delay = 0.66> <Storage> <Opcode : 'load' 'store'> <Ports = 2> <Width = 8> <Depth = 16> <RAM>
ST_17 : Operation 94 [22/28] (3.62ns)   --->   "%call_ret = call i776 @aes_expandEncKey, i768 %ctx10_loc_load, i10 0, i8 %rcon_1_loc_load, i8 %sbox" [aes_table.c:153]   --->   Operation 94 'call' 'call_ret' <Predicate = true> <Delay = 3.62> <CoreType = "Generic">   --->   Core 0 '' <Latency = 0> <II = 1> <Delay = 1.00> <Generic> <Opcode : >

State 18 <SV = 17> <Delay = 3.62>
ST_18 : Operation 95 [1/1] (0.00ns)   --->   "%buf_r_addr_7 = getelementptr i8 %buf_r, i64 0, i64 3" [aes_table.c:85]   --->   Operation 95 'getelementptr' 'buf_r_addr_7' <Predicate = true> <Delay = 0.00>
ST_18 : Operation 96 [1/1] (0.66ns)   --->   "%store_ln83 = store i8 %i, i4 %buf_r_addr_4" [aes_table.c:83]   --->   Operation 96 'store' 'store_ln83' <Predicate = true> <Delay = 0.66> <CoreInst = "RAM">   --->   Core 83 'RAM' <Latency = 1> <II = 1> <Delay = 0.66> <Storage> <Opcode : 'load' 'store'> <Ports = 2> <Width = 8> <Depth = 16> <RAM>
ST_18 : Operation 97 [1/2] (0.66ns)   --->   "%i_8 = load i4 %buf_r_addr_5" [aes_table.c:84]   --->   Operation 97 'load' 'i_8' <Predicate = true> <Delay = 0.66> <CoreInst = "RAM">   --->   Core 83 'RAM' <Latency = 1> <II = 1> <Delay = 0.66> <Storage> <Opcode : 'load' 'store'> <Ports = 2> <Width = 8> <Depth = 16> <RAM>
ST_18 : Operation 98 [2/2] (0.66ns)   --->   "%j = load i4 %buf_r_addr_7" [aes_table.c:85]   --->   Operation 98 'load' 'j' <Predicate = true> <Delay = 0.66> <CoreInst = "RAM">   --->   Core 83 'RAM' <Latency = 1> <II = 1> <Delay = 0.66> <Storage> <Opcode : 'load' 'store'> <Ports = 2> <Width = 8> <Depth = 16> <RAM>
ST_18 : Operation 99 [21/28] (3.62ns)   --->   "%call_ret = call i776 @aes_expandEncKey, i768 %ctx10_loc_load, i10 0, i8 %rcon_1_loc_load, i8 %sbox" [aes_table.c:153]   --->   Operation 99 'call' 'call_ret' <Predicate = true> <Delay = 3.62> <CoreType = "Generic">   --->   Core 0 '' <Latency = 0> <II = 1> <Delay = 1.00> <Generic> <Opcode : >

State 19 <SV = 18> <Delay = 3.62>
ST_19 : Operation 100 [1/1] (0.00ns)   --->   "%buf_r_addr_9 = getelementptr i8 %buf_r, i64 0, i64 11" [aes_table.c:85]   --->   Operation 100 'getelementptr' 'buf_r_addr_9' <Predicate = true> <Delay = 0.00>
ST_19 : Operation 101 [1/1] (0.66ns)   --->   "%store_ln84 = store i8 %i_8, i4 %buf_r_addr_6" [aes_table.c:84]   --->   Operation 101 'store' 'store_ln84' <Predicate = true> <Delay = 0.66> <CoreInst = "RAM">   --->   Core 83 'RAM' <Latency = 1> <II = 1> <Delay = 0.66> <Storage> <Opcode : 'load' 'store'> <Ports = 2> <Width = 8> <Depth = 16> <RAM>
ST_19 : Operation 102 [1/2] (0.66ns)   --->   "%j = load i4 %buf_r_addr_7" [aes_table.c:85]   --->   Operation 102 'load' 'j' <Predicate = true> <Delay = 0.66> <CoreInst = "RAM">   --->   Core 83 'RAM' <Latency = 1> <II = 1> <Delay = 0.66> <Storage> <Opcode : 'load' 'store'> <Ports = 2> <Width = 8> <Depth = 16> <RAM>
ST_19 : Operation 103 [2/2] (0.66ns)   --->   "%buf_r_load_11 = load i4 %buf_r_addr_9" [aes_table.c:85]   --->   Operation 103 'load' 'buf_r_load_11' <Predicate = true> <Delay = 0.66> <CoreInst = "RAM">   --->   Core 83 'RAM' <Latency = 1> <II = 1> <Delay = 0.66> <Storage> <Opcode : 'load' 'store'> <Ports = 2> <Width = 8> <Depth = 16> <RAM>
ST_19 : Operation 104 [20/28] (3.62ns)   --->   "%call_ret = call i776 @aes_expandEncKey, i768 %ctx10_loc_load, i10 0, i8 %rcon_1_loc_load, i8 %sbox" [aes_table.c:153]   --->   Operation 104 'call' 'call_ret' <Predicate = true> <Delay = 3.62> <CoreType = "Generic">   --->   Core 0 '' <Latency = 0> <II = 1> <Delay = 1.00> <Generic> <Opcode : >

State 20 <SV = 19> <Delay = 3.62>
ST_20 : Operation 105 [1/1] (0.00ns)   --->   "%buf_r_addr_11 = getelementptr i8 %buf_r, i64 0, i64 14" [aes_table.c:86]   --->   Operation 105 'getelementptr' 'buf_r_addr_11' <Predicate = true> <Delay = 0.00>
ST_20 : Operation 106 [1/2] (0.66ns)   --->   "%buf_r_load_11 = load i4 %buf_r_addr_9" [aes_table.c:85]   --->   Operation 106 'load' 'buf_r_load_11' <Predicate = true> <Delay = 0.66> <CoreInst = "RAM">   --->   Core 83 'RAM' <Latency = 1> <II = 1> <Delay = 0.66> <Storage> <Opcode : 'load' 'store'> <Ports = 2> <Width = 8> <Depth = 16> <RAM>
ST_20 : Operation 107 [1/1] (0.66ns)   --->   "%store_ln85 = store i8 %buf_r_load_11, i4 %buf_r_addr_8" [aes_table.c:85]   --->   Operation 107 'store' 'store_ln85' <Predicate = true> <Delay = 0.66> <CoreInst = "RAM">   --->   Core 83 'RAM' <Latency = 1> <II = 1> <Delay = 0.66> <Storage> <Opcode : 'load' 'store'> <Ports = 2> <Width = 8> <Depth = 16> <RAM>
ST_20 : Operation 108 [2/2] (0.66ns)   --->   "%j_2 = load i4 %buf_r_addr_11" [aes_table.c:86]   --->   Operation 108 'load' 'j_2' <Predicate = true> <Delay = 0.66> <CoreInst = "RAM">   --->   Core 83 'RAM' <Latency = 1> <II = 1> <Delay = 0.66> <Storage> <Opcode : 'load' 'store'> <Ports = 2> <Width = 8> <Depth = 16> <RAM>
ST_20 : Operation 109 [19/28] (3.62ns)   --->   "%call_ret = call i776 @aes_expandEncKey, i768 %ctx10_loc_load, i10 0, i8 %rcon_1_loc_load, i8 %sbox" [aes_table.c:153]   --->   Operation 109 'call' 'call_ret' <Predicate = true> <Delay = 3.62> <CoreType = "Generic">   --->   Core 0 '' <Latency = 0> <II = 1> <Delay = 1.00> <Generic> <Opcode : >

State 21 <SV = 20> <Delay = 3.62>
ST_21 : Operation 110 [1/1] (0.66ns)   --->   "%store_ln83 = store i8 %buf_r_load_4, i4 %buf_r_addr_1" [aes_table.c:83]   --->   Operation 110 'store' 'store_ln83' <Predicate = true> <Delay = 0.66> <CoreInst = "RAM">   --->   Core 83 'RAM' <Latency = 1> <II = 1> <Delay = 0.66> <Storage> <Opcode : 'load' 'store'> <Ports = 2> <Width = 8> <Depth = 16> <RAM>
ST_21 : Operation 111 [1/1] (0.66ns)   --->   "%store_ln85 = store i8 %j, i4 %buf_r_addr_10" [aes_table.c:85]   --->   Operation 111 'store' 'store_ln85' <Predicate = true> <Delay = 0.66> <CoreInst = "RAM">   --->   Core 83 'RAM' <Latency = 1> <II = 1> <Delay = 0.66> <Storage> <Opcode : 'load' 'store'> <Ports = 2> <Width = 8> <Depth = 16> <RAM>
ST_21 : Operation 112 [1/2] (0.66ns)   --->   "%j_2 = load i4 %buf_r_addr_11" [aes_table.c:86]   --->   Operation 112 'load' 'j_2' <Predicate = true> <Delay = 0.66> <CoreInst = "RAM">   --->   Core 83 'RAM' <Latency = 1> <II = 1> <Delay = 0.66> <Storage> <Opcode : 'load' 'store'> <Ports = 2> <Width = 8> <Depth = 16> <RAM>
ST_21 : Operation 113 [18/28] (3.62ns)   --->   "%call_ret = call i776 @aes_expandEncKey, i768 %ctx10_loc_load, i10 0, i8 %rcon_1_loc_load, i8 %sbox" [aes_table.c:153]   --->   Operation 113 'call' 'call_ret' <Predicate = true> <Delay = 3.62> <CoreType = "Generic">   --->   Core 0 '' <Latency = 0> <II = 1> <Delay = 1.00> <Generic> <Opcode : >

State 22 <SV = 21> <Delay = 3.62>
ST_22 : Operation 114 [1/1] (0.66ns)   --->   "%store_ln83 = store i8 %buf_r_load_6, i4 %buf_r_addr_3" [aes_table.c:83]   --->   Operation 114 'store' 'store_ln83' <Predicate = true> <Delay = 0.66> <CoreInst = "RAM">   --->   Core 83 'RAM' <Latency = 1> <II = 1> <Delay = 0.66> <Storage> <Opcode : 'load' 'store'> <Ports = 2> <Width = 8> <Depth = 16> <RAM>
ST_22 : Operation 115 [1/1] (0.66ns)   --->   "%store_ln86 = store i8 %j_2, i4 %buf_r_addr_12" [aes_table.c:86]   --->   Operation 115 'store' 'store_ln86' <Predicate = true> <Delay = 0.66> <CoreInst = "RAM">   --->   Core 83 'RAM' <Latency = 1> <II = 1> <Delay = 0.66> <Storage> <Opcode : 'load' 'store'> <Ports = 2> <Width = 8> <Depth = 16> <RAM>
ST_22 : Operation 116 [17/28] (3.62ns)   --->   "%call_ret = call i776 @aes_expandEncKey, i768 %ctx10_loc_load, i10 0, i8 %rcon_1_loc_load, i8 %sbox" [aes_table.c:153]   --->   Operation 116 'call' 'call_ret' <Predicate = true> <Delay = 3.62> <CoreType = "Generic">   --->   Core 0 '' <Latency = 0> <II = 1> <Delay = 1.00> <Generic> <Opcode : >

State 23 <SV = 22> <Delay = 3.62>
ST_23 : Operation 117 [1/1] (0.66ns)   --->   "%store_ln84 = store i8 %buf_r_load_8, i4 %buf_r_addr_5" [aes_table.c:84]   --->   Operation 117 'store' 'store_ln84' <Predicate = true> <Delay = 0.66> <CoreInst = "RAM">   --->   Core 83 'RAM' <Latency = 1> <II = 1> <Delay = 0.66> <Storage> <Opcode : 'load' 'store'> <Ports = 2> <Width = 8> <Depth = 16> <RAM>
ST_23 : Operation 118 [16/28] (3.62ns)   --->   "%call_ret = call i776 @aes_expandEncKey, i768 %ctx10_loc_load, i10 0, i8 %rcon_1_loc_load, i8 %sbox" [aes_table.c:153]   --->   Operation 118 'call' 'call_ret' <Predicate = true> <Delay = 3.62> <CoreType = "Generic">   --->   Core 0 '' <Latency = 0> <II = 1> <Delay = 1.00> <Generic> <Opcode : >

State 24 <SV = 23> <Delay = 3.62>
ST_24 : Operation 119 [1/1] (0.66ns)   --->   "%store_ln85 = store i8 %buf_r_load_10, i4 %buf_r_addr_7" [aes_table.c:85]   --->   Operation 119 'store' 'store_ln85' <Predicate = true> <Delay = 0.66> <CoreInst = "RAM">   --->   Core 83 'RAM' <Latency = 1> <II = 1> <Delay = 0.66> <Storage> <Opcode : 'load' 'store'> <Ports = 2> <Width = 8> <Depth = 16> <RAM>
ST_24 : Operation 120 [15/28] (3.62ns)   --->   "%call_ret = call i776 @aes_expandEncKey, i768 %ctx10_loc_load, i10 0, i8 %rcon_1_loc_load, i8 %sbox" [aes_table.c:153]   --->   Operation 120 'call' 'call_ret' <Predicate = true> <Delay = 3.62> <CoreType = "Generic">   --->   Core 0 '' <Latency = 0> <II = 1> <Delay = 1.00> <Generic> <Opcode : >

State 25 <SV = 24> <Delay = 3.62>
ST_25 : Operation 121 [1/1] (0.66ns)   --->   "%store_ln85 = store i8 %buf_r_load_12, i4 %buf_r_addr_9" [aes_table.c:85]   --->   Operation 121 'store' 'store_ln85' <Predicate = true> <Delay = 0.66> <CoreInst = "RAM">   --->   Core 83 'RAM' <Latency = 1> <II = 1> <Delay = 0.66> <Storage> <Opcode : 'load' 'store'> <Ports = 2> <Width = 8> <Depth = 16> <RAM>
ST_25 : Operation 122 [14/28] (3.62ns)   --->   "%call_ret = call i776 @aes_expandEncKey, i768 %ctx10_loc_load, i10 0, i8 %rcon_1_loc_load, i8 %sbox" [aes_table.c:153]   --->   Operation 122 'call' 'call_ret' <Predicate = true> <Delay = 3.62> <CoreType = "Generic">   --->   Core 0 '' <Latency = 0> <II = 1> <Delay = 1.00> <Generic> <Opcode : >

State 26 <SV = 25> <Delay = 3.62>
ST_26 : Operation 123 [1/1] (0.66ns)   --->   "%store_ln86 = store i8 %buf_r_load_14, i4 %buf_r_addr_11" [aes_table.c:86]   --->   Operation 123 'store' 'store_ln86' <Predicate = true> <Delay = 0.66> <CoreInst = "RAM">   --->   Core 83 'RAM' <Latency = 1> <II = 1> <Delay = 0.66> <Storage> <Opcode : 'load' 'store'> <Ports = 2> <Width = 8> <Depth = 16> <RAM>
ST_26 : Operation 124 [13/28] (3.62ns)   --->   "%call_ret = call i776 @aes_expandEncKey, i768 %ctx10_loc_load, i10 0, i8 %rcon_1_loc_load, i8 %sbox" [aes_table.c:153]   --->   Operation 124 'call' 'call_ret' <Predicate = true> <Delay = 3.62> <CoreType = "Generic">   --->   Core 0 '' <Latency = 0> <II = 1> <Delay = 1.00> <Generic> <Opcode : >

State 27 <SV = 26> <Delay = 3.62>
ST_27 : Operation 125 [12/28] (3.62ns)   --->   "%call_ret = call i776 @aes_expandEncKey, i768 %ctx10_loc_load, i10 0, i8 %rcon_1_loc_load, i8 %sbox" [aes_table.c:153]   --->   Operation 125 'call' 'call_ret' <Predicate = true> <Delay = 3.62> <CoreType = "Generic">   --->   Core 0 '' <Latency = 0> <II = 1> <Delay = 1.00> <Generic> <Opcode : >

State 28 <SV = 27> <Delay = 3.62>
ST_28 : Operation 126 [11/28] (3.62ns)   --->   "%call_ret = call i776 @aes_expandEncKey, i768 %ctx10_loc_load, i10 0, i8 %rcon_1_loc_load, i8 %sbox" [aes_table.c:153]   --->   Operation 126 'call' 'call_ret' <Predicate = true> <Delay = 3.62> <CoreType = "Generic">   --->   Core 0 '' <Latency = 0> <II = 1> <Delay = 1.00> <Generic> <Opcode : >

State 29 <SV = 28> <Delay = 3.62>
ST_29 : Operation 127 [10/28] (3.62ns)   --->   "%call_ret = call i776 @aes_expandEncKey, i768 %ctx10_loc_load, i10 0, i8 %rcon_1_loc_load, i8 %sbox" [aes_table.c:153]   --->   Operation 127 'call' 'call_ret' <Predicate = true> <Delay = 3.62> <CoreType = "Generic">   --->   Core 0 '' <Latency = 0> <II = 1> <Delay = 1.00> <Generic> <Opcode : >

State 30 <SV = 29> <Delay = 3.62>
ST_30 : Operation 128 [9/28] (3.62ns)   --->   "%call_ret = call i776 @aes_expandEncKey, i768 %ctx10_loc_load, i10 0, i8 %rcon_1_loc_load, i8 %sbox" [aes_table.c:153]   --->   Operation 128 'call' 'call_ret' <Predicate = true> <Delay = 3.62> <CoreType = "Generic">   --->   Core 0 '' <Latency = 0> <II = 1> <Delay = 1.00> <Generic> <Opcode : >

State 31 <SV = 30> <Delay = 3.62>
ST_31 : Operation 129 [8/28] (3.62ns)   --->   "%call_ret = call i776 @aes_expandEncKey, i768 %ctx10_loc_load, i10 0, i8 %rcon_1_loc_load, i8 %sbox" [aes_table.c:153]   --->   Operation 129 'call' 'call_ret' <Predicate = true> <Delay = 3.62> <CoreType = "Generic">   --->   Core 0 '' <Latency = 0> <II = 1> <Delay = 1.00> <Generic> <Opcode : >

State 32 <SV = 31> <Delay = 3.62>
ST_32 : Operation 130 [7/28] (3.62ns)   --->   "%call_ret = call i776 @aes_expandEncKey, i768 %ctx10_loc_load, i10 0, i8 %rcon_1_loc_load, i8 %sbox" [aes_table.c:153]   --->   Operation 130 'call' 'call_ret' <Predicate = true> <Delay = 3.62> <CoreType = "Generic">   --->   Core 0 '' <Latency = 0> <II = 1> <Delay = 1.00> <Generic> <Opcode : >

State 33 <SV = 32> <Delay = 3.62>
ST_33 : Operation 131 [6/28] (3.62ns)   --->   "%call_ret = call i776 @aes_expandEncKey, i768 %ctx10_loc_load, i10 0, i8 %rcon_1_loc_load, i8 %sbox" [aes_table.c:153]   --->   Operation 131 'call' 'call_ret' <Predicate = true> <Delay = 3.62> <CoreType = "Generic">   --->   Core 0 '' <Latency = 0> <II = 1> <Delay = 1.00> <Generic> <Opcode : >

State 34 <SV = 33> <Delay = 3.62>
ST_34 : Operation 132 [5/28] (3.62ns)   --->   "%call_ret = call i776 @aes_expandEncKey, i768 %ctx10_loc_load, i10 0, i8 %rcon_1_loc_load, i8 %sbox" [aes_table.c:153]   --->   Operation 132 'call' 'call_ret' <Predicate = true> <Delay = 3.62> <CoreType = "Generic">   --->   Core 0 '' <Latency = 0> <II = 1> <Delay = 1.00> <Generic> <Opcode : >

State 35 <SV = 34> <Delay = 3.62>
ST_35 : Operation 133 [4/28] (3.62ns)   --->   "%call_ret = call i776 @aes_expandEncKey, i768 %ctx10_loc_load, i10 0, i8 %rcon_1_loc_load, i8 %sbox" [aes_table.c:153]   --->   Operation 133 'call' 'call_ret' <Predicate = true> <Delay = 3.62> <CoreType = "Generic">   --->   Core 0 '' <Latency = 0> <II = 1> <Delay = 1.00> <Generic> <Opcode : >

State 36 <SV = 35> <Delay = 3.62>
ST_36 : Operation 134 [3/28] (3.62ns)   --->   "%call_ret = call i776 @aes_expandEncKey, i768 %ctx10_loc_load, i10 0, i8 %rcon_1_loc_load, i8 %sbox" [aes_table.c:153]   --->   Operation 134 'call' 'call_ret' <Predicate = true> <Delay = 3.62> <CoreType = "Generic">   --->   Core 0 '' <Latency = 0> <II = 1> <Delay = 1.00> <Generic> <Opcode : >

State 37 <SV = 36> <Delay = 3.62>
ST_37 : Operation 135 [2/28] (3.62ns)   --->   "%call_ret = call i776 @aes_expandEncKey, i768 %ctx10_loc_load, i10 0, i8 %rcon_1_loc_load, i8 %sbox" [aes_table.c:153]   --->   Operation 135 'call' 'call_ret' <Predicate = true> <Delay = 3.62> <CoreType = "Generic">   --->   Core 0 '' <Latency = 0> <II = 1> <Delay = 1.00> <Generic> <Opcode : >

State 38 <SV = 37> <Delay = 3.21>
ST_38 : Operation 136 [1/28] (3.21ns)   --->   "%call_ret = call i776 @aes_expandEncKey, i768 %ctx10_loc_load, i10 0, i8 %rcon_1_loc_load, i8 %sbox" [aes_table.c:153]   --->   Operation 136 'call' 'call_ret' <Predicate = true> <Delay = 3.21> <CoreType = "Generic">   --->   Core 0 '' <Latency = 0> <II = 1> <Delay = 1.00> <Generic> <Opcode : >
ST_38 : Operation 137 [1/1] (0.00ns)   --->   "%ctx_ret = extractvalue i776 %call_ret" [aes_table.c:153]   --->   Operation 137 'extractvalue' 'ctx_ret' <Predicate = true> <Delay = 0.00>
ST_38 : Operation 138 [1/1] (0.00ns)   --->   "%write_ln153 = write void @_ssdm_op_Write.ap_auto.i768P0A, i768 %ctx, i768 %ctx_ret" [aes_table.c:153]   --->   Operation 138 'write' 'write_ln153' <Predicate = true> <Delay = 0.00>
ST_38 : Operation 139 [2/2] (0.00ns)   --->   "%call_ln153 = call void @aes256_encrypt_ecb_Pipeline_addkey, i768 %ctx_ret, i8 %buf_r" [aes_table.c:153]   --->   Operation 139 'call' 'call_ln153' <Predicate = true> <Delay = 0.00> <CoreType = "Generic">   --->   Core 0 '' <Latency = 0> <II = 1> <Delay = 1.00> <Generic> <Opcode : >

State 39 <SV = 38> <Delay = 0.00>
ST_39 : Operation 140 [1/1] (0.00ns)   --->   "%spectopmodule_ln128 = spectopmodule void @_ssdm_op_SpecTopModule, void @empty_2" [aes_table.c:128]   --->   Operation 140 'spectopmodule' 'spectopmodule_ln128' <Predicate = true> <Delay = 0.00>
ST_39 : Operation 141 [1/1] (0.00ns)   --->   "%specbitsmap_ln0 = specbitsmap void @_ssdm_op_SpecBitsMap, i768 %ctx"   --->   Operation 141 'specbitsmap' 'specbitsmap_ln0' <Predicate = true> <Delay = 0.00>
ST_39 : Operation 142 [1/1] (0.00ns)   --->   "%specinterface_ln0 = specinterface void @_ssdm_op_SpecInterface, i768 %ctx, void @empty, i32 0, i32 0, void @empty_0, i32 0, i32 0, void @empty_0, void @empty_0, void @empty_0, i32 0, i32 0, i32 0, i32 0, void @empty_0, void @empty_0, i32 4294967295, i32 0"   --->   Operation 142 'specinterface' 'specinterface_ln0' <Predicate = true> <Delay = 0.00>
ST_39 : Operation 143 [1/1] (0.00ns)   --->   "%specinterface_ln0 = specinterface void @_ssdm_op_SpecInterface, i8 %k, void @empty_1, i32 0, i32 0, void @empty_0, i32 4294967295, i32 0, void @empty_0, void @empty_0, void @empty_0, i32 0, i32 0, i32 0, i32 0, void @empty_0, void @empty_0, i32 4294967295, i32 0"   --->   Operation 143 'specinterface' 'specinterface_ln0' <Predicate = true> <Delay = 0.00>
ST_39 : Operation 144 [1/1] (0.00ns)   --->   "%specbitsmap_ln0 = specbitsmap void @_ssdm_op_SpecBitsMap, i8 %k"   --->   Operation 144 'specbitsmap' 'specbitsmap_ln0' <Predicate = true> <Delay = 0.00>
ST_39 : Operation 145 [1/1] (0.00ns)   --->   "%specinterface_ln0 = specinterface void @_ssdm_op_SpecInterface, i8 %buf_r, void @empty_1, i32 0, i32 0, void @empty_0, i32 4294967295, i32 0, void @empty_0, void @empty_0, void @empty_0, i32 0, i32 0, i32 0, i32 0, void @empty_0, void @empty_0, i32 4294967295, i32 0"   --->   Operation 145 'specinterface' 'specinterface_ln0' <Predicate = true> <Delay = 0.00>
ST_39 : Operation 146 [1/1] (0.00ns)   --->   "%specbitsmap_ln0 = specbitsmap void @_ssdm_op_SpecBitsMap, i8 %buf_r"   --->   Operation 146 'specbitsmap' 'specbitsmap_ln0' <Predicate = true> <Delay = 0.00>
ST_39 : Operation 147 [1/2] (0.00ns)   --->   "%call_ln153 = call void @aes256_encrypt_ecb_Pipeline_addkey, i768 %ctx_ret, i8 %buf_r" [aes_table.c:153]   --->   Operation 147 'call' 'call_ln153' <Predicate = true> <Delay = 0.00> <CoreType = "Generic">   --->   Core 0 '' <Latency = 0> <II = 1> <Delay = 1.00> <Generic> <Opcode : >
ST_39 : Operation 148 [1/1] (0.00ns)   --->   "%ret_ln155 = ret" [aes_table.c:155]   --->   Operation 148 'ret' 'ret_ln155' <Predicate = true> <Delay = 0.00>


============================================================
+ Verbose Summary: Binding
============================================================
STG Binding: 
---------------- STG Properties BEGIN ----------------
- Is combinational: 0
- Is one-state seq: 0
- Is datapath-only: 0
- Is pipelined: 0
- Is top level: 1
Port [ Return ] is wired: 1; IO mode=ap_ctrl_hs:ce=0
Port [ ctx]:  wired=1; compound=0; hidden=0; nouse=0; global=0; static=0; extern=0; dir=2; type=0; pingpong=0; private_global=0; IO mode=ap_ovld:ce=0
Port [ k]:  wired=1; compound=1; hidden=0; nouse=0; global=0; static=0; extern=0; dir=0; type=1; pingpong=0; private_global=0; MemPort=[13]; IO mode=ap_memory:ce=0
Port [ buf_r]:  wired=1; compound=1; hidden=0; nouse=0; global=0; static=0; extern=0; dir=2; type=1; pingpong=0; private_global=0; MemPort=[22]; IO mode=ap_memory:ce=0
Port [ sbox]:  wired=0; compound=1; hidden=1; nouse=0; global=1; static=1; extern=0; dir=0; type=1; pingpong=0; private_global=1; MemPort=[11111111]; IO mode=ap_memory:ce=0
---------------- STG Properties END ------------------

---------------- Datapath Model BEGIN ----------------

<LifeTime>
<method=bitvector/>
ctx10_loc             (alloca       ) [ 0011111111110000000000000000000000000000]
rcon_1_loc            (alloca       ) [ 0011111111110000000000000000000000000000]
or_ln74_1_loc         (alloca       ) [ 0011111100000000000000000000000000000000]
ctx7_loc              (alloca       ) [ 0011110000000000000000000000000000000000]
p_partset613_loc      (alloca       ) [ 0111000000000000000000000000000000000000]
ctx_read              (read         ) [ 0010000000000000000000000000000000000000]
call_ln135            (call         ) [ 0000000000000000000000000000000000000000]
p_partset613_loc_load (load         ) [ 0000100000000000000000000000000000000000]
call_ln0              (call         ) [ 0000000000000000000000000000000000000000]
ctx7_loc_load         (load         ) [ 0000001000000000000000000000000000000000]
call_ln0              (call         ) [ 0000000000000000000000000000000000000000]
or_ln74_1_loc_load    (load         ) [ 0000000010000000000000000000000000000000]
call_ln0              (call         ) [ 0000000000000000000000000000000000000000]
call_ln0              (call         ) [ 0000000000000000000000000000000000000000]
buf_r_addr_2          (getelementptr) [ 0000000000001111110000000000000000000000]
rcon_1_loc_load       (load         ) [ 0000000000000000000000000000000000000000]
ctx10_loc_load        (load         ) [ 0000000000000000000000000000000000000000]
buf_r_addr_4          (getelementptr) [ 0000000000000111111000000000000000000000]
buf_r_load_4          (load         ) [ 0000000000000111111111000000000000000000]
buf_r_addr_6          (getelementptr) [ 0000000000000011111100000000000000000000]
buf_r_load_6          (load         ) [ 0000000000000011111111100000000000000000]
buf_r_addr_8          (getelementptr) [ 0000000000000001111110000000000000000000]
buf_r_load_8          (load         ) [ 0000000000000001111111110000000000000000]
buf_r_addr_1          (getelementptr) [ 0000000000000000111111000000000000000000]
buf_r_addr_10         (getelementptr) [ 0000000000000000111111000000000000000000]
buf_r_load_10         (load         ) [ 0000000000000000111111111000000000000000]
buf_r_addr_3          (getelementptr) [ 0000000000000000011111100000000000000000]
buf_r_addr_12         (getelementptr) [ 0000000000000000011111100000000000000000]
i                     (load         ) [ 0000000000000000011000000000000000000000]
buf_r_load_12         (load         ) [ 0000000000000000011111111100000000000000]
buf_r_addr_5          (getelementptr) [ 0000000000000000001111110000000000000000]
buf_r_load_5          (load         ) [ 0000000000000000000000000000000000000000]
store_ln83            (store        ) [ 0000000000000000000000000000000000000000]
buf_r_load_14         (load         ) [ 0000000000000000001111111110000000000000]
buf_r_addr_7          (getelementptr) [ 0000000000000000000111111000000000000000]
store_ln83            (store        ) [ 0000000000000000000000000000000000000000]
i_8                   (load         ) [ 0000000000000000000100000000000000000000]
buf_r_addr_9          (getelementptr) [ 0000000000000000000011111100000000000000]
store_ln84            (store        ) [ 0000000000000000000000000000000000000000]
j                     (load         ) [ 0000000000000000000011000000000000000000]
buf_r_addr_11         (getelementptr) [ 0000000000000000000001111110000000000000]
buf_r_load_11         (load         ) [ 0000000000000000000000000000000000000000]
store_ln85            (store        ) [ 0000000000000000000000000000000000000000]
store_ln83            (store        ) [ 0000000000000000000000000000000000000000]
store_ln85            (store        ) [ 0000000000000000000000000000000000000000]
j_2                   (load         ) [ 0000000000000000000000100000000000000000]
store_ln83            (store        ) [ 0000000000000000000000000000000000000000]
store_ln86            (store        ) [ 0000000000000000000000000000000000000000]
store_ln84            (store        ) [ 0000000000000000000000000000000000000000]
store_ln85            (store        ) [ 0000000000000000000000000000000000000000]
store_ln85            (store        ) [ 0000000000000000000000000000000000000000]
store_ln86            (store        ) [ 0000000000000000000000000000000000000000]
call_ret              (call         ) [ 0000000000000000000000000000000000000000]
ctx_ret               (extractvalue ) [ 0000000000000000000000000000000000000001]
write_ln153           (write        ) [ 0000000000000000000000000000000000000000]
spectopmodule_ln128   (spectopmodule) [ 0000000000000000000000000000000000000000]
specbitsmap_ln0       (specbitsmap  ) [ 0000000000000000000000000000000000000000]
specinterface_ln0     (specinterface) [ 0000000000000000000000000000000000000000]
specinterface_ln0     (specinterface) [ 0000000000000000000000000000000000000000]
specbitsmap_ln0       (specbitsmap  ) [ 0000000000000000000000000000000000000000]
specinterface_ln0     (specinterface) [ 0000000000000000000000000000000000000000]
specbitsmap_ln0       (specbitsmap  ) [ 0000000000000000000000000000000000000000]
call_ln153            (call         ) [ 0000000000000000000000000000000000000000]
ret_ln155             (ret          ) [ 0000000000000000000000000000000000000000]
</LifeTime>

<model>

<comp_list>
<comp id="0" class="1000" name="ctx">
<pin_list>
<pin id="1" dir="1" index="0" bw="1" slack="0"/>
</pin_list>
<bind>
<StgValue><ssdm name="ctx"/></StgValue>
</bind>
</comp>

<comp id="2" class="1000" name="k">
<pin_list>
<pin id="3" dir="1" index="0" bw="1" slack="0"/>
</pin_list>
<bind>
<StgValue><ssdm name="k"/><MemPortTyVec>1 3 </MemPortTyVec>
</StgValue>
</bind>
</comp>

<comp id="4" class="1000" name="buf_r">
<pin_list>
<pin id="5" dir="1" index="0" bw="1" slack="0"/>
</pin_list>
<bind>
<StgValue><ssdm name="buf_r"/><MemPortTyVec>2 2 </MemPortTyVec>
</StgValue>
</bind>
</comp>

<comp id="6" class="1000" name="sbox">
<pin_list>
<pin id="7" dir="1" index="0" bw="1" slack="0"/>
</pin_list>
<bind>
<StgValue><ssdm name="sbox"/><MemPortTyVec>1 1 1 1 1 1 1 1 </MemPortTyVec>
</StgValue>
</bind>
</comp>

<comp id="8" class="1001" name="const_8">
<pin_list>
<pin id="9" dir="1" index="0" bw="1" slack="0"/>
</pin_list>
<bind>
<StgValue><ssdm name=""/></StgValue>
</bind>
</comp>

<comp id="10" class="1001" name="const_10">
<pin_list>
<pin id="11" dir="1" index="0" bw="1" slack="0"/>
</pin_list>
<bind>
<StgValue><ssdm name="_ssdm_op_Read.ap_auto.i768P0A"/></StgValue>
</bind>
</comp>

<comp id="12" class="1001" name="const_12">
<pin_list>
<pin id="13" dir="1" index="0" bw="1" slack="0"/>
</pin_list>
<bind>
<StgValue><ssdm name="aes256_encrypt_ecb_Pipeline_ecb1"/></StgValue>
</bind>
</comp>

<comp id="14" class="1001" name="const_14">
<pin_list>
<pin id="15" dir="1" index="0" bw="1" slack="0"/>
</pin_list>
<bind>
<StgValue><ssdm name="aes256_encrypt_ecb_Pipeline_ecb2"/></StgValue>
</bind>
</comp>

<comp id="16" class="1001" name="const_16">
<pin_list>
<pin id="17" dir="1" index="0" bw="1" slack="0"/>
</pin_list>
<bind>
<StgValue><ssdm name="aes256_encrypt_ecb_Pipeline_cpkey"/></StgValue>
</bind>
</comp>

<comp id="18" class="1001" name="const_18">
<pin_list>
<pin id="19" dir="1" index="0" bw="1" slack="0"/>
</pin_list>
<bind>
<StgValue><ssdm name="aes256_encrypt_ecb_Pipeline_ecb3"/></StgValue>
</bind>
</comp>

<comp id="20" class="1001" name="const_20">
<pin_list>
<pin id="21" dir="1" index="0" bw="1" slack="0"/>
</pin_list>
<bind>
<StgValue><ssdm name="aes256_encrypt_ecb_Pipeline_sub"/></StgValue>
</bind>
</comp>

<comp id="22" class="1001" name="const_22">
<pin_list>
<pin id="23" dir="1" index="0" bw="1" slack="0"/>
</pin_list>
<bind>
<StgValue><ssdm name=""/></StgValue>
</bind>
</comp>

<comp id="24" class="1001" name="const_24">
<pin_list>
<pin id="25" dir="1" index="0" bw="1" slack="0"/>
</pin_list>
<bind>
<StgValue><ssdm name=""/></StgValue>
</bind>
</comp>

<comp id="26" class="1001" name="const_26">
<pin_list>
<pin id="27" dir="1" index="0" bw="1" slack="0"/>
</pin_list>
<bind>
<StgValue><ssdm name="aes_expandEncKey"/></StgValue>
</bind>
</comp>

<comp id="28" class="1001" name="const_28">
<pin_list>
<pin id="29" dir="1" index="0" bw="1" slack="0"/>
</pin_list>
<bind>
<StgValue><ssdm name=""/></StgValue>
</bind>
</comp>

<comp id="30" class="1001" name="const_30">
<pin_list>
<pin id="31" dir="1" index="0" bw="1" slack="0"/>
</pin_list>
<bind>
<StgValue><ssdm name=""/></StgValue>
</bind>
</comp>

<comp id="32" class="1001" name="const_32">
<pin_list>
<pin id="33" dir="1" index="0" bw="1" slack="0"/>
</pin_list>
<bind>
<StgValue><ssdm name=""/></StgValue>
</bind>
</comp>

<comp id="34" class="1001" name="const_34">
<pin_list>
<pin id="35" dir="1" index="0" bw="1" slack="0"/>
</pin_list>
<bind>
<StgValue><ssdm name=""/></StgValue>
</bind>
</comp>

<comp id="36" class="1001" name="const_36">
<pin_list>
<pin id="37" dir="1" index="0" bw="1" slack="0"/>
</pin_list>
<bind>
<StgValue><ssdm name=""/></StgValue>
</bind>
</comp>

<comp id="38" class="1001" name="const_38">
<pin_list>
<pin id="39" dir="1" index="0" bw="1" slack="0"/>
</pin_list>
<bind>
<StgValue><ssdm name=""/></StgValue>
</bind>
</comp>

<comp id="40" class="1001" name="const_40">
<pin_list>
<pin id="41" dir="1" index="0" bw="1" slack="0"/>
</pin_list>
<bind>
<StgValue><ssdm name=""/></StgValue>
</bind>
</comp>

<comp id="42" class="1001" name="const_42">
<pin_list>
<pin id="43" dir="1" index="0" bw="1" slack="0"/>
</pin_list>
<bind>
<StgValue><ssdm name=""/></StgValue>
</bind>
</comp>

<comp id="44" class="1001" name="const_44">
<pin_list>
<pin id="45" dir="1" index="0" bw="1" slack="0"/>
</pin_list>
<bind>
<StgValue><ssdm name=""/></StgValue>
</bind>
</comp>

<comp id="46" class="1001" name="const_46">
<pin_list>
<pin id="47" dir="1" index="0" bw="1" slack="0"/>
</pin_list>
<bind>
<StgValue><ssdm name=""/></StgValue>
</bind>
</comp>

<comp id="48" class="1001" name="const_48">
<pin_list>
<pin id="49" dir="1" index="0" bw="1" slack="0"/>
</pin_list>
<bind>
<StgValue><ssdm name=""/></StgValue>
</bind>
</comp>

<comp id="50" class="1001" name="const_50">
<pin_list>
<pin id="51" dir="1" index="0" bw="1" slack="0"/>
</pin_list>
<bind>
<StgValue><ssdm name="_ssdm_op_Write.ap_auto.i768P0A"/></StgValue>
</bind>
</comp>

<comp id="52" class="1001" name="const_52">
<pin_list>
<pin id="53" dir="1" index="0" bw="1" slack="0"/>
</pin_list>
<bind>
<StgValue><ssdm name="aes256_encrypt_ecb_Pipeline_addkey"/></StgValue>
</bind>
</comp>

<comp id="54" class="1001" name="const_54">
<pin_list>
<pin id="55" dir="1" index="0" bw="1" slack="2147483647"/>
</pin_list>
<bind>
<StgValue><ssdm name="_ssdm_op_SpecTopModule"/></StgValue>
</bind>
</comp>

<comp id="56" class="1001" name="const_56">
<pin_list>
<pin id="57" dir="1" index="0" bw="1" slack="2147483647"/>
</pin_list>
<bind>
<StgValue><ssdm name="empty_2"/></StgValue>
</bind>
</comp>

<comp id="58" class="1001" name="const_58">
<pin_list>
<pin id="59" dir="1" index="0" bw="1" slack="2147483647"/>
</pin_list>
<bind>
<StgValue><ssdm name="_ssdm_op_SpecBitsMap"/></StgValue>
</bind>
</comp>

<comp id="60" class="1001" name="const_60">
<pin_list>
<pin id="61" dir="1" index="0" bw="1" slack="2147483647"/>
</pin_list>
<bind>
<StgValue><ssdm name="_ssdm_op_SpecInterface"/></StgValue>
</bind>
</comp>

<comp id="62" class="1001" name="const_62">
<pin_list>
<pin id="63" dir="1" index="0" bw="1" slack="2147483647"/>
</pin_list>
<bind>
<StgValue><ssdm name="empty"/></StgValue>
</bind>
</comp>

<comp id="64" class="1001" name="const_64">
<pin_list>
<pin id="65" dir="1" index="0" bw="1" slack="2147483647"/>
</pin_list>
<bind>
<StgValue><ssdm name=""/></StgValue>
</bind>
</comp>

<comp id="66" class="1001" name="const_66">
<pin_list>
<pin id="67" dir="1" index="0" bw="1" slack="2147483647"/>
</pin_list>
<bind>
<StgValue><ssdm name="empty_0"/></StgValue>
</bind>
</comp>

<comp id="68" class="1001" name="const_68">
<pin_list>
<pin id="69" dir="1" index="0" bw="1" slack="2147483647"/>
</pin_list>
<bind>
<StgValue><ssdm name=""/></StgValue>
</bind>
</comp>

<comp id="70" class="1001" name="const_70">
<pin_list>
<pin id="71" dir="1" index="0" bw="1" slack="2147483647"/>
</pin_list>
<bind>
<StgValue><ssdm name="empty_1"/></StgValue>
</bind>
</comp>

<comp id="72" class="1004" name="ctx10_loc_fu_72">
<pin_list>
<pin id="73" dir="0" index="0" bw="1" slack="0"/>
<pin id="74" dir="1" index="1" bw="768" slack="6"/>
</pin_list>
<bind>
<opcode="alloca(26) " fcode="alloca"/>
<opset="ctx10_loc/1 "/>
</bind>
</comp>

<comp id="76" class="1004" name="rcon_1_loc_fu_76">
<pin_list>
<pin id="77" dir="0" index="0" bw="1" slack="0"/>
<pin id="78" dir="1" index="1" bw="8" slack="6"/>
</pin_list>
<bind>
<opcode="alloca(26) " fcode="alloca"/>
<opset="rcon_1_loc/1 "/>
</bind>
</comp>

<comp id="80" class="1004" name="or_ln74_1_loc_fu_80">
<pin_list>
<pin id="81" dir="0" index="0" bw="1" slack="0"/>
<pin id="82" dir="1" index="1" bw="768" slack="4"/>
</pin_list>
<bind>
<opcode="alloca(26) " fcode="alloca"/>
<opset="or_ln74_1_loc/1 "/>
</bind>
</comp>

<comp id="84" class="1004" name="ctx7_loc_fu_84">
<pin_list>
<pin id="85" dir="0" index="0" bw="1" slack="0"/>
<pin id="86" dir="1" index="1" bw="768" slack="2"/>
</pin_list>
<bind>
<opcode="alloca(26) " fcode="alloca"/>
<opset="ctx7_loc/1 "/>
</bind>
</comp>

<comp id="88" class="1004" name="p_partset613_loc_fu_88">
<pin_list>
<pin id="89" dir="0" index="0" bw="1" slack="0"/>
<pin id="90" dir="1" index="1" bw="768" slack="0"/>
</pin_list>
<bind>
<opcode="alloca(26) " fcode="alloca"/>
<opset="p_partset613_loc/1 "/>
</bind>
</comp>

<comp id="92" class="1004" name="ctx_read_read_fu_92">
<pin_list>
<pin id="93" dir="0" index="0" bw="768" slack="0"/>
<pin id="94" dir="0" index="1" bw="768" slack="0"/>
<pin id="95" dir="1" index="2" bw="768" slack="0"/>
</pin_list>
<bind>
<opcode="read(1150) " fcode="read"/>
<opset="ctx_read/1 "/>
</bind>
</comp>

<comp id="98" class="1004" name="write_ln153_write_fu_98">
<pin_list>
<pin id="99" dir="0" index="0" bw="0" slack="0"/>
<pin id="100" dir="0" index="1" bw="768" slack="0"/>
<pin id="101" dir="0" index="2" bw="768" slack="0"/>
<pin id="102" dir="1" index="3" bw="0" slack="2147483647"/>
</pin_list>
<bind>
<opcode="write(1151) " fcode="write"/>
<opset="write_ln153/38 "/>
</bind>
</comp>

<comp id="105" class="1004" name="buf_r_addr_2_gep_fu_105">
<pin_list>
<pin id="106" dir="0" index="0" bw="8" slack="0"/>
<pin id="107" dir="0" index="1" bw="1" slack="0"/>
<pin id="108" dir="0" index="2" bw="4" slack="0"/>
<pin id="109" dir="1" index="3" bw="4" slack="0"/>
</pin_list>
<bind>
<opcode="getelementptr(29) " fcode="getelementptr"/>
<opset="buf_r_addr_2/11 "/>
</bind>
</comp>

<comp id="113" class="1004" name="grp_access_fu_113">
<pin_list>
<pin id="114" dir="0" index="0" bw="4" slack="0"/>
<pin id="115" dir="0" index="1" bw="8" slack="9"/>
<pin id="116" dir="0" index="2" bw="0" slack="0"/>
<pin id="162" dir="0" index="4" bw="4" slack="0"/>
<pin id="163" dir="0" index="5" bw="8" slack="2147483647"/>
<pin id="164" dir="0" index="6" bw="0" slack="2147483647"/>
<pin id="117" dir="1" index="3" bw="8" slack="0"/>
<pin id="165" dir="1" index="7" bw="8" slack="2"/>
</pin_list>
<bind>
<opcode="load(27) store(28) " fcode="store"/>
<opset="buf_r_load_4/11 buf_r_load_6/12 buf_r_load_8/13 buf_r_load_10/14 i/15 buf_r_load_12/15 buf_r_load_5/16 buf_r_load_14/16 store_ln83/17 i_8/17 store_ln83/18 j/18 store_ln84/19 buf_r_load_11/19 store_ln85/20 j_2/20 store_ln83/21 store_ln85/21 store_ln83/22 store_ln86/22 store_ln84/23 store_ln85/24 store_ln85/25 store_ln86/26 "/>
</bind>
</comp>

<comp id="119" class="1004" name="buf_r_addr_4_gep_fu_119">
<pin_list>
<pin id="120" dir="0" index="0" bw="8" slack="0"/>
<pin id="121" dir="0" index="1" bw="1" slack="0"/>
<pin id="122" dir="0" index="2" bw="5" slack="0"/>
<pin id="123" dir="1" index="3" bw="4" slack="0"/>
</pin_list>
<bind>
<opcode="getelementptr(29) " fcode="getelementptr"/>
<opset="buf_r_addr_4/12 "/>
</bind>
</comp>

<comp id="128" class="1004" name="buf_r_addr_6_gep_fu_128">
<pin_list>
<pin id="129" dir="0" index="0" bw="8" slack="0"/>
<pin id="130" dir="0" index="1" bw="1" slack="0"/>
<pin id="131" dir="0" index="2" bw="3" slack="0"/>
<pin id="132" dir="1" index="3" bw="4" slack="0"/>
</pin_list>
<bind>
<opcode="getelementptr(29) " fcode="getelementptr"/>
<opset="buf_r_addr_6/13 "/>
</bind>
</comp>

<comp id="137" class="1004" name="buf_r_addr_8_gep_fu_137">
<pin_list>
<pin id="138" dir="0" index="0" bw="8" slack="0"/>
<pin id="139" dir="0" index="1" bw="1" slack="0"/>
<pin id="140" dir="0" index="2" bw="5" slack="0"/>
<pin id="141" dir="1" index="3" bw="4" slack="0"/>
</pin_list>
<bind>
<opcode="getelementptr(29) " fcode="getelementptr"/>
<opset="buf_r_addr_8/14 "/>
</bind>
</comp>

<comp id="146" class="1004" name="buf_r_addr_1_gep_fu_146">
<pin_list>
<pin id="147" dir="0" index="0" bw="8" slack="0"/>
<pin id="148" dir="0" index="1" bw="1" slack="0"/>
<pin id="149" dir="0" index="2" bw="1" slack="0"/>
<pin id="150" dir="1" index="3" bw="4" slack="0"/>
</pin_list>
<bind>
<opcode="getelementptr(29) " fcode="getelementptr"/>
<opset="buf_r_addr_1/15 "/>
</bind>
</comp>

<comp id="154" class="1004" name="buf_r_addr_10_gep_fu_154">
<pin_list>
<pin id="155" dir="0" index="0" bw="8" slack="0"/>
<pin id="156" dir="0" index="1" bw="1" slack="0"/>
<pin id="157" dir="0" index="2" bw="4" slack="0"/>
<pin id="158" dir="1" index="3" bw="4" slack="0"/>
</pin_list>
<bind>
<opcode="getelementptr(29) " fcode="getelementptr"/>
<opset="buf_r_addr_10/15 "/>
</bind>
</comp>

<comp id="168" class="1004" name="buf_r_addr_3_gep_fu_168">
<pin_list>
<pin id="169" dir="0" index="0" bw="8" slack="0"/>
<pin id="170" dir="0" index="1" bw="1" slack="0"/>
<pin id="171" dir="0" index="2" bw="5" slack="0"/>
<pin id="172" dir="1" index="3" bw="4" slack="0"/>
</pin_list>
<bind>
<opcode="getelementptr(29) " fcode="getelementptr"/>
<opset="buf_r_addr_3/16 "/>
</bind>
</comp>

<comp id="176" class="1004" name="buf_r_addr_12_gep_fu_176">
<pin_list>
<pin id="177" dir="0" index="0" bw="8" slack="0"/>
<pin id="178" dir="0" index="1" bw="1" slack="0"/>
<pin id="179" dir="0" index="2" bw="4" slack="0"/>
<pin id="180" dir="1" index="3" bw="4" slack="0"/>
</pin_list>
<bind>
<opcode="getelementptr(29) " fcode="getelementptr"/>
<opset="buf_r_addr_12/16 "/>
</bind>
</comp>

<comp id="186" class="1004" name="buf_r_addr_5_gep_fu_186">
<pin_list>
<pin id="187" dir="0" index="0" bw="8" slack="0"/>
<pin id="188" dir="0" index="1" bw="1" slack="0"/>
<pin id="189" dir="0" index="2" bw="5" slack="0"/>
<pin id="190" dir="1" index="3" bw="4" slack="0"/>
</pin_list>
<bind>
<opcode="getelementptr(29) " fcode="getelementptr"/>
<opset="buf_r_addr_5/17 "/>
</bind>
</comp>

<comp id="196" class="1004" name="buf_r_addr_7_gep_fu_196">
<pin_list>
<pin id="197" dir="0" index="0" bw="8" slack="0"/>
<pin id="198" dir="0" index="1" bw="1" slack="0"/>
<pin id="199" dir="0" index="2" bw="3" slack="0"/>
<pin id="200" dir="1" index="3" bw="4" slack="0"/>
</pin_list>
<bind>
<opcode="getelementptr(29) " fcode="getelementptr"/>
<opset="buf_r_addr_7/18 "/>
</bind>
</comp>

<comp id="205" class="1004" name="buf_r_addr_9_gep_fu_205">
<pin_list>
<pin id="206" dir="0" index="0" bw="8" slack="0"/>
<pin id="207" dir="0" index="1" bw="1" slack="0"/>
<pin id="208" dir="0" index="2" bw="5" slack="0"/>
<pin id="209" dir="1" index="3" bw="4" slack="0"/>
</pin_list>
<bind>
<opcode="getelementptr(29) " fcode="getelementptr"/>
<opset="buf_r_addr_9/19 "/>
</bind>
</comp>

<comp id="214" class="1004" name="buf_r_addr_11_gep_fu_214">
<pin_list>
<pin id="215" dir="0" index="0" bw="8" slack="0"/>
<pin id="216" dir="0" index="1" bw="1" slack="0"/>
<pin id="217" dir="0" index="2" bw="5" slack="0"/>
<pin id="218" dir="1" index="3" bw="4" slack="0"/>
</pin_list>
<bind>
<opcode="getelementptr(29) " fcode="getelementptr"/>
<opset="buf_r_addr_11/20 "/>
</bind>
</comp>

<comp id="223" class="1004" name="grp_aes256_encrypt_ecb_Pipeline_ecb1_fu_223">
<pin_list>
<pin id="224" dir="0" index="0" bw="0" slack="0"/>
<pin id="225" dir="0" index="1" bw="768" slack="0"/>
<pin id="226" dir="0" index="2" bw="8" slack="0"/>
<pin id="227" dir="0" index="3" bw="768" slack="0"/>
<pin id="228" dir="1" index="4" bw="0" slack="2147483647"/>
</pin_list>
<bind>
<opcode="call(48) " fcode="call"/>
<opset="call_ln135/1 "/>
</bind>
</comp>

<comp id="232" class="1004" name="grp_aes256_encrypt_ecb_Pipeline_ecb2_fu_232">
<pin_list>
<pin id="233" dir="0" index="0" bw="0" slack="0"/>
<pin id="234" dir="0" index="1" bw="768" slack="0"/>
<pin id="235" dir="0" index="2" bw="768" slack="2"/>
<pin id="236" dir="0" index="3" bw="8" slack="0"/>
<pin id="237" dir="1" index="4" bw="0" slack="2147483647"/>
</pin_list>
<bind>
<opcode="call(48) " fcode="call"/>
<opset="call_ln0/3 "/>
</bind>
</comp>

<comp id="240" class="1004" name="grp_aes256_encrypt_ecb_Pipeline_cpkey_fu_240">
<pin_list>
<pin id="241" dir="0" index="0" bw="0" slack="0"/>
<pin id="242" dir="0" index="1" bw="768" slack="0"/>
<pin id="243" dir="0" index="2" bw="8" slack="0"/>
<pin id="244" dir="0" index="3" bw="768" slack="4"/>
<pin id="245" dir="1" index="4" bw="0" slack="2147483647"/>
</pin_list>
<bind>
<opcode="call(48) " fcode="call"/>
<opset="call_ln0/5 "/>
</bind>
</comp>

<comp id="248" class="1004" name="grp_aes256_encrypt_ecb_Pipeline_ecb3_fu_248">
<pin_list>
<pin id="249" dir="0" index="0" bw="0" slack="0"/>
<pin id="250" dir="0" index="1" bw="768" slack="0"/>
<pin id="251" dir="0" index="2" bw="8" slack="0"/>
<pin id="252" dir="0" index="3" bw="8" slack="6"/>
<pin id="253" dir="0" index="4" bw="768" slack="6"/>
<pin id="254" dir="0" index="5" bw="8" slack="0"/>
<pin id="255" dir="1" index="6" bw="0" slack="2147483647"/>
</pin_list>
<bind>
<opcode="call(48) " fcode="call"/>
<opset="call_ln0/7 "/>
</bind>
</comp>

<comp id="259" class="1004" name="grp_aes256_encrypt_ecb_Pipeline_sub_fu_259">
<pin_list>
<pin id="260" dir="0" index="0" bw="0" slack="0"/>
<pin id="261" dir="0" index="1" bw="8" slack="0"/>
<pin id="262" dir="0" index="2" bw="8" slack="0"/>
<pin id="263" dir="1" index="3" bw="0" slack="2147483647"/>
</pin_list>
<bind>
<opcode="call(48) " fcode="call"/>
<opset="call_ln0/9 "/>
</bind>
</comp>

<comp id="267" class="1004" name="grp_aes_expandEncKey_fu_267">
<pin_list>
<pin id="268" dir="0" index="0" bw="776" slack="0"/>
<pin id="269" dir="0" index="1" bw="768" slack="0"/>
<pin id="270" dir="0" index="2" bw="1" slack="0"/>
<pin id="271" dir="0" index="3" bw="8" slack="0"/>
<pin id="272" dir="0" index="4" bw="8" slack="0"/>
<pin id="273" dir="1" index="5" bw="776" slack="0"/>
</pin_list>
<bind>
<opcode="call(48) " fcode="call"/>
<opset="call_ret/11 "/>
</bind>
</comp>

<comp id="277" class="1004" name="grp_aes256_encrypt_ecb_Pipeline_addkey_fu_277">
<pin_list>
<pin id="278" dir="0" index="0" bw="0" slack="0"/>
<pin id="279" dir="0" index="1" bw="768" slack="0"/>
<pin id="280" dir="0" index="2" bw="8" slack="0"/>
<pin id="281" dir="1" index="3" bw="0" slack="2147483647"/>
</pin_list>
<bind>
<opcode="call(48) " fcode="call"/>
<opset="call_ln153/38 "/>
</bind>
</comp>

<comp id="284" class="1005" name="reg_284">
<pin_list>
<pin id="285" dir="0" index="0" bw="8" slack="1"/>
<pin id="286" dir="1" index="1" bw="8" slack="1"/>
</pin_list>
<bind>
<opset="buf_r_load_4 j_2 "/>
</bind>
</comp>

<comp id="290" class="1005" name="reg_290">
<pin_list>
<pin id="291" dir="0" index="0" bw="8" slack="1"/>
<pin id="292" dir="1" index="1" bw="8" slack="1"/>
</pin_list>
<bind>
<opset="i i_8 j "/>
</bind>
</comp>

<comp id="296" class="1004" name="p_partset613_loc_load_load_fu_296">
<pin_list>
<pin id="297" dir="0" index="0" bw="768" slack="2"/>
<pin id="298" dir="1" index="1" bw="768" slack="0"/>
</pin_list>
<bind>
<opcode="load(27) " fcode="load"/>
<opset="p_partset613_loc_load/3 "/>
</bind>
</comp>

<comp id="300" class="1004" name="ctx7_loc_load_load_fu_300">
<pin_list>
<pin id="301" dir="0" index="0" bw="768" slack="4"/>
<pin id="302" dir="1" index="1" bw="768" slack="0"/>
</pin_list>
<bind>
<opcode="load(27) " fcode="load"/>
<opset="ctx7_loc_load/5 "/>
</bind>
</comp>

<comp id="304" class="1004" name="or_ln74_1_loc_load_load_fu_304">
<pin_list>
<pin id="305" dir="0" index="0" bw="768" slack="6"/>
<pin id="306" dir="1" index="1" bw="768" slack="0"/>
</pin_list>
<bind>
<opcode="load(27) " fcode="load"/>
<opset="or_ln74_1_loc_load/7 "/>
</bind>
</comp>

<comp id="308" class="1004" name="rcon_1_loc_load_load_fu_308">
<pin_list>
<pin id="309" dir="0" index="0" bw="8" slack="10"/>
<pin id="310" dir="1" index="1" bw="8" slack="0"/>
</pin_list>
<bind>
<opcode="load(27) " fcode="load"/>
<opset="rcon_1_loc_load/11 "/>
</bind>
</comp>

<comp id="312" class="1004" name="ctx10_loc_load_load_fu_312">
<pin_list>
<pin id="313" dir="0" index="0" bw="768" slack="10"/>
<pin id="314" dir="1" index="1" bw="768" slack="0"/>
</pin_list>
<bind>
<opcode="load(27) " fcode="load"/>
<opset="ctx10_loc_load/11 "/>
</bind>
</comp>

<comp id="316" class="1004" name="ctx_ret_fu_316">
<pin_list>
<pin id="317" dir="0" index="0" bw="776" slack="0"/>
<pin id="318" dir="1" index="1" bw="768" slack="0"/>
</pin_list>
<bind>
<opcode="extractvalue(56) " fcode="extractvalue"/>
<opset="ctx_ret/38 "/>
</bind>
</comp>

<comp id="322" class="1005" name="ctx10_loc_reg_322">
<pin_list>
<pin id="323" dir="0" index="0" bw="768" slack="6"/>
<pin id="324" dir="1" index="1" bw="768" slack="6"/>
</pin_list>
<bind>
<opset="ctx10_loc "/>
</bind>
</comp>

<comp id="328" class="1005" name="rcon_1_loc_reg_328">
<pin_list>
<pin id="329" dir="0" index="0" bw="8" slack="6"/>
<pin id="330" dir="1" index="1" bw="8" slack="6"/>
</pin_list>
<bind>
<opset="rcon_1_loc "/>
</bind>
</comp>

<comp id="334" class="1005" name="or_ln74_1_loc_reg_334">
<pin_list>
<pin id="335" dir="0" index="0" bw="768" slack="4"/>
<pin id="336" dir="1" index="1" bw="768" slack="4"/>
</pin_list>
<bind>
<opset="or_ln74_1_loc "/>
</bind>
</comp>

<comp id="340" class="1005" name="ctx7_loc_reg_340">
<pin_list>
<pin id="341" dir="0" index="0" bw="768" slack="2"/>
<pin id="342" dir="1" index="1" bw="768" slack="2"/>
</pin_list>
<bind>
<opset="ctx7_loc "/>
</bind>
</comp>

<comp id="346" class="1005" name="p_partset613_loc_reg_346">
<pin_list>
<pin id="347" dir="0" index="0" bw="768" slack="0"/>
<pin id="348" dir="1" index="1" bw="768" slack="0"/>
</pin_list>
<bind>
<opset="p_partset613_loc "/>
</bind>
</comp>

<comp id="352" class="1005" name="ctx_read_reg_352">
<pin_list>
<pin id="353" dir="0" index="0" bw="768" slack="1"/>
<pin id="354" dir="1" index="1" bw="768" slack="1"/>
</pin_list>
<bind>
<opset="ctx_read "/>
</bind>
</comp>

<comp id="366" class="1005" name="buf_r_addr_2_reg_366">
<pin_list>
<pin id="367" dir="0" index="0" bw="4" slack="1"/>
<pin id="368" dir="1" index="1" bw="4" slack="1"/>
</pin_list>
<bind>
<opset="buf_r_addr_2 "/>
</bind>
</comp>

<comp id="372" class="1005" name="buf_r_addr_4_reg_372">
<pin_list>
<pin id="373" dir="0" index="0" bw="4" slack="1"/>
<pin id="374" dir="1" index="1" bw="4" slack="1"/>
</pin_list>
<bind>
<opset="buf_r_addr_4 "/>
</bind>
</comp>

<comp id="378" class="1005" name="buf_r_addr_6_reg_378">
<pin_list>
<pin id="379" dir="0" index="0" bw="4" slack="1"/>
<pin id="380" dir="1" index="1" bw="4" slack="1"/>
</pin_list>
<bind>
<opset="buf_r_addr_6 "/>
</bind>
</comp>

<comp id="384" class="1005" name="buf_r_load_6_reg_384">
<pin_list>
<pin id="385" dir="0" index="0" bw="8" slack="9"/>
<pin id="386" dir="1" index="1" bw="8" slack="9"/>
</pin_list>
<bind>
<opset="buf_r_load_6 "/>
</bind>
</comp>

<comp id="389" class="1005" name="buf_r_addr_8_reg_389">
<pin_list>
<pin id="390" dir="0" index="0" bw="4" slack="1"/>
<pin id="391" dir="1" index="1" bw="4" slack="1"/>
</pin_list>
<bind>
<opset="buf_r_addr_8 "/>
</bind>
</comp>

<comp id="395" class="1005" name="buf_r_load_8_reg_395">
<pin_list>
<pin id="396" dir="0" index="0" bw="8" slack="9"/>
<pin id="397" dir="1" index="1" bw="8" slack="9"/>
</pin_list>
<bind>
<opset="buf_r_load_8 "/>
</bind>
</comp>

<comp id="400" class="1005" name="buf_r_addr_1_reg_400">
<pin_list>
<pin id="401" dir="0" index="0" bw="4" slack="1"/>
<pin id="402" dir="1" index="1" bw="4" slack="1"/>
</pin_list>
<bind>
<opset="buf_r_addr_1 "/>
</bind>
</comp>

<comp id="406" class="1005" name="buf_r_addr_10_reg_406">
<pin_list>
<pin id="407" dir="0" index="0" bw="4" slack="1"/>
<pin id="408" dir="1" index="1" bw="4" slack="1"/>
</pin_list>
<bind>
<opset="buf_r_addr_10 "/>
</bind>
</comp>

<comp id="412" class="1005" name="buf_r_load_10_reg_412">
<pin_list>
<pin id="413" dir="0" index="0" bw="8" slack="9"/>
<pin id="414" dir="1" index="1" bw="8" slack="9"/>
</pin_list>
<bind>
<opset="buf_r_load_10 "/>
</bind>
</comp>

<comp id="417" class="1005" name="buf_r_addr_3_reg_417">
<pin_list>
<pin id="418" dir="0" index="0" bw="4" slack="1"/>
<pin id="419" dir="1" index="1" bw="4" slack="1"/>
</pin_list>
<bind>
<opset="buf_r_addr_3 "/>
</bind>
</comp>

<comp id="422" class="1005" name="buf_r_addr_12_reg_422">
<pin_list>
<pin id="423" dir="0" index="0" bw="4" slack="1"/>
<pin id="424" dir="1" index="1" bw="4" slack="1"/>
</pin_list>
<bind>
<opset="buf_r_addr_12 "/>
</bind>
</comp>

<comp id="427" class="1005" name="buf_r_load_12_reg_427">
<pin_list>
<pin id="428" dir="0" index="0" bw="8" slack="9"/>
<pin id="429" dir="1" index="1" bw="8" slack="9"/>
</pin_list>
<bind>
<opset="buf_r_load_12 "/>
</bind>
</comp>

<comp id="432" class="1005" name="buf_r_addr_5_reg_432">
<pin_list>
<pin id="433" dir="0" index="0" bw="4" slack="1"/>
<pin id="434" dir="1" index="1" bw="4" slack="1"/>
</pin_list>
<bind>
<opset="buf_r_addr_5 "/>
</bind>
</comp>

<comp id="438" class="1005" name="buf_r_load_14_reg_438">
<pin_list>
<pin id="439" dir="0" index="0" bw="8" slack="9"/>
<pin id="440" dir="1" index="1" bw="8" slack="9"/>
</pin_list>
<bind>
<opset="buf_r_load_14 "/>
</bind>
</comp>

<comp id="443" class="1005" name="buf_r_addr_7_reg_443">
<pin_list>
<pin id="444" dir="0" index="0" bw="4" slack="1"/>
<pin id="445" dir="1" index="1" bw="4" slack="1"/>
</pin_list>
<bind>
<opset="buf_r_addr_7 "/>
</bind>
</comp>

<comp id="449" class="1005" name="buf_r_addr_9_reg_449">
<pin_list>
<pin id="450" dir="0" index="0" bw="4" slack="1"/>
<pin id="451" dir="1" index="1" bw="4" slack="1"/>
</pin_list>
<bind>
<opset="buf_r_addr_9 "/>
</bind>
</comp>

<comp id="455" class="1005" name="buf_r_addr_11_reg_455">
<pin_list>
<pin id="456" dir="0" index="0" bw="4" slack="1"/>
<pin id="457" dir="1" index="1" bw="4" slack="1"/>
</pin_list>
<bind>
<opset="buf_r_addr_11 "/>
</bind>
</comp>

<comp id="461" class="1005" name="ctx_ret_reg_461">
<pin_list>
<pin id="462" dir="0" index="0" bw="768" slack="1"/>
<pin id="463" dir="1" index="1" bw="768" slack="1"/>
</pin_list>
<bind>
<opset="ctx_ret "/>
</bind>
</comp>

</comp_list>

<net_list>
<net id="75"><net_src comp="8" pin="0"/><net_sink comp="72" pin=0"/></net>

<net id="79"><net_src comp="8" pin="0"/><net_sink comp="76" pin=0"/></net>

<net id="83"><net_src comp="8" pin="0"/><net_sink comp="80" pin=0"/></net>

<net id="87"><net_src comp="8" pin="0"/><net_sink comp="84" pin=0"/></net>

<net id="91"><net_src comp="8" pin="0"/><net_sink comp="88" pin=0"/></net>

<net id="96"><net_src comp="10" pin="0"/><net_sink comp="92" pin=0"/></net>

<net id="97"><net_src comp="0" pin="0"/><net_sink comp="92" pin=1"/></net>

<net id="103"><net_src comp="50" pin="0"/><net_sink comp="98" pin=0"/></net>

<net id="104"><net_src comp="0" pin="0"/><net_sink comp="98" pin=1"/></net>

<net id="110"><net_src comp="4" pin="0"/><net_sink comp="105" pin=0"/></net>

<net id="111"><net_src comp="22" pin="0"/><net_sink comp="105" pin=1"/></net>

<net id="112"><net_src comp="24" pin="0"/><net_sink comp="105" pin=2"/></net>

<net id="118"><net_src comp="105" pin="3"/><net_sink comp="113" pin=0"/></net>

<net id="124"><net_src comp="4" pin="0"/><net_sink comp="119" pin=0"/></net>

<net id="125"><net_src comp="22" pin="0"/><net_sink comp="119" pin=1"/></net>

<net id="126"><net_src comp="30" pin="0"/><net_sink comp="119" pin=2"/></net>

<net id="127"><net_src comp="119" pin="3"/><net_sink comp="113" pin=0"/></net>

<net id="133"><net_src comp="4" pin="0"/><net_sink comp="128" pin=0"/></net>

<net id="134"><net_src comp="22" pin="0"/><net_sink comp="128" pin=1"/></net>

<net id="135"><net_src comp="32" pin="0"/><net_sink comp="128" pin=2"/></net>

<net id="136"><net_src comp="128" pin="3"/><net_sink comp="113" pin=0"/></net>

<net id="142"><net_src comp="4" pin="0"/><net_sink comp="137" pin=0"/></net>

<net id="143"><net_src comp="22" pin="0"/><net_sink comp="137" pin=1"/></net>

<net id="144"><net_src comp="34" pin="0"/><net_sink comp="137" pin=2"/></net>

<net id="145"><net_src comp="137" pin="3"/><net_sink comp="113" pin=0"/></net>

<net id="151"><net_src comp="4" pin="0"/><net_sink comp="146" pin=0"/></net>

<net id="152"><net_src comp="22" pin="0"/><net_sink comp="146" pin=1"/></net>

<net id="153"><net_src comp="8" pin="0"/><net_sink comp="146" pin=2"/></net>

<net id="159"><net_src comp="4" pin="0"/><net_sink comp="154" pin=0"/></net>

<net id="160"><net_src comp="22" pin="0"/><net_sink comp="154" pin=1"/></net>

<net id="161"><net_src comp="36" pin="0"/><net_sink comp="154" pin=2"/></net>

<net id="166"><net_src comp="146" pin="3"/><net_sink comp="113" pin=2"/></net>

<net id="167"><net_src comp="154" pin="3"/><net_sink comp="113" pin=0"/></net>

<net id="173"><net_src comp="4" pin="0"/><net_sink comp="168" pin=0"/></net>

<net id="174"><net_src comp="22" pin="0"/><net_sink comp="168" pin=1"/></net>

<net id="175"><net_src comp="38" pin="0"/><net_sink comp="168" pin=2"/></net>

<net id="181"><net_src comp="4" pin="0"/><net_sink comp="176" pin=0"/></net>

<net id="182"><net_src comp="22" pin="0"/><net_sink comp="176" pin=1"/></net>

<net id="183"><net_src comp="40" pin="0"/><net_sink comp="176" pin=2"/></net>

<net id="184"><net_src comp="168" pin="3"/><net_sink comp="113" pin=0"/></net>

<net id="185"><net_src comp="176" pin="3"/><net_sink comp="113" pin=2"/></net>

<net id="191"><net_src comp="4" pin="0"/><net_sink comp="186" pin=0"/></net>

<net id="192"><net_src comp="22" pin="0"/><net_sink comp="186" pin=1"/></net>

<net id="193"><net_src comp="42" pin="0"/><net_sink comp="186" pin=2"/></net>

<net id="194"><net_src comp="113" pin="3"/><net_sink comp="113" pin=4"/></net>

<net id="195"><net_src comp="186" pin="3"/><net_sink comp="113" pin=0"/></net>

<net id="201"><net_src comp="4" pin="0"/><net_sink comp="196" pin=0"/></net>

<net id="202"><net_src comp="22" pin="0"/><net_sink comp="196" pin=1"/></net>

<net id="203"><net_src comp="44" pin="0"/><net_sink comp="196" pin=2"/></net>

<net id="204"><net_src comp="196" pin="3"/><net_sink comp="113" pin=0"/></net>

<net id="210"><net_src comp="4" pin="0"/><net_sink comp="205" pin=0"/></net>

<net id="211"><net_src comp="22" pin="0"/><net_sink comp="205" pin=1"/></net>

<net id="212"><net_src comp="46" pin="0"/><net_sink comp="205" pin=2"/></net>

<net id="213"><net_src comp="205" pin="3"/><net_sink comp="113" pin=0"/></net>

<net id="219"><net_src comp="4" pin="0"/><net_sink comp="214" pin=0"/></net>

<net id="220"><net_src comp="22" pin="0"/><net_sink comp="214" pin=1"/></net>

<net id="221"><net_src comp="48" pin="0"/><net_sink comp="214" pin=2"/></net>

<net id="222"><net_src comp="214" pin="3"/><net_sink comp="113" pin=0"/></net>

<net id="229"><net_src comp="12" pin="0"/><net_sink comp="223" pin=0"/></net>

<net id="230"><net_src comp="92" pin="2"/><net_sink comp="223" pin=1"/></net>

<net id="231"><net_src comp="2" pin="0"/><net_sink comp="223" pin=2"/></net>

<net id="238"><net_src comp="14" pin="0"/><net_sink comp="232" pin=0"/></net>

<net id="239"><net_src comp="6" pin="0"/><net_sink comp="232" pin=3"/></net>

<net id="246"><net_src comp="16" pin="0"/><net_sink comp="240" pin=0"/></net>

<net id="247"><net_src comp="4" pin="0"/><net_sink comp="240" pin=2"/></net>

<net id="256"><net_src comp="18" pin="0"/><net_sink comp="248" pin=0"/></net>

<net id="257"><net_src comp="4" pin="0"/><net_sink comp="248" pin=2"/></net>

<net id="258"><net_src comp="6" pin="0"/><net_sink comp="248" pin=5"/></net>

<net id="264"><net_src comp="20" pin="0"/><net_sink comp="259" pin=0"/></net>

<net id="265"><net_src comp="4" pin="0"/><net_sink comp="259" pin=1"/></net>

<net id="266"><net_src comp="6" pin="0"/><net_sink comp="259" pin=2"/></net>

<net id="274"><net_src comp="26" pin="0"/><net_sink comp="267" pin=0"/></net>

<net id="275"><net_src comp="28" pin="0"/><net_sink comp="267" pin=2"/></net>

<net id="276"><net_src comp="6" pin="0"/><net_sink comp="267" pin=4"/></net>

<net id="282"><net_src comp="52" pin="0"/><net_sink comp="277" pin=0"/></net>

<net id="283"><net_src comp="4" pin="0"/><net_sink comp="277" pin=2"/></net>

<net id="287"><net_src comp="113" pin="3"/><net_sink comp="284" pin=0"/></net>

<net id="288"><net_src comp="284" pin="1"/><net_sink comp="113" pin=1"/></net>

<net id="289"><net_src comp="284" pin="1"/><net_sink comp="113" pin=4"/></net>

<net id="293"><net_src comp="113" pin="7"/><net_sink comp="290" pin=0"/></net>

<net id="294"><net_src comp="290" pin="1"/><net_sink comp="113" pin=4"/></net>

<net id="295"><net_src comp="113" pin="3"/><net_sink comp="290" pin=0"/></net>

<net id="299"><net_src comp="296" pin="1"/><net_sink comp="232" pin=1"/></net>

<net id="303"><net_src comp="300" pin="1"/><net_sink comp="240" pin=1"/></net>

<net id="307"><net_src comp="304" pin="1"/><net_sink comp="248" pin=1"/></net>

<net id="311"><net_src comp="308" pin="1"/><net_sink comp="267" pin=3"/></net>

<net id="315"><net_src comp="312" pin="1"/><net_sink comp="267" pin=1"/></net>

<net id="319"><net_src comp="267" pin="5"/><net_sink comp="316" pin=0"/></net>

<net id="320"><net_src comp="316" pin="1"/><net_sink comp="98" pin=2"/></net>

<net id="321"><net_src comp="316" pin="1"/><net_sink comp="277" pin=1"/></net>

<net id="325"><net_src comp="72" pin="1"/><net_sink comp="322" pin=0"/></net>

<net id="326"><net_src comp="322" pin="1"/><net_sink comp="248" pin=4"/></net>

<net id="327"><net_src comp="322" pin="1"/><net_sink comp="312" pin=0"/></net>

<net id="331"><net_src comp="76" pin="1"/><net_sink comp="328" pin=0"/></net>

<net id="332"><net_src comp="328" pin="1"/><net_sink comp="248" pin=3"/></net>

<net id="333"><net_src comp="328" pin="1"/><net_sink comp="308" pin=0"/></net>

<net id="337"><net_src comp="80" pin="1"/><net_sink comp="334" pin=0"/></net>

<net id="338"><net_src comp="334" pin="1"/><net_sink comp="240" pin=3"/></net>

<net id="339"><net_src comp="334" pin="1"/><net_sink comp="304" pin=0"/></net>

<net id="343"><net_src comp="84" pin="1"/><net_sink comp="340" pin=0"/></net>

<net id="344"><net_src comp="340" pin="1"/><net_sink comp="232" pin=2"/></net>

<net id="345"><net_src comp="340" pin="1"/><net_sink comp="300" pin=0"/></net>

<net id="349"><net_src comp="88" pin="1"/><net_sink comp="346" pin=0"/></net>

<net id="350"><net_src comp="346" pin="1"/><net_sink comp="223" pin=3"/></net>

<net id="351"><net_src comp="346" pin="1"/><net_sink comp="296" pin=0"/></net>

<net id="355"><net_src comp="92" pin="2"/><net_sink comp="352" pin=0"/></net>

<net id="356"><net_src comp="352" pin="1"/><net_sink comp="223" pin=1"/></net>

<net id="369"><net_src comp="105" pin="3"/><net_sink comp="366" pin=0"/></net>

<net id="370"><net_src comp="366" pin="1"/><net_sink comp="113" pin=0"/></net>

<net id="371"><net_src comp="366" pin="1"/><net_sink comp="113" pin=2"/></net>

<net id="375"><net_src comp="119" pin="3"/><net_sink comp="372" pin=0"/></net>

<net id="376"><net_src comp="372" pin="1"/><net_sink comp="113" pin=0"/></net>

<net id="377"><net_src comp="372" pin="1"/><net_sink comp="113" pin=2"/></net>

<net id="381"><net_src comp="128" pin="3"/><net_sink comp="378" pin=0"/></net>

<net id="382"><net_src comp="378" pin="1"/><net_sink comp="113" pin=0"/></net>

<net id="383"><net_src comp="378" pin="1"/><net_sink comp="113" pin=2"/></net>

<net id="387"><net_src comp="113" pin="3"/><net_sink comp="384" pin=0"/></net>

<net id="388"><net_src comp="384" pin="1"/><net_sink comp="113" pin=1"/></net>

<net id="392"><net_src comp="137" pin="3"/><net_sink comp="389" pin=0"/></net>

<net id="393"><net_src comp="389" pin="1"/><net_sink comp="113" pin=0"/></net>

<net id="394"><net_src comp="389" pin="1"/><net_sink comp="113" pin=2"/></net>

<net id="398"><net_src comp="113" pin="3"/><net_sink comp="395" pin=0"/></net>

<net id="399"><net_src comp="395" pin="1"/><net_sink comp="113" pin=4"/></net>

<net id="403"><net_src comp="146" pin="3"/><net_sink comp="400" pin=0"/></net>

<net id="404"><net_src comp="400" pin="1"/><net_sink comp="113" pin=2"/></net>

<net id="405"><net_src comp="400" pin="1"/><net_sink comp="113" pin=0"/></net>

<net id="409"><net_src comp="154" pin="3"/><net_sink comp="406" pin=0"/></net>

<net id="410"><net_src comp="406" pin="1"/><net_sink comp="113" pin=0"/></net>

<net id="411"><net_src comp="406" pin="1"/><net_sink comp="113" pin=2"/></net>

<net id="415"><net_src comp="113" pin="3"/><net_sink comp="412" pin=0"/></net>

<net id="416"><net_src comp="412" pin="1"/><net_sink comp="113" pin=4"/></net>

<net id="420"><net_src comp="168" pin="3"/><net_sink comp="417" pin=0"/></net>

<net id="421"><net_src comp="417" pin="1"/><net_sink comp="113" pin=0"/></net>

<net id="425"><net_src comp="176" pin="3"/><net_sink comp="422" pin=0"/></net>

<net id="426"><net_src comp="422" pin="1"/><net_sink comp="113" pin=2"/></net>

<net id="430"><net_src comp="113" pin="3"/><net_sink comp="427" pin=0"/></net>

<net id="431"><net_src comp="427" pin="1"/><net_sink comp="113" pin=4"/></net>

<net id="435"><net_src comp="186" pin="3"/><net_sink comp="432" pin=0"/></net>

<net id="436"><net_src comp="432" pin="1"/><net_sink comp="113" pin=0"/></net>

<net id="437"><net_src comp="432" pin="1"/><net_sink comp="113" pin=2"/></net>

<net id="441"><net_src comp="113" pin="7"/><net_sink comp="438" pin=0"/></net>

<net id="442"><net_src comp="438" pin="1"/><net_sink comp="113" pin=4"/></net>

<net id="446"><net_src comp="196" pin="3"/><net_sink comp="443" pin=0"/></net>

<net id="447"><net_src comp="443" pin="1"/><net_sink comp="113" pin=0"/></net>

<net id="448"><net_src comp="443" pin="1"/><net_sink comp="113" pin=2"/></net>

<net id="452"><net_src comp="205" pin="3"/><net_sink comp="449" pin=0"/></net>

<net id="453"><net_src comp="449" pin="1"/><net_sink comp="113" pin=0"/></net>

<net id="454"><net_src comp="449" pin="1"/><net_sink comp="113" pin=2"/></net>

<net id="458"><net_src comp="214" pin="3"/><net_sink comp="455" pin=0"/></net>

<net id="459"><net_src comp="455" pin="1"/><net_sink comp="113" pin=0"/></net>

<net id="460"><net_src comp="455" pin="1"/><net_sink comp="113" pin=2"/></net>

<net id="464"><net_src comp="316" pin="1"/><net_sink comp="461" pin=0"/></net>

<net id="465"><net_src comp="461" pin="1"/><net_sink comp="277" pin=1"/></net>

</net_list>

</model> 
---------------- Datapath Model END ------------------

* FSMD analyzer results:
  - Output states:
	Port: ctx | {38 }
	Port: buf_r | {5 6 7 8 9 10 17 18 19 20 21 22 23 24 25 26 38 39 }
 - Input state : 
	Port: aes256_encrypt_ecb : ctx | {1 }
	Port: aes256_encrypt_ecb : k | {1 2 }
	Port: aes256_encrypt_ecb : buf_r | {5 6 7 8 9 10 11 12 13 14 15 16 17 18 19 20 21 38 39 }
	Port: aes256_encrypt_ecb : sbox | {3 4 7 8 9 10 11 12 13 14 15 16 17 18 25 26 27 28 29 30 31 32 }
  - Chain level:
	State 1
	State 2
	State 3
		call_ln0 : 1
	State 4
	State 5
		call_ln0 : 1
	State 6
	State 7
		call_ln0 : 1
	State 8
	State 9
	State 10
	State 11
		buf_r_load_4 : 1
		call_ret : 1
	State 12
		buf_r_load_6 : 1
	State 13
		buf_r_load_8 : 1
	State 14
		buf_r_load_10 : 1
	State 15
		i : 1
		buf_r_load_12 : 1
	State 16
		buf_r_load_5 : 1
		buf_r_load_14 : 1
	State 17
		store_ln83 : 1
		i_8 : 1
	State 18
		j : 1
	State 19
		buf_r_load_11 : 1
	State 20
		store_ln85 : 1
		j_2 : 1
	State 21
	State 22
	State 23
	State 24
	State 25
	State 26
	State 27
	State 28
	State 29
	State 30
	State 31
	State 32
	State 33
	State 34
	State 35
	State 36
	State 37
	State 38
		ctx_ret : 1
		write_ln153 : 2
		call_ln153 : 2
	State 39


============================================================
+ Verbose Summary: Datapath Resource usage 
============================================================

* Functional unit list:
|----------|-----------------------------------------------|---------|---------|---------|
| Operation|                Functional Unit                |  Delay  |    FF   |   LUT   |
|----------|-----------------------------------------------|---------|---------|---------|
|          |  grp_aes256_encrypt_ecb_Pipeline_ecb1_fu_223  |  0.387  |   784   |   6246  |
|          |  grp_aes256_encrypt_ecb_Pipeline_ecb2_fu_232  |  3.096  |  85270  |  226658 |
|          |  grp_aes256_encrypt_ecb_Pipeline_cpkey_fu_240 |  0.387  |   1553  |   7136  |
|   call   |  grp_aes256_encrypt_ecb_Pipeline_ecb3_fu_248  | 7.76094 |  86097  |  228196 |
|          |   grp_aes256_encrypt_ecb_Pipeline_sub_fu_259  |  0.774  |    17   |    39   |
|          |          grp_aes_expandEncKey_fu_267          |  3.096  |  84487  |  226640 |
|          | grp_aes256_encrypt_ecb_Pipeline_addkey_fu_277 |  0.387  |   781   |   2209  |
|----------|-----------------------------------------------|---------|---------|---------|
|   read   |              ctx_read_read_fu_92              |    0    |    0    |    0    |
|----------|-----------------------------------------------|---------|---------|---------|
|   write  |            write_ln153_write_fu_98            |    0    |    0    |    0    |
|----------|-----------------------------------------------|---------|---------|---------|
|extractvalue|                 ctx_ret_fu_316                |    0    |    0    |    0    |
|----------|-----------------------------------------------|---------|---------|---------|
|   Total  |                                               | 15.8879 |  258989 |  697124 |
|----------|-----------------------------------------------|---------|---------|---------|

Memories:
+----+--------+--------+--------+
|    |  BRAM  |   FF   |   LUT  |
+----+--------+--------+--------+
|sbox|    0   |   32   |   132  |
+----+--------+--------+--------+
|Total|    0   |   32   |   132  |
+----+--------+--------+--------+

* Register list:
+------------------------+--------+
|                        |   FF   |
+------------------------+--------+
|  buf_r_addr_10_reg_406 |    4   |
|  buf_r_addr_11_reg_455 |    4   |
|  buf_r_addr_12_reg_422 |    4   |
|  buf_r_addr_1_reg_400  |    4   |
|  buf_r_addr_2_reg_366  |    4   |
|  buf_r_addr_3_reg_417  |    4   |
|  buf_r_addr_4_reg_372  |    4   |
|  buf_r_addr_5_reg_432  |    4   |
|  buf_r_addr_6_reg_378  |    4   |
|  buf_r_addr_7_reg_443  |    4   |
|  buf_r_addr_8_reg_389  |    4   |
|  buf_r_addr_9_reg_449  |    4   |
|  buf_r_load_10_reg_412 |    8   |
|  buf_r_load_12_reg_427 |    8   |
|  buf_r_load_14_reg_438 |    8   |
|  buf_r_load_6_reg_384  |    8   |
|  buf_r_load_8_reg_395  |    8   |
|    ctx10_loc_reg_322   |   768  |
|    ctx7_loc_reg_340    |   768  |
|    ctx_read_reg_352    |   768  |
|     ctx_ret_reg_461    |   768  |
|  or_ln74_1_loc_reg_334 |   768  |
|p_partset613_loc_reg_346|   768  |
|   rcon_1_loc_reg_328   |    8   |
|         reg_284        |    8   |
|         reg_290        |    8   |
+------------------------+--------+
|          Total         |  4720  |
+------------------------+--------+

* Multiplexer (MUX) list: 
|-----------------------------------------------|------|------|------|--------||---------||---------|
|                      Comp                     |  Pin | Size |  BW  | S x BW ||  Delay  ||   LUT   |
|-----------------------------------------------|------|------|------|--------||---------||---------|
|               grp_access_fu_113               |  p0  |  21  |   4  |   84   ||   102   |
|               grp_access_fu_113               |  p1  |   2  |   8  |   16   ||    9    |
|               grp_access_fu_113               |  p2  |  13  |   0  |    0   ||    65   |
|               grp_access_fu_113               |  p4  |   7  |   4  |   28   ||    37   |
|  grp_aes256_encrypt_ecb_Pipeline_ecb1_fu_223  |  p1  |   2  |  768 |  1536  ||    9    |
| grp_aes256_encrypt_ecb_Pipeline_addkey_fu_277 |  p1  |   2  |  768 |  1536  ||    9    |
|                    reg_290                    |  p0  |   2  |   8  |   16   ||    9    |
|-----------------------------------------------|------|------|------|--------||---------||---------|
|                     Total                     |      |      |      |  3216  ||  3.3747 ||   240   |
|-----------------------------------------------|------|------|------|--------||---------||---------|



* Summary:
+-----------+--------+--------+--------+--------+
|           |  BRAM  |  Delay |   FF   |   LUT  |
+-----------+--------+--------+--------+--------+
|  Function |    -   |   15   | 258989 | 697124 |
|   Memory  |    0   |    -   |   32   |   132  |
|Multiplexer|    -   |    3   |    -   |   240  |
|  Register |    -   |    -   |  4720  |    -   |
+-----------+--------+--------+--------+--------+
|   Total   |    0   |   19   | 263741 | 697496 |
+-----------+--------+--------+--------+--------+
