Fri Apr  4 11:05:36 2025: Running xcd server. This server was built by gradle.
Fri Apr  4 11:05:36 2025: Server was asked to start on port: '46097'
Fri Apr  4 11:05:36 2025: Server is using token UUID: 'eb0e9b1b-6b93-4b49-a11f-4668e7142f04'
Fri Apr  4 11:05:36 2025: SESSION_MGR: creating session with session uuid: '6d04a3e9-ade5-4ab9-8d63-1f78fcd2ec76' and name 'default'
Fri Apr  4 11:05:36 2025: Attempting to start server on port '46097'
Fri Apr  4 11:05:36 2025: XCD main fifo: created main fifo '/tmp/xcdmaineb0e9b1b-6b93-4b49-a11f-4668e7142f04', fd read = 13
Fri Apr  4 11:05:36 2025: Running Dispatch Server
Fri Apr  4 11:05:36 2025: Version 2.2.0
Fri Apr  4 11:05:44 2025: Dispatch Server: Accepted socket connection from client
Fri Apr  4 11:05:44 2025: Starting Socket connection
Fri Apr  4 11:05:44 2025: EXCHANGE_TOKEN received, server token: eb0e9b1b-6b93-4b49-a11f-4668e7142f04, passed token: eb0e9b1b-6b93-4b49-a11f-4668e7142f04
Fri Apr  4 11:05:44 2025: SESSION_MGR: creating session with session uuid: 'fcebd9dc-c136-4469-83e1-cae249d5f980' and name 'vitis_hls'
Fri Apr  4 11:05:44 2025: KERNEL_SVC: creating session with uuid: 'fcebd9dc-c136-4469-83e1-cae249d5f980' and name 'vitis_hls'
Fri Apr  4 11:05:44 2025: GUIDANCE_SMGR: creating guidance session with uuid: 'fcebd9dc-c136-4469-83e1-cae249d5f980' and name 'vitis_hls'
Fri Apr  4 11:06:15 2025: STOP_SERVER received, server token: eb0e9b1b-6b93-4b49-a11f-4668e7142f04, passed token: eb0e9b1b-6b93-4b49-a11f-4668e7142f04
Fri Apr  4 11:06:15 2025: Socket received request to stop server.
Fri Apr  4 11:06:15 2025: Dispatch Server: do_await_stop
Fri Apr  4 11:06:15 2025: Dispatch Server: stopping mainFifo_
Fri Apr  4 11:06:15 2025: XCD main fifo: Stopping
Fri Apr  4 11:06:15 2025: XCD main fifo: do_read error code: Operation canceled
Fri Apr  4 11:06:15 2025: XCD main fifo: bytes_transferred: 0
Fri Apr  4 11:06:15 2025: SERVER: destructor for server bound to port 46097
Fri Apr  4 11:06:15 2025: XCD main fifo: Good unlink of /tmp/xcdmaineb0e9b1b-6b93-4b49-a11f-4668e7142f04
Fri Apr  4 11:06:15 2025: Server exiting with status 0.
Fri Apr  4 11:06:15 2025: Closing log file.
