==============================================================
Vitis HLS - High-Level Synthesis from C, C++ and OpenCL v2022.2.2 (64-bit)
Tool Version Limit: 2019.12
Copyright 1986-2023 Xilinx, Inc. All Rights Reserved.
==============================================================
INFO: [HLS 200-1505] Using default flow_target 'vivado'
INFO: [HLS 200-435] Setting 'open_solution -flow_target vivado' configuration: config_interface -m_axi_latency=0
INFO: [HLS 200-1510] Running: set_part xcu55c-fsvh2892-2L-e 
INFO: [HLS 200-1611] Setting target device to 'xcu55c-fsvh2892-2L-e'
INFO: [HLS 200-1510] Running: create_clock -period 5 -name default 
INFO: [SYN 201-201] Setting up clock 'default' with a period of 5ns.
INFO: [HLS 200-1510] Running: csynth_design 
INFO: [HLS 200-111] Finished File checks and directory preparation: CPU user time: 0.01 seconds. CPU system time: 0.01 seconds. Elapsed time: 10.05 seconds; current allocated memory: 1.196 GB.
INFO: [HLS 200-10] Analyzing design file 'bfs.c' ... 
INFO: [HLS 200-111] Finished Source Code Analysis and Preprocessing: CPU user time: 0.18 seconds. CPU system time: 0.38 seconds. Elapsed time: 0.59 seconds; current allocated memory: 1.198 GB.
INFO: [HLS 200-777] Using interface defaults for 'Vivado' flow target.
INFO: [HLS 214-241] Aggregating bram variable 'nodes' with compact=bit mode in 128-bits
INFO: [HLS 200-111] Finished Compiling Optimization and Transform: CPU user time: 2.04 seconds. CPU system time: 0.42 seconds. Elapsed time: 2.55 seconds; current allocated memory: 1.199 GB.
INFO: [HLS 200-111] Finished Checking Pragmas: CPU user time: 0.01 seconds. CPU system time: 0 seconds. Elapsed time: 0 seconds; current allocated memory: 1.199 GB.
INFO: [HLS 200-10] Starting code transformations ...
INFO: [HLS 200-111] Finished Standard Transforms: CPU user time: 0.01 seconds. CPU system time: 0 seconds. Elapsed time: 0.02 seconds; current allocated memory: 1.200 GB.
INFO: [HLS 200-10] Checking synthesizability ...
INFO: [HLS 200-111] Finished Checking Synthesizability: CPU user time: 0.01 seconds. CPU system time: 0 seconds. Elapsed time: 0 seconds; current allocated memory: 1.200 GB.
INFO: [XFORM 203-510] Pipelining loop 'loop_neighbors' (bfs.c:16) in function 'bfs' automatically.
INFO: [HLS 200-111] Finished Loop, function and other optimizations: CPU user time: 0.03 seconds. CPU system time: 0.01 seconds. Elapsed time: 0.04 seconds; current allocated memory: 1.220 GB.
WARNING: [HLS 200-960] Cannot flatten loop 'loop_queue' (bfs.c:16:16) in function 'bfs' the outer loop is not a perfect loop because there is nontrivial logic before entering the inner loop.
INFO: [HLS 200-472] Inferring partial write operation for 'queue' (bfs.c:30:35)
INFO: [HLS 200-472] Inferring partial write operation for 'queue' (bfs.c:48:43)
INFO: [HLS 200-111] Finished Architecture Synthesis: CPU user time: 0.03 seconds. CPU system time: 0 seconds. Elapsed time: 0.03 seconds; current allocated memory: 1.229 GB.
INFO: [HLS 200-10] Starting hardware synthesis ...
INFO: [HLS 200-10] Synthesizing 'bfs' ...
INFO: [HLS 200-10] ----------------------------------------------------------------
INFO: [HLS 200-42] -- Implementing module 'bfs_Pipeline_loop_neighbors' 
INFO: [HLS 200-10] ----------------------------------------------------------------
INFO: [SCHED 204-11] Starting scheduling ...
INFO: [SCHED 204-61] Pipelining loop 'loop_neighbors'.
WARNING: [HLS 200-880] The II Violation in module 'bfs_Pipeline_loop_neighbors' (loop 'loop_neighbors'): Unable to enforce a carried dependence constraint (II = 1, distance = 1, offset = 1) between 'store' operation ('level_addr_1_write_ln46', bfs.c:46) of variable 'tmp_level', bfs.c:45 on array 'level' and 'load' operation ('tmp_level', bfs.c:42) on array 'level'.
WARNING: [HLS 200-880] The II Violation in module 'bfs_Pipeline_loop_neighbors' (loop 'loop_neighbors'): Unable to enforce a carried dependence constraint (II = 2, distance = 1, offset = 1) between 'store' operation ('level_addr_1_write_ln46', bfs.c:46) of variable 'tmp_level', bfs.c:45 on array 'level' and 'load' operation ('tmp_level', bfs.c:42) on array 'level'.
INFO: [HLS 200-1470] Pipelining result : Target II = NA, Final II = 3, Depth = 6, loop 'loop_neighbors'
INFO: [SCHED 204-11] Finished scheduling.
INFO: [HLS 200-111] Finished Scheduling: CPU user time: 0.06 seconds. CPU system time: 0.05 seconds. Elapsed time: 0.12 seconds; current allocated memory: 1.229 GB.
INFO: [BIND 205-100] Starting micro-architecture generation ...
INFO: [BIND 205-101] Performing variable lifetime analysis.
INFO: [BIND 205-101] Exploring resource sharing.
INFO: [BIND 205-101] Binding ...
INFO: [BIND 205-100] Finished micro-architecture generation.
INFO: [HLS 200-111] Finished Binding: CPU user time: 0.05 seconds. CPU system time: 0 seconds. Elapsed time: 0.07 seconds; current allocated memory: 1.230 GB.
INFO: [HLS 200-10] ----------------------------------------------------------------
INFO: [HLS 200-42] -- Implementing module 'bfs' 
INFO: [HLS 200-10] ----------------------------------------------------------------
INFO: [SCHED 204-11] Starting scheduling ...
INFO: [SCHED 204-11] Finished scheduling.
INFO: [HLS 200-111] Finished Scheduling: CPU user time: 0.08 seconds. CPU system time: 0.01 seconds. Elapsed time: 0.09 seconds; current allocated memory: 1.230 GB.
INFO: [BIND 205-100] Starting micro-architecture generation ...
INFO: [BIND 205-101] Performing variable lifetime analysis.
INFO: [BIND 205-101] Exploring resource sharing.
INFO: [BIND 205-101] Binding ...
INFO: [BIND 205-100] Finished micro-architecture generation.
INFO: [HLS 200-111] Finished Binding: CPU user time: 0.06 seconds. CPU system time: 0 seconds. Elapsed time: 0.07 seconds; current allocated memory: 1.230 GB.
INFO: [HLS 200-10] ----------------------------------------------------------------
INFO: [HLS 200-10] -- Generating RTL for module 'bfs_Pipeline_loop_neighbors' 
INFO: [HLS 200-10] ----------------------------------------------------------------
INFO: [HLS 200-1030] Apply Unified Pipeline Control on module 'bfs_Pipeline_loop_neighbors' pipeline 'loop_neighbors' pipeline type 'loop pipeline'
INFO: [RTGEN 206-100] Finished creating RTL model for 'bfs_Pipeline_loop_neighbors'.
INFO: [HLS 200-111] Finished Creating RTL model: CPU user time: 0.07 seconds. CPU system time: 0.01 seconds. Elapsed time: 0.09 seconds; current allocated memory: 1.230 GB.
INFO: [HLS 200-10] ----------------------------------------------------------------
INFO: [HLS 200-10] -- Generating RTL for module 'bfs' 
INFO: [HLS 200-10] ----------------------------------------------------------------
INFO: [RTGEN 206-500] Setting interface mode on port 'bfs/nodes' to 'ap_memory'.
INFO: [RTGEN 206-500] Setting interface mode on port 'bfs/edges' to 'ap_memory'.
INFO: [RTGEN 206-500] Setting interface mode on port 'bfs/starting_node' to 'ap_none'.
INFO: [RTGEN 206-500] Setting interface mode on port 'bfs/level' to 'ap_memory'.
INFO: [RTGEN 206-500] Setting interface mode on port 'bfs/level_counts' to 'ap_memory'.
INFO: [RTGEN 206-500] Setting interface mode on function 'bfs' to 'ap_ctrl_hs'.
INFO: [RTGEN 206-100] Finished creating RTL model for 'bfs'.
INFO: [RTMG 210-278] Implementing memory 'bfs_queue_RAM_AUTO_1R1W' using auto RAMs.
INFO: [HLS 200-111] Finished Creating RTL model: CPU user time: 0.12 seconds. CPU system time: 0 seconds. Elapsed time: 0.14 seconds; current allocated memory: 1.231 GB.
INFO: [HLS 200-111] Finished Generating all RTL models: CPU user time: 0.27 seconds. CPU system time: 0.02 seconds. Elapsed time: 0.33 seconds; current allocated memory: 1.235 GB.
INFO: [HLS 200-111] Finished Updating report files: CPU user time: 0.2 seconds. CPU system time: 0.01 seconds. Elapsed time: 0.22 seconds; current allocated memory: 1.237 GB.
INFO: [VHDL 208-304] Generating VHDL RTL for bfs.
INFO: [VLOG 209-307] Generating Verilog RTL for bfs.
INFO: [HLS 200-790] **** Loop Constraint Status: All loop constraints were NOT satisfied.
INFO: [HLS 200-789] **** Estimated Fmax: 388.35 MHz
INFO: [HLS 200-111] Finished Command csynth_design CPU user time: 3.24 seconds. CPU system time: 0.91 seconds. Elapsed time: 4.4 seconds; current allocated memory: 41.496 MB.
INFO: [HLS 200-1510] Running: close_project 
INFO: [HLS 200-112] Total CPU user time: 5.7 seconds. Total CPU system time: 1.54 seconds. Total elapsed time: 1639.5 seconds; peak allocated memory: 1.237 GB.
INFO: [Common 17-206]