Sun May 18 05:47:20 2025: Running xcd server. This server was built by gradle.
Sun May 18 05:47:20 2025: Server was asked to start on port: '40739'
Sun May 18 05:47:20 2025: Server is using token UUID: '6b649c90-7b97-4401-9cb9-02baaff28c74'
Sun May 18 05:47:20 2025: SESSION_MGR: creating session with session uuid: '6d04a3e9-ade5-4ab9-8d63-1f78fcd2ec76' and name 'default'
Sun May 18 05:47:20 2025: Attempting to start server on port '40739'
Sun May 18 05:47:20 2025: XCD main fifo: created main fifo '/tmp/xcdmain6b649c90-7b97-4401-9cb9-02baaff28c74', fd read = 13
Sun May 18 05:47:20 2025: Running Dispatch Server
Sun May 18 05:47:20 2025: Version 2.2.0
Sun May 18 05:47:30 2025: Dispatch Server: Accepted socket connection from client
Sun May 18 05:47:30 2025: Starting Socket connection
Sun May 18 05:47:30 2025: EXCHANGE_TOKEN received, server token: 6b649c90-7b97-4401-9cb9-02baaff28c74, passed token: 6b649c90-7b97-4401-9cb9-02baaff28c74
Sun May 18 05:47:30 2025: SESSION_MGR: creating session with session uuid: 'e802f84c-7333-4b64-b966-b426174062dd' and name 'vitis_hls'
Sun May 18 05:47:30 2025: KERNEL_SVC: creating session with uuid: 'e802f84c-7333-4b64-b966-b426174062dd' and name 'vitis_hls'
Sun May 18 05:47:30 2025: GUIDANCE_SMGR: creating guidance session with uuid: 'e802f84c-7333-4b64-b966-b426174062dd' and name 'vitis_hls'
Sun May 18 05:49:57 2025: STOP_SERVER received, server token: 6b649c90-7b97-4401-9cb9-02baaff28c74, passed token: 6b649c90-7b97-4401-9cb9-02baaff28c74
Sun May 18 05:49:57 2025: Socket received request to stop server.
Sun May 18 05:49:57 2025: Dispatch Server: do_await_stop
Sun May 18 05:49:57 2025: Dispatch Server: stopping mainFifo_
Sun May 18 05:49:57 2025: XCD main fifo: Stopping
Sun May 18 05:49:57 2025: XCD main fifo: do_read error code: Operation canceled
Sun May 18 05:49:57 2025: XCD main fifo: bytes_transferred: 0
Sun May 18 05:49:57 2025: SERVER: destructor for server bound to port 40739
Sun May 18 05:49:57 2025: XCD main fifo: Good unlink of /tmp/xcdmain6b649c90-7b97-4401-9cb9-02baaff28c74
Sun May 18 05:49:57 2025: Server exiting with status 0.
Sun May 18 05:49:57 2025: Closing log file.
