

================================================================
== Vitis HLS Report for 'sort_radix_Pipeline_local_1'
================================================================
* Date:           Sun May 18 06:01:03 2025

* Version:        2022.2.2 (Build 3779808 on Feb 17 2023)
* Project:        hls_prj
* Solution:       solution (Vivado IP Flow Target)
* Product family: virtexuplus
* Target device:  xcu55c-fsvh2892-2L-e


================================================================
== Performance Estimates
================================================================
+ Timing: 
    * Summary: 
    +--------+---------+----------+------------+
    |  Clock |  Target | Estimated| Uncertainty|
    +--------+---------+----------+------------+
    |ap_clk  |  5.00 ns|  2.083 ns|     1.35 ns|
    +--------+---------+----------+------------+

+ Latency: 
    * Summary: 
    +---------+---------+-----------+-----------+------+------+---------+
    |  Latency (cycles) |   Latency (absolute)  |   Interval  | Pipeline|
    |   min   |   max   |    min    |    max    |  min |  max |   Type  |
    +---------+---------+-----------+-----------+------+------+---------+
    |     2050|     2050|  10.250 us|  10.250 us|  2050|  2050|       no|
    +---------+---------+-----------+-----------+------+------+---------+

    + Detail: 
        * Instance: 
        N/A

        * Loop: 
        +-----------+---------+---------+----------+-----------+-----------+------+----------+
        |           |  Latency (cycles) | Iteration|  Initiation Interval  | Trip |          |
        | Loop Name |   min   |   max   |  Latency |  achieved |   target  | Count| Pipelined|
        +-----------+---------+---------+----------+-----------+-----------+------+----------+
        |- local_1  |     2048|     2048|        16|         16|          1|   128|       yes|
        +-----------+---------+---------+----------+-----------+-----------+------+----------+



================================================================
== Utilization Estimates
================================================================
* Summary: 
+---------------------+---------+------+---------+---------+-----+
|         Name        | BRAM_18K|  DSP |    FF   |   LUT   | URAM|
+---------------------+---------+------+---------+---------+-----+
|DSP                  |        -|     -|        -|        -|    -|
|Expression           |        -|     -|        0|      776|    -|
|FIFO                 |        -|     -|        -|        -|    -|
|Instance             |        -|     -|        -|        -|    -|
|Memory               |        -|     -|        -|        -|    -|
|Multiplexer          |        -|     -|        -|      346|    -|
|Register             |        -|     -|      777|        -|    -|
+---------------------+---------+------+---------+---------+-----+
|Total                |        0|     0|      777|     1122|    0|
+---------------------+---------+------+---------+---------+-----+
|Available SLR        |     1344|  3008|   869120|   434560|  320|
+---------------------+---------+------+---------+---------+-----+
|Utilization SLR (%)  |        0|     0|       ~0|       ~0|    0|
+---------------------+---------+------+---------+---------+-----+
|Available            |     4032|  9024|  2607360|  1303680|  960|
+---------------------+---------+------+---------+---------+-----+
|Utilization (%)      |        0|     0|       ~0|       ~0|    0|
+---------------------+---------+------+---------+---------+-----+

+ Detail: 
    * Instance: 
    N/A

    * DSP: 
    N/A

    * Memory: 
    N/A

    * FIFO: 
    N/A

    * Expression: 
    +-----------------------+----------+----+---+----+------------+------------+
    |     Variable Name     | Operation| DSP| FF| LUT| Bitwidth P0| Bitwidth P1|
    +-----------------------+----------+----+---+----+------------+------------+
    |add_ln13_fu_231_p2     |         +|   0|  0|  15|           8|           1|
    |add_ln16_10_fu_463_p2  |         +|   0|  0|  39|          32|          32|
    |add_ln16_11_fu_468_p2  |         +|   0|  0|  39|          32|          32|
    |add_ln16_12_fu_473_p2  |         +|   0|  0|  39|          32|          32|
    |add_ln16_13_fu_478_p2  |         +|   0|  0|  39|          32|          32|
    |add_ln16_14_fu_484_p2  |         +|   0|  0|  39|          32|          32|
    |add_ln16_1_fu_416_p2   |         +|   0|  0|  39|          32|          32|
    |add_ln16_2_fu_422_p2   |         +|   0|  0|  39|          32|          32|
    |add_ln16_3_fu_428_p2   |         +|   0|  0|  39|          32|          32|
    |add_ln16_4_fu_433_p2   |         +|   0|  0|  39|          32|          32|
    |add_ln16_5_fu_438_p2   |         +|   0|  0|  39|          32|          32|
    |add_ln16_6_fu_443_p2   |         +|   0|  0|  39|          32|          32|
    |add_ln16_7_fu_448_p2   |         +|   0|  0|  39|          32|          32|
    |add_ln16_8_fu_453_p2   |         +|   0|  0|  39|          32|          32|
    |add_ln16_9_fu_458_p2   |         +|   0|  0|  39|          32|          32|
    |add_ln16_fu_270_p2     |         +|   0|  0|  39|          32|          32|
    |icmp_ln13_fu_225_p2    |      icmp|   0|  0|  11|           8|           9|
    |or_ln16_10_fu_366_p2   |        or|   0|  0|  11|          11|           4|
    |or_ln16_11_fu_376_p2   |        or|   0|  0|  11|          11|           4|
    |or_ln16_12_fu_386_p2   |        or|   0|  0|  11|          11|           4|
    |or_ln16_13_fu_396_p2   |        or|   0|  0|  11|          11|           4|
    |or_ln16_14_fu_406_p2   |        or|   0|  0|  11|          11|           4|
    |or_ln16_1_fu_276_p2    |        or|   0|  0|  11|          11|           2|
    |or_ln16_2_fu_286_p2    |        or|   0|  0|  11|          11|           2|
    |or_ln16_3_fu_296_p2    |        or|   0|  0|  11|          11|           3|
    |or_ln16_4_fu_306_p2    |        or|   0|  0|  11|          11|           3|
    |or_ln16_5_fu_316_p2    |        or|   0|  0|  11|          11|           3|
    |or_ln16_6_fu_326_p2    |        or|   0|  0|  11|          11|           3|
    |or_ln16_7_fu_336_p2    |        or|   0|  0|  11|          11|           4|
    |or_ln16_8_fu_346_p2    |        or|   0|  0|  11|          11|           4|
    |or_ln16_9_fu_356_p2    |        or|   0|  0|  11|          11|           4|
    |or_ln16_fu_254_p2      |        or|   0|  0|  11|          11|           1|
    +-----------------------+----------+----+---+----+------------+------------+
    |Total                  |          |   0|  0| 776|         661|         539|
    +-----------------------+----------+----+---+----+------------+------------+

    * Multiplexer: 
    +----------------------------+----+-----------+-----+-----------+
    |            Name            | LUT| Input Size| Bits| Total Bits|
    +----------------------------+----+-----------+-----+-----------+
    |ap_NS_fsm                   |  81|         17|    1|         17|
    |ap_done_int                 |   9|          2|    1|          2|
    |ap_sig_allocacmp_radixID_2  |   9|          2|    8|         16|
    |bucket_address0             |  81|         17|   11|        187|
    |bucket_address1             |  65|         16|   11|        176|
    |bucket_d0                   |  49|          9|   32|        288|
    |bucket_d1                   |  43|          8|   32|        256|
    |radixID_fu_68               |   9|          2|    8|         16|
    +----------------------------+----+-----------+-----+-----------+
    |Total                       | 346|         73|  104|        958|
    +----------------------------+----+-----------+-----+-----------+

    * Register: 
    +------------------------+----+----+-----+-----------+
    |          Name          | FF | LUT| Bits| Const Bits|
    +------------------------+----+----+-----+-----------+
    |add_ln16_10_reg_692     |  32|   0|   32|          0|
    |add_ln16_12_reg_698     |  32|   0|   32|          0|
    |add_ln16_14_reg_704     |  32|   0|   32|          0|
    |add_ln16_2_reg_668      |  32|   0|   32|          0|
    |add_ln16_4_reg_674      |  32|   0|   32|          0|
    |add_ln16_6_reg_680      |  32|   0|   32|          0|
    |add_ln16_8_reg_686      |  32|   0|   32|          0|
    |add_ln16_reg_529        |  32|   0|   32|          0|
    |ap_CS_fsm               |  16|   0|   16|          0|
    |ap_done_reg             |   1|   0|    1|          0|
    |bucket_addr_10_reg_613  |   7|   0|   11|          4|
    |bucket_addr_11_reg_619  |   7|   0|   11|          4|
    |bucket_addr_12_reg_635  |   7|   0|   11|          4|
    |bucket_addr_13_reg_641  |   7|   0|   11|          4|
    |bucket_addr_14_reg_657  |   7|   0|   11|          4|
    |bucket_addr_15_reg_663  |   7|   0|   11|          4|
    |bucket_addr_1_reg_523   |   7|   0|   11|          4|
    |bucket_addr_2_reg_535   |   7|   0|   11|          4|
    |bucket_addr_3_reg_541   |   7|   0|   11|          4|
    |bucket_addr_4_reg_547   |   7|   0|   11|          4|
    |bucket_addr_5_reg_553   |   7|   0|   11|          4|
    |bucket_addr_6_reg_569   |   7|   0|   11|          4|
    |bucket_addr_7_reg_575   |   7|   0|   11|          4|
    |bucket_addr_8_reg_591   |   7|   0|   11|          4|
    |bucket_addr_9_reg_597   |   7|   0|   11|          4|
    |bucket_load_10_reg_625  |  32|   0|   32|          0|
    |bucket_load_11_reg_630  |  32|   0|   32|          0|
    |bucket_load_12_reg_647  |  32|   0|   32|          0|
    |bucket_load_13_reg_652  |  32|   0|   32|          0|
    |bucket_load_4_reg_559   |  32|   0|   32|          0|
    |bucket_load_5_reg_564   |  32|   0|   32|          0|
    |bucket_load_6_reg_581   |  32|   0|   32|          0|
    |bucket_load_7_reg_586   |  32|   0|   32|          0|
    |bucket_load_8_reg_603   |  32|   0|   32|          0|
    |bucket_load_9_reg_608   |  32|   0|   32|          0|
    |radixID_fu_68           |   8|   0|    8|          0|
    |reg_209                 |  32|   0|   32|          0|
    |reg_213                 |  32|   0|   32|          0|
    |tmp_3_reg_500           |   7|   0|   11|          4|
    +------------------------+----+----+-----+-----------+
    |Total                   | 777|   0|  841|         64|
    +------------------------+----+----+-----+-----------+



================================================================
== Interface
================================================================
* Summary: 
+-----------------+-----+-----+------------+-----------------------------+--------------+
|    RTL Ports    | Dir | Bits|  Protocol  |        Source Object        |    C Type    |
+-----------------+-----+-----+------------+-----------------------------+--------------+
|ap_clk           |   in|    1|  ap_ctrl_hs|  sort_radix_Pipeline_local_1|  return value|
|ap_rst           |   in|    1|  ap_ctrl_hs|  sort_radix_Pipeline_local_1|  return value|
|ap_start         |   in|    1|  ap_ctrl_hs|  sort_radix_Pipeline_local_1|  return value|
|ap_done          |  out|    1|  ap_ctrl_hs|  sort_radix_Pipeline_local_1|  return value|
|ap_idle          |  out|    1|  ap_ctrl_hs|  sort_radix_Pipeline_local_1|  return value|
|ap_ready         |  out|    1|  ap_ctrl_hs|  sort_radix_Pipeline_local_1|  return value|
|bucket_address0  |  out|   11|   ap_memory|                       bucket|         array|
|bucket_ce0       |  out|    1|   ap_memory|                       bucket|         array|
|bucket_we0       |  out|    1|   ap_memory|                       bucket|         array|
|bucket_d0        |  out|   32|   ap_memory|                       bucket|         array|
|bucket_q0        |   in|   32|   ap_memory|                       bucket|         array|
|bucket_address1  |  out|   11|   ap_memory|                       bucket|         array|
|bucket_ce1       |  out|    1|   ap_memory|                       bucket|         array|
|bucket_we1       |  out|    1|   ap_memory|                       bucket|         array|
|bucket_d1        |  out|   32|   ap_memory|                       bucket|         array|
|bucket_q1        |   in|   32|   ap_memory|                       bucket|         array|
+-----------------+-----+-----+------------+-----------------------------+--------------+

