

================================================================
== Vitis HLS Report for 'aes256_encrypt_ecb'
================================================================
* Date:           Thu Apr  3 13:14:21 2025

* Version:        2022.2.2 (Build 3779808 on Feb 17 2023)
* Project:        hls_prj
* Solution:       solution (Vivado IP Flow Target)
* Product family: virtexuplus
* Target device:  xcu55c-fsvh2892-2L-e


================================================================
== Performance Estimates
================================================================
+ Timing: 
    * Summary: 
    +--------+---------+----------+------------+
    |  Clock |  Target | Estimated| Uncertainty|
    +--------+---------+----------+------------+
    |ap_clk  |  5.00 ns|  3.627 ns|     1.35 ns|
    +--------+---------+----------+------------+

+ Latency: 
    * Summary: 
    +---------+---------+----------+----------+-----+-----+---------+
    |  Latency (cycles) |  Latency (absolute) |  Interval | Pipeline|
    |   min   |   max   |    min   |    max   | min | max |   Type  |
    +---------+---------+----------+----------+-----+-----+---------+
    |      693|      693|  3.465 us|  3.465 us|  694|  694|       no|
    +---------+---------+----------+----------+-----+-----+---------+

    + Detail: 
        * Instance: 
        +-----------------------------------------------+------------------------------------+---------+---------+-----------+-----------+-----+-----+---------+
        |                                               |                                    |  Latency (cycles) |   Latency (absolute)  |  Interval | Pipeline|
        |                    Instance                   |               Module               |   min   |   max   |    min    |    max    | min | max |   Type  |
        +-----------------------------------------------+------------------------------------+---------+---------+-----------+-----------+-----+-----+---------+
        |grp_aes256_encrypt_ecb_Pipeline_ecb1_fu_223    |aes256_encrypt_ecb_Pipeline_ecb1    |       34|       34|   0.170 us|   0.170 us|   34|   34|       no|
        |grp_aes256_encrypt_ecb_Pipeline_ecb2_fu_232    |aes256_encrypt_ecb_Pipeline_ecb2    |      192|      192|   0.960 us|   0.960 us|  192|  192|       no|
        |grp_aes256_encrypt_ecb_Pipeline_cpkey_fu_240   |aes256_encrypt_ecb_Pipeline_cpkey   |       19|       19|  95.000 ns|  95.000 ns|   19|   19|       no|
        |grp_aes256_encrypt_ecb_Pipeline_ecb3_fu_248    |aes256_encrypt_ecb_Pipeline_ecb3    |      371|      371|   1.855 us|   1.855 us|  371|  371|       no|
        |grp_aes256_encrypt_ecb_Pipeline_sub_fu_259     |aes256_encrypt_ecb_Pipeline_sub     |       20|       20|   0.100 us|   0.100 us|   20|   20|       no|
        |grp_aes_expandEncKey_fu_267                    |aes_expandEncKey                    |       27|       27|   0.135 us|   0.135 us|    1|    1|      yes|
        |grp_aes256_encrypt_ecb_Pipeline_addkey_fu_277  |aes256_encrypt_ecb_Pipeline_addkey  |       19|       19|  95.000 ns|  95.000 ns|   19|   19|       no|
        +-----------------------------------------------+------------------------------------+---------+---------+-----------+-----------+-----+-----+---------+

        * Loop: 
        N/A



================================================================
== Utilization Estimates
================================================================
* Summary: 
+---------------------+---------+------+---------+---------+-----+
|         Name        | BRAM_18K|  DSP |    FF   |   LUT   | URAM|
+---------------------+---------+------+---------+---------+-----+
|DSP                  |        -|     -|        -|        -|    -|
|Expression           |        -|     -|        -|        -|    -|
|FIFO                 |        -|     -|        -|        -|    -|
|Instance             |        -|     -|   218798|  1123657|    -|
|Memory               |        0|     -|       32|      132|    -|
|Multiplexer          |        -|     -|        -|      873|    -|
|Register             |        -|     -|     1638|        -|    -|
+---------------------+---------+------+---------+---------+-----+
|Total                |        0|     0|   220468|  1124662|    0|
+---------------------+---------+------+---------+---------+-----+
|Available SLR        |     1344|  3008|   869120|   434560|  320|
+---------------------+---------+------+---------+---------+-----+
|Utilization SLR (%)  |        0|     0|       25|      258|    0|
+---------------------+---------+------+---------+---------+-----+
|Available            |     4032|  9024|  2607360|  1303680|  960|
+---------------------+---------+------+---------+---------+-----+
|Utilization (%)      |        0|     0|        8|       86|    0|
+---------------------+---------+------+---------+---------+-----+

+ Detail: 
    * Instance: 
    +-----------------------------------------------+------------------------------------+---------+----+-------+--------+-----+
    |                    Instance                   |               Module               | BRAM_18K| DSP|   FF  |   LUT  | URAM|
    +-----------------------------------------------+------------------------------------+---------+----+-------+--------+-----+
    |grp_aes256_encrypt_ecb_Pipeline_addkey_fu_277  |aes256_encrypt_ecb_Pipeline_addkey  |        0|   0|     16|    2238|    0|
    |grp_aes256_encrypt_ecb_Pipeline_cpkey_fu_240   |aes256_encrypt_ecb_Pipeline_cpkey   |        0|   0|   1558|    9863|    0|
    |grp_aes256_encrypt_ecb_Pipeline_ecb1_fu_223    |aes256_encrypt_ecb_Pipeline_ecb1    |        0|   0|    782|   14893|    0|
    |grp_aes256_encrypt_ecb_Pipeline_ecb2_fu_232    |aes256_encrypt_ecb_Pipeline_ecb2    |        0|   0|  72203|  365089|    0|
    |grp_aes256_encrypt_ecb_Pipeline_ecb3_fu_248    |aes256_encrypt_ecb_Pipeline_ecb3    |        0|   0|  72832|  366675|    0|
    |grp_aes256_encrypt_ecb_Pipeline_sub_fu_259     |aes256_encrypt_ecb_Pipeline_sub     |        0|   0|     18|      59|    0|
    |grp_aes_expandEncKey_fu_267                    |aes_expandEncKey                    |        0|   0|  71389|  364840|    0|
    +-----------------------------------------------+------------------------------------+---------+----+-------+--------+-----+
    |Total                                          |                                    |        0|   0| 218798| 1123657|    0|
    +-----------------------------------------------+------------------------------------+---------+----+-------+--------+-----+

    * DSP: 
    N/A

    * Memory: 
    +--------+------------------+---------+----+-----+-----+------+-----+------+-------------+
    | Memory |      Module      | BRAM_18K| FF | LUT | URAM| Words| Bits| Banks| W*Bits*Banks|
    +--------+------------------+---------+----+-----+-----+------+-----+------+-------------+
    |sbox_U  |sbox_ROM_AUTO_1R  |        0|  32|  132|    0|   256|    8|     1|         2048|
    +--------+------------------+---------+----+-----+-----+------+-----+------+-------------+
    |Total   |                  |        0|  32|  132|    0|   256|    8|     1|         2048|
    +--------+------------------+---------+----+-----+-----+------+-----+------+-------------+

    * FIFO: 
    N/A

    * Expression: 
    N/A

    * Multiplexer: 
    +----------------+-----+-----------+-----+-----------+
    |      Name      | LUT | Input Size| Bits| Total Bits|
    +----------------+-----+-----------+-----+-----------+
    |ap_NS_fsm       |  177|         40|    1|         40|
    |buf_r_address0  |   81|         17|    4|         68|
    |buf_r_address1  |   81|         17|    4|         68|
    |buf_r_ce0       |   31|          6|    1|          6|
    |buf_r_ce1       |   31|          6|    1|          6|
    |buf_r_d0        |   37|          7|    8|         56|
    |buf_r_d1        |   49|          9|    8|         72|
    |buf_r_we0       |   31|          6|    1|          6|
    |buf_r_we1       |   14|          3|    1|          3|
    |reg_290         |    9|          2|    8|         16|
    |sbox_address0   |   26|          5|    8|         40|
    |sbox_address1   |   20|          4|    8|         32|
    |sbox_address2   |   20|          4|    8|         32|
    |sbox_address3   |   20|          4|    8|         32|
    |sbox_address4   |   20|          4|    8|         32|
    |sbox_address5   |   20|          4|    8|         32|
    |sbox_address6   |   20|          4|    8|         32|
    |sbox_address7   |   20|          4|    8|         32|
    |sbox_ce0        |   26|          5|    1|          5|
    |sbox_ce1        |   20|          4|    1|          4|
    |sbox_ce2        |   20|          4|    1|          4|
    |sbox_ce3        |   20|          4|    1|          4|
    |sbox_ce4        |   20|          4|    1|          4|
    |sbox_ce5        |   20|          4|    1|          4|
    |sbox_ce6        |   20|          4|    1|          4|
    |sbox_ce7        |   20|          4|    1|          4|
    +----------------+-----+-----------+-----+-----------+
    |Total           |  873|        179|  109|        638|
    +----------------+-----+-----------+-----+-----------+

    * Register: 
    +------------------------------------------------------------+-----+----+-----+-----------+
    |                            Name                            |  FF | LUT| Bits| Const Bits|
    +------------------------------------------------------------+-----+----+-----+-----------+
    |ap_CS_fsm                                                   |   39|   0|   39|          0|
    |buf_r_load_10_reg_412                                       |    8|   0|    8|          0|
    |buf_r_load_12_reg_427                                       |    8|   0|    8|          0|
    |buf_r_load_14_reg_438                                       |    8|   0|    8|          0|
    |buf_r_load_6_reg_384                                        |    8|   0|    8|          0|
    |buf_r_load_8_reg_395                                        |    8|   0|    8|          0|
    |ctx_ret_reg_461                                             |  768|   0|  768|          0|
    |grp_aes256_encrypt_ecb_Pipeline_addkey_fu_277_ap_start_reg  |    1|   0|    1|          0|
    |grp_aes256_encrypt_ecb_Pipeline_cpkey_fu_240_ap_start_reg   |    1|   0|    1|          0|
    |grp_aes256_encrypt_ecb_Pipeline_ecb1_fu_223_ap_start_reg    |    1|   0|    1|          0|
    |grp_aes256_encrypt_ecb_Pipeline_ecb2_fu_232_ap_start_reg    |    1|   0|    1|          0|
    |grp_aes256_encrypt_ecb_Pipeline_ecb3_fu_248_ap_start_reg    |    1|   0|    1|          0|
    |grp_aes256_encrypt_ecb_Pipeline_sub_fu_259_ap_start_reg     |    1|   0|    1|          0|
    |grp_aes_expandEncKey_fu_267_ap_start_reg                    |    1|   0|    1|          0|
    |or_ln74_1_loc_fu_80                                         |  768|   0|  768|          0|
    |reg_284                                                     |    8|   0|    8|          0|
    |reg_290                                                     |    8|   0|    8|          0|
    +------------------------------------------------------------+-----+----+-----+-----------+
    |Total                                                       | 1638|   0| 1638|          0|
    +------------------------------------------------------------+-----+----+-----+-----------+



================================================================
== Interface
================================================================
* Summary: 
+----------------+-----+-----+------------+--------------------+--------------+
|    RTL Ports   | Dir | Bits|  Protocol  |    Source Object   |    C Type    |
+----------------+-----+-----+------------+--------------------+--------------+
|ap_clk          |   in|    1|  ap_ctrl_hs|  aes256_encrypt_ecb|  return value|
|ap_rst          |   in|    1|  ap_ctrl_hs|  aes256_encrypt_ecb|  return value|
|ap_start        |   in|    1|  ap_ctrl_hs|  aes256_encrypt_ecb|  return value|
|ap_done         |  out|    1|  ap_ctrl_hs|  aes256_encrypt_ecb|  return value|
|ap_idle         |  out|    1|  ap_ctrl_hs|  aes256_encrypt_ecb|  return value|
|ap_ready        |  out|    1|  ap_ctrl_hs|  aes256_encrypt_ecb|  return value|
|ctx_i           |   in|  768|     ap_ovld|                 ctx|       pointer|
|ctx_o           |  out|  768|     ap_ovld|                 ctx|       pointer|
|ctx_o_ap_vld    |  out|    1|     ap_ovld|                 ctx|       pointer|
|k_address0      |  out|    5|   ap_memory|                   k|         array|
|k_ce0           |  out|    1|   ap_memory|                   k|         array|
|k_q0            |   in|    8|   ap_memory|                   k|         array|
|buf_r_address0  |  out|    4|   ap_memory|               buf_r|         array|
|buf_r_ce0       |  out|    1|   ap_memory|               buf_r|         array|
|buf_r_we0       |  out|    1|   ap_memory|               buf_r|         array|
|buf_r_d0        |  out|    8|   ap_memory|               buf_r|         array|
|buf_r_q0        |   in|    8|   ap_memory|               buf_r|         array|
|buf_r_address1  |  out|    4|   ap_memory|               buf_r|         array|
|buf_r_ce1       |  out|    1|   ap_memory|               buf_r|         array|
|buf_r_we1       |  out|    1|   ap_memory|               buf_r|         array|
|buf_r_d1        |  out|    8|   ap_memory|               buf_r|         array|
|buf_r_q1        |   in|    8|   ap_memory|               buf_r|         array|
+----------------+-----+-----+------------+--------------------+--------------+

