

================================================================
== Vitis HLS Report for 'aes256_encrypt_ecb_Pipeline_ecb2'
================================================================
* Date:           Thu Apr  3 13:14:18 2025

* Version:        2022.2.2 (Build 3779808 on Feb 17 2023)
* Project:        hls_prj
* Solution:       solution (Vivado IP Flow Target)
* Product family: virtexuplus
* Target device:  xcu55c-fsvh2892-2L-e


================================================================
== Performance Estimates
================================================================
+ Timing: 
    * Summary: 
    +--------+---------+----------+------------+
    |  Clock |  Target | Estimated| Uncertainty|
    +--------+---------+----------+------------+
    |ap_clk  |  5.00 ns|  3.627 ns|     1.35 ns|
    +--------+---------+----------+------------+

+ Latency: 
    * Summary: 
    +---------+---------+----------+----------+-----+-----+---------+
    |  Latency (cycles) |  Latency (absolute) |  Interval | Pipeline|
    |   min   |   max   |    min   |    max   | min | max |   Type  |
    +---------+---------+----------+----------+-----+-----+---------+
    |      192|      192|  0.960 us|  0.960 us|  192|  192|       no|
    +---------+---------+----------+----------+-----+-----+---------+

    + Detail: 
        * Instance: 
        +----------------------------+------------------+---------+---------+----------+----------+-----+-----+---------+
        |                            |                  |  Latency (cycles) |  Latency (absolute) |  Interval | Pipeline|
        |          Instance          |      Module      |   min   |   max   |    min   |    max   | min | max |   Type  |
        +----------------------------+------------------+---------+---------+----------+----------+-----+-----+---------+
        |grp_aes_expandEncKey_fu_63  |aes_expandEncKey  |       27|       27|  0.135 us|  0.135 us|    1|    1|      yes|
        +----------------------------+------------------+---------+---------+----------+----------+-----+-----+---------+

        * Loop: 
        +----------+---------+---------+----------+-----------+-----------+------+----------+
        |          |  Latency (cycles) | Iteration|  Initiation Interval  | Trip |          |
        | Loop Name|   min   |   max   |  Latency |  achieved |   target  | Count| Pipelined|
        +----------+---------+---------+----------+-----------+-----------+------+----------+
        |- ecb2    |      190|      190|        29|         27|          1|     7|       yes|
        +----------+---------+---------+----------+-----------+-----------+------+----------+



================================================================
== Utilization Estimates
================================================================
* Summary: 
+---------------------+---------+------+---------+---------+-----+
|         Name        | BRAM_18K|  DSP |    FF   |   LUT   | URAM|
+---------------------+---------+------+---------+---------+-----+
|DSP                  |        -|     -|        -|        -|    -|
|Expression           |        -|     -|        0|       20|    -|
|FIFO                 |        -|     -|        -|        -|    -|
|Instance             |        -|     -|    71389|   364840|    -|
|Memory               |        -|     -|        -|        -|    -|
|Multiplexer          |        -|     -|        -|      229|    -|
|Register             |        -|     -|      814|        -|    -|
+---------------------+---------+------+---------+---------+-----+
|Total                |        0|     0|    72203|   365089|    0|
+---------------------+---------+------+---------+---------+-----+
|Available SLR        |     1344|  3008|   869120|   434560|  320|
+---------------------+---------+------+---------+---------+-----+
|Utilization SLR (%)  |        0|     0|        8|       84|    0|
+---------------------+---------+------+---------+---------+-----+
|Available            |     4032|  9024|  2607360|  1303680|  960|
+---------------------+---------+------+---------+---------+-----+
|Utilization (%)      |        0|     0|        2|       28|    0|
+---------------------+---------+------+---------+---------+-----+

+ Detail: 
    * Instance: 
    +----------------------------+------------------+---------+----+-------+--------+-----+
    |          Instance          |      Module      | BRAM_18K| DSP|   FF  |   LUT  | URAM|
    +----------------------------+------------------+---------+----+-------+--------+-----+
    |grp_aes_expandEncKey_fu_63  |aes_expandEncKey  |        0|   0|  71389|  364840|    0|
    +----------------------------+------------------+---------+----+-------+--------+-----+
    |Total                       |                  |        0|   0|  71389|  364840|    0|
    +----------------------------+------------------+---------+----+-------+--------+-----+

    * DSP: 
    N/A

    * Memory: 
    N/A

    * FIFO: 
    N/A

    * Expression: 
    +---------------------+----------+----+---+----+------------+------------+
    |    Variable Name    | Operation| DSP| FF| LUT| Bitwidth P0| Bitwidth P1|
    +---------------------+----------+----+---+----+------------+------------+
    |add_ln137_fu_105_p2  |         +|   0|  0|  10|           3|           2|
    |icmp_ln137_fu_91_p2  |      icmp|   0|  0|   8|           3|           1|
    |ap_enable_pp0        |       xor|   0|  0|   2|           1|           2|
    +---------------------+----------+----+---+----+------------+------------+
    |Total                |          |   0|  0|  20|           7|           5|
    +---------------------+----------+----+---+----+------------+------------+

    * Multiplexer: 
    +------------------------------+-----+-----------+-----+-----------+
    |             Name             | LUT | Input Size| Bits| Total Bits|
    +------------------------------+-----+-----------+-----+-----------+
    |ap_NS_fsm                     |  139|         28|    1|         28|
    |ap_done_int                   |    9|          2|    1|          2|
    |ap_enable_reg_pp0_iter0       |    9|          2|    1|          2|
    |ap_enable_reg_pp0_iter0_reg   |    9|          2|    1|          2|
    |ap_enable_reg_pp0_iter1       |    9|          2|    1|          2|
    |ap_sig_allocacmp_ctx7_load_1  |    9|          2|  768|       1536|
    |ap_sig_allocacmp_i            |    9|          2|    3|          6|
    |ap_sig_allocacmp_rcon_2_load  |    9|          2|    8|         16|
    |ctx7_fu_46                    |    9|          2|  768|       1536|
    |i_1_fu_38                     |    9|          2|    3|          6|
    |rcon_2_fu_42                  |    9|          2|    8|         16|
    +------------------------------+-----+-----------+-----+-----------+
    |Total                         |  229|         48| 1563|       3152|
    +------------------------------+-----+-----------+-----+-----------+

    * Register: 
    +-----------------------------------------+-----+----+-----+-----------+
    |                   Name                  |  FF | LUT| Bits| Const Bits|
    +-----------------------------------------+-----+----+-----+-----------+
    |ap_CS_fsm                                |   27|   0|   27|          0|
    |ap_done_reg                              |    1|   0|    1|          0|
    |ap_enable_reg_pp0_iter0_reg              |    1|   0|    1|          0|
    |ap_enable_reg_pp0_iter1                  |    1|   0|    1|          0|
    |ctx7_fu_46                               |  768|   0|  768|          0|
    |grp_aes_expandEncKey_fu_63_ap_start_reg  |    1|   0|    1|          0|
    |i_1_fu_38                                |    3|   0|    3|          0|
    |i_reg_159                                |    3|   0|    3|          0|
    |icmp_ln137_reg_164                       |    1|   0|    1|          0|
    |rcon_2_fu_42                             |    8|   0|    8|          0|
    +-----------------------------------------+-----+----+-----+-----------+
    |Total                                    |  814|   0|  814|          0|
    +-----------------------------------------+-----+----+-----+-----------+



================================================================
== Interface
================================================================
* Summary: 
+---------------------+-----+-----+------------+----------------------------------+--------------+
|      RTL Ports      | Dir | Bits|  Protocol  |           Source Object          |    C Type    |
+---------------------+-----+-----+------------+----------------------------------+--------------+
|ap_clk               |   in|    1|  ap_ctrl_hs|  aes256_encrypt_ecb_Pipeline_ecb2|  return value|
|ap_rst               |   in|    1|  ap_ctrl_hs|  aes256_encrypt_ecb_Pipeline_ecb2|  return value|
|ap_start             |   in|    1|  ap_ctrl_hs|  aes256_encrypt_ecb_Pipeline_ecb2|  return value|
|ap_done              |  out|    1|  ap_ctrl_hs|  aes256_encrypt_ecb_Pipeline_ecb2|  return value|
|ap_idle              |  out|    1|  ap_ctrl_hs|  aes256_encrypt_ecb_Pipeline_ecb2|  return value|
|ap_ready             |  out|    1|  ap_ctrl_hs|  aes256_encrypt_ecb_Pipeline_ecb2|  return value|
|p_partset613_reload  |   in|  768|     ap_none|               p_partset613_reload|        scalar|
|ctx7_out             |  out|  768|      ap_vld|                          ctx7_out|       pointer|
|ctx7_out_ap_vld      |  out|    1|      ap_vld|                          ctx7_out|       pointer|
|sbox_address0        |  out|    8|   ap_memory|                              sbox|         array|
|sbox_ce0             |  out|    1|   ap_memory|                              sbox|         array|
|sbox_q0              |   in|    8|   ap_memory|                              sbox|         array|
|sbox_address1        |  out|    8|   ap_memory|                              sbox|         array|
|sbox_ce1             |  out|    1|   ap_memory|                              sbox|         array|
|sbox_q1              |   in|    8|   ap_memory|                              sbox|         array|
|sbox_address2        |  out|    8|   ap_memory|                              sbox|         array|
|sbox_ce2             |  out|    1|   ap_memory|                              sbox|         array|
|sbox_q2              |   in|    8|   ap_memory|                              sbox|         array|
|sbox_address3        |  out|    8|   ap_memory|                              sbox|         array|
|sbox_ce3             |  out|    1|   ap_memory|                              sbox|         array|
|sbox_q3              |   in|    8|   ap_memory|                              sbox|         array|
|sbox_address4        |  out|    8|   ap_memory|                              sbox|         array|
|sbox_ce4             |  out|    1|   ap_memory|                              sbox|         array|
|sbox_q4              |   in|    8|   ap_memory|                              sbox|         array|
|sbox_address5        |  out|    8|   ap_memory|                              sbox|         array|
|sbox_ce5             |  out|    1|   ap_memory|                              sbox|         array|
|sbox_q5              |   in|    8|   ap_memory|                              sbox|         array|
|sbox_address6        |  out|    8|   ap_memory|                              sbox|         array|
|sbox_ce6             |  out|    1|   ap_memory|                              sbox|         array|
|sbox_q6              |   in|    8|   ap_memory|                              sbox|         array|
|sbox_address7        |  out|    8|   ap_memory|                              sbox|         array|
|sbox_ce7             |  out|    1|   ap_memory|                              sbox|         array|
|sbox_q7              |   in|    8|   ap_memory|                              sbox|         array|
+---------------------+-----+-----+------------+----------------------------------+--------------+

