

================================================================
== Vitis HLS Report for 'aes_expandEncKey'
================================================================
* Date:           Thu Apr  3 13:14:15 2025

* Version:        2022.2.2 (Build 3779808 on Feb 17 2023)
* Project:        hls_prj
* Solution:       solution (Vivado IP Flow Target)
* Product family: virtexuplus
* Target device:  xcu55c-fsvh2892-2L-e


================================================================
== Performance Estimates
================================================================
+ Timing: 
    * Summary: 
    +--------+---------+----------+------------+
    |  Clock |  Target | Estimated| Uncertainty|
    +--------+---------+----------+------------+
    |ap_clk  |  5.00 ns|  3.627 ns|     1.35 ns|
    +--------+---------+----------+------------+

+ Latency: 
    * Summary: 
    +---------+---------+----------+----------+-----+-----+---------+
    |  Latency (cycles) |  Latency (absolute) |  Interval | Pipeline|
    |   min   |   max   |    min   |    max   | min | max |   Type  |
    +---------+---------+----------+----------+-----+-----+---------+
    |       27|       27|  0.135 us|  0.135 us|    1|    1|      yes|
    +---------+---------+----------+----------+-----+-----+---------+

    + Detail: 
        * Instance: 
        N/A

        * Loop: 
        N/A



================================================================
== Utilization Estimates
================================================================
* Summary: 
+---------------------+---------+------+---------+---------+-----+
|         Name        | BRAM_18K|  DSP |    FF   |   LUT   | URAM|
+---------------------+---------+------+---------+---------+-----+
|DSP                  |        -|     -|        -|        -|    -|
|Expression           |        -|     -|        0|   364264|    -|
|FIFO                 |        -|     -|        -|        -|    -|
|Instance             |        -|     -|        -|        -|    -|
|Memory               |        -|     -|        -|        -|    -|
|Multiplexer          |        -|     -|        -|        -|    -|
|Register             |        -|     -|    71389|      576|    -|
+---------------------+---------+------+---------+---------+-----+
|Total                |        0|     0|    71389|   364840|    0|
+---------------------+---------+------+---------+---------+-----+
|Available SLR        |     1344|  3008|   869120|   434560|  320|
+---------------------+---------+------+---------+---------+-----+
|Utilization SLR (%)  |        0|     0|        8|       83|    0|
+---------------------+---------+------+---------+---------+-----+
|Available            |     4032|  9024|  2607360|  1303680|  960|
+---------------------+---------+------+---------+---------+-----+
|Utilization (%)      |        0|     0|        2|       27|    0|
+---------------------+---------+------+---------+---------+-----+

+ Detail: 
    * Instance: 
    N/A

    * DSP: 
    N/A

    * Memory: 
    N/A

    * FIFO: 
    N/A

    * Expression: 
    +--------------------------+----------+----+---+------+------------+------------+
    |       Variable Name      | Operation| DSP| FF|  LUT | Bitwidth P0| Bitwidth P1|
    +--------------------------+----------+----+---+------+------------+------------+
    |add_ln109_fu_641_p2       |         +|   0|  0|    17|          10|           8|
    |add_ln110_1_fu_823_p2     |         +|   0|  0|    17|          10|           4|
    |add_ln110_fu_790_p2       |         +|   0|  0|    17|          10|           8|
    |add_ln111_1_fu_958_p2     |         +|   0|  0|    17|          10|           5|
    |add_ln111_fu_925_p2       |         +|   0|  0|    17|          10|           8|
    |add_ln112_1_fu_1093_p2    |         +|   0|  0|    17|          10|           5|
    |add_ln112_fu_1060_p2      |         +|   0|  0|    17|          10|           8|
    |add_ln115_1_fu_1327_p2    |         +|   0|  0|    17|          10|           6|
    |add_ln115_2_fu_1626_p2    |         +|   0|  0|    17|          10|           7|
    |add_ln115_3_fu_1815_p2    |         +|   0|  0|    17|          10|           7|
    |add_ln115_4_fu_2114_p2    |         +|   0|  0|    17|          10|           7|
    |add_ln115_5_fu_2303_p2    |         +|   0|  0|    17|          10|           7|
    |add_ln115_fu_1170_p2      |         +|   0|  0|    17|          10|           6|
    |add_ln116_1_fu_1571_p2    |         +|   0|  0|    17|          10|           6|
    |add_ln116_2_fu_1870_p2    |         +|   0|  0|    17|          10|           7|
    |add_ln116_3_fu_2059_p2    |         +|   0|  0|    17|          10|           7|
    |add_ln116_4_fu_2358_p2    |         +|   0|  0|    17|          10|           7|
    |add_ln116_5_fu_2547_p2    |         +|   0|  0|    17|          10|           7|
    |add_ln116_fu_1382_p2      |         +|   0|  0|    17|          10|           6|
    |add_ln117_fu_2673_p2      |         +|   0|  0|    17|          10|           8|
    |add_ln118_fu_2797_p2      |         +|   0|  0|    17|          10|           8|
    |add_ln119_fu_2921_p2      |         +|   0|  0|    17|          10|           8|
    |add_ln120_fu_3045_p2      |         +|   0|  0|    17|          10|           8|
    |add_ln122_1_fu_3220_p2    |         +|   0|  0|    17|          10|           8|
    |add_ln122_2_fu_3653_p2    |         +|   0|  0|    17|          10|           8|
    |add_ln122_3_fu_3708_p2    |         +|   0|  0|    17|          10|           8|
    |add_ln122_fu_3165_p2      |         +|   0|  0|    17|          10|           8|
    |add_ln123_1_fu_3464_p2    |         +|   0|  0|    17|          10|           8|
    |add_ln123_2_fu_3897_p2    |         +|   0|  0|    17|          10|           8|
    |add_ln123_3_fu_3952_p2    |         +|   0|  0|    17|          10|           8|
    |add_ln123_fu_3409_p2      |         +|   0|  0|    17|          10|           8|
    |and_ln109_1_fu_762_p2     |       and|   0|  0|   519|         520|         520|
    |and_ln109_fu_757_p2       |       and|   0|  0|   768|         768|         768|
    |and_ln110_1_fu_897_p2     |       and|   0|  0|   527|         528|         528|
    |and_ln110_fu_892_p2       |       and|   0|  0|   768|         768|         768|
    |and_ln111_1_fu_1032_p2    |       and|   0|  0|   535|         536|         536|
    |and_ln111_fu_1027_p2      |       and|   0|  0|   768|         768|         768|
    |and_ln112_1_fu_1158_p2    |       and|   0|  0|   543|         544|         544|
    |and_ln112_fu_1178_p2      |       and|   0|  0|   768|         768|         768|
    |and_ln115_10_fu_2264_p2   |       and|   0|  0|   615|         616|         616|
    |and_ln115_11_fu_2390_p2   |       and|   0|  0|   623|         624|         624|
    |and_ln115_1_fu_1409_p2    |       and|   0|  0|   768|         768|         768|
    |and_ln115_2_fu_2258_p2    |       and|   0|  0|   768|         768|         768|
    |and_ln115_3_fu_1770_p2    |       and|   0|  0|   768|         768|         768|
    |and_ln115_4_fu_1897_p2    |       and|   0|  0|   768|         768|         768|
    |and_ln115_5_fu_2385_p2    |       and|   0|  0|   768|         768|         768|
    |and_ln115_6_fu_1288_p2    |       and|   0|  0|   551|         552|         552|
    |and_ln115_7_fu_1414_p2    |       and|   0|  0|   559|         560|         560|
    |and_ln115_8_fu_1776_p2    |       and|   0|  0|   583|         584|         584|
    |and_ln115_9_fu_1902_p2    |       and|   0|  0|   591|         592|         592|
    |and_ln115_fu_1282_p2      |       and|   0|  0|   768|         768|         768|
    |and_ln116_10_fu_2508_p2   |       and|   0|  0|   631|         632|         632|
    |and_ln116_11_fu_2630_p2   |       and|   0|  0|   639|         640|         640|
    |and_ln116_1_fu_1653_p2    |       and|   0|  0|   768|         768|         768|
    |and_ln116_2_fu_2502_p2    |       and|   0|  0|   768|         768|         768|
    |and_ln116_3_fu_2014_p2    |       and|   0|  0|   768|         768|         768|
    |and_ln116_4_fu_2141_p2    |       and|   0|  0|   768|         768|         768|
    |and_ln116_5_fu_2625_p2    |       and|   0|  0|   768|         768|         768|
    |and_ln116_6_fu_1532_p2    |       and|   0|  0|   567|         568|         568|
    |and_ln116_7_fu_1658_p2    |       and|   0|  0|   575|         576|         576|
    |and_ln116_8_fu_2020_p2    |       and|   0|  0|   599|         600|         600|
    |and_ln116_9_fu_2146_p2    |       and|   0|  0|   607|         608|         608|
    |and_ln116_fu_1526_p2      |       and|   0|  0|   768|         768|         768|
    |and_ln117_1_fu_2754_p2    |       and|   0|  0|   647|         648|         648|
    |and_ln117_fu_2749_p2      |       and|   0|  0|   768|         768|         768|
    |and_ln118_1_fu_2878_p2    |       and|   0|  0|   655|         656|         656|
    |and_ln118_fu_2873_p2      |       and|   0|  0|   768|         768|         768|
    |and_ln119_1_fu_3002_p2    |       and|   0|  0|   663|         664|         664|
    |and_ln119_fu_2997_p2      |       and|   0|  0|   768|         768|         768|
    |and_ln120_1_fu_3126_p2    |       and|   0|  0|   671|         672|         672|
    |and_ln120_fu_3121_p2      |       and|   0|  0|   768|         768|         768|
    |and_ln122_10_fu_4218_p2   |       and|   0|  0|   743|         744|         744|
    |and_ln122_11_fu_4329_p2   |       and|   0|  0|   751|         752|         752|
    |and_ln122_1_fu_3364_p2    |       and|   0|  0|   768|         768|         768|
    |and_ln122_2_fu_4213_p2    |       and|   0|  0|   768|         768|         768|
    |and_ln122_3_fu_3735_p2    |       and|   0|  0|   768|         768|         768|
    |and_ln122_4_fu_3852_p2    |       and|   0|  0|   768|         768|         768|
    |and_ln122_5_fu_4323_p2    |       and|   0|  0|   768|         768|         768|
    |and_ln122_6_fu_3252_p2    |       and|   0|  0|   679|         680|         680|
    |and_ln122_7_fu_3370_p2    |       and|   0|  0|   687|         688|         688|
    |and_ln122_8_fu_3740_p2    |       and|   0|  0|   711|         712|         712|
    |and_ln122_9_fu_3858_p2    |       and|   0|  0|   719|         720|         720|
    |and_ln122_fu_3247_p2      |       and|   0|  0|   768|         768|         768|
    |and_ln123_10_fu_4437_p2   |       and|   0|  0|   759|         760|         760|
    |and_ln123_1_fu_3608_p2    |       and|   0|  0|   768|         768|         768|
    |and_ln123_2_fu_4432_p2    |       and|   0|  0|   768|         768|         768|
    |and_ln123_3_fu_3982_p2    |       and|   0|  0|   768|         768|         768|
    |and_ln123_4_fu_4099_p2    |       and|   0|  0|   768|         768|         768|
    |and_ln123_5_fu_4510_p2    |       and|   0|  0|   768|         768|         768|
    |and_ln123_6_fu_3496_p2    |       and|   0|  0|   695|         696|         696|
    |and_ln123_7_fu_3614_p2    |       and|   0|  0|   703|         704|         704|
    |and_ln123_8_fu_3987_p2    |       and|   0|  0|   727|         728|         728|
    |and_ln123_9_fu_4105_p2    |       and|   0|  0|   735|         736|         736|
    |and_ln123_fu_3491_p2      |       and|   0|  0|   768|         768|         768|
    |lshr_ln109_1_fu_700_p2    |      lshr|   0|  0|  2171|         768|         768|
    |lshr_ln109_fu_651_p2      |      lshr|   0|  0|  2171|         768|         768|
    |lshr_ln110_1_fu_836_p2    |      lshr|   0|  0|  2171|         768|         768|
    |lshr_ln110_fu_799_p2      |      lshr|   0|  0|  2171|         768|         768|
    |lshr_ln111_1_fu_971_p2    |      lshr|   0|  0|  2171|         768|         768|
    |lshr_ln111_fu_934_p2      |      lshr|   0|  0|  2171|         768|         768|
    |lshr_ln112_1_fu_1106_p2   |      lshr|   0|  0|  2171|         768|         768|
    |lshr_ln112_fu_1069_p2     |      lshr|   0|  0|  2171|         768|         768|
    |lshr_ln115_10_fu_2294_p2  |      lshr|   0|  0|  2171|         768|         768|
    |lshr_ln115_11_fu_2316_p2  |      lshr|   0|  0|  2171|         768|         768|
    |lshr_ln115_1_fu_1225_p2   |      lshr|   0|  0|  2171|         768|         768|
    |lshr_ln115_2_fu_1318_p2   |      lshr|   0|  0|  2171|         768|         768|
    |lshr_ln115_3_fu_1340_p2   |      lshr|   0|  0|  2171|         768|         768|
    |lshr_ln115_4_fu_1697_p2   |      lshr|   0|  0|  2171|         768|         768|
    |lshr_ln115_5_fu_1712_p2   |      lshr|   0|  0|  2171|         768|         768|
    |lshr_ln115_6_fu_1806_p2   |      lshr|   0|  0|  2171|         768|         768|
    |lshr_ln115_7_fu_1828_p2   |      lshr|   0|  0|  2171|         768|         768|
    |lshr_ln115_8_fu_2185_p2   |      lshr|   0|  0|  2171|         768|         768|
    |lshr_ln115_9_fu_2200_p2   |      lshr|   0|  0|  2171|         768|         768|
    |lshr_ln115_fu_1210_p2     |      lshr|   0|  0|  2171|         768|         768|
    |lshr_ln116_10_fu_2538_p2  |      lshr|   0|  0|  2171|         768|         768|
    |lshr_ln116_11_fu_2560_p2  |      lshr|   0|  0|  2171|         768|         768|
    |lshr_ln116_1_fu_1468_p2   |      lshr|   0|  0|  2171|         768|         768|
    |lshr_ln116_2_fu_1562_p2   |      lshr|   0|  0|  2171|         768|         768|
    |lshr_ln116_3_fu_1584_p2   |      lshr|   0|  0|  2171|         768|         768|
    |lshr_ln116_4_fu_1941_p2   |      lshr|   0|  0|  2171|         768|         768|
    |lshr_ln116_5_fu_1956_p2   |      lshr|   0|  0|  2171|         768|         768|
    |lshr_ln116_6_fu_2050_p2   |      lshr|   0|  0|  2171|         768|         768|
    |lshr_ln116_7_fu_2072_p2   |      lshr|   0|  0|  2171|         768|         768|
    |lshr_ln116_8_fu_2429_p2   |      lshr|   0|  0|  2171|         768|         768|
    |lshr_ln116_9_fu_2444_p2   |      lshr|   0|  0|  2171|         768|         768|
    |lshr_ln116_fu_1453_p2     |      lshr|   0|  0|  2171|         768|         768|
    |lshr_ln117_1_fu_2693_p2   |      lshr|   0|  0|  2171|         768|         768|
    |lshr_ln117_fu_2659_p2     |      lshr|   0|  0|  2171|         768|         768|
    |lshr_ln118_1_fu_2817_p2   |      lshr|   0|  0|  2171|         768|         768|
    |lshr_ln118_fu_2784_p2     |      lshr|   0|  0|  2171|         768|         768|
    |lshr_ln119_1_fu_2941_p2   |      lshr|   0|  0|  2171|         768|         768|
    |lshr_ln119_fu_2908_p2     |      lshr|   0|  0|  2171|         768|         768|
    |lshr_ln120_1_fu_3065_p2   |      lshr|   0|  0|  2171|         768|         768|
    |lshr_ln120_fu_3032_p2     |      lshr|   0|  0|  2171|         768|         768|
    |lshr_ln122_10_fu_4257_p2  |      lshr|   0|  0|  2171|         768|         768|
    |lshr_ln122_11_fu_4266_p2  |      lshr|   0|  0|  2171|         768|         768|
    |lshr_ln122_1_fu_3178_p2   |      lshr|   0|  0|  2171|         768|         768|
    |lshr_ln122_2_fu_3291_p2   |      lshr|   0|  0|  2171|         768|         768|
    |lshr_ln122_3_fu_3306_p2   |      lshr|   0|  0|  2171|         768|         768|
    |lshr_ln122_4_fu_3644_p2   |      lshr|   0|  0|  2171|         768|         768|
    |lshr_ln122_5_fu_3666_p2   |      lshr|   0|  0|  2171|         768|         768|
    |lshr_ln122_6_fu_3779_p2   |      lshr|   0|  0|  2171|         768|         768|
    |lshr_ln122_7_fu_3794_p2   |      lshr|   0|  0|  2171|         768|         768|
    |lshr_ln122_8_fu_4135_p2   |      lshr|   0|  0|  2171|         768|         768|
    |lshr_ln122_9_fu_4144_p2   |      lshr|   0|  0|  2171|         768|         768|
    |lshr_ln122_fu_3156_p2     |      lshr|   0|  0|  2171|         768|         768|
    |lshr_ln123_10_fu_4466_p2  |      lshr|   0|  0|  2171|         768|         768|
    |lshr_ln123_11_fu_4475_p2  |      lshr|   0|  0|  2171|         768|         768|
    |lshr_ln123_1_fu_3422_p2   |      lshr|   0|  0|  2171|         768|         768|
    |lshr_ln123_2_fu_3535_p2   |      lshr|   0|  0|  2171|         768|         768|
    |lshr_ln123_3_fu_3550_p2   |      lshr|   0|  0|  2171|         768|         768|
    |lshr_ln123_4_fu_3888_p2   |      lshr|   0|  0|  2171|         768|         768|
    |lshr_ln123_5_fu_3910_p2   |      lshr|   0|  0|  2171|         768|         768|
    |lshr_ln123_6_fu_4026_p2   |      lshr|   0|  0|  2171|         768|         768|
    |lshr_ln123_7_fu_4041_p2   |      lshr|   0|  0|  2171|         768|         768|
    |lshr_ln123_8_fu_4359_p2   |      lshr|   0|  0|  2171|         768|         768|
    |lshr_ln123_9_fu_4368_p2   |      lshr|   0|  0|  2171|         768|         768|
    |lshr_ln123_fu_3400_p2     |      lshr|   0|  0|  2171|         768|         768|
    |or_ln109_fu_768_p2        |        or|   0|  0|   519|         520|         520|
    |or_ln110_fu_903_p2        |        or|   0|  0|   527|         528|         528|
    |or_ln111_fu_1038_p2       |        or|   0|  0|   535|         536|         536|
    |or_ln112_fu_1164_p2       |        or|   0|  0|   543|         544|         544|
    |or_ln115_10_fu_2396_p2    |        or|   0|  0|   623|         624|         624|
    |or_ln115_6_fu_1294_p2     |        or|   0|  0|   551|         552|         552|
    |or_ln115_7_fu_1782_p2     |        or|   0|  0|   583|         584|         584|
    |or_ln115_8_fu_1908_p2     |        or|   0|  0|   591|         592|         592|
    |or_ln115_9_fu_2270_p2     |        or|   0|  0|   615|         616|         616|
    |or_ln115_fu_1420_p2       |        or|   0|  0|   559|         560|         560|
    |or_ln116_10_fu_2636_p2    |        or|   0|  0|   639|         640|         640|
    |or_ln116_6_fu_1538_p2     |        or|   0|  0|   567|         568|         568|
    |or_ln116_7_fu_2026_p2     |        or|   0|  0|   599|         600|         600|
    |or_ln116_8_fu_2152_p2     |        or|   0|  0|   607|         608|         608|
    |or_ln116_9_fu_2514_p2     |        or|   0|  0|   631|         632|         632|
    |or_ln116_fu_1664_p2       |        or|   0|  0|   575|         576|         576|
    |or_ln117_fu_2760_p2       |        or|   0|  0|   647|         648|         648|
    |or_ln118_fu_2884_p2       |        or|   0|  0|   655|         656|         656|
    |or_ln119_fu_3008_p2       |        or|   0|  0|   663|         664|         664|
    |or_ln120_fu_3132_p2       |        or|   0|  0|   671|         672|         672|
    |or_ln122_10_fu_4335_p2    |        or|   0|  0|   751|         752|         752|
    |or_ln122_6_fu_3258_p2     |        or|   0|  0|   679|         680|         680|
    |or_ln122_7_fu_3746_p2     |        or|   0|  0|   711|         712|         712|
    |or_ln122_8_fu_3864_p2     |        or|   0|  0|   719|         720|         720|
    |or_ln122_9_fu_4224_p2     |        or|   0|  0|   743|         744|         744|
    |or_ln122_fu_3376_p2       |        or|   0|  0|   687|         688|         688|
    |or_ln123_5_fu_4516_p2     |        or|   0|  0|   768|         768|         768|
    |or_ln123_6_fu_3502_p2     |        or|   0|  0|   695|         696|         696|
    |or_ln123_7_fu_3993_p2     |        or|   0|  0|   727|         728|         728|
    |or_ln123_8_fu_4111_p2     |        or|   0|  0|   735|         736|         736|
    |or_ln123_9_fu_4443_p2     |        or|   0|  0|   759|         760|         760|
    |or_ln123_fu_3620_p2       |        or|   0|  0|   703|         704|         704|
    |select_ln113_fu_680_p3    |    select|   0|  0|     5|           1|           5|
    |shl_ln109_1_fu_734_p2     |       shl|   0|  0|  2171|         520|         520|
    |shl_ln109_fu_720_p2       |       shl|   0|  0|  2171|           8|         520|
    |shl_ln110_1_fu_865_p2     |       shl|   0|  0|  2171|         528|         528|
    |shl_ln110_fu_851_p2       |       shl|   0|  0|  2171|           8|         528|
    |shl_ln111_1_fu_1000_p2    |       shl|   0|  0|  2171|         536|         536|
    |shl_ln111_fu_986_p2       |       shl|   0|  0|  2171|           8|         536|
    |shl_ln112_1_fu_1135_p2    |       shl|   0|  0|  2171|         544|         544|
    |shl_ln112_fu_1121_p2      |       shl|   0|  0|  2171|           8|         544|
    |shl_ln115_10_fu_2332_p2   |       shl|   0|  0|  2171|           8|         624|
    |shl_ln115_11_fu_2346_p2   |       shl|   0|  0|  2171|         624|         624|
    |shl_ln115_1_fu_1255_p2    |       shl|   0|  0|  2171|         552|         552|
    |shl_ln115_2_fu_1356_p2    |       shl|   0|  0|  2171|           8|         560|
    |shl_ln115_3_fu_1370_p2    |       shl|   0|  0|  2171|         560|         560|
    |shl_ln115_4_fu_1728_p2    |       shl|   0|  0|  2171|           8|         584|
    |shl_ln115_5_fu_1742_p2    |       shl|   0|  0|  2171|         584|         584|
    |shl_ln115_6_fu_1844_p2    |       shl|   0|  0|  2171|           8|         592|
    |shl_ln115_7_fu_1858_p2    |       shl|   0|  0|  2171|         592|         592|
    |shl_ln115_8_fu_2216_p2    |       shl|   0|  0|  2171|           8|         616|
    |shl_ln115_9_fu_2230_p2    |       shl|   0|  0|  2171|         616|         616|
    |shl_ln115_fu_1241_p2      |       shl|   0|  0|  2171|           8|         552|
    |shl_ln116_10_fu_2595_p2   |       shl|   0|  0|  2171|           8|         640|
    |shl_ln116_11_fu_2580_p2   |       shl|   0|  0|  2171|         640|         640|
    |shl_ln116_1_fu_1498_p2    |       shl|   0|  0|  2171|         568|         568|
    |shl_ln116_2_fu_1600_p2    |       shl|   0|  0|  2171|           8|         576|
    |shl_ln116_3_fu_1614_p2    |       shl|   0|  0|  2171|         576|         576|
    |shl_ln116_4_fu_1972_p2    |       shl|   0|  0|  2171|           8|         600|
    |shl_ln116_5_fu_1986_p2    |       shl|   0|  0|  2171|         600|         600|
    |shl_ln116_6_fu_2088_p2    |       shl|   0|  0|  2171|           8|         608|
    |shl_ln116_7_fu_2102_p2    |       shl|   0|  0|  2171|         608|         608|
    |shl_ln116_8_fu_2460_p2    |       shl|   0|  0|  2171|           8|         632|
    |shl_ln116_9_fu_2474_p2    |       shl|   0|  0|  2171|         632|         632|
    |shl_ln116_fu_1484_p2      |       shl|   0|  0|  2171|           8|         568|
    |shl_ln117_1_fu_2722_p2    |       shl|   0|  0|  2171|         648|         648|
    |shl_ln117_fu_2708_p2      |       shl|   0|  0|  2171|           8|         648|
    |shl_ln118_1_fu_2846_p2    |       shl|   0|  0|  2171|         656|         656|
    |shl_ln118_fu_2832_p2      |       shl|   0|  0|  2171|           8|         656|
    |shl_ln119_1_fu_2970_p2    |       shl|   0|  0|  2171|         664|         664|
    |shl_ln119_fu_2956_p2      |       shl|   0|  0|  2171|           8|         664|
    |shl_ln120_1_fu_3094_p2    |       shl|   0|  0|  2171|         672|         672|
    |shl_ln120_fu_3080_p2      |       shl|   0|  0|  2171|           8|         672|
    |shl_ln122_10_fu_4281_p2   |       shl|   0|  0|  2171|           8|         752|
    |shl_ln122_11_fu_4295_p2   |       shl|   0|  0|  2171|         752|         752|
    |shl_ln122_1_fu_3208_p2    |       shl|   0|  0|  2171|         680|         680|
    |shl_ln122_2_fu_3322_p2    |       shl|   0|  0|  2171|           8|         688|
    |shl_ln122_3_fu_3336_p2    |       shl|   0|  0|  2171|         688|         688|
    |shl_ln122_4_fu_3682_p2    |       shl|   0|  0|  2171|           8|         712|
    |shl_ln122_5_fu_3696_p2    |       shl|   0|  0|  2171|         712|         712|
    |shl_ln122_6_fu_3810_p2    |       shl|   0|  0|  2171|           8|         720|
    |shl_ln122_7_fu_3824_p2    |       shl|   0|  0|  2171|         720|         720|
    |shl_ln122_8_fu_4159_p2    |       shl|   0|  0|  2171|           8|         744|
    |shl_ln122_9_fu_4173_p2    |       shl|   0|  0|  2171|         744|         744|
    |shl_ln122_fu_3194_p2      |       shl|   0|  0|  2171|           8|         680|
    |shl_ln123_10_fu_4490_p2   |       shl|   0|  0|  2171|           8|         768|
    |shl_ln123_11_fu_4499_p2   |       shl|   0|  0|  2171|         768|         768|
    |shl_ln123_1_fu_3452_p2    |       shl|   0|  0|  2171|         696|         696|
    |shl_ln123_2_fu_3566_p2    |       shl|   0|  0|  2171|           8|         704|
    |shl_ln123_3_fu_3580_p2    |       shl|   0|  0|  2171|         704|         704|
    |shl_ln123_4_fu_3926_p2    |       shl|   0|  0|  2171|           8|         728|
    |shl_ln123_5_fu_3940_p2    |       shl|   0|  0|  2171|         728|         728|
    |shl_ln123_6_fu_4057_p2    |       shl|   0|  0|  2171|           8|         736|
    |shl_ln123_7_fu_4071_p2    |       shl|   0|  0|  2171|         736|         736|
    |shl_ln123_8_fu_4402_p2    |       shl|   0|  0|  2171|           8|         760|
    |shl_ln123_9_fu_4387_p2    |       shl|   0|  0|  2171|         760|         760|
    |shl_ln123_fu_3438_p2      |       shl|   0|  0|  2171|           8|         696|
    |ap_enable_pp0             |       xor|   0|  0|     2|           1|           2|
    |xor_ln109_1_fu_714_p2     |       xor|   0|  0|     8|           8|           8|
    |xor_ln109_2_fu_740_p2     |       xor|   0|  0|   520|         521|           2|
    |xor_ln109_fu_709_p2       |       xor|   0|  0|     8|           8|           8|
    |xor_ln110_1_fu_871_p2     |       xor|   0|  0|   528|         529|           2|
    |xor_ln110_fu_845_p2       |       xor|   0|  0|     8|           8|           8|
    |xor_ln111_1_fu_1006_p2    |       xor|   0|  0|   536|         537|           2|
    |xor_ln111_fu_980_p2       |       xor|   0|  0|     8|           8|           8|
    |xor_ln112_1_fu_1141_p2    |       xor|   0|  0|   544|         545|           2|
    |xor_ln112_fu_1115_p2      |       xor|   0|  0|     8|           8|           8|
    |xor_ln113_fu_688_p2       |       xor|   0|  0|     8|           8|           8|
    |xor_ln115_10_fu_2326_p2   |       xor|   0|  0|     8|           8|           8|
    |xor_ln115_11_fu_2352_p2   |       xor|   0|  0|   624|         625|           2|
    |xor_ln115_1_fu_1261_p2    |       xor|   0|  0|   552|         553|           2|
    |xor_ln115_2_fu_1350_p2    |       xor|   0|  0|     8|           8|           8|
    |xor_ln115_3_fu_1376_p2    |       xor|   0|  0|   560|         561|           2|
    |xor_ln115_4_fu_1722_p2    |       xor|   0|  0|     8|           8|           8|
    |xor_ln115_5_fu_1748_p2    |       xor|   0|  0|   584|         585|           2|
    |xor_ln115_6_fu_1838_p2    |       xor|   0|  0|     8|           8|           8|
    |xor_ln115_7_fu_1864_p2    |       xor|   0|  0|   592|         593|           2|
    |xor_ln115_8_fu_2210_p2    |       xor|   0|  0|     8|           8|           8|
    |xor_ln115_9_fu_2236_p2    |       xor|   0|  0|   616|         617|           2|
    |xor_ln115_fu_1235_p2      |       xor|   0|  0|     8|           8|           8|
    |xor_ln116_10_fu_2570_p2   |       xor|   0|  0|     8|           8|           8|
    |xor_ln116_11_fu_2604_p2   |       xor|   0|  0|   640|         641|           2|
    |xor_ln116_1_fu_1504_p2    |       xor|   0|  0|   568|         569|           2|
    |xor_ln116_2_fu_1594_p2    |       xor|   0|  0|     8|           8|           8|
    |xor_ln116_3_fu_1620_p2    |       xor|   0|  0|   576|         577|           2|
    |xor_ln116_4_fu_1966_p2    |       xor|   0|  0|     8|           8|           8|
    |xor_ln116_5_fu_1992_p2    |       xor|   0|  0|   600|         601|           2|
    |xor_ln116_6_fu_2082_p2    |       xor|   0|  0|     8|           8|           8|
    |xor_ln116_7_fu_2108_p2    |       xor|   0|  0|   608|         609|           2|
    |xor_ln116_8_fu_2454_p2    |       xor|   0|  0|     8|           8|           8|
    |xor_ln116_9_fu_2480_p2    |       xor|   0|  0|   632|         633|           2|
    |xor_ln116_fu_1478_p2      |       xor|   0|  0|     8|           8|           8|
    |xor_ln117_1_fu_2728_p2    |       xor|   0|  0|   648|         649|           2|
    |xor_ln117_fu_2702_p2      |       xor|   0|  0|     8|           8|           8|
    |xor_ln118_1_fu_2852_p2    |       xor|   0|  0|   656|         657|           2|
    |xor_ln118_fu_2826_p2      |       xor|   0|  0|     8|           8|           8|
    |xor_ln119_1_fu_2976_p2    |       xor|   0|  0|   664|         665|           2|
    |xor_ln119_fu_2950_p2      |       xor|   0|  0|     8|           8|           8|
    |xor_ln120_1_fu_3100_p2    |       xor|   0|  0|   672|         673|           2|
    |xor_ln120_fu_3074_p2      |       xor|   0|  0|     8|           8|           8|
    |xor_ln122_10_fu_4275_p2   |       xor|   0|  0|     8|           8|           8|
    |xor_ln122_11_fu_4301_p2   |       xor|   0|  0|   752|         753|           2|
    |xor_ln122_1_fu_3214_p2    |       xor|   0|  0|   680|         681|           2|
    |xor_ln122_2_fu_3316_p2    |       xor|   0|  0|     8|           8|           8|
    |xor_ln122_3_fu_3342_p2    |       xor|   0|  0|   688|         689|           2|
    |xor_ln122_4_fu_3676_p2    |       xor|   0|  0|     8|           8|           8|
    |xor_ln122_5_fu_3702_p2    |       xor|   0|  0|   712|         713|           2|
    |xor_ln122_6_fu_3804_p2    |       xor|   0|  0|     8|           8|           8|
    |xor_ln122_7_fu_3830_p2    |       xor|   0|  0|   720|         721|           2|
    |xor_ln122_8_fu_4153_p2    |       xor|   0|  0|     8|           8|           8|
    |xor_ln122_9_fu_4179_p2    |       xor|   0|  0|   744|         745|           2|
    |xor_ln122_fu_3188_p2      |       xor|   0|  0|     8|           8|           8|
    |xor_ln123_10_fu_4484_p2   |       xor|   0|  0|     8|           8|           8|
    |xor_ln123_11_fu_4504_p2   |       xor|   0|  0|   768|         768|           2|
    |xor_ln123_1_fu_3458_p2    |       xor|   0|  0|   696|         697|           2|
    |xor_ln123_2_fu_3560_p2    |       xor|   0|  0|     8|           8|           8|
    |xor_ln123_3_fu_3586_p2    |       xor|   0|  0|   704|         705|           2|
    |xor_ln123_4_fu_3920_p2    |       xor|   0|  0|     8|           8|           8|
    |xor_ln123_5_fu_3946_p2    |       xor|   0|  0|   728|         729|           2|
    |xor_ln123_6_fu_4051_p2    |       xor|   0|  0|     8|           8|           8|
    |xor_ln123_7_fu_4077_p2    |       xor|   0|  0|   736|         737|           2|
    |xor_ln123_8_fu_4377_p2    |       xor|   0|  0|     8|           8|           8|
    |xor_ln123_9_fu_4411_p2    |       xor|   0|  0|   760|         761|           2|
    |xor_ln123_fu_3432_p2      |       xor|   0|  0|     8|           8|           8|
    +--------------------------+----------+----+---+------+------------+------------+
    |Total                     |          |   0|  0|364264|      156263|      155957|
    +--------------------------+----------+----+---+------+------------+------------+

    * Multiplexer: 
    N/A

    * Register: 
    +--------------------------------------+-----+----+------+-----------+
    |                 Name                 |  FF | LUT| Bits | Const Bits|
    +--------------------------------------+-----+----+------+-----------+
    |add_ln109_reg_4581                    |   10|   0|    10|          0|
    |add_ln110_reg_4628                    |   10|   0|    10|          0|
    |add_ln112_reg_4709                    |   10|   0|    10|          0|
    |add_ln115_2_reg_4824                  |   10|   0|    10|          0|
    |add_ln115_4_reg_4908                  |   10|   0|    10|          0|
    |add_ln115_reg_4740                    |   10|   0|    10|          0|
    |add_ln116_2_reg_4866                  |   10|   0|    10|          0|
    |add_ln116_4_reg_4950                  |   10|   0|    10|          0|
    |add_ln116_reg_4782                    |   10|   0|    10|          0|
    |add_ln117_reg_5012                    |   10|   0|    10|          0|
    |add_ln118_reg_5049                    |   10|   0|    10|          0|
    |add_ln119_reg_5086                    |   10|   0|    10|          0|
    |add_ln120_reg_5123                    |   10|   0|    10|          0|
    |add_ln122_1_reg_5165                  |   10|   0|    10|          0|
    |add_ln122_3_reg_5249                  |   10|   0|    10|          0|
    |add_ln123_1_reg_5207                  |   10|   0|    10|          0|
    |add_ln123_3_reg_5291                  |   10|   0|    10|          0|
    |and_ln109_reg_4606                    |  768|   0|   768|          0|
    |and_ln109_reg_4606_pp0_iter2_reg      |  768|   0|   768|          0|
    |and_ln110_reg_4648                    |  768|   0|   768|          0|
    |and_ln110_reg_4648_pp0_iter4_reg      |  768|   0|   768|          0|
    |and_ln111_reg_4687                    |  768|   0|   768|          0|
    |and_ln111_reg_4687_pp0_iter6_reg      |  768|   0|   768|          0|
    |and_ln115_2_reg_4919                  |  768|   0|   768|          0|
    |and_ln115_3_reg_4835                  |  768|   0|   768|          0|
    |and_ln115_reg_4751                    |  768|   0|   768|          0|
    |and_ln116_2_reg_4961                  |  768|   0|   768|          0|
    |and_ln116_3_reg_4877                  |  768|   0|   768|          0|
    |and_ln116_5_reg_4991                  |  768|   0|   768|          0|
    |and_ln116_reg_4793                    |  768|   0|   768|          0|
    |and_ln117_reg_5023                    |  768|   0|   768|          0|
    |and_ln117_reg_5023_pp0_iter16_reg     |  768|   0|   768|          0|
    |and_ln118_reg_5060                    |  768|   0|   768|          0|
    |and_ln118_reg_5060_pp0_iter18_reg     |  768|   0|   768|          0|
    |and_ln119_reg_5097                    |  768|   0|   768|          0|
    |and_ln119_reg_5097_pp0_iter20_reg     |  768|   0|   768|          0|
    |and_ln120_reg_5134                    |  768|   0|   768|          0|
    |and_ln122_1_reg_5176                  |  768|   0|   768|          0|
    |and_ln122_4_reg_5260                  |  768|   0|   768|          0|
    |and_ln122_5_reg_5333                  |  768|   0|   768|          0|
    |and_ln123_1_reg_5218                  |  768|   0|   768|          0|
    |and_ln123_4_reg_5302                  |  768|   0|   768|          0|
    |ap_CS_fsm                             |    1|   0|     1|          0|
    |ap_enable_reg_pp0_iter1               |    1|   0|     1|          0|
    |ap_enable_reg_pp0_iter10              |    1|   0|     1|          0|
    |ap_enable_reg_pp0_iter11              |    1|   0|     1|          0|
    |ap_enable_reg_pp0_iter12              |    1|   0|     1|          0|
    |ap_enable_reg_pp0_iter13              |    1|   0|     1|          0|
    |ap_enable_reg_pp0_iter14              |    1|   0|     1|          0|
    |ap_enable_reg_pp0_iter15              |    1|   0|     1|          0|
    |ap_enable_reg_pp0_iter16              |    1|   0|     1|          0|
    |ap_enable_reg_pp0_iter17              |    1|   0|     1|          0|
    |ap_enable_reg_pp0_iter18              |    1|   0|     1|          0|
    |ap_enable_reg_pp0_iter19              |    1|   0|     1|          0|
    |ap_enable_reg_pp0_iter2               |    1|   0|     1|          0|
    |ap_enable_reg_pp0_iter20              |    1|   0|     1|          0|
    |ap_enable_reg_pp0_iter21              |    1|   0|     1|          0|
    |ap_enable_reg_pp0_iter22              |    1|   0|     1|          0|
    |ap_enable_reg_pp0_iter23              |    1|   0|     1|          0|
    |ap_enable_reg_pp0_iter24              |    1|   0|     1|          0|
    |ap_enable_reg_pp0_iter25              |    1|   0|     1|          0|
    |ap_enable_reg_pp0_iter26              |    1|   0|     1|          0|
    |ap_enable_reg_pp0_iter27              |    1|   0|     1|          0|
    |ap_enable_reg_pp0_iter3               |    1|   0|     1|          0|
    |ap_enable_reg_pp0_iter4               |    1|   0|     1|          0|
    |ap_enable_reg_pp0_iter5               |    1|   0|     1|          0|
    |ap_enable_reg_pp0_iter6               |    1|   0|     1|          0|
    |ap_enable_reg_pp0_iter7               |    1|   0|     1|          0|
    |ap_enable_reg_pp0_iter8               |    1|   0|     1|          0|
    |ap_enable_reg_pp0_iter9               |    1|   0|     1|          0|
    |k_idx_read_reg_4538                   |   10|   0|    10|          0|
    |or_ln109_reg_4611                     |  520|   0|   520|          0|
    |or_ln109_reg_4611_pp0_iter2_reg       |  520|   0|   520|          0|
    |or_ln110_reg_4653                     |  528|   0|   528|          0|
    |or_ln110_reg_4653_pp0_iter4_reg       |  528|   0|   528|          0|
    |or_ln111_reg_4692                     |  536|   0|   536|          0|
    |or_ln111_reg_4692_pp0_iter6_reg       |  536|   0|   536|          0|
    |or_ln112_reg_4734                     |  544|   0|   544|          0|
    |or_ln115_2_reg_4845                   |  768|   0|   768|          0|
    |or_ln115_4_reg_4929                   |  768|   0|   768|          0|
    |or_ln115_6_reg_4756                   |  552|   0|   552|          0|
    |or_ln115_7_reg_4840                   |  584|   0|   584|          0|
    |or_ln115_9_reg_4924                   |  616|   0|   616|          0|
    |or_ln116_10_reg_4996                  |  640|   0|   640|          0|
    |or_ln116_2_reg_4887                   |  768|   0|   768|          0|
    |or_ln116_4_reg_4971                   |  768|   0|   768|          0|
    |or_ln116_5_reg_5001                   |  768|   0|   768|          0|
    |or_ln116_6_reg_4798                   |  568|   0|   568|          0|
    |or_ln116_7_reg_4882                   |  600|   0|   600|          0|
    |or_ln116_9_reg_4966                   |  632|   0|   632|          0|
    |or_ln117_reg_5028                     |  648|   0|   648|          0|
    |or_ln117_reg_5028_pp0_iter16_reg      |  648|   0|   648|          0|
    |or_ln118_reg_5065                     |  656|   0|   656|          0|
    |or_ln118_reg_5065_pp0_iter18_reg      |  656|   0|   656|          0|
    |or_ln119_reg_5102                     |  664|   0|   664|          0|
    |or_ln119_reg_5102_pp0_iter20_reg      |  664|   0|   664|          0|
    |or_ln120_reg_5139                     |  672|   0|   672|          0|
    |or_ln122_10_reg_5338                  |  752|   0|   752|          0|
    |or_ln122_1_reg_5186                   |  768|   0|   768|          0|
    |or_ln122_3_reg_5270                   |  768|   0|   768|          0|
    |or_ln122_5_reg_5343                   |  768|   0|   768|          0|
    |or_ln122_8_reg_5265                   |  720|   0|   720|          0|
    |or_ln122_reg_5181                     |  688|   0|   688|          0|
    |or_ln123_1_reg_5228                   |  768|   0|   768|          0|
    |or_ln123_3_reg_5312                   |  768|   0|   768|          0|
    |or_ln123_8_reg_5307                   |  736|   0|   736|          0|
    |or_ln123_reg_5223                     |  704|   0|   704|          0|
    |or_ln1_reg_4664                       |  768|   0|   768|          0|
    |or_ln2_reg_4703                       |  768|   0|   768|          0|
    |or_ln2_reg_4703_pp0_iter7_reg         |  768|   0|   768|          0|
    |or_ln4_reg_4761                       |  768|   0|   768|          0|
    |or_ln5_reg_4803                       |  768|   0|   768|          0|
    |or_ln6_reg_5033                       |  768|   0|   768|          0|
    |or_ln6_reg_5033_pp0_iter16_reg        |  768|   0|   768|          0|
    |or_ln7_reg_5070                       |  768|   0|   768|          0|
    |or_ln7_reg_5070_pp0_iter18_reg        |  768|   0|   768|          0|
    |or_ln8_reg_5107                       |  768|   0|   768|          0|
    |or_ln8_reg_5107_pp0_iter20_reg        |  768|   0|   768|          0|
    |or_ln9_reg_5144                       |  768|   0|   768|          0|
    |or_ln_reg_4622                        |  768|   0|   768|          0|
    |p_read_1_reg_4574                     |  768|   0|   768|          0|
    |rc_read_1_reg_4533                    |    8|   0|     8|          0|
    |shl_ln115_11_reg_4939                 |  624|   0|   624|          0|
    |shl_ln115_3_reg_4771                  |  560|   0|   560|          0|
    |shl_ln115_7_reg_4855                  |  592|   0|   592|          0|
    |shl_ln116_11_reg_4986                 |  640|   0|   640|          0|
    |shl_ln116_3_reg_4813                  |  576|   0|   576|          0|
    |shl_ln116_7_reg_4897                  |  608|   0|   608|          0|
    |shl_ln122_1_reg_5154                  |  680|   0|   680|          0|
    |shl_ln122_5_reg_5238                  |  712|   0|   712|          0|
    |shl_ln122_9_reg_5317                  |  744|   0|   744|          0|
    |shl_ln123_1_reg_5196                  |  696|   0|   696|          0|
    |shl_ln123_5_reg_5280                  |  728|   0|   728|          0|
    |shl_ln123_9_reg_5348                  |  760|   0|   760|          0|
    |tmp_3_reg_4659                        |  240|   0|   240|          0|
    |tmp_6_reg_4698                        |  232|   0|   232|          0|
    |tmp_reg_4617                          |  248|   0|   248|          0|
    |trunc_ln118_reg_5039                  |    8|   0|     8|          0|
    |trunc_ln119_reg_5076                  |    8|   0|     8|          0|
    |trunc_ln120_reg_5113                  |    8|   0|     8|          0|
    |xor_ln112_1_reg_4729                  |  545|   0|   545|          0|
    |xor_ln113_reg_4596                    |    8|   0|     8|          0|
    |xor_ln115_11_reg_4944                 |  625|   0|   625|          0|
    |xor_ln115_3_reg_4776                  |  561|   0|   561|          0|
    |xor_ln115_7_reg_4860                  |  593|   0|   593|          0|
    |xor_ln116_3_reg_4818                  |  577|   0|   577|          0|
    |xor_ln116_7_reg_4902                  |  609|   0|   609|          0|
    |xor_ln122_1_reg_5159                  |  681|   0|   681|          0|
    |xor_ln122_5_reg_5243                  |  713|   0|   713|          0|
    |xor_ln122_9_reg_5322                  |  745|   0|   745|          0|
    |xor_ln123_1_reg_5201                  |  697|   0|   697|          0|
    |xor_ln123_5_reg_5285                  |  729|   0|   729|          0|
    |zext_ln109_2_reg_4601                 |   10|   0|   768|        758|
    |zext_ln109_reg_4586                   |   10|   0|   768|        758|
    |zext_ln110_2_reg_4643                 |   10|   0|   768|        758|
    |zext_ln110_3_reg_5328                 |   10|   0|   760|        750|
    |zext_ln110_reg_4633                   |   10|   0|   768|        758|
    |zext_ln111_2_reg_4682                 |   10|   0|   768|        758|
    |zext_ln111_reg_4670                   |   10|   0|   768|        758|
    |zext_ln112_2_reg_4724                 |   10|   0|   768|        758|
    |zext_ln112_2_reg_4724_pp0_iter8_reg   |   10|   0|   768|        758|
    |zext_ln112_reg_4714                   |   10|   0|   768|        758|
    |zext_ln115_10_reg_4934                |   10|   0|   768|        758|
    |zext_ln115_2_reg_4766                 |   10|   0|   768|        758|
    |zext_ln115_2_reg_4766_pp0_iter9_reg   |   10|   0|   768|        758|
    |zext_ln115_4_reg_4830                 |   10|   0|   768|        758|
    |zext_ln115_4_reg_4830_pp0_iter11_reg  |   10|   0|   768|        758|
    |zext_ln115_6_reg_4850                 |   10|   0|   768|        758|
    |zext_ln115_6_reg_4850_pp0_iter11_reg  |   10|   0|   768|        758|
    |zext_ln115_8_reg_4914                 |   10|   0|   768|        758|
    |zext_ln115_8_reg_4914_pp0_iter13_reg  |   10|   0|   768|        758|
    |zext_ln115_reg_4746                   |   10|   0|   768|        758|
    |zext_ln115_reg_4746_pp0_iter9_reg     |   10|   0|   768|        758|
    |zext_ln116_10_reg_4976                |   10|   0|   768|        758|
    |zext_ln116_21_reg_4981                |   10|   0|   640|        630|
    |zext_ln116_2_reg_4808                 |   10|   0|   768|        758|
    |zext_ln116_2_reg_4808_pp0_iter10_reg  |   10|   0|   768|        758|
    |zext_ln116_4_reg_4872                 |   10|   0|   768|        758|
    |zext_ln116_4_reg_4872_pp0_iter12_reg  |   10|   0|   768|        758|
    |zext_ln116_6_reg_4892                 |   10|   0|   768|        758|
    |zext_ln116_6_reg_4892_pp0_iter12_reg  |   10|   0|   768|        758|
    |zext_ln116_8_reg_4956                 |   10|   0|   768|        758|
    |zext_ln116_reg_4788                   |   10|   0|   768|        758|
    |zext_ln116_reg_4788_pp0_iter10_reg    |   10|   0|   768|        758|
    |zext_ln117_1_reg_5018                 |   10|   0|   768|        758|
    |zext_ln118_1_reg_5055                 |   10|   0|   768|        758|
    |zext_ln119_1_reg_5092                 |   10|   0|   768|        758|
    |zext_ln120_1_reg_5129                 |   10|   0|   768|        758|
    |zext_ln120_1_reg_5129_pp0_iter22_reg  |   10|   0|   768|        758|
    |zext_ln122_2_reg_5171                 |   10|   0|   768|        758|
    |zext_ln122_2_reg_5171_pp0_iter23_reg  |   10|   0|   768|        758|
    |zext_ln122_4_reg_5233                 |   10|   0|   768|        758|
    |zext_ln122_4_reg_5233_pp0_iter24_reg  |   10|   0|   768|        758|
    |zext_ln122_6_reg_5255                 |   10|   0|   768|        758|
    |zext_ln122_6_reg_5255_pp0_iter25_reg  |   10|   0|   768|        758|
    |zext_ln122_reg_5149                   |   10|   0|   768|        758|
    |zext_ln122_reg_5149_pp0_iter22_reg    |   10|   0|   768|        758|
    |zext_ln123_2_reg_5213                 |   10|   0|   768|        758|
    |zext_ln123_2_reg_5213_pp0_iter24_reg  |   10|   0|   768|        758|
    |zext_ln123_4_reg_5275                 |   10|   0|   768|        758|
    |zext_ln123_4_reg_5275_pp0_iter25_reg  |   10|   0|   768|        758|
    |zext_ln123_6_reg_5297                 |   10|   0|   768|        758|
    |zext_ln123_6_reg_5297_pp0_iter26_reg  |   10|   0|   768|        758|
    |zext_ln123_reg_5191                   |   10|   0|   768|        758|
    |zext_ln123_reg_5191_pp0_iter23_reg    |   10|   0|   768|        758|
    |add_ln109_reg_4581                    |   64|  32|    10|          0|
    |add_ln110_reg_4628                    |   64|  32|    10|          0|
    |add_ln112_reg_4709                    |   64|  32|    10|          0|
    |k_idx_read_reg_4538                   |   64|  32|    10|          0|
    |xor_ln113_reg_4596                    |   64|  32|     8|          0|
    |zext_ln109_2_reg_4601                 |   64|  32|   768|        758|
    |zext_ln109_reg_4586                   |   64|  32|   768|        758|
    |zext_ln110_2_reg_4643                 |   64|  32|   768|        758|
    |zext_ln110_reg_4633                   |   64|  32|   768|        758|
    |zext_ln111_2_reg_4682                 |   64|  32|   768|        758|
    |zext_ln111_reg_4670                   |   64|  32|   768|        758|
    |zext_ln112_reg_4714                   |   64|  32|   768|        758|
    |zext_ln115_10_reg_4934                |   64|  32|   768|        758|
    |zext_ln116_10_reg_4976                |   64|  32|   768|        758|
    |zext_ln116_8_reg_4956                 |   64|  32|   768|        758|
    |zext_ln117_1_reg_5018                 |   64|  32|   768|        758|
    |zext_ln118_1_reg_5055                 |   64|  32|   768|        758|
    |zext_ln119_1_reg_5092                 |   64|  32|   768|        758|
    +--------------------------------------+-----+----+------+-----------+
    |Total                                 |71389| 576|120307|      49892|
    +--------------------------------------+-----+----+------+-----------+



================================================================
== Interface
================================================================
* Summary: 
+---------------+-----+-----+------------+------------------+--------------+
|   RTL Ports   | Dir | Bits|  Protocol  |   Source Object  |    C Type    |
+---------------+-----+-----+------------+------------------+--------------+
|ap_clk         |   in|    1|  ap_ctrl_hs|  aes_expandEncKey|  return value|
|ap_rst         |   in|    1|  ap_ctrl_hs|  aes_expandEncKey|  return value|
|ap_start       |   in|    1|  ap_ctrl_hs|  aes_expandEncKey|  return value|
|ap_done        |  out|    1|  ap_ctrl_hs|  aes_expandEncKey|  return value|
|ap_idle        |  out|    1|  ap_ctrl_hs|  aes_expandEncKey|  return value|
|ap_ready       |  out|    1|  ap_ctrl_hs|  aes_expandEncKey|  return value|
|ap_ce          |   in|    1|  ap_ctrl_hs|  aes_expandEncKey|  return value|
|ap_return_0    |  out|  768|  ap_ctrl_hs|  aes_expandEncKey|  return value|
|ap_return_1    |  out|    8|  ap_ctrl_hs|  aes_expandEncKey|  return value|
|p_read         |   in|  768|     ap_none|            p_read|        scalar|
|k_idx          |   in|   10|     ap_none|             k_idx|        scalar|
|rc_read        |   in|    8|     ap_none|           rc_read|        scalar|
|sbox_address0  |  out|    8|   ap_memory|              sbox|         array|
|sbox_ce0       |  out|    1|   ap_memory|              sbox|         array|
|sbox_q0        |   in|    8|   ap_memory|              sbox|         array|
|sbox_address1  |  out|    8|   ap_memory|              sbox|         array|
|sbox_ce1       |  out|    1|   ap_memory|              sbox|         array|
|sbox_q1        |   in|    8|   ap_memory|              sbox|         array|
|sbox_address2  |  out|    8|   ap_memory|              sbox|         array|
|sbox_ce2       |  out|    1|   ap_memory|              sbox|         array|
|sbox_q2        |   in|    8|   ap_memory|              sbox|         array|
|sbox_address3  |  out|    8|   ap_memory|              sbox|         array|
|sbox_ce3       |  out|    1|   ap_memory|              sbox|         array|
|sbox_q3        |   in|    8|   ap_memory|              sbox|         array|
|sbox_address4  |  out|    8|   ap_memory|              sbox|         array|
|sbox_ce4       |  out|    1|   ap_memory|              sbox|         array|
|sbox_q4        |   in|    8|   ap_memory|              sbox|         array|
|sbox_address5  |  out|    8|   ap_memory|              sbox|         array|
|sbox_ce5       |  out|    1|   ap_memory|              sbox|         array|
|sbox_q5        |   in|    8|   ap_memory|              sbox|         array|
|sbox_address6  |  out|    8|   ap_memory|              sbox|         array|
|sbox_ce6       |  out|    1|   ap_memory|              sbox|         array|
|sbox_q6        |   in|    8|   ap_memory|              sbox|         array|
|sbox_address7  |  out|    8|   ap_memory|              sbox|         array|
|sbox_ce7       |  out|    1|   ap_memory|              sbox|         array|
|sbox_q7        |   in|    8|   ap_memory|              sbox|         array|
+---------------+-----+-----+------------+------------------+--------------+

