

================================================================
== Synthesis Summary Report of 'adi'
================================================================
+ General Information: 
    * Date:           Fri Jul 25 16:32:17 2025
    * Version:        2022.2.2 (Build 3779808 on Feb 17 2023)
    * Project:        adi
    * Solution:       solution1 (Vivado IP Flow Target)
    * Product family: virtexuplus
    * Target device:  xcu55c-fsvh2892-2L-e
    

+ Performance & Resource Estimates: 
    
    PS: '+' for module; 'o' for loop; '*' for dataflow
    +----------------------------------+--------+-------+---------+-----------+----------+---------+------+----------+------+----------+-------------+------------+-----+
    |              Modules             |  Issue |       | Latency |  Latency  | Iteration|         | Trip |          |      |          |             |            |     |
    |              & Loops             |  Type  | Slack | (cycles)|    (ns)   |  Latency | Interval| Count| Pipelined| BRAM |    DSP   |      FF     |     LUT    | URAM|
    +----------------------------------+--------+-------+---------+-----------+----------+---------+------+----------+------+----------+-------------+------------+-----+
    |+ adi                             |  Timing|  -0.38|        -|          -|         -|        -|     -|        no|     -|  41 (~0%)|   55666 (2%)|  36185 (2%)|    -|
    | o VITIS_LOOP_39_1                |       -|   3.65|        -|          -|     14846|        -|     -|        no|     -|         -|            -|           -|    -|
    |  + adi_Pipeline_VITIS_LOOP_41_2  |  Timing|  -0.38|     7421|  3.710e+04|         -|     7421|     -|        no|     -|         -|   28628 (1%)|  17558 (1%)|    -|
    |   o VITIS_LOOP_41_2              |      II|   3.65|     7419|  3.710e+04|      2461|       87|    58|       yes|     -|         -|            -|           -|    -|
    |  + adi_Pipeline_VITIS_LOOP_60_5  |  Timing|  -0.38|     7421|  3.710e+04|         -|     7421|     -|        no|     -|         -|  24347 (~0%)|  15189 (1%)|    -|
    |   o VITIS_LOOP_60_5              |      II|   3.65|     7419|  3.710e+04|      2461|       87|    58|       yes|     -|         -|            -|           -|    -|
    +----------------------------------+--------+-------+---------+-----------+----------+---------+------+----------+------+----------+-------------+------------+-----+


================================================================
== HW Interfaces
================================================================
* AP_MEMORY
+------------+----------+
| Interface  | Bitwidth |
+------------+----------+
| p_address0 | 12       |
| p_address1 | 12       |
| p_d0       | 64       |
| p_d1       | 64       |
| p_q0       | 64       |
| p_q1       | 64       |
| q_address0 | 12       |
| q_address1 | 12       |
| q_d0       | 64       |
| q_d1       | 64       |
| q_q0       | 64       |
| q_q1       | 64       |
| u_address0 | 12       |
| u_address1 | 12       |
| u_d0       | 64       |
| u_d1       | 64       |
| u_q0       | 64       |
| u_q1       | 64       |
| v_address0 | 12       |
| v_address1 | 12       |
| v_d0       | 64       |
| v_d1       | 64       |
| v_q0       | 64       |
| v_q1       | 64       |
+------------+----------+

* Other Ports
+-----------+---------+----------+
| Interface | Mode    | Bitwidth |
+-----------+---------+----------+
| n         | ap_none | 32       |
| tsteps    | ap_none | 32       |
+-----------+---------+----------+

* TOP LEVEL CONTROL
+-----------+------------+-----------------------------------+
| Interface | Type       | Ports                             |
+-----------+------------+-----------------------------------+
| ap_clk    | clock      | ap_clk                            |
| ap_rst    | reset      | ap_rst                            |
| ap_ctrl   | ap_ctrl_hs | ap_done ap_idle ap_ready ap_start |
+-----------+------------+-----------------------------------+


================================================================
== SW I/O Information
================================================================
* Top Function Arguments
+----------+-----------+----------+
| Argument | Direction | Datatype |
+----------+-----------+----------+
| tsteps   | in        | int      |
| n        | in        | int      |
| u        | inout     | double*  |
| v        | inout     | double*  |
| p        | inout     | double*  |
| q        | inout     | double*  |
+----------+-----------+----------+

* SW-to-HW Mapping
+----------+--------------+---------+----------+
| Argument | HW Interface | HW Type | HW Usage |
+----------+--------------+---------+----------+
| tsteps   | tsteps       | port    |          |
| n        | n            | port    |          |
| u        | u_address0   | port    | offset   |
| u        | u_ce0        | port    |          |
| u        | u_we0        | port    |          |
| u        | u_d0         | port    |          |
| u        | u_q0         | port    |          |
| u        | u_address1   | port    | offset   |
| u        | u_ce1        | port    |          |
| u        | u_we1        | port    |          |
| u        | u_d1         | port    |          |
| u        | u_q1         | port    |          |
| v        | v_address0   | port    | offset   |
| v        | v_ce0        | port    |          |
| v        | v_we0        | port    |          |
| v        | v_d0         | port    |          |
| v        | v_q0         | port    |          |
| v        | v_address1   | port    | offset   |
| v        | v_ce1        | port    |          |
| v        | v_we1        | port    |          |
| v        | v_d1         | port    |          |
| v        | v_q1         | port    |          |
| p        | p_address0   | port    | offset   |
| p        | p_ce0        | port    |          |
| p        | p_we0        | port    |          |
| p        | p_d0         | port    |          |
| p        | p_q0         | port    |          |
| p        | p_address1   | port    | offset   |
| p        | p_ce1        | port    |          |
| p        | p_we1        | port    |          |
| p        | p_d1         | port    |          |
| p        | p_q1         | port    |          |
| q        | q_address0   | port    | offset   |
| q        | q_ce0        | port    |          |
| q        | q_we0        | port    |          |
| q        | q_d0         | port    |          |
| q        | q_q0         | port    |          |
| q        | q_address1   | port    | offset   |
| q        | q_ce1        | port    |          |
| q        | q_we1        | port    |          |
| q        | q_d1         | port    |          |
| q        | q_q1         | port    |          |
+----------+--------------+---------+----------+


================================================================
== Bind Op Report
================================================================
+---------------------------------+-----+--------+-------------------+-----+--------+---------+
| Name                            | DSP | Pragma | Variable          | Op  | Impl   | Latency |
+---------------------------------+-----+--------+-------------------+-----+--------+---------+
| + adi                           | 41  |        |                   |     |        |         |
|   add_ln39_fu_82_p2             | -   |        | add_ln39          | add | fabric | 0       |
|   t_3_fu_101_p2                 | -   |        | t_3               | add | fabric | 0       |
|  + adi_Pipeline_VITIS_LOOP_41_2 | 0   |        |                   |     |        |         |
|    add_ln49_fu_4061_p2          | -   |        | add_ln49          | add | fabric | 0       |
|    add_ln49_1_fu_4204_p2        | -   |        | add_ln49_1        | add | fabric | 0       |
|    add_ln49_2_fu_4261_p2        | -   |        | add_ln49_2        | add | fabric | 0       |
|    add_ln49_3_fu_4350_p2        | -   |        | add_ln49_3        | add | fabric | 0       |
|    add_ln49_4_fu_4385_p2        | -   |        | add_ln49_4        | add | fabric | 0       |
|    add_ln49_5_fu_4467_p2        | -   |        | add_ln49_5        | add | fabric | 0       |
|    add_ln49_6_fu_4519_p2        | -   |        | add_ln49_6        | add | fabric | 0       |
|    add_ln49_7_fu_4609_p2        | -   |        | add_ln49_7        | add | fabric | 0       |
|    add_ln49_8_fu_4654_p2        | -   |        | add_ln49_8        | add | fabric | 0       |
|    add_ln49_9_fu_4754_p2        | -   |        | add_ln49_9        | add | fabric | 0       |
|    add_ln49_10_fu_4804_p2       | -   |        | add_ln49_10       | add | fabric | 0       |
|    add_ln49_11_fu_4904_p2       | -   |        | add_ln49_11       | add | fabric | 0       |
|    add_ln49_12_fu_4954_p2       | -   |        | add_ln49_12       | add | fabric | 0       |
|    add_ln49_13_fu_5070_p2       | -   |        | add_ln49_13       | add | fabric | 0       |
|    add_ln49_14_fu_5128_p2       | -   |        | add_ln49_14       | add | fabric | 0       |
|    add_ln49_15_fu_5308_p2       | -   |        | add_ln49_15       | add | fabric | 0       |
|    add_ln49_16_fu_5416_p2       | -   |        | add_ln49_16       | add | fabric | 0       |
|    add_ln49_17_fu_5466_p2       | -   |        | add_ln49_17       | add | fabric | 0       |
|    add_ln49_18_fu_5566_p2       | -   |        | add_ln49_18       | add | fabric | 0       |
|    add_ln49_19_fu_5616_p2       | -   |        | add_ln49_19       | add | fabric | 0       |
|    add_ln49_20_fu_5716_p2       | -   |        | add_ln49_20       | add | fabric | 0       |
|    add_ln49_21_fu_5766_p2       | -   |        | add_ln49_21       | add | fabric | 0       |
|    add_ln49_22_fu_5866_p2       | -   |        | add_ln49_22       | add | fabric | 0       |
|    add_ln49_23_fu_5896_p2       | -   |        | add_ln49_23       | add | fabric | 0       |
|    add_ln49_24_fu_5960_p2       | -   |        | add_ln49_24       | add | fabric | 0       |
|    add_ln49_25_fu_5998_p2       | -   |        | add_ln49_25       | add | fabric | 0       |
|    add_ln49_26_fu_6074_p2       | -   |        | add_ln49_26       | add | fabric | 0       |
|    add_ln49_27_fu_6112_p2       | -   |        | add_ln49_27       | add | fabric | 0       |
|    add_ln49_28_fu_6188_p2       | -   |        | add_ln49_28       | add | fabric | 0       |
|    add_ln49_29_fu_6231_p2       | -   |        | add_ln49_29       | add | fabric | 0       |
|    add_ln49_30_fu_6351_p2       | -   |        | add_ln49_30       | add | fabric | 0       |
|    add_ln49_31_fu_6430_p2       | -   |        | add_ln49_31       | add | fabric | 0       |
|    add_ln49_32_fu_6465_p2       | -   |        | add_ln49_32       | add | fabric | 0       |
|    add_ln49_33_fu_6525_p2       | -   |        | add_ln49_33       | add | fabric | 0       |
|    add_ln49_34_fu_6555_p2       | -   |        | add_ln49_34       | add | fabric | 0       |
|    add_ln49_35_fu_6615_p2       | -   |        | add_ln49_35       | add | fabric | 0       |
|    add_ln49_36_fu_6645_p2       | -   |        | add_ln49_36       | add | fabric | 0       |
|    add_ln49_37_fu_6705_p2       | -   |        | add_ln49_37       | add | fabric | 0       |
|    add_ln49_38_fu_6735_p2       | -   |        | add_ln49_38       | add | fabric | 0       |
|    add_ln49_39_fu_6795_p2       | -   |        | add_ln49_39       | add | fabric | 0       |
|    add_ln49_40_fu_6825_p2       | -   |        | add_ln49_40       | add | fabric | 0       |
|    add_ln49_41_fu_6885_p2       | -   |        | add_ln49_41       | add | fabric | 0       |
|    add_ln49_42_fu_6915_p2       | -   |        | add_ln49_42       | add | fabric | 0       |
|    add_ln49_43_fu_6975_p2       | -   |        | add_ln49_43       | add | fabric | 0       |
|    add_ln49_44_fu_7005_p2       | -   |        | add_ln49_44       | add | fabric | 0       |
|    add_ln49_45_fu_7101_p2       | -   |        | add_ln49_45       | add | fabric | 0       |
|    add_ln49_46_fu_7161_p2       | -   |        | add_ln49_46       | add | fabric | 0       |
|    add_ln49_47_fu_7191_p2       | -   |        | add_ln49_47       | add | fabric | 0       |
|    add_ln49_48_fu_7260_p2       | -   |        | add_ln49_48       | add | fabric | 0       |
|    add_ln49_49_fu_7298_p2       | -   |        | add_ln49_49       | add | fabric | 0       |
|    add_ln49_50_fu_7374_p2       | -   |        | add_ln49_50       | add | fabric | 0       |
|    add_ln49_51_fu_7412_p2       | -   |        | add_ln49_51       | add | fabric | 0       |
|    add_ln49_52_fu_7488_p2       | -   |        | add_ln49_52       | add | fabric | 0       |
|    add_ln49_53_fu_7526_p2       | -   |        | add_ln49_53       | add | fabric | 0       |
|    add_ln49_54_fu_7602_p2       | -   |        | add_ln49_54       | add | fabric | 0       |
|    add_ln51_fu_4072_p2          | -   |        | add_ln51          | add | fabric | 0       |
|    sub_ln43_fu_4107_p2          | -   |        | sub_ln43          | sub | fabric | 0       |
|    add_ln48_fu_4395_p2          | -   |        | add_ln48          | add | fabric | 0       |
|    add_ln48_1_fu_4406_p2        | -   |        | add_ln48_1        | add | fabric | 0       |
|    add_ln48_2_fu_4291_p2        | -   |        | add_ln48_2        | add | fabric | 0       |
|    add_ln48_3_fu_4302_p2        | -   |        | add_ln48_3        | add | fabric | 0       |
|    add_ln48_4_fu_4215_p2        | -   |        | add_ln48_4        | add | fabric | 0       |
|    add_ln48_5_fu_4226_p2        | -   |        | add_ln48_5        | add | fabric | 0       |
|    add_ln48_6_fu_4118_p2        | -   |        | add_ln48_6        | add | fabric | 0       |
|    add_ln48_7_fu_4130_p2        | -   |        | add_ln48_7        | add | fabric | 0       |
|    add_ln48_8_fu_4620_p2        | -   |        | add_ln48_8        | add | fabric | 0       |
|    add_ln48_9_fu_4664_p2        | -   |        | add_ln48_9        | add | fabric | 0       |
|    add_ln48_10_fu_4674_p2       | -   |        | add_ln48_10       | add | fabric | 0       |
|    add_ln48_11_fu_4704_p2       | -   |        | add_ln48_11       | add | fabric | 0       |
|    add_ln48_12_fu_4714_p2       | -   |        | add_ln48_12       | add | fabric | 0       |
|    add_ln48_13_fu_4764_p2       | -   |        | add_ln48_13       | add | fabric | 0       |
|    add_ln48_14_fu_4774_p2       | -   |        | add_ln48_14       | add | fabric | 0       |
|    add_ln48_15_fu_4814_p2       | -   |        | add_ln48_15       | add | fabric | 0       |
|    add_ln48_16_fu_4824_p2       | -   |        | add_ln48_16       | add | fabric | 0       |
|    add_ln48_17_fu_4854_p2       | -   |        | add_ln48_17       | add | fabric | 0       |
|    add_ln48_18_fu_4864_p2       | -   |        | add_ln48_18       | add | fabric | 0       |
|    add_ln48_19_fu_4914_p2       | -   |        | add_ln48_19       | add | fabric | 0       |
|    add_ln48_20_fu_4924_p2       | -   |        | add_ln48_20       | add | fabric | 0       |
|    add_ln48_21_fu_4968_p2       | -   |        | add_ln48_21       | add | fabric | 0       |
|    add_ln48_22_fu_4978_p2       | -   |        | add_ln48_22       | add | fabric | 0       |
|    add_ln48_23_fu_5012_p2       | -   |        | add_ln48_23       | add | fabric | 0       |
|    add_ln48_24_fu_5022_p2       | -   |        | add_ln48_24       | add | fabric | 0       |
|    add_ln48_25_fu_5084_p2       | -   |        | add_ln48_25       | add | fabric | 0       |
|    add_ln48_26_fu_5094_p2       | -   |        | add_ln48_26       | add | fabric | 0       |
|    add_ln48_27_fu_5142_p2       | -   |        | add_ln48_27       | add | fabric | 0       |
|    add_ln48_28_fu_5152_p2       | -   |        | add_ln48_28       | add | fabric | 0       |
|    add_ln48_29_fu_5186_p2       | -   |        | add_ln48_29       | add | fabric | 0       |
|    add_ln48_30_fu_5196_p2       | -   |        | add_ln48_30       | add | fabric | 0       |
|    add_ln48_31_fu_5262_p2       | -   |        | add_ln48_31       | add | fabric | 0       |
|    add_ln48_32_fu_5272_p2       | -   |        | add_ln48_32       | add | fabric | 0       |
|    add_ln48_33_fu_5318_p2       | -   |        | add_ln48_33       | add | fabric | 0       |
|    add_ln48_34_fu_5328_p2       | -   |        | add_ln48_34       | add | fabric | 0       |
|    add_ln48_35_fu_5362_p2       | -   |        | add_ln48_35       | add | fabric | 0       |
|    add_ln48_36_fu_5372_p2       | -   |        | add_ln48_36       | add | fabric | 0       |
|    add_ln48_37_fu_5426_p2       | -   |        | add_ln48_37       | add | fabric | 0       |
|    add_ln48_38_fu_5436_p2       | -   |        | add_ln48_38       | add | fabric | 0       |
|    add_ln48_39_fu_5476_p2       | -   |        | add_ln48_39       | add | fabric | 0       |
|    add_ln48_40_fu_5486_p2       | -   |        | add_ln48_40       | add | fabric | 0       |
|    add_ln48_41_fu_5516_p2       | -   |        | add_ln48_41       | add | fabric | 0       |
|    add_ln48_42_fu_5526_p2       | -   |        | add_ln48_42       | add | fabric | 0       |
|    add_ln48_43_fu_5576_p2       | -   |        | add_ln48_43       | add | fabric | 0       |
|    add_ln48_44_fu_5586_p2       | -   |        | add_ln48_44       | add | fabric | 0       |
|    add_ln48_45_fu_5626_p2       | -   |        | add_ln48_45       | add | fabric | 0       |
|    add_ln48_46_fu_5636_p2       | -   |        | add_ln48_46       | add | fabric | 0       |
|    add_ln48_47_fu_5666_p2       | -   |        | add_ln48_47       | add | fabric | 0       |
|    add_ln48_48_fu_5676_p2       | -   |        | add_ln48_48       | add | fabric | 0       |
|    add_ln48_49_fu_5726_p2       | -   |        | add_ln48_49       | add | fabric | 0       |
|    add_ln48_50_fu_5736_p2       | -   |        | add_ln48_50       | add | fabric | 0       |
|    add_ln48_51_fu_5776_p2       | -   |        | add_ln48_51       | add | fabric | 0       |
|    add_ln48_52_fu_5786_p2       | -   |        | add_ln48_52       | add | fabric | 0       |
|    add_ln48_53_fu_5816_p2       | -   |        | add_ln48_53       | add | fabric | 0       |
|    add_ln48_54_fu_5826_p2       | -   |        | add_ln48_54       | add | fabric | 0       |
|    empty_10_fu_4141_p2          | -   |        | empty_10          | add | fabric | 0       |
|    add_ln49_55_fu_4151_p2       | -   |        | add_ln49_55       | add | fabric | 0       |
|    add_ln49_56_fu_4165_p2       | -   |        | add_ln49_56       | add | fabric | 0       |
|    add_ln49_57_fu_4271_p2       | -   |        | add_ln49_57       | add | fabric | 0       |
|    add_ln49_58_fu_4316_p2       | -   |        | add_ln49_58       | add | fabric | 0       |
|    add_ln49_59_fu_4417_p2       | -   |        | add_ln49_59       | add | fabric | 0       |
|    add_ln49_60_fu_4437_p2       | -   |        | add_ln49_60       | add | fabric | 0       |
|    add_ln49_61_fu_4533_p2       | -   |        | add_ln49_61       | add | fabric | 0       |
|    add_ln49_62_fu_4571_p2       | -   |        | add_ln49_62       | add | fabric | 0       |
|    add_ln49_63_fu_4684_p2       | -   |        | add_ln49_63       | add | fabric | 0       |
|    add_ln49_64_fu_4724_p2       | -   |        | add_ln49_64       | add | fabric | 0       |
|    add_ln49_65_fu_4834_p2       | -   |        | add_ln49_65       | add | fabric | 0       |
|    add_ln49_66_fu_4874_p2       | -   |        | add_ln49_66       | add | fabric | 0       |
|    add_ln49_67_fu_4988_p2       | -   |        | add_ln49_67       | add | fabric | 0       |
|    add_ln49_68_fu_5032_p2       | -   |        | add_ln49_68       | add | fabric | 0       |
|    add_ln49_69_fu_5162_p2       | -   |        | add_ln49_69       | add | fabric | 0       |
|    add_ln49_70_fu_5341_p2       | -   |        | add_ln49_70       | add | fabric | 0       |
|    add_ln49_71_fu_5382_p2       | -   |        | add_ln49_71       | add | fabric | 0       |
|    add_ln49_72_fu_5496_p2       | -   |        | add_ln49_72       | add | fabric | 0       |
|    add_ln49_73_fu_5536_p2       | -   |        | add_ln49_73       | add | fabric | 0       |
|    add_ln49_74_fu_5646_p2       | -   |        | add_ln49_74       | add | fabric | 0       |
|    add_ln49_75_fu_5686_p2       | -   |        | add_ln49_75       | add | fabric | 0       |
|    add_ln49_76_fu_5796_p2       | -   |        | add_ln49_76       | add | fabric | 0       |
|    add_ln49_77_fu_5836_p2       | -   |        | add_ln49_77       | add | fabric | 0       |
|    add_ln49_78_fu_5906_p2       | -   |        | add_ln49_78       | add | fabric | 0       |
|    add_ln49_79_fu_5926_p2       | -   |        | add_ln49_79       | add | fabric | 0       |
|    add_ln49_80_fu_6012_p2       | -   |        | add_ln49_80       | add | fabric | 0       |
|    add_ln49_81_fu_6036_p2       | -   |        | add_ln49_81       | add | fabric | 0       |
|    add_ln49_82_fu_6126_p2       | -   |        | add_ln49_82       | add | fabric | 0       |
|    add_ln49_83_fu_6150_p2       | -   |        | add_ln49_83       | add | fabric | 0       |
|    add_ln49_84_fu_6245_p2       | -   |        | add_ln49_84       | add | fabric | 0       |
|    add_ln49_85_fu_6365_p2       | -   |        | add_ln49_85       | add | fabric | 0       |
|    add_ln49_86_fu_6392_p2       | -   |        | add_ln49_86       | add | fabric | 0       |
|    add_ln49_87_fu_6475_p2       | -   |        | add_ln49_87       | add | fabric | 0       |
|    add_ln49_88_fu_6495_p2       | -   |        | add_ln49_88       | add | fabric | 0       |
|    add_ln49_89_fu_6565_p2       | -   |        | add_ln49_89       | add | fabric | 0       |
|    add_ln49_90_fu_6585_p2       | -   |        | add_ln49_90       | add | fabric | 0       |
|    add_ln49_91_fu_6655_p2       | -   |        | add_ln49_91       | add | fabric | 0       |
|    add_ln49_92_fu_6675_p2       | -   |        | add_ln49_92       | add | fabric | 0       |
|    add_ln49_93_fu_6745_p2       | -   |        | add_ln49_93       | add | fabric | 0       |
|    add_ln49_94_fu_6765_p2       | -   |        | add_ln49_94       | add | fabric | 0       |
|    add_ln49_95_fu_6835_p2       | -   |        | add_ln49_95       | add | fabric | 0       |
|    add_ln49_96_fu_6855_p2       | -   |        | add_ln49_96       | add | fabric | 0       |
|    add_ln49_97_fu_6925_p2       | -   |        | add_ln49_97       | add | fabric | 0       |
|    add_ln49_98_fu_6945_p2       | -   |        | add_ln49_98       | add | fabric | 0       |
|    add_ln49_99_fu_7015_p2       | -   |        | add_ln49_99       | add | fabric | 0       |
|    add_ln49_100_fu_7111_p2      | -   |        | add_ln49_100      | add | fabric | 0       |
|    add_ln49_101_fu_7131_p2      | -   |        | add_ln49_101      | add | fabric | 0       |
|    add_ln49_102_fu_7201_p2      | -   |        | add_ln49_102      | add | fabric | 0       |
|    add_ln49_103_fu_7221_p2      | -   |        | add_ln49_103      | add | fabric | 0       |
|    add_ln49_104_fu_7312_p2      | -   |        | add_ln49_104      | add | fabric | 0       |
|    add_ln49_105_fu_7336_p2      | -   |        | add_ln49_105      | add | fabric | 0       |
|    add_ln49_106_fu_7426_p2      | -   |        | add_ln49_106      | add | fabric | 0       |
|    add_ln49_107_fu_7450_p2      | -   |        | add_ln49_107      | add | fabric | 0       |
|    add_ln49_108_fu_7540_p2      | -   |        | add_ln49_108      | add | fabric | 0       |
|    add_ln49_109_fu_7564_p2      | -   |        | add_ln49_109      | add | fabric | 0       |
|    indvars_iv_next48_fu_4176_p2 | -   |        | indvars_iv_next48 | add | fabric | 0       |
|    add_ln49_110_fu_4185_p2      | -   |        | add_ln49_110      | add | fabric | 0       |
|    add_ln49_111_fu_4240_p2      | -   |        | add_ln49_111      | add | fabric | 0       |
|    add_ln49_112_fu_4327_p2      | -   |        | add_ln49_112      | add | fabric | 0       |
|    add_ln49_113_fu_4364_p2      | -   |        | add_ln49_113      | add | fabric | 0       |
|    add_ln49_114_fu_4447_p2      | -   |        | add_ln49_114      | add | fabric | 0       |
|    add_ln49_115_fu_4499_p2      | -   |        | add_ln49_115      | add | fabric | 0       |
|    add_ln49_116_fu_4582_p2      | -   |        | add_ln49_116      | add | fabric | 0       |
|    add_ln49_117_fu_4633_p2      | -   |        | add_ln49_117      | add | fabric | 0       |
|    add_ln49_118_fu_4734_p2      | -   |        | add_ln49_118      | add | fabric | 0       |
|    add_ln49_119_fu_4784_p2      | -   |        | add_ln49_119      | add | fabric | 0       |
|    add_ln49_120_fu_4884_p2      | -   |        | add_ln49_120      | add | fabric | 0       |
|    add_ln49_121_fu_4934_p2      | -   |        | add_ln49_121      | add | fabric | 0       |
|    add_ln49_122_fu_5046_p2      | -   |        | add_ln49_122      | add | fabric | 0       |
|    add_ln49_123_fu_5104_p2      | -   |        | add_ln49_123      | add | fabric | 0       |
|    add_ln49_124_fu_5222_p2      | -   |        | add_ln49_124      | add | fabric | 0       |
|    add_ln49_125_fu_5395_p2      | -   |        | add_ln49_125      | add | fabric | 0       |
|    add_ln49_126_fu_5446_p2      | -   |        | add_ln49_126      | add | fabric | 0       |
|    add_ln49_127_fu_5546_p2      | -   |        | add_ln49_127      | add | fabric | 0       |
|    add_ln49_128_fu_5596_p2      | -   |        | add_ln49_128      | add | fabric | 0       |
|    add_ln49_129_fu_5696_p2      | -   |        | add_ln49_129      | add | fabric | 0       |
|    add_ln49_130_fu_5746_p2      | -   |        | add_ln49_130      | add | fabric | 0       |
|    add_ln49_131_fu_5846_p2      | -   |        | add_ln49_131      | add | fabric | 0       |
|    add_ln49_132_fu_5876_p2      | -   |        | add_ln49_132      | add | fabric | 0       |
|    add_ln49_133_fu_5940_p2      | -   |        | add_ln49_133      | add | fabric | 0       |
|    add_ln49_134_fu_5974_p2      | -   |        | add_ln49_134      | add | fabric | 0       |
|    add_ln49_135_fu_6050_p2      | -   |        | add_ln49_135      | add | fabric | 0       |
|    add_ln49_136_fu_6088_p2      | -   |        | add_ln49_136      | add | fabric | 0       |
|    add_ln49_137_fu_6164_p2      | -   |        | add_ln49_137      | add | fabric | 0       |
|    add_ln49_138_fu_6202_p2      | -   |        | add_ln49_138      | add | fabric | 0       |
|    add_ln49_139_fu_6285_p2      | -   |        | add_ln49_139      | add | fabric | 0       |
|    add_ln49_140_fu_6403_p2      | -   |        | add_ln49_140      | add | fabric | 0       |
|    add_ln49_141_fu_6444_p2      | -   |        | add_ln49_141      | add | fabric | 0       |
|    add_ln49_142_fu_6505_p2      | -   |        | add_ln49_142      | add | fabric | 0       |
|    add_ln49_143_fu_6535_p2      | -   |        | add_ln49_143      | add | fabric | 0       |
|    add_ln49_144_fu_6595_p2      | -   |        | add_ln49_144      | add | fabric | 0       |
|    add_ln49_145_fu_6625_p2      | -   |        | add_ln49_145      | add | fabric | 0       |
|    add_ln49_146_fu_6685_p2      | -   |        | add_ln49_146      | add | fabric | 0       |
|    add_ln49_147_fu_6715_p2      | -   |        | add_ln49_147      | add | fabric | 0       |
|    add_ln49_148_fu_6775_p2      | -   |        | add_ln49_148      | add | fabric | 0       |
|    add_ln49_149_fu_6805_p2      | -   |        | add_ln49_149      | add | fabric | 0       |
|    add_ln49_150_fu_6865_p2      | -   |        | add_ln49_150      | add | fabric | 0       |
|    add_ln49_151_fu_6895_p2      | -   |        | add_ln49_151      | add | fabric | 0       |
|    add_ln49_152_fu_6955_p2      | -   |        | add_ln49_152      | add | fabric | 0       |
|    add_ln49_153_fu_6985_p2      | -   |        | add_ln49_153      | add | fabric | 0       |
|    add_ln49_154_fu_7047_p2      | -   |        | add_ln49_154      | add | fabric | 0       |
|    add_ln49_155_fu_7141_p2      | -   |        | add_ln49_155      | add | fabric | 0       |
|    add_ln49_156_fu_7171_p2      | -   |        | add_ln49_156      | add | fabric | 0       |
|    add_ln49_157_fu_7235_p2      | -   |        | add_ln49_157      | add | fabric | 0       |
|    add_ln49_158_fu_7274_p2      | -   |        | add_ln49_158      | add | fabric | 0       |
|    add_ln49_159_fu_7350_p2      | -   |        | add_ln49_159      | add | fabric | 0       |
|    add_ln49_160_fu_7388_p2      | -   |        | add_ln49_160      | add | fabric | 0       |
|    add_ln49_161_fu_7464_p2      | -   |        | add_ln49_161      | add | fabric | 0       |
|    add_ln49_162_fu_7502_p2      | -   |        | add_ln49_162      | add | fabric | 0       |
|    add_ln49_163_fu_7578_p2      | -   |        | add_ln49_163      | add | fabric | 0       |
|    add_ln49_164_fu_7616_p2      | -   |        | add_ln49_164      | add | fabric | 0       |
|  + adi_Pipeline_VITIS_LOOP_60_5 | 0   |        |                   |     |        |         |
|    sub_ln61_fu_3973_p2          | -   |        | sub_ln61          | sub | fabric | 0       |
|    add_ln70_fu_3985_p2          | -   |        | add_ln70          | add | fabric | 0       |
|    add_ln74_fu_5400_p2          | -   |        | add_ln74          | add | fabric | 0       |
|    add_ln74_1_fu_5410_p2        | -   |        | add_ln74_1        | add | fabric | 0       |
|    add_ln74_2_fu_5360_p2        | -   |        | add_ln74_2        | add | fabric | 0       |
|    add_ln74_3_fu_5370_p2        | -   |        | add_ln74_3        | add | fabric | 0       |
|    add_ln74_4_fu_5310_p2        | -   |        | add_ln74_4        | add | fabric | 0       |
|    add_ln74_5_fu_5320_p2        | -   |        | add_ln74_5        | add | fabric | 0       |
|    add_ln74_6_fu_5270_p2        | -   |        | add_ln74_6        | add | fabric | 0       |
|    add_ln74_7_fu_5280_p2        | -   |        | add_ln74_7        | add | fabric | 0       |
|    add_ln74_8_fu_5230_p2        | -   |        | add_ln74_8        | add | fabric | 0       |
|    add_ln74_9_fu_5240_p2        | -   |        | add_ln74_9        | add | fabric | 0       |
|    add_ln74_10_fu_5180_p2       | -   |        | add_ln74_10       | add | fabric | 0       |
|    add_ln74_11_fu_5190_p2       | -   |        | add_ln74_11       | add | fabric | 0       |
|    add_ln74_12_fu_5140_p2       | -   |        | add_ln74_12       | add | fabric | 0       |
|    add_ln74_13_fu_5150_p2       | -   |        | add_ln74_13       | add | fabric | 0       |
|    add_ln74_14_fu_5100_p2       | -   |        | add_ln74_14       | add | fabric | 0       |
|    add_ln74_15_fu_5110_p2       | -   |        | add_ln74_15       | add | fabric | 0       |
|    add_ln74_16_fu_5050_p2       | -   |        | add_ln74_16       | add | fabric | 0       |
|    add_ln74_17_fu_5060_p2       | -   |        | add_ln74_17       | add | fabric | 0       |
|    add_ln74_18_fu_5010_p2       | -   |        | add_ln74_18       | add | fabric | 0       |
|    add_ln74_19_fu_5020_p2       | -   |        | add_ln74_19       | add | fabric | 0       |
|    add_ln74_20_fu_4970_p2       | -   |        | add_ln74_20       | add | fabric | 0       |
|    add_ln74_21_fu_4980_p2       | -   |        | add_ln74_21       | add | fabric | 0       |
|    add_ln74_22_fu_4920_p2       | -   |        | add_ln74_22       | add | fabric | 0       |
|    add_ln74_23_fu_4930_p2       | -   |        | add_ln74_23       | add | fabric | 0       |
|    add_ln74_24_fu_4880_p2       | -   |        | add_ln74_24       | add | fabric | 0       |
|    add_ln74_25_fu_4890_p2       | -   |        | add_ln74_25       | add | fabric | 0       |
|    add_ln74_26_fu_4840_p2       | -   |        | add_ln74_26       | add | fabric | 0       |
|    add_ln74_27_fu_4850_p2       | -   |        | add_ln74_27       | add | fabric | 0       |
|    add_ln74_28_fu_4790_p2       | -   |        | add_ln74_28       | add | fabric | 0       |
|    add_ln74_29_fu_4800_p2       | -   |        | add_ln74_29       | add | fabric | 0       |
|    add_ln74_30_fu_4750_p2       | -   |        | add_ln74_30       | add | fabric | 0       |
|    add_ln74_31_fu_4760_p2       | -   |        | add_ln74_31       | add | fabric | 0       |
|    add_ln74_32_fu_4710_p2       | -   |        | add_ln74_32       | add | fabric | 0       |
|    add_ln74_33_fu_4720_p2       | -   |        | add_ln74_33       | add | fabric | 0       |
|    add_ln74_34_fu_4660_p2       | -   |        | add_ln74_34       | add | fabric | 0       |
|    add_ln74_35_fu_4670_p2       | -   |        | add_ln74_35       | add | fabric | 0       |
|    add_ln74_36_fu_4620_p2       | -   |        | add_ln74_36       | add | fabric | 0       |
|    add_ln74_37_fu_4630_p2       | -   |        | add_ln74_37       | add | fabric | 0       |
|    add_ln74_38_fu_4580_p2       | -   |        | add_ln74_38       | add | fabric | 0       |
|    add_ln74_39_fu_4590_p2       | -   |        | add_ln74_39       | add | fabric | 0       |
|    add_ln74_40_fu_4530_p2       | -   |        | add_ln74_40       | add | fabric | 0       |
|    add_ln74_41_fu_4540_p2       | -   |        | add_ln74_41       | add | fabric | 0       |
|    add_ln74_42_fu_4490_p2       | -   |        | add_ln74_42       | add | fabric | 0       |
|    add_ln74_43_fu_4500_p2       | -   |        | add_ln74_43       | add | fabric | 0       |
|    add_ln74_44_fu_4450_p2       | -   |        | add_ln74_44       | add | fabric | 0       |
|    add_ln74_45_fu_4460_p2       | -   |        | add_ln74_45       | add | fabric | 0       |
|    add_ln74_46_fu_4410_p2       | -   |        | add_ln74_46       | add | fabric | 0       |
|    add_ln74_47_fu_3996_p2       | -   |        | add_ln74_47       | add | fabric | 0       |
|    add_ln74_48_fu_4007_p2       | -   |        | add_ln74_48       | add | fabric | 0       |
|    add_ln74_49_fu_4129_p2       | -   |        | add_ln74_49       | add | fabric | 0       |
|    add_ln74_50_fu_4139_p2       | -   |        | add_ln74_50       | add | fabric | 0       |
|    add_ln74_51_fu_4209_p2       | -   |        | add_ln74_51       | add | fabric | 0       |
|    add_ln74_52_fu_4219_p2       | -   |        | add_ln74_52       | add | fabric | 0       |
|    add_ln74_53_fu_4289_p2       | -   |        | add_ln74_53       | add | fabric | 0       |
|    add_ln74_54_fu_4229_p2       | -   |        | add_ln74_54       | add | fabric | 0       |
|    empty_9_fu_4029_p2           | -   |        | empty_9           | add | fabric | 0       |
|    sub_ln68_fu_4055_p2          | -   |        | sub_ln68          | sub | fabric | 0       |
|    add_ln68_fu_4259_p2          | -   |        | add_ln68          | add | fabric | 0       |
|    add_ln68_1_fu_4300_p2        | -   |        | add_ln68_1        | add | fabric | 0       |
|    add_ln68_2_fu_4340_p2        | -   |        | add_ln68_2        | add | fabric | 0       |
|    add_ln68_3_fu_4370_p2        | -   |        | add_ln68_3        | add | fabric | 0       |
|    add_ln68_4_fu_4420_p2        | -   |        | add_ln68_4        | add | fabric | 0       |
|    add_ln68_5_fu_4470_p2        | -   |        | add_ln68_5        | add | fabric | 0       |
|    add_ln68_6_fu_4550_p2        | -   |        | add_ln68_6        | add | fabric | 0       |
|    add_ln68_7_fu_4600_p2        | -   |        | add_ln68_7        | add | fabric | 0       |
|    add_ln68_8_fu_4680_p2        | -   |        | add_ln68_8        | add | fabric | 0       |
|    add_ln68_9_fu_4730_p2        | -   |        | add_ln68_9        | add | fabric | 0       |
|    add_ln68_10_fu_4810_p2       | -   |        | add_ln68_10       | add | fabric | 0       |
|    add_ln68_11_fu_4860_p2       | -   |        | add_ln68_11       | add | fabric | 0       |
|    add_ln68_12_fu_4940_p2       | -   |        | add_ln68_12       | add | fabric | 0       |
|    add_ln68_13_fu_4990_p2       | -   |        | add_ln68_13       | add | fabric | 0       |
|    add_ln68_14_fu_5070_p2       | -   |        | add_ln68_14       | add | fabric | 0       |
|    add_ln68_15_fu_5120_p2       | -   |        | add_ln68_15       | add | fabric | 0       |
|    add_ln68_16_fu_5200_p2       | -   |        | add_ln68_16       | add | fabric | 0       |
|    add_ln68_17_fu_5250_p2       | -   |        | add_ln68_17       | add | fabric | 0       |
|    add_ln68_18_fu_5330_p2       | -   |        | add_ln68_18       | add | fabric | 0       |
|    add_ln68_19_fu_5380_p2       | -   |        | add_ln68_19       | add | fabric | 0       |
|    add_ln68_20_fu_5440_p2       | -   |        | add_ln68_20       | add | fabric | 0       |
|    add_ln68_21_fu_5470_p2       | -   |        | add_ln68_21       | add | fabric | 0       |
|    add_ln68_22_fu_5510_p2       | -   |        | add_ln68_22       | add | fabric | 0       |
|    add_ln68_23_fu_5540_p2       | -   |        | add_ln68_23       | add | fabric | 0       |
|    add_ln68_24_fu_5580_p2       | -   |        | add_ln68_24       | add | fabric | 0       |
|    add_ln68_25_fu_5610_p2       | -   |        | add_ln68_25       | add | fabric | 0       |
|    add_ln68_26_fu_5650_p2       | -   |        | add_ln68_26       | add | fabric | 0       |
|    add_ln68_27_fu_5685_p2       | -   |        | add_ln68_27       | add | fabric | 0       |
|    add_ln68_28_fu_5725_p2       | -   |        | add_ln68_28       | add | fabric | 0       |
|    add_ln68_29_fu_5755_p2       | -   |        | add_ln68_29       | add | fabric | 0       |
|    add_ln68_30_fu_5795_p2       | -   |        | add_ln68_30       | add | fabric | 0       |
|    add_ln68_31_fu_5825_p2       | -   |        | add_ln68_31       | add | fabric | 0       |
|    add_ln68_32_fu_5865_p2       | -   |        | add_ln68_32       | add | fabric | 0       |
|    add_ln68_33_fu_5895_p2       | -   |        | add_ln68_33       | add | fabric | 0       |
|    add_ln68_34_fu_5935_p2       | -   |        | add_ln68_34       | add | fabric | 0       |
|    add_ln68_35_fu_5965_p2       | -   |        | add_ln68_35       | add | fabric | 0       |
|    add_ln68_36_fu_6005_p2       | -   |        | add_ln68_36       | add | fabric | 0       |
|    add_ln68_37_fu_6035_p2       | -   |        | add_ln68_37       | add | fabric | 0       |
|    add_ln68_38_fu_6075_p2       | -   |        | add_ln68_38       | add | fabric | 0       |
|    add_ln68_39_fu_6105_p2       | -   |        | add_ln68_39       | add | fabric | 0       |
|    add_ln68_40_fu_6145_p2       | -   |        | add_ln68_40       | add | fabric | 0       |
|    add_ln68_41_fu_6175_p2       | -   |        | add_ln68_41       | add | fabric | 0       |
|    add_ln68_42_fu_6215_p2       | -   |        | add_ln68_42       | add | fabric | 0       |
|    add_ln68_43_fu_6245_p2       | -   |        | add_ln68_43       | add | fabric | 0       |
|    add_ln68_44_fu_6285_p2       | -   |        | add_ln68_44       | add | fabric | 0       |
|    add_ln68_45_fu_6315_p2       | -   |        | add_ln68_45       | add | fabric | 0       |
|    add_ln68_46_fu_6355_p2       | -   |        | add_ln68_46       | add | fabric | 0       |
|    add_ln68_47_fu_6385_p2       | -   |        | add_ln68_47       | add | fabric | 0       |
|    add_ln68_48_fu_6430_p2       | -   |        | add_ln68_48       | add | fabric | 0       |
|    add_ln68_49_fu_6460_p2       | -   |        | add_ln68_49       | add | fabric | 0       |
|    add_ln68_50_fu_6500_p2       | -   |        | add_ln68_50       | add | fabric | 0       |
|    add_ln68_51_fu_6530_p2       | -   |        | add_ln68_51       | add | fabric | 0       |
|    add_ln68_52_fu_6570_p2       | -   |        | add_ln68_52       | add | fabric | 0       |
|    add_ln68_53_fu_6600_p2       | -   |        | add_ln68_53       | add | fabric | 0       |
|    add_ln68_54_fu_6640_p2       | -   |        | add_ln68_54       | add | fabric | 0       |
|    indvars_iv_next61_fu_4082_p2 | -   |        | indvars_iv_next61 | add | fabric | 0       |
|    sub_ln68_1_fu_4107_p2        | -   |        | sub_ln68_1        | sub | fabric | 0       |
|    add_ln68_55_fu_4269_p2       | -   |        | add_ln68_55       | add | fabric | 0       |
|    add_ln68_56_fu_4320_p2       | -   |        | add_ln68_56       | add | fabric | 0       |
|    add_ln68_57_fu_4350_p2       | -   |        | add_ln68_57       | add | fabric | 0       |
|    add_ln68_58_fu_4390_p2       | -   |        | add_ln68_58       | add | fabric | 0       |
|    add_ln68_59_fu_4430_p2       | -   |        | add_ln68_59       | add | fabric | 0       |
|    add_ln68_60_fu_4510_p2       | -   |        | add_ln68_60       | add | fabric | 0       |
|    add_ln68_61_fu_4560_p2       | -   |        | add_ln68_61       | add | fabric | 0       |
|    add_ln68_62_fu_4640_p2       | -   |        | add_ln68_62       | add | fabric | 0       |
|    add_ln68_63_fu_4690_p2       | -   |        | add_ln68_63       | add | fabric | 0       |
|    add_ln68_64_fu_4770_p2       | -   |        | add_ln68_64       | add | fabric | 0       |
|    add_ln68_65_fu_4820_p2       | -   |        | add_ln68_65       | add | fabric | 0       |
|    add_ln68_66_fu_4900_p2       | -   |        | add_ln68_66       | add | fabric | 0       |
|    add_ln68_67_fu_4950_p2       | -   |        | add_ln68_67       | add | fabric | 0       |
|    add_ln68_68_fu_5030_p2       | -   |        | add_ln68_68       | add | fabric | 0       |
|    add_ln68_69_fu_5080_p2       | -   |        | add_ln68_69       | add | fabric | 0       |
|    add_ln68_70_fu_5160_p2       | -   |        | add_ln68_70       | add | fabric | 0       |
|    add_ln68_71_fu_5210_p2       | -   |        | add_ln68_71       | add | fabric | 0       |
|    add_ln68_72_fu_5290_p2       | -   |        | add_ln68_72       | add | fabric | 0       |
|    add_ln68_73_fu_5340_p2       | -   |        | add_ln68_73       | add | fabric | 0       |
|    add_ln68_74_fu_5420_p2       | -   |        | add_ln68_74       | add | fabric | 0       |
|    add_ln68_75_fu_5450_p2       | -   |        | add_ln68_75       | add | fabric | 0       |
|    add_ln68_76_fu_5490_p2       | -   |        | add_ln68_76       | add | fabric | 0       |
|    add_ln68_77_fu_5520_p2       | -   |        | add_ln68_77       | add | fabric | 0       |
|    add_ln68_78_fu_5560_p2       | -   |        | add_ln68_78       | add | fabric | 0       |
|    add_ln68_79_fu_5590_p2       | -   |        | add_ln68_79       | add | fabric | 0       |
|    add_ln68_80_fu_5630_p2       | -   |        | add_ln68_80       | add | fabric | 0       |
|    add_ln68_81_fu_5660_p2       | -   |        | add_ln68_81       | add | fabric | 0       |
|    add_ln68_82_fu_5705_p2       | -   |        | add_ln68_82       | add | fabric | 0       |
|    add_ln68_83_fu_5735_p2       | -   |        | add_ln68_83       | add | fabric | 0       |
|    add_ln68_84_fu_5775_p2       | -   |        | add_ln68_84       | add | fabric | 0       |
|    add_ln68_85_fu_5805_p2       | -   |        | add_ln68_85       | add | fabric | 0       |
|    add_ln68_86_fu_5845_p2       | -   |        | add_ln68_86       | add | fabric | 0       |
|    add_ln68_87_fu_5875_p2       | -   |        | add_ln68_87       | add | fabric | 0       |
|    add_ln68_88_fu_5915_p2       | -   |        | add_ln68_88       | add | fabric | 0       |
|    add_ln68_89_fu_5945_p2       | -   |        | add_ln68_89       | add | fabric | 0       |
|    add_ln68_90_fu_5985_p2       | -   |        | add_ln68_90       | add | fabric | 0       |
|    add_ln68_91_fu_6015_p2       | -   |        | add_ln68_91       | add | fabric | 0       |
|    add_ln68_92_fu_6055_p2       | -   |        | add_ln68_92       | add | fabric | 0       |
|    add_ln68_93_fu_6085_p2       | -   |        | add_ln68_93       | add | fabric | 0       |
|    add_ln68_94_fu_6125_p2       | -   |        | add_ln68_94       | add | fabric | 0       |
|    add_ln68_95_fu_6155_p2       | -   |        | add_ln68_95       | add | fabric | 0       |
|    add_ln68_96_fu_6195_p2       | -   |        | add_ln68_96       | add | fabric | 0       |
|    add_ln68_97_fu_6225_p2       | -   |        | add_ln68_97       | add | fabric | 0       |
|    add_ln68_98_fu_6265_p2       | -   |        | add_ln68_98       | add | fabric | 0       |
|    add_ln68_99_fu_6295_p2       | -   |        | add_ln68_99       | add | fabric | 0       |
|    add_ln68_100_fu_6335_p2      | -   |        | add_ln68_100      | add | fabric | 0       |
|    add_ln68_101_fu_6365_p2      | -   |        | add_ln68_101      | add | fabric | 0       |
|    add_ln68_102_fu_6405_p2      | -   |        | add_ln68_102      | add | fabric | 0       |
|    add_ln68_103_fu_6440_p2      | -   |        | add_ln68_103      | add | fabric | 0       |
|    add_ln68_104_fu_6480_p2      | -   |        | add_ln68_104      | add | fabric | 0       |
|    add_ln68_105_fu_6510_p2      | -   |        | add_ln68_105      | add | fabric | 0       |
|    add_ln68_106_fu_6550_p2      | -   |        | add_ln68_106      | add | fabric | 0       |
|    add_ln68_107_fu_6580_p2      | -   |        | add_ln68_107      | add | fabric | 0       |
|    add_ln68_108_fu_6620_p2      | -   |        | add_ln68_108      | add | fabric | 0       |
|    add_ln68_109_fu_6650_p2      | -   |        | add_ln68_109      | add | fabric | 0       |
+---------------------------------+-----+--------+-------------------+-----+--------+---------+


================================================================
== Bind Storage Report
================================================================
  No bind storage info in design

================================================================
== Pragma Report
================================================================
  No pragmas found

