==============================================================
Vitis HLS - High-Level Synthesis from C, C++ and OpenCL v2022.2.2 (64-bit)
Tool Version Limit: 2019.12
Copyright 1986-2023 Xilinx, Inc. All Rights Reserved.
==============================================================
==============================================================
Vitis HLS - High-Level Synthesis from C, C++ and OpenCL v2022.2.2 (64-bit)
Tool Version Limit: 2019.12
Copyright 1986-2023 Xilinx, Inc. All Rights Reserved.
==============================================================
INFO: [SYN 201-201] Setting up clock 'default' with a period of 5ns.
INFO: [HLS 200-1505] Using flow_target 'vivado'
INFO: [HLS 200-1464] Running solution command: config_interface -m_axi_latency=0
INFO: [HLS 200-1510] Running: create_clock -period 5 -name default 
INFO: [HLS 200-1510] Running: set_part xcu55c-fsvh2892-2L-e 
INFO: [HLS 200-1611] Setting target device to 'xcu55c-fsvh2892-2L-e'
INFO: [HLS 200-1510] Running: csynth_design 
WARNING: [HLS 200-40] Cannot find source file ../SYN_dataset/adi/generate/adi.cpp; skipping it.
INFO: [HLS 200-111] Finished File checks and directory preparation: CPU user time: 0.01 seconds. CPU system time: 0.01 seconds. Elapsed time: 10.06 seconds; current allocated memory: 1.196 GB.
INFO: [HLS 200-10] Analyzing design file 'adi.cpp' ... 
WARNING: [HLS 207-5292] unused parameter 'tsteps' (adi.cpp:2:52)
WARNING: [HLS 207-5292] unused parameter 'n' (adi.cpp:2:63)
INFO: [HLS 200-111] Finished Source Code Analysis and Preprocessing: CPU user time: 0.2 seconds. CPU system time: 0.41 seconds. Elapsed time: 0.65 seconds; current allocated memory: 1.198 GB.
INFO: [HLS 200-777] Using interface defaults for 'Vivado' flow target.
INFO: [HLS 200-111] Finished Compiling Optimization and Transform: CPU user time: 2.07 seconds. CPU system time: 0.41 seconds. Elapsed time: 2.56 seconds; current allocated memory: 1.199 GB.
INFO: [HLS 200-111] Finished Checking Pragmas: CPU user time: 0 seconds. CPU system time: 0 seconds. Elapsed time: 0.01 seconds; current allocated memory: 1.199 GB.
INFO: [HLS 200-10] Starting code transformations ...
INFO: [HLS 200-111] Finished Standard Transforms: CPU user time: 0.02 seconds. CPU system time: 0 seconds. Elapsed time: 0.02 seconds; current allocated memory: 1.200 GB.
INFO: [HLS 200-10] Checking synthesizability ...
INFO: [HLS 200-111] Finished Checking Synthesizability: CPU user time: 0.01 seconds. CPU system time: 0.01 seconds. Elapsed time: 0.02 seconds; current allocated memory: 1.200 GB.
INFO: [XFORM 203-510] Pipelining loop 'VITIS_LOOP_41_2' (adi.cpp:5) in function 'adi' automatically.
INFO: [XFORM 203-510] Pipelining loop 'VITIS_LOOP_59_5' (adi.cpp:5) in function 'adi' automatically.
INFO: [XFORM 203-502] Unrolling all sub-loops inside loop 'VITIS_LOOP_41_2' (adi.cpp:5) in function 'adi' for pipelining.
INFO: [XFORM 203-502] Unrolling all sub-loops inside loop 'VITIS_LOOP_59_5' (adi.cpp:5) in function 'adi' for pipelining.
INFO: [HLS 200-489] Unrolling loop 'VITIS_LOOP_46_3' (adi.cpp:6) in function 'adi' completely with a factor of 58.
INFO: [HLS 200-489] Unrolling loop 'VITIS_LOOP_52_4' (adi.cpp:6) in function 'adi' completely with a factor of 58.
INFO: [HLS 200-489] Unrolling loop 'VITIS_LOOP_64_6' (adi.cpp:6) in function 'adi' completely with a factor of 58.
INFO: [HLS 200-489] Unrolling loop 'VITIS_LOOP_70_7' (adi.cpp:6) in function 'adi' completely with a factor of 58.
INFO: [HLS 200-111] Finished Loop, function and other optimizations: CPU user time: 0.52 seconds. CPU system time: 0 seconds. Elapsed time: 0.54 seconds; current allocated memory: 1.227 GB.
WARNING: [HLS 200-960] Cannot flatten loop 'VITIS_LOOP_36_1' (adi.cpp:4:7) in function 'adi' more than one sub loop.
INFO: [HLS 200-111] Finished Architecture Synthesis: CPU user time: 1.76 seconds. CPU system time: 0.02 seconds. Elapsed time: 1.79 seconds; current allocated memory: 1.271 GB.
INFO: [HLS 200-10] Starting hardware synthesis ...
INFO: [HLS 200-10] Synthesizing 'adi' ...
INFO: [HLS 200-10] ----------------------------------------------------------------
INFO: [HLS 200-42] -- Implementing module 'adi_Pipeline_VITIS_LOOP_41_2' 
INFO: [HLS 200-10] ----------------------------------------------------------------
INFO: [SCHED 204-11] Starting scheduling ...
INFO: [SCHED 204-61] Pipelining loop 'VITIS_LOOP_41_2'.
WARNING: [HLS 200-885] The II Violation in module 'adi_Pipeline_VITIS_LOOP_41_2' (loop 'VITIS_LOOP_41_2'): Unable to schedule 'load' operation ('u_load_1', adi.cpp:48) on array 'u' due to limited memory ports (II = 1). Please consider using a memory core with more ports or partitioning the array 'u'.
WARNING: [HLS 200-885] The II Violation in module 'adi_Pipeline_VITIS_LOOP_41_2' (loop 'VITIS_LOOP_41_2'): Unable to schedule 'load' operation ('u_load_3', adi.cpp:48) on array 'u' due to limited memory ports (II = 2). Please consider using a memory core with more ports or partitioning the array 'u'.
WARNING: [HLS 200-885] The II Violation in module 'adi_Pipeline_VITIS_LOOP_41_2' (loop 'VITIS_LOOP_41_2'): Unable to schedule 'load' operation ('u_load_58', adi.cpp:48) on array 'u' due to limited memory ports (II = 3). Please consider using a memory core with more ports or partitioning the array 'u'.
WARNING: [HLS 200-885] The II Violation in module 'adi_Pipeline_VITIS_LOOP_41_2' (loop 'VITIS_LOOP_41_2'): Unable to schedule 'load' operation ('u_load_59', adi.cpp:48) on array 'u' due to limited memory ports (II = 4). Please consider using a memory core with more ports or partitioning the array 'u'.
WARNING: [HLS 200-885] The II Violation in module 'adi_Pipeline_VITIS_LOOP_41_2' (loop 'VITIS_LOOP_41_2'): Unable to schedule 'load' operation ('u_load_146', adi.cpp:48) on array 'u' due to limited memory ports (II = 67). Please consider using a memory core with more ports or partitioning the array 'u'.
WARNING: [HLS 200-885] The II Violation in module 'adi_Pipeline_VITIS_LOOP_41_2' (loop 'VITIS_LOOP_41_2'): Unable to schedule 'load' operation ('u_load_166', adi.cpp:48) on array 'u' due to limited memory ports (II = 82). Please consider using a memory core with more ports or partitioning the array 'u'.
WARNING: [HLS 200-885] The II Violation in module 'adi_Pipeline_VITIS_LOOP_41_2' (loop 'VITIS_LOOP_41_2'): Unable to schedule 'load' operation ('u_load_57', adi.cpp:48) on array 'u' due to limited memory ports (II = 86). Please consider using a memory core with more ports or partitioning the array 'u'.
INFO: [HLS 200-1470] Pipelining result : Target II = NA, Final II = 87, Depth = 2461, loop 'VITIS_LOOP_41_2'
INFO: [SCHED 204-11] Finished scheduling.
INFO: [HLS 200-111] Finished Scheduling: CPU user time: 11.8 seconds. CPU system time: 0.05 seconds. Elapsed time: 11.9 seconds; current allocated memory: 1.286 GB.
INFO: [BIND 205-100] Starting micro-architecture generation ...
INFO: [BIND 205-101] Performing variable lifetime analysis.
INFO: [BIND 205-101] Exploring resource sharing.
INFO: [BIND 205-101] Binding ...
INFO: [BIND 205-100] Finished micro-architecture generation.
INFO: [HLS 200-111] Finished Binding: CPU user time: 18.24 seconds. CPU system time: 0.03 seconds. Elapsed time: 18.31 seconds; current allocated memory: 1.314 GB.
INFO: [HLS 200-10] ----------------------------------------------------------------
INFO: [HLS 200-42] -- Implementing module 'adi_Pipeline_VITIS_LOOP_59_5' 
INFO: [HLS 200-10] ----------------------------------------------------------------
INFO: [SCHED 204-11] Starting scheduling ...
INFO: [SCHED 204-61] Pipelining loop 'VITIS_LOOP_59_5'.
WARNING: [HLS 200-885] The II Violation in module 'adi_Pipeline_VITIS_LOOP_59_5' (loop 'VITIS_LOOP_59_5'): Unable to schedule 'load' operation ('v_load_1', adi.cpp:66) on array 'v' due to limited memory ports (II = 1). Please consider using a memory core with more ports or partitioning the array 'v'.
WARNING: [HLS 200-885] The II Violation in module 'adi_Pipeline_VITIS_LOOP_59_5' (loop 'VITIS_LOOP_59_5'): Unable to schedule 'load' operation ('v_load_58', adi.cpp:66) on array 'v' due to limited memory ports (II = 2). Please consider using a memory core with more ports or partitioning the array 'v'.
WARNING: [HLS 200-885] The II Violation in module 'adi_Pipeline_VITIS_LOOP_59_5' (loop 'VITIS_LOOP_59_5'): Unable to schedule 'load' operation ('v_load_60', adi.cpp:66) on array 'v' due to limited memory ports (II = 3). Please consider using a memory core with more ports or partitioning the array 'v'.
WARNING: [HLS 200-885] The II Violation in module 'adi_Pipeline_VITIS_LOOP_59_5' (loop 'VITIS_LOOP_59_5'): Unable to schedule 'load' operation ('v_load_62', adi.cpp:66) on array 'v' due to limited memory ports (II = 4). Please consider using a memory core with more ports or partitioning the array 'v'.
