Sat May 17 12:36:03 2025: Running xcd server. This server was built by gradle.
Sat May 17 12:36:03 2025: Server was asked to start on port: '37775'
Sat May 17 12:36:03 2025: Server is using token UUID: '68d0c169-0e77-41c1-85f9-191b8e3e2529'
Sat May 17 12:36:03 2025: SESSION_MGR: creating session with session uuid: '6d04a3e9-ade5-4ab9-8d63-1f78fcd2ec76' and name 'default'
Sat May 17 12:36:03 2025: Attempting to start server on port '37775'
Sat May 17 12:36:03 2025: XCD main fifo: created main fifo '/tmp/xcdmain68d0c169-0e77-41c1-85f9-191b8e3e2529', fd read = 13
Sat May 17 12:36:03 2025: Running Dispatch Server
Sat May 17 12:36:03 2025: Version 2.2.0
Sat May 17 12:36:12 2025: Dispatch Server: Accepted socket connection from client
Sat May 17 12:36:12 2025: Starting Socket connection
Sat May 17 12:36:12 2025: EXCHANGE_TOKEN received, server token: 68d0c169-0e77-41c1-85f9-191b8e3e2529, passed token: 68d0c169-0e77-41c1-85f9-191b8e3e2529
Sat May 17 12:36:12 2025: SESSION_MGR: creating session with session uuid: '9e10499a-daa6-44a8-abc7-d0c4e3e88023' and name 'vitis_hls'
Sat May 17 12:36:12 2025: KERNEL_SVC: creating session with uuid: '9e10499a-daa6-44a8-abc7-d0c4e3e88023' and name 'vitis_hls'
Sat May 17 12:36:12 2025: GUIDANCE_SMGR: creating guidance session with uuid: '9e10499a-daa6-44a8-abc7-d0c4e3e88023' and name 'vitis_hls'
Sat May 17 12:36:18 2025: STOP_SERVER received, server token: 68d0c169-0e77-41c1-85f9-191b8e3e2529, passed token: 68d0c169-0e77-41c1-85f9-191b8e3e2529
Sat May 17 12:36:18 2025: Socket received request to stop server.
Sat May 17 12:36:18 2025: Dispatch Server: do_await_stop
Sat May 17 12:36:18 2025: Dispatch Server: stopping mainFifo_
Sat May 17 12:36:18 2025: XCD main fifo: Stopping
Sat May 17 12:36:18 2025: XCD main fifo: do_read error code: Operation canceled
Sat May 17 12:36:18 2025: XCD main fifo: bytes_transferred: 0
Sat May 17 12:36:18 2025: SERVER: destructor for server bound to port 37775
Sat May 17 12:36:18 2025: XCD main fifo: Good unlink of /tmp/xcdmain68d0c169-0e77-41c1-85f9-191b8e3e2529
Sat May 17 12:36:18 2025: Server exiting with status 0.
Sat May 17 12:36:18 2025: Closing log file.
