Fri Apr  4 01:44:46 2025: Running xcd server. This server was built by gradle.
Fri Apr  4 01:44:46 2025: Server was asked to start on port: '42819'
Fri Apr  4 01:44:46 2025: Server is using token UUID: '739af343-da43-49ce-9876-a840fbab6fc4'
Fri Apr  4 01:44:46 2025: SESSION_MGR: creating session with session uuid: '6d04a3e9-ade5-4ab9-8d63-1f78fcd2ec76' and name 'default'
Fri Apr  4 01:44:46 2025: Attempting to start server on port '42819'
Fri Apr  4 01:44:46 2025: XCD main fifo: created main fifo '/tmp/xcdmain739af343-da43-49ce-9876-a840fbab6fc4', fd read = 13
Fri Apr  4 01:44:46 2025: Running Dispatch Server
Fri Apr  4 01:44:46 2025: Version 2.2.0
Fri Apr  4 01:44:56 2025: Dispatch Server: Accepted socket connection from client
Fri Apr  4 01:44:56 2025: Starting Socket connection
Fri Apr  4 01:44:56 2025: EXCHANGE_TOKEN received, server token: 739af343-da43-49ce-9876-a840fbab6fc4, passed token: 739af343-da43-49ce-9876-a840fbab6fc4
Fri Apr  4 01:44:56 2025: SESSION_MGR: creating session with session uuid: 'c1efdcf3-f706-466e-99aa-d2db7928c63d' and name 'vitis_hls'
Fri Apr  4 01:44:56 2025: KERNEL_SVC: creating session with uuid: 'c1efdcf3-f706-466e-99aa-d2db7928c63d' and name 'vitis_hls'
Fri Apr  4 01:44:56 2025: GUIDANCE_SMGR: creating guidance session with uuid: 'c1efdcf3-f706-466e-99aa-d2db7928c63d' and name 'vitis_hls'
Fri Apr  4 01:45:20 2025: STOP_SERVER received, server token: 739af343-da43-49ce-9876-a840fbab6fc4, passed token: 739af343-da43-49ce-9876-a840fbab6fc4
Fri Apr  4 01:45:20 2025: Socket received request to stop server.
Fri Apr  4 01:45:20 2025: Dispatch Server: do_await_stop
Fri Apr  4 01:45:20 2025: Dispatch Server: stopping mainFifo_
Fri Apr  4 01:45:20 2025: XCD main fifo: Stopping
Fri Apr  4 01:45:20 2025: XCD main fifo: do_read error code: Operation canceled
Fri Apr  4 01:45:20 2025: XCD main fifo: bytes_transferred: 0
Fri Apr  4 01:45:20 2025: SERVER: destructor for server bound to port 42819
Fri Apr  4 01:45:20 2025: XCD main fifo: Good unlink of /tmp/xcdmain739af343-da43-49ce-9876-a840fbab6fc4
Fri Apr  4 01:45:20 2025: Server exiting with status 0.
Fri Apr  4 01:45:20 2025: Closing log file.
