INFO-FLOW: Workspace /data/zqy/C2HLS/program_source/Unsupported_C/bfs/bfs/solution1 opened at Fri Jul 25 08:40:33 UTC 2025
Execute       send_msg_by_id INFO @200-1505@%s%s default  vivado 
INFO: [HLS 200-1505] Using default flow_target 'vivado'
Execute       send_msg_by_id INFO @200-435@%s%s 'open_solution -flow_target vivado' config_interface -m_axi_latency=0 
INFO: [HLS 200-435] Setting 'open_solution -flow_target vivado' configuration: config_interface -m_axi_latency=0
Execute       config_interface -m_axi_latency=0 
Command     open_solution done; 0.22 sec.
Execute     create_clock -period 5 -name default 
INFO: [HLS 200-1510] Running: create_clock -period 5 -name default 
Execute       ap_set_clock -name default -period 5 -default=false 
INFO: [SYN 201-201] Setting up clock 'default' with a period of 5ns.
Execute     set_part xcu55c-fsvh2892-2L-e 
INFO: [HLS 200-1510] Running: set_part xcu55c-fsvh2892-2L-e 
Execute       create_platform xcu55c-fsvh2892-2L-e -board  
DBG:HLSDevice: Trying to load device library: /tools/Xilinx/new/Vitis_HLS/2022.2/lib/lnx64.o/libxv_hlsvwrap.so
DBG:HLSDevice: first parts/arch.xml in RDI_DATADIR: /tools/Xilinx/new/Vivado/2022.2/data/parts/arch.xml
DBG:HLSDevice: init success
INFO: [HLS 200-1611] Setting target device to 'xcu55c-fsvh2892-2L-e'
Command       create_platform done; 2.47 sec.
Execute       source /tools/Xilinx/new/Vitis_HLS/2022.2/common/technology/xilinx/common/xilinx.gen 
Execute         source /tools/Xilinx/new/Vitis_HLS/2022.2/common/technology/xilinx/interface/plb46.gen 
Execute         source /tools/Xilinx/new/Vitis_HLS/2022.2/common/technology/xilinx/interface/axi4.gen 
Execute         source /tools/Xilinx/new/Vitis_HLS/2022.2/common/technology/xilinx/interface/nativeAXI4.gen 
Execute           source /tools/Xilinx/new/Vitis_HLS/2022.2/common/technology/xilinx/interface/saxilite.gen 
Execute         source /tools/Xilinx/new/Vitis_HLS/2022.2/common/technology/xilinx/scripts/xilinxcoregen.gen 
Execute         source /tools/Xilinx/new/Vitis_HLS/2022.2/common/technology/xilinx/interface/XilEDKCoreGen.gen 
Execute         source /tools/Xilinx/new/Vitis_HLS/2022.2/common/technology/xilinx/ip/dds_compiler.gen 
Execute         source /tools/Xilinx/new/Vitis_HLS/2022.2/common/technology/xilinx/ip/xfft.gen 
Execute         source /tools/Xilinx/new/Vitis_HLS/2022.2/common/technology/xilinx/ip/util.gen 
Execute         source /tools/Xilinx/new/Vitis_HLS/2022.2/common/technology/xilinx/ip/xfir.gen 
Execute         source /tools/Xilinx/new/Vitis_HLS/2022.2/common/technology/xilinx/DSP48/dsp48.gen 
Execute       ap_part_info -name xcu55c-fsvh2892-2L-e -data info 
Execute       config_compile -quiet -complex-mul-dsp=0 
Command     set_part done; 2.69 sec.
Execute     csynth_design 
INFO: [HLS 200-1510] Running: csynth_design 
Execute       elaborate -effort=medium -skip_syncheck=0 -keep_printf=0 -skip_cdt=0 -skip_transform=0 -ng=0 -g=0 -opt_fp=0 -from_csynth_design=1 
INFO: [HLS 200-111] Finished File checks and directory preparation: CPU user time: 0.01 seconds. CPU system time: 0.01 seconds. Elapsed time: 10.09 seconds; current allocated memory: 1.196 GB.
INFO: [HLS 200-10] Analyzing design file '/data/zqy/C2HLS/program_source/Unsupported_C/bfs/bfs_slow.cpp' ... 
INFO-FLOW: Compiling one TU...
INFO-FLOW: Handling /data/zqy/C2HLS/program_source/Unsupported_C/bfs/bfs_slow.cpp as C++
Execute         ap_part_info -name xcu55c-fsvh2892-2L-e -data info 
INFO-FLOW: Running: GCC PP 39
INFO-FLOW: Source preprocessing
Execute         ap_eval exec -ignorestderr /tools/Xilinx/new/Vitis_HLS/2022.2/lnx64/tools/clang-3.9-csynth/bin/clang /data/zqy/C2HLS/program_source/Unsupported_C/bfs/bfs_slow.cpp -foptimization-record-file=/data/zqy/C2HLS/program_source/Unsupported_C/bfs/bfs/solution1/.autopilot/db/bfs_slow.cpp.clang.diag.yml -mllvm -pass-remarks-missed=reflow|pasta|unroll -mllvm -pass-remarks=reflow|pasta|unroll|inline -fno-limit-debug-info -gcc-toolchain /tools/Xilinx/new/Vitis_HLS/2022.2/tps/lnx64/gcc-8.3.0 -fhls -fno-exceptions -E -fno-math-errno -c -emit-llvm -mllvm -disable-llvm-optzns -Werror=implicit-function-declaration -Werror=implicit-hls-streams -Werror=return-type -Wpragmas -Wunused-parameter -Wdump-hls-pragmas -Wno-error=dump-hls-pragmas -fno-threadsafe-statics -fno-use-cxa-atexit -std=gnu++14 -target fpga64-xilinx-linux-gnu -fno-threadsafe-statics -fno-use-cxa-atexit -D__VITIS_HLS__ -DAESL_SYN -D__SYNTHESIS__ -D__HLS_SYN__ -I /tools/Xilinx/new/Vitis_HLS/2022.2/common/technology/autopilot -I /tools/Xilinx/new/Vitis_HLS/2022.2/common/technology/autopilot/ap_sysc -include etc/autopilot_ssdm_op.h -D__DSP48E2__ -I /usr/include/x86_64-linux-gnu -o /data/zqy/C2HLS/program_source/Unsupported_C/bfs/bfs/solution1/.autopilot/db/bfs_slow.pp.0.cpp -hls-platform-db-name=/tools/Xilinx/new/Vitis_HLS/2022.2/common/technology/xilinx/common/platform.db -hls-platform-name=virtexuplus_medium -device-resource-info=BRAM_4032.000000_DSP_9024.000000_FF_2607360.000000_LUT_1303680.000000_SLICE_162960.000000_SLR_3.000000_URAM_960.000000 -device-name-info=xcu55c-fsvh2892-2L-e > /data/zqy/C2HLS/program_source/Unsupported_C/bfs/bfs/solution1/.autopilot/db/bfs_slow.cpp.clang.out.log 2> /data/zqy/C2HLS/program_source/Unsupported_C/bfs/bfs/solution1/.autopilot/db/bfs_slow.cpp.clang.err.log 
Command         ap_eval done; 0.16 sec.
INFO-FLOW: Done: GCC PP 39 time: 0.2 seconds per iteration
Execute         set_directive_top bfs -name=bfs 
Execute         source /tools/Xilinx/new/Vitis_HLS/2022.2/tps/tcl/tcllib1.11.1/yaml/huddle.tcl 
Execute         source /tools/Xilinx/new/Vitis_HLS/2022.2/tps/tcl/tcllib1.11.1/yaml/json2huddle.tcl 
INFO-FLOW: Source syntax check for synthesis
Execute         ap_eval exec -ignorestderr /tools/Xilinx/new/Vitis_HLS/2022.2/lnx64/tools/clang-3.9-csynth/bin/clang -foptimization-record-file=/data/zqy/C2HLS/program_source/Unsupported_C/bfs/bfs/solution1/.autopilot/db/clang.diag.yml -mllvm -pass-remarks-missed=reflow|pasta|unroll -mllvm -pass-remarks=reflow|pasta|unroll|inline -fsyntax-only -fhls -target fpga64-xilinx-linux-gnu /data/zqy/C2HLS/program_source/Unsupported_C/bfs/bfs/solution1/.autopilot/db/bfs_slow.pp.0.cpp -hls-platform-db-name=/tools/Xilinx/new/Vitis_HLS/2022.2/common/technology/xilinx/common/platform.db -hls-platform-name=virtexuplus_medium -device-resource-info=BRAM_4032.000000_DSP_9024.000000_FF_2607360.000000_LUT_1303680.000000_SLICE_162960.000000_SLR_3.000000_URAM_960.000000 -device-name-info=xcu55c-fsvh2892-2L-e > /data/zqy/C2HLS/program_source/Unsupported_C/bfs/bfs/solution1/.autopilot/db/clang.out.log 2> /data/zqy/C2HLS/program_source/Unsupported_C/bfs/bfs/solution1/.autopilot/db/clang.err.log 
Command         ap_eval done; 0.16 sec.
Execute         clang_tidy xilinx-systemc-detector -desc systemc-detector /data/zqy/C2HLS/program_source/Unsupported_C/bfs/bfs/solution1/.autopilot/db/bfs_slow.pp.0.cpp std=gnu++14 -target fpga  -directive=/data/zqy/C2HLS/program_source/Unsupported_C/bfs/bfs/solution1/.autopilot/db/.systemc_flag 
INFO-FLOW: exec /tools/Xilinx/new/Vitis_HLS/2022.2/lnx64/tools/clang-3.9-csynth/bin/clang-tidy -header-filter=.* --checks=-*,xilinx-systemc-detector -import-directive=/data/zqy/C2HLS/program_source/Unsupported_C/bfs/bfs/solution1/.autopilot/db/.systemc_flag -fix-errors /data/zqy/C2HLS/program_source/Unsupported_C/bfs/bfs/solution1/.autopilot/db/bfs_slow.pp.0.cpp -- -std=gnu++14 -target fpga -fhls -ferror-limit=0
INFO-FLOW: Running: clang-tidy CDT preprocess 39
Execute         clang_tidy xilinx-directive2pragma -desc directive2pragma /data/zqy/C2HLS/program_source/Unsupported_C/bfs/bfs/solution1/.autopilot/db/bfs_slow.pp.0.cpp std=gnu++14 -target fpga  -directive=/data/zqy/C2HLS/program_source/Unsupported_C/bfs/bfs/solution1/.autopilot/db/all.directive.json 
INFO-FLOW: exec /tools/Xilinx/new/Vitis_HLS/2022.2/lnx64/tools/clang-3.9-csynth/bin/clang-tidy -header-filter=.* --checks=-*,xilinx-directive2pragma -import-directive=/data/zqy/C2HLS/program_source/Unsupported_C/bfs/bfs/solution1/.autopilot/db/all.directive.json -fix-errors /data/zqy/C2HLS/program_source/Unsupported_C/bfs/bfs/solution1/.autopilot/db/bfs_slow.pp.0.cpp -- -std=gnu++14 -target fpga -fhls -ferror-limit=0
Execute         clang_tidy xilinx-remove-assert -desc remove-assert /data/zqy/C2HLS/program_source/Unsupported_C/bfs/bfs/solution1/.autopilot/db/bfs_slow.pp.0.cpp std=gnu++14 -target fpga  
INFO-FLOW: exec /tools/Xilinx/new/Vitis_HLS/2022.2/lnx64/tools/clang-3.9-csynth/bin/clang-tidy -header-filter=.* --checks=-*,xilinx-remove-assert -fix-errors /data/zqy/C2HLS/program_source/Unsupported_C/bfs/bfs/solution1/.autopilot/db/bfs_slow.pp.0.cpp -- -std=gnu++14 -target fpga -fhls -ferror-limit=0
INFO-FLOW: Done: clang-tidy CDT preprocess 39 time: 0.1 seconds per iteration
INFO-FLOW: Calling xilinx-label-all-loops ... 
INFO-FLOW: Calling xilinx-aggregate-on-hls-vector ... 
Execute         clang_tidy -errorcheck -desc loop-label xilinx-label-all-loops,xilinx-aggregate-on-hls-vector,,xilinx-warn-mayneed-no-ctor-attribute /data/zqy/C2HLS/program_source/Unsupported_C/bfs/bfs/solution1/.autopilot/db/bfs_slow.pp.0.cpp std=gnu++14 -target fpga  
Execute           ap_eval exec -ignorestderr /tools/Xilinx/new/Vitis_HLS/2022.2/lnx64/tools/clang-3.9-csynth/bin/clang-tidy -export-fixes=/data/zqy/C2HLS/program_source/Unsupported_C/bfs/bfs/solution1/.autopilot/db/bfs_slow.pp.0.cpp.clang-tidy.loop-label.diag.yml -header-filter=.* --checks=-*,xilinx-label-all-loops,xilinx-aggregate-on-hls-vector,,xilinx-warn-mayneed-no-ctor-attribute -fix-errors /data/zqy/C2HLS/program_source/Unsupported_C/bfs/bfs/solution1/.autopilot/db/bfs_slow.pp.0.cpp -- -std=gnu++14 -target fpga -fhls -ferror-limit=0 > /data/zqy/C2HLS/program_source/Unsupported_C/bfs/bfs/solution1/.autopilot/db/bfs_slow.pp.0.cpp.clang-tidy.loop-label.out.log 2> /data/zqy/C2HLS/program_source/Unsupported_C/bfs/bfs/solution1/.autopilot/db/bfs_slow.pp.0.cpp.clang-tidy.loop-label.err.log 
Command           ap_eval done; 0.11 sec.
Execute           source /tools/Xilinx/new/Vitis_HLS/2022.2/tps/tcl/tcllib1.11.1/yaml/yaml.tcl 
Command         clang_tidy done; 0.13 sec.
Execute         ap_eval exec -ignorestderr /tools/Xilinx/new/Vitis_HLS/2022.2/lnx64/tools/clang-3.9-csynth/bin/xilinx-dataflow-lawyer -export-fixes=/data/zqy/C2HLS/program_source/Unsupported_C/bfs/bfs/solution1/.autopilot/db/bfs_slow.pp.0.cpp.xilinx-dataflow-lawyer.diag.yml /data/zqy/C2HLS/program_source/Unsupported_C/bfs/bfs/solution1/.autopilot/db/bfs_slow.pp.0.cpp -- -std=gnu++14 -target fpga -fhls -ferror-limit=0 -fstrict-dataflow > /data/zqy/C2HLS/program_source/Unsupported_C/bfs/bfs/solution1/.autopilot/db/bfs_slow.pp.0.cpp.xilinx-dataflow-lawyer.out.log 2> /data/zqy/C2HLS/program_source/Unsupported_C/bfs/bfs/solution1/.autopilot/db/bfs_slow.pp.0.cpp.xilinx-dataflow-lawyer.err.log 
Execute         ap_part_info -name xcu55c-fsvh2892-2L-e -data info 
INFO-FLOW: compiling source code to llvm bc
Execute         ap_eval exec -ignorestderr /tools/Xilinx/new/Vitis_HLS/2022.2/lnx64/tools/clang-3.9-csynth/bin/clang -foptimization-record-file=/data/zqy/C2HLS/program_source/Unsupported_C/bfs/bfs/solution1/.autopilot/db/bfs_slow.pp.0.cpp.clang.diag.yml -mllvm -pass-remarks-missed=reflow|pasta|unroll -mllvm -pass-remarks=reflow|pasta|unroll|inline -fno-limit-debug-info -fhls -flto -fno-exceptions -Wno-error=c++11-narrowing /data/zqy/C2HLS/program_source/Unsupported_C/bfs/bfs/solution1/.autopilot/db/bfs_slow.pp.0.cpp -fno-math-errno -c -emit-llvm -mllvm -disable-llvm-optzns -Werror=implicit-function-declaration -Werror=implicit-hls-streams -Werror=return-type -Wpragmas -Wunused-parameter -Wdump-hls-pragmas -Wno-error=dump-hls-pragmas -fno-threadsafe-statics -fno-use-cxa-atexit -std=gnu++14 -target fpga64-xilinx-linux-gnu -D__VITIS_HLS__ -DAESL_SYN -D__SYNTHESIS__ -D__HLS_SYN__ -I /tools/Xilinx/new/Vitis_HLS/2022.2/common/technology/autopilot -I /tools/Xilinx/new/Vitis_HLS/2022.2/common/technology/autopilot/ap_sysc -include etc/autopilot_ssdm_op.h -D__DSP48E2__ -g -o /data/zqy/C2HLS/program_source/Unsupported_C/bfs/bfs/solution1/.autopilot/db/bfs_slow.bc -hls-platform-db-name=/tools/Xilinx/new/Vitis_HLS/2022.2/common/technology/xilinx/common/platform.db -hls-platform-name=virtexuplus_medium -device-resource-info=BRAM_4032.000000_DSP_9024.000000_FF_2607360.000000_LUT_1303680.000000_SLICE_162960.000000_SLR_3.000000_URAM_960.000000 -device-name-info=xcu55c-fsvh2892-2L-e > /data/zqy/C2HLS/program_source/Unsupported_C/bfs/bfs/solution1/.autopilot/db/bfs_slow.pp.0.cpp.clang.out.log 2> /data/zqy/C2HLS/program_source/Unsupported_C/bfs/bfs/solution1/.autopilot/db/bfs_slow.pp.0.cpp.clang.err.log 
Command         ap_eval done; error code: 1; 0.16 sec.
ERROR: [HLS 207-509] error reading '/data/zqy/C2HLS/program_source/Unsupported_C/bfs/bfs/solution1/.autopilot/db/bfs_slow.pp.0.cpp'
INFO-FLOW: Caught error in elaborate: Compilation of the preprocessed source 'bfs_slow' failed
    while executing
"ap_compile_one_ll_39 $base $cppf ${CFLAGS} $objdir $is_xip"
    (procedure "AP::ap_compile_one_tu_39" line 60)
    invoked from within
"AP::ap_compile_one_tu_39 $srcfile $skip_transform $dbgInfo $skip_cdt "$cflags""
    ("foreach" body line 10)
    invoked from within
"foreach fentry $dut_files {
        #puts "file: $fentry"
        set fatt [lindex $fentry 1]
        array set opt $fatt
        set srcfile $opt(nam..."
    (procedure "AP::compile_dut_files_39" line 4)
    invoked from within
"AP::compile_dut_files_39 $dut_files $dbgInfo $skip_cdt $skip_transform"
    (procedure "AP::compile" line 103)
    invoked from within
"AP::compile 1 $skip_cdt $skip_transform"
    (procedure "ap_internal_elaborate" line 83)
    invoked from within
"ap_internal_elaborate "
Command       elaborate done; error code: 2; 1.28 sec.
INFO-FLOW: Caught error in csynth_design: Compilation of the preprocessed source 'bfs_slow' failed
    while executing
"ap_internal_csynth_design "
Command     csynth_design done; error code: 2; 1.3 sec.
INFO: [HLS 200-111] Finished Command csynth_design CPU user time: 0.21 seconds. CPU system time: 0.44 seconds. Elapsed time: 1.3 seconds; current allocated memory: 1.176 MB.
Command   ap_source done; error code: 1; 14.52 sec.
Execute   cleanup_all 
