

================================================================
== Vitis HLS Report for 'md'
================================================================
* Date:           Wed May  7 14:48:14 2025

* Version:        2022.2.2 (Build 3779808 on Feb 17 2023)
* Project:        hls_prj
* Solution:       solution (Vivado IP Flow Target)
* Product family: virtexuplus
* Target device:  xcu55c-fsvh2892-2L-e


================================================================
== Performance Estimates
================================================================
+ Timing: 
    * Summary: 
    +--------+---------+----------+------------+
    |  Clock |  Target | Estimated| Uncertainty|
    +--------+---------+----------+------------+
    |ap_clk  |  5.00 ns|  3.612 ns|     1.35 ns|
    +--------+---------+----------+------------+

+ Latency: 
    * Summary: 
    +---------+---------+----------+-----------+-----+---------+---------+
    |  Latency (cycles) |  Latency (absolute)  |    Interval   | Pipeline|
    |   min   |   max   |    min   |    max    | min |   max   |   Type  |
    +---------+---------+----------+-----------+-----+---------+---------+
    |      641|  2264321|  3.205 us|  11.322 ms|  642|  2264322|       no|
    +---------+---------+----------+-----------+-----+---------+---------+

    + Detail: 
        * Instance: 
        N/A

        * Loop: 
        +------------------------------------------+---------+---------+------------+-----------+-----------+---------+----------+
        |                                          |  Latency (cycles) |  Iteration |  Initiation Interval  |   Trip  |          |
        |                 Loop Name                |   min   |   max   |   Latency  |  achieved |   target  |  Count  | Pipelined|
        +------------------------------------------+---------+---------+------------+-----------+-----------+---------+----------+
        |- loop_grid0_x_loop_grid0_y_loop_grid0_z  |      640|  2264320|  10 ~ 35380|          -|          -|       64|        no|
        | + loop_grid1_x_loop_grid1_z_loop_p       |        0|    35370|     8 ~ 131|          -|          -|  0 ~ 270|        no|
        +------------------------------------------+---------+---------+------------+-----------+-----------+---------+----------+

============================================================
+ Verbose Summary: Synthesis Manager
============================================================
InlineROM: 1
ExposeGlobal: 0
============================================================
+ Verbose Summary: CDFG Model
============================================================
IsTopModel: 1
ResetActiveHigh: 1
IsCombinational: 0
IsDatapathOnly: 0
HasWiredReturn: 1
HasMFsm: 0
HasVarLatency: 1
IsPipeline: 0
IsRtlPipelined: 0
IsInstanceOverlapped: 0
IsDontTouch: 0
HasImplIP: 0
IsGatedGlobalClock: 0


============================================================
+ Verbose Summary: Schedule
============================================================
* Number of FSM states : 16
* Pipeline : 0
* Dataflow Pipeline: 0

* FSM state transitions: 
1 --> 2 
2 --> 3 
3 --> 4 
4 --> 5 
5 --> 6 
6 --> 7 
7 --> 8 
8 --> 9 
9 --> 10 
10 --> 11 
11 --> 12 2 
12 --> 13 
13 --> 14 
14 --> 15 
15 --> 16 
16 --> 11 

* FSM state operations: 

State 1 <SV = 0> <Delay = 0.38>
ST_1 : Operation 17 [1/1] (0.00ns)   --->   "%indvars_iv62 = alloca i32 1"   --->   Operation 17 'alloca' 'indvars_iv62' <Predicate = true> <Delay = 0.00>
ST_1 : Operation 18 [1/1] (0.00ns)   --->   "%b0_z = alloca i32 1"   --->   Operation 18 'alloca' 'b0_z' <Predicate = true> <Delay = 0.00>
ST_1 : Operation 19 [1/1] (0.00ns)   --->   "%indvars_iv66 = alloca i32 1"   --->   Operation 19 'alloca' 'indvars_iv66' <Predicate = true> <Delay = 0.00>
ST_1 : Operation 20 [1/1] (0.00ns)   --->   "%b0_y = alloca i32 1"   --->   Operation 20 'alloca' 'b0_y' <Predicate = true> <Delay = 0.00>
ST_1 : Operation 21 [1/1] (0.00ns)   --->   "%indvar_flatten87 = alloca i32 1"   --->   Operation 21 'alloca' 'indvar_flatten87' <Predicate = true> <Delay = 0.00>
ST_1 : Operation 22 [1/1] (0.00ns)   --->   "%indvars_iv71 = alloca i32 1"   --->   Operation 22 'alloca' 'indvars_iv71' <Predicate = true> <Delay = 0.00>
ST_1 : Operation 23 [1/1] (0.00ns)   --->   "%b0_x = alloca i32 1"   --->   Operation 23 'alloca' 'b0_x' <Predicate = true> <Delay = 0.00>
ST_1 : Operation 24 [1/1] (0.00ns)   --->   "%indvar_flatten178 = alloca i32 1"   --->   Operation 24 'alloca' 'indvar_flatten178' <Predicate = true> <Delay = 0.00>
ST_1 : Operation 25 [1/1] (0.00ns)   --->   "%sum_x_2_loc = alloca i64 1"   --->   Operation 25 'alloca' 'sum_x_2_loc' <Predicate = true> <Delay = 0.00>
ST_1 : Operation 26 [1/1] (0.00ns)   --->   "%sum_y_2_loc = alloca i64 1"   --->   Operation 26 'alloca' 'sum_y_2_loc' <Predicate = true> <Delay = 0.00>
ST_1 : Operation 27 [1/1] (0.00ns)   --->   "%sum_z_2_loc = alloca i64 1"   --->   Operation 27 'alloca' 'sum_z_2_loc' <Predicate = true> <Delay = 0.00>
ST_1 : Operation 28 [1/1] (0.00ns)   --->   "%spectopmodule_ln6 = spectopmodule void @_ssdm_op_SpecTopModule, void @empty_1" [md_grid.c:6]   --->   Operation 28 'spectopmodule' 'spectopmodule_ln6' <Predicate = true> <Delay = 0.00>
ST_1 : Operation 29 [1/1] (0.00ns)   --->   "%specinterface_ln0 = specinterface void @_ssdm_op_SpecInterface, i32 %n_points, void @empty, i32 0, i32 0, void @empty_0, i32 4294967295, i32 0, void @empty_0, void @empty_0, void @empty_0, i32 0, i32 0, i32 0, i32 0, void @empty_0, void @empty_0, i32 4294967295, i32 0"   --->   Operation 29 'specinterface' 'specinterface_ln0' <Predicate = true> <Delay = 0.00>
ST_1 : Operation 30 [1/1] (0.00ns)   --->   "%specbitsmap_ln0 = specbitsmap void @_ssdm_op_SpecBitsMap, i32 %n_points"   --->   Operation 30 'specbitsmap' 'specbitsmap_ln0' <Predicate = true> <Delay = 0.00>
ST_1 : Operation 31 [1/1] (0.00ns)   --->   "%specinterface_ln0 = specinterface void @_ssdm_op_SpecInterface, i192 %force_r, void @empty, i32 0, i32 0, void @empty_0, i32 4294967295, i32 0, void @empty_0, void @empty_0, void @empty_0, i32 0, i32 0, i32 0, i32 0, void @empty_0, void @empty_0, i32 4294967295, i32 0"   --->   Operation 31 'specinterface' 'specinterface_ln0' <Predicate = true> <Delay = 0.00>
ST_1 : Operation 32 [1/1] (0.00ns)   --->   "%specbitsmap_ln0 = specbitsmap void @_ssdm_op_SpecBitsMap, i192 %force_r"   --->   Operation 32 'specbitsmap' 'specbitsmap_ln0' <Predicate = true> <Delay = 0.00>
ST_1 : Operation 33 [1/1] (0.00ns)   --->   "%specinterface_ln0 = specinterface void @_ssdm_op_SpecInterface, i192 %position, void @empty, i32 0, i32 0, void @empty_0, i32 4294967295, i32 0, void @empty_0, void @empty_0, void @empty_0, i32 0, i32 0, i32 0, i32 0, void @empty_0, void @empty_0, i32 4294967295, i32 0"   --->   Operation 33 'specinterface' 'specinterface_ln0' <Predicate = true> <Delay = 0.00>
ST_1 : Operation 34 [1/1] (0.00ns)   --->   "%specbitsmap_ln0 = specbitsmap void @_ssdm_op_SpecBitsMap, i192 %position"   --->   Operation 34 'specbitsmap' 'specbitsmap_ln0' <Predicate = true> <Delay = 0.00>
ST_1 : Operation 35 [1/1] (0.38ns)   --->   "%store_ln14 = store i7 0, i7 %indvar_flatten178" [md_grid.c:14]   --->   Operation 35 'store' 'store_ln14' <Predicate = true> <Delay = 0.38>
ST_1 : Operation 36 [1/1] (0.38ns)   --->   "%store_ln14 = store i3 0, i3 %b0_x" [md_grid.c:14]   --->   Operation 36 'store' 'store_ln14' <Predicate = true> <Delay = 0.38>
ST_1 : Operation 37 [1/1] (0.38ns)   --->   "%store_ln14 = store i3 7, i3 %indvars_iv71" [md_grid.c:14]   --->   Operation 37 'store' 'store_ln14' <Predicate = true> <Delay = 0.38>
ST_1 : Operation 38 [1/1] (0.38ns)   --->   "%store_ln14 = store i6 0, i6 %indvar_flatten87" [md_grid.c:14]   --->   Operation 38 'store' 'store_ln14' <Predicate = true> <Delay = 0.38>
ST_1 : Operation 39 [1/1] (0.38ns)   --->   "%store_ln14 = store i3 0, i3 %b0_y" [md_grid.c:14]   --->   Operation 39 'store' 'store_ln14' <Predicate = true> <Delay = 0.38>
ST_1 : Operation 40 [1/1] (0.38ns)   --->   "%store_ln14 = store i3 7, i3 %indvars_iv66" [md_grid.c:14]   --->   Operation 40 'store' 'store_ln14' <Predicate = true> <Delay = 0.38>
ST_1 : Operation 41 [1/1] (0.38ns)   --->   "%store_ln14 = store i3 0, i3 %b0_z" [md_grid.c:14]   --->   Operation 41 'store' 'store_ln14' <Predicate = true> <Delay = 0.38>
ST_1 : Operation 42 [1/1] (0.38ns)   --->   "%store_ln14 = store i3 7, i3 %indvars_iv62" [md_grid.c:14]   --->   Operation 42 'store' 'store_ln14' <Predicate = true> <Delay = 0.38>
ST_1 : Operation 43 [1/1] (0.00ns)   --->   "%br_ln14 = br void %loop_grid1_x" [md_grid.c:14]   --->   Operation 43 'br' 'br_ln14' <Predicate = true> <Delay = 0.00>

State 2 <SV = 1> <Delay = 2.42>
ST_2 : Operation 44 [1/1] (0.00ns)   --->   "%indvars_iv66_load = load i3 %indvars_iv66" [md_grid.c:16]   --->   Operation 44 'load' 'indvars_iv66_load' <Predicate = true> <Delay = 0.00>
ST_2 : Operation 45 [1/1] (0.00ns)   --->   "%b0_y_1 = load i3 %b0_y"   --->   Operation 45 'load' 'b0_y_1' <Predicate = true> <Delay = 0.00>
ST_2 : Operation 46 [1/1] (0.00ns)   --->   "%indvars_iv71_load = load i3 %indvars_iv71" [md_grid.c:14]   --->   Operation 46 'load' 'indvars_iv71_load' <Predicate = true> <Delay = 0.00>
ST_2 : Operation 47 [1/1] (0.00ns)   --->   "%b0_x_1 = load i3 %b0_x"   --->   Operation 47 'load' 'b0_x_1' <Predicate = true> <Delay = 0.00>
ST_2 : Operation 48 [1/1] (0.00ns)   --->   "%indvar_flatten178_load = load i7 %indvar_flatten178" [md_grid.c:14]   --->   Operation 48 'load' 'indvar_flatten178_load' <Predicate = true> <Delay = 0.00>
ST_2 : Operation 49 [1/1] (0.00ns)   --->   "%trunc_ln14 = trunc i3 %indvars_iv71_load" [md_grid.c:14]   --->   Operation 49 'trunc' 'trunc_ln14' <Predicate = true> <Delay = 0.00>
ST_2 : Operation 50 [1/1] (0.49ns)   --->   "%empty = icmp_sgt  i3 %indvars_iv71_load, i3 0" [md_grid.c:14]   --->   Operation 50 'icmp' 'empty' <Predicate = true> <Delay = 0.49> <CoreInst = "Cmp">   --->   Core 9 'Cmp' <Latency = 0> <II = 1> <Delay = 0.49> <FuncUnit> <Opcode : 'icmp'> <InPorts = 2> <OutPorts = 1>
ST_2 : Operation 51 [1/1] (0.27ns)   --->   "%smax73 = select i1 %empty, i2 %trunc_ln14, i2 0" [md_grid.c:14]   --->   Operation 51 'select' 'smax73' <Predicate = true> <Delay = 0.27> <CoreInst = "Sel">   --->   Core 73 'Sel' <Latency = 0> <II = 1> <Delay = 0.27> <FuncUnit> <Opcode : 'select'> <InPorts = 3> <OutPorts = 1>
ST_2 : Operation 52 [1/1] (0.00ns) (grouped into LUT with out node sub_ln16)   --->   "%smax73_cast31 = zext i2 %smax73" [md_grid.c:14]   --->   Operation 52 'zext' 'smax73_cast31' <Predicate = true> <Delay = 0.00>
ST_2 : Operation 53 [1/1] (0.00ns)   --->   "%smax73_cast30 = zext i2 %smax73" [md_grid.c:14]   --->   Operation 53 'zext' 'smax73_cast30' <Predicate = true> <Delay = 0.00>
ST_2 : Operation 54 [1/1] (0.00ns)   --->   "%empty_12 = trunc i3 %b0_x_1"   --->   Operation 54 'trunc' 'empty_12' <Predicate = true> <Delay = 0.00>
ST_2 : Operation 55 [1/1] (0.00ns)   --->   "%b0_x_cast_cast = zext i2 %empty_12"   --->   Operation 55 'zext' 'b0_x_cast_cast' <Predicate = true> <Delay = 0.00>
ST_2 : Operation 56 [1/1] (0.57ns)   --->   "%empty_13 = add i3 %b0_x_1, i3 2"   --->   Operation 56 'add' 'empty_13' <Predicate = true> <Delay = 0.57> <CoreInst = "Adder">   --->   Core 1 'Adder' <Latency = 0> <II = 1> <Delay = 0.57> <FuncUnit> <Opcode : 'add' 'sub'> <InPorts = 2> <OutPorts = 1>
ST_2 : Operation 57 [1/1] (0.49ns)   --->   "%cmp18 = icmp_ugt  i3 %empty_13, i3 4"   --->   Operation 57 'icmp' 'cmp18' <Predicate = true> <Delay = 0.49> <CoreInst = "Cmp">   --->   Core 9 'Cmp' <Latency = 0> <II = 1> <Delay = 0.49> <FuncUnit> <Opcode : 'icmp'> <InPorts = 2> <OutPorts = 1>
ST_2 : Operation 58 [1/1] (0.57ns)   --->   "%empty_14 = add i3 %b0_x_cast_cast, i3 2"   --->   Operation 58 'add' 'empty_14' <Predicate = true> <Delay = 0.57> <CoreInst = "Adder">   --->   Core 1 'Adder' <Latency = 0> <II = 1> <Delay = 0.57> <FuncUnit> <Opcode : 'add' 'sub'> <InPorts = 2> <OutPorts = 1>
ST_2 : Operation 59 [1/1] (0.27ns)   --->   "%cond24 = select i1 %cmp18, i3 4, i3 %empty_14"   --->   Operation 59 'select' 'cond24' <Predicate = true> <Delay = 0.27> <CoreInst = "Sel">   --->   Core 73 'Sel' <Latency = 0> <II = 1> <Delay = 0.27> <FuncUnit> <Opcode : 'select'> <InPorts = 3> <OutPorts = 1>
ST_2 : Operation 60 [1/1] (0.49ns)   --->   "%empty_15 = icmp_ugt  i3 %smax73_cast30, i3 %cond24" [md_grid.c:14]   --->   Operation 60 'icmp' 'empty_15' <Predicate = true> <Delay = 0.49> <CoreInst = "Cmp">   --->   Core 9 'Cmp' <Latency = 0> <II = 1> <Delay = 0.49> <FuncUnit> <Opcode : 'icmp'> <InPorts = 2> <OutPorts = 1>
ST_2 : Operation 61 [1/1] (0.00ns) (grouped into LUT with out node sub_ln16)   --->   "%smax28 = select i1 %empty_15, i3 %smax73_cast30, i3 %cond24" [md_grid.c:14]   --->   Operation 61 'select' 'smax28' <Predicate = true> <Delay = 0.00> <CoreInst = "Sel">   --->   Core 73 'Sel' <Latency = 0> <II = 1> <Delay = 0.27> <FuncUnit> <Opcode : 'select'> <InPorts = 3> <OutPorts = 1>
ST_2 : Operation 62 [1/1] (0.00ns) (grouped into LUT with out node sub_ln16)   --->   "%zext_ln16 = zext i3 %smax28" [md_grid.c:16]   --->   Operation 62 'zext' 'zext_ln16' <Predicate = true> <Delay = 0.00>
ST_2 : Operation 63 [1/1] (0.57ns) (out node of the LUT)   --->   "%sub_ln16 = sub i4 %zext_ln16, i4 %smax73_cast31" [md_grid.c:16]   --->   Operation 63 'sub' 'sub_ln16' <Predicate = true> <Delay = 0.57> <CoreInst = "Adder">   --->   Core 1 'Adder' <Latency = 0> <II = 1> <Delay = 0.57> <FuncUnit> <Opcode : 'add' 'sub'> <InPorts = 2> <OutPorts = 1>
ST_2 : Operation 64 [1/1] (0.00ns)   --->   "%trunc_ln16 = trunc i3 %indvars_iv66_load" [md_grid.c:16]   --->   Operation 64 'trunc' 'trunc_ln16' <Predicate = true> <Delay = 0.00>
ST_2 : Operation 65 [1/1] (0.49ns)   --->   "%empty_16 = icmp_sgt  i3 %indvars_iv66_load, i3 0" [md_grid.c:16]   --->   Operation 65 'icmp' 'empty_16' <Predicate = true> <Delay = 0.49> <CoreInst = "Cmp">   --->   Core 9 'Cmp' <Latency = 0> <II = 1> <Delay = 0.49> <FuncUnit> <Opcode : 'icmp'> <InPorts = 2> <OutPorts = 1>
ST_2 : Operation 66 [1/1] (0.27ns)   --->   "%smax68 = select i1 %empty_16, i2 %trunc_ln16, i2 0" [md_grid.c:16]   --->   Operation 66 'select' 'smax68' <Predicate = true> <Delay = 0.27> <CoreInst = "Sel">   --->   Core 73 'Sel' <Latency = 0> <II = 1> <Delay = 0.27> <FuncUnit> <Opcode : 'select'> <InPorts = 3> <OutPorts = 1>
ST_2 : Operation 67 [1/1] (0.00ns) (grouped into LUT with out node sub_ln18)   --->   "%smax68_cast33 = zext i2 %smax68" [md_grid.c:16]   --->   Operation 67 'zext' 'smax68_cast33' <Predicate = true> <Delay = 0.00>
ST_2 : Operation 68 [1/1] (0.00ns)   --->   "%smax68_cast32 = zext i2 %smax68" [md_grid.c:16]   --->   Operation 68 'zext' 'smax68_cast32' <Predicate = true> <Delay = 0.00>
ST_2 : Operation 69 [1/1] (0.00ns)   --->   "%empty_17 = trunc i3 %b0_y_1"   --->   Operation 69 'trunc' 'empty_17' <Predicate = true> <Delay = 0.00>
ST_2 : Operation 70 [1/1] (0.00ns)   --->   "%b0_y_cast_cast = zext i2 %empty_17"   --->   Operation 70 'zext' 'b0_y_cast_cast' <Predicate = true> <Delay = 0.00>
ST_2 : Operation 71 [1/1] (0.57ns)   --->   "%empty_18 = add i3 %b0_y_1, i3 2"   --->   Operation 71 'add' 'empty_18' <Predicate = true> <Delay = 0.57> <CoreInst = "Adder">   --->   Core 1 'Adder' <Latency = 0> <II = 1> <Delay = 0.57> <FuncUnit> <Opcode : 'add' 'sub'> <InPorts = 2> <OutPorts = 1>
ST_2 : Operation 72 [1/1] (0.49ns)   --->   "%cmp41 = icmp_ugt  i3 %empty_18, i3 4"   --->   Operation 72 'icmp' 'cmp41' <Predicate = true> <Delay = 0.49> <CoreInst = "Cmp">   --->   Core 9 'Cmp' <Latency = 0> <II = 1> <Delay = 0.49> <FuncUnit> <Opcode : 'icmp'> <InPorts = 2> <OutPorts = 1>
ST_2 : Operation 73 [1/1] (0.57ns)   --->   "%empty_19 = add i3 %b0_y_cast_cast, i3 2"   --->   Operation 73 'add' 'empty_19' <Predicate = true> <Delay = 0.57> <CoreInst = "Adder">   --->   Core 1 'Adder' <Latency = 0> <II = 1> <Delay = 0.57> <FuncUnit> <Opcode : 'add' 'sub'> <InPorts = 2> <OutPorts = 1>
ST_2 : Operation 74 [1/1] (0.27ns)   --->   "%cond47 = select i1 %cmp41, i3 4, i3 %empty_19"   --->   Operation 74 'select' 'cond47' <Predicate = true> <Delay = 0.27> <CoreInst = "Sel">   --->   Core 73 'Sel' <Latency = 0> <II = 1> <Delay = 0.27> <FuncUnit> <Opcode : 'select'> <InPorts = 3> <OutPorts = 1>
ST_2 : Operation 75 [1/1] (0.49ns)   --->   "%empty_20 = icmp_ugt  i3 %smax68_cast32, i3 %cond47" [md_grid.c:16]   --->   Operation 75 'icmp' 'empty_20' <Predicate = true> <Delay = 0.49> <CoreInst = "Cmp">   --->   Core 9 'Cmp' <Latency = 0> <II = 1> <Delay = 0.49> <FuncUnit> <Opcode : 'icmp'> <InPorts = 2> <OutPorts = 1>
ST_2 : Operation 76 [1/1] (0.00ns) (grouped into LUT with out node sub_ln18)   --->   "%smax8 = select i1 %empty_20, i3 %smax68_cast32, i3 %cond47" [md_grid.c:16]   --->   Operation 76 'select' 'smax8' <Predicate = true> <Delay = 0.00> <CoreInst = "Sel">   --->   Core 73 'Sel' <Latency = 0> <II = 1> <Delay = 0.27> <FuncUnit> <Opcode : 'select'> <InPorts = 3> <OutPorts = 1>
ST_2 : Operation 77 [1/1] (0.00ns) (grouped into LUT with out node sub_ln18)   --->   "%zext_ln18 = zext i3 %smax8" [md_grid.c:18]   --->   Operation 77 'zext' 'zext_ln18' <Predicate = true> <Delay = 0.00>
ST_2 : Operation 78 [1/1] (0.57ns) (out node of the LUT)   --->   "%sub_ln18 = sub i4 %zext_ln18, i4 %smax68_cast33" [md_grid.c:18]   --->   Operation 78 'sub' 'sub_ln18' <Predicate = true> <Delay = 0.57> <CoreInst = "Adder">   --->   Core 1 'Adder' <Latency = 0> <II = 1> <Delay = 0.57> <FuncUnit> <Opcode : 'add' 'sub'> <InPorts = 2> <OutPorts = 1>
ST_2 : Operation 79 [1/1] (0.59ns)   --->   "%icmp_ln14 = icmp_eq  i7 %indvar_flatten178_load, i7 64" [md_grid.c:14]   --->   Operation 79 'icmp' 'icmp_ln14' <Predicate = true> <Delay = 0.59> <CoreInst = "Cmp">   --->   Core 9 'Cmp' <Latency = 0> <II = 1> <Delay = 0.59> <FuncUnit> <Opcode : 'icmp'> <InPorts = 2> <OutPorts = 1>
ST_2 : Operation 80 [1/1] (0.70ns)   --->   "%add_ln14_2 = add i7 %indvar_flatten178_load, i7 1" [md_grid.c:14]   --->   Operation 80 'add' 'add_ln14_2' <Predicate = true> <Delay = 0.70> <CoreInst = "Adder">   --->   Core 1 'Adder' <Latency = 0> <II = 1> <Delay = 0.70> <FuncUnit> <Opcode : 'add' 'sub'> <InPorts = 2> <OutPorts = 1>
ST_2 : Operation 81 [1/1] (0.00ns)   --->   "%br_ln14 = br i1 %icmp_ln14, void %for.inc245, void %for.end248" [md_grid.c:14]   --->   Operation 81 'br' 'br_ln14' <Predicate = true> <Delay = 0.00>
ST_2 : Operation 82 [1/1] (0.00ns)   --->   "%indvar_flatten87_load_1 = load i6 %indvar_flatten87" [md_grid.c:16]   --->   Operation 82 'load' 'indvar_flatten87_load_1' <Predicate = (!icmp_ln14)> <Delay = 0.00>
ST_2 : Operation 83 [1/1] (0.61ns)   --->   "%icmp_ln16 = icmp_eq  i6 %indvar_flatten87_load_1, i6 16" [md_grid.c:16]   --->   Operation 83 'icmp' 'icmp_ln16' <Predicate = (!icmp_ln14)> <Delay = 0.61> <CoreInst = "Cmp">   --->   Core 9 'Cmp' <Latency = 0> <II = 1> <Delay = 0.61> <FuncUnit> <Opcode : 'icmp'> <InPorts = 2> <OutPorts = 1>
ST_2 : Operation 84 [1/1] (0.00ns)   --->   "%ret_ln63 = ret" [md_grid.c:63]   --->   Operation 84 'ret' 'ret_ln63' <Predicate = (icmp_ln14)> <Delay = 0.00>

State 3 <SV = 2> <Delay = 3.26>
ST_3 : Operation 85 [1/1] (0.00ns)   --->   "%b0_z_load = load i3 %b0_z" [md_grid.c:18]   --->   Operation 85 'load' 'b0_z_load' <Predicate = true> <Delay = 0.00>
ST_3 : Operation 86 [1/1] (0.57ns)   --->   "%add_ln14 = add i3 %b0_x_1, i3 1" [md_grid.c:14]   --->   Operation 86 'add' 'add_ln14' <Predicate = true> <Delay = 0.57> <CoreInst = "Adder">   --->   Core 1 'Adder' <Latency = 0> <II = 1> <Delay = 0.57> <FuncUnit> <Opcode : 'add' 'sub'> <InPorts = 2> <OutPorts = 1>
ST_3 : Operation 87 [1/1] (0.57ns)   --->   "%add_ln14_1 = add i3 %indvars_iv71_load, i3 1" [md_grid.c:14]   --->   Operation 87 'add' 'add_ln14_1' <Predicate = true> <Delay = 0.57> <CoreInst = "Adder">   --->   Core 1 'Adder' <Latency = 0> <II = 1> <Delay = 0.57> <FuncUnit> <Opcode : 'add' 'sub'> <InPorts = 2> <OutPorts = 1>
ST_3 : Operation 88 [1/1] (0.27ns)   --->   "%select_ln14 = select i1 %icmp_ln16, i3 0, i3 %b0_y_1" [md_grid.c:14]   --->   Operation 88 'select' 'select_ln14' <Predicate = true> <Delay = 0.27> <CoreInst = "Sel">   --->   Core 73 'Sel' <Latency = 0> <II = 1> <Delay = 0.27> <FuncUnit> <Opcode : 'select'> <InPorts = 3> <OutPorts = 1>
ST_3 : Operation 89 [1/1] (0.27ns)   --->   "%select_ln14_1 = select i1 %icmp_ln16, i3 7, i3 %indvars_iv66_load" [md_grid.c:14]   --->   Operation 89 'select' 'select_ln14_1' <Predicate = true> <Delay = 0.27> <CoreInst = "Sel">   --->   Core 73 'Sel' <Latency = 0> <II = 1> <Delay = 0.27> <FuncUnit> <Opcode : 'select'> <InPorts = 3> <OutPorts = 1>
ST_3 : Operation 90 [1/1] (0.27ns)   --->   "%select_ln14_2 = select i1 %icmp_ln16, i3 %add_ln14, i3 %b0_x_1" [md_grid.c:14]   --->   Operation 90 'select' 'select_ln14_2' <Predicate = true> <Delay = 0.27> <CoreInst = "Sel">   --->   Core 73 'Sel' <Latency = 0> <II = 1> <Delay = 0.27> <FuncUnit> <Opcode : 'select'> <InPorts = 3> <OutPorts = 1>
ST_3 : Operation 91 [1/1] (0.00ns)   --->   "%tmp_9 = bitconcatenate i5 @_ssdm_op_BitConcatenate.i5.i3.i2, i3 %select_ln14_2, i2 0" [md_grid.c:14]   --->   Operation 91 'bitconcatenate' 'tmp_9' <Predicate = true> <Delay = 0.00>
ST_3 : Operation 92 [1/1] (0.00ns)   --->   "%zext_ln14_1 = zext i5 %tmp_9" [md_grid.c:14]   --->   Operation 92 'zext' 'zext_ln14_1' <Predicate = true> <Delay = 0.00>
ST_3 : Operation 93 [1/1] (0.00ns)   --->   "%trunc_ln14_1 = trunc i3 %add_ln14_1" [md_grid.c:14]   --->   Operation 93 'trunc' 'trunc_ln14_1' <Predicate = true> <Delay = 0.00>
ST_3 : Operation 94 [1/1] (0.49ns)   --->   "%p_mid1110 = icmp_sgt  i3 %add_ln14_1, i3 0" [md_grid.c:14]   --->   Operation 94 'icmp' 'p_mid1110' <Predicate = true> <Delay = 0.49> <CoreInst = "Cmp">   --->   Core 9 'Cmp' <Latency = 0> <II = 1> <Delay = 0.49> <FuncUnit> <Opcode : 'icmp'> <InPorts = 2> <OutPorts = 1>
ST_3 : Operation 95 [1/1] (0.27ns)   --->   "%smax73_mid1 = select i1 %p_mid1110, i2 %trunc_ln14_1, i2 0" [md_grid.c:14]   --->   Operation 95 'select' 'smax73_mid1' <Predicate = true> <Delay = 0.27> <CoreInst = "Sel">   --->   Core 73 'Sel' <Latency = 0> <II = 1> <Delay = 0.27> <FuncUnit> <Opcode : 'select'> <InPorts = 3> <OutPorts = 1>
ST_3 : Operation 96 [1/1] (0.00ns) (grouped into LUT with out node sub_ln16_1)   --->   "%zext_ln14_2 = zext i2 %smax73_mid1" [md_grid.c:14]   --->   Operation 96 'zext' 'zext_ln14_2' <Predicate = (icmp_ln16)> <Delay = 0.00>
ST_3 : Operation 97 [1/1] (0.00ns)   --->   "%zext_ln14_3 = zext i2 %smax73_mid1" [md_grid.c:14]   --->   Operation 97 'zext' 'zext_ln14_3' <Predicate = (icmp_ln16)> <Delay = 0.00>
ST_3 : Operation 98 [1/1] (0.27ns)   --->   "%select_ln14_3 = select i1 %icmp_ln16, i2 %smax73_mid1, i2 %smax73" [md_grid.c:14]   --->   Operation 98 'select' 'select_ln14_3' <Predicate = true> <Delay = 0.27> <CoreInst = "Sel">   --->   Core 73 'Sel' <Latency = 0> <II = 1> <Delay = 0.27> <FuncUnit> <Opcode : 'select'> <InPorts = 3> <OutPorts = 1>
ST_3 : Operation 99 [1/1] (0.00ns)   --->   "%empty_21 = trunc i3 %add_ln14" [md_grid.c:14]   --->   Operation 99 'trunc' 'empty_21' <Predicate = (icmp_ln16)> <Delay = 0.00>
ST_3 : Operation 100 [1/1] (0.00ns)   --->   "%b0_x_cast_cast_mid1 = zext i2 %empty_21" [md_grid.c:14]   --->   Operation 100 'zext' 'b0_x_cast_cast_mid1' <Predicate = (icmp_ln16)> <Delay = 0.00>
ST_3 : Operation 101 [1/1] (0.57ns)   --->   "%p_mid1112 = add i3 %b0_x_1, i3 3"   --->   Operation 101 'add' 'p_mid1112' <Predicate = (icmp_ln16)> <Delay = 0.57> <CoreInst = "Adder">   --->   Core 1 'Adder' <Latency = 0> <II = 1> <Delay = 0.57> <FuncUnit> <Opcode : 'add' 'sub'> <InPorts = 2> <OutPorts = 1>
ST_3 : Operation 102 [1/1] (0.49ns)   --->   "%cmp18_mid1 = icmp_ugt  i3 %p_mid1112, i3 4"   --->   Operation 102 'icmp' 'cmp18_mid1' <Predicate = (icmp_ln16)> <Delay = 0.49> <CoreInst = "Cmp">   --->   Core 9 'Cmp' <Latency = 0> <II = 1> <Delay = 0.49> <FuncUnit> <Opcode : 'icmp'> <InPorts = 2> <OutPorts = 1>
ST_3 : Operation 103 [1/1] (0.57ns)   --->   "%p_mid1114 = add i3 %b0_x_cast_cast_mid1, i3 2" [md_grid.c:14]   --->   Operation 103 'add' 'p_mid1114' <Predicate = (icmp_ln16)> <Delay = 0.57> <CoreInst = "Adder">   --->   Core 1 'Adder' <Latency = 0> <II = 1> <Delay = 0.57> <FuncUnit> <Opcode : 'add' 'sub'> <InPorts = 2> <OutPorts = 1>
ST_3 : Operation 104 [1/1] (0.27ns)   --->   "%cond24_mid1 = select i1 %cmp18_mid1, i3 4, i3 %p_mid1114" [md_grid.c:14]   --->   Operation 104 'select' 'cond24_mid1' <Predicate = (icmp_ln16)> <Delay = 0.27> <CoreInst = "Sel">   --->   Core 73 'Sel' <Latency = 0> <II = 1> <Delay = 0.27> <FuncUnit> <Opcode : 'select'> <InPorts = 3> <OutPorts = 1>
ST_3 : Operation 105 [1/1] (0.49ns)   --->   "%p_mid1128 = icmp_ugt  i3 %zext_ln14_3, i3 %cond24_mid1" [md_grid.c:14]   --->   Operation 105 'icmp' 'p_mid1128' <Predicate = (icmp_ln16)> <Delay = 0.49> <CoreInst = "Cmp">   --->   Core 9 'Cmp' <Latency = 0> <II = 1> <Delay = 0.49> <FuncUnit> <Opcode : 'icmp'> <InPorts = 2> <OutPorts = 1>
ST_3 : Operation 106 [1/1] (0.00ns) (grouped into LUT with out node sub_ln16_1)   --->   "%smax28_mid1 = select i1 %p_mid1128, i3 %zext_ln14_3, i3 %cond24_mid1" [md_grid.c:14]   --->   Operation 106 'select' 'smax28_mid1' <Predicate = (icmp_ln16)> <Delay = 0.00> <CoreInst = "Sel">   --->   Core 73 'Sel' <Latency = 0> <II = 1> <Delay = 0.27> <FuncUnit> <Opcode : 'select'> <InPorts = 3> <OutPorts = 1>
ST_3 : Operation 107 [1/1] (0.00ns) (grouped into LUT with out node sub_ln16_1)   --->   "%zext_ln16_1 = zext i3 %smax28_mid1" [md_grid.c:16]   --->   Operation 107 'zext' 'zext_ln16_1' <Predicate = (icmp_ln16)> <Delay = 0.00>
ST_3 : Operation 108 [1/1] (0.57ns) (out node of the LUT)   --->   "%sub_ln16_1 = sub i4 %zext_ln16_1, i4 %zext_ln14_2" [md_grid.c:16]   --->   Operation 108 'sub' 'sub_ln16_1' <Predicate = (icmp_ln16)> <Delay = 0.57> <CoreInst = "Adder">   --->   Core 1 'Adder' <Latency = 0> <II = 1> <Delay = 0.57> <FuncUnit> <Opcode : 'add' 'sub'> <InPorts = 2> <OutPorts = 1>
ST_3 : Operation 109 [1/1] (0.35ns)   --->   "%select_ln14_4 = select i1 %icmp_ln16, i4 %sub_ln16_1, i4 %sub_ln16" [md_grid.c:14]   --->   Operation 109 'select' 'select_ln14_4' <Predicate = true> <Delay = 0.35> <CoreInst = "Sel">   --->   Core 73 'Sel' <Latency = 0> <II = 1> <Delay = 0.35> <FuncUnit> <Opcode : 'select'> <InPorts = 3> <OutPorts = 1>
ST_3 : Operation 110 [1/1] (0.00ns) (grouped into LUT with out node select_ln16_3)   --->   "%select_ln14_5 = select i1 %icmp_ln16, i2 0, i2 %smax68" [md_grid.c:14]   --->   Operation 110 'select' 'select_ln14_5' <Predicate = true> <Delay = 0.00> <CoreInst = "Sel">   --->   Core 73 'Sel' <Latency = 0> <II = 1> <Delay = 0.27> <FuncUnit> <Opcode : 'select'> <InPorts = 3> <OutPorts = 1>
ST_3 : Operation 111 [1/1] (0.00ns) (grouped into LUT with out node select_ln16_4)   --->   "%select_ln14_6 = select i1 %icmp_ln16, i4 2, i4 %sub_ln18" [md_grid.c:14]   --->   Operation 111 'select' 'select_ln14_6' <Predicate = true> <Delay = 0.00> <CoreInst = "Sel">   --->   Core 73 'Sel' <Latency = 0> <II = 1> <Delay = 0.35> <FuncUnit> <Opcode : 'select'> <InPorts = 3> <OutPorts = 1>
ST_3 : Operation 112 [1/1] (0.00ns) (grouped into LUT with out node and_ln14)   --->   "%xor_ln14 = xor i1 %icmp_ln16, i1 1" [md_grid.c:14]   --->   Operation 112 'xor' 'xor_ln14' <Predicate = true> <Delay = 0.00> <CoreInst = "LogicGate">   --->   Core 74 'LogicGate' <Latency = 0> <II = 1> <Delay = 0.12> <FuncUnit> <Opcode : 'and' 'or' 'xor'> <InPorts = 2> <OutPorts = 1>
ST_3 : Operation 113 [1/1] (0.49ns)   --->   "%icmp_ln18 = icmp_eq  i3 %b0_z_load, i3 4" [md_grid.c:18]   --->   Operation 113 'icmp' 'icmp_ln18' <Predicate = true> <Delay = 0.49> <CoreInst = "Cmp">   --->   Core 9 'Cmp' <Latency = 0> <II = 1> <Delay = 0.49> <FuncUnit> <Opcode : 'icmp'> <InPorts = 2> <OutPorts = 1>
ST_3 : Operation 114 [1/1] (0.12ns) (out node of the LUT)   --->   "%and_ln14 = and i1 %icmp_ln18, i1 %xor_ln14" [md_grid.c:14]   --->   Operation 114 'and' 'and_ln14' <Predicate = true> <Delay = 0.12> <CoreInst = "LogicGate">   --->   Core 74 'LogicGate' <Latency = 0> <II = 1> <Delay = 0.12> <FuncUnit> <Opcode : 'and' 'or' 'xor'> <InPorts = 2> <OutPorts = 1>
ST_3 : Operation 115 [1/1] (0.27ns)   --->   "%select_ln14_7 = select i1 %icmp_ln16, i3 %add_ln14_1, i3 %indvars_iv71_load" [md_grid.c:14]   --->   Operation 115 'select' 'select_ln14_7' <Predicate = true> <Delay = 0.27> <CoreInst = "Sel">   --->   Core 73 'Sel' <Latency = 0> <II = 1> <Delay = 0.27> <FuncUnit> <Opcode : 'select'> <InPorts = 3> <OutPorts = 1>
ST_3 : Operation 116 [1/1] (0.57ns)   --->   "%add_ln16 = add i3 %select_ln14, i3 1" [md_grid.c:16]   --->   Operation 116 'add' 'add_ln16' <Predicate = true> <Delay = 0.57> <CoreInst = "Adder">   --->   Core 1 'Adder' <Latency = 0> <II = 1> <Delay = 0.57> <FuncUnit> <Opcode : 'add' 'sub'> <InPorts = 2> <OutPorts = 1>
ST_3 : Operation 117 [1/1] (0.57ns)   --->   "%add_ln16_1 = add i3 %select_ln14_1, i3 1" [md_grid.c:16]   --->   Operation 117 'add' 'add_ln16_1' <Predicate = true> <Delay = 0.57> <CoreInst = "Adder">   --->   Core 1 'Adder' <Latency = 0> <II = 1> <Delay = 0.57> <FuncUnit> <Opcode : 'add' 'sub'> <InPorts = 2> <OutPorts = 1>
ST_3 : Operation 118 [1/1] (0.12ns)   --->   "%or_ln16 = or i1 %and_ln14, i1 %icmp_ln16" [md_grid.c:16]   --->   Operation 118 'or' 'or_ln16' <Predicate = true> <Delay = 0.12> <CoreInst = "LogicGate">   --->   Core 74 'LogicGate' <Latency = 0> <II = 1> <Delay = 0.12> <FuncUnit> <Opcode : 'and' 'or' 'xor'> <InPorts = 2> <OutPorts = 1>
ST_3 : Operation 119 [1/1] (0.27ns)   --->   "%select_ln16 = select i1 %or_ln16, i3 0, i3 %b0_z_load" [md_grid.c:16]   --->   Operation 119 'select' 'select_ln16' <Predicate = true> <Delay = 0.27> <CoreInst = "Sel">   --->   Core 73 'Sel' <Latency = 0> <II = 1> <Delay = 0.27> <FuncUnit> <Opcode : 'select'> <InPorts = 3> <OutPorts = 1>
ST_3 : Operation 120 [1/1] (0.27ns)   --->   "%select_ln16_2 = select i1 %and_ln14, i3 %add_ln16, i3 %select_ln14" [md_grid.c:16]   --->   Operation 120 'select' 'select_ln16_2' <Predicate = true> <Delay = 0.27> <CoreInst = "Sel">   --->   Core 73 'Sel' <Latency = 0> <II = 1> <Delay = 0.27> <FuncUnit> <Opcode : 'select'> <InPorts = 3> <OutPorts = 1>
ST_3 : Operation 121 [1/1] (0.00ns)   --->   "%select_ln16_2_cast = zext i3 %select_ln16_2" [md_grid.c:16]   --->   Operation 121 'zext' 'select_ln16_2_cast' <Predicate = true> <Delay = 0.00>
ST_3 : Operation 122 [1/1] (0.70ns)   --->   "%empty_22 = add i6 %zext_ln14_1, i6 %select_ln16_2_cast" [md_grid.c:14]   --->   Operation 122 'add' 'empty_22' <Predicate = true> <Delay = 0.70> <CoreInst = "Adder">   --->   Core 1 'Adder' <Latency = 0> <II = 1> <Delay = 0.70> <FuncUnit> <Opcode : 'add' 'sub'> <InPorts = 2> <OutPorts = 1>
ST_3 : Operation 123 [1/1] (0.00ns)   --->   "%tmp = bitconcatenate i8 @_ssdm_op_BitConcatenate.i8.i6.i2, i6 %empty_22, i2 0" [md_grid.c:14]   --->   Operation 123 'bitconcatenate' 'tmp' <Predicate = true> <Delay = 0.00>
ST_3 : Operation 124 [1/1] (0.00ns)   --->   "%tmp_11 = zext i8 %tmp" [md_grid.c:14]   --->   Operation 124 'zext' 'tmp_11' <Predicate = true> <Delay = 0.00>
ST_3 : Operation 125 [1/1] (0.00ns)   --->   "%trunc_ln16_1 = trunc i3 %add_ln16_1" [md_grid.c:16]   --->   Operation 125 'trunc' 'trunc_ln16_1' <Predicate = true> <Delay = 0.00>
ST_3 : Operation 126 [1/1] (0.49ns)   --->   "%p_mid1 = icmp_sgt  i3 %add_ln16_1, i3 0" [md_grid.c:16]   --->   Operation 126 'icmp' 'p_mid1' <Predicate = true> <Delay = 0.49> <CoreInst = "Cmp">   --->   Core 9 'Cmp' <Latency = 0> <II = 1> <Delay = 0.49> <FuncUnit> <Opcode : 'icmp'> <InPorts = 2> <OutPorts = 1>
ST_3 : Operation 127 [1/1] (0.27ns)   --->   "%smax68_mid1 = select i1 %p_mid1, i2 %trunc_ln16_1, i2 0" [md_grid.c:16]   --->   Operation 127 'select' 'smax68_mid1' <Predicate = true> <Delay = 0.27> <CoreInst = "Sel">   --->   Core 73 'Sel' <Latency = 0> <II = 1> <Delay = 0.27> <FuncUnit> <Opcode : 'select'> <InPorts = 3> <OutPorts = 1>
ST_3 : Operation 128 [1/1] (0.00ns) (grouped into LUT with out node sub_ln18_1)   --->   "%zext_ln16_2 = zext i2 %smax68_mid1" [md_grid.c:16]   --->   Operation 128 'zext' 'zext_ln16_2' <Predicate = true> <Delay = 0.00>
ST_3 : Operation 129 [1/1] (0.00ns)   --->   "%zext_ln16_3 = zext i2 %smax68_mid1" [md_grid.c:16]   --->   Operation 129 'zext' 'zext_ln16_3' <Predicate = true> <Delay = 0.00>
ST_3 : Operation 130 [1/1] (0.27ns) (out node of the LUT)   --->   "%select_ln16_3 = select i1 %and_ln14, i2 %smax68_mid1, i2 %select_ln14_5" [md_grid.c:16]   --->   Operation 130 'select' 'select_ln16_3' <Predicate = true> <Delay = 0.27> <CoreInst = "Sel">   --->   Core 73 'Sel' <Latency = 0> <II = 1> <Delay = 0.27> <FuncUnit> <Opcode : 'select'> <InPorts = 3> <OutPorts = 1>
ST_3 : Operation 131 [1/1] (0.00ns)   --->   "%empty_23 = trunc i3 %add_ln16" [md_grid.c:16]   --->   Operation 131 'trunc' 'empty_23' <Predicate = true> <Delay = 0.00>
ST_3 : Operation 132 [1/1] (0.00ns)   --->   "%b0_y_cast_cast_mid1 = zext i2 %empty_23" [md_grid.c:16]   --->   Operation 132 'zext' 'b0_y_cast_cast_mid1' <Predicate = true> <Delay = 0.00>
ST_3 : Operation 133 [1/1] (0.57ns)   --->   "%p_mid167 = add i3 %select_ln14, i3 3" [md_grid.c:14]   --->   Operation 133 'add' 'p_mid167' <Predicate = true> <Delay = 0.57> <CoreInst = "Adder">   --->   Core 1 'Adder' <Latency = 0> <II = 1> <Delay = 0.57> <FuncUnit> <Opcode : 'add' 'sub'> <InPorts = 2> <OutPorts = 1>
ST_3 : Operation 134 [1/1] (0.49ns)   --->   "%cmp41_mid1 = icmp_ugt  i3 %p_mid167, i3 4" [md_grid.c:14]   --->   Operation 134 'icmp' 'cmp41_mid1' <Predicate = true> <Delay = 0.49> <CoreInst = "Cmp">   --->   Core 9 'Cmp' <Latency = 0> <II = 1> <Delay = 0.49> <FuncUnit> <Opcode : 'icmp'> <InPorts = 2> <OutPorts = 1>
ST_3 : Operation 135 [1/1] (0.57ns)   --->   "%p_mid169 = add i3 %b0_y_cast_cast_mid1, i3 2" [md_grid.c:16]   --->   Operation 135 'add' 'p_mid169' <Predicate = true> <Delay = 0.57> <CoreInst = "Adder">   --->   Core 1 'Adder' <Latency = 0> <II = 1> <Delay = 0.57> <FuncUnit> <Opcode : 'add' 'sub'> <InPorts = 2> <OutPorts = 1>
ST_3 : Operation 136 [1/1] (0.27ns)   --->   "%cond47_mid1 = select i1 %cmp41_mid1, i3 4, i3 %p_mid169" [md_grid.c:14]   --->   Operation 136 'select' 'cond47_mid1' <Predicate = true> <Delay = 0.27> <CoreInst = "Sel">   --->   Core 73 'Sel' <Latency = 0> <II = 1> <Delay = 0.27> <FuncUnit> <Opcode : 'select'> <InPorts = 3> <OutPorts = 1>
ST_3 : Operation 137 [1/1] (0.49ns)   --->   "%p_mid183 = icmp_ugt  i3 %zext_ln16_3, i3 %cond47_mid1" [md_grid.c:16]   --->   Operation 137 'icmp' 'p_mid183' <Predicate = true> <Delay = 0.49> <CoreInst = "Cmp">   --->   Core 9 'Cmp' <Latency = 0> <II = 1> <Delay = 0.49> <FuncUnit> <Opcode : 'icmp'> <InPorts = 2> <OutPorts = 1>
ST_3 : Operation 138 [1/1] (0.00ns) (grouped into LUT with out node sub_ln18_1)   --->   "%smax8_mid1 = select i1 %p_mid183, i3 %zext_ln16_3, i3 %cond47_mid1" [md_grid.c:16]   --->   Operation 138 'select' 'smax8_mid1' <Predicate = true> <Delay = 0.00> <CoreInst = "Sel">   --->   Core 73 'Sel' <Latency = 0> <II = 1> <Delay = 0.27> <FuncUnit> <Opcode : 'select'> <InPorts = 3> <OutPorts = 1>
ST_3 : Operation 139 [1/1] (0.00ns) (grouped into LUT with out node sub_ln18_1)   --->   "%zext_ln18_1 = zext i3 %smax8_mid1" [md_grid.c:18]   --->   Operation 139 'zext' 'zext_ln18_1' <Predicate = true> <Delay = 0.00>
ST_3 : Operation 140 [1/1] (0.57ns) (out node of the LUT)   --->   "%sub_ln18_1 = sub i4 %zext_ln18_1, i4 %zext_ln16_2" [md_grid.c:18]   --->   Operation 140 'sub' 'sub_ln18_1' <Predicate = true> <Delay = 0.57> <CoreInst = "Adder">   --->   Core 1 'Adder' <Latency = 0> <II = 1> <Delay = 0.57> <FuncUnit> <Opcode : 'add' 'sub'> <InPorts = 2> <OutPorts = 1>
ST_3 : Operation 141 [1/1] (0.35ns) (out node of the LUT)   --->   "%select_ln16_4 = select i1 %and_ln14, i4 %sub_ln18_1, i4 %select_ln14_6" [md_grid.c:16]   --->   Operation 141 'select' 'select_ln16_4' <Predicate = true> <Delay = 0.35> <CoreInst = "Sel">   --->   Core 73 'Sel' <Latency = 0> <II = 1> <Delay = 0.35> <FuncUnit> <Opcode : 'select'> <InPorts = 3> <OutPorts = 1>
ST_3 : Operation 142 [1/1] (0.27ns)   --->   "%select_ln16_5 = select i1 %and_ln14, i3 %add_ln16_1, i3 %select_ln14_1" [md_grid.c:16]   --->   Operation 142 'select' 'select_ln16_5' <Predicate = true> <Delay = 0.27> <CoreInst = "Sel">   --->   Core 73 'Sel' <Latency = 0> <II = 1> <Delay = 0.27> <FuncUnit> <Opcode : 'select'> <InPorts = 3> <OutPorts = 1>
ST_3 : Operation 143 [1/1] (0.00ns)   --->   "%select_ln16_cast = zext i3 %select_ln16" [md_grid.c:16]   --->   Operation 143 'zext' 'select_ln16_cast' <Predicate = true> <Delay = 0.00>
ST_3 : Operation 144 [1/1] (0.70ns)   --->   "%empty_24 = add i63 %tmp_11, i63 %select_ln16_cast" [md_grid.c:14]   --->   Operation 144 'add' 'empty_24' <Predicate = true> <Delay = 0.70> <CoreInst = "Adder">   --->   Core 1 'Adder' <Latency = 0> <II = 1> <Delay = 0.70> <FuncUnit> <Opcode : 'add' 'sub'> <InPorts = 2> <OutPorts = 1>
ST_3 : Operation 145 [1/1] (0.00ns)   --->   "%p_cast41 = zext i63 %empty_24" [md_grid.c:14]   --->   Operation 145 'zext' 'p_cast41' <Predicate = true> <Delay = 0.00>
ST_3 : Operation 146 [1/1] (0.00ns)   --->   "%n_points_addr = getelementptr i32 %n_points, i64 0, i64 %p_cast41" [md_grid.c:14]   --->   Operation 146 'getelementptr' 'n_points_addr' <Predicate = true> <Delay = 0.00>
ST_3 : Operation 147 [1/1] (0.00ns)   --->   "%trunc_ln33 = trunc i63 %empty_24" [md_grid.c:33]   --->   Operation 147 'trunc' 'trunc_ln33' <Predicate = true> <Delay = 0.00>
ST_3 : Operation 148 [1/1] (0.00ns)   --->   "%p_shl = bitconcatenate i10 @_ssdm_op_BitConcatenate.i10.i7.i3, i7 %trunc_ln33, i3 0" [md_grid.c:33]   --->   Operation 148 'bitconcatenate' 'p_shl' <Predicate = true> <Delay = 0.00>
ST_3 : Operation 149 [1/1] (0.00ns)   --->   "%trunc_ln33_1 = trunc i63 %empty_24" [md_grid.c:33]   --->   Operation 149 'trunc' 'trunc_ln33_1' <Predicate = true> <Delay = 0.00>
ST_3 : Operation 150 [1/1] (0.00ns)   --->   "%p_shl1 = bitconcatenate i10 @_ssdm_op_BitConcatenate.i10.i9.i1, i9 %trunc_ln33_1, i1 0" [md_grid.c:33]   --->   Operation 150 'bitconcatenate' 'p_shl1' <Predicate = true> <Delay = 0.00>
ST_3 : Operation 151 [1/1] (0.72ns)   --->   "%add_ln33 = add i10 %p_shl, i10 %p_shl1" [md_grid.c:33]   --->   Operation 151 'add' 'add_ln33' <Predicate = true> <Delay = 0.72> <CoreInst = "Adder">   --->   Core 1 'Adder' <Latency = 0> <II = 1> <Delay = 0.72> <FuncUnit> <Opcode : 'add' 'sub'> <InPorts = 2> <OutPorts = 1>
ST_3 : Operation 152 [1/1] (0.00ns)   --->   "%empty_26 = trunc i3 %select_ln16" [md_grid.c:16]   --->   Operation 152 'trunc' 'empty_26' <Predicate = true> <Delay = 0.00>
ST_3 : Operation 153 [2/2] (0.69ns)   --->   "%n_points_load = load i6 %n_points_addr" [md_grid.c:14]   --->   Operation 153 'load' 'n_points_load' <Predicate = true> <Delay = 0.69> <CoreInst = "RAM">   --->   Core 83 'RAM' <Latency = 1> <II = 1> <Delay = 0.69> <Storage> <Opcode : 'load' 'store'> <Ports = 2> <Width = 32> <Depth = 64> <RAM>

State 4 <SV = 3> <Delay = 2.42>
ST_4 : Operation 154 [1/1] (0.00ns)   --->   "%indvars_iv62_load = load i3 %indvars_iv62" [md_grid.c:16]   --->   Operation 154 'load' 'indvars_iv62_load' <Predicate = (!or_ln16)> <Delay = 0.00>
ST_4 : Operation 155 [1/1] (0.27ns)   --->   "%select_ln16_1 = select i1 %or_ln16, i3 7, i3 %indvars_iv62_load" [md_grid.c:16]   --->   Operation 155 'select' 'select_ln16_1' <Predicate = true> <Delay = 0.27> <CoreInst = "Sel">   --->   Core 73 'Sel' <Latency = 0> <II = 1> <Delay = 0.27> <FuncUnit> <Opcode : 'select'> <InPorts = 3> <OutPorts = 1>
ST_4 : Operation 156 [1/1] (0.00ns)   --->   "%trunc_ln18 = trunc i3 %select_ln16_1" [md_grid.c:18]   --->   Operation 156 'trunc' 'trunc_ln18' <Predicate = true> <Delay = 0.00>
ST_4 : Operation 157 [1/1] (0.49ns)   --->   "%empty_25 = icmp_sgt  i3 %select_ln16_1, i3 0" [md_grid.c:16]   --->   Operation 157 'icmp' 'empty_25' <Predicate = true> <Delay = 0.49> <CoreInst = "Cmp">   --->   Core 9 'Cmp' <Latency = 0> <II = 1> <Delay = 0.49> <FuncUnit> <Opcode : 'icmp'> <InPorts = 2> <OutPorts = 1>
ST_4 : Operation 158 [1/1] (0.27ns)   --->   "%smax = select i1 %empty_25, i2 %trunc_ln18, i2 0" [md_grid.c:16]   --->   Operation 158 'select' 'smax' <Predicate = true> <Delay = 0.27> <CoreInst = "Sel">   --->   Core 73 'Sel' <Latency = 0> <II = 1> <Delay = 0.27> <FuncUnit> <Opcode : 'select'> <InPorts = 3> <OutPorts = 1>
ST_4 : Operation 159 [1/1] (0.00ns) (grouped into LUT with out node sub_ln21)   --->   "%smax_cast37 = zext i2 %smax" [md_grid.c:16]   --->   Operation 159 'zext' 'smax_cast37' <Predicate = true> <Delay = 0.00>
ST_4 : Operation 160 [1/1] (0.00ns)   --->   "%smax_cast36 = zext i2 %smax" [md_grid.c:16]   --->   Operation 160 'zext' 'smax_cast36' <Predicate = true> <Delay = 0.00>
ST_4 : Operation 161 [1/1] (0.00ns)   --->   "%b0_z_cast_cast = zext i2 %empty_26" [md_grid.c:16]   --->   Operation 161 'zext' 'b0_z_cast_cast' <Predicate = true> <Delay = 0.00>
ST_4 : Operation 162 [1/1] (0.57ns)   --->   "%empty_27 = add i3 %select_ln16, i3 2" [md_grid.c:16]   --->   Operation 162 'add' 'empty_27' <Predicate = true> <Delay = 0.57> <CoreInst = "Adder">   --->   Core 1 'Adder' <Latency = 0> <II = 1> <Delay = 0.57> <FuncUnit> <Opcode : 'add' 'sub'> <InPorts = 2> <OutPorts = 1>
ST_4 : Operation 163 [1/1] (0.49ns)   --->   "%cmp64 = icmp_ugt  i3 %empty_27, i3 4" [md_grid.c:16]   --->   Operation 163 'icmp' 'cmp64' <Predicate = true> <Delay = 0.49> <CoreInst = "Cmp">   --->   Core 9 'Cmp' <Latency = 0> <II = 1> <Delay = 0.49> <FuncUnit> <Opcode : 'icmp'> <InPorts = 2> <OutPorts = 1>
ST_4 : Operation 164 [1/1] (0.57ns)   --->   "%empty_28 = add i3 %b0_z_cast_cast, i3 2" [md_grid.c:16]   --->   Operation 164 'add' 'empty_28' <Predicate = true> <Delay = 0.57> <CoreInst = "Adder">   --->   Core 1 'Adder' <Latency = 0> <II = 1> <Delay = 0.57> <FuncUnit> <Opcode : 'add' 'sub'> <InPorts = 2> <OutPorts = 1>
ST_4 : Operation 165 [1/1] (0.27ns)   --->   "%cond70 = select i1 %cmp64, i3 4, i3 %empty_28" [md_grid.c:16]   --->   Operation 165 'select' 'cond70' <Predicate = true> <Delay = 0.27> <CoreInst = "Sel">   --->   Core 73 'Sel' <Latency = 0> <II = 1> <Delay = 0.27> <FuncUnit> <Opcode : 'select'> <InPorts = 3> <OutPorts = 1>
ST_4 : Operation 166 [1/2] (0.69ns)   --->   "%n_points_load = load i6 %n_points_addr" [md_grid.c:14]   --->   Operation 166 'load' 'n_points_load' <Predicate = true> <Delay = 0.69> <CoreInst = "RAM">   --->   Core 83 'RAM' <Latency = 1> <II = 1> <Delay = 0.69> <Storage> <Opcode : 'load' 'store'> <Ports = 2> <Width = 32> <Depth = 64> <RAM>
ST_4 : Operation 167 [1/1] (0.49ns)   --->   "%empty_29 = icmp_ugt  i3 %smax_cast36, i3 %cond70" [md_grid.c:16]   --->   Operation 167 'icmp' 'empty_29' <Predicate = true> <Delay = 0.49> <CoreInst = "Cmp">   --->   Core 9 'Cmp' <Latency = 0> <II = 1> <Delay = 0.49> <FuncUnit> <Opcode : 'icmp'> <InPorts = 2> <OutPorts = 1>
ST_4 : Operation 168 [1/1] (0.00ns) (grouped into LUT with out node sub_ln21)   --->   "%smax3 = select i1 %empty_29, i3 %smax_cast36, i3 %cond70" [md_grid.c:16]   --->   Operation 168 'select' 'smax3' <Predicate = true> <Delay = 0.00> <CoreInst = "Sel">   --->   Core 73 'Sel' <Latency = 0> <II = 1> <Delay = 0.27> <FuncUnit> <Opcode : 'select'> <InPorts = 3> <OutPorts = 1>
ST_4 : Operation 169 [1/1] (0.00ns) (grouped into LUT with out node sub_ln21)   --->   "%zext_ln21 = zext i3 %smax3" [md_grid.c:21]   --->   Operation 169 'zext' 'zext_ln21' <Predicate = true> <Delay = 0.00>
ST_4 : Operation 170 [1/1] (0.57ns) (out node of the LUT)   --->   "%sub_ln21 = sub i4 %zext_ln21, i4 %smax_cast37" [md_grid.c:21]   --->   Operation 170 'sub' 'sub_ln21' <Predicate = true> <Delay = 0.57> <CoreInst = "Adder">   --->   Core 1 'Adder' <Latency = 0> <II = 1> <Delay = 0.57> <FuncUnit> <Opcode : 'add' 'sub'> <InPorts = 2> <OutPorts = 1>

State 5 <SV = 4> <Delay = 3.61>
ST_5 : Operation 171 [1/1] (0.00ns)   --->   "%sext_ln8 = sext i4 %sub_ln21" [md_grid.c:8]   --->   Operation 171 'sext' 'sext_ln8' <Predicate = true> <Delay = 0.00>
ST_5 : Operation 172 [1/1] (0.00ns)   --->   "%zext_ln8 = zext i64 %sext_ln8" [md_grid.c:8]   --->   Operation 172 'zext' 'zext_ln8' <Predicate = true> <Delay = 0.00>
ST_5 : Operation 173 [1/1] (0.00ns)   --->   "%zext_ln8_1 = zext i32 %n_points_load" [md_grid.c:8]   --->   Operation 173 'zext' 'zext_ln8_1' <Predicate = true> <Delay = 0.00>
ST_5 : Operation 174 [2/2] (3.61ns)   --->   "%mul_ln8 = mul i96 %zext_ln8, i96 %zext_ln8_1" [md_grid.c:8]   --->   Operation 174 'mul' 'mul_ln8' <Predicate = true> <Delay = 3.61> <CoreInst = "Multiplier">   --->   Core 3 'Multiplier' <Latency = 1> <II = 1> <Delay = 3.61> <FuncUnit> <Opcode : 'mul'> <InPorts = 2> <OutPorts = 1>

State 6 <SV = 5> <Delay = 3.61>
ST_6 : Operation 175 [1/2] (3.61ns)   --->   "%mul_ln8 = mul i96 %zext_ln8, i96 %zext_ln8_1" [md_grid.c:8]   --->   Operation 175 'mul' 'mul_ln8' <Predicate = true> <Delay = 3.61> <CoreInst = "Multiplier">   --->   Core 3 'Multiplier' <Latency = 1> <II = 1> <Delay = 3.61> <FuncUnit> <Opcode : 'mul'> <InPorts = 2> <OutPorts = 1>

State 7 <SV = 6> <Delay = 3.61>
ST_7 : Operation 176 [1/1] (0.00ns)   --->   "%sext_ln8_1 = sext i4 %select_ln16_4" [md_grid.c:8]   --->   Operation 176 'sext' 'sext_ln8_1' <Predicate = true> <Delay = 0.00>
ST_7 : Operation 177 [1/1] (0.00ns)   --->   "%zext_ln8_2 = zext i64 %sext_ln8_1" [md_grid.c:8]   --->   Operation 177 'zext' 'zext_ln8_2' <Predicate = true> <Delay = 0.00>
ST_7 : Operation 178 [1/1] (0.00ns)   --->   "%zext_ln8_3 = zext i96 %mul_ln8" [md_grid.c:8]   --->   Operation 178 'zext' 'zext_ln8_3' <Predicate = true> <Delay = 0.00>
ST_7 : Operation 179 [2/2] (3.61ns)   --->   "%mul_ln8_1 = mul i160 %zext_ln8_2, i160 %zext_ln8_3" [md_grid.c:8]   --->   Operation 179 'mul' 'mul_ln8_1' <Predicate = true> <Delay = 3.61> <CoreInst = "Multiplier">   --->   Core 3 'Multiplier' <Latency = 1> <II = 1> <Delay = 3.61> <FuncUnit> <Opcode : 'mul'> <InPorts = 2> <OutPorts = 1>

State 8 <SV = 7> <Delay = 3.61>
ST_8 : Operation 180 [1/2] (3.61ns)   --->   "%mul_ln8_1 = mul i160 %zext_ln8_2, i160 %zext_ln8_3" [md_grid.c:8]   --->   Operation 180 'mul' 'mul_ln8_1' <Predicate = true> <Delay = 3.61> <CoreInst = "Multiplier">   --->   Core 3 'Multiplier' <Latency = 1> <II = 1> <Delay = 3.61> <FuncUnit> <Opcode : 'mul'> <InPorts = 2> <OutPorts = 1>

State 9 <SV = 8> <Delay = 3.61>
ST_9 : Operation 181 [1/1] (0.00ns)   --->   "%sext_ln8_2 = sext i4 %select_ln14_4" [md_grid.c:8]   --->   Operation 181 'sext' 'sext_ln8_2' <Predicate = true> <Delay = 0.00>
ST_9 : Operation 182 [1/1] (0.00ns)   --->   "%zext_ln8_4 = zext i64 %sext_ln8_2" [md_grid.c:8]   --->   Operation 182 'zext' 'zext_ln8_4' <Predicate = true> <Delay = 0.00>
ST_9 : Operation 183 [1/1] (0.00ns)   --->   "%zext_ln8_5 = zext i160 %mul_ln8_1" [md_grid.c:8]   --->   Operation 183 'zext' 'zext_ln8_5' <Predicate = true> <Delay = 0.00>
ST_9 : Operation 184 [2/2] (3.61ns)   --->   "%mul_ln8_2 = mul i224 %zext_ln8_4, i224 %zext_ln8_5" [md_grid.c:8]   --->   Operation 184 'mul' 'mul_ln8_2' <Predicate = true> <Delay = 3.61> <CoreInst = "Multiplier">   --->   Core 3 'Multiplier' <Latency = 1> <II = 1> <Delay = 3.61> <FuncUnit> <Opcode : 'mul'> <InPorts = 2> <OutPorts = 1>

State 10 <SV = 9> <Delay = 3.61>
ST_10 : Operation 185 [1/1] (0.00ns)   --->   "%specloopname_ln0 = specloopname void @_ssdm_op_SpecLoopName, void @loop_grid0_x_loop_grid0_y_loop_grid0_z_str"   --->   Operation 185 'specloopname' 'specloopname_ln0' <Predicate = true> <Delay = 0.00>
ST_10 : Operation 186 [1/1] (0.00ns)   --->   "%speclooptripcount_ln0 = speclooptripcount void @_ssdm_op_SpecLoopTripCount, i64 64, i64 64, i64 64"   --->   Operation 186 'speclooptripcount' 'speclooptripcount_ln0' <Predicate = true> <Delay = 0.00>
ST_10 : Operation 187 [1/1] (0.00ns)   --->   "%zext_ln14 = zext i2 %select_ln14_3" [md_grid.c:14]   --->   Operation 187 'zext' 'zext_ln14' <Predicate = true> <Delay = 0.00>
ST_10 : Operation 188 [1/1] (0.00ns)   --->   "%specloopname_ln0 = specloopname void @_ssdm_op_SpecLoopName, void @loop_grid0_y_loop_grid0_z_str"   --->   Operation 188 'specloopname' 'specloopname_ln0' <Predicate = true> <Delay = 0.00>
ST_10 : Operation 189 [1/1] (0.00ns)   --->   "%select_ln16_3_cast40 = zext i2 %select_ln16_3" [md_grid.c:16]   --->   Operation 189 'zext' 'select_ln16_3_cast40' <Predicate = true> <Delay = 0.00>
ST_10 : Operation 190 [1/1] (0.00ns)   --->   "%specloopname_ln8 = specloopname void @_ssdm_op_SpecLoopName, void @empty_4" [md_grid.c:8]   --->   Operation 190 'specloopname' 'specloopname_ln8' <Predicate = true> <Delay = 0.00>
ST_10 : Operation 191 [1/1] (0.00ns)   --->   "%smax_cast = zext i2 %smax" [md_grid.c:16]   --->   Operation 191 'zext' 'smax_cast' <Predicate = true> <Delay = 0.00>
ST_10 : Operation 192 [1/2] (3.61ns)   --->   "%mul_ln8_2 = mul i224 %zext_ln8_4, i224 %zext_ln8_5" [md_grid.c:8]   --->   Operation 192 'mul' 'mul_ln8_2' <Predicate = true> <Delay = 3.61> <CoreInst = "Multiplier">   --->   Core 3 'Multiplier' <Latency = 1> <II = 1> <Delay = 3.61> <FuncUnit> <Opcode : 'mul'> <InPorts = 2> <OutPorts = 1>
ST_10 : Operation 193 [1/1] (0.85ns)   --->   "%icmp_ln30_1 = icmp_sgt  i32 %n_points_load, i32 0" [md_grid.c:30]   --->   Operation 193 'icmp' 'icmp_ln30_1' <Predicate = true> <Delay = 0.85> <CoreInst = "Cmp">   --->   Core 9 'Cmp' <Latency = 0> <II = 1> <Delay = 0.85> <FuncUnit> <Opcode : 'icmp'> <InPorts = 2> <OutPorts = 1>
ST_10 : Operation 194 [1/1] (1.16ns)   --->   "%icmp_ln25 = icmp_eq  i96 %mul_ln8, i96 0" [md_grid.c:25]   --->   Operation 194 'icmp' 'icmp_ln25' <Predicate = true> <Delay = 1.16> <CoreInst = "Cmp">   --->   Core 9 'Cmp' <Latency = 0> <II = 1> <Delay = 1.16> <FuncUnit> <Opcode : 'icmp'> <InPorts = 2> <OutPorts = 1>
ST_10 : Operation 195 [1/1] (0.38ns)   --->   "%br_ln21 = br void %loop_q" [md_grid.c:21]   --->   Operation 195 'br' 'br_ln21' <Predicate = true> <Delay = 0.38>

State 11 <SV = 10> <Delay = 2.82>
ST_11 : Operation 196 [1/1] (0.00ns)   --->   "%indvar_flatten50 = phi i224 0, void %for.inc245, i224 %add_ln21_1, void %for.inc233" [md_grid.c:21]   --->   Operation 196 'phi' 'indvar_flatten50' <Predicate = true> <Delay = 0.00>
ST_11 : Operation 197 [1/1] (0.00ns)   --->   "%b1_x = phi i64 %zext_ln14, void %for.inc245, i64 %select_ln21, void %for.inc233" [md_grid.c:14]   --->   Operation 197 'phi' 'b1_x' <Predicate = true> <Delay = 0.00>
ST_11 : Operation 198 [1/1] (0.00ns)   --->   "%indvar_flatten22 = phi i160 0, void %for.inc245, i160 %select_ln23_1, void %for.inc233" [md_grid.c:23]   --->   Operation 198 'phi' 'indvar_flatten22' <Predicate = true> <Delay = 0.00>
ST_11 : Operation 199 [1/1] (0.00ns)   --->   "%b1_y = phi i64 %select_ln16_3_cast40, void %for.inc245, i64 %select_ln23, void %for.inc233" [md_grid.c:16]   --->   Operation 199 'phi' 'b1_y' <Predicate = true> <Delay = 0.00>
ST_11 : Operation 200 [1/1] (0.00ns)   --->   "%indvar_flatten = phi i96 0, void %for.inc245, i96 %select_ln25_1, void %for.inc233" [md_grid.c:25]   --->   Operation 200 'phi' 'indvar_flatten' <Predicate = true> <Delay = 0.00>
ST_11 : Operation 201 [1/1] (0.00ns)   --->   "%b1_z = phi i64 %smax_cast, void %for.inc245, i64 %select_ln25, void %for.inc233" [md_grid.c:16]   --->   Operation 201 'phi' 'b1_z' <Predicate = true> <Delay = 0.00>
ST_11 : Operation 202 [1/1] (0.00ns)   --->   "%p_idx = phi i10 0, void %for.inc245, i10 %add_ln30, void %for.inc233" [md_grid.c:30]   --->   Operation 202 'phi' 'p_idx' <Predicate = true> <Delay = 0.00>
ST_11 : Operation 203 [1/1] (0.00ns)   --->   "%trunc_ln29 = trunc i64 %b1_z" [md_grid.c:29]   --->   Operation 203 'trunc' 'trunc_ln29' <Predicate = true> <Delay = 0.00>
ST_11 : Operation 204 [1/1] (0.00ns)   --->   "%trunc_ln29_1 = trunc i64 %b1_x" [md_grid.c:29]   --->   Operation 204 'trunc' 'trunc_ln29_1' <Predicate = true> <Delay = 0.00>
ST_11 : Operation 205 [1/1] (0.00ns)   --->   "%tmp_1 = bitconcatenate i4 @_ssdm_op_BitConcatenate.i4.i2.i2, i2 %trunc_ln29_1, i2 0" [md_grid.c:29]   --->   Operation 205 'bitconcatenate' 'tmp_1' <Predicate = true> <Delay = 0.00>
ST_11 : Operation 206 [1/1] (0.00ns)   --->   "%trunc_ln29_2 = trunc i64 %b1_y" [md_grid.c:29]   --->   Operation 206 'trunc' 'trunc_ln29_2' <Predicate = true> <Delay = 0.00>
ST_11 : Operation 207 [1/1] (0.70ns)   --->   "%add_ln29 = add i4 %tmp_1, i4 %trunc_ln29_2" [md_grid.c:29]   --->   Operation 207 'add' 'add_ln29' <Predicate = true> <Delay = 0.70> <CoreInst = "Adder">   --->   Core 1 'Adder' <Latency = 0> <II = 1> <Delay = 0.70> <FuncUnit> <Opcode : 'add' 'sub'> <InPorts = 2> <OutPorts = 1>
ST_11 : Operation 208 [1/1] (0.00ns)   --->   "%tmp_s = bitconcatenate i6 @_ssdm_op_BitConcatenate.i6.i4.i2, i4 %add_ln29, i2 0" [md_grid.c:29]   --->   Operation 208 'bitconcatenate' 'tmp_s' <Predicate = true> <Delay = 0.00>
ST_11 : Operation 209 [1/1] (0.00ns)   --->   "%zext_ln30 = zext i10 %p_idx" [md_grid.c:30]   --->   Operation 209 'zext' 'zext_ln30' <Predicate = true> <Delay = 0.00>
ST_11 : Operation 210 [1/1] (0.85ns)   --->   "%icmp_ln30 = icmp_slt  i32 %zext_ln30, i32 %n_points_load" [md_grid.c:30]   --->   Operation 210 'icmp' 'icmp_ln30' <Predicate = true> <Delay = 0.85> <CoreInst = "Cmp">   --->   Core 9 'Cmp' <Latency = 0> <II = 1> <Delay = 0.85> <FuncUnit> <Opcode : 'icmp'> <InPorts = 2> <OutPorts = 1>
ST_11 : Operation 211 [1/1] (1.33ns)   --->   "%icmp_ln21 = icmp_eq  i224 %indvar_flatten50, i224 %mul_ln8_2" [md_grid.c:21]   --->   Operation 211 'icmp' 'icmp_ln21' <Predicate = true> <Delay = 1.33> <CoreInst = "Cmp">   --->   Core 9 'Cmp' <Latency = 0> <II = 1> <Delay = 1.33> <FuncUnit> <Opcode : 'icmp'> <InPorts = 2> <OutPorts = 1>
ST_11 : Operation 212 [1/1] (1.91ns)   --->   "%add_ln21_1 = add i224 %indvar_flatten50, i224 1" [md_grid.c:21]   --->   Operation 212 'add' 'add_ln21_1' <Predicate = true> <Delay = 1.91> <CoreInst = "Adder">   --->   Core 1 'Adder' <Latency = 0> <II = 1> <Delay = 1.91> <FuncUnit> <Opcode : 'add' 'sub'> <InPorts = 2> <OutPorts = 1>
ST_11 : Operation 213 [1/1] (0.00ns)   --->   "%br_ln21 = br i1 %icmp_ln21, void %for.inc233, void %for.inc237" [md_grid.c:21]   --->   Operation 213 'br' 'br_ln21' <Predicate = true> <Delay = 0.00>
ST_11 : Operation 214 [1/1] (1.24ns)   --->   "%icmp_ln23 = icmp_eq  i160 %indvar_flatten22, i160 %mul_ln8_1" [md_grid.c:23]   --->   Operation 214 'icmp' 'icmp_ln23' <Predicate = (!icmp_ln21)> <Delay = 1.24> <CoreInst = "Cmp">   --->   Core 9 'Cmp' <Latency = 0> <II = 1> <Delay = 1.24> <FuncUnit> <Opcode : 'icmp'> <InPorts = 2> <OutPorts = 1>
ST_11 : Operation 215 [1/1] (0.41ns)   --->   "%select_ln8 = select i1 %icmp_ln23, i64 %select_ln16_3_cast40, i64 %b1_y" [md_grid.c:8]   --->   Operation 215 'select' 'select_ln8' <Predicate = (!icmp_ln21)> <Delay = 0.41> <CoreInst = "Sel">   --->   Core 73 'Sel' <Latency = 0> <II = 1> <Delay = 0.41> <FuncUnit> <Opcode : 'select'> <InPorts = 3> <OutPorts = 1>
ST_11 : Operation 216 [1/1] (0.00ns) (grouped into LUT with out node select_ln8_5)   --->   "%select_ln8_1 = select i1 %icmp_ln23, i64 %smax_cast, i64 %b1_z" [md_grid.c:8]   --->   Operation 216 'select' 'select_ln8_1' <Predicate = (!icmp_ln21)> <Delay = 0.00> <CoreInst = "Sel">   --->   Core 73 'Sel' <Latency = 0> <II = 1> <Delay = 0.41> <FuncUnit> <Opcode : 'select'> <InPorts = 3> <OutPorts = 1>
ST_11 : Operation 217 [1/1] (0.70ns)   --->   "%add_ln29_1 = add i6 %tmp_s, i6 %trunc_ln29" [md_grid.c:29]   --->   Operation 217 'add' 'add_ln29_1' <Predicate = (!icmp_ln21)> <Delay = 0.70> <CoreInst = "Adder">   --->   Core 1 'Adder' <Latency = 0> <II = 1> <Delay = 0.70> <FuncUnit> <Opcode : 'add' 'sub'> <InPorts = 2> <OutPorts = 1>
ST_11 : Operation 218 [1/1] (0.00ns) (grouped into LUT with out node select_ln8_8)   --->   "%select_ln8_3 = select i1 %icmp_ln23, i1 %icmp_ln30_1, i1 %icmp_ln30" [md_grid.c:8]   --->   Operation 218 'select' 'select_ln8_3' <Predicate = (!icmp_ln21)> <Delay = 0.00> <CoreInst = "Sel">   --->   Core 73 'Sel' <Latency = 0> <II = 1> <Delay = 0.27> <FuncUnit> <Opcode : 'select'> <InPorts = 3> <OutPorts = 1>
ST_11 : Operation 219 [1/1] (1.16ns)   --->   "%icmp_ln25_1 = icmp_eq  i96 %indvar_flatten, i96 %mul_ln8" [md_grid.c:25]   --->   Operation 219 'icmp' 'icmp_ln25_1' <Predicate = (!icmp_ln21)> <Delay = 1.16> <CoreInst = "Cmp">   --->   Core 9 'Cmp' <Latency = 0> <II = 1> <Delay = 1.16> <FuncUnit> <Opcode : 'icmp'> <InPorts = 2> <OutPorts = 1>
ST_11 : Operation 220 [1/1] (0.27ns)   --->   "%select_ln8_4 = select i1 %icmp_ln23, i1 %icmp_ln25, i1 %icmp_ln25_1" [md_grid.c:8]   --->   Operation 220 'select' 'select_ln8_4' <Predicate = (!icmp_ln21)> <Delay = 0.27> <CoreInst = "Sel">   --->   Core 73 'Sel' <Latency = 0> <II = 1> <Delay = 0.27> <FuncUnit> <Opcode : 'select'> <InPorts = 3> <OutPorts = 1>
ST_11 : Operation 221 [1/1] (0.41ns) (out node of the LUT)   --->   "%select_ln8_5 = select i1 %select_ln8_4, i64 %smax_cast, i64 %select_ln8_1" [md_grid.c:8]   --->   Operation 221 'select' 'select_ln8_5' <Predicate = (!icmp_ln21)> <Delay = 0.41> <CoreInst = "Sel">   --->   Core 73 'Sel' <Latency = 0> <II = 1> <Delay = 0.41> <FuncUnit> <Opcode : 'select'> <InPorts = 3> <OutPorts = 1>
ST_11 : Operation 222 [1/1] (0.12ns)   --->   "%or_ln8 = or i1 %select_ln8_4, i1 %icmp_ln23" [md_grid.c:8]   --->   Operation 222 'or' 'or_ln8' <Predicate = (!icmp_ln21)> <Delay = 0.12> <CoreInst = "LogicGate">   --->   Core 74 'LogicGate' <Latency = 0> <II = 1> <Delay = 0.12> <FuncUnit> <Opcode : 'and' 'or' 'xor'> <InPorts = 2> <OutPorts = 1>
ST_11 : Operation 223 [1/1] (0.00ns) (grouped into LUT with out node select_ln8_9)   --->   "%select_ln8_6 = select i1 %or_ln8, i10 0, i10 %p_idx" [md_grid.c:8]   --->   Operation 223 'select' 'select_ln8_6' <Predicate = (!icmp_ln21)> <Delay = 0.00> <CoreInst = "Sel">   --->   Core 73 'Sel' <Latency = 0> <II = 1> <Delay = 0.30> <FuncUnit> <Opcode : 'select'> <InPorts = 3> <OutPorts = 1>
ST_11 : Operation 224 [1/1] (0.27ns) (out node of the LUT)   --->   "%select_ln8_8 = select i1 %select_ln8_4, i1 %icmp_ln30_1, i1 %select_ln8_3" [md_grid.c:8]   --->   Operation 224 'select' 'select_ln8_8' <Predicate = (!icmp_ln21)> <Delay = 0.27> <CoreInst = "Sel">   --->   Core 73 'Sel' <Latency = 0> <II = 1> <Delay = 0.27> <FuncUnit> <Opcode : 'select'> <InPorts = 3> <OutPorts = 1>
ST_11 : Operation 225 [1/1] (0.30ns) (out node of the LUT)   --->   "%select_ln8_9 = select i1 %select_ln8_8, i10 %select_ln8_6, i10 0" [md_grid.c:8]   --->   Operation 225 'select' 'select_ln8_9' <Predicate = (!icmp_ln21)> <Delay = 0.30> <CoreInst = "Sel">   --->   Core 73 'Sel' <Latency = 0> <II = 1> <Delay = 0.30> <FuncUnit> <Opcode : 'select'> <InPorts = 3> <OutPorts = 1>
ST_11 : Operation 226 [1/1] (0.72ns)   --->   "%add_ln33_1 = add i10 %add_ln33, i10 %select_ln8_9" [md_grid.c:33]   --->   Operation 226 'add' 'add_ln33_1' <Predicate = (!icmp_ln21)> <Delay = 0.72> <CoreInst = "Adder">   --->   Core 1 'Adder' <Latency = 0> <II = 1> <Delay = 0.72> <FuncUnit> <Opcode : 'add' 'sub'> <InPorts = 2> <OutPorts = 1>
ST_11 : Operation 227 [1/1] (0.72ns)   --->   "%add_ln30 = add i10 %select_ln8_9, i10 1" [md_grid.c:30]   --->   Operation 227 'add' 'add_ln30' <Predicate = (!icmp_ln21)> <Delay = 0.72> <CoreInst = "Adder">   --->   Core 1 'Adder' <Latency = 0> <II = 1> <Delay = 0.72> <FuncUnit> <Opcode : 'add' 'sub'> <InPorts = 2> <OutPorts = 1>
ST_11 : Operation 228 [1/1] (1.31ns)   --->   "%add_ln25_1 = add i96 %indvar_flatten, i96 1" [md_grid.c:25]   --->   Operation 228 'add' 'add_ln25_1' <Predicate = (!icmp_ln21)> <Delay = 1.31> <CoreInst = "Adder">   --->   Core 1 'Adder' <Latency = 0> <II = 1> <Delay = 1.31> <FuncUnit> <Opcode : 'add' 'sub'> <InPorts = 2> <OutPorts = 1>
ST_11 : Operation 229 [1/1] (0.34ns)   --->   "%select_ln25_1 = select i1 %or_ln8, i96 1, i96 %add_ln25_1" [md_grid.c:25]   --->   Operation 229 'select' 'select_ln25_1' <Predicate = (!icmp_ln21)> <Delay = 0.34> <CoreInst = "Sel">   --->   Core 73 'Sel' <Latency = 0> <II = 1> <Delay = 0.34> <FuncUnit> <Opcode : 'select'> <InPorts = 3> <OutPorts = 1>
ST_11 : Operation 230 [1/1] (1.63ns)   --->   "%add_ln23_1 = add i160 %indvar_flatten22, i160 1" [md_grid.c:23]   --->   Operation 230 'add' 'add_ln23_1' <Predicate = (!icmp_ln21)> <Delay = 1.63> <CoreInst = "Adder">   --->   Core 1 'Adder' <Latency = 0> <II = 1> <Delay = 1.63> <FuncUnit> <Opcode : 'add' 'sub'> <InPorts = 2> <OutPorts = 1>
ST_11 : Operation 231 [1/1] (0.39ns)   --->   "%select_ln23_1 = select i1 %icmp_ln23, i160 1, i160 %add_ln23_1" [md_grid.c:23]   --->   Operation 231 'select' 'select_ln23_1' <Predicate = (!icmp_ln21)> <Delay = 0.39> <CoreInst = "Sel">   --->   Core 73 'Sel' <Latency = 0> <II = 1> <Delay = 0.39> <FuncUnit> <Opcode : 'select'> <InPorts = 3> <OutPorts = 1>
ST_11 : Operation 232 [1/1] (0.00ns)   --->   "%indvar_flatten87_load = load i6 %indvar_flatten87" [md_grid.c:16]   --->   Operation 232 'load' 'indvar_flatten87_load' <Predicate = (icmp_ln21 & !icmp_ln16)> <Delay = 0.00>
ST_11 : Operation 233 [1/1] (0.57ns)   --->   "%add_ln18 = add i3 %select_ln16, i3 1" [md_grid.c:18]   --->   Operation 233 'add' 'add_ln18' <Predicate = (icmp_ln21)> <Delay = 0.57> <CoreInst = "Adder">   --->   Core 1 'Adder' <Latency = 0> <II = 1> <Delay = 0.57> <FuncUnit> <Opcode : 'add' 'sub'> <InPorts = 2> <OutPorts = 1>
ST_11 : Operation 234 [1/1] (0.57ns)   --->   "%add_ln18_1 = add i3 %select_ln16_1, i3 1" [md_grid.c:18]   --->   Operation 234 'add' 'add_ln18_1' <Predicate = (icmp_ln21)> <Delay = 0.57> <CoreInst = "Adder">   --->   Core 1 'Adder' <Latency = 0> <II = 1> <Delay = 0.57> <FuncUnit> <Opcode : 'add' 'sub'> <InPorts = 2> <OutPorts = 1>
ST_11 : Operation 235 [1/1] (0.70ns)   --->   "%add_ln16_2 = add i6 %indvar_flatten87_load, i6 1" [md_grid.c:16]   --->   Operation 235 'add' 'add_ln16_2' <Predicate = (icmp_ln21 & !icmp_ln16)> <Delay = 0.70> <CoreInst = "Adder">   --->   Core 1 'Adder' <Latency = 0> <II = 1> <Delay = 0.70> <FuncUnit> <Opcode : 'add' 'sub'> <InPorts = 2> <OutPorts = 1>
ST_11 : Operation 236 [1/1] (0.29ns)   --->   "%select_ln16_6 = select i1 %icmp_ln16, i6 1, i6 %add_ln16_2" [md_grid.c:16]   --->   Operation 236 'select' 'select_ln16_6' <Predicate = (icmp_ln21)> <Delay = 0.29> <CoreInst = "Sel">   --->   Core 73 'Sel' <Latency = 0> <II = 1> <Delay = 0.29> <FuncUnit> <Opcode : 'select'> <InPorts = 3> <OutPorts = 1>
ST_11 : Operation 237 [1/1] (0.38ns)   --->   "%store_ln18 = store i7 %add_ln14_2, i7 %indvar_flatten178" [md_grid.c:18]   --->   Operation 237 'store' 'store_ln18' <Predicate = (icmp_ln21)> <Delay = 0.38>
ST_11 : Operation 238 [1/1] (0.38ns)   --->   "%store_ln18 = store i3 %select_ln14_2, i3 %b0_x" [md_grid.c:18]   --->   Operation 238 'store' 'store_ln18' <Predicate = (icmp_ln21)> <Delay = 0.38>
ST_11 : Operation 239 [1/1] (0.38ns)   --->   "%store_ln18 = store i3 %select_ln14_7, i3 %indvars_iv71" [md_grid.c:18]   --->   Operation 239 'store' 'store_ln18' <Predicate = (icmp_ln21)> <Delay = 0.38>
ST_11 : Operation 240 [1/1] (0.38ns)   --->   "%store_ln18 = store i6 %select_ln16_6, i6 %indvar_flatten87" [md_grid.c:18]   --->   Operation 240 'store' 'store_ln18' <Predicate = (icmp_ln21)> <Delay = 0.38>
ST_11 : Operation 241 [1/1] (0.38ns)   --->   "%store_ln18 = store i3 %select_ln16_2, i3 %b0_y" [md_grid.c:18]   --->   Operation 241 'store' 'store_ln18' <Predicate = (icmp_ln21)> <Delay = 0.38>
ST_11 : Operation 242 [1/1] (0.38ns)   --->   "%store_ln18 = store i3 %select_ln16_5, i3 %indvars_iv66" [md_grid.c:18]   --->   Operation 242 'store' 'store_ln18' <Predicate = (icmp_ln21)> <Delay = 0.38>
ST_11 : Operation 243 [1/1] (0.38ns)   --->   "%store_ln18 = store i3 %add_ln18, i3 %b0_z" [md_grid.c:18]   --->   Operation 243 'store' 'store_ln18' <Predicate = (icmp_ln21)> <Delay = 0.38>
ST_11 : Operation 244 [1/1] (0.38ns)   --->   "%store_ln18 = store i3 %add_ln18_1, i3 %indvars_iv62" [md_grid.c:18]   --->   Operation 244 'store' 'store_ln18' <Predicate = (icmp_ln21)> <Delay = 0.38>
ST_11 : Operation 245 [1/1] (0.00ns)   --->   "%br_ln18 = br void %loop_grid1_x" [md_grid.c:18]   --->   Operation 245 'br' 'br_ln18' <Predicate = (icmp_ln21)> <Delay = 0.00>

State 12 <SV = 11> <Delay = 2.67>
ST_12 : Operation 246 [1/1] (1.14ns)   --->   "%add_ln21 = add i64 %b1_x, i64 1" [md_grid.c:21]   --->   Operation 246 'add' 'add_ln21' <Predicate = true> <Delay = 1.14> <CoreInst = "Adder">   --->   Core 1 'Adder' <Latency = 0> <II = 1> <Delay = 1.14> <FuncUnit> <Opcode : 'add' 'sub'> <InPorts = 2> <OutPorts = 1>
ST_12 : Operation 247 [1/1] (0.00ns) (grouped into LUT with out node select_ln8_7)   --->   "%trunc_ln29_3 = trunc i64 %add_ln21" [md_grid.c:29]   --->   Operation 247 'trunc' 'trunc_ln29_3' <Predicate = (icmp_ln23 & !select_ln8_4 & select_ln8_8)> <Delay = 0.00>
ST_12 : Operation 248 [1/1] (0.00ns) (grouped into LUT with out node select_ln8_7)   --->   "%tmp_2 = bitconcatenate i6 @_ssdm_op_BitConcatenate.i6.i2.i2.i2, i2 %trunc_ln29_3, i2 %select_ln16_3, i2 %smax" [md_grid.c:29]   --->   Operation 248 'bitconcatenate' 'tmp_2' <Predicate = (icmp_ln23 & !select_ln8_4 & select_ln8_8)> <Delay = 0.00>
ST_12 : Operation 249 [1/1] (0.00ns) (grouped into LUT with out node select_ln8_7)   --->   "%select_ln8_2 = select i1 %icmp_ln23, i6 %tmp_2, i6 %add_ln29_1" [md_grid.c:8]   --->   Operation 249 'select' 'select_ln8_2' <Predicate = (!select_ln8_4 & select_ln8_8)> <Delay = 0.00> <CoreInst = "Sel">   --->   Core 73 'Sel' <Latency = 0> <II = 1> <Delay = 0.29> <FuncUnit> <Opcode : 'select'> <InPorts = 3> <OutPorts = 1>
ST_12 : Operation 250 [1/1] (0.41ns)   --->   "%select_ln21 = select i1 %icmp_ln23, i64 %add_ln21, i64 %b1_x" [md_grid.c:21]   --->   Operation 250 'select' 'select_ln21' <Predicate = true> <Delay = 0.41> <CoreInst = "Sel">   --->   Core 73 'Sel' <Latency = 0> <II = 1> <Delay = 0.41> <FuncUnit> <Opcode : 'select'> <InPorts = 3> <OutPorts = 1>
ST_12 : Operation 251 [1/1] (0.00ns)   --->   "%trunc_ln29_4 = trunc i64 %select_ln21" [md_grid.c:29]   --->   Operation 251 'trunc' 'trunc_ln29_4' <Predicate = true> <Delay = 0.00>
ST_12 : Operation 252 [1/1] (0.00ns)   --->   "%trunc_ln29_5 = trunc i64 %select_ln21" [md_grid.c:29]   --->   Operation 252 'trunc' 'trunc_ln29_5' <Predicate = (select_ln8_4 & select_ln8_8)> <Delay = 0.00>
ST_12 : Operation 253 [1/1] (0.00ns)   --->   "%tmp_3 = bitconcatenate i62 @_ssdm_op_BitConcatenate.i62.i60.i2, i60 %trunc_ln29_4, i2 0" [md_grid.c:29]   --->   Operation 253 'bitconcatenate' 'tmp_3' <Predicate = true> <Delay = 0.00>
ST_12 : Operation 254 [1/1] (1.14ns)   --->   "%add_ln23 = add i64 %select_ln8, i64 1" [md_grid.c:23]   --->   Operation 254 'add' 'add_ln23' <Predicate = true> <Delay = 1.14> <CoreInst = "Adder">   --->   Core 1 'Adder' <Latency = 0> <II = 1> <Delay = 1.14> <FuncUnit> <Opcode : 'add' 'sub'> <InPorts = 2> <OutPorts = 1>
ST_12 : Operation 255 [1/1] (0.00ns)   --->   "%tmp_4 = bitconcatenate i4 @_ssdm_op_BitConcatenate.i4.i2.i2, i2 %trunc_ln29_5, i2 0" [md_grid.c:29]   --->   Operation 255 'bitconcatenate' 'tmp_4' <Predicate = (select_ln8_4 & select_ln8_8)> <Delay = 0.00>
ST_12 : Operation 256 [1/1] (0.00ns)   --->   "%trunc_ln29_6 = trunc i64 %add_ln23" [md_grid.c:29]   --->   Operation 256 'trunc' 'trunc_ln29_6' <Predicate = (select_ln8_4 & select_ln8_8)> <Delay = 0.00>
ST_12 : Operation 257 [1/1] (0.70ns)   --->   "%add_ln29_2 = add i4 %tmp_4, i4 %trunc_ln29_6" [md_grid.c:29]   --->   Operation 257 'add' 'add_ln29_2' <Predicate = (select_ln8_4 & select_ln8_8)> <Delay = 0.70> <CoreInst = "Adder">   --->   Core 1 'Adder' <Latency = 0> <II = 1> <Delay = 0.70> <FuncUnit> <Opcode : 'add' 'sub'> <InPorts = 2> <OutPorts = 1>
ST_12 : Operation 258 [1/1] (0.00ns) (grouped into LUT with out node select_ln8_7)   --->   "%tmp_5 = bitconcatenate i6 @_ssdm_op_BitConcatenate.i6.i4.i2, i4 %add_ln29_2, i2 %smax" [md_grid.c:29]   --->   Operation 258 'bitconcatenate' 'tmp_5' <Predicate = (select_ln8_4 & select_ln8_8)> <Delay = 0.00>
ST_12 : Operation 259 [1/1] (0.29ns) (out node of the LUT)   --->   "%select_ln8_7 = select i1 %select_ln8_4, i6 %tmp_5, i6 %select_ln8_2" [md_grid.c:8]   --->   Operation 259 'select' 'select_ln8_7' <Predicate = (select_ln8_8)> <Delay = 0.29> <CoreInst = "Sel">   --->   Core 73 'Sel' <Latency = 0> <II = 1> <Delay = 0.29> <FuncUnit> <Opcode : 'select'> <InPorts = 3> <OutPorts = 1>
ST_12 : Operation 260 [1/1] (0.41ns)   --->   "%select_ln23 = select i1 %select_ln8_4, i64 %add_ln23, i64 %select_ln8" [md_grid.c:23]   --->   Operation 260 'select' 'select_ln23' <Predicate = true> <Delay = 0.41> <CoreInst = "Sel">   --->   Core 73 'Sel' <Latency = 0> <II = 1> <Delay = 0.41> <FuncUnit> <Opcode : 'select'> <InPorts = 3> <OutPorts = 1>
ST_12 : Operation 261 [1/1] (0.00ns)   --->   "%trunc_ln29_7 = trunc i64 %select_ln23" [md_grid.c:29]   --->   Operation 261 'trunc' 'trunc_ln29_7' <Predicate = true> <Delay = 0.00>
ST_12 : Operation 262 [1/1] (1.12ns)   --->   "%add_ln29_3 = add i62 %tmp_3, i62 %trunc_ln29_7" [md_grid.c:29]   --->   Operation 262 'add' 'add_ln29_3' <Predicate = true> <Delay = 1.12> <CoreInst = "Adder">   --->   Core 1 'Adder' <Latency = 0> <II = 1> <Delay = 1.12> <FuncUnit> <Opcode : 'add' 'sub'> <InPorts = 2> <OutPorts = 1>
ST_12 : Operation 263 [1/1] (0.00ns)   --->   "%trunc_ln29_8 = trunc i62 %add_ln29_3" [md_grid.c:29]   --->   Operation 263 'trunc' 'trunc_ln29_8' <Predicate = true> <Delay = 0.00>
ST_12 : Operation 264 [1/1] (0.00ns)   --->   "%trunc_ln29_9 = trunc i62 %add_ln29_3" [md_grid.c:29]   --->   Operation 264 'trunc' 'trunc_ln29_9' <Predicate = (!select_ln8_8)> <Delay = 0.00>
ST_12 : Operation 265 [1/1] (0.00ns)   --->   "%zext_ln33 = zext i10 %add_ln33_1" [md_grid.c:33]   --->   Operation 265 'zext' 'zext_ln33' <Predicate = true> <Delay = 0.00>
ST_12 : Operation 266 [1/1] (0.00ns)   --->   "%force_r_addr = getelementptr i192 %force_r, i64 0, i64 %zext_ln33" [md_grid.c:33]   --->   Operation 266 'getelementptr' 'force_r_addr' <Predicate = true> <Delay = 0.00>
ST_12 : Operation 267 [1/1] (0.00ns)   --->   "%position_addr = getelementptr i192 %position, i64 0, i64 %zext_ln33" [md_grid.c:32]   --->   Operation 267 'getelementptr' 'position_addr' <Predicate = true> <Delay = 0.00>
ST_12 : Operation 268 [2/2] (1.20ns)   --->   "%position_load = load i10 %position_addr" [md_grid.c:32]   --->   Operation 268 'load' 'position_load' <Predicate = true> <Delay = 1.20> <CoreInst = "RAM">   --->   Core 83 'RAM' <Latency = 1> <II = 1> <Delay = 1.20> <Storage> <Opcode : 'load' 'store'> <Ports = 2> <Width = 192> <Depth = 640> <RAM>

State 13 <SV = 12> <Delay = 3.41>
ST_13 : Operation 269 [1/1] (0.00ns)   --->   "%tmp_6 = bitconcatenate i63 @_ssdm_op_BitConcatenate.i63.i61.i2, i61 %trunc_ln29_8, i2 0" [md_grid.c:29]   --->   Operation 269 'bitconcatenate' 'tmp_6' <Predicate = true> <Delay = 0.00>
ST_13 : Operation 270 [1/1] (0.00ns)   --->   "%tmp_27_cast = bitconcatenate i6 @_ssdm_op_BitConcatenate.i6.i4.i2, i4 %trunc_ln29_9, i2 0" [md_grid.c:25]   --->   Operation 270 'bitconcatenate' 'tmp_27_cast' <Predicate = (!select_ln8_8)> <Delay = 0.00>
ST_13 : Operation 271 [1/1] (1.14ns)   --->   "%add_ln25 = add i64 %select_ln8_5, i64 1" [md_grid.c:25]   --->   Operation 271 'add' 'add_ln25' <Predicate = true> <Delay = 1.14> <CoreInst = "Adder">   --->   Core 1 'Adder' <Latency = 0> <II = 1> <Delay = 1.14> <FuncUnit> <Opcode : 'add' 'sub'> <InPorts = 2> <OutPorts = 1>
ST_13 : Operation 272 [1/1] (0.00ns)   --->   "%trunc_ln29_10 = trunc i64 %add_ln25" [md_grid.c:29]   --->   Operation 272 'trunc' 'trunc_ln29_10' <Predicate = (!select_ln8_8)> <Delay = 0.00>
ST_13 : Operation 273 [1/1] (0.70ns)   --->   "%add_ln29_4 = add i6 %tmp_27_cast, i6 %trunc_ln29_10" [md_grid.c:29]   --->   Operation 273 'add' 'add_ln29_4' <Predicate = (!select_ln8_8)> <Delay = 0.70> <CoreInst = "Adder">   --->   Core 1 'Adder' <Latency = 0> <II = 1> <Delay = 0.70> <FuncUnit> <Opcode : 'add' 'sub'> <InPorts = 2> <OutPorts = 1>
ST_13 : Operation 274 [1/1] (0.29ns) (out node of the LUT)   --->   "%select_ln8_10 = select i1 %select_ln8_8, i6 %select_ln8_7, i6 %add_ln29_4" [md_grid.c:8]   --->   Operation 274 'select' 'select_ln8_10' <Predicate = true> <Delay = 0.29> <CoreInst = "Sel">   --->   Core 73 'Sel' <Latency = 0> <II = 1> <Delay = 0.29> <FuncUnit> <Opcode : 'select'> <InPorts = 3> <OutPorts = 1>
ST_13 : Operation 275 [1/1] (0.00ns)   --->   "%zext_ln29 = zext i6 %select_ln8_10" [md_grid.c:29]   --->   Operation 275 'zext' 'zext_ln29' <Predicate = true> <Delay = 0.00>
ST_13 : Operation 276 [1/1] (0.00ns)   --->   "%n_points_addr_1 = getelementptr i32 %n_points, i64 0, i64 %zext_ln29" [md_grid.c:29]   --->   Operation 276 'getelementptr' 'n_points_addr_1' <Predicate = true> <Delay = 0.00>
ST_13 : Operation 277 [2/2] (0.69ns)   --->   "%n_points_load_1 = load i6 %n_points_addr_1" [md_grid.c:8]   --->   Operation 277 'load' 'n_points_load_1' <Predicate = true> <Delay = 0.69> <CoreInst = "RAM">   --->   Core 83 'RAM' <Latency = 1> <II = 1> <Delay = 0.69> <Storage> <Opcode : 'load' 'store'> <Ports = 2> <Width = 32> <Depth = 64> <RAM>
ST_13 : Operation 278 [1/1] (0.41ns)   --->   "%select_ln25 = select i1 %select_ln8_8, i64 %select_ln8_5, i64 %add_ln25" [md_grid.c:25]   --->   Operation 278 'select' 'select_ln25' <Predicate = true> <Delay = 0.41> <CoreInst = "Sel">   --->   Core 73 'Sel' <Latency = 0> <II = 1> <Delay = 0.41> <FuncUnit> <Opcode : 'select'> <InPorts = 3> <OutPorts = 1>
ST_13 : Operation 279 [1/1] (0.00ns)   --->   "%trunc_ln39 = trunc i64 %select_ln25" [md_grid.c:39]   --->   Operation 279 'trunc' 'trunc_ln39' <Predicate = true> <Delay = 0.00>
ST_13 : Operation 280 [1/1] (1.13ns)   --->   "%add_ln39 = add i63 %tmp_6, i63 %trunc_ln39" [md_grid.c:39]   --->   Operation 280 'add' 'add_ln39' <Predicate = true> <Delay = 1.13> <CoreInst = "Adder">   --->   Core 1 'Adder' <Latency = 0> <II = 1> <Delay = 1.13> <FuncUnit> <Opcode : 'add' 'sub'> <InPorts = 2> <OutPorts = 1>
ST_13 : Operation 281 [1/1] (0.00ns)   --->   "%trunc_ln39_4 = trunc i63 %add_ln39" [md_grid.c:39]   --->   Operation 281 'trunc' 'trunc_ln39_4' <Predicate = true> <Delay = 0.00>
ST_13 : Operation 282 [1/1] (0.00ns)   --->   "%p_shl2 = bitconcatenate i10 @_ssdm_op_BitConcatenate.i10.i7.i3, i7 %trunc_ln39_4, i3 0" [md_grid.c:39]   --->   Operation 282 'bitconcatenate' 'p_shl2' <Predicate = true> <Delay = 0.00>
ST_13 : Operation 283 [1/1] (0.00ns)   --->   "%trunc_ln39_5 = trunc i63 %add_ln39" [md_grid.c:39]   --->   Operation 283 'trunc' 'trunc_ln39_5' <Predicate = true> <Delay = 0.00>
ST_13 : Operation 284 [1/1] (0.00ns)   --->   "%p_shl3 = bitconcatenate i10 @_ssdm_op_BitConcatenate.i10.i9.i1, i9 %trunc_ln39_5, i1 0" [md_grid.c:39]   --->   Operation 284 'bitconcatenate' 'p_shl3' <Predicate = true> <Delay = 0.00>
ST_13 : Operation 285 [1/1] (0.72ns)   --->   "%add_ln39_1 = add i10 %p_shl2, i10 %p_shl3" [md_grid.c:39]   --->   Operation 285 'add' 'add_ln39_1' <Predicate = true> <Delay = 0.72> <CoreInst = "Adder">   --->   Core 1 'Adder' <Latency = 0> <II = 1> <Delay = 0.72> <FuncUnit> <Opcode : 'add' 'sub'> <InPorts = 2> <OutPorts = 1>
ST_13 : Operation 286 [1/2] (1.20ns)   --->   "%position_load = load i10 %position_addr" [md_grid.c:32]   --->   Operation 286 'load' 'position_load' <Predicate = true> <Delay = 1.20> <CoreInst = "RAM">   --->   Core 83 'RAM' <Latency = 1> <II = 1> <Delay = 1.20> <Storage> <Opcode : 'load' 'store'> <Ports = 2> <Width = 192> <Depth = 640> <RAM>
ST_13 : Operation 287 [1/1] (0.00ns)   --->   "%trunc_ln32 = trunc i192 %position_load" [md_grid.c:32]   --->   Operation 287 'trunc' 'trunc_ln32' <Predicate = true> <Delay = 0.00>
ST_13 : Operation 288 [1/1] (0.00ns)   --->   "%trunc_ln32_3 = trunc i192 %position_load" [md_grid.c:32]   --->   Operation 288 'trunc' 'trunc_ln32_3' <Predicate = true> <Delay = 0.00>
ST_13 : Operation 289 [1/1] (0.00ns)   --->   "%trunc_ln32_1 = partselect i64 @_ssdm_op_PartSelect.i64.i192.i32.i32, i192 %position_load, i32 64, i32 127" [md_grid.c:32]   --->   Operation 289 'partselect' 'trunc_ln32_1' <Predicate = true> <Delay = 0.00>
ST_13 : Operation 290 [1/1] (0.00ns)   --->   "%trunc_ln32_2 = partselect i64 @_ssdm_op_PartSelect.i64.i192.i32.i32, i192 %position_load, i32 128, i32 191" [md_grid.c:32]   --->   Operation 290 'partselect' 'trunc_ln32_2' <Predicate = true> <Delay = 0.00>
ST_13 : Operation 291 [2/2] (1.20ns)   --->   "%force_r_load = load i10 %force_r_addr" [md_grid.c:33]   --->   Operation 291 'load' 'force_r_load' <Predicate = true> <Delay = 1.20> <CoreInst = "RAM">   --->   Core 83 'RAM' <Latency = 1> <II = 1> <Delay = 1.20> <Storage> <Opcode : 'load' 'store'> <Ports = 2> <Width = 192> <Depth = 640> <RAM>
ST_13 : Operation 292 [1/1] (0.00ns)   --->   "%trunc_ln42 = trunc i192 %position_load" [md_grid.c:42]   --->   Operation 292 'trunc' 'trunc_ln42' <Predicate = true> <Delay = 0.00>
ST_13 : Operation 293 [1/1] (0.98ns)   --->   "%icmp_ln42_3 = icmp_eq  i52 %trunc_ln42, i52 0" [md_grid.c:42]   --->   Operation 293 'icmp' 'icmp_ln42_3' <Predicate = true> <Delay = 0.98> <CoreInst = "Cmp">   --->   Core 9 'Cmp' <Latency = 0> <II = 1> <Delay = 0.98> <FuncUnit> <Opcode : 'icmp'> <InPorts = 2> <OutPorts = 1>
ST_13 : Operation 294 [1/1] (0.00ns)   --->   "%trunc_ln42_3 = partselect i52 @_ssdm_op_PartSelect.i52.i192.i32.i32, i192 %position_load, i32 64, i32 115" [md_grid.c:42]   --->   Operation 294 'partselect' 'trunc_ln42_3' <Predicate = true> <Delay = 0.00>
ST_13 : Operation 295 [1/1] (0.98ns)   --->   "%icmp_ln42_7 = icmp_eq  i52 %trunc_ln42_3, i52 0" [md_grid.c:42]   --->   Operation 295 'icmp' 'icmp_ln42_7' <Predicate = true> <Delay = 0.98> <CoreInst = "Cmp">   --->   Core 9 'Cmp' <Latency = 0> <II = 1> <Delay = 0.98> <FuncUnit> <Opcode : 'icmp'> <InPorts = 2> <OutPorts = 1>
ST_13 : Operation 296 [1/1] (0.00ns)   --->   "%trunc_ln42_5 = partselect i52 @_ssdm_op_PartSelect.i52.i192.i32.i32, i192 %position_load, i32 128, i32 179" [md_grid.c:42]   --->   Operation 296 'partselect' 'trunc_ln42_5' <Predicate = true> <Delay = 0.00>
ST_13 : Operation 297 [1/1] (0.98ns)   --->   "%icmp_ln42 = icmp_eq  i52 %trunc_ln42_5, i52 0" [md_grid.c:42]   --->   Operation 297 'icmp' 'icmp_ln42' <Predicate = true> <Delay = 0.98> <CoreInst = "Cmp">   --->   Core 9 'Cmp' <Latency = 0> <II = 1> <Delay = 0.98> <FuncUnit> <Opcode : 'icmp'> <InPorts = 2> <OutPorts = 1>

State 14 <SV = 13> <Delay = 3.12>
ST_14 : Operation 298 [1/2] (0.69ns)   --->   "%n_points_load_1 = load i6 %n_points_addr_1" [md_grid.c:8]   --->   Operation 298 'load' 'n_points_load_1' <Predicate = true> <Delay = 0.69> <CoreInst = "RAM">   --->   Core 83 'RAM' <Latency = 1> <II = 1> <Delay = 0.69> <Storage> <Opcode : 'load' 'store'> <Ports = 2> <Width = 32> <Depth = 64> <RAM>
ST_14 : Operation 299 [1/1] (0.00ns)   --->   "%p_x = bitcast i64 %trunc_ln32_3" [md_grid.c:32]   --->   Operation 299 'bitcast' 'p_x' <Predicate = true> <Delay = 0.00>
ST_14 : Operation 300 [1/1] (0.00ns)   --->   "%p_y = bitcast i64 %trunc_ln32_1" [md_grid.c:32]   --->   Operation 300 'bitcast' 'p_y' <Predicate = true> <Delay = 0.00>
ST_14 : Operation 301 [1/1] (0.00ns)   --->   "%p_z = bitcast i64 %trunc_ln32_2" [md_grid.c:32]   --->   Operation 301 'bitcast' 'p_z' <Predicate = true> <Delay = 0.00>
ST_14 : Operation 302 [1/2] (1.20ns)   --->   "%force_r_load = load i10 %force_r_addr" [md_grid.c:33]   --->   Operation 302 'load' 'force_r_load' <Predicate = true> <Delay = 1.20> <CoreInst = "RAM">   --->   Core 83 'RAM' <Latency = 1> <II = 1> <Delay = 1.20> <Storage> <Opcode : 'load' 'store'> <Ports = 2> <Width = 192> <Depth = 640> <RAM>
ST_14 : Operation 303 [1/1] (0.00ns)   --->   "%trunc_ln33_2 = trunc i192 %force_r_load" [md_grid.c:33]   --->   Operation 303 'trunc' 'trunc_ln33_2' <Predicate = true> <Delay = 0.00>
ST_14 : Operation 304 [1/1] (0.00ns)   --->   "%sum_x = bitcast i64 %trunc_ln33_2" [md_grid.c:33]   --->   Operation 304 'bitcast' 'sum_x' <Predicate = true> <Delay = 0.00>
ST_14 : Operation 305 [1/1] (0.00ns)   --->   "%trunc_ln5 = partselect i64 @_ssdm_op_PartSelect.i64.i192.i32.i32, i192 %force_r_load, i32 64, i32 127" [md_grid.c:34]   --->   Operation 305 'partselect' 'trunc_ln5' <Predicate = true> <Delay = 0.00>
ST_14 : Operation 306 [1/1] (0.00ns)   --->   "%sum_y = bitcast i64 %trunc_ln5" [md_grid.c:34]   --->   Operation 306 'bitcast' 'sum_y' <Predicate = true> <Delay = 0.00>
ST_14 : Operation 307 [1/1] (0.00ns)   --->   "%trunc_ln6 = partselect i64 @_ssdm_op_PartSelect.i64.i192.i32.i32, i192 %force_r_load, i32 128, i32 191" [md_grid.c:35]   --->   Operation 307 'partselect' 'trunc_ln6' <Predicate = true> <Delay = 0.00>
ST_14 : Operation 308 [1/1] (0.00ns)   --->   "%sum_z = bitcast i64 %trunc_ln6" [md_grid.c:35]   --->   Operation 308 'bitcast' 'sum_z' <Predicate = true> <Delay = 0.00>
ST_14 : Operation 309 [2/2] (1.92ns)   --->   "%call_ln35 = call void @md_Pipeline_loop_q, i64 %sum_z, i64 %sum_y, i64 %sum_x, i32 %n_points_load_1, i10 %add_ln39_1, i192 %position, i191 %trunc_ln32, i1 %icmp_ln42_3, i64 %p_x, i1 %icmp_ln42_7, i64 %p_y, i1 %icmp_ln42, i64 %p_z, i64 %sum_z_2_loc, i64 %sum_y_2_loc, i64 %sum_x_2_loc" [md_grid.c:35]   --->   Operation 309 'call' 'call_ln35' <Predicate = true> <Delay = 1.92> <CoreType = "Generic">   --->   Core 0 '' <Latency = 0> <II = 1> <Delay = 1.00> <Generic> <Opcode : >

State 15 <SV = 14> <Delay = 0.00>
ST_15 : Operation 310 [1/2] (0.00ns)   --->   "%call_ln35 = call void @md_Pipeline_loop_q, i64 %sum_z, i64 %sum_y, i64 %sum_x, i32 %n_points_load_1, i10 %add_ln39_1, i192 %position, i191 %trunc_ln32, i1 %icmp_ln42_3, i64 %p_x, i1 %icmp_ln42_7, i64 %p_y, i1 %icmp_ln42, i64 %p_z, i64 %sum_z_2_loc, i64 %sum_y_2_loc, i64 %sum_x_2_loc" [md_grid.c:35]   --->   Operation 310 'call' 'call_ln35' <Predicate = true> <Delay = 0.00> <CoreType = "Generic">   --->   Core 0 '' <Latency = 0> <II = 1> <Delay = 1.00> <Generic> <Opcode : >

State 16 <SV = 15> <Delay = 1.20>
ST_16 : Operation 311 [1/1] (0.00ns)   --->   "%specloopname_ln0 = specloopname void @_ssdm_op_SpecLoopName, void @loop_grid1_x_loop_grid1_z_loop_p_str"   --->   Operation 311 'specloopname' 'specloopname_ln0' <Predicate = true> <Delay = 0.00>
ST_16 : Operation 312 [1/1] (0.00ns)   --->   "%speclooptripcount_ln0 = speclooptripcount void @_ssdm_op_SpecLoopTripCount, i64 0, i64 270, i64 135"   --->   Operation 312 'speclooptripcount' 'speclooptripcount_ln0' <Predicate = true> <Delay = 0.00>
ST_16 : Operation 313 [1/1] (0.00ns)   --->   "%specloopname_ln0 = specloopname void @_ssdm_op_SpecLoopName, void @loop_grid1_y_loop_grid1_z_loop_p_str"   --->   Operation 313 'specloopname' 'specloopname_ln0' <Predicate = true> <Delay = 0.00>
ST_16 : Operation 314 [1/1] (0.00ns)   --->   "%specloopname_ln0 = specloopname void @_ssdm_op_SpecLoopName, void @loop_grid1_z_loop_p_str"   --->   Operation 314 'specloopname' 'specloopname_ln0' <Predicate = true> <Delay = 0.00>
ST_16 : Operation 315 [1/1] (0.00ns)   --->   "%specloopname_ln10 = specloopname void @_ssdm_op_SpecLoopName, void @empty_3" [md_grid.c:10]   --->   Operation 315 'specloopname' 'specloopname_ln10' <Predicate = true> <Delay = 0.00>
ST_16 : Operation 316 [1/1] (0.00ns)   --->   "%sum_z_2_loc_load = load i64 %sum_z_2_loc"   --->   Operation 316 'load' 'sum_z_2_loc_load' <Predicate = true> <Delay = 0.00>
ST_16 : Operation 317 [1/1] (0.00ns)   --->   "%sum_y_2_loc_load = load i64 %sum_y_2_loc"   --->   Operation 317 'load' 'sum_y_2_loc_load' <Predicate = true> <Delay = 0.00>
ST_16 : Operation 318 [1/1] (0.00ns)   --->   "%sum_x_2_loc_load = load i64 %sum_x_2_loc"   --->   Operation 318 'load' 'sum_x_2_loc_load' <Predicate = true> <Delay = 0.00>
ST_16 : Operation 319 [1/1] (0.00ns)   --->   "%bitcast_ln57 = bitcast i64 %sum_x_2_loc_load" [md_grid.c:57]   --->   Operation 319 'bitcast' 'bitcast_ln57' <Predicate = true> <Delay = 0.00>
ST_16 : Operation 320 [1/1] (0.00ns)   --->   "%bitcast_ln58 = bitcast i64 %sum_y_2_loc_load" [md_grid.c:58]   --->   Operation 320 'bitcast' 'bitcast_ln58' <Predicate = true> <Delay = 0.00>
ST_16 : Operation 321 [1/1] (0.00ns)   --->   "%bitcast_ln59 = bitcast i64 %sum_z_2_loc_load" [md_grid.c:59]   --->   Operation 321 'bitcast' 'bitcast_ln59' <Predicate = true> <Delay = 0.00>
ST_16 : Operation 322 [1/1] (0.00ns)   --->   "%or_ln = bitconcatenate i192 @_ssdm_op_BitConcatenate.i192.i64.i64.i64, i64 %bitcast_ln59, i64 %bitcast_ln58, i64 %bitcast_ln57" [md_grid.c:59]   --->   Operation 322 'bitconcatenate' 'or_ln' <Predicate = true> <Delay = 0.00>
ST_16 : Operation 323 [1/1] (1.20ns)   --->   "%store_ln59 = store i192 %or_ln, i10 %force_r_addr" [md_grid.c:59]   --->   Operation 323 'store' 'store_ln59' <Predicate = true> <Delay = 1.20> <CoreInst = "RAM">   --->   Core 83 'RAM' <Latency = 1> <II = 1> <Delay = 1.20> <Storage> <Opcode : 'load' 'store'> <Ports = 2> <Width = 192> <Depth = 640> <RAM>
ST_16 : Operation 324 [1/1] (0.00ns)   --->   "%br_ln30 = br void %loop_q" [md_grid.c:30]   --->   Operation 324 'br' 'br_ln30' <Predicate = true> <Delay = 0.00>


============================================================
+ Verbose Summary: Timing violations
============================================================
Target clock period: 5ns, clock uncertainty: 1.35ns.

 <State 1>: 0.387ns
The critical path consists of the following:
	'alloca' operation ('indvar_flatten178') [11]  (0 ns)
	'store' operation ('store_ln14', md_grid.c:14) of constant 0 on local variable 'indvar_flatten178' [22]  (0.387 ns)

 <State 2>: 2.42ns
The critical path consists of the following:
	'load' operation ('b0.x') on local variable 'b0.x' [35]  (0 ns)
	'add' operation ('empty_13') [44]  (0.572 ns)
	'icmp' operation ('cmp18') [45]  (0.5 ns)
	'select' operation ('cond24') [47]  (0.278 ns)
	'icmp' operation ('empty_15', md_grid.c:14) [48]  (0.5 ns)
	'select' operation ('smax28', md_grid.c:14) [49]  (0 ns)
	'sub' operation ('sub_ln16', md_grid.c:16) [51]  (0.572 ns)

 <State 3>: 3.27ns
The critical path consists of the following:
	'select' operation ('select_ln14', md_grid.c:14) [79]  (0.278 ns)
	'add' operation ('add_ln16', md_grid.c:16) [108]  (0.572 ns)
	'select' operation ('select_ln16_2', md_grid.c:16) [114]  (0.278 ns)
	'add' operation ('empty_22', md_grid.c:14) [116]  (0.707 ns)
	'add' operation ('empty_24', md_grid.c:14) [139]  (0.705 ns)
	'add' operation ('add_ln33', md_grid.c:33) [146]  (0.725 ns)

 <State 4>: 2.42ns
The critical path consists of the following:
	'add' operation ('empty_27', md_grid.c:16) [156]  (0.572 ns)
	'icmp' operation ('cmp64', md_grid.c:16) [157]  (0.5 ns)
	'select' operation ('cond70', md_grid.c:16) [159]  (0.278 ns)
	'icmp' operation ('empty_29', md_grid.c:16) [161]  (0.5 ns)
	'select' operation ('smax3', md_grid.c:16) [162]  (0 ns)
	'sub' operation ('sub_ln21', md_grid.c:21) [164]  (0.572 ns)

 <State 5>: 3.61ns
The critical path consists of the following:
	'mul' operation ('mul_ln8', md_grid.c:8) [168]  (3.61 ns)

 <State 6>: 3.61ns
The critical path consists of the following:
	'mul' operation ('mul_ln8', md_grid.c:8) [168]  (3.61 ns)

 <State 7>: 3.61ns
The critical path consists of the following:
	'mul' operation ('mul_ln8_1', md_grid.c:8) [172]  (3.61 ns)

 <State 8>: 3.61ns
The critical path consists of the following:
	'mul' operation ('mul_ln8_1', md_grid.c:8) [172]  (3.61 ns)

 <State 9>: 3.61ns
The critical path consists of the following:
	'mul' operation ('mul_ln8_2', md_grid.c:8) [176]  (3.61 ns)

 <State 10>: 3.61ns
The critical path consists of the following:
	'mul' operation ('mul_ln8_2', md_grid.c:8) [176]  (3.61 ns)

 <State 11>: 2.83ns
The critical path consists of the following:
	'phi' operation ('indvar_flatten22', md_grid.c:23) with incoming values : ('select_ln23_1', md_grid.c:23) [183]  (0 ns)
	'icmp' operation ('icmp_ln23', md_grid.c:23) [205]  (1.24 ns)
	'select' operation ('select_ln8_4', md_grid.c:8) [212]  (0.278 ns)
	'select' operation ('select_ln8_8', md_grid.c:8) [227]  (0.278 ns)
	'select' operation ('select_ln8_9', md_grid.c:8) [239]  (0.303 ns)
	'add' operation ('add_ln33_1', md_grid.c:33) [252]  (0.725 ns)

 <State 12>: 2.68ns
The critical path consists of the following:
	'add' operation ('add_ln21', md_grid.c:21) [200]  (1.15 ns)
	'select' operation ('select_ln21', md_grid.c:21) [213]  (0.411 ns)
	'add' operation ('add_ln29_3', md_grid.c:29) [230]  (1.12 ns)

 <State 13>: 3.42ns
The critical path consists of the following:
	'add' operation ('add_ln25', md_grid.c:25) [235]  (1.15 ns)
	'select' operation ('select_ln25', md_grid.c:25) [244]  (0.411 ns)
	'add' operation ('add_ln39', md_grid.c:39) [246]  (1.13 ns)
	'add' operation ('add_ln39_1', md_grid.c:39) [251]  (0.725 ns)

 <State 14>: 3.12ns
The critical path consists of the following:
	'load' operation ('force_r_load', md_grid.c:33) on array 'force_r' [265]  (1.2 ns)
	'call' operation ('call_ln35', md_grid.c:35) to 'md_Pipeline_loop_q' [278]  (1.92 ns)

 <State 15>: 0ns
The critical path consists of the following:

 <State 16>: 1.2ns
The critical path consists of the following:
	'load' operation ('sum_z_2_loc_load') on local variable 'sum_z_2_loc' [279]  (0 ns)
	'store' operation ('store_ln59', md_grid.c:59) of variable 'or_ln', md_grid.c:59 on array 'force_r' [286]  (1.2 ns)


============================================================
+ Verbose Summary: Binding
============================================================
N/A
* FSMD analyzer results:
  - Output states:
 - Input state : 
  - Chain level:
	State 1
	State 2
	State 3
	State 4
	State 5
	State 6
	State 7
	State 8
	State 9
	State 10
	State 11
	State 12
	State 13
	State 14
	State 15
	State 16


============================================================
+ Verbose Summary: Datapath Resource usage 
============================================================
N/A
