Fri Apr  4 02:04:01 2025: Running xcd server. This server was built by gradle.
Fri Apr  4 02:04:01 2025: Server was asked to start on port: '34975'
Fri Apr  4 02:04:01 2025: Server is using token UUID: 'e40f2828-85bc-4591-bef2-84eed1a6ebe7'
Fri Apr  4 02:04:01 2025: SESSION_MGR: creating session with session uuid: '6d04a3e9-ade5-4ab9-8d63-1f78fcd2ec76' and name 'default'
Fri Apr  4 02:04:01 2025: Attempting to start server on port '34975'
Fri Apr  4 02:04:01 2025: XCD main fifo: created main fifo '/tmp/xcdmaine40f2828-85bc-4591-bef2-84eed1a6ebe7', fd read = 13
Fri Apr  4 02:04:01 2025: Running Dispatch Server
Fri Apr  4 02:04:01 2025: Version 2.2.0
Fri Apr  4 02:04:10 2025: Dispatch Server: Accepted socket connection from client
Fri Apr  4 02:04:10 2025: Starting Socket connection
Fri Apr  4 02:04:10 2025: EXCHANGE_TOKEN received, server token: e40f2828-85bc-4591-bef2-84eed1a6ebe7, passed token: e40f2828-85bc-4591-bef2-84eed1a6ebe7
Fri Apr  4 02:04:10 2025: SESSION_MGR: creating session with session uuid: '95dbd38d-3f6c-423a-a6c3-2c24fbff9025' and name 'vitis_hls'
Fri Apr  4 02:04:10 2025: KERNEL_SVC: creating session with uuid: '95dbd38d-3f6c-423a-a6c3-2c24fbff9025' and name 'vitis_hls'
Fri Apr  4 02:04:10 2025: GUIDANCE_SMGR: creating guidance session with uuid: '95dbd38d-3f6c-423a-a6c3-2c24fbff9025' and name 'vitis_hls'
Fri Apr  4 02:31:17 2025: STOP_SERVER received, server token: e40f2828-85bc-4591-bef2-84eed1a6ebe7, passed token: e40f2828-85bc-4591-bef2-84eed1a6ebe7
Fri Apr  4 02:31:17 2025: Socket received request to stop server.
Fri Apr  4 02:31:17 2025: Dispatch Server: do_await_stop
Fri Apr  4 02:31:17 2025: Dispatch Server: stopping mainFifo_
Fri Apr  4 02:31:17 2025: XCD main fifo: Stopping
Fri Apr  4 02:31:17 2025: XCD main fifo: do_read error code: Operation canceled
Fri Apr  4 02:31:17 2025: XCD main fifo: bytes_transferred: 0
Fri Apr  4 02:31:17 2025: SERVER: destructor for server bound to port 34975
Fri Apr  4 02:31:17 2025: XCD main fifo: Good unlink of /tmp/xcdmaine40f2828-85bc-4591-bef2-84eed1a6ebe7
Fri Apr  4 02:31:17 2025: Server exiting with status 0.
Fri Apr  4 02:31:17 2025: Closing log file.
