

================================================================
== Vitis HLS Report for 'spmv'
================================================================
* Date:           Wed May  7 15:34:01 2025

* Version:        2022.2.2 (Build 3779808 on Feb 17 2023)
* Project:        hls_prj
* Solution:       solution (Vivado IP Flow Target)
* Product family: virtexuplus
* Target device:  xcu55c-fsvh2892-2L-e


================================================================
== Performance Estimates
================================================================
+ Timing: 
    * Summary: 
    +--------+---------+----------+------------+
    |  Clock |  Target | Estimated| Uncertainty|
    +--------+---------+----------+------------+
    |ap_clk  |  5.00 ns|  3.330 ns|     1.35 ns|
    +--------+---------+----------+------------+

+ Latency: 
    * Summary: 
    +---------+---------+-----------+-----------+------+---------+---------+
    |  Latency (cycles) |   Latency (absolute)  |    Interval    | Pipeline|
    |   min   |   max   |    min    |    max    |  min |   max   |   Type  |
    +---------+---------+-----------+-----------+------+---------+---------+
    |     2965|  3298933|  14.825 us|  16.495 ms|  2966|  3298934|       no|
    +---------+---------+-----------+-----------+------+---------+---------+

    + Detail: 
        * Instance: 
        +---------------------------------+----------------------+---------+---------+-----------+-----------+-----+------+---------+
        |                                 |                      |  Latency (cycles) |   Latency (absolute)  |  Interval  | Pipeline|
        |             Instance            |        Module        |   min   |   max   |    min    |    max    | min |  max |   Type  |
        +---------------------------------+----------------------+---------+---------+-----------+-----------+-----+------+---------+
        |grp_spmv_Pipeline_spmv_2_fu_106  |spmv_Pipeline_spmv_2  |        2|     6674|  10.000 ns|  33.370 us|    2|  6674|       no|
        +---------------------------------+----------------------+---------+---------+-----------+-----------+-----+------+---------+

        * Loop: 
        +----------+---------+---------+----------+-----------+-----------+------+----------+
        |          |  Latency (cycles) | Iteration|  Initiation Interval  | Trip |          |
        | Loop Name|   min   |   max   |  Latency |  achieved |   target  | Count| Pipelined|
        +----------+---------+---------+----------+-----------+-----------+------+----------+
        |- spmv_1  |     2964|  3298932|  6 ~ 6678|          -|          -|   494|        no|
        +----------+---------+---------+----------+-----------+-----------+------+----------+



================================================================
== Utilization Estimates
================================================================
* Summary: 
+---------------------+---------+------+---------+---------+-----+
|         Name        | BRAM_18K|  DSP |    FF   |   LUT   | URAM|
+---------------------+---------+------+---------+---------+-----+
|DSP                  |        -|     -|        -|        -|    -|
|Expression           |        -|     -|        0|       45|    -|
|FIFO                 |        -|     -|        -|        -|    -|
|Instance             |        -|    11|     1166|     1016|    -|
|Memory               |        -|     -|        -|        -|    -|
|Multiplexer          |        -|     -|        -|       40|    -|
|Register             |        -|     -|       88|        -|    -|
+---------------------+---------+------+---------+---------+-----+
|Total                |        0|    11|     1254|     1101|    0|
+---------------------+---------+------+---------+---------+-----+
|Available SLR        |     1344|  3008|   869120|   434560|  320|
+---------------------+---------+------+---------+---------+-----+
|Utilization SLR (%)  |        0|    ~0|       ~0|       ~0|    0|
+---------------------+---------+------+---------+---------+-----+
|Available            |     4032|  9024|  2607360|  1303680|  960|
+---------------------+---------+------+---------+---------+-----+
|Utilization (%)      |        0|    ~0|       ~0|       ~0|    0|
+---------------------+---------+------+---------+---------+-----+

+ Detail: 
    * Instance: 
    +---------------------------------+----------------------+---------+----+------+------+-----+
    |             Instance            |        Module        | BRAM_18K| DSP|  FF  |  LUT | URAM|
    +---------------------------------+----------------------+---------+----+------+------+-----+
    |grp_spmv_Pipeline_spmv_2_fu_106  |spmv_Pipeline_spmv_2  |        0|  11|  1166|  1016|    0|
    +---------------------------------+----------------------+---------+----+------+------+-----+
    |Total                            |                      |        0|  11|  1166|  1016|    0|
    +---------------------------------+----------------------+---------+----+------+------+-----+

    * DSP: 
    N/A

    * Memory: 
    N/A

    * FIFO: 
    N/A

    * Expression: 
    +----------------------+----------+----+---+----+------------+------------+
    |     Variable Name    | Operation| DSP| FF| LUT| Bitwidth P0| Bitwidth P1|
    +----------------------+----------+----+---+----+------------+------------+
    |add_ln16_1_fu_154_p2  |         +|   0|  0|  18|          11|           3|
    |add_ln16_fu_135_p2    |         +|   0|  0|  16|           9|           1|
    |icmp_ln12_fu_129_p2   |      icmp|   0|  0|  11|           9|           6|
    +----------------------+----------+----+---+----+------------+------------+
    |Total                 |          |   0|  0|  45|          29|          10|
    +----------------------+----------+----+---+----+------------+------------+

    * Multiplexer: 
    +-----------+----+-----------+-----+-----------+
    |    Name   | LUT| Input Size| Bits| Total Bits|
    +-----------+----+-----------+-----+-----------+
    |ap_NS_fsm  |  31|          6|    1|          6|
    |i_fu_60    |   9|          2|    9|         18|
    +-----------+----+-----------+-----+-----------+
    |Total      |  40|          8|   10|         24|
    +-----------+----+-----------+-----+-----------+

    * Register: 
    +----------------------------------------------+----+----+-----+-----------+
    |                     Name                     | FF | LUT| Bits| Const Bits|
    +----------------------------------------------+----+----+-----+-----------+
    |ap_CS_fsm                                     |   5|   0|    5|          0|
    |grp_spmv_Pipeline_spmv_2_fu_106_ap_start_reg  |   1|   0|    1|          0|
    |i_fu_60                                       |   9|   0|    9|          0|
    |tmp_begin_reg_219                             |  32|   0|   32|          0|
    |tmp_end_reg_224                               |  32|   0|   32|          0|
    |zext_ln12_reg_204                             |   9|   0|   64|         55|
    +----------------------------------------------+----+----+-----+-----------+
    |Total                                         |  88|   0|  143|         55|
    +----------------------------------------------+----+----+-----+-----------+



================================================================
== Interface
================================================================
* Summary: 
+------------------------+-----+-----+------------+---------------+--------------+
|        RTL Ports       | Dir | Bits|  Protocol  | Source Object |    C Type    |
+------------------------+-----+-----+------------+---------------+--------------+
|ap_clk                  |   in|    1|  ap_ctrl_hs|           spmv|  return value|
|ap_rst                  |   in|    1|  ap_ctrl_hs|           spmv|  return value|
|ap_start                |   in|    1|  ap_ctrl_hs|           spmv|  return value|
|ap_done                 |  out|    1|  ap_ctrl_hs|           spmv|  return value|
|ap_idle                 |  out|    1|  ap_ctrl_hs|           spmv|  return value|
|ap_ready                |  out|    1|  ap_ctrl_hs|           spmv|  return value|
|val_r_address0          |  out|   11|   ap_memory|          val_r|         array|
|val_r_ce0               |  out|    1|   ap_memory|          val_r|         array|
|val_r_q0                |   in|   64|   ap_memory|          val_r|         array|
|cols_address0           |  out|   11|   ap_memory|           cols|         array|
|cols_ce0                |  out|    1|   ap_memory|           cols|         array|
|cols_q0                 |   in|   32|   ap_memory|           cols|         array|
|rowDelimiters_address0  |  out|    9|   ap_memory|  rowDelimiters|         array|
|rowDelimiters_ce0       |  out|    1|   ap_memory|  rowDelimiters|         array|
|rowDelimiters_q0        |   in|   32|   ap_memory|  rowDelimiters|         array|
|rowDelimiters_address1  |  out|    9|   ap_memory|  rowDelimiters|         array|
|rowDelimiters_ce1       |  out|    1|   ap_memory|  rowDelimiters|         array|
|rowDelimiters_q1        |   in|   32|   ap_memory|  rowDelimiters|         array|
|vec_address0            |  out|    9|   ap_memory|            vec|         array|
|vec_ce0                 |  out|    1|   ap_memory|            vec|         array|
|vec_q0                  |   in|   64|   ap_memory|            vec|         array|
|out_r_address0          |  out|    9|   ap_memory|          out_r|         array|
|out_r_ce0               |  out|    1|   ap_memory|          out_r|         array|
|out_r_we0               |  out|    1|   ap_memory|          out_r|         array|
|out_r_d0                |  out|   64|   ap_memory|          out_r|         array|
+------------------------+-----+-----+------------+---------------+--------------+

