Thu Apr  3 13:13:47 2025: Running xcd server. This server was built by gradle.
Thu Apr  3 13:13:47 2025: Server was asked to start on port: '42775'
Thu Apr  3 13:13:47 2025: Server is using token UUID: 'ddc748ae-8703-41c6-ab52-5fa3a7b338d1'
Thu Apr  3 13:13:47 2025: SESSION_MGR: creating session with session uuid: '6d04a3e9-ade5-4ab9-8d63-1f78fcd2ec76' and name 'default'
Thu Apr  3 13:13:47 2025: Attempting to start server on port '42775'
Thu Apr  3 13:13:47 2025: XCD main fifo: created main fifo '/tmp/xcdmainddc748ae-8703-41c6-ab52-5fa3a7b338d1', fd read = 13
Thu Apr  3 13:13:47 2025: Running Dispatch Server
Thu Apr  3 13:13:47 2025: Version 2.2.0
Thu Apr  3 13:13:56 2025: Dispatch Server: Accepted socket connection from client
Thu Apr  3 13:13:56 2025: Starting Socket connection
Thu Apr  3 13:13:56 2025: EXCHANGE_TOKEN received, server token: ddc748ae-8703-41c6-ab52-5fa3a7b338d1, passed token: ddc748ae-8703-41c6-ab52-5fa3a7b338d1
Thu Apr  3 13:13:56 2025: SESSION_MGR: creating session with session uuid: 'f8fdec4b-8a89-46aa-b8f2-7d80d098ab7b' and name 'vitis_hls'
Thu Apr  3 13:13:56 2025: KERNEL_SVC: creating session with uuid: 'f8fdec4b-8a89-46aa-b8f2-7d80d098ab7b' and name 'vitis_hls'
Thu Apr  3 13:13:56 2025: GUIDANCE_SMGR: creating guidance session with uuid: 'f8fdec4b-8a89-46aa-b8f2-7d80d098ab7b' and name 'vitis_hls'
Thu Apr  3 13:18:21 2025: STOP_SERVER received, server token: ddc748ae-8703-41c6-ab52-5fa3a7b338d1, passed token: ddc748ae-8703-41c6-ab52-5fa3a7b338d1
Thu Apr  3 13:18:21 2025: Socket received request to stop server.
Thu Apr  3 13:18:21 2025: Dispatch Server: do_await_stop
Thu Apr  3 13:18:21 2025: Dispatch Server: stopping mainFifo_
Thu Apr  3 13:18:21 2025: XCD main fifo: Stopping
Thu Apr  3 13:18:21 2025: XCD main fifo: do_read error code: Operation canceled
Thu Apr  3 13:18:21 2025: XCD main fifo: bytes_transferred: 0
Thu Apr  3 13:18:21 2025: SERVER: destructor for server bound to port 42775
Thu Apr  3 13:18:21 2025: XCD main fifo: Good unlink of /tmp/xcdmainddc748ae-8703-41c6-ab52-5fa3a7b338d1
Thu Apr  3 13:18:21 2025: Server exiting with status 0.
Thu Apr  3 13:18:21 2025: Closing log file.
