

================================================================
== Vitis HLS Report for 'merge_1_Pipeline_merge_label3'
================================================================
* Date:           Wed May  7 15:15:08 2025

* Version:        2022.2.2 (Build 3779808 on Feb 17 2023)
* Project:        hls_prj
* Solution:       solution (Vivado IP Flow Target)
* Product family: virtexuplus
* Target device:  xcu55c-fsvh2892-2L-e


================================================================
== Performance Estimates
================================================================
+ Timing: 
    * Summary: 
    +--------+---------+----------+------------+
    |  Clock |  Target | Estimated| Uncertainty|
    +--------+---------+----------+------------+
    |ap_clk  |  5.00 ns|  3.265 ns|     1.35 ns|
    +--------+---------+----------+------------+

+ Latency: 
    * Summary: 
    +---------+---------+-----------+-----------+-----+------+---------+
    |  Latency (cycles) |   Latency (absolute)  |  Interval  | Pipeline|
    |   min   |   max   |    min    |    max    | min |  max |   Type  |
    +---------+---------+-----------+-----------+-----+------+---------+
    |        3|     2050|  15.000 ns|  10.250 us|    3|  2050|       no|
    +---------+---------+-----------+-----------+-----+------+---------+

    + Detail: 
        * Instance: 
        N/A

        * Loop: 
        +----------------+---------+---------+----------+-----------+-----------+----------+----------+
        |                |  Latency (cycles) | Iteration|  Initiation Interval  |   Trip   |          |
        |    Loop Name   |   min   |   max   |  Latency |  achieved |   target  |   Count  | Pipelined|
        +----------------+---------+---------+----------+-----------+-----------+----------+----------+
        |- merge_label3  |        1|     2048|         2|          1|          1|  1 ~ 2048|       yes|
        +----------------+---------+---------+----------+-----------+-----------+----------+----------+

============================================================
+ Verbose Summary: Synthesis Manager
============================================================
InlineROM: 1
ExposeGlobal: 0
============================================================
+ Verbose Summary: CDFG Model
============================================================
IsTopModel: 0
ResetActiveHigh: 1
IsCombinational: 0
IsDatapathOnly: 0
HasWiredReturn: 1
HasMFsm: 2
HasVarLatency: 1
IsPipeline: 0
IsRtlPipelined: 0
IsInstanceOverlapped: 0
IsDontTouch: 0
HasImplIP: 0
IsGatedGlobalClock: 0

+ Individual pipeline summary: 
  * Pipeline-0: initiation interval (II) = 1, depth = 3


============================================================
+ Verbose Summary: Schedule
============================================================
* Number of FSM states : 3
* Pipeline : 1
  Pipeline-0 : II = 1, D = 3, States = { 1 2 3 }
* Dataflow Pipeline: 0

* FSM state transitions: 
1 --> 2 
2 --> 3 
3 --> 

* FSM state operations: 

State 1 <SV = 0> <Delay = 0.38>
ST_1 : Operation 5 [1/1] (0.00ns)   --->   "%k = alloca i32 1"   --->   Operation 5 'alloca' 'k' <Predicate = true> <Delay = 0.00>
ST_1 : Operation 6 [1/1] (0.00ns)   --->   "%i = alloca i32 1"   --->   Operation 6 'alloca' 'i' <Predicate = true> <Delay = 0.00>
ST_1 : Operation 7 [1/1] (0.00ns)   --->   "%j = alloca i32 1"   --->   Operation 7 'alloca' 'j' <Predicate = true> <Delay = 0.00>
ST_1 : Operation 8 [1/1] (0.00ns)   --->   "%sext_ln12_1_read = read i32 @_ssdm_op_Read.ap_auto.i32, i32 %sext_ln12_1"   --->   Operation 8 'read' 'sext_ln12_1_read' <Predicate = true> <Delay = 0.00>
ST_1 : Operation 9 [1/1] (0.00ns)   --->   "%start_read = read i32 @_ssdm_op_Read.ap_auto.i32, i32 %start_r"   --->   Operation 9 'read' 'start_read' <Predicate = true> <Delay = 0.00>
ST_1 : Operation 10 [1/1] (0.00ns)   --->   "%stop_read = read i32 @_ssdm_op_Read.ap_auto.i32, i32 %stop"   --->   Operation 10 'read' 'stop_read' <Predicate = true> <Delay = 0.00>
ST_1 : Operation 11 [1/1] (0.00ns)   --->   "%sext_ln7_read = read i32 @_ssdm_op_Read.ap_auto.i32, i32 %sext_ln7"   --->   Operation 11 'read' 'sext_ln7_read' <Predicate = true> <Delay = 0.00>
ST_1 : Operation 12 [1/1] (0.00ns)   --->   "%sext_ln12_1_cast = sext i32 %sext_ln12_1_read"   --->   Operation 12 'sext' 'sext_ln12_1_cast' <Predicate = true> <Delay = 0.00>
ST_1 : Operation 13 [1/1] (0.00ns)   --->   "%sext_ln7_cast = sext i32 %sext_ln7_read"   --->   Operation 13 'sext' 'sext_ln7_cast' <Predicate = true> <Delay = 0.00>
ST_1 : Operation 14 [1/1] (0.00ns)   --->   "%specinterface_ln0 = specinterface void @_ssdm_op_SpecInterface, i32 %a, void @empty, i32 0, i32 0, void @empty_0, i32 4294967295, i32 0, void @empty_0, void @empty_0, void @empty_0, i32 0, i32 0, i32 0, i32 0, void @empty_0, void @empty_0, i32 4294967295, i32 0"   --->   Operation 14 'specinterface' 'specinterface_ln0' <Predicate = true> <Delay = 0.00>
ST_1 : Operation 15 [1/1] (0.38ns)   --->   "%store_ln0 = store i32 %stop_read, i32 %j"   --->   Operation 15 'store' 'store_ln0' <Predicate = true> <Delay = 0.38>
ST_1 : Operation 16 [1/1] (0.38ns)   --->   "%store_ln0 = store i32 %start_read, i32 %i"   --->   Operation 16 'store' 'store_ln0' <Predicate = true> <Delay = 0.38>
ST_1 : Operation 17 [1/1] (0.38ns)   --->   "%store_ln0 = store i64 %sext_ln7_cast, i64 %k"   --->   Operation 17 'store' 'store_ln0' <Predicate = true> <Delay = 0.38>
ST_1 : Operation 18 [1/1] (0.00ns)   --->   "%br_ln0 = br void %for.body17"   --->   Operation 18 'br' 'br_ln0' <Predicate = true> <Delay = 0.00>

State 2 <SV = 1> <Delay = 1.53>
ST_2 : Operation 19 [1/1] (0.00ns)   --->   "%k_1 = load i64 %k" [sort.c:28]   --->   Operation 19 'load' 'k_1' <Predicate = true> <Delay = 0.00>
ST_2 : Operation 20 [1/1] (0.00ns)   --->   "%i_3 = load i32 %i" [sort.c:29]   --->   Operation 20 'load' 'i_3' <Predicate = true> <Delay = 0.00>
ST_2 : Operation 21 [1/1] (0.00ns)   --->   "%j_1 = load i32 %j" [sort.c:26]   --->   Operation 21 'load' 'j_1' <Predicate = true> <Delay = 0.00>
ST_2 : Operation 22 [1/1] (0.00ns)   --->   "%specpipeline_ln0 = specpipeline void @_ssdm_op_SpecPipeline, i32 4294967295, i32 0, i32 1, i32 0, void @p_str"   --->   Operation 22 'specpipeline' 'specpipeline_ln0' <Predicate = true> <Delay = 0.00>
ST_2 : Operation 23 [1/1] (1.06ns)   --->   "%icmp_ln20 = icmp_slt  i64 %k_1, i64 %sext_ln12_1_cast" [sort.c:20]   --->   Operation 23 'icmp' 'icmp_ln20' <Predicate = true> <Delay = 1.06> <CoreInst = "Cmp">   --->   Core 9 'Cmp' <Latency = 0> <II = 1> <Delay = 1.06> <FuncUnit> <Opcode : 'icmp'> <InPorts = 2> <OutPorts = 1>
ST_2 : Operation 24 [1/1] (0.00ns)   --->   "%br_ln20 = br i1 %icmp_ln20, void %for.end30.loopexit.exitStub, void %for.body17.split" [sort.c:20]   --->   Operation 24 'br' 'br_ln20' <Predicate = true> <Delay = 0.00>
ST_2 : Operation 25 [1/1] (0.00ns)   --->   "%zext_ln22 = zext i32 %j_1" [sort.c:22]   --->   Operation 25 'zext' 'zext_ln22' <Predicate = (icmp_ln20)> <Delay = 0.00>
ST_2 : Operation 26 [1/1] (0.00ns)   --->   "%temp_addr = getelementptr i32 %temp, i64 0, i64 %zext_ln22" [sort.c:22]   --->   Operation 26 'getelementptr' 'temp_addr' <Predicate = (icmp_ln20)> <Delay = 0.00>
ST_2 : Operation 27 [2/2] (1.20ns)   --->   "%tmp_j = load i11 %temp_addr" [sort.c:22]   --->   Operation 27 'load' 'tmp_j' <Predicate = (icmp_ln20)> <Delay = 1.20> <CoreInst = "RAM">   --->   Core 83 'RAM' <Latency = 1> <II = 1> <Delay = 1.20> <Storage> <Opcode : 'load' 'store'> <Ports = 2> <Width = 32> <Depth = 2048> <RAM>
ST_2 : Operation 28 [1/1] (0.00ns)   --->   "%zext_ln23 = zext i32 %i_3" [sort.c:23]   --->   Operation 28 'zext' 'zext_ln23' <Predicate = (icmp_ln20)> <Delay = 0.00>
ST_2 : Operation 29 [1/1] (0.00ns)   --->   "%temp_addr_1 = getelementptr i32 %temp, i64 0, i64 %zext_ln23" [sort.c:23]   --->   Operation 29 'getelementptr' 'temp_addr_1' <Predicate = (icmp_ln20)> <Delay = 0.00>
ST_2 : Operation 30 [2/2] (1.20ns)   --->   "%tmp_i = load i11 %temp_addr_1" [sort.c:23]   --->   Operation 30 'load' 'tmp_i' <Predicate = (icmp_ln20)> <Delay = 1.20> <CoreInst = "RAM">   --->   Core 83 'RAM' <Latency = 1> <II = 1> <Delay = 1.20> <Storage> <Opcode : 'load' 'store'> <Ports = 2> <Width = 32> <Depth = 2048> <RAM>
ST_2 : Operation 31 [1/1] (0.00ns)   --->   "%trunc_ln28 = trunc i64 %k_1" [sort.c:28]   --->   Operation 31 'trunc' 'trunc_ln28' <Predicate = (icmp_ln20)> <Delay = 0.00>
ST_2 : Operation 32 [1/1] (1.14ns)   --->   "%add_ln20 = add i64 %k_1, i64 1" [sort.c:20]   --->   Operation 32 'add' 'add_ln20' <Predicate = (icmp_ln20)> <Delay = 1.14> <CoreInst = "Adder">   --->   Core 1 'Adder' <Latency = 0> <II = 1> <Delay = 1.14> <FuncUnit> <Opcode : 'add' 'sub'> <InPorts = 2> <OutPorts = 1>
ST_2 : Operation 33 [1/1] (0.38ns)   --->   "%store_ln20 = store i64 %add_ln20, i64 %k" [sort.c:20]   --->   Operation 33 'store' 'store_ln20' <Predicate = (icmp_ln20)> <Delay = 0.38>
ST_2 : Operation 34 [1/1] (0.00ns)   --->   "%br_ln20 = br void %for.body17" [sort.c:20]   --->   Operation 34 'br' 'br_ln20' <Predicate = (icmp_ln20)> <Delay = 0.00>
ST_2 : Operation 51 [1/1] (0.00ns)   --->   "%ret_ln0 = ret"   --->   Operation 51 'ret' 'ret_ln0' <Predicate = (!icmp_ln20)> <Delay = 0.00>

State 3 <SV = 2> <Delay = 3.26>
ST_3 : Operation 35 [1/1] (0.00ns)   --->   "%speclooptripcount_ln21 = speclooptripcount void @_ssdm_op_SpecLoopTripCount, i64 1, i64 2048, i64 1536" [sort.c:21]   --->   Operation 35 'speclooptripcount' 'speclooptripcount_ln21' <Predicate = true> <Delay = 0.00>
ST_3 : Operation 36 [1/1] (0.00ns)   --->   "%specloopname_ln5 = specloopname void @_ssdm_op_SpecLoopName, void @empty_4" [sort.c:5]   --->   Operation 36 'specloopname' 'specloopname_ln5' <Predicate = true> <Delay = 0.00>
ST_3 : Operation 37 [1/2] (1.20ns)   --->   "%tmp_j = load i11 %temp_addr" [sort.c:22]   --->   Operation 37 'load' 'tmp_j' <Predicate = true> <Delay = 1.20> <CoreInst = "RAM">   --->   Core 83 'RAM' <Latency = 1> <II = 1> <Delay = 1.20> <Storage> <Opcode : 'load' 'store'> <Ports = 2> <Width = 32> <Depth = 2048> <RAM>
ST_3 : Operation 38 [1/2] (1.20ns)   --->   "%tmp_i = load i11 %temp_addr_1" [sort.c:23]   --->   Operation 38 'load' 'tmp_i' <Predicate = true> <Delay = 1.20> <CoreInst = "RAM">   --->   Core 83 'RAM' <Latency = 1> <II = 1> <Delay = 1.20> <Storage> <Opcode : 'load' 'store'> <Ports = 2> <Width = 32> <Depth = 2048> <RAM>
ST_3 : Operation 39 [1/1] (0.85ns)   --->   "%icmp_ln24 = icmp_slt  i32 %tmp_j, i32 %tmp_i" [sort.c:24]   --->   Operation 39 'icmp' 'icmp_ln24' <Predicate = true> <Delay = 0.85> <CoreInst = "Cmp">   --->   Core 9 'Cmp' <Latency = 0> <II = 1> <Delay = 0.85> <FuncUnit> <Opcode : 'icmp'> <InPorts = 2> <OutPorts = 1>
ST_3 : Operation 40 [1/1] (0.00ns)   --->   "%zext_ln28 = zext i11 %trunc_ln28" [sort.c:28]   --->   Operation 40 'zext' 'zext_ln28' <Predicate = true> <Delay = 0.00>
ST_3 : Operation 41 [1/1] (0.00ns)   --->   "%a_addr = getelementptr i32 %a, i64 0, i64 %zext_ln28" [sort.c:28]   --->   Operation 41 'getelementptr' 'a_addr' <Predicate = true> <Delay = 0.00>
ST_3 : Operation 42 [1/1] (0.00ns)   --->   "%br_ln24 = br i1 %icmp_ln24, void %if.else, void %if.then" [sort.c:24]   --->   Operation 42 'br' 'br_ln24' <Predicate = true> <Delay = 0.00>
ST_3 : Operation 43 [1/1] (1.20ns)   --->   "%store_ln28 = store i32 %tmp_i, i11 %a_addr" [sort.c:28]   --->   Operation 43 'store' 'store_ln28' <Predicate = (!icmp_ln24)> <Delay = 1.20> <CoreInst = "RAM">   --->   Core 83 'RAM' <Latency = 1> <II = 1> <Delay = 1.20> <Storage> <Opcode : 'load' 'store'> <Ports = 2> <Width = 32> <Depth = 2048> <RAM>
ST_3 : Operation 44 [1/1] (0.88ns)   --->   "%i_4 = add i32 %i_3, i32 1" [sort.c:29]   --->   Operation 44 'add' 'i_4' <Predicate = (!icmp_ln24)> <Delay = 0.88> <CoreInst = "Adder">   --->   Core 1 'Adder' <Latency = 0> <II = 1> <Delay = 0.88> <FuncUnit> <Opcode : 'add' 'sub'> <InPorts = 2> <OutPorts = 1>
ST_3 : Operation 45 [1/1] (0.38ns)   --->   "%store_ln29 = store i32 %i_4, i32 %i" [sort.c:29]   --->   Operation 45 'store' 'store_ln29' <Predicate = (!icmp_ln24)> <Delay = 0.38>
ST_3 : Operation 46 [1/1] (0.00ns)   --->   "%br_ln0 = br void %for.inc28"   --->   Operation 46 'br' 'br_ln0' <Predicate = (!icmp_ln24)> <Delay = 0.00>
ST_3 : Operation 47 [1/1] (1.20ns)   --->   "%store_ln25 = store i32 %tmp_j, i11 %a_addr" [sort.c:25]   --->   Operation 47 'store' 'store_ln25' <Predicate = (icmp_ln24)> <Delay = 1.20> <CoreInst = "RAM">   --->   Core 83 'RAM' <Latency = 1> <II = 1> <Delay = 1.20> <Storage> <Opcode : 'load' 'store'> <Ports = 2> <Width = 32> <Depth = 2048> <RAM>
ST_3 : Operation 48 [1/1] (0.88ns)   --->   "%j_2 = add i32 %j_1, i32 4294967295" [sort.c:26]   --->   Operation 48 'add' 'j_2' <Predicate = (icmp_ln24)> <Delay = 0.88> <CoreInst = "Adder">   --->   Core 1 'Adder' <Latency = 0> <II = 1> <Delay = 0.88> <FuncUnit> <Opcode : 'add' 'sub'> <InPorts = 2> <OutPorts = 1>
ST_3 : Operation 49 [1/1] (0.38ns)   --->   "%store_ln27 = store i32 %j_2, i32 %j" [sort.c:27]   --->   Operation 49 'store' 'store_ln27' <Predicate = (icmp_ln24)> <Delay = 0.38>
ST_3 : Operation 50 [1/1] (0.00ns)   --->   "%br_ln27 = br void %for.inc28" [sort.c:27]   --->   Operation 50 'br' 'br_ln27' <Predicate = (icmp_ln24)> <Delay = 0.00>


============================================================
+ Verbose Summary: Timing violations
============================================================
Target clock period: 5ns, clock uncertainty: 1.35ns.

 <State 1>: 0.387ns
The critical path consists of the following:
	'alloca' operation ('j') [9]  (0 ns)
	'store' operation ('store_ln0') of variable 'stop_read' on local variable 'j' [17]  (0.387 ns)

 <State 2>: 1.53ns
The critical path consists of the following:
	'load' operation ('k', sort.c:28) on local variable 'k' [22]  (0 ns)
	'add' operation ('add_ln20', sort.c:20) [53]  (1.15 ns)
	'store' operation ('store_ln20', sort.c:20) of variable 'add_ln20', sort.c:20 on local variable 'k' [54]  (0.387 ns)

 <State 3>: 3.27ns
The critical path consists of the following:
	'load' operation ('tmp_j', sort.c:22) on array 'temp' [33]  (1.2 ns)
	'store' operation ('store_ln25', sort.c:25) of variable 'tmp_j', sort.c:22 on array 'a' [48]  (1.2 ns)
	blocking operation 0.859 ns on control path)


============================================================
+ Verbose Summary: Binding
============================================================
N/A
* FSMD analyzer results:
  - Output states:
 - Input state : 
  - Chain level:
	State 1
	State 2
	State 3


============================================================
+ Verbose Summary: Datapath Resource usage 
============================================================
N/A
