

================================================================
== Vitis HLS Report for 'ms_mergesort'
================================================================
* Date:           Wed May  7 15:15:08 2025

* Version:        2022.2.2 (Build 3779808 on Feb 17 2023)
* Project:        hls_prj
* Solution:       solution (Vivado IP Flow Target)
* Product family: virtexuplus
* Target device:  xcu55c-fsvh2892-2L-e


================================================================
== Performance Estimates
================================================================
+ Timing: 
    * Summary: 
    +--------+---------+----------+------------+
    |  Clock |  Target | Estimated| Uncertainty|
    +--------+---------+----------+------------+
    |ap_clk  |  5.00 ns|  3.265 ns|     1.35 ns|
    +--------+---------+----------+------------+

+ Latency: 
    * Summary: 
    +---------+----------+----------+-----------+-----+----------+---------+
    |  Latency (cycles)  |  Latency (absolute)  |    Interval    | Pipeline|
    |   min   |    max   |    min   |    max    | min |    max   |   Type  |
    +---------+----------+----------+-----------+-----+----------+---------+
    |      210|  69363735|  1.050 us|  0.347 sec|  211|  69363736|       no|
    +---------+----------+----------+-----------+-----+----------+---------+

    + Detail: 
        * Instance: 
        N/A

        * Loop: 
        +---------------------+---------+----------+--------------+-----------+-----------+----------+----------+
        |                     |  Latency (cycles)  |   Iteration  |  Initiation Interval  |   Trip   |          |
        |      Loop Name      |   min   |    max   |    Latency   |  achieved |   target  |   Count  | Pipelined|
        +---------------------+---------+----------+--------------+-----------+-----------+----------+----------+
        |- mergesort_label1   |      209|  69363734|  19 ~ 6305794|          -|          -|        11|        no|
        | + mergesort_label2  |       17|   6305792|     17 ~ 6158|          -|          -|  1 ~ 1024|        no|
        +---------------------+---------+----------+--------------+-----------+-----------+----------+----------+

============================================================
+ Verbose Summary: Synthesis Manager
============================================================
InlineROM: 1
ExposeGlobal: 0
============================================================
+ Verbose Summary: CDFG Model
============================================================
IsTopModel: 1
ResetActiveHigh: 1
IsCombinational: 0
IsDatapathOnly: 0
HasWiredReturn: 1
HasMFsm: 0
HasVarLatency: 1
IsPipeline: 0
IsRtlPipelined: 0
IsInstanceOverlapped: 0
IsDontTouch: 0
HasImplIP: 0
IsGatedGlobalClock: 0


============================================================
+ Verbose Summary: Schedule
============================================================
* Number of FSM states : 6
* Pipeline : 0
* Dataflow Pipeline: 0

* FSM state transitions: 
1 --> 2 
2 --> 3 
3 --> 4 6 2 
4 --> 5 
5 --> 3 
6 --> 5 

* FSM state operations: 

State 1 <SV = 0> <Delay = 0.38>
ST_1 : Operation 7 [1/1] (0.00ns)   --->   "%m = alloca i32 1"   --->   Operation 7 'alloca' 'm' <Predicate = true> <Delay = 0.00>
ST_1 : Operation 8 [1/1] (0.00ns)   --->   "%spectopmodule_ln34 = spectopmodule void @_ssdm_op_SpecTopModule, void @empty_1" [sort.c:34]   --->   Operation 8 'spectopmodule' 'spectopmodule_ln34' <Predicate = true> <Delay = 0.00>
ST_1 : Operation 9 [1/1] (0.00ns)   --->   "%specinterface_ln0 = specinterface void @_ssdm_op_SpecInterface, i32 %a, void @empty, i32 0, i32 0, void @empty_0, i32 4294967295, i32 0, void @empty_0, void @empty_0, void @empty_0, i32 0, i32 0, i32 0, i32 0, void @empty_0, void @empty_0, i32 4294967295, i32 0"   --->   Operation 9 'specinterface' 'specinterface_ln0' <Predicate = true> <Delay = 0.00>
ST_1 : Operation 10 [1/1] (0.00ns)   --->   "%specbitsmap_ln0 = specbitsmap void @_ssdm_op_SpecBitsMap, i32 %a"   --->   Operation 10 'specbitsmap' 'specbitsmap_ln0' <Predicate = true> <Delay = 0.00>
ST_1 : Operation 11 [1/1] (0.38ns)   --->   "%store_ln41 = store i32 1, i32 %m" [sort.c:41]   --->   Operation 11 'store' 'store_ln41' <Predicate = true> <Delay = 0.38>
ST_1 : Operation 12 [1/1] (0.00ns)   --->   "%br_ln41 = br void %for.cond" [sort.c:41]   --->   Operation 12 'br' 'br_ln41' <Predicate = true> <Delay = 0.00>

State 2 <SV = 1> <Delay = 0.73>
ST_2 : Operation 13 [1/1] (0.00ns)   --->   "%m_1 = load i32 %m"   --->   Operation 13 'load' 'm_1' <Predicate = true> <Delay = 0.00>
ST_2 : Operation 14 [1/1] (0.00ns)   --->   "%tmp = partselect i21 @_ssdm_op_PartSelect.i21.i32.i32.i32, i32 %m_1, i32 11, i32 31" [sort.c:41]   --->   Operation 14 'partselect' 'tmp' <Predicate = true> <Delay = 0.00>
ST_2 : Operation 15 [1/1] (0.73ns)   --->   "%icmp_ln41 = icmp_slt  i21 %tmp, i21 1" [sort.c:41]   --->   Operation 15 'icmp' 'icmp_ln41' <Predicate = true> <Delay = 0.73> <CoreInst = "Cmp">   --->   Core 9 'Cmp' <Latency = 0> <II = 1> <Delay = 0.73> <FuncUnit> <Opcode : 'icmp'> <InPorts = 2> <OutPorts = 1>
ST_2 : Operation 16 [1/1] (0.00ns)   --->   "%speclooptripcount_ln0 = speclooptripcount void @_ssdm_op_SpecLoopTripCount, i64 11, i64 11, i64 11"   --->   Operation 16 'speclooptripcount' 'speclooptripcount_ln0' <Predicate = true> <Delay = 0.00>
ST_2 : Operation 17 [1/1] (0.00ns)   --->   "%br_ln41 = br i1 %icmp_ln41, void %for.end13, void %mergesort_label2" [sort.c:41]   --->   Operation 17 'br' 'br_ln41' <Predicate = true> <Delay = 0.00>
ST_2 : Operation 18 [1/1] (0.00ns)   --->   "%specloopname_ln36 = specloopname void @_ssdm_op_SpecLoopName, void @empty_3" [sort.c:36]   --->   Operation 18 'specloopname' 'specloopname_ln36' <Predicate = (icmp_ln41)> <Delay = 0.00>
ST_2 : Operation 19 [1/1] (0.00ns)   --->   "%m_2 = shl i32 %m_1, i32 1"   --->   Operation 19 'shl' 'm_2' <Predicate = (icmp_ln41)> <Delay = 0.00>
ST_2 : Operation 20 [1/1] (0.38ns)   --->   "%br_ln43 = br void %for.cond1" [sort.c:43]   --->   Operation 20 'br' 'br_ln43' <Predicate = (icmp_ln41)> <Delay = 0.38>
ST_2 : Operation 21 [1/1] (0.00ns)   --->   "%ret_ln56 = ret" [sort.c:56]   --->   Operation 21 'ret' 'ret_ln56' <Predicate = (!icmp_ln41)> <Delay = 0.00>

State 3 <SV = 2> <Delay = 2.34>
ST_3 : Operation 22 [1/1] (0.00ns)   --->   "%i_2 = phi i32 0, void %mergesort_label2, i32 %i, void %for.inc"   --->   Operation 22 'phi' 'i_2' <Predicate = true> <Delay = 0.00>
ST_3 : Operation 23 [1/1] (0.00ns)   --->   "%tmp_1 = partselect i21 @_ssdm_op_PartSelect.i21.i32.i32.i32, i32 %i_2, i32 11, i32 31" [sort.c:43]   --->   Operation 23 'partselect' 'tmp_1' <Predicate = true> <Delay = 0.00>
ST_3 : Operation 24 [1/1] (0.73ns)   --->   "%icmp_ln43 = icmp_slt  i21 %tmp_1, i21 1" [sort.c:43]   --->   Operation 24 'icmp' 'icmp_ln43' <Predicate = true> <Delay = 0.73> <CoreInst = "Cmp">   --->   Core 9 'Cmp' <Latency = 0> <II = 1> <Delay = 0.73> <FuncUnit> <Opcode : 'icmp'> <InPorts = 2> <OutPorts = 1>
ST_3 : Operation 25 [1/1] (0.00ns)   --->   "%br_ln43 = br i1 %icmp_ln43, void %for.inc11, void %for.body3" [sort.c:43]   --->   Operation 25 'br' 'br_ln43' <Predicate = true> <Delay = 0.00>
ST_3 : Operation 26 [1/1] (0.00ns)   --->   "%speclooptripcount_ln44 = speclooptripcount void @_ssdm_op_SpecLoopTripCount, i64 1, i64 1024, i64 512" [sort.c:44]   --->   Operation 26 'speclooptripcount' 'speclooptripcount_ln44' <Predicate = (icmp_ln43)> <Delay = 0.00>
ST_3 : Operation 27 [1/1] (0.00ns)   --->   "%specloopname_ln36 = specloopname void @_ssdm_op_SpecLoopName, void @empty_2" [sort.c:36]   --->   Operation 27 'specloopname' 'specloopname_ln36' <Predicate = (icmp_ln43)> <Delay = 0.00>
ST_3 : Operation 28 [1/1] (0.00ns) (grouped into TernaryAdder)   --->   "%add_ln46 = add i32 %i_2, i32 %m_1" [sort.c:46]   --->   Operation 28 'add' 'add_ln46' <Predicate = (icmp_ln43)> <Delay = 0.00> <CoreInst = "TAddSub">   --->   Core 10 'TAddSub' <Latency = 0> <II = 1> <Delay = 0.36> <IPBlock> <Opcode : 'add' 'sub'> <InPorts = 3> <OutPorts = 1> <Sync> <CReg>
ST_3 : Operation 29 [1/1] (0.73ns) (root node of TernaryAdder)   --->   "%mid = add i32 %add_ln46, i32 4294967295" [sort.c:46]   --->   Operation 29 'add' 'mid' <Predicate = (icmp_ln43)> <Delay = 0.73> <CoreInst = "TAddSub">   --->   Core 10 'TAddSub' <Latency = 0> <II = 1> <Delay = 0.36> <IPBlock> <Opcode : 'add' 'sub'> <InPorts = 3> <OutPorts = 1> <Sync> <CReg>
ST_3 : Operation 30 [1/1] (0.88ns)   --->   "%to = add i32 %mid, i32 %m_1" [sort.c:47]   --->   Operation 30 'add' 'to' <Predicate = (icmp_ln43)> <Delay = 0.88> <CoreInst = "Adder">   --->   Core 1 'Adder' <Latency = 0> <II = 1> <Delay = 0.88> <FuncUnit> <Opcode : 'add' 'sub'> <InPorts = 2> <OutPorts = 1>
ST_3 : Operation 31 [1/1] (0.00ns)   --->   "%tmp_2 = partselect i21 @_ssdm_op_PartSelect.i21.i32.i32.i32, i32 %to, i32 11, i32 31" [sort.c:48]   --->   Operation 31 'partselect' 'tmp_2' <Predicate = (icmp_ln43)> <Delay = 0.00>
ST_3 : Operation 32 [1/1] (0.73ns)   --->   "%icmp_ln48 = icmp_slt  i21 %tmp_2, i21 1" [sort.c:48]   --->   Operation 32 'icmp' 'icmp_ln48' <Predicate = (icmp_ln43)> <Delay = 0.73> <CoreInst = "Cmp">   --->   Core 9 'Cmp' <Latency = 0> <II = 1> <Delay = 0.73> <FuncUnit> <Opcode : 'icmp'> <InPorts = 2> <OutPorts = 1>
ST_3 : Operation 33 [1/1] (0.00ns)   --->   "%br_ln48 = br i1 %icmp_ln48, void %if.else, void %if.then" [sort.c:48]   --->   Operation 33 'br' 'br_ln48' <Predicate = (icmp_ln43)> <Delay = 0.00>
ST_3 : Operation 34 [1/1] (0.38ns)   --->   "%store_ln41 = store i32 %m_2, i32 %m" [sort.c:41]   --->   Operation 34 'store' 'store_ln41' <Predicate = (!icmp_ln43)> <Delay = 0.38>
ST_3 : Operation 35 [1/1] (0.00ns)   --->   "%br_ln41 = br void %for.cond" [sort.c:41]   --->   Operation 35 'br' 'br_ln41' <Predicate = (!icmp_ln43)> <Delay = 0.00>

State 4 <SV = 3> <Delay = 2.53>
ST_4 : Operation 36 [2/2] (2.53ns)   --->   "%call_ln52 = call void @merge.1, i32 %a, i32 %i_2, i32 %mid, i32 2048" [sort.c:52]   --->   Operation 36 'call' 'call_ln52' <Predicate = true> <Delay = 2.53> <CoreType = "Generic">   --->   Core 0 '' <Latency = 0> <II = 1> <Delay = 1.00> <Generic> <Opcode : >

State 5 <SV = 4> <Delay = 0.88>
ST_5 : Operation 37 [1/2] (0.00ns)   --->   "%call_ln52 = call void @merge.1, i32 %a, i32 %i_2, i32 %mid, i32 2048" [sort.c:52]   --->   Operation 37 'call' 'call_ln52' <Predicate = (!icmp_ln48)> <Delay = 0.00> <CoreType = "Generic">   --->   Core 0 '' <Latency = 0> <II = 1> <Delay = 1.00> <Generic> <Opcode : >
ST_5 : Operation 38 [1/1] (0.00ns)   --->   "%br_ln0 = br void %for.inc"   --->   Operation 38 'br' 'br_ln0' <Predicate = (!icmp_ln48)> <Delay = 0.00>
ST_5 : Operation 39 [1/2] (0.00ns)   --->   "%call_ln49 = call void @merge.1, i32 %a, i32 %i_2, i32 %mid, i32 %to" [sort.c:49]   --->   Operation 39 'call' 'call_ln49' <Predicate = (icmp_ln48)> <Delay = 0.00> <CoreType = "Generic">   --->   Core 0 '' <Latency = 0> <II = 1> <Delay = 1.00> <Generic> <Opcode : >
ST_5 : Operation 40 [1/1] (0.00ns)   --->   "%br_ln50 = br void %for.inc" [sort.c:50]   --->   Operation 40 'br' 'br_ln50' <Predicate = (icmp_ln48)> <Delay = 0.00>
ST_5 : Operation 41 [1/1] (0.88ns)   --->   "%i = add i32 %m_2, i32 %i_2" [sort.c:43]   --->   Operation 41 'add' 'i' <Predicate = true> <Delay = 0.88> <CoreInst = "Adder">   --->   Core 1 'Adder' <Latency = 0> <II = 1> <Delay = 0.88> <FuncUnit> <Opcode : 'add' 'sub'> <InPorts = 2> <OutPorts = 1>
ST_5 : Operation 42 [1/1] (0.00ns)   --->   "%br_ln43 = br void %for.cond1" [sort.c:43]   --->   Operation 42 'br' 'br_ln43' <Predicate = true> <Delay = 0.00>

State 6 <SV = 3> <Delay = 2.53>
ST_6 : Operation 43 [2/2] (2.53ns)   --->   "%call_ln49 = call void @merge.1, i32 %a, i32 %i_2, i32 %mid, i32 %to" [sort.c:49]   --->   Operation 43 'call' 'call_ln49' <Predicate = true> <Delay = 2.53> <CoreType = "Generic">   --->   Core 0 '' <Latency = 0> <II = 1> <Delay = 1.00> <Generic> <Opcode : >


============================================================
+ Verbose Summary: Timing violations
============================================================
Target clock period: 5ns, clock uncertainty: 1.35ns.

 <State 1>: 0.387ns
The critical path consists of the following:
	'alloca' operation ('m') [2]  (0 ns)
	'store' operation ('store_ln41', sort.c:41) of constant 1 on local variable 'm' [6]  (0.387 ns)

 <State 2>: 0.733ns
The critical path consists of the following:
	'load' operation ('m') on local variable 'm' [9]  (0 ns)
	'icmp' operation ('icmp_ln41', sort.c:41) [11]  (0.733 ns)

 <State 3>: 2.34ns
The critical path consists of the following:
	'phi' operation ('i') with incoming values : ('i', sort.c:43) [19]  (0 ns)
	'add' operation ('add_ln46', sort.c:46) [26]  (0 ns)
	'add' operation ('mid', sort.c:46) [27]  (0.731 ns)
	'add' operation ('to', sort.c:47) [28]  (0.88 ns)
	'icmp' operation ('icmp_ln48', sort.c:48) [30]  (0.733 ns)

 <State 4>: 2.54ns
The critical path consists of the following:
	'call' operation ('call_ln52', sort.c:52) to 'merge.1' [33]  (2.54 ns)

 <State 5>: 0.88ns
The critical path consists of the following:
	'add' operation ('i', sort.c:43) [39]  (0.88 ns)

 <State 6>: 2.54ns
The critical path consists of the following:
	'call' operation ('call_ln49', sort.c:49) to 'merge.1' [36]  (2.54 ns)


============================================================
+ Verbose Summary: Binding
============================================================
N/A
* FSMD analyzer results:
  - Output states:
 - Input state : 
  - Chain level:
	State 1
	State 2
	State 3
	State 4
	State 5
	State 6


============================================================
+ Verbose Summary: Datapath Resource usage 
============================================================
N/A
