Sat Apr  5 07:02:35 2025: Running xcd server. This server was built by gradle.
Sat Apr  5 07:02:35 2025: Server was asked to start on port: '45371'
Sat Apr  5 07:02:35 2025: Server is using token UUID: '5f18a8c1-6c22-4768-8098-941306beca63'
Sat Apr  5 07:02:35 2025: SESSION_MGR: creating session with session uuid: '6d04a3e9-ade5-4ab9-8d63-1f78fcd2ec76' and name 'default'
Sat Apr  5 07:02:35 2025: Attempting to start server on port '45371'
Sat Apr  5 07:02:35 2025: XCD main fifo: created main fifo '/tmp/xcdmain5f18a8c1-6c22-4768-8098-941306beca63', fd read = 13
Sat Apr  5 07:02:35 2025: Running Dispatch Server
Sat Apr  5 07:02:35 2025: Version 2.2.0
Sat Apr  5 07:02:44 2025: Dispatch Server: Accepted socket connection from client
Sat Apr  5 07:02:44 2025: Starting Socket connection
Sat Apr  5 07:02:44 2025: EXCHANGE_TOKEN received, server token: 5f18a8c1-6c22-4768-8098-941306beca63, passed token: 5f18a8c1-6c22-4768-8098-941306beca63
Sat Apr  5 07:02:44 2025: SESSION_MGR: creating session with session uuid: '36ac48f6-afe8-446f-afc9-5ce88545b8fc' and name 'vitis_hls'
Sat Apr  5 07:02:44 2025: KERNEL_SVC: creating session with uuid: '36ac48f6-afe8-446f-afc9-5ce88545b8fc' and name 'vitis_hls'
Sat Apr  5 07:02:44 2025: GUIDANCE_SMGR: creating guidance session with uuid: '36ac48f6-afe8-446f-afc9-5ce88545b8fc' and name 'vitis_hls'
Sat Apr  5 07:22:58 2025: STOP_SERVER received, server token: 5f18a8c1-6c22-4768-8098-941306beca63, passed token: 5f18a8c1-6c22-4768-8098-941306beca63
Sat Apr  5 07:22:58 2025: Socket received request to stop server.
Sat Apr  5 07:22:58 2025: Dispatch Server: do_await_stop
Sat Apr  5 07:22:58 2025: Dispatch Server: stopping mainFifo_
Sat Apr  5 07:22:58 2025: XCD main fifo: Stopping
Sat Apr  5 07:22:58 2025: XCD main fifo: do_read error code: Operation canceled
Sat Apr  5 07:22:58 2025: XCD main fifo: bytes_transferred: 0
Sat Apr  5 07:22:58 2025: SERVER: destructor for server bound to port 45371
Sat Apr  5 07:22:58 2025: XCD main fifo: Good unlink of /tmp/xcdmain5f18a8c1-6c22-4768-8098-941306beca63
Sat Apr  5 07:22:58 2025: Server exiting with status 0.
Sat Apr  5 07:22:58 2025: Closing log file.
